2025-08-26T03:24:11Z - INFO - [Pipeline::__init__] Loaded news dataframe with columns=['title', 'date', 'stock'] shape=(1277896, 3).
2025-08-26T03:24:11Z - INFO - [SentimentGenerator::_load] Loaded precomputed sentiment from /home/tbfs/Projects/finBert/output/20250823-140342/sentiment_daily.csv
2025-08-26T03:24:11Z - INFO - [train] Training predictor for ticker: EBAY
2025-08-26T03:24:12Z - INFO - [train] Loaded prices for EBAY with columns=['date', 'open', 'high', 'low', 'close', 'adj close', 'volume'] shape=(2516, 7).
2025-08-26T03:24:12Z - INFO - [SequenceDataset::__init__] len(self.valid_indices)=716 out of len(df)=2515 samples are valid for lookback=60 with sentiment_col=SentimentScore
2025-08-26T03:24:12Z - INFO - [SequenceDataset::__init__] len(self.valid_indices)=80 out of len(df)=2515 samples are valid for lookback=60 with sentiment_col=SentimentScore
2025-08-26T03:24:12Z - INFO - [SequenceDataset::__init__] len(self.valid_indices)=89 out of len(df)=2515 samples are valid for lookback=60 with sentiment_col=SentimentScore
2025-08-26T03:24:13Z - INFO - [train_model] Epoch 001 | train (scaled) MSE: mean=0.041923 med=0.002743 std=0.104788 min=0.000000 max=1.006016 | val (scaled) MSE: mean=0.003077 med=0.001063 std=0.005863 min=0.000000 max=0.031885
2025-08-26T03:24:13Z - INFO - [train_model] Epoch 001 | train (price) MSE=0.002768 MAE=0.030093 RMSE=0.052611 | val (price) MSE=0.000203 MAE=0.010318 RMSE=0.014253
2025-08-26T03:24:13Z - INFO - [train_model] New best (price) val MSE=0.000203 at epoch 1; saved → /home/tbfs/Projects/finBert/output/20250825-232406/saved_weights/EBAY/EBAY_best-epoch001.pt
2025-08-26T03:24:14Z - INFO - [train_model] Epoch 002 | train (scaled) MSE: mean=0.009153 med=0.002216 std=0.025706 min=0.000000 max=0.236485 | val (scaled) MSE: mean=0.002948 med=0.000980 std=0.005742 min=0.000000 max=0.032216
2025-08-26T03:24:14Z - INFO - [train_model] Epoch 002 | train (price) MSE=0.000604 MAE=0.016764 RMSE=0.024583 | val (price) MSE=0.000195 MAE=0.010163 RMSE=0.013952
2025-08-26T03:24:14Z - INFO - [train_model] New best (price) val MSE=0.000195 at epoch 2; saved → /home/tbfs/Projects/finBert/output/20250825-232406/saved_weights/EBAY/EBAY_best-epoch002.pt
2025-08-26T03:24:15Z - INFO - [train_model] Epoch 003 | train (scaled) MSE: mean=0.007120 med=0.002013 std=0.020381 min=0.000000 max=0.234139 | val (scaled) MSE: mean=0.002908 med=0.000884 std=0.005775 min=0.000000 max=0.032916
2025-08-26T03:24:15Z - INFO - [train_model] Epoch 003 | train (price) MSE=0.000470 MAE=0.015199 RMSE=0.021682 | val (price) MSE=0.000192 MAE=0.010125 RMSE=0.013856
2025-08-26T03:24:15Z - INFO - [train_model] New best (price) val MSE=0.000192 at epoch 3; saved → /home/tbfs/Projects/finBert/output/20250825-232406/saved_weights/EBAY/EBAY_best-epoch003.pt
2025-08-26T03:24:16Z - INFO - [train_model] Epoch 004 | train (scaled) MSE: mean=0.006154 med=0.001722 std=0.018335 min=0.000000 max=0.227130 | val (scaled) MSE: mean=0.002855 med=0.000908 std=0.005790 min=0.000000 max=0.033207
2025-08-26T03:24:16Z - INFO - [train_model] Epoch 004 | train (price) MSE=0.000406 MAE=0.014153 RMSE=0.020156 | val (price) MSE=0.000188 MAE=0.010031 RMSE=0.013729
2025-08-26T03:24:16Z - INFO - [train_model] New best (price) val MSE=0.000188 at epoch 4; saved → /home/tbfs/Projects/finBert/output/20250825-232406/saved_weights/EBAY/EBAY_best-epoch004.pt
2025-08-26T03:24:17Z - INFO - [train_model] Epoch 005 | train (scaled) MSE: mean=0.005534 med=0.001604 std=0.017461 min=0.000000 max=0.233482 | val (scaled) MSE: mean=0.002853 med=0.000923 std=0.005875 min=0.000000 max=0.033674
2025-08-26T03:24:17Z - INFO - [train_model] Epoch 005 | train (price) MSE=0.000365 MAE=0.013368 RMSE=0.019114 | val (price) MSE=0.000188 MAE=0.010007 RMSE=0.013725
2025-08-26T03:24:17Z - INFO - [train_model] New best (price) val MSE=0.000188 at epoch 5; saved → /home/tbfs/Projects/finBert/output/20250825-232406/saved_weights/EBAY/EBAY_best-epoch005.pt
2025-08-26T03:24:18Z - INFO - [train_model] Epoch 006 | train (scaled) MSE: mean=0.005310 med=0.001482 std=0.017421 min=0.000000 max=0.237317 | val (scaled) MSE: mean=0.002809 med=0.000798 std=0.005858 min=0.000001 max=0.033539
2025-08-26T03:24:18Z - INFO - [train_model] Epoch 006 | train (price) MSE=0.000351 MAE=0.012997 RMSE=0.018723 | val (price) MSE=0.000185 MAE=0.009924 RMSE=0.013619
2025-08-26T03:24:18Z - INFO - [train_model] New best (price) val MSE=0.000185 at epoch 6; saved → /home/tbfs/Projects/finBert/output/20250825-232406/saved_weights/EBAY/EBAY_best-epoch006.pt
2025-08-26T03:24:19Z - INFO - [train_model] Epoch 007 | train (scaled) MSE: mean=0.005153 med=0.001433 std=0.017268 min=0.000000 max=0.240689 | val (scaled) MSE: mean=0.002845 med=0.000760 std=0.005973 min=0.000002 max=0.034165
2025-08-26T03:24:19Z - INFO - [train_model] Epoch 007 | train (price) MSE=0.000340 MAE=0.012797 RMSE=0.018445 | val (price) MSE=0.000188 MAE=0.009960 RMSE=0.013705
2025-08-26T03:24:20Z - INFO - [train_model] Epoch 008 | train (scaled) MSE: mean=0.005109 med=0.001438 std=0.017230 min=0.000000 max=0.244261 | val (scaled) MSE: mean=0.002802 med=0.000835 std=0.005901 min=0.000000 max=0.033737
2025-08-26T03:24:20Z - INFO - [train_model] Epoch 008 | train (price) MSE=0.000337 MAE=0.012754 RMSE=0.018366 | val (price) MSE=0.000185 MAE=0.009900 RMSE=0.013601
2025-08-26T03:24:20Z - INFO - [train_model] New best (price) val MSE=0.000185 at epoch 8; saved → /home/tbfs/Projects/finBert/output/20250825-232406/saved_weights/EBAY/EBAY_best-epoch008.pt
2025-08-26T03:24:21Z - INFO - [train_model] Epoch 009 | train (scaled) MSE: mean=0.005089 med=0.001347 std=0.017248 min=0.000000 max=0.244896 | val (scaled) MSE: mean=0.002848 med=0.000766 std=0.006012 min=0.000001 max=0.034386
2025-08-26T03:24:21Z - INFO - [train_model] Epoch 009 | train (price) MSE=0.000336 MAE=0.012697 RMSE=0.018331 | val (price) MSE=0.000188 MAE=0.009956 RMSE=0.013713
2025-08-26T03:24:22Z - INFO - [train_model] Epoch 010 | train (scaled) MSE: mean=0.005085 med=0.001398 std=0.017298 min=0.000000 max=0.244049 | val (scaled) MSE: mean=0.002912 med=0.000812 std=0.006143 min=0.000000 max=0.035126
2025-08-26T03:24:22Z - INFO - [train_model] Epoch 010 | train (price) MSE=0.000336 MAE=0.012683 RMSE=0.018323 | val (price) MSE=0.000192 MAE=0.010032 RMSE=0.013866
2025-08-26T03:24:23Z - INFO - [train_model] Epoch 011 | train (scaled) MSE: mean=0.005070 med=0.001411 std=0.017300 min=0.000000 max=0.245926 | val (scaled) MSE: mean=0.002879 med=0.000748 std=0.006080 min=0.000002 max=0.034781
2025-08-26T03:24:23Z - INFO - [train_model] Epoch 011 | train (price) MSE=0.000335 MAE=0.012667 RMSE=0.018296 | val (price) MSE=0.000190 MAE=0.009992 RMSE=0.013786
2025-08-26T03:24:24Z - INFO - [train_model] Epoch 012 | train (scaled) MSE: mean=0.005056 med=0.001372 std=0.017257 min=0.000000 max=0.244202 | val (scaled) MSE: mean=0.002819 med=0.000821 std=0.005951 min=0.000000 max=0.034026
2025-08-26T03:24:24Z - INFO - [train_model] Epoch 012 | train (price) MSE=0.000334 MAE=0.012651 RMSE=0.018270 | val (price) MSE=0.000186 MAE=0.009919 RMSE=0.013642
2025-08-26T03:24:25Z - INFO - [train_model] Epoch 013 | train (scaled) MSE: mean=0.005063 med=0.001363 std=0.017292 min=0.000000 max=0.245462 | val (scaled) MSE: mean=0.002841 med=0.000783 std=0.006002 min=0.000000 max=0.034333
2025-08-26T03:24:25Z - INFO - [train_model] Epoch 013 | train (price) MSE=0.000334 MAE=0.012657 RMSE=0.018282 | val (price) MSE=0.000188 MAE=0.009945 RMSE=0.013695
2025-08-26T03:24:26Z - INFO - [train_model] Epoch 014 | train (scaled) MSE: mean=0.005054 med=0.001378 std=0.017279 min=0.000000 max=0.246909 | val (scaled) MSE: mean=0.002905 med=0.000793 std=0.006134 min=0.000001 max=0.035087
2025-08-26T03:24:26Z - INFO - [train_model] Epoch 014 | train (price) MSE=0.000334 MAE=0.012638 RMSE=0.018266 | val (price) MSE=0.000192 MAE=0.010023 RMSE=0.013850
2025-08-26T03:24:27Z - INFO - [train_model] Epoch 015 | train (scaled) MSE: mean=0.005046 med=0.001383 std=0.017287 min=0.000000 max=0.246902 | val (scaled) MSE: mean=0.002910 med=0.000800 std=0.006143 min=0.000001 max=0.035136
2025-08-26T03:24:27Z - INFO - [train_model] Epoch 015 | train (price) MSE=0.000333 MAE=0.012620 RMSE=0.018252 | val (price) MSE=0.000192 MAE=0.010028 RMSE=0.013860
2025-08-26T03:24:27Z - INFO - [train_model] Epoch 016 | train (scaled) MSE: mean=0.005045 med=0.001380 std=0.017260 min=0.000000 max=0.246227 | val (scaled) MSE: mean=0.002903 med=0.000790 std=0.006129 min=0.000001 max=0.035059
2025-08-26T03:24:27Z - INFO - [train_model] Epoch 016 | train (price) MSE=0.000333 MAE=0.012626 RMSE=0.018251 | val (price) MSE=0.000192 MAE=0.010021 RMSE=0.013845
2025-08-26T03:24:28Z - INFO - [train_model] Epoch 017 | train (scaled) MSE: mean=0.005040 med=0.001355 std=0.017285 min=0.000000 max=0.246736 | val (scaled) MSE: mean=0.002970 med=0.000876 std=0.006257 min=0.000001 max=0.035787
2025-08-26T03:24:28Z - INFO - [train_model] Epoch 017 | train (price) MSE=0.000333 MAE=0.012622 RMSE=0.018242 | val (price) MSE=0.000196 MAE=0.010110 RMSE=0.014003
2025-08-26T03:24:29Z - INFO - [train_model] Epoch 018 | train (scaled) MSE: mean=0.005037 med=0.001361 std=0.017314 min=0.000000 max=0.248378 | val (scaled) MSE: mean=0.002900 med=0.000782 std=0.006125 min=0.000001 max=0.035039
2025-08-26T03:24:29Z - INFO - [train_model] Epoch 018 | train (price) MSE=0.000333 MAE=0.012610 RMSE=0.018237 | val (price) MSE=0.000191 MAE=0.010017 RMSE=0.013838
2025-08-26T03:24:30Z - INFO - [train_model] Epoch 019 | train (scaled) MSE: mean=0.005028 med=0.001347 std=0.017297 min=0.000000 max=0.248061 | val (scaled) MSE: mean=0.002965 med=0.000876 std=0.006248 min=0.000000 max=0.035738
2025-08-26T03:24:30Z - INFO - [train_model] Epoch 019 | train (price) MSE=0.000332 MAE=0.012597 RMSE=0.018220 | val (price) MSE=0.000196 MAE=0.010102 RMSE=0.013992
2025-08-26T03:24:31Z - INFO - [train_model] Epoch 020 | train (scaled) MSE: mean=0.005024 med=0.001326 std=0.017313 min=0.000000 max=0.248649 | val (scaled) MSE: mean=0.002998 med=0.000905 std=0.006307 min=0.000000 max=0.036069
2025-08-26T03:24:31Z - INFO - [train_model] Epoch 020 | train (price) MSE=0.000332 MAE=0.012584 RMSE=0.018212 | val (price) MSE=0.000198 MAE=0.010152 RMSE=0.014069
2025-08-26T03:24:32Z - INFO - [train_model] Epoch 021 | train (scaled) MSE: mean=0.005019 med=0.001339 std=0.017315 min=0.000000 max=0.248904 | val (scaled) MSE: mean=0.003007 med=0.000917 std=0.006325 min=0.000000 max=0.036167
2025-08-26T03:24:32Z - INFO - [train_model] Epoch 021 | train (price) MSE=0.000331 MAE=0.012583 RMSE=0.018204 | val (price) MSE=0.000199 MAE=0.010166 RMSE=0.014091
2025-08-26T03:24:33Z - INFO - [train_model] Epoch 022 | train (scaled) MSE: mean=0.005017 med=0.001333 std=0.017326 min=0.000000 max=0.249260 | val (scaled) MSE: mean=0.003030 med=0.000949 std=0.006365 min=0.000000 max=0.036393
2025-08-26T03:24:33Z - INFO - [train_model] Epoch 022 | train (price) MSE=0.000331 MAE=0.012574 RMSE=0.018201 | val (price) MSE=0.000200 MAE=0.010200 RMSE=0.014144
2025-08-26T03:24:34Z - INFO - [train_model] Epoch 023 | train (scaled) MSE: mean=0.005015 med=0.001348 std=0.017322 min=0.000000 max=0.249674 | val (scaled) MSE: mean=0.003051 med=0.000980 std=0.006401 min=0.000000 max=0.036591
2025-08-26T03:24:34Z - INFO - [train_model] Epoch 023 | train (price) MSE=0.000331 MAE=0.012569 RMSE=0.018195 | val (price) MSE=0.000201 MAE=0.010235 RMSE=0.014193
2025-08-26T03:24:35Z - INFO - [train_model] Epoch 024 | train (scaled) MSE: mean=0.005011 med=0.001357 std=0.017328 min=0.000000 max=0.250226 | val (scaled) MSE: mean=0.003064 med=0.000986 std=0.006422 min=0.000000 max=0.036711
2025-08-26T03:24:35Z - INFO - [train_model] Epoch 024 | train (price) MSE=0.000331 MAE=0.012563 RMSE=0.018189 | val (price) MSE=0.000202 MAE=0.010257 RMSE=0.014223
2025-08-26T03:24:36Z - INFO - [train_model] Epoch 025 | train (scaled) MSE: mean=0.005006 med=0.001367 std=0.017322 min=0.000000 max=0.250241 | val (scaled) MSE: mean=0.003061 med=0.000986 std=0.006417 min=0.000000 max=0.036681
2025-08-26T03:24:36Z - INFO - [train_model] Epoch 025 | train (price) MSE=0.000331 MAE=0.012556 RMSE=0.018181 | val (price) MSE=0.000202 MAE=0.010251 RMSE=0.014215
2025-08-26T03:24:37Z - INFO - [train_model] Epoch 026 | train (scaled) MSE: mean=0.005004 med=0.001380 std=0.017327 min=0.000000 max=0.250528 | val (scaled) MSE: mean=0.003061 med=0.000986 std=0.006418 min=0.000000 max=0.036687
2025-08-26T03:24:37Z - INFO - [train_model] Epoch 026 | train (price) MSE=0.000330 MAE=0.012549 RMSE=0.018176 | val (price) MSE=0.000202 MAE=0.010252 RMSE=0.014217
2025-08-26T03:24:38Z - INFO - [train_model] Epoch 027 | train (scaled) MSE: mean=0.005002 med=0.001384 std=0.017329 min=0.000000 max=0.250733 | val (scaled) MSE: mean=0.003062 med=0.000986 std=0.006419 min=0.000000 max=0.036694
2025-08-26T03:24:38Z - INFO - [train_model] Epoch 027 | train (price) MSE=0.000330 MAE=0.012545 RMSE=0.018173 | val (price) MSE=0.000202 MAE=0.010254 RMSE=0.014218
2025-08-26T03:24:39Z - INFO - [train_model] Epoch 028 | train (scaled) MSE: mean=0.005000 med=0.001384 std=0.017331 min=0.000000 max=0.250991 | val (scaled) MSE: mean=0.003058 med=0.000986 std=0.006412 min=0.000000 max=0.036658
2025-08-26T03:24:39Z - INFO - [train_model] Epoch 028 | train (price) MSE=0.000330 MAE=0.012541 RMSE=0.018170 | val (price) MSE=0.000202 MAE=0.010247 RMSE=0.014209
2025-08-26T03:24:40Z - INFO - [train_model] Epoch 029 | train (scaled) MSE: mean=0.005000 med=0.001391 std=0.017330 min=0.000000 max=0.251018 | val (scaled) MSE: mean=0.003057 med=0.000986 std=0.006411 min=0.000000 max=0.036652
2025-08-26T03:24:40Z - INFO - [train_model] Epoch 029 | train (price) MSE=0.000330 MAE=0.012539 RMSE=0.018168 | val (price) MSE=0.000202 MAE=0.010246 RMSE=0.014208
2025-08-26T03:24:41Z - INFO - [train_model] Epoch 030 | train (scaled) MSE: mean=0.004999 med=0.001387 std=0.017332 min=0.000000 max=0.251148 | val (scaled) MSE: mean=0.003055 med=0.000985 std=0.006407 min=0.000000 max=0.036628
2025-08-26T03:24:41Z - INFO - [train_model] Epoch 030 | train (price) MSE=0.000330 MAE=0.012537 RMSE=0.018167 | val (price) MSE=0.000202 MAE=0.010241 RMSE=0.014202
2025-08-26T03:24:42Z - INFO - [train_model] Epoch 031 | train (scaled) MSE: mean=0.004998 med=0.001389 std=0.017336 min=0.000000 max=0.251183 | val (scaled) MSE: mean=0.003054 med=0.000984 std=0.006406 min=0.000000 max=0.036622
2025-08-26T03:24:42Z - INFO - [train_model] Epoch 031 | train (price) MSE=0.000330 MAE=0.012535 RMSE=0.018166 | val (price) MSE=0.000202 MAE=0.010240 RMSE=0.014200
2025-08-26T03:24:43Z - INFO - [train_model] Epoch 032 | train (scaled) MSE: mean=0.004998 med=0.001387 std=0.017335 min=0.000000 max=0.251253 | val (scaled) MSE: mean=0.003054 med=0.000983 std=0.006405 min=0.000000 max=0.036618
2025-08-26T03:24:43Z - INFO - [train_model] Epoch 032 | train (price) MSE=0.000330 MAE=0.012534 RMSE=0.018165 | val (price) MSE=0.000202 MAE=0.010239 RMSE=0.014199
2025-08-26T03:24:44Z - INFO - [train_model] Epoch 033 | train (scaled) MSE: mean=0.004997 med=0.001384 std=0.017336 min=0.000000 max=0.251280 | val (scaled) MSE: mean=0.003053 med=0.000983 std=0.006404 min=0.000000 max=0.036613
2025-08-26T03:24:44Z - INFO - [train_model] Epoch 033 | train (price) MSE=0.000330 MAE=0.012532 RMSE=0.018164 | val (price) MSE=0.000202 MAE=0.010239 RMSE=0.014198
2025-08-26T03:24:45Z - INFO - [train_model] Epoch 034 | train (scaled) MSE: mean=0.004997 med=0.001384 std=0.017337 min=0.000000 max=0.251317 | val (scaled) MSE: mean=0.003052 med=0.000981 std=0.006403 min=0.000000 max=0.036604
2025-08-26T03:24:45Z - INFO - [train_model] Epoch 034 | train (price) MSE=0.000330 MAE=0.012532 RMSE=0.018164 | val (price) MSE=0.000202 MAE=0.010237 RMSE=0.014196
2025-08-26T03:24:46Z - INFO - [train_model] Epoch 035 | train (scaled) MSE: mean=0.004997 med=0.001387 std=0.017337 min=0.000000 max=0.251304 | val (scaled) MSE: mean=0.003054 med=0.000983 std=0.006405 min=0.000000 max=0.036617
2025-08-26T03:24:46Z - INFO - [train_model] Epoch 035 | train (price) MSE=0.000330 MAE=0.012531 RMSE=0.018163 | val (price) MSE=0.000202 MAE=0.010239 RMSE=0.014199
2025-08-26T03:24:47Z - INFO - [train_model] Epoch 036 | train (scaled) MSE: mean=0.004997 med=0.001382 std=0.017337 min=0.000000 max=0.251324 | val (scaled) MSE: mean=0.003052 med=0.000981 std=0.006403 min=0.000000 max=0.036606
2025-08-26T03:24:47Z - INFO - [train_model] Epoch 036 | train (price) MSE=0.000330 MAE=0.012531 RMSE=0.018163 | val (price) MSE=0.000202 MAE=0.010237 RMSE=0.014196
2025-08-26T03:24:48Z - INFO - [train_model] Epoch 037 | train (scaled) MSE: mean=0.004997 med=0.001384 std=0.017337 min=0.000000 max=0.251326 | val (scaled) MSE: mean=0.003053 med=0.000983 std=0.006405 min=0.000000 max=0.036614
2025-08-26T03:24:48Z - INFO - [train_model] Epoch 037 | train (price) MSE=0.000330 MAE=0.012530 RMSE=0.018163 | val (price) MSE=0.000202 MAE=0.010239 RMSE=0.014198
2025-08-26T03:24:48Z - INFO - [train_model] Epoch 038 | train (scaled) MSE: mean=0.004997 med=0.001383 std=0.017338 min=0.000000 max=0.251344 | val (scaled) MSE: mean=0.003052 med=0.000980 std=0.006402 min=0.000000 max=0.036600
2025-08-26T03:24:48Z - INFO - [train_model] Epoch 038 | train (price) MSE=0.000330 MAE=0.012530 RMSE=0.018163 | val (price) MSE=0.000201 MAE=0.010236 RMSE=0.014195
2025-08-26T03:24:49Z - INFO - [train_model] Epoch 039 | train (scaled) MSE: mean=0.004996 med=0.001383 std=0.017337 min=0.000000 max=0.251324 | val (scaled) MSE: mean=0.003052 med=0.000981 std=0.006403 min=0.000000 max=0.036606
2025-08-26T03:24:49Z - INFO - [train_model] Epoch 039 | train (price) MSE=0.000330 MAE=0.012530 RMSE=0.018163 | val (price) MSE=0.000202 MAE=0.010237 RMSE=0.014196
2025-08-26T03:24:50Z - INFO - [train_model] Epoch 040 | train (scaled) MSE: mean=0.004996 med=0.001384 std=0.017337 min=0.000000 max=0.251324 | val (scaled) MSE: mean=0.003051 med=0.000980 std=0.006401 min=0.000000 max=0.036597
2025-08-26T03:24:50Z - INFO - [train_model] Epoch 040 | train (price) MSE=0.000330 MAE=0.012529 RMSE=0.018162 | val (price) MSE=0.000201 MAE=0.010236 RMSE=0.014194
2025-08-26T03:24:51Z - INFO - [train_model] Epoch 041 | train (scaled) MSE: mean=0.004996 med=0.001381 std=0.017338 min=0.000000 max=0.251334 | val (scaled) MSE: mean=0.003052 med=0.000981 std=0.006402 min=0.000000 max=0.036601
2025-08-26T03:24:51Z - INFO - [train_model] Epoch 041 | train (price) MSE=0.000330 MAE=0.012529 RMSE=0.018162 | val (price) MSE=0.000201 MAE=0.010236 RMSE=0.014195
2025-08-26T03:24:52Z - INFO - [train_model] Epoch 042 | train (scaled) MSE: mean=0.004996 med=0.001382 std=0.017337 min=0.000000 max=0.251359 | val (scaled) MSE: mean=0.003052 med=0.000981 std=0.006402 min=0.000000 max=0.036602
2025-08-26T03:24:52Z - INFO - [train_model] Epoch 042 | train (price) MSE=0.000330 MAE=0.012528 RMSE=0.018161 | val (price) MSE=0.000201 MAE=0.010237 RMSE=0.014195
2025-08-26T03:24:53Z - INFO - [train_model] Epoch 043 | train (scaled) MSE: mean=0.004996 med=0.001382 std=0.017338 min=0.000000 max=0.251374 | val (scaled) MSE: mean=0.003052 med=0.000981 std=0.006402 min=0.000000 max=0.036602
2025-08-26T03:24:53Z - INFO - [train_model] Epoch 043 | train (price) MSE=0.000330 MAE=0.012528 RMSE=0.018161 | val (price) MSE=0.000202 MAE=0.010237 RMSE=0.014195
2025-08-26T03:24:54Z - INFO - [train_model] Epoch 044 | train (scaled) MSE: mean=0.004995 med=0.001385 std=0.017338 min=0.000000 max=0.251395 | val (scaled) MSE: mean=0.003051 med=0.000979 std=0.006400 min=0.000000 max=0.036591
2025-08-26T03:24:54Z - INFO - [train_model] Epoch 044 | train (price) MSE=0.000330 MAE=0.012527 RMSE=0.018161 | val (price) MSE=0.000201 MAE=0.010235 RMSE=0.014192
2025-08-26T03:24:55Z - INFO - [train_model] Epoch 045 | train (scaled) MSE: mean=0.004995 med=0.001383 std=0.017337 min=0.000000 max=0.251380 | val (scaled) MSE: mean=0.003051 med=0.000979 std=0.006401 min=0.000000 max=0.036595
2025-08-26T03:24:55Z - INFO - [train_model] Epoch 045 | train (price) MSE=0.000330 MAE=0.012527 RMSE=0.018160 | val (price) MSE=0.000201 MAE=0.010235 RMSE=0.014193
2025-08-26T03:24:56Z - INFO - [train_model] Epoch 046 | train (scaled) MSE: mean=0.004995 med=0.001383 std=0.017338 min=0.000000 max=0.251413 | val (scaled) MSE: mean=0.003051 med=0.000979 std=0.006401 min=0.000000 max=0.036592
2025-08-26T03:24:56Z - INFO - [train_model] Epoch 046 | train (price) MSE=0.000330 MAE=0.012527 RMSE=0.018160 | val (price) MSE=0.000201 MAE=0.010235 RMSE=0.014193
2025-08-26T03:24:57Z - INFO - [train_model] Epoch 047 | train (scaled) MSE: mean=0.004995 med=0.001386 std=0.017340 min=0.000000 max=0.251435 | val (scaled) MSE: mean=0.003050 med=0.000977 std=0.006398 min=0.000000 max=0.036580
2025-08-26T03:24:57Z - INFO - [train_model] Epoch 047 | train (price) MSE=0.000330 MAE=0.012526 RMSE=0.018160 | val (price) MSE=0.000201 MAE=0.010232 RMSE=0.014189
2025-08-26T03:24:58Z - INFO - [train_model] Epoch 048 | train (scaled) MSE: mean=0.004995 med=0.001382 std=0.017338 min=0.000000 max=0.251425 | val (scaled) MSE: mean=0.003051 med=0.000980 std=0.006401 min=0.000000 max=0.036596
2025-08-26T03:24:58Z - INFO - [train_model] Epoch 048 | train (price) MSE=0.000330 MAE=0.012525 RMSE=0.018159 | val (price) MSE=0.000201 MAE=0.010235 RMSE=0.014193
2025-08-26T03:24:58Z - INFO - [train_model] Early stopping at epoch 48 (best price val MSE=0.000185 @ epoch 8)
2025-08-26T03:24:58Z - INFO - [visualize_full_prediction] Saved full prediction plot for EBAY to output/20250825-232406/plots/EBAY_lstm_full_returns_prediction.png
2025-08-26T03:24:58Z - INFO - [visualize_sentiment] Saved sentiment plot for EBAY to output/20250825-232406/plots/EBAY_sentiment.png
2025-08-26T03:24:58Z - INFO - [train] [EBAY] Test (price) MSE=0.000471 | MAE=0.014727 | RMSE=0.021695 (scaled MSE=0.007129)
2025-08-26T03:24:58Z - INFO - [train] [EBAY] Final (price) Train MSE=0.000330 | Val MSE=0.000201 (scaled Train MSE=0.004995 | Val MSE=0.003051)
2025-08-26T03:24:58Z - INFO - [train] [EBAY] Best epoch=8 | Best (price) Train MSE=0.000337 | Best (price) Val MSE=0.000185 | Saved at=/home/tbfs/Projects/finBert/output/20250825-232406/saved_weights/EBAY/EBAY_best-epoch008.pt
2025-08-26T03:24:58Z - INFO - [train] Wrote evaluation summary → output/20250825-232406/evaluation.json
