2025-08-25T03:43:03Z - INFO - [Pipeline::__init__] Loaded news dataframe with columns=['title', 'date', 'stock'] shape=(1277896, 3).
2025-08-25T03:43:03Z - INFO - [SentimentGenerator::_load] Loaded precomputed sentiment from /home/tbfs/Projects/finBert/output/20250823-140342/sentiment_daily.csv
2025-08-25T03:43:03Z - INFO - [train] Training predictor for ticker: NFLX
2025-08-25T03:43:03Z - INFO - [train] Loaded prices for NFLX with columns=['date', 'volume', 'open', 'high', 'low', 'close', 'adj close'] shape=(2516, 7).
2025-08-25T03:43:04Z - INFO - [train_model] Epoch 001 | train (scaled) MSE: mean=1.001583 med=0.222155 std=3.254644 min=0.000006 max=54.297657 | val (scaled) MSE: mean=0.892525 med=0.210973 std=2.349160 min=0.000005 max=16.336317
2025-08-25T03:43:04Z - INFO - [train_model] Epoch 001 | train (price) MSE=0.000657 MAE=0.017231 RMSE=0.025625 | val (price) MSE=0.000585 MAE=0.016748 RMSE=0.024189
2025-08-25T03:43:04Z - INFO - [train_model] New best (price) val MSE=0.000585 at epoch 1; saved → /home/tbfs/Projects/finBert/output/20250824-234258/saved_weights/NFLX/NFLX_best-epoch001.pt
2025-08-25T03:43:04Z - INFO - [train_model] Epoch 002 | train (scaled) MSE: mean=0.995956 med=0.223924 std=3.212597 min=0.000001 max=53.425518 | val (scaled) MSE: mean=0.885177 med=0.186738 std=2.316873 min=0.000120 max=16.083988
2025-08-25T03:43:04Z - INFO - [train_model] Epoch 002 | train (price) MSE=0.000653 MAE=0.017301 RMSE=0.025552 | val (price) MSE=0.000580 MAE=0.016709 RMSE=0.024090
2025-08-25T03:43:04Z - INFO - [train_model] New best (price) val MSE=0.000580 at epoch 2; saved → /home/tbfs/Projects/finBert/output/20250824-234258/saved_weights/NFLX/NFLX_best-epoch002.pt
2025-08-25T03:43:05Z - INFO - [train_model] Epoch 003 | train (scaled) MSE: mean=0.989876 med=0.230271 std=3.185693 min=0.000004 max=53.004326 | val (scaled) MSE: mean=0.878622 med=0.166224 std=2.266431 min=0.000026 max=15.633731
2025-08-25T03:43:05Z - INFO - [train_model] Epoch 003 | train (price) MSE=0.000649 MAE=0.017314 RMSE=0.025474 | val (price) MSE=0.000576 MAE=0.016643 RMSE=0.024000
2025-08-25T03:43:05Z - INFO - [train_model] New best (price) val MSE=0.000576 at epoch 3; saved → /home/tbfs/Projects/finBert/output/20250824-234258/saved_weights/NFLX/NFLX_best-epoch003.pt
2025-08-25T03:43:06Z - INFO - [train_model] Epoch 004 | train (scaled) MSE: mean=0.972523 med=0.217966 std=3.152462 min=0.000001 max=52.764759 | val (scaled) MSE: mean=0.905187 med=0.225024 std=2.347058 min=0.002222 max=16.081762
2025-08-25T03:43:06Z - INFO - [train_model] Epoch 004 | train (price) MSE=0.000638 MAE=0.017166 RMSE=0.025250 | val (price) MSE=0.000593 MAE=0.016934 RMSE=0.024360
2025-08-25T03:43:06Z - INFO - [train_model] Epoch 005 | train (scaled) MSE: mean=0.948415 med=0.214308 std=3.114135 min=0.000003 max=52.500408 | val (scaled) MSE: mean=0.939171 med=0.275241 std=2.440948 min=0.001384 max=16.735760
2025-08-25T03:43:06Z - INFO - [train_model] Epoch 005 | train (price) MSE=0.000622 MAE=0.016926 RMSE=0.024935 | val (price) MSE=0.000616 MAE=0.017454 RMSE=0.024813
2025-08-25T03:43:07Z - INFO - [train_model] Epoch 006 | train (scaled) MSE: mean=0.926041 med=0.225371 std=3.062034 min=0.000007 max=51.654236 | val (scaled) MSE: mean=0.923870 med=0.260496 std=2.370468 min=0.001743 max=16.241383
2025-08-25T03:43:07Z - INFO - [train_model] Epoch 006 | train (price) MSE=0.000607 MAE=0.016797 RMSE=0.024639 | val (price) MSE=0.000606 MAE=0.017388 RMSE=0.024610
2025-08-25T03:43:07Z - INFO - [train_model] Epoch 007 | train (scaled) MSE: mean=0.894890 med=0.203973 std=2.990300 min=0.000068 max=50.624214 | val (scaled) MSE: mean=0.916762 med=0.226010 std=2.319507 min=0.000083 max=16.007439
2025-08-25T03:43:07Z - INFO - [train_model] Epoch 007 | train (price) MSE=0.000587 MAE=0.016586 RMSE=0.024221 | val (price) MSE=0.000601 MAE=0.017550 RMSE=0.024516
2025-08-25T03:43:08Z - INFO - [train_model] Epoch 008 | train (scaled) MSE: mean=0.859552 med=0.206604 std=2.892961 min=0.000001 max=49.326389 | val (scaled) MSE: mean=0.941160 med=0.250685 std=2.346016 min=0.000092 max=16.272640
2025-08-25T03:43:08Z - INFO - [train_model] Epoch 008 | train (price) MSE=0.000564 MAE=0.016292 RMSE=0.023738 | val (price) MSE=0.000617 MAE=0.018033 RMSE=0.024840
2025-08-25T03:43:08Z - INFO - [train_model] Epoch 009 | train (scaled) MSE: mean=0.825596 med=0.208779 std=2.803022 min=0.000001 max=48.052502 | val (scaled) MSE: mean=0.941186 med=0.238997 std=2.260741 min=0.000096 max=15.618375
2025-08-25T03:43:08Z - INFO - [train_model] Epoch 009 | train (price) MSE=0.000541 MAE=0.016112 RMSE=0.023265 | val (price) MSE=0.000617 MAE=0.018168 RMSE=0.024840
2025-08-25T03:43:09Z - INFO - [train_model] Epoch 010 | train (scaled) MSE: mean=0.790693 med=0.203096 std=2.734203 min=0.000004 max=47.286076 | val (scaled) MSE: mean=0.931076 med=0.291044 std=2.119583 min=0.002653 max=14.488465
2025-08-25T03:43:09Z - INFO - [train_model] Epoch 010 | train (price) MSE=0.000518 MAE=0.015893 RMSE=0.022768 | val (price) MSE=0.000610 MAE=0.018132 RMSE=0.024706
2025-08-25T03:43:10Z - INFO - [train_model] Epoch 011 | train (scaled) MSE: mean=0.762825 med=0.203930 std=2.693850 min=0.000002 max=46.930725 | val (scaled) MSE: mean=0.923476 med=0.273312 std=2.080516 min=0.002573 max=14.170786
2025-08-25T03:43:10Z - INFO - [train_model] Epoch 011 | train (price) MSE=0.000500 MAE=0.015652 RMSE=0.022363 | val (price) MSE=0.000605 MAE=0.017883 RMSE=0.024605
2025-08-25T03:43:10Z - INFO - [train_model] Epoch 012 | train (scaled) MSE: mean=0.735985 med=0.199443 std=2.651782 min=0.000008 max=46.455582 | val (scaled) MSE: mean=0.939366 med=0.252185 std=2.067503 min=0.000000 max=13.865239
2025-08-25T03:43:10Z - INFO - [train_model] Epoch 012 | train (price) MSE=0.000482 MAE=0.015387 RMSE=0.021966 | val (price) MSE=0.000616 MAE=0.017483 RMSE=0.024816
2025-08-25T03:43:11Z - INFO - [train_model] Epoch 013 | train (scaled) MSE: mean=0.715982 med=0.200825 std=2.615722 min=0.000000 max=45.883492 | val (scaled) MSE: mean=0.956583 med=0.225590 std=2.329608 min=0.000032 max=16.163601
2025-08-25T03:43:11Z - INFO - [train_model] Epoch 013 | train (price) MSE=0.000469 MAE=0.015120 RMSE=0.021665 | val (price) MSE=0.000627 MAE=0.018068 RMSE=0.025042
2025-08-25T03:43:11Z - INFO - [train_model] Epoch 014 | train (scaled) MSE: mean=0.690990 med=0.204178 std=2.565115 min=0.000002 max=45.095634 | val (scaled) MSE: mean=0.929714 med=0.246329 std=2.350680 min=0.000038 max=16.453993
2025-08-25T03:43:11Z - INFO - [train_model] Epoch 014 | train (price) MSE=0.000453 MAE=0.014976 RMSE=0.021284 | val (price) MSE=0.000610 MAE=0.017703 RMSE=0.024688
2025-08-25T03:43:12Z - INFO - [train_model] Epoch 015 | train (scaled) MSE: mean=0.709112 med=0.171456 std=2.546252 min=0.000000 max=44.046188 | val (scaled) MSE: mean=0.883848 med=0.226559 std=2.154104 min=0.000170 max=14.901802
2025-08-25T03:43:12Z - INFO - [train_model] Epoch 015 | train (price) MSE=0.000465 MAE=0.015121 RMSE=0.021561 | val (price) MSE=0.000579 MAE=0.017521 RMSE=0.024071
2025-08-25T03:43:12Z - INFO - [train_model] Epoch 016 | train (scaled) MSE: mean=0.683985 med=0.189583 std=2.452075 min=0.000013 max=41.578377 | val (scaled) MSE: mean=0.967484 med=0.326257 std=2.143565 min=0.000012 max=14.550433
2025-08-25T03:43:12Z - INFO - [train_model] Epoch 016 | train (price) MSE=0.000448 MAE=0.014717 RMSE=0.021176 | val (price) MSE=0.000634 MAE=0.018519 RMSE=0.025185
2025-08-25T03:43:13Z - INFO - [train_model] Epoch 017 | train (scaled) MSE: mean=0.696774 med=0.189874 std=2.342855 min=0.000002 max=38.423466 | val (scaled) MSE: mean=0.978649 med=0.331705 std=2.397957 min=0.000509 max=16.507156
2025-08-25T03:43:13Z - INFO - [train_model] Epoch 017 | train (price) MSE=0.000457 MAE=0.014871 RMSE=0.021373 | val (price) MSE=0.000642 MAE=0.018349 RMSE=0.025329
2025-08-25T03:43:14Z - INFO - [train_model] Epoch 018 | train (scaled) MSE: mean=0.667758 med=0.173644 std=2.444852 min=0.000000 max=41.662357 | val (scaled) MSE: mean=0.894965 med=0.247663 std=2.341445 min=0.001161 max=16.416439
2025-08-25T03:43:14Z - INFO - [train_model] Epoch 018 | train (price) MSE=0.000438 MAE=0.014413 RMSE=0.020923 | val (price) MSE=0.000587 MAE=0.017218 RMSE=0.024222
2025-08-25T03:43:14Z - INFO - [train_model] Epoch 019 | train (scaled) MSE: mean=0.733002 med=0.157986 std=2.411430 min=0.000000 max=37.980736 | val (scaled) MSE: mean=0.876747 med=0.174544 std=2.217703 min=0.000133 max=15.352373
2025-08-25T03:43:14Z - INFO - [train_model] Epoch 019 | train (price) MSE=0.000481 MAE=0.015094 RMSE=0.021921 | val (price) MSE=0.000575 MAE=0.016823 RMSE=0.023975
2025-08-25T03:43:14Z - INFO - [train_model] New best (price) val MSE=0.000575 at epoch 19; saved → /home/tbfs/Projects/finBert/output/20250824-234258/saved_weights/NFLX/NFLX_best-epoch019.pt
2025-08-25T03:43:15Z - INFO - [train_model] Epoch 020 | train (scaled) MSE: mean=0.581542 med=0.146504 std=2.029233 min=0.000010 max=31.243166 | val (scaled) MSE: mean=0.988177 med=0.297849 std=2.340067 min=0.010642 max=16.250265
2025-08-25T03:43:15Z - INFO - [train_model] Epoch 020 | train (price) MSE=0.000381 MAE=0.013568 RMSE=0.019526 | val (price) MSE=0.000648 MAE=0.018943 RMSE=0.025452
2025-08-25T03:43:15Z - INFO - [train_model] Epoch 021 | train (scaled) MSE: mean=0.562673 med=0.127949 std=2.288191 min=0.000000 max=39.035236 | val (scaled) MSE: mean=1.118673 med=0.371269 std=2.599900 min=0.000339 max=18.181078
2025-08-25T03:43:15Z - INFO - [train_model] Epoch 021 | train (price) MSE=0.000369 MAE=0.013019 RMSE=0.019206 | val (price) MSE=0.000733 MAE=0.020118 RMSE=0.027081
2025-08-25T03:43:16Z - INFO - [train_model] Epoch 022 | train (scaled) MSE: mean=0.513760 med=0.139974 std=1.903449 min=0.000000 max=27.950415 | val (scaled) MSE: mean=0.952843 med=0.297129 std=2.146962 min=0.000672 max=14.931344
2025-08-25T03:43:16Z - INFO - [train_model] Epoch 022 | train (price) MSE=0.000337 MAE=0.012585 RMSE=0.018352 | val (price) MSE=0.000625 MAE=0.018078 RMSE=0.024993
2025-08-25T03:43:17Z - INFO - [train_model] Epoch 023 | train (scaled) MSE: mean=0.500564 med=0.141474 std=1.693019 min=0.000000 max=24.060556 | val (scaled) MSE: mean=0.986538 med=0.409527 std=1.908762 min=0.000152 max=12.779504
2025-08-25T03:43:17Z - INFO - [train_model] Epoch 023 | train (price) MSE=0.000328 MAE=0.012622 RMSE=0.018115 | val (price) MSE=0.000647 MAE=0.018888 RMSE=0.025431
2025-08-25T03:43:17Z - INFO - [train_model] Epoch 024 | train (scaled) MSE: mean=0.544505 med=0.151383 std=2.051319 min=0.000026 max=32.877403 | val (scaled) MSE: mean=0.910018 med=0.348597 std=2.347633 min=0.000113 max=16.457815
2025-08-25T03:43:17Z - INFO - [train_model] Epoch 024 | train (price) MSE=0.000357 MAE=0.012964 RMSE=0.018894 | val (price) MSE=0.000597 MAE=0.017733 RMSE=0.024425
2025-08-25T03:43:18Z - INFO - [train_model] Epoch 025 | train (scaled) MSE: mean=0.528557 med=0.139583 std=1.643914 min=0.000000 max=23.759153 | val (scaled) MSE: mean=0.980172 med=0.341572 std=2.418273 min=0.000251 max=16.823076
2025-08-25T03:43:18Z - INFO - [train_model] Epoch 025 | train (price) MSE=0.000347 MAE=0.013059 RMSE=0.018615 | val (price) MSE=0.000643 MAE=0.018305 RMSE=0.025349
2025-08-25T03:43:18Z - INFO - [train_model] Epoch 026 | train (scaled) MSE: mean=0.502481 med=0.139443 std=1.532165 min=0.000000 max=23.454338 | val (scaled) MSE: mean=1.107078 med=0.311641 std=2.551879 min=0.001030 max=17.876692
2025-08-25T03:43:18Z - INFO - [train_model] Epoch 026 | train (price) MSE=0.000329 MAE=0.012940 RMSE=0.018150 | val (price) MSE=0.000726 MAE=0.019704 RMSE=0.026940
2025-08-25T03:43:19Z - INFO - [train_model] Epoch 027 | train (scaled) MSE: mean=0.550311 med=0.144148 std=1.527922 min=0.000045 max=24.173000 | val (scaled) MSE: mean=0.954487 med=0.216951 std=2.450149 min=0.000104 max=17.355133
2025-08-25T03:43:19Z - INFO - [train_model] Epoch 027 | train (price) MSE=0.000361 MAE=0.013330 RMSE=0.018994 | val (price) MSE=0.000626 MAE=0.017731 RMSE=0.025015
2025-08-25T03:43:20Z - INFO - [train_model] Epoch 028 | train (scaled) MSE: mean=0.571980 med=0.150942 std=1.691610 min=0.000001 max=26.200382 | val (scaled) MSE: mean=0.932940 med=0.214291 std=2.343496 min=0.000624 max=16.454655
2025-08-25T03:43:20Z - INFO - [train_model] Epoch 028 | train (price) MSE=0.000375 MAE=0.013711 RMSE=0.019364 | val (price) MSE=0.000612 MAE=0.017298 RMSE=0.024731
2025-08-25T03:43:20Z - INFO - [train_model] Epoch 029 | train (scaled) MSE: mean=0.568395 med=0.149086 std=1.698705 min=0.000004 max=22.803782 | val (scaled) MSE: mean=0.950718 med=0.240852 std=2.337500 min=0.000106 max=16.329391
2025-08-25T03:43:20Z - INFO - [train_model] Epoch 029 | train (price) MSE=0.000373 MAE=0.013676 RMSE=0.019304 | val (price) MSE=0.000623 MAE=0.018033 RMSE=0.024965
2025-08-25T03:43:21Z - INFO - [train_model] Epoch 030 | train (scaled) MSE: mean=0.489268 med=0.124620 std=1.739505 min=0.000002 max=24.717546 | val (scaled) MSE: mean=1.005135 med=0.350997 std=2.443879 min=0.000009 max=17.064713
2025-08-25T03:43:21Z - INFO - [train_model] Epoch 030 | train (price) MSE=0.000321 MAE=0.012377 RMSE=0.017910 | val (price) MSE=0.000659 MAE=0.018631 RMSE=0.025670
2025-08-25T03:43:21Z - INFO - [train_model] Epoch 031 | train (scaled) MSE: mean=0.469806 med=0.124233 std=1.599917 min=0.000001 max=25.999758 | val (scaled) MSE: mean=0.959847 med=0.275412 std=2.442802 min=0.000003 max=17.176962
2025-08-25T03:43:21Z - INFO - [train_model] Epoch 031 | train (price) MSE=0.000308 MAE=0.012151 RMSE=0.017550 | val (price) MSE=0.000629 MAE=0.017749 RMSE=0.025085
2025-08-25T03:43:22Z - INFO - [train_model] Epoch 032 | train (scaled) MSE: mean=0.459901 med=0.120143 std=1.597791 min=0.000000 max=22.729038 | val (scaled) MSE: mean=0.995417 med=0.270223 std=2.234910 min=0.000539 max=15.578901
2025-08-25T03:43:22Z - INFO - [train_model] Epoch 032 | train (price) MSE=0.000302 MAE=0.011957 RMSE=0.017364 | val (price) MSE=0.000653 MAE=0.018664 RMSE=0.025546
2025-08-25T03:43:22Z - INFO - [train_model] Epoch 033 | train (scaled) MSE: mean=0.391412 med=0.135571 std=1.191142 min=0.000000 max=22.029480 | val (scaled) MSE: mean=1.085609 med=0.400613 std=2.418309 min=0.000000 max=16.543386
2025-08-25T03:43:22Z - INFO - [train_model] Epoch 033 | train (price) MSE=0.000257 MAE=0.011629 RMSE=0.016019 | val (price) MSE=0.000712 MAE=0.019366 RMSE=0.026678
2025-08-25T03:43:23Z - INFO - [train_model] Epoch 034 | train (scaled) MSE: mean=0.418779 med=0.126609 std=1.182557 min=0.000001 max=21.256620 | val (scaled) MSE: mean=0.926586 med=0.273565 std=2.378877 min=0.000618 max=16.498978
2025-08-25T03:43:23Z - INFO - [train_model] Epoch 034 | train (price) MSE=0.000275 MAE=0.011997 RMSE=0.016569 | val (price) MSE=0.000607 MAE=0.017306 RMSE=0.024647
2025-08-25T03:43:24Z - INFO - [train_model] Epoch 035 | train (scaled) MSE: mean=0.356963 med=0.115395 std=1.062651 min=0.000004 max=20.047997 | val (scaled) MSE: mean=1.072142 med=0.218661 std=2.412200 min=0.000056 max=16.679171
2025-08-25T03:43:24Z - INFO - [train_model] Epoch 035 | train (price) MSE=0.000234 MAE=0.011234 RMSE=0.015298 | val (price) MSE=0.000703 MAE=0.018907 RMSE=0.026512
2025-08-25T03:43:24Z - INFO - [train_model] Epoch 036 | train (scaled) MSE: mean=0.370108 med=0.122462 std=1.068697 min=0.000001 max=19.302551 | val (scaled) MSE: mean=0.974303 med=0.459294 std=2.086234 min=0.001491 max=14.485071
2025-08-25T03:43:24Z - INFO - [train_model] Epoch 036 | train (price) MSE=0.000243 MAE=0.011321 RMSE=0.015577 | val (price) MSE=0.000639 MAE=0.018819 RMSE=0.025273
2025-08-25T03:43:25Z - INFO - [train_model] Epoch 037 | train (scaled) MSE: mean=0.439301 med=0.146080 std=1.082858 min=0.000000 max=17.878643 | val (scaled) MSE: mean=0.982394 med=0.281367 std=2.340368 min=0.003611 max=16.215178
2025-08-25T03:43:25Z - INFO - [train_model] Epoch 037 | train (price) MSE=0.000288 MAE=0.012458 RMSE=0.016970 | val (price) MSE=0.000644 MAE=0.018313 RMSE=0.025378
2025-08-25T03:43:25Z - INFO - [train_model] Epoch 038 | train (scaled) MSE: mean=0.444118 med=0.132030 std=1.069523 min=0.000001 max=16.772198 | val (scaled) MSE: mean=0.976393 med=0.326843 std=2.357654 min=0.000084 max=16.523035
2025-08-25T03:43:25Z - INFO - [train_model] Epoch 038 | train (price) MSE=0.000291 MAE=0.012468 RMSE=0.017063 | val (price) MSE=0.000640 MAE=0.018241 RMSE=0.025300
2025-08-25T03:43:26Z - INFO - [train_model] Epoch 039 | train (scaled) MSE: mean=0.307562 med=0.093473 std=0.973237 min=0.000003 max=18.333794 | val (scaled) MSE: mean=0.896472 med=0.250238 std=2.333574 min=0.000165 max=16.339111
2025-08-25T03:43:26Z - INFO - [train_model] Epoch 039 | train (price) MSE=0.000202 MAE=0.010336 RMSE=0.014200 | val (price) MSE=0.000588 MAE=0.017090 RMSE=0.024243
2025-08-25T03:43:27Z - INFO - [train_model] Epoch 040 | train (scaled) MSE: mean=0.287562 med=0.083505 std=0.905784 min=0.000000 max=16.698326 | val (scaled) MSE: mean=1.040113 med=0.280265 std=2.298991 min=0.002199 max=16.040787
2025-08-25T03:43:27Z - INFO - [train_model] Epoch 040 | train (price) MSE=0.000189 MAE=0.009815 RMSE=0.013730 | val (price) MSE=0.000682 MAE=0.019367 RMSE=0.026113
2025-08-25T03:43:27Z - INFO - [train_model] Epoch 041 | train (scaled) MSE: mean=0.275631 med=0.086177 std=0.839360 min=0.000000 max=15.500482 | val (scaled) MSE: mean=0.886272 med=0.295944 std=2.328608 min=0.000000 max=16.425308
2025-08-25T03:43:27Z - INFO - [train_model] Epoch 041 | train (price) MSE=0.000181 MAE=0.009846 RMSE=0.013442 | val (price) MSE=0.000581 MAE=0.017009 RMSE=0.024104
2025-08-25T03:43:28Z - INFO - [train_model] Epoch 042 | train (scaled) MSE: mean=0.282586 med=0.082155 std=0.840391 min=0.000000 max=15.637669 | val (scaled) MSE: mean=1.011385 med=0.319972 std=2.338236 min=0.000193 max=16.121595
2025-08-25T03:43:28Z - INFO - [train_model] Epoch 042 | train (price) MSE=0.000185 MAE=0.009923 RMSE=0.013611 | val (price) MSE=0.000663 MAE=0.018654 RMSE=0.025750
2025-08-25T03:43:28Z - INFO - [train_model] Epoch 043 | train (scaled) MSE: mean=0.262969 med=0.097242 std=0.569704 min=0.000006 max=8.524693 | val (scaled) MSE: mean=1.018440 med=0.290863 std=2.352065 min=0.000009 max=16.606035
2025-08-25T03:43:28Z - INFO - [train_model] Epoch 043 | train (price) MSE=0.000172 MAE=0.009870 RMSE=0.013130 | val (price) MSE=0.000668 MAE=0.019108 RMSE=0.025839
2025-08-25T03:43:29Z - INFO - [train_model] Epoch 044 | train (scaled) MSE: mean=0.284757 med=0.122347 std=0.540590 min=0.000000 max=7.542817 | val (scaled) MSE: mean=0.992895 med=0.291076 std=2.338150 min=0.000058 max=16.471924
2025-08-25T03:43:29Z - INFO - [train_model] Epoch 044 | train (price) MSE=0.000187 MAE=0.010593 RMSE=0.013663 | val (price) MSE=0.000651 MAE=0.018563 RMSE=0.025513
2025-08-25T03:43:29Z - INFO - [train_model] Epoch 045 | train (scaled) MSE: mean=0.339372 med=0.110640 std=0.829055 min=0.000000 max=12.815283 | val (scaled) MSE: mean=0.869443 med=0.261996 std=2.255926 min=0.000103 max=15.793938
2025-08-25T03:43:29Z - INFO - [train_model] Epoch 045 | train (price) MSE=0.000222 MAE=0.011140 RMSE=0.014916 | val (price) MSE=0.000570 MAE=0.016767 RMSE=0.023874
2025-08-25T03:43:29Z - INFO - [train_model] New best (price) val MSE=0.000570 at epoch 45; saved → /home/tbfs/Projects/finBert/output/20250824-234258/saved_weights/NFLX/NFLX_best-epoch045.pt
2025-08-25T03:43:30Z - INFO - [train_model] Epoch 046 | train (scaled) MSE: mean=0.314580 med=0.087369 std=0.701979 min=0.000000 max=8.042311 | val (scaled) MSE: mean=0.922296 med=0.234491 std=2.367830 min=0.000030 max=16.487906
2025-08-25T03:43:30Z - INFO - [train_model] Epoch 046 | train (price) MSE=0.000206 MAE=0.010529 RMSE=0.014361 | val (price) MSE=0.000605 MAE=0.017251 RMSE=0.024589
2025-08-25T03:43:31Z - INFO - [train_model] Epoch 047 | train (scaled) MSE: mean=0.245779 med=0.081672 std=0.431203 min=0.000000 max=3.409433 | val (scaled) MSE: mean=1.069989 med=0.250320 std=2.373089 min=0.002604 max=16.359560
2025-08-25T03:43:31Z - INFO - [train_model] Epoch 047 | train (price) MSE=0.000161 MAE=0.009624 RMSE=0.012694 | val (price) MSE=0.000701 MAE=0.019245 RMSE=0.026485
2025-08-25T03:43:31Z - INFO - [train_model] Epoch 048 | train (scaled) MSE: mean=0.269957 med=0.084470 std=0.553286 min=0.000000 max=5.238406 | val (scaled) MSE: mean=1.245570 med=0.330726 std=2.449817 min=0.004200 max=16.150383
2025-08-25T03:43:31Z - INFO - [train_model] Epoch 048 | train (price) MSE=0.000177 MAE=0.009862 RMSE=0.013303 | val (price) MSE=0.000817 MAE=0.021014 RMSE=0.028576
2025-08-25T03:43:32Z - INFO - [train_model] Epoch 049 | train (scaled) MSE: mean=0.303163 med=0.097608 std=1.041872 min=0.000002 max=19.676691 | val (scaled) MSE: mean=0.967469 med=0.246246 std=2.263962 min=0.000179 max=15.651202
2025-08-25T03:43:32Z - INFO - [train_model] Epoch 049 | train (price) MSE=0.000199 MAE=0.010077 RMSE=0.014098 | val (price) MSE=0.000634 MAE=0.018376 RMSE=0.025184
2025-08-25T03:43:32Z - INFO - [train_model] Epoch 050 | train (scaled) MSE: mean=0.426381 med=0.112611 std=1.108606 min=0.000000 max=15.848074 | val (scaled) MSE: mean=0.988084 med=0.280143 std=2.315862 min=0.006697 max=16.211863
2025-08-25T03:43:32Z - INFO - [train_model] Epoch 050 | train (price) MSE=0.000280 MAE=0.011900 RMSE=0.016719 | val (price) MSE=0.000648 MAE=0.018516 RMSE=0.025451
2025-08-25T03:43:33Z - INFO - [train_model] Epoch 051 | train (scaled) MSE: mean=0.215870 med=0.083442 std=0.384052 min=0.000000 max=3.991383 | val (scaled) MSE: mean=1.401369 med=0.340249 std=2.735263 min=0.003294 max=18.027283
2025-08-25T03:43:33Z - INFO - [train_model] Epoch 051 | train (price) MSE=0.000142 MAE=0.009186 RMSE=0.011896 | val (price) MSE=0.000919 MAE=0.022375 RMSE=0.030310
2025-08-25T03:43:34Z - INFO - [train_model] Epoch 052 | train (scaled) MSE: mean=0.228513 med=0.083365 std=0.455448 min=0.000001 max=5.971823 | val (scaled) MSE: mean=1.381632 med=0.554513 std=2.262879 min=0.003917 max=13.447297
2025-08-25T03:43:34Z - INFO - [train_model] Epoch 052 | train (price) MSE=0.000150 MAE=0.009269 RMSE=0.012240 | val (price) MSE=0.000906 MAE=0.022997 RMSE=0.030096
2025-08-25T03:43:34Z - INFO - [train_model] Epoch 053 | train (scaled) MSE: mean=0.302866 med=0.096730 std=0.684400 min=0.000002 max=7.977628 | val (scaled) MSE: mean=0.923089 med=0.311267 std=2.307245 min=0.002333 max=16.285688
2025-08-25T03:43:34Z - INFO - [train_model] Epoch 053 | train (price) MSE=0.000199 MAE=0.010237 RMSE=0.014091 | val (price) MSE=0.000605 MAE=0.017365 RMSE=0.024600
2025-08-25T03:43:35Z - INFO - [train_model] Epoch 054 | train (scaled) MSE: mean=0.280168 med=0.086610 std=0.575359 min=0.000000 max=7.586252 | val (scaled) MSE: mean=1.009591 med=0.298268 std=2.156435 min=0.000039 max=14.706845
2025-08-25T03:43:35Z - INFO - [train_model] Epoch 054 | train (price) MSE=0.000184 MAE=0.010066 RMSE=0.013553 | val (price) MSE=0.000662 MAE=0.018692 RMSE=0.025727
2025-08-25T03:43:35Z - INFO - [train_model] Epoch 055 | train (scaled) MSE: mean=0.284366 med=0.085325 std=0.578509 min=0.000002 max=6.111725 | val (scaled) MSE: mean=0.982779 med=0.231589 std=2.234252 min=0.000153 max=15.429073
2025-08-25T03:43:35Z - INFO - [train_model] Epoch 055 | train (price) MSE=0.000186 MAE=0.010039 RMSE=0.013654 | val (price) MSE=0.000644 MAE=0.018559 RMSE=0.025383
2025-08-25T03:43:36Z - INFO - [train_model] Epoch 056 | train (scaled) MSE: mean=0.282109 med=0.094316 std=0.554761 min=0.000000 max=6.231369 | val (scaled) MSE: mean=1.088784 med=0.196769 std=2.357098 min=0.008022 max=16.258593
2025-08-25T03:43:36Z - INFO - [train_model] Epoch 056 | train (price) MSE=0.000185 MAE=0.010136 RMSE=0.013599 | val (price) MSE=0.000714 MAE=0.019618 RMSE=0.026717
2025-08-25T03:43:36Z - INFO - [train_model] Epoch 057 | train (scaled) MSE: mean=0.287108 med=0.092276 std=1.139314 min=0.000005 max=18.953144 | val (scaled) MSE: mean=0.934672 med=0.248428 std=2.181614 min=0.000098 max=15.241637
2025-08-25T03:43:36Z - INFO - [train_model] Epoch 057 | train (price) MSE=0.000188 MAE=0.009584 RMSE=0.013719 | val (price) MSE=0.000613 MAE=0.018109 RMSE=0.024754
2025-08-25T03:43:37Z - INFO - [train_model] Epoch 058 | train (scaled) MSE: mean=0.335015 med=0.083805 std=2.277360 min=0.000000 max=47.875069 | val (scaled) MSE: mean=1.133195 med=0.294427 std=2.328098 min=0.000431 max=15.831018
2025-08-25T03:43:37Z - INFO - [train_model] Epoch 058 | train (price) MSE=0.000220 MAE=0.009615 RMSE=0.014820 | val (price) MSE=0.000743 MAE=0.020091 RMSE=0.027256
2025-08-25T03:43:38Z - INFO - [train_model] Epoch 059 | train (scaled) MSE: mean=0.198720 med=0.061855 std=0.605314 min=0.000000 max=10.223121 | val (scaled) MSE: mean=1.197858 med=0.311558 std=2.542785 min=0.000025 max=17.584471
2025-08-25T03:43:38Z - INFO - [train_model] Epoch 059 | train (price) MSE=0.000130 MAE=0.008164 RMSE=0.011414 | val (price) MSE=0.000785 MAE=0.020499 RMSE=0.028023
2025-08-25T03:43:38Z - INFO - [train_model] Epoch 060 | train (scaled) MSE: mean=0.152186 med=0.047908 std=0.318544 min=0.000000 max=3.505852 | val (scaled) MSE: mean=1.383520 med=0.304725 std=2.776210 min=0.000205 max=18.641232
2025-08-25T03:43:38Z - INFO - [train_model] Epoch 060 | train (price) MSE=0.000100 MAE=0.007401 RMSE=0.009989 | val (price) MSE=0.000907 MAE=0.021847 RMSE=0.030117
2025-08-25T03:43:39Z - INFO - [train_model] Epoch 061 | train (scaled) MSE: mean=0.216874 med=0.067014 std=0.729184 min=0.000001 max=11.516921 | val (scaled) MSE: mean=1.223955 med=0.253286 std=2.774518 min=0.000063 max=19.071640
2025-08-25T03:43:39Z - INFO - [train_model] Epoch 061 | train (price) MSE=0.000142 MAE=0.008438 RMSE=0.011924 | val (price) MSE=0.000802 MAE=0.020118 RMSE=0.028327
2025-08-25T03:43:39Z - INFO - [train_model] Epoch 062 | train (scaled) MSE: mean=0.177667 med=0.061163 std=0.499906 min=0.000000 max=8.157117 | val (scaled) MSE: mean=0.976725 med=0.288252 std=2.241277 min=0.000009 max=15.585404
2025-08-25T03:43:39Z - INFO - [train_model] Epoch 062 | train (price) MSE=0.000116 MAE=0.007863 RMSE=0.010792 | val (price) MSE=0.000640 MAE=0.018498 RMSE=0.025305
2025-08-25T03:43:40Z - INFO - [train_model] Epoch 063 | train (scaled) MSE: mean=0.175496 med=0.063920 std=0.377059 min=0.000000 max=3.785049 | val (scaled) MSE: mean=0.992829 med=0.264498 std=2.431747 min=0.000063 max=17.021231
2025-08-25T03:43:40Z - INFO - [train_model] Epoch 063 | train (price) MSE=0.000115 MAE=0.008056 RMSE=0.010726 | val (price) MSE=0.000651 MAE=0.017972 RMSE=0.025512
2025-08-25T03:43:40Z - INFO - [train_model] Epoch 064 | train (scaled) MSE: mean=0.206680 med=0.065959 std=0.541200 min=0.000002 max=6.919032 | val (scaled) MSE: mean=0.885557 med=0.161604 std=2.092620 min=0.002074 max=14.557866
2025-08-25T03:43:40Z - INFO - [train_model] Epoch 064 | train (price) MSE=0.000135 MAE=0.008455 RMSE=0.011640 | val (price) MSE=0.000581 MAE=0.017576 RMSE=0.024095
2025-08-25T03:43:41Z - INFO - [train_model] Epoch 065 | train (scaled) MSE: mean=0.166197 med=0.059230 std=0.317845 min=0.000001 max=2.856429 | val (scaled) MSE: mean=1.271014 med=0.287925 std=2.428888 min=0.003943 max=16.050768
2025-08-25T03:43:41Z - INFO - [train_model] Epoch 065 | train (price) MSE=0.000109 MAE=0.007876 RMSE=0.010438 | val (price) MSE=0.000833 MAE=0.021325 RMSE=0.028866
2025-08-25T03:43:42Z - INFO - [train_model] Epoch 066 | train (scaled) MSE: mean=0.177727 med=0.060993 std=0.392509 min=0.000028 max=4.331402 | val (scaled) MSE: mean=0.889814 med=0.182337 std=2.134938 min=0.000035 max=14.778076
2025-08-25T03:43:42Z - INFO - [train_model] Epoch 066 | train (price) MSE=0.000117 MAE=0.007967 RMSE=0.010794 | val (price) MSE=0.000583 MAE=0.017126 RMSE=0.024153
2025-08-25T03:43:42Z - INFO - [train_model] Epoch 067 | train (scaled) MSE: mean=0.152782 med=0.049595 std=0.300557 min=0.000000 max=2.328854 | val (scaled) MSE: mean=1.085496 med=0.395452 std=2.165102 min=0.000141 max=14.919368
2025-08-25T03:43:42Z - INFO - [train_model] Epoch 067 | train (price) MSE=0.000100 MAE=0.007459 RMSE=0.010008 | val (price) MSE=0.000712 MAE=0.020222 RMSE=0.026676
2025-08-25T03:43:43Z - INFO - [train_model] Epoch 068 | train (scaled) MSE: mean=0.195121 med=0.063231 std=0.494491 min=0.000004 max=7.658079 | val (scaled) MSE: mean=1.068966 med=0.206711 std=2.464522 min=0.000015 max=16.968851
2025-08-25T03:43:43Z - INFO - [train_model] Epoch 068 | train (price) MSE=0.000128 MAE=0.008336 RMSE=0.011310 | val (price) MSE=0.000701 MAE=0.018631 RMSE=0.026473
2025-08-25T03:43:43Z - INFO - [train_model] Epoch 069 | train (scaled) MSE: mean=0.203105 med=0.067447 std=0.427238 min=0.000024 max=4.736980 | val (scaled) MSE: mean=0.928658 med=0.212437 std=2.065108 min=0.000480 max=14.374708
2025-08-25T03:43:43Z - INFO - [train_model] Epoch 069 | train (price) MSE=0.000133 MAE=0.008571 RMSE=0.011539 | val (price) MSE=0.000609 MAE=0.018497 RMSE=0.024674
2025-08-25T03:43:44Z - INFO - [train_model] Epoch 070 | train (scaled) MSE: mean=0.168720 med=0.065116 std=0.298023 min=0.000001 max=2.885163 | val (scaled) MSE: mean=1.182366 med=0.372715 std=2.545715 min=0.000018 max=17.550343
2025-08-25T03:43:44Z - INFO - [train_model] Epoch 070 | train (price) MSE=0.000111 MAE=0.008086 RMSE=0.010517 | val (price) MSE=0.000775 MAE=0.020464 RMSE=0.027841
2025-08-25T03:43:45Z - INFO - [train_model] Epoch 071 | train (scaled) MSE: mean=0.147530 med=0.045836 std=0.293294 min=0.000005 max=2.787344 | val (scaled) MSE: mean=0.961259 med=0.212945 std=2.090601 min=0.006820 max=14.534222
2025-08-25T03:43:45Z - INFO - [train_model] Epoch 071 | train (price) MSE=0.000097 MAE=0.007278 RMSE=0.009835 | val (price) MSE=0.000630 MAE=0.018780 RMSE=0.025103
2025-08-25T03:43:45Z - INFO - [train_model] Epoch 072 | train (scaled) MSE: mean=0.106920 med=0.036388 std=0.229606 min=0.000000 max=2.440921 | val (scaled) MSE: mean=1.222412 med=0.255922 std=2.298527 min=0.000056 max=15.174975
2025-08-25T03:43:45Z - INFO - [train_model] Epoch 072 | train (price) MSE=0.000070 MAE=0.006258 RMSE=0.008372 | val (price) MSE=0.000801 MAE=0.021118 RMSE=0.028309
2025-08-25T03:43:46Z - INFO - [train_model] Epoch 073 | train (scaled) MSE: mean=0.131511 med=0.044967 std=0.279995 min=0.000000 max=2.836417 | val (scaled) MSE: mean=0.941780 med=0.176441 std=2.104052 min=0.000002 max=14.505077
2025-08-25T03:43:46Z - INFO - [train_model] Epoch 073 | train (price) MSE=0.000086 MAE=0.007021 RMSE=0.009285 | val (price) MSE=0.000617 MAE=0.018104 RMSE=0.024848
2025-08-25T03:43:46Z - INFO - [train_model] Epoch 074 | train (scaled) MSE: mean=0.100837 med=0.040796 std=0.209226 min=0.000000 max=2.510098 | val (scaled) MSE: mean=0.994513 med=0.245502 std=2.180955 min=0.000013 max=14.884486
2025-08-25T03:43:46Z - INFO - [train_model] Epoch 074 | train (price) MSE=0.000066 MAE=0.006180 RMSE=0.008131 | val (price) MSE=0.000652 MAE=0.018335 RMSE=0.025534
2025-08-25T03:43:47Z - INFO - [train_model] Epoch 075 | train (scaled) MSE: mean=0.130681 med=0.043384 std=0.252733 min=0.000002 max=2.382168 | val (scaled) MSE: mean=1.037008 med=0.204492 std=2.172626 min=0.001933 max=14.804565
2025-08-25T03:43:47Z - INFO - [train_model] Epoch 075 | train (price) MSE=0.000086 MAE=0.006957 RMSE=0.009256 | val (price) MSE=0.000680 MAE=0.018939 RMSE=0.026074
2025-08-25T03:43:47Z - INFO - [train_model] Epoch 076 | train (scaled) MSE: mean=0.152740 med=0.050899 std=0.314242 min=0.000000 max=3.082952 | val (scaled) MSE: mean=1.300353 med=0.243415 std=2.585171 min=0.003482 max=16.686052
2025-08-25T03:43:47Z - INFO - [train_model] Epoch 076 | train (price) MSE=0.000100 MAE=0.007310 RMSE=0.010007 | val (price) MSE=0.000852 MAE=0.020808 RMSE=0.029197
2025-08-25T03:43:48Z - INFO - [train_model] Epoch 077 | train (scaled) MSE: mean=0.152222 med=0.057007 std=0.293012 min=0.000001 max=3.124682 | val (scaled) MSE: mean=0.938734 med=0.183438 std=2.094297 min=0.001371 max=14.359638
2025-08-25T03:43:48Z - INFO - [train_model] Epoch 077 | train (price) MSE=0.000100 MAE=0.007692 RMSE=0.009990 | val (price) MSE=0.000615 MAE=0.017950 RMSE=0.024808
2025-08-25T03:43:49Z - INFO - [train_model] Epoch 078 | train (scaled) MSE: mean=0.145631 med=0.045558 std=0.270683 min=0.000000 max=2.245215 | val (scaled) MSE: mean=0.967464 med=0.302210 std=2.063835 min=0.004831 max=14.369617
2025-08-25T03:43:49Z - INFO - [train_model] Epoch 078 | train (price) MSE=0.000095 MAE=0.007249 RMSE=0.009771 | val (price) MSE=0.000634 MAE=0.018938 RMSE=0.025184
2025-08-25T03:43:49Z - INFO - [train_model] Epoch 079 | train (scaled) MSE: mean=0.245411 med=0.070773 std=0.836387 min=0.000000 max=15.337340 | val (scaled) MSE: mean=0.913810 med=0.238108 std=2.111798 min=0.003029 max=14.647189
2025-08-25T03:43:49Z - INFO - [train_model] Epoch 079 | train (price) MSE=0.000161 MAE=0.009052 RMSE=0.012684 | val (price) MSE=0.000599 MAE=0.017946 RMSE=0.024476
2025-08-25T03:43:50Z - INFO - [train_model] Epoch 080 | train (scaled) MSE: mean=0.265854 med=0.071074 std=0.592349 min=0.000003 max=6.951391 | val (scaled) MSE: mean=1.053129 med=0.208545 std=2.200950 min=0.002057 max=14.699761
2025-08-25T03:43:50Z - INFO - [train_model] Epoch 080 | train (price) MSE=0.000174 MAE=0.009517 RMSE=0.013202 | val (price) MSE=0.000690 MAE=0.019059 RMSE=0.026276
2025-08-25T03:43:50Z - INFO - [train_model] Epoch 081 | train (scaled) MSE: mean=0.154850 med=0.055234 std=0.277134 min=0.000000 max=2.347649 | val (scaled) MSE: mean=1.303729 med=0.401003 std=2.257806 min=0.000280 max=14.676250
2025-08-25T03:43:50Z - INFO - [train_model] Epoch 081 | train (price) MSE=0.000102 MAE=0.007636 RMSE=0.010076 | val (price) MSE=0.000855 MAE=0.021955 RMSE=0.029235
2025-08-25T03:43:51Z - INFO - [train_model] Epoch 082 | train (scaled) MSE: mean=0.144688 med=0.039417 std=0.442555 min=0.000001 max=6.341427 | val (scaled) MSE: mean=1.013679 med=0.312143 std=2.147377 min=0.000284 max=14.546895
2025-08-25T03:43:51Z - INFO - [train_model] Epoch 082 | train (price) MSE=0.000095 MAE=0.006869 RMSE=0.009739 | val (price) MSE=0.000665 MAE=0.018473 RMSE=0.025779
2025-08-25T03:43:51Z - INFO - [train_model] Epoch 083 | train (scaled) MSE: mean=0.114768 med=0.033856 std=0.248758 min=0.000001 max=2.406882 | val (scaled) MSE: mean=0.990955 med=0.198589 std=2.212805 min=0.000021 max=15.473012
2025-08-25T03:43:51Z - INFO - [train_model] Epoch 083 | train (price) MSE=0.000075 MAE=0.006313 RMSE=0.008674 | val (price) MSE=0.000650 MAE=0.018569 RMSE=0.025488
2025-08-25T03:43:52Z - INFO - [train_model] Epoch 084 | train (scaled) MSE: mean=0.116695 med=0.035433 std=0.266641 min=0.000000 max=2.774733 | val (scaled) MSE: mean=1.219181 med=0.274229 std=2.816702 min=0.000010 max=19.655231
2025-08-25T03:43:52Z - INFO - [train_model] Epoch 084 | train (price) MSE=0.000077 MAE=0.006386 RMSE=0.008747 | val (price) MSE=0.000799 MAE=0.020085 RMSE=0.028271
2025-08-25T03:43:53Z - INFO - [train_model] Epoch 085 | train (scaled) MSE: mean=0.170729 med=0.058750 std=0.339182 min=0.000001 max=4.269564 | val (scaled) MSE: mean=1.039907 med=0.220343 std=2.100229 min=0.000078 max=14.367057
2025-08-25T03:43:53Z - INFO - [train_model] Epoch 085 | train (price) MSE=0.000112 MAE=0.007946 RMSE=0.010580 | val (price) MSE=0.000682 MAE=0.019414 RMSE=0.026110
2025-08-25T03:43:53Z - INFO - [train_model] Early stopping at epoch 85 (best price val MSE=0.000570 @ epoch 45)
2025-08-25T03:43:53Z - INFO - [visualize_full_prediction] Saved full prediction plot for NFLX to output/20250824-234258/plots/NFLX_finbert-lstm_full_returns_prediction.png
2025-08-25T03:43:53Z - INFO - [visualize_sentiment] Saved sentiment plot for NFLX to output/20250824-234258/plots/NFLX_sentiment.png
2025-08-25T03:43:53Z - INFO - [train] [NFLX] Test (price) MSE=0.000475 | MAE=0.016591 | RMSE=0.021805 (scaled MSE=0.725223)
2025-08-25T03:43:53Z - INFO - [train] [NFLX] Final (price) Train MSE=0.000112 | Val MSE=0.000682 (scaled Train MSE=0.170729 | Val MSE=1.039907)
2025-08-25T03:43:53Z - INFO - [train] [NFLX] Best epoch=45 | Best (price) Train MSE=0.000222 | Best (price) Val MSE=0.000570 | Saved at=/home/tbfs/Projects/finBert/output/20250824-234258/saved_weights/NFLX/NFLX_best-epoch045.pt
2025-08-25T03:43:53Z - INFO - [train] Wrote evaluation summary → output/20250824-234258/evaluation.json
