2025-08-26T11:28:41Z - INFO - [Pipeline::__init__] Loaded news dataframe with columns=['title', 'date', 'stock'] shape=(1277896, 3).
2025-08-26T11:28:41Z - INFO - [SentimentGenerator::_load] Loaded precomputed sentiment from /home/tbfs/Projects/finBert/output/20250823-140342/sentiment_daily.csv
2025-08-26T11:28:41Z - INFO - [train] Training predictor for ticker: EBAY
2025-08-26T11:28:41Z - INFO - [train] Loaded prices for EBAY with columns=['date', 'open', 'high', 'low', 'close', 'adj close', 'volume'] shape=(2516, 7).
2025-08-26T11:28:41Z - INFO - [SequenceDataset::__init__] len(self.valid_indices)=716 out of len(df)=2515 samples are valid for lookback=60 with sentiment_col=SentimentScore
2025-08-26T11:28:41Z - INFO - [SequenceDataset::__init__] len(self.valid_indices)=80 out of len(df)=2515 samples are valid for lookback=60 with sentiment_col=SentimentScore
2025-08-26T11:28:41Z - INFO - [SequenceDataset::__init__] len(self.valid_indices)=89 out of len(df)=2515 samples are valid for lookback=60 with sentiment_col=SentimentScore
2025-08-26T11:28:42Z - INFO - [train_model] Epoch 001 | train (scaled) MSE: mean=0.017208 med=0.002625 std=0.044894 min=0.000000 max=0.578298 | val (scaled) MSE: mean=0.007523 med=0.004116 std=0.009778 min=0.000000 max=0.042727
2025-08-26T11:28:42Z - INFO - [train_model] Epoch 001 | train (price) MSE=0.001136 MAE=0.021704 RMSE=0.033707 | val (price) MSE=0.000497 MAE=0.018089 RMSE=0.022286
2025-08-26T11:28:42Z - INFO - [train_model] New best (price) val MSE=0.000497 at epoch 1; saved → /home/tbfs/Projects/finBert/output/20250826-072836/saved_weights/EBAY/EBAY_best-epoch001.pt
2025-08-26T11:28:43Z - INFO - [train_model] Epoch 002 | train (scaled) MSE: mean=0.010630 med=0.002353 std=0.026946 min=0.000000 max=0.236217 | val (scaled) MSE: mean=0.004862 med=0.001614 std=0.007316 min=0.000008 max=0.034411
2025-08-26T11:28:43Z - INFO - [train_model] Epoch 002 | train (price) MSE=0.000702 MAE=0.017982 RMSE=0.026492 | val (price) MSE=0.000321 MAE=0.013992 RMSE=0.017916
2025-08-26T11:28:43Z - INFO - [train_model] New best (price) val MSE=0.000321 at epoch 2; saved → /home/tbfs/Projects/finBert/output/20250826-072836/saved_weights/EBAY/EBAY_best-epoch002.pt
2025-08-26T11:28:43Z - INFO - [train_model] Epoch 003 | train (scaled) MSE: mean=0.007818 med=0.002299 std=0.020468 min=0.000000 max=0.237368 | val (scaled) MSE: mean=0.005816 med=0.002439 std=0.008018 min=0.000020 max=0.037650
2025-08-26T11:28:43Z - INFO - [train_model] Epoch 003 | train (price) MSE=0.000516 MAE=0.016112 RMSE=0.022719 | val (price) MSE=0.000384 MAE=0.015690 RMSE=0.019596
2025-08-26T11:28:44Z - INFO - [train_model] Epoch 004 | train (scaled) MSE: mean=0.006535 med=0.002013 std=0.018844 min=0.000000 max=0.247408 | val (scaled) MSE: mean=0.006732 med=0.002915 std=0.008661 min=0.000011 max=0.040720
2025-08-26T11:28:44Z - INFO - [train_model] Epoch 004 | train (price) MSE=0.000431 MAE=0.014771 RMSE=0.020772 | val (price) MSE=0.000444 MAE=0.017297 RMSE=0.021083
2025-08-26T11:28:44Z - INFO - [train_model] Epoch 005 | train (scaled) MSE: mean=0.006159 med=0.001844 std=0.018827 min=0.000000 max=0.268144 | val (scaled) MSE: mean=0.007327 med=0.003521 std=0.009060 min=0.000001 max=0.042604
2025-08-26T11:28:44Z - INFO - [train_model] Epoch 005 | train (price) MSE=0.000407 MAE=0.014333 RMSE=0.020166 | val (price) MSE=0.000484 MAE=0.018263 RMSE=0.021994
2025-08-26T11:28:45Z - INFO - [train_model] Epoch 006 | train (scaled) MSE: mean=0.006229 med=0.001719 std=0.019366 min=0.000000 max=0.281545 | val (scaled) MSE: mean=0.007464 med=0.003538 std=0.009146 min=0.000000 max=0.043755
2025-08-26T11:28:45Z - INFO - [train_model] Epoch 006 | train (price) MSE=0.000411 MAE=0.014300 RMSE=0.020279 | val (price) MSE=0.000493 MAE=0.018488 RMSE=0.022200
2025-08-26T11:28:45Z - INFO - [train_model] Epoch 007 | train (scaled) MSE: mean=0.006295 med=0.001686 std=0.019783 min=0.000000 max=0.291098 | val (scaled) MSE: mean=0.007250 med=0.003428 std=0.008985 min=0.000000 max=0.043862
2025-08-26T11:28:45Z - INFO - [train_model] Epoch 007 | train (price) MSE=0.000416 MAE=0.014223 RMSE=0.020386 | val (price) MSE=0.000479 MAE=0.018177 RMSE=0.021879
2025-08-26T11:28:46Z - INFO - [train_model] Epoch 008 | train (scaled) MSE: mean=0.006255 med=0.001656 std=0.019935 min=0.000000 max=0.297171 | val (scaled) MSE: mean=0.006972 med=0.003260 std=0.008774 min=0.000000 max=0.043372
2025-08-26T11:28:46Z - INFO - [train_model] Epoch 008 | train (price) MSE=0.000413 MAE=0.014114 RMSE=0.020322 | val (price) MSE=0.000460 MAE=0.017759 RMSE=0.021455
2025-08-26T11:28:46Z - INFO - [train_model] Epoch 009 | train (scaled) MSE: mean=0.006219 med=0.001624 std=0.019964 min=0.000000 max=0.295928 | val (scaled) MSE: mean=0.006558 med=0.002844 std=0.008462 min=0.000005 max=0.042632
2025-08-26T11:28:46Z - INFO - [train_model] Epoch 009 | train (price) MSE=0.000411 MAE=0.014043 RMSE=0.020263 | val (price) MSE=0.000433 MAE=0.017106 RMSE=0.020809
2025-08-26T11:28:47Z - INFO - [train_model] Epoch 010 | train (scaled) MSE: mean=0.006169 med=0.001547 std=0.019996 min=0.000000 max=0.296967 | val (scaled) MSE: mean=0.006228 med=0.002649 std=0.008219 min=0.000001 max=0.042121
2025-08-26T11:28:47Z - INFO - [train_model] Epoch 010 | train (price) MSE=0.000407 MAE=0.013937 RMSE=0.020181 | val (price) MSE=0.000411 MAE=0.016563 RMSE=0.020278
2025-08-26T11:28:47Z - INFO - [train_model] Epoch 011 | train (scaled) MSE: mean=0.006075 med=0.001545 std=0.019902 min=0.000000 max=0.296601 | val (scaled) MSE: mean=0.006215 med=0.002660 std=0.008210 min=0.000002 max=0.042286
2025-08-26T11:28:47Z - INFO - [train_model] Epoch 011 | train (price) MSE=0.000401 MAE=0.013804 RMSE=0.020028 | val (price) MSE=0.000410 MAE=0.016556 RMSE=0.020256
2025-08-26T11:28:48Z - INFO - [train_model] Epoch 012 | train (scaled) MSE: mean=0.006058 med=0.001469 std=0.019984 min=0.000000 max=0.297558 | val (scaled) MSE: mean=0.005776 med=0.002335 std=0.007870 min=0.000000 max=0.041293
2025-08-26T11:28:48Z - INFO - [train_model] Epoch 012 | train (price) MSE=0.000400 MAE=0.013766 RMSE=0.019999 | val (price) MSE=0.000381 MAE=0.015833 RMSE=0.019529
2025-08-26T11:28:48Z - INFO - [train_model] Epoch 013 | train (scaled) MSE: mean=0.005989 med=0.001439 std=0.019900 min=0.000000 max=0.295522 | val (scaled) MSE: mean=0.005539 med=0.002305 std=0.007695 min=0.000000 max=0.040839
2025-08-26T11:28:48Z - INFO - [train_model] Epoch 013 | train (price) MSE=0.000395 MAE=0.013661 RMSE=0.019885 | val (price) MSE=0.000366 MAE=0.015435 RMSE=0.019122
2025-08-26T11:28:49Z - INFO - [train_model] Epoch 014 | train (scaled) MSE: mean=0.005926 med=0.001468 std=0.019833 min=0.000000 max=0.294830 | val (scaled) MSE: mean=0.005352 med=0.002271 std=0.007574 min=0.000001 max=0.040533
2025-08-26T11:28:49Z - INFO - [train_model] Epoch 014 | train (price) MSE=0.000391 MAE=0.013563 RMSE=0.019780 | val (price) MSE=0.000353 MAE=0.015116 RMSE=0.018797
2025-08-26T11:28:49Z - INFO - [train_model] Epoch 015 | train (scaled) MSE: mean=0.005867 med=0.001508 std=0.019754 min=0.000000 max=0.294399 | val (scaled) MSE: mean=0.005205 med=0.002264 std=0.007475 min=0.000004 max=0.040423
2025-08-26T11:28:49Z - INFO - [train_model] Epoch 015 | train (price) MSE=0.000387 MAE=0.013493 RMSE=0.019681 | val (price) MSE=0.000344 MAE=0.014864 RMSE=0.018538
2025-08-26T11:28:50Z - INFO - [train_model] Epoch 016 | train (scaled) MSE: mean=0.005810 med=0.001517 std=0.019713 min=0.000000 max=0.294144 | val (scaled) MSE: mean=0.005053 med=0.002071 std=0.007395 min=0.000004 max=0.040234
2025-08-26T11:28:50Z - INFO - [train_model] Epoch 016 | train (price) MSE=0.000384 MAE=0.013399 RMSE=0.019585 | val (price) MSE=0.000334 MAE=0.014581 RMSE=0.018264
2025-08-26T11:28:50Z - INFO - [train_model] Epoch 017 | train (scaled) MSE: mean=0.005752 med=0.001518 std=0.019590 min=0.000000 max=0.291043 | val (scaled) MSE: mean=0.004942 med=0.001965 std=0.007334 min=0.000006 max=0.040215
2025-08-26T11:28:50Z - INFO - [train_model] Epoch 017 | train (price) MSE=0.000380 MAE=0.013321 RMSE=0.019488 | val (price) MSE=0.000326 MAE=0.014378 RMSE=0.018064
2025-08-26T11:28:51Z - INFO - [train_model] Epoch 018 | train (scaled) MSE: mean=0.005654 med=0.001476 std=0.019285 min=0.000000 max=0.279500 | val (scaled) MSE: mean=0.004822 med=0.001797 std=0.007280 min=0.000002 max=0.040210
2025-08-26T11:28:51Z - INFO - [train_model] Epoch 018 | train (price) MSE=0.000373 MAE=0.013215 RMSE=0.019322 | val (price) MSE=0.000318 MAE=0.014143 RMSE=0.017843
2025-08-26T11:28:51Z - INFO - [train_model] New best (price) val MSE=0.000318 at epoch 18; saved → /home/tbfs/Projects/finBert/output/20250826-072836/saved_weights/EBAY/EBAY_best-epoch018.pt
2025-08-26T11:28:51Z - INFO - [train_model] Epoch 019 | train (scaled) MSE: mean=0.005627 med=0.001477 std=0.019314 min=0.000000 max=0.283790 | val (scaled) MSE: mean=0.004771 med=0.001790 std=0.007307 min=0.000000 max=0.040432
2025-08-26T11:28:51Z - INFO - [train_model] Epoch 019 | train (price) MSE=0.000372 MAE=0.013152 RMSE=0.019275 | val (price) MSE=0.000315 MAE=0.014027 RMSE=0.017748
2025-08-26T11:28:51Z - INFO - [train_model] New best (price) val MSE=0.000315 at epoch 19; saved → /home/tbfs/Projects/finBert/output/20250826-072836/saved_weights/EBAY/EBAY_best-epoch019.pt
2025-08-26T11:28:52Z - INFO - [train_model] Epoch 020 | train (scaled) MSE: mean=0.005586 med=0.001428 std=0.019286 min=0.000000 max=0.285380 | val (scaled) MSE: mean=0.004665 med=0.001745 std=0.007268 min=0.000000 max=0.040493
2025-08-26T11:28:52Z - INFO - [train_model] Epoch 020 | train (price) MSE=0.000369 MAE=0.013090 RMSE=0.019204 | val (price) MSE=0.000308 MAE=0.013824 RMSE=0.017550
2025-08-26T11:28:52Z - INFO - [train_model] New best (price) val MSE=0.000308 at epoch 20; saved → /home/tbfs/Projects/finBert/output/20250826-072836/saved_weights/EBAY/EBAY_best-epoch020.pt
2025-08-26T11:28:52Z - INFO - [train_model] Epoch 021 | train (scaled) MSE: mean=0.005510 med=0.001409 std=0.019057 min=0.000000 max=0.282354 | val (scaled) MSE: mean=0.004365 med=0.001577 std=0.007065 min=0.000006 max=0.039627
2025-08-26T11:28:52Z - INFO - [train_model] Epoch 021 | train (price) MSE=0.000364 MAE=0.013014 RMSE=0.019073 | val (price) MSE=0.000288 MAE=0.013229 RMSE=0.016977
2025-08-26T11:28:52Z - INFO - [train_model] New best (price) val MSE=0.000288 at epoch 21; saved → /home/tbfs/Projects/finBert/output/20250826-072836/saved_weights/EBAY/EBAY_best-epoch021.pt
2025-08-26T11:28:53Z - INFO - [train_model] Epoch 022 | train (scaled) MSE: mean=0.005461 med=0.001390 std=0.018984 min=0.000000 max=0.279796 | val (scaled) MSE: mean=0.004415 med=0.001614 std=0.007149 min=0.000003 max=0.040195
2025-08-26T11:28:53Z - INFO - [train_model] Epoch 022 | train (price) MSE=0.000361 MAE=0.012942 RMSE=0.018988 | val (price) MSE=0.000291 MAE=0.013320 RMSE=0.017073
2025-08-26T11:28:53Z - INFO - [train_model] Epoch 023 | train (scaled) MSE: mean=0.005413 med=0.001388 std=0.018872 min=0.000000 max=0.278341 | val (scaled) MSE: mean=0.004360 med=0.001579 std=0.007141 min=0.000001 max=0.040194
2025-08-26T11:28:53Z - INFO - [train_model] Epoch 023 | train (price) MSE=0.000357 MAE=0.012885 RMSE=0.018905 | val (price) MSE=0.000288 MAE=0.013195 RMSE=0.016967
2025-08-26T11:28:53Z - INFO - [train_model] New best (price) val MSE=0.000288 at epoch 23; saved → /home/tbfs/Projects/finBert/output/20250826-072836/saved_weights/EBAY/EBAY_best-epoch023.pt
2025-08-26T11:28:54Z - INFO - [train_model] Epoch 024 | train (scaled) MSE: mean=0.005375 med=0.001357 std=0.018757 min=0.000000 max=0.277054 | val (scaled) MSE: mean=0.004212 med=0.001487 std=0.007061 min=0.000003 max=0.039937
2025-08-26T11:28:54Z - INFO - [train_model] Epoch 024 | train (price) MSE=0.000355 MAE=0.012842 RMSE=0.018838 | val (price) MSE=0.000278 MAE=0.012872 RMSE=0.016677
2025-08-26T11:28:54Z - INFO - [train_model] New best (price) val MSE=0.000278 at epoch 24; saved → /home/tbfs/Projects/finBert/output/20250826-072836/saved_weights/EBAY/EBAY_best-epoch024.pt
2025-08-26T11:28:54Z - INFO - [train_model] Epoch 025 | train (scaled) MSE: mean=0.005314 med=0.001384 std=0.018644 min=0.000000 max=0.274695 | val (scaled) MSE: mean=0.004261 med=0.001563 std=0.007156 min=0.000000 max=0.040421
2025-08-26T11:28:54Z - INFO - [train_model] Epoch 025 | train (price) MSE=0.000351 MAE=0.012758 RMSE=0.018730 | val (price) MSE=0.000281 MAE=0.012951 RMSE=0.016772
2025-08-26T11:28:55Z - INFO - [train_model] Epoch 026 | train (scaled) MSE: mean=0.005281 med=0.001357 std=0.018521 min=0.000000 max=0.272819 | val (scaled) MSE: mean=0.004189 med=0.001561 std=0.007154 min=0.000000 max=0.040375
2025-08-26T11:28:55Z - INFO - [train_model] Epoch 026 | train (price) MSE=0.000349 MAE=0.012726 RMSE=0.018673 | val (price) MSE=0.000277 MAE=0.012770 RMSE=0.016631
2025-08-26T11:28:55Z - INFO - [train_model] New best (price) val MSE=0.000277 at epoch 26; saved → /home/tbfs/Projects/finBert/output/20250826-072836/saved_weights/EBAY/EBAY_best-epoch026.pt
2025-08-26T11:28:55Z - INFO - [train_model] Epoch 027 | train (scaled) MSE: mean=0.005234 med=0.001402 std=0.018428 min=0.000000 max=0.270650 | val (scaled) MSE: mean=0.004050 med=0.001500 std=0.007050 min=0.000002 max=0.039887
2025-08-26T11:28:55Z - INFO - [train_model] Epoch 027 | train (price) MSE=0.000346 MAE=0.012680 RMSE=0.018589 | val (price) MSE=0.000267 MAE=0.012473 RMSE=0.016353
2025-08-26T11:28:55Z - INFO - [train_model] New best (price) val MSE=0.000267 at epoch 27; saved → /home/tbfs/Projects/finBert/output/20250826-072836/saved_weights/EBAY/EBAY_best-epoch027.pt
2025-08-26T11:28:56Z - INFO - [train_model] Epoch 028 | train (scaled) MSE: mean=0.005183 med=0.001357 std=0.018322 min=0.000000 max=0.267723 | val (scaled) MSE: mean=0.004174 med=0.001555 std=0.007235 min=0.000000 max=0.040591
2025-08-26T11:28:56Z - INFO - [train_model] Epoch 028 | train (price) MSE=0.000342 MAE=0.012614 RMSE=0.018498 | val (price) MSE=0.000276 MAE=0.012707 RMSE=0.016600
2025-08-26T11:28:56Z - INFO - [train_model] Epoch 029 | train (scaled) MSE: mean=0.005124 med=0.001353 std=0.018173 min=0.000000 max=0.264547 | val (scaled) MSE: mean=0.003663 med=0.001492 std=0.006785 min=0.000000 max=0.038302
2025-08-26T11:28:56Z - INFO - [train_model] Epoch 029 | train (price) MSE=0.000338 MAE=0.012529 RMSE=0.018393 | val (price) MSE=0.000242 MAE=0.011557 RMSE=0.015552
2025-08-26T11:28:56Z - INFO - [train_model] New best (price) val MSE=0.000242 at epoch 29; saved → /home/tbfs/Projects/finBert/output/20250826-072836/saved_weights/EBAY/EBAY_best-epoch029.pt
2025-08-26T11:28:57Z - INFO - [train_model] Epoch 030 | train (scaled) MSE: mean=0.005121 med=0.001371 std=0.018102 min=0.000000 max=0.261509 | val (scaled) MSE: mean=0.003820 med=0.001442 std=0.006844 min=0.000005 max=0.039219
2025-08-26T11:28:57Z - INFO - [train_model] Epoch 030 | train (price) MSE=0.000338 MAE=0.012567 RMSE=0.018388 | val (price) MSE=0.000252 MAE=0.011983 RMSE=0.015881
2025-08-26T11:28:57Z - INFO - [train_model] Epoch 031 | train (scaled) MSE: mean=0.005064 med=0.001320 std=0.018018 min=0.000000 max=0.260692 | val (scaled) MSE: mean=0.003941 med=0.001353 std=0.007019 min=0.000003 max=0.040092
2025-08-26T11:28:57Z - INFO - [train_model] Epoch 031 | train (price) MSE=0.000334 MAE=0.012477 RMSE=0.018285 | val (price) MSE=0.000260 MAE=0.012226 RMSE=0.016131
2025-08-26T11:28:58Z - INFO - [train_model] Epoch 032 | train (scaled) MSE: mean=0.005016 med=0.001360 std=0.017886 min=0.000000 max=0.257547 | val (scaled) MSE: mean=0.003914 med=0.001356 std=0.007040 min=0.000001 max=0.040250
2025-08-26T11:28:58Z - INFO - [train_model] Epoch 032 | train (price) MSE=0.000331 MAE=0.012434 RMSE=0.018197 | val (price) MSE=0.000258 MAE=0.012143 RMSE=0.016076
2025-08-26T11:28:58Z - INFO - [train_model] Epoch 033 | train (scaled) MSE: mean=0.004962 med=0.001332 std=0.017753 min=0.000000 max=0.253858 | val (scaled) MSE: mean=0.003383 med=0.001244 std=0.006497 min=0.000001 max=0.037278
2025-08-26T11:28:58Z - INFO - [train_model] Epoch 033 | train (price) MSE=0.000328 MAE=0.012346 RMSE=0.018101 | val (price) MSE=0.000223 MAE=0.011001 RMSE=0.014946
2025-08-26T11:28:58Z - INFO - [train_model] New best (price) val MSE=0.000223 at epoch 33; saved → /home/tbfs/Projects/finBert/output/20250826-072836/saved_weights/EBAY/EBAY_best-epoch033.pt
2025-08-26T11:28:59Z - INFO - [train_model] Epoch 034 | train (scaled) MSE: mean=0.004919 med=0.001377 std=0.017651 min=0.000000 max=0.252246 | val (scaled) MSE: mean=0.003734 med=0.001335 std=0.006971 min=0.000000 max=0.039603
2025-08-26T11:28:59Z - INFO - [train_model] Epoch 034 | train (price) MSE=0.000325 MAE=0.012315 RMSE=0.018021 | val (price) MSE=0.000247 MAE=0.011682 RMSE=0.015702
2025-08-26T11:28:59Z - INFO - [train_model] Epoch 035 | train (scaled) MSE: mean=0.004892 med=0.001363 std=0.017529 min=0.000000 max=0.249406 | val (scaled) MSE: mean=0.003753 med=0.001298 std=0.007017 min=0.000000 max=0.039949
2025-08-26T11:28:59Z - INFO - [train_model] Epoch 035 | train (price) MSE=0.000323 MAE=0.012315 RMSE=0.017971 | val (price) MSE=0.000248 MAE=0.011707 RMSE=0.015742
2025-08-26T11:29:00Z - INFO - [train_model] Epoch 036 | train (scaled) MSE: mean=0.004833 med=0.001370 std=0.017402 min=0.000000 max=0.245802 | val (scaled) MSE: mean=0.003584 med=0.001249 std=0.006895 min=0.000000 max=0.039149
2025-08-26T11:29:00Z - INFO - [train_model] Epoch 036 | train (price) MSE=0.000319 MAE=0.012204 RMSE=0.017863 | val (price) MSE=0.000237 MAE=0.011325 RMSE=0.015382
2025-08-26T11:29:00Z - INFO - [train_model] Epoch 037 | train (scaled) MSE: mean=0.004802 med=0.001364 std=0.017291 min=0.000000 max=0.244437 | val (scaled) MSE: mean=0.003606 med=0.001254 std=0.006931 min=0.000000 max=0.039451
2025-08-26T11:29:00Z - INFO - [train_model] Epoch 037 | train (price) MSE=0.000317 MAE=0.012216 RMSE=0.017806 | val (price) MSE=0.000238 MAE=0.011376 RMSE=0.015429
2025-08-26T11:29:01Z - INFO - [train_model] Epoch 038 | train (scaled) MSE: mean=0.004776 med=0.001319 std=0.017327 min=0.000000 max=0.244651 | val (scaled) MSE: mean=0.003420 med=0.001290 std=0.006744 min=0.000000 max=0.038325
2025-08-26T11:29:01Z - INFO - [train_model] Epoch 038 | train (price) MSE=0.000315 MAE=0.012118 RMSE=0.017757 | val (price) MSE=0.000226 MAE=0.011000 RMSE=0.015026
2025-08-26T11:29:01Z - INFO - [train_model] Epoch 039 | train (scaled) MSE: mean=0.004758 med=0.001294 std=0.017246 min=0.000000 max=0.244569 | val (scaled) MSE: mean=0.003530 med=0.001295 std=0.006865 min=0.000000 max=0.039168
2025-08-26T11:29:01Z - INFO - [train_model] Epoch 039 | train (price) MSE=0.000314 MAE=0.012148 RMSE=0.017724 | val (price) MSE=0.000233 MAE=0.011227 RMSE=0.015266
2025-08-26T11:29:02Z - INFO - [train_model] Epoch 040 | train (scaled) MSE: mean=0.004746 med=0.001357 std=0.017246 min=0.000000 max=0.243690 | val (scaled) MSE: mean=0.003336 med=0.001149 std=0.006665 min=0.000002 max=0.037934
2025-08-26T11:29:02Z - INFO - [train_model] Epoch 040 | train (price) MSE=0.000313 MAE=0.012107 RMSE=0.017701 | val (price) MSE=0.000220 MAE=0.010834 RMSE=0.014840
2025-08-26T11:29:02Z - INFO - [train_model] New best (price) val MSE=0.000220 at epoch 40; saved → /home/tbfs/Projects/finBert/output/20250826-072836/saved_weights/EBAY/EBAY_best-epoch040.pt
2025-08-26T11:29:02Z - INFO - [train_model] Epoch 041 | train (scaled) MSE: mean=0.004721 med=0.001278 std=0.017227 min=0.000000 max=0.243131 | val (scaled) MSE: mean=0.003331 med=0.001135 std=0.006687 min=0.000001 max=0.038020
2025-08-26T11:29:02Z - INFO - [train_model] Epoch 041 | train (price) MSE=0.000312 MAE=0.012062 RMSE=0.017656 | val (price) MSE=0.000220 MAE=0.010812 RMSE=0.014829
2025-08-26T11:29:02Z - INFO - [train_model] New best (price) val MSE=0.000220 at epoch 41; saved → /home/tbfs/Projects/finBert/output/20250826-072836/saved_weights/EBAY/EBAY_best-epoch041.pt
2025-08-26T11:29:03Z - INFO - [train_model] Epoch 042 | train (scaled) MSE: mean=0.004679 med=0.001255 std=0.017204 min=0.000000 max=0.244467 | val (scaled) MSE: mean=0.003293 med=0.001055 std=0.006647 min=0.000000 max=0.037820
2025-08-26T11:29:03Z - INFO - [train_model] Epoch 042 | train (price) MSE=0.000309 MAE=0.011978 RMSE=0.017577 | val (price) MSE=0.000217 MAE=0.010736 RMSE=0.014746
2025-08-26T11:29:03Z - INFO - [train_model] New best (price) val MSE=0.000217 at epoch 42; saved → /home/tbfs/Projects/finBert/output/20250826-072836/saved_weights/EBAY/EBAY_best-epoch042.pt
2025-08-26T11:29:03Z - INFO - [train_model] Epoch 043 | train (scaled) MSE: mean=0.004656 med=0.001230 std=0.017145 min=0.000000 max=0.244649 | val (scaled) MSE: mean=0.003341 med=0.001232 std=0.006675 min=0.000001 max=0.038178
2025-08-26T11:29:03Z - INFO - [train_model] Epoch 043 | train (price) MSE=0.000307 MAE=0.011956 RMSE=0.017533 | val (price) MSE=0.000221 MAE=0.010868 RMSE=0.014853
2025-08-26T11:29:04Z - INFO - [train_model] Epoch 044 | train (scaled) MSE: mean=0.004668 med=0.001253 std=0.017170 min=0.000000 max=0.245724 | val (scaled) MSE: mean=0.003375 med=0.001123 std=0.006798 min=0.000001 max=0.038454
2025-08-26T11:29:04Z - INFO - [train_model] Epoch 044 | train (price) MSE=0.000308 MAE=0.011984 RMSE=0.017556 | val (price) MSE=0.000223 MAE=0.010871 RMSE=0.014926
2025-08-26T11:29:04Z - INFO - [train_model] Epoch 045 | train (scaled) MSE: mean=0.004658 med=0.001300 std=0.017203 min=0.000000 max=0.245527 | val (scaled) MSE: mean=0.003293 med=0.001066 std=0.006674 min=0.000001 max=0.037734
2025-08-26T11:29:04Z - INFO - [train_model] Epoch 045 | train (price) MSE=0.000308 MAE=0.011956 RMSE=0.017536 | val (price) MSE=0.000217 MAE=0.010717 RMSE=0.014746
2025-08-26T11:29:05Z - INFO - [train_model] Epoch 046 | train (scaled) MSE: mean=0.004642 med=0.001312 std=0.017293 min=0.000000 max=0.248701 | val (scaled) MSE: mean=0.003234 med=0.001031 std=0.006589 min=0.000004 max=0.037274
2025-08-26T11:29:05Z - INFO - [train_model] Epoch 046 | train (price) MSE=0.000306 MAE=0.011891 RMSE=0.017506 | val (price) MSE=0.000214 MAE=0.010619 RMSE=0.014613
2025-08-26T11:29:05Z - INFO - [train_model] New best (price) val MSE=0.000214 at epoch 46; saved → /home/tbfs/Projects/finBert/output/20250826-072836/saved_weights/EBAY/EBAY_best-epoch046.pt
2025-08-26T11:29:05Z - INFO - [train_model] Epoch 047 | train (scaled) MSE: mean=0.004601 med=0.001217 std=0.017208 min=0.000000 max=0.246866 | val (scaled) MSE: mean=0.003209 med=0.000965 std=0.006591 min=0.000001 max=0.037262
2025-08-26T11:29:05Z - INFO - [train_model] Epoch 047 | train (price) MSE=0.000304 MAE=0.011790 RMSE=0.017429 | val (price) MSE=0.000212 MAE=0.010544 RMSE=0.014555
2025-08-26T11:29:05Z - INFO - [train_model] New best (price) val MSE=0.000212 at epoch 47; saved → /home/tbfs/Projects/finBert/output/20250826-072836/saved_weights/EBAY/EBAY_best-epoch047.pt
2025-08-26T11:29:06Z - INFO - [train_model] Epoch 048 | train (scaled) MSE: mean=0.004627 med=0.001260 std=0.017215 min=0.000000 max=0.250837 | val (scaled) MSE: mean=0.003242 med=0.000954 std=0.006700 min=0.000003 max=0.037871
2025-08-26T11:29:06Z - INFO - [train_model] Epoch 048 | train (price) MSE=0.000305 MAE=0.011879 RMSE=0.017479 | val (price) MSE=0.000214 MAE=0.010578 RMSE=0.014630
2025-08-26T11:29:06Z - INFO - [train_model] Epoch 049 | train (scaled) MSE: mean=0.004599 med=0.001229 std=0.017059 min=0.000000 max=0.247747 | val (scaled) MSE: mean=0.003223 med=0.000985 std=0.006687 min=0.000001 max=0.037803
2025-08-26T11:29:06Z - INFO - [train_model] Epoch 049 | train (price) MSE=0.000304 MAE=0.011840 RMSE=0.017424 | val (price) MSE=0.000213 MAE=0.010538 RMSE=0.014586
2025-08-26T11:29:07Z - INFO - [train_model] Epoch 050 | train (scaled) MSE: mean=0.004567 med=0.001234 std=0.017073 min=0.000000 max=0.245024 | val (scaled) MSE: mean=0.003145 med=0.000956 std=0.006451 min=0.000000 max=0.036717
2025-08-26T11:29:07Z - INFO - [train_model] Epoch 050 | train (price) MSE=0.000302 MAE=0.011731 RMSE=0.017364 | val (price) MSE=0.000208 MAE=0.010419 RMSE=0.014409
2025-08-26T11:29:07Z - INFO - [train_model] New best (price) val MSE=0.000208 at epoch 50; saved → /home/tbfs/Projects/finBert/output/20250826-072836/saved_weights/EBAY/EBAY_best-epoch050.pt
2025-08-26T11:29:07Z - INFO - [train_model] Epoch 051 | train (scaled) MSE: mean=0.004585 med=0.001190 std=0.017152 min=0.000000 max=0.246364 | val (scaled) MSE: mean=0.003224 med=0.001029 std=0.006599 min=0.000005 max=0.037482
2025-08-26T11:29:07Z - INFO - [train_model] Epoch 051 | train (price) MSE=0.000303 MAE=0.011764 RMSE=0.017398 | val (price) MSE=0.000213 MAE=0.010591 RMSE=0.014589
2025-08-26T11:29:08Z - INFO - [train_model] Epoch 052 | train (scaled) MSE: mean=0.004574 med=0.001204 std=0.017059 min=0.000000 max=0.248072 | val (scaled) MSE: mean=0.003203 med=0.000945 std=0.006629 min=0.000002 max=0.037681
2025-08-26T11:29:08Z - INFO - [train_model] Epoch 052 | train (price) MSE=0.000302 MAE=0.011783 RMSE=0.017379 | val (price) MSE=0.000211 MAE=0.010520 RMSE=0.014542
2025-08-26T11:29:08Z - INFO - [train_model] Epoch 053 | train (scaled) MSE: mean=0.004546 med=0.001224 std=0.017139 min=0.000000 max=0.246928 | val (scaled) MSE: mean=0.003184 med=0.000919 std=0.006570 min=0.000002 max=0.037456
2025-08-26T11:29:08Z - INFO - [train_model] Epoch 053 | train (price) MSE=0.000300 MAE=0.011712 RMSE=0.017324 | val (price) MSE=0.000210 MAE=0.010503 RMSE=0.014498
2025-08-26T11:29:08Z - INFO - [train_model] Epoch 054 | train (scaled) MSE: mean=0.004529 med=0.001145 std=0.017179 min=0.000000 max=0.246303 | val (scaled) MSE: mean=0.003175 med=0.001000 std=0.006545 min=0.000000 max=0.037492
2025-08-26T11:29:08Z - INFO - [train_model] Epoch 054 | train (price) MSE=0.000299 MAE=0.011675 RMSE=0.017293 | val (price) MSE=0.000210 MAE=0.010507 RMSE=0.014479
2025-08-26T11:29:09Z - INFO - [train_model] Epoch 055 | train (scaled) MSE: mean=0.004514 med=0.001204 std=0.017020 min=0.000000 max=0.242377 | val (scaled) MSE: mean=0.003071 med=0.000972 std=0.006424 min=0.000000 max=0.036496
2025-08-26T11:29:09Z - INFO - [train_model] Epoch 055 | train (price) MSE=0.000298 MAE=0.011685 RMSE=0.017264 | val (price) MSE=0.000203 MAE=0.010263 RMSE=0.014238
2025-08-26T11:29:09Z - INFO - [train_model] New best (price) val MSE=0.000203 at epoch 55; saved → /home/tbfs/Projects/finBert/output/20250826-072836/saved_weights/EBAY/EBAY_best-epoch055.pt
2025-08-26T11:29:09Z - INFO - [train_model] Epoch 056 | train (scaled) MSE: mean=0.004515 med=0.001164 std=0.017224 min=0.000000 max=0.242575 | val (scaled) MSE: mean=0.003094 med=0.000925 std=0.006465 min=0.000000 max=0.036642
2025-08-26T11:29:09Z - INFO - [train_model] Epoch 056 | train (price) MSE=0.000298 MAE=0.011625 RMSE=0.017265 | val (price) MSE=0.000204 MAE=0.010296 RMSE=0.014292
2025-08-26T11:29:10Z - INFO - [train_model] Epoch 057 | train (scaled) MSE: mean=0.004470 med=0.001174 std=0.016904 min=0.000000 max=0.237030 | val (scaled) MSE: mean=0.003148 med=0.000993 std=0.006537 min=0.000000 max=0.037432
2025-08-26T11:29:10Z - INFO - [train_model] Epoch 057 | train (price) MSE=0.000295 MAE=0.011597 RMSE=0.017179 | val (price) MSE=0.000208 MAE=0.010429 RMSE=0.014417
2025-08-26T11:29:10Z - INFO - [train_model] Epoch 058 | train (scaled) MSE: mean=0.004445 med=0.001125 std=0.016900 min=0.000000 max=0.235841 | val (scaled) MSE: mean=0.003118 med=0.000913 std=0.006506 min=0.000000 max=0.036850
2025-08-26T11:29:10Z - INFO - [train_model] Epoch 058 | train (price) MSE=0.000293 MAE=0.011529 RMSE=0.017131 | val (price) MSE=0.000206 MAE=0.010337 RMSE=0.014347
2025-08-26T11:29:11Z - INFO - [train_model] Epoch 059 | train (scaled) MSE: mean=0.004429 med=0.001124 std=0.016749 min=0.000000 max=0.230449 | val (scaled) MSE: mean=0.003202 med=0.000986 std=0.006587 min=0.000002 max=0.037431
2025-08-26T11:29:11Z - INFO - [train_model] Epoch 059 | train (price) MSE=0.000292 MAE=0.011510 RMSE=0.017099 | val (price) MSE=0.000211 MAE=0.010539 RMSE=0.014539
2025-08-26T11:29:11Z - INFO - [train_model] Epoch 060 | train (scaled) MSE: mean=0.004389 med=0.001123 std=0.016622 min=0.000000 max=0.225265 | val (scaled) MSE: mean=0.003146 med=0.000920 std=0.006532 min=0.000000 max=0.037033
2025-08-26T11:29:11Z - INFO - [train_model] Epoch 060 | train (price) MSE=0.000290 MAE=0.011456 RMSE=0.017022 | val (price) MSE=0.000208 MAE=0.010403 RMSE=0.014412
2025-08-26T11:29:12Z - INFO - [train_model] Epoch 061 | train (scaled) MSE: mean=0.004367 med=0.001115 std=0.016472 min=0.000000 max=0.222189 | val (scaled) MSE: mean=0.003104 med=0.000975 std=0.006485 min=0.000000 max=0.036994
2025-08-26T11:29:12Z - INFO - [train_model] Epoch 061 | train (price) MSE=0.000288 MAE=0.011449 RMSE=0.016981 | val (price) MSE=0.000205 MAE=0.010327 RMSE=0.014316
2025-08-26T11:29:12Z - INFO - [train_model] Epoch 062 | train (scaled) MSE: mean=0.004353 med=0.001115 std=0.016517 min=0.000000 max=0.224850 | val (scaled) MSE: mean=0.003075 med=0.000990 std=0.006439 min=0.000000 max=0.036781
2025-08-26T11:29:12Z - INFO - [train_model] Epoch 062 | train (price) MSE=0.000287 MAE=0.011418 RMSE=0.016954 | val (price) MSE=0.000203 MAE=0.010278 RMSE=0.014247
2025-08-26T11:29:13Z - INFO - [train_model] Epoch 063 | train (scaled) MSE: mean=0.004338 med=0.001097 std=0.016507 min=0.000000 max=0.223679 | val (scaled) MSE: mean=0.003030 med=0.000879 std=0.006375 min=0.000000 max=0.036301
2025-08-26T11:29:13Z - INFO - [train_model] Epoch 063 | train (price) MSE=0.000286 MAE=0.011371 RMSE=0.016923 | val (price) MSE=0.000200 MAE=0.010188 RMSE=0.014144
2025-08-26T11:29:13Z - INFO - [train_model] New best (price) val MSE=0.000200 at epoch 63; saved → /home/tbfs/Projects/finBert/output/20250826-072836/saved_weights/EBAY/EBAY_best-epoch063.pt
2025-08-26T11:29:13Z - INFO - [train_model] Epoch 064 | train (scaled) MSE: mean=0.004332 med=0.001101 std=0.016479 min=0.000000 max=0.222295 | val (scaled) MSE: mean=0.003017 med=0.000876 std=0.006363 min=0.000000 max=0.036293
2025-08-26T11:29:13Z - INFO - [train_model] Epoch 064 | train (price) MSE=0.000286 MAE=0.011371 RMSE=0.016913 | val (price) MSE=0.000199 MAE=0.010174 RMSE=0.014113
2025-08-26T11:29:13Z - INFO - [train_model] New best (price) val MSE=0.000199 at epoch 64; saved → /home/tbfs/Projects/finBert/output/20250826-072836/saved_weights/EBAY/EBAY_best-epoch064.pt
2025-08-26T11:29:14Z - INFO - [train_model] Epoch 065 | train (scaled) MSE: mean=0.004328 med=0.001085 std=0.016428 min=0.000000 max=0.224178 | val (scaled) MSE: mean=0.002997 med=0.000882 std=0.006354 min=0.000000 max=0.036481
2025-08-26T11:29:14Z - INFO - [train_model] Epoch 065 | train (price) MSE=0.000286 MAE=0.011333 RMSE=0.016904 | val (price) MSE=0.000198 MAE=0.010117 RMSE=0.014067
2025-08-26T11:29:14Z - INFO - [train_model] New best (price) val MSE=0.000198 at epoch 65; saved → /home/tbfs/Projects/finBert/output/20250826-072836/saved_weights/EBAY/EBAY_best-epoch065.pt
2025-08-26T11:29:14Z - INFO - [train_model] Epoch 066 | train (scaled) MSE: mean=0.004291 med=0.001089 std=0.016307 min=0.000000 max=0.223986 | val (scaled) MSE: mean=0.002982 med=0.000793 std=0.006351 min=0.000000 max=0.036237
2025-08-26T11:29:14Z - INFO - [train_model] Epoch 066 | train (price) MSE=0.000283 MAE=0.011299 RMSE=0.016831 | val (price) MSE=0.000197 MAE=0.010079 RMSE=0.014032
2025-08-26T11:29:14Z - INFO - [train_model] New best (price) val MSE=0.000197 at epoch 66; saved → /home/tbfs/Projects/finBert/output/20250826-072836/saved_weights/EBAY/EBAY_best-epoch066.pt
2025-08-26T11:29:15Z - INFO - [train_model] Epoch 067 | train (scaled) MSE: mean=0.004277 med=0.001090 std=0.016296 min=0.000000 max=0.225120 | val (scaled) MSE: mean=0.003021 med=0.000991 std=0.006376 min=0.000000 max=0.036579
2025-08-26T11:29:15Z - INFO - [train_model] Epoch 067 | train (price) MSE=0.000282 MAE=0.011240 RMSE=0.016803 | val (price) MSE=0.000199 MAE=0.010175 RMSE=0.014123
2025-08-26T11:29:16Z - INFO - [train_model] Epoch 068 | train (scaled) MSE: mean=0.004266 med=0.001066 std=0.016246 min=0.000000 max=0.224782 | val (scaled) MSE: mean=0.003000 med=0.000925 std=0.006336 min=0.000000 max=0.036317
2025-08-26T11:29:16Z - INFO - [train_model] Epoch 068 | train (price) MSE=0.000282 MAE=0.011239 RMSE=0.016783 | val (price) MSE=0.000198 MAE=0.010141 RMSE=0.014074
2025-08-26T11:29:16Z - INFO - [train_model] Epoch 069 | train (scaled) MSE: mean=0.004240 med=0.001087 std=0.016131 min=0.000000 max=0.225059 | val (scaled) MSE: mean=0.003185 med=0.001030 std=0.006625 min=0.000000 max=0.037241
2025-08-26T11:29:16Z - INFO - [train_model] Epoch 069 | train (price) MSE=0.000280 MAE=0.011192 RMSE=0.016730 | val (price) MSE=0.000210 MAE=0.010445 RMSE=0.014502
2025-08-26T11:29:16Z - INFO - [train_model] Epoch 070 | train (scaled) MSE: mean=0.004213 med=0.001056 std=0.016050 min=0.000000 max=0.225883 | val (scaled) MSE: mean=0.003032 med=0.000983 std=0.006389 min=0.000000 max=0.036630
2025-08-26T11:29:16Z - INFO - [train_model] Epoch 070 | train (price) MSE=0.000278 MAE=0.011134 RMSE=0.016679 | val (price) MSE=0.000200 MAE=0.010199 RMSE=0.014148
2025-08-26T11:29:17Z - INFO - [train_model] Epoch 071 | train (scaled) MSE: mean=0.004203 med=0.001036 std=0.015934 min=0.000000 max=0.224706 | val (scaled) MSE: mean=0.002998 med=0.000788 std=0.006302 min=0.000000 max=0.035369
2025-08-26T11:29:17Z - INFO - [train_model] Epoch 071 | train (price) MSE=0.000277 MAE=0.011166 RMSE=0.016657 | val (price) MSE=0.000198 MAE=0.010125 RMSE=0.014069
2025-08-26T11:29:17Z - INFO - [train_model] Epoch 072 | train (scaled) MSE: mean=0.004186 med=0.001030 std=0.015931 min=0.000000 max=0.224717 | val (scaled) MSE: mean=0.003048 med=0.000991 std=0.006421 min=0.000000 max=0.036767
2025-08-26T11:29:17Z - INFO - [train_model] Epoch 072 | train (price) MSE=0.000276 MAE=0.011119 RMSE=0.016625 | val (price) MSE=0.000201 MAE=0.010215 RMSE=0.014185
2025-08-26T11:29:18Z - INFO - [train_model] Epoch 073 | train (scaled) MSE: mean=0.004169 med=0.001064 std=0.015901 min=0.000000 max=0.228142 | val (scaled) MSE: mean=0.002973 med=0.000881 std=0.006283 min=0.000000 max=0.036063
2025-08-26T11:29:18Z - INFO - [train_model] Epoch 073 | train (price) MSE=0.000275 MAE=0.011074 RMSE=0.016591 | val (price) MSE=0.000196 MAE=0.010101 RMSE=0.014011
2025-08-26T11:29:18Z - INFO - [train_model] New best (price) val MSE=0.000196 at epoch 73; saved → /home/tbfs/Projects/finBert/output/20250826-072836/saved_weights/EBAY/EBAY_best-epoch073.pt
2025-08-26T11:29:19Z - INFO - [train_model] Epoch 074 | train (scaled) MSE: mean=0.004173 med=0.001004 std=0.015991 min=0.000000 max=0.227585 | val (scaled) MSE: mean=0.002997 med=0.000761 std=0.006355 min=0.000001 max=0.035289
2025-08-26T11:29:19Z - INFO - [train_model] Epoch 074 | train (price) MSE=0.000276 MAE=0.011039 RMSE=0.016599 | val (price) MSE=0.000198 MAE=0.010041 RMSE=0.014066
2025-08-26T11:29:19Z - INFO - [train_model] Epoch 075 | train (scaled) MSE: mean=0.004140 med=0.001011 std=0.015850 min=0.000000 max=0.228138 | val (scaled) MSE: mean=0.002980 med=0.000871 std=0.006277 min=0.000000 max=0.035906
2025-08-26T11:29:19Z - INFO - [train_model] Epoch 075 | train (price) MSE=0.000273 MAE=0.011007 RMSE=0.016532 | val (price) MSE=0.000197 MAE=0.010123 RMSE=0.014027
2025-08-26T11:29:20Z - INFO - [train_model] Epoch 076 | train (scaled) MSE: mean=0.004130 med=0.000993 std=0.015779 min=0.000000 max=0.225418 | val (scaled) MSE: mean=0.002985 med=0.000872 std=0.006287 min=0.000001 max=0.035957
2025-08-26T11:29:20Z - INFO - [train_model] Epoch 076 | train (price) MSE=0.000273 MAE=0.010981 RMSE=0.016513 | val (price) MSE=0.000197 MAE=0.010136 RMSE=0.014038
2025-08-26T11:29:20Z - INFO - [train_model] Epoch 077 | train (scaled) MSE: mean=0.004141 med=0.001001 std=0.015785 min=0.000000 max=0.228572 | val (scaled) MSE: mean=0.003005 med=0.000925 std=0.006330 min=0.000000 max=0.036269
2025-08-26T11:29:20Z - INFO - [train_model] Epoch 077 | train (price) MSE=0.000273 MAE=0.011022 RMSE=0.016534 | val (price) MSE=0.000198 MAE=0.010159 RMSE=0.014086
2025-08-26T11:29:21Z - INFO - [train_model] Epoch 078 | train (scaled) MSE: mean=0.004132 med=0.000964 std=0.015501 min=0.000000 max=0.212877 | val (scaled) MSE: mean=0.002910 med=0.000754 std=0.006238 min=0.000000 max=0.035377
2025-08-26T11:29:21Z - INFO - [train_model] Epoch 078 | train (price) MSE=0.000273 MAE=0.011037 RMSE=0.016517 | val (price) MSE=0.000192 MAE=0.009927 RMSE=0.013862
2025-08-26T11:29:21Z - INFO - [train_model] New best (price) val MSE=0.000192 at epoch 78; saved → /home/tbfs/Projects/finBert/output/20250826-072836/saved_weights/EBAY/EBAY_best-epoch078.pt
2025-08-26T11:29:21Z - INFO - [train_model] Epoch 079 | train (scaled) MSE: mean=0.004141 med=0.001008 std=0.015773 min=0.000000 max=0.226836 | val (scaled) MSE: mean=0.003041 med=0.000819 std=0.006375 min=0.000001 max=0.035433
2025-08-26T11:29:21Z - INFO - [train_model] Epoch 079 | train (price) MSE=0.000273 MAE=0.011068 RMSE=0.016535 | val (price) MSE=0.000201 MAE=0.010158 RMSE=0.014169
2025-08-26T11:29:22Z - INFO - [train_model] Epoch 080 | train (scaled) MSE: mean=0.004117 med=0.001001 std=0.015712 min=0.000000 max=0.226677 | val (scaled) MSE: mean=0.002997 med=0.000898 std=0.006315 min=0.000000 max=0.036133
2025-08-26T11:29:22Z - INFO - [train_model] Epoch 080 | train (price) MSE=0.000272 MAE=0.011058 RMSE=0.016486 | val (price) MSE=0.000198 MAE=0.010149 RMSE=0.014066
2025-08-26T11:29:22Z - INFO - [train_model] Epoch 081 | train (scaled) MSE: mean=0.004135 med=0.001050 std=0.015642 min=0.000000 max=0.225526 | val (scaled) MSE: mean=0.002978 med=0.000864 std=0.006285 min=0.000001 max=0.035970
2025-08-26T11:29:22Z - INFO - [train_model] Epoch 081 | train (price) MSE=0.000273 MAE=0.011123 RMSE=0.016523 | val (price) MSE=0.000197 MAE=0.010115 RMSE=0.014023
2025-08-26T11:29:22Z - INFO - [train_model] Epoch 082 | train (scaled) MSE: mean=0.004097 med=0.001007 std=0.015547 min=0.000000 max=0.226025 | val (scaled) MSE: mean=0.002970 med=0.000880 std=0.006217 min=0.000000 max=0.035669
2025-08-26T11:29:22Z - INFO - [train_model] Epoch 082 | train (price) MSE=0.000270 MAE=0.011052 RMSE=0.016447 | val (price) MSE=0.000196 MAE=0.010139 RMSE=0.014003
2025-08-26T11:29:23Z - INFO - [train_model] Epoch 083 | train (scaled) MSE: mean=0.004142 med=0.001083 std=0.015677 min=0.000000 max=0.227623 | val (scaled) MSE: mean=0.002942 med=0.000830 std=0.006205 min=0.000000 max=0.035491
2025-08-26T11:29:23Z - INFO - [train_model] Epoch 083 | train (price) MSE=0.000273 MAE=0.011139 RMSE=0.016536 | val (price) MSE=0.000194 MAE=0.010081 RMSE=0.013938
2025-08-26T11:29:23Z - INFO - [train_model] Epoch 084 | train (scaled) MSE: mean=0.004152 med=0.001059 std=0.015689 min=0.000000 max=0.227556 | val (scaled) MSE: mean=0.002927 med=0.000796 std=0.006174 min=0.000000 max=0.035339
2025-08-26T11:29:23Z - INFO - [train_model] Epoch 084 | train (price) MSE=0.000274 MAE=0.011203 RMSE=0.016556 | val (price) MSE=0.000193 MAE=0.010062 RMSE=0.013902
2025-08-26T11:29:24Z - INFO - [train_model] Epoch 085 | train (scaled) MSE: mean=0.004121 med=0.001089 std=0.015615 min=0.000000 max=0.225349 | val (scaled) MSE: mean=0.002973 med=0.000853 std=0.006267 min=0.000000 max=0.035868
2025-08-26T11:29:24Z - INFO - [train_model] Epoch 085 | train (price) MSE=0.000272 MAE=0.011149 RMSE=0.016495 | val (price) MSE=0.000196 MAE=0.010123 RMSE=0.014011
2025-08-26T11:29:24Z - INFO - [train_model] Epoch 086 | train (scaled) MSE: mean=0.004163 med=0.001132 std=0.015761 min=0.000000 max=0.229995 | val (scaled) MSE: mean=0.002956 med=0.000860 std=0.006250 min=0.000000 max=0.035778
2025-08-26T11:29:24Z - INFO - [train_model] Epoch 086 | train (price) MSE=0.000275 MAE=0.011186 RMSE=0.016579 | val (price) MSE=0.000195 MAE=0.010085 RMSE=0.013970
2025-08-26T11:29:25Z - INFO - [train_model] Epoch 087 | train (scaled) MSE: mean=0.004134 med=0.001034 std=0.015636 min=0.000000 max=0.225080 | val (scaled) MSE: mean=0.002924 med=0.000807 std=0.006162 min=0.000000 max=0.035329
2025-08-26T11:29:25Z - INFO - [train_model] Epoch 087 | train (price) MSE=0.000273 MAE=0.011101 RMSE=0.016521 | val (price) MSE=0.000193 MAE=0.010049 RMSE=0.013893
2025-08-26T11:29:25Z - INFO - [train_model] Epoch 088 | train (scaled) MSE: mean=0.004137 med=0.001072 std=0.015592 min=0.000000 max=0.225912 | val (scaled) MSE: mean=0.002977 med=0.000916 std=0.006238 min=0.000000 max=0.035904
2025-08-26T11:29:25Z - INFO - [train_model] Epoch 088 | train (price) MSE=0.000273 MAE=0.011125 RMSE=0.016527 | val (price) MSE=0.000197 MAE=0.010155 RMSE=0.014019
2025-08-26T11:29:26Z - INFO - [train_model] Epoch 089 | train (scaled) MSE: mean=0.004089 med=0.001035 std=0.015548 min=0.000000 max=0.227773 | val (scaled) MSE: mean=0.002947 med=0.000831 std=0.006205 min=0.000000 max=0.035530
2025-08-26T11:29:26Z - INFO - [train_model] Epoch 089 | train (price) MSE=0.000270 MAE=0.011018 RMSE=0.016430 | val (price) MSE=0.000195 MAE=0.010094 RMSE=0.013948
2025-08-26T11:29:26Z - INFO - [train_model] Epoch 090 | train (scaled) MSE: mean=0.004088 med=0.001059 std=0.015419 min=0.000000 max=0.225446 | val (scaled) MSE: mean=0.002980 med=0.000881 std=0.006266 min=0.000000 max=0.035783
2025-08-26T11:29:26Z - INFO - [train_model] Epoch 090 | train (price) MSE=0.000270 MAE=0.011015 RMSE=0.016429 | val (price) MSE=0.000197 MAE=0.010139 RMSE=0.014027
2025-08-26T11:29:27Z - INFO - [train_model] Epoch 091 | train (scaled) MSE: mean=0.004070 med=0.000973 std=0.015373 min=0.000000 max=0.226438 | val (scaled) MSE: mean=0.002931 med=0.000825 std=0.006192 min=0.000000 max=0.035499
2025-08-26T11:29:27Z - INFO - [train_model] Epoch 091 | train (price) MSE=0.000269 MAE=0.011001 RMSE=0.016393 | val (price) MSE=0.000194 MAE=0.010047 RMSE=0.013912
2025-08-26T11:29:27Z - INFO - [train_model] Epoch 092 | train (scaled) MSE: mean=0.004015 med=0.001006 std=0.015253 min=0.000000 max=0.222688 | val (scaled) MSE: mean=0.002960 med=0.000852 std=0.006258 min=0.000000 max=0.035752
2025-08-26T11:29:27Z - INFO - [train_model] Epoch 092 | train (price) MSE=0.000265 MAE=0.010889 RMSE=0.016282 | val (price) MSE=0.000195 MAE=0.010091 RMSE=0.013980
2025-08-26T11:29:28Z - INFO - [train_model] Epoch 093 | train (scaled) MSE: mean=0.003968 med=0.000941 std=0.015179 min=0.000000 max=0.225351 | val (scaled) MSE: mean=0.002946 med=0.000842 std=0.006238 min=0.000000 max=0.035703
2025-08-26T11:29:28Z - INFO - [train_model] Epoch 093 | train (price) MSE=0.000262 MAE=0.010804 RMSE=0.016186 | val (price) MSE=0.000195 MAE=0.010054 RMSE=0.013947
2025-08-26T11:29:28Z - INFO - [train_model] Epoch 094 | train (scaled) MSE: mean=0.003965 med=0.000953 std=0.015188 min=0.000000 max=0.227157 | val (scaled) MSE: mean=0.002966 med=0.000874 std=0.006249 min=0.000000 max=0.035772
2025-08-26T11:29:28Z - INFO - [train_model] Epoch 094 | train (price) MSE=0.000262 MAE=0.010750 RMSE=0.016179 | val (price) MSE=0.000196 MAE=0.010109 RMSE=0.013994
2025-08-26T11:29:29Z - INFO - [train_model] Epoch 095 | train (scaled) MSE: mean=0.003943 med=0.000914 std=0.015128 min=0.000000 max=0.224823 | val (scaled) MSE: mean=0.003065 med=0.000986 std=0.006438 min=0.000000 max=0.036752
2025-08-26T11:29:29Z - INFO - [train_model] Epoch 095 | train (price) MSE=0.000260 MAE=0.010680 RMSE=0.016134 | val (price) MSE=0.000202 MAE=0.010252 RMSE=0.014226
2025-08-26T11:29:29Z - INFO - [train_model] Epoch 096 | train (scaled) MSE: mean=0.003966 med=0.000967 std=0.015078 min=0.000000 max=0.227726 | val (scaled) MSE: mean=0.002923 med=0.000797 std=0.006193 min=0.000000 max=0.035251
2025-08-26T11:29:29Z - INFO - [train_model] Epoch 096 | train (price) MSE=0.000262 MAE=0.010805 RMSE=0.016181 | val (price) MSE=0.000193 MAE=0.010032 RMSE=0.013892
2025-08-26T11:29:30Z - INFO - [train_model] Epoch 097 | train (scaled) MSE: mean=0.003997 med=0.000964 std=0.015092 min=0.000000 max=0.227376 | val (scaled) MSE: mean=0.002943 med=0.000842 std=0.006218 min=0.000000 max=0.035651
2025-08-26T11:29:30Z - INFO - [train_model] Epoch 097 | train (price) MSE=0.000264 MAE=0.010856 RMSE=0.016244 | val (price) MSE=0.000194 MAE=0.010061 RMSE=0.013940
2025-08-26T11:29:30Z - INFO - [train_model] Epoch 098 | train (scaled) MSE: mean=0.003999 med=0.001041 std=0.015058 min=0.000000 max=0.226203 | val (scaled) MSE: mean=0.003067 med=0.000986 std=0.006422 min=0.000000 max=0.036715
2025-08-26T11:29:30Z - INFO - [train_model] Epoch 098 | train (price) MSE=0.000264 MAE=0.010936 RMSE=0.016249 | val (price) MSE=0.000203 MAE=0.010272 RMSE=0.014230
2025-08-26T11:29:31Z - INFO - [train_model] Epoch 099 | train (scaled) MSE: mean=0.003913 med=0.000940 std=0.014969 min=0.000000 max=0.228262 | val (scaled) MSE: mean=0.002998 med=0.000909 std=0.006316 min=0.000000 max=0.036144
2025-08-26T11:29:31Z - INFO - [train_model] Epoch 099 | train (price) MSE=0.000258 MAE=0.010713 RMSE=0.016073 | val (price) MSE=0.000198 MAE=0.010154 RMSE=0.014069
2025-08-26T11:29:31Z - INFO - [train_model] Epoch 100 | train (scaled) MSE: mean=0.003928 med=0.000987 std=0.014848 min=0.000000 max=0.225265 | val (scaled) MSE: mean=0.003115 med=0.000993 std=0.006531 min=0.000000 max=0.037120
2025-08-26T11:29:31Z - INFO - [train_model] Epoch 100 | train (price) MSE=0.000259 MAE=0.010809 RMSE=0.016104 | val (price) MSE=0.000206 MAE=0.010341 RMSE=0.014341
2025-08-26T11:29:32Z - INFO - [train_model] Epoch 101 | train (scaled) MSE: mean=0.003929 med=0.001012 std=0.014882 min=0.000000 max=0.225817 | val (scaled) MSE: mean=0.003032 med=0.000960 std=0.006363 min=0.000000 max=0.036466
2025-08-26T11:29:32Z - INFO - [train_model] Epoch 101 | train (price) MSE=0.000259 MAE=0.010804 RMSE=0.016106 | val (price) MSE=0.000200 MAE=0.010205 RMSE=0.014148
2025-08-26T11:29:32Z - INFO - [train_model] Epoch 102 | train (scaled) MSE: mean=0.003918 med=0.000987 std=0.014810 min=0.000000 max=0.222236 | val (scaled) MSE: mean=0.003065 med=0.000993 std=0.006427 min=0.000000 max=0.036725
2025-08-26T11:29:32Z - INFO - [train_model] Epoch 102 | train (price) MSE=0.000259 MAE=0.010763 RMSE=0.016084 | val (price) MSE=0.000202 MAE=0.010259 RMSE=0.014226
2025-08-26T11:29:33Z - INFO - [train_model] Epoch 103 | train (scaled) MSE: mean=0.003923 med=0.000969 std=0.014883 min=0.000000 max=0.224789 | val (scaled) MSE: mean=0.003066 med=0.000987 std=0.006429 min=0.000000 max=0.036746
2025-08-26T11:29:33Z - INFO - [train_model] Epoch 103 | train (price) MSE=0.000259 MAE=0.010763 RMSE=0.016094 | val (price) MSE=0.000202 MAE=0.010259 RMSE=0.014228
2025-08-26T11:29:33Z - INFO - [train_model] Epoch 104 | train (scaled) MSE: mean=0.003929 med=0.000999 std=0.014802 min=0.000000 max=0.225308 | val (scaled) MSE: mean=0.002988 med=0.000876 std=0.006305 min=0.000000 max=0.036000
2025-08-26T11:29:33Z - INFO - [train_model] Epoch 104 | train (price) MSE=0.000259 MAE=0.010844 RMSE=0.016106 | val (price) MSE=0.000197 MAE=0.010122 RMSE=0.014045
2025-08-26T11:29:34Z - INFO - [train_model] Epoch 105 | train (scaled) MSE: mean=0.003972 med=0.001014 std=0.014869 min=0.000000 max=0.228464 | val (scaled) MSE: mean=0.003050 med=0.000979 std=0.006409 min=0.000000 max=0.036743
2025-08-26T11:29:34Z - INFO - [train_model] Epoch 105 | train (price) MSE=0.000262 MAE=0.010912 RMSE=0.016194 | val (price) MSE=0.000201 MAE=0.010235 RMSE=0.014190
2025-08-26T11:29:34Z - INFO - [train_model] Epoch 106 | train (scaled) MSE: mean=0.003926 med=0.001007 std=0.014739 min=0.000000 max=0.223956 | val (scaled) MSE: mean=0.002967 med=0.000872 std=0.006254 min=0.000000 max=0.035783
2025-08-26T11:29:34Z - INFO - [train_model] Epoch 106 | train (price) MSE=0.000259 MAE=0.010772 RMSE=0.016100 | val (price) MSE=0.000196 MAE=0.010104 RMSE=0.013997
2025-08-26T11:29:35Z - INFO - [train_model] Epoch 107 | train (scaled) MSE: mean=0.003906 med=0.000970 std=0.014664 min=0.000000 max=0.224080 | val (scaled) MSE: mean=0.003018 med=0.000889 std=0.006391 min=0.000000 max=0.036524
2025-08-26T11:29:35Z - INFO - [train_model] Epoch 107 | train (price) MSE=0.000258 MAE=0.010814 RMSE=0.016059 | val (price) MSE=0.000199 MAE=0.010156 RMSE=0.014115
2025-08-26T11:29:35Z - INFO - [train_model] Epoch 108 | train (scaled) MSE: mean=0.003889 med=0.000988 std=0.014745 min=0.000000 max=0.225730 | val (scaled) MSE: mean=0.003124 med=0.000980 std=0.006551 min=0.000000 max=0.037273
2025-08-26T11:29:35Z - INFO - [train_model] Epoch 108 | train (price) MSE=0.000257 MAE=0.010729 RMSE=0.016024 | val (price) MSE=0.000206 MAE=0.010352 RMSE=0.014361
2025-08-26T11:29:36Z - INFO - [train_model] Epoch 109 | train (scaled) MSE: mean=0.003848 med=0.000912 std=0.014697 min=0.000000 max=0.224163 | val (scaled) MSE: mean=0.002933 med=0.000842 std=0.006205 min=0.000000 max=0.035530
2025-08-26T11:29:36Z - INFO - [train_model] Epoch 109 | train (price) MSE=0.000254 MAE=0.010585 RMSE=0.015939 | val (price) MSE=0.000194 MAE=0.010048 RMSE=0.013915
2025-08-26T11:29:36Z - INFO - [train_model] Epoch 110 | train (scaled) MSE: mean=0.003829 med=0.000941 std=0.014642 min=0.000000 max=0.222612 | val (scaled) MSE: mean=0.003085 med=0.000902 std=0.006513 min=0.000001 max=0.036920
2025-08-26T11:29:36Z - INFO - [train_model] Epoch 110 | train (price) MSE=0.000253 MAE=0.010579 RMSE=0.015900 | val (price) MSE=0.000204 MAE=0.010275 RMSE=0.014272
2025-08-26T11:29:37Z - INFO - [train_model] Epoch 111 | train (scaled) MSE: mean=0.003908 med=0.001071 std=0.014673 min=0.000000 max=0.225635 | val (scaled) MSE: mean=0.002982 med=0.000787 std=0.006341 min=0.000000 max=0.036127
2025-08-26T11:29:37Z - INFO - [train_model] Epoch 111 | train (price) MSE=0.000258 MAE=0.010829 RMSE=0.016063 | val (price) MSE=0.000197 MAE=0.010091 RMSE=0.014031
2025-08-26T11:29:37Z - INFO - [train_model] Epoch 112 | train (scaled) MSE: mean=0.003893 med=0.001034 std=0.014733 min=0.000000 max=0.228017 | val (scaled) MSE: mean=0.003029 med=0.000967 std=0.006366 min=0.000000 max=0.036514
2025-08-26T11:29:37Z - INFO - [train_model] Epoch 112 | train (price) MSE=0.000257 MAE=0.010761 RMSE=0.016031 | val (price) MSE=0.000200 MAE=0.010203 RMSE=0.014142
2025-08-26T11:29:38Z - INFO - [train_model] Epoch 113 | train (scaled) MSE: mean=0.003862 med=0.000994 std=0.014687 min=0.000000 max=0.226733 | val (scaled) MSE: mean=0.003104 med=0.000959 std=0.006536 min=0.000000 max=0.037254
2025-08-26T11:29:38Z - INFO - [train_model] Epoch 113 | train (price) MSE=0.000255 MAE=0.010711 RMSE=0.015967 | val (price) MSE=0.000205 MAE=0.010322 RMSE=0.014316
2025-08-26T11:29:38Z - INFO - [train_model] Epoch 114 | train (scaled) MSE: mean=0.003896 med=0.001043 std=0.014444 min=0.000000 max=0.220250 | val (scaled) MSE: mean=0.003118 med=0.000877 std=0.006615 min=0.000001 max=0.037231
2025-08-26T11:29:38Z - INFO - [train_model] Epoch 114 | train (price) MSE=0.000257 MAE=0.010883 RMSE=0.016039 | val (price) MSE=0.000206 MAE=0.010307 RMSE=0.014349
2025-08-26T11:29:39Z - INFO - [train_model] Epoch 115 | train (scaled) MSE: mean=0.003873 med=0.001013 std=0.014482 min=0.000000 max=0.225681 | val (scaled) MSE: mean=0.003031 med=0.000931 std=0.006420 min=0.000000 max=0.036699
2025-08-26T11:29:39Z - INFO - [train_model] Epoch 115 | train (price) MSE=0.000256 MAE=0.010783 RMSE=0.015991 | val (price) MSE=0.000200 MAE=0.010170 RMSE=0.014146
2025-08-26T11:29:39Z - INFO - [train_model] Epoch 116 | train (scaled) MSE: mean=0.003821 med=0.000972 std=0.014329 min=0.000000 max=0.221827 | val (scaled) MSE: mean=0.003140 med=0.001006 std=0.006559 min=0.000000 max=0.037484
2025-08-26T11:29:39Z - INFO - [train_model] Epoch 116 | train (price) MSE=0.000252 MAE=0.010683 RMSE=0.015884 | val (price) MSE=0.000207 MAE=0.010410 RMSE=0.014397
2025-08-26T11:29:40Z - INFO - [train_model] Epoch 117 | train (scaled) MSE: mean=0.003802 med=0.000958 std=0.014397 min=0.000000 max=0.224318 | val (scaled) MSE: mean=0.003184 med=0.000981 std=0.006617 min=0.000001 max=0.037905
2025-08-26T11:29:40Z - INFO - [train_model] Epoch 117 | train (price) MSE=0.000251 MAE=0.010666 RMSE=0.015844 | val (price) MSE=0.000210 MAE=0.010526 RMSE=0.014499
2025-08-26T11:29:40Z - INFO - [train_model] Epoch 118 | train (scaled) MSE: mean=0.003797 med=0.000950 std=0.014433 min=0.000000 max=0.223163 | val (scaled) MSE: mean=0.003283 med=0.000983 std=0.006797 min=0.000000 max=0.038727
2025-08-26T11:29:40Z - INFO - [train_model] Epoch 118 | train (price) MSE=0.000251 MAE=0.010578 RMSE=0.015834 | val (price) MSE=0.000217 MAE=0.010679 RMSE=0.014723
2025-08-26T11:29:40Z - INFO - [train_model] Early stopping at epoch 118 (best price val MSE=0.000192 @ epoch 78)
2025-08-26T11:29:41Z - INFO - [visualize_full_prediction] Saved full prediction plot for EBAY to output/20250826-072836/plots/EBAY_finbert-tabmlp_full_returns_prediction.png
2025-08-26T11:29:41Z - INFO - [visualize_sentiment] Saved sentiment plot for EBAY to output/20250826-072836/plots/EBAY_sentiment.png
2025-08-26T11:29:41Z - INFO - [train] [EBAY] Test (price) MSE=0.000481 | MAE=0.014991 | RMSE=0.021924 (scaled MSE=0.007280)
2025-08-26T11:29:41Z - INFO - [train] [EBAY] Final (price) Train MSE=0.000251 | Val MSE=0.000217 (scaled Train MSE=0.003797 | Val MSE=0.003283)
2025-08-26T11:29:41Z - INFO - [train] [EBAY] Best epoch=78 | Best (price) Train MSE=0.000273 | Best (price) Val MSE=0.000192 | Saved at=/home/tbfs/Projects/finBert/output/20250826-072836/saved_weights/EBAY/EBAY_best-epoch078.pt
2025-08-26T11:29:41Z - INFO - [train] Wrote evaluation summary → output/20250826-072836/evaluation.json
