2025-08-26T12:29:24Z - INFO - [Pipeline::__init__] Loaded news dataframe with columns=['title', 'date', 'stock'] shape=(1277896, 3).
2025-08-26T12:29:24Z - INFO - [SentimentGenerator::_load] Loaded precomputed sentiment from /home/tbfs/Projects/finBert/output/20250823-140342/sentiment_daily.csv
2025-08-26T12:29:24Z - INFO - [train] Training predictor for ticker: BMY
2025-08-26T12:29:24Z - INFO - [train] Loaded prices for BMY with columns=['date', 'open', 'high', 'low', 'close', 'adj close', 'volume'] shape=(2516, 7).
2025-08-26T12:29:24Z - INFO - [SequenceDataset::__init__] len(self.valid_indices)=741 out of len(df)=2515 samples are valid for lookback=60 with sentiment_col=SentimentScore
2025-08-26T12:29:24Z - INFO - [SequenceDataset::__init__] len(self.valid_indices)=83 out of len(df)=2515 samples are valid for lookback=60 with sentiment_col=SentimentScore
2025-08-26T12:29:24Z - INFO - [SequenceDataset::__init__] len(self.valid_indices)=92 out of len(df)=2515 samples are valid for lookback=60 with sentiment_col=SentimentScore
2025-08-26T12:29:26Z - INFO - [train_model] Epoch 001 | train (scaled) MSE: mean=0.002623 med=0.000544 std=0.006874 min=0.000000 max=0.080367 | val (scaled) MSE: mean=0.011878 med=0.010345 std=0.009905 min=0.000000 max=0.033941
2025-08-26T12:29:26Z - INFO - [train_model] Epoch 001 | train (price) MSE=6.681419 MAE=1.752711 RMSE=2.584844 | val (price) MSE=30.258317 MAE=4.795348 RMSE=5.500756
2025-08-26T12:29:26Z - INFO - [train_model] New best (price) val MSE=30.258317 at epoch 1; saved → /home/tbfs/Projects/finBert/output/20250826-082919/saved_weights/BMY/BMY_best-epoch001.pt
2025-08-26T12:29:26Z - INFO - [train_model] Epoch 002 | train (scaled) MSE: mean=0.003421 med=0.000738 std=0.007426 min=0.000000 max=0.058004 | val (scaled) MSE: mean=0.012621 med=0.011182 std=0.010516 min=0.000001 max=0.036447
2025-08-26T12:29:26Z - INFO - [train_model] Epoch 002 | train (price) MSE=8.714310 MAE=2.043655 RMSE=2.952001 | val (price) MSE=32.152346 MAE=4.913435 RMSE=5.670304
2025-08-26T12:29:27Z - INFO - [train_model] Epoch 003 | train (scaled) MSE: mean=0.003574 med=0.000672 std=0.007944 min=0.000000 max=0.070061 | val (scaled) MSE: mean=0.013652 med=0.013134 std=0.011576 min=0.000012 max=0.040014
2025-08-26T12:29:27Z - INFO - [train_model] Epoch 003 | train (price) MSE=9.104081 MAE=2.096505 RMSE=3.017297 | val (price) MSE=34.777160 MAE=5.048077 RMSE=5.897216
2025-08-26T12:29:28Z - INFO - [train_model] Epoch 004 | train (scaled) MSE: mean=0.002867 med=0.000779 std=0.006299 min=0.000000 max=0.064613 | val (scaled) MSE: mean=0.015626 med=0.015769 std=0.012920 min=0.000000 max=0.045173
2025-08-26T12:29:28Z - INFO - [train_model] Epoch 004 | train (price) MSE=7.303946 MAE=1.949970 RMSE=2.702581 | val (price) MSE=39.805763 MAE=5.366895 RMSE=6.309181
2025-08-26T12:29:28Z - INFO - [train_model] Epoch 005 | train (scaled) MSE: mean=0.003496 med=0.000792 std=0.008160 min=0.000000 max=0.070077 | val (scaled) MSE: mean=0.018202 med=0.018792 std=0.015009 min=0.000002 max=0.052331
2025-08-26T12:29:28Z - INFO - [train_model] Epoch 005 | train (price) MSE=8.906148 MAE=2.059093 RMSE=2.984317 | val (price) MSE=46.368740 MAE=5.759315 RMSE=6.809460
2025-08-26T12:29:29Z - INFO - [train_model] Epoch 006 | train (scaled) MSE: mean=0.003688 med=0.000884 std=0.008555 min=0.000000 max=0.065878 | val (scaled) MSE: mean=0.013368 med=0.012540 std=0.011044 min=0.000008 max=0.038862
2025-08-26T12:29:29Z - INFO - [train_model] Epoch 006 | train (price) MSE=9.394656 MAE=2.111707 RMSE=3.065070 | val (price) MSE=34.053955 MAE=5.030266 RMSE=5.835577
2025-08-26T12:29:30Z - INFO - [train_model] Epoch 007 | train (scaled) MSE: mean=0.003426 med=0.000740 std=0.008119 min=0.000000 max=0.073166 | val (scaled) MSE: mean=0.015721 med=0.016667 std=0.013317 min=0.000000 max=0.046081
2025-08-26T12:29:30Z - INFO - [train_model] Epoch 007 | train (price) MSE=8.726708 MAE=2.024314 RMSE=2.954100 | val (price) MSE=40.047854 MAE=5.332882 RMSE=6.328337
2025-08-26T12:29:31Z - INFO - [train_model] Epoch 008 | train (scaled) MSE: mean=0.003371 med=0.000708 std=0.007900 min=0.000000 max=0.070218 | val (scaled) MSE: mean=0.015381 med=0.015831 std=0.012793 min=0.000000 max=0.045426
2025-08-26T12:29:31Z - INFO - [train_model] Epoch 008 | train (price) MSE=8.587166 MAE=1.991653 RMSE=2.930387 | val (price) MSE=39.181908 MAE=5.293813 RMSE=6.259545
2025-08-26T12:29:31Z - INFO - [train_model] Epoch 009 | train (scaled) MSE: mean=0.003099 med=0.000547 std=0.007396 min=0.000000 max=0.074332 | val (scaled) MSE: mean=0.018798 med=0.019903 std=0.015359 min=0.000000 max=0.054895
2025-08-26T12:29:31Z - INFO - [train_model] Epoch 009 | train (price) MSE=7.894135 MAE=1.904421 RMSE=2.809650 | val (price) MSE=47.887192 MAE=5.892242 RMSE=6.920057
2025-08-26T12:29:32Z - INFO - [train_model] Epoch 010 | train (scaled) MSE: mean=0.003385 med=0.000624 std=0.008064 min=0.000000 max=0.065545 | val (scaled) MSE: mean=0.014086 med=0.013972 std=0.011776 min=0.000011 max=0.042422
2025-08-26T12:29:32Z - INFO - [train_model] Epoch 010 | train (price) MSE=8.622683 MAE=1.987165 RMSE=2.936441 | val (price) MSE=35.883231 MAE=5.136767 RMSE=5.990261
2025-08-26T12:29:33Z - INFO - [train_model] Epoch 011 | train (scaled) MSE: mean=0.003098 med=0.000547 std=0.007657 min=0.000000 max=0.073398 | val (scaled) MSE: mean=0.014053 med=0.013994 std=0.011708 min=0.000001 max=0.041723
2025-08-26T12:29:33Z - INFO - [train_model] Epoch 011 | train (price) MSE=7.891265 MAE=1.860802 RMSE=2.809140 | val (price) MSE=35.799586 MAE=5.078635 RMSE=5.983276
2025-08-26T12:29:33Z - INFO - [train_model] Epoch 012 | train (scaled) MSE: mean=0.002770 med=0.000449 std=0.006736 min=0.000000 max=0.067949 | val (scaled) MSE: mean=0.018646 med=0.020117 std=0.015158 min=0.000001 max=0.053850
2025-08-26T12:29:33Z - INFO - [train_model] Epoch 012 | train (price) MSE=7.057236 MAE=1.765019 RMSE=2.656546 | val (price) MSE=47.499116 MAE=5.903030 RMSE=6.891960
2025-08-26T12:29:34Z - INFO - [train_model] Epoch 013 | train (scaled) MSE: mean=0.003379 med=0.000447 std=0.008230 min=0.000000 max=0.064170 | val (scaled) MSE: mean=0.017560 med=0.018443 std=0.014373 min=0.000000 max=0.050533
2025-08-26T12:29:34Z - INFO - [train_model] Epoch 013 | train (price) MSE=8.606934 MAE=1.916260 RMSE=2.933758 | val (price) MSE=44.733697 MAE=5.720382 RMSE=6.688325
2025-08-26T12:29:35Z - INFO - [train_model] Epoch 014 | train (scaled) MSE: mean=0.003159 med=0.000477 std=0.007530 min=0.000000 max=0.060998 | val (scaled) MSE: mean=0.016155 med=0.016331 std=0.013440 min=0.000000 max=0.047385
2025-08-26T12:29:35Z - INFO - [train_model] Epoch 014 | train (price) MSE=8.046300 MAE=1.880548 RMSE=2.836600 | val (price) MSE=41.154957 MAE=5.421502 RMSE=6.415213
2025-08-26T12:29:35Z - INFO - [train_model] Epoch 015 | train (scaled) MSE: mean=0.002969 med=0.000411 std=0.007675 min=0.000000 max=0.072551 | val (scaled) MSE: mean=0.016250 med=0.016939 std=0.013330 min=0.000000 max=0.048657
2025-08-26T12:29:35Z - INFO - [train_model] Epoch 015 | train (price) MSE=7.563174 MAE=1.778812 RMSE=2.750123 | val (price) MSE=41.397642 MAE=5.519694 RMSE=6.434100
2025-08-26T12:29:36Z - INFO - [train_model] Epoch 016 | train (scaled) MSE: mean=0.002928 med=0.000460 std=0.007125 min=0.000000 max=0.070431 | val (scaled) MSE: mean=0.015187 med=0.015686 std=0.012461 min=0.000000 max=0.045905
2025-08-26T12:29:36Z - INFO - [train_model] Epoch 016 | train (price) MSE=7.460211 MAE=1.826166 RMSE=2.731339 | val (price) MSE=38.689558 MAE=5.326445 RMSE=6.220093
2025-08-26T12:29:37Z - INFO - [train_model] Epoch 017 | train (scaled) MSE: mean=0.002747 med=0.000455 std=0.006959 min=0.000000 max=0.066155 | val (scaled) MSE: mean=0.015151 med=0.015657 std=0.012527 min=0.000000 max=0.046691
2025-08-26T12:29:37Z - INFO - [train_model] Epoch 017 | train (price) MSE=6.997519 MAE=1.756636 RMSE=2.645282 | val (price) MSE=38.597398 MAE=5.304593 RMSE=6.212680
2025-08-26T12:29:37Z - INFO - [train_model] Epoch 018 | train (scaled) MSE: mean=0.002670 med=0.000403 std=0.006925 min=0.000000 max=0.062735 | val (scaled) MSE: mean=0.014538 med=0.014525 std=0.011865 min=0.000000 max=0.045570
2025-08-26T12:29:37Z - INFO - [train_model] Epoch 018 | train (price) MSE=6.800542 MAE=1.707599 RMSE=2.607785 | val (price) MSE=37.034208 MAE=5.264571 RMSE=6.085574
2025-08-26T12:29:38Z - INFO - [train_model] Epoch 019 | train (scaled) MSE: mean=0.002630 med=0.000418 std=0.006264 min=0.000000 max=0.054878 | val (scaled) MSE: mean=0.013337 med=0.013799 std=0.010922 min=0.000001 max=0.043282
2025-08-26T12:29:38Z - INFO - [train_model] Epoch 019 | train (price) MSE=6.698645 MAE=1.740395 RMSE=2.588174 | val (price) MSE=33.975911 MAE=5.058125 RMSE=5.828886
2025-08-26T12:29:39Z - INFO - [train_model] Epoch 020 | train (scaled) MSE: mean=0.002302 med=0.000374 std=0.006066 min=0.000000 max=0.065726 | val (scaled) MSE: mean=0.011669 med=0.011557 std=0.009712 min=0.000002 max=0.038374
2025-08-26T12:29:39Z - INFO - [train_model] Epoch 020 | train (price) MSE=5.864999 MAE=1.603702 RMSE=2.421776 | val (price) MSE=29.726416 MAE=4.702827 RMSE=5.452194
2025-08-26T12:29:39Z - INFO - [train_model] New best (price) val MSE=29.726416 at epoch 20; saved → /home/tbfs/Projects/finBert/output/20250826-082919/saved_weights/BMY/BMY_best-epoch020.pt
2025-08-26T12:29:40Z - INFO - [train_model] Epoch 021 | train (scaled) MSE: mean=0.002328 med=0.000353 std=0.005722 min=0.000000 max=0.056844 | val (scaled) MSE: mean=0.011987 med=0.011767 std=0.009976 min=0.000002 max=0.041354
2025-08-26T12:29:40Z - INFO - [train_model] Epoch 021 | train (price) MSE=5.930623 MAE=1.620258 RMSE=2.435287 | val (price) MSE=30.537881 MAE=4.809289 RMSE=5.526109
2025-08-26T12:29:40Z - INFO - [train_model] Epoch 022 | train (scaled) MSE: mean=0.002126 med=0.000313 std=0.005306 min=0.000000 max=0.061991 | val (scaled) MSE: mean=0.011017 med=0.010607 std=0.009303 min=0.000001 max=0.039641
2025-08-26T12:29:40Z - INFO - [train_model] Epoch 022 | train (price) MSE=5.415497 MAE=1.546462 RMSE=2.327122 | val (price) MSE=28.065360 MAE=4.614466 RMSE=5.297675
2025-08-26T12:29:40Z - INFO - [train_model] New best (price) val MSE=28.065360 at epoch 22; saved → /home/tbfs/Projects/finBert/output/20250826-082919/saved_weights/BMY/BMY_best-epoch022.pt
2025-08-26T12:29:41Z - INFO - [train_model] Epoch 023 | train (scaled) MSE: mean=0.002011 med=0.000358 std=0.005016 min=0.000000 max=0.060380 | val (scaled) MSE: mean=0.008593 med=0.007505 std=0.007576 min=0.000000 max=0.031837
2025-08-26T12:29:41Z - INFO - [train_model] Epoch 023 | train (price) MSE=5.124040 MAE=1.524757 RMSE=2.263634 | val (price) MSE=21.889863 MAE=4.032816 RMSE=4.678660
2025-08-26T12:29:41Z - INFO - [train_model] New best (price) val MSE=21.889863 at epoch 23; saved → /home/tbfs/Projects/finBert/output/20250826-082919/saved_weights/BMY/BMY_best-epoch023.pt
2025-08-26T12:29:42Z - INFO - [train_model] Epoch 024 | train (scaled) MSE: mean=0.001791 med=0.000331 std=0.004648 min=0.000000 max=0.063241 | val (scaled) MSE: mean=0.009464 med=0.008737 std=0.008148 min=0.000001 max=0.035351
2025-08-26T12:29:42Z - INFO - [train_model] Epoch 024 | train (price) MSE=4.561489 MAE=1.445741 RMSE=2.135764 | val (price) MSE=24.108485 MAE=4.289798 RMSE=4.910039
2025-08-26T12:29:42Z - INFO - [train_model] Epoch 025 | train (scaled) MSE: mean=0.001662 med=0.000307 std=0.004444 min=0.000000 max=0.061469 | val (scaled) MSE: mean=0.008927 med=0.008069 std=0.007736 min=0.000015 max=0.032398
2025-08-26T12:29:42Z - INFO - [train_model] Epoch 025 | train (price) MSE=4.233292 MAE=1.385397 RMSE=2.057497 | val (price) MSE=22.742398 MAE=4.164961 RMSE=4.768899
2025-08-26T12:29:43Z - INFO - [train_model] Epoch 026 | train (scaled) MSE: mean=0.001518 med=0.000275 std=0.004216 min=0.000000 max=0.063517 | val (scaled) MSE: mean=0.007478 med=0.006508 std=0.006779 min=0.000017 max=0.029451
2025-08-26T12:29:43Z - INFO - [train_model] Epoch 026 | train (price) MSE=3.866083 MAE=1.328926 RMSE=1.966236 | val (price) MSE=19.050489 MAE=3.807391 RMSE=4.364687
2025-08-26T12:29:43Z - INFO - [train_model] New best (price) val MSE=19.050489 at epoch 26; saved → /home/tbfs/Projects/finBert/output/20250826-082919/saved_weights/BMY/BMY_best-epoch026.pt
2025-08-26T12:29:44Z - INFO - [train_model] Epoch 027 | train (scaled) MSE: mean=0.001521 med=0.000283 std=0.004098 min=0.000000 max=0.060340 | val (scaled) MSE: mean=0.008529 med=0.007811 std=0.007421 min=0.000000 max=0.030586
2025-08-26T12:29:44Z - INFO - [train_model] Epoch 027 | train (price) MSE=3.874189 MAE=1.324905 RMSE=1.968296 | val (price) MSE=21.727786 MAE=4.100363 RMSE=4.661307
2025-08-26T12:29:45Z - INFO - [train_model] Epoch 028 | train (scaled) MSE: mean=0.001464 med=0.000286 std=0.003847 min=0.000000 max=0.058010 | val (scaled) MSE: mean=0.007960 med=0.007253 std=0.006965 min=0.000009 max=0.030019
2025-08-26T12:29:45Z - INFO - [train_model] Epoch 028 | train (price) MSE=3.729255 MAE=1.311051 RMSE=1.931128 | val (price) MSE=20.277443 MAE=3.979108 RMSE=4.503048
2025-08-26T12:29:45Z - INFO - [train_model] Epoch 029 | train (scaled) MSE: mean=0.001335 med=0.000252 std=0.003596 min=0.000000 max=0.056489 | val (scaled) MSE: mean=0.007991 med=0.007197 std=0.006923 min=0.000001 max=0.029122
2025-08-26T12:29:45Z - INFO - [train_model] Epoch 029 | train (price) MSE=3.401038 MAE=1.244740 RMSE=1.844190 | val (price) MSE=20.357849 MAE=3.999321 RMSE=4.511967
2025-08-26T12:29:46Z - INFO - [train_model] Epoch 030 | train (scaled) MSE: mean=0.001226 med=0.000265 std=0.003165 min=0.000000 max=0.053516 | val (scaled) MSE: mean=0.008548 med=0.008019 std=0.007336 min=0.000005 max=0.030171
2025-08-26T12:29:46Z - INFO - [train_model] Epoch 030 | train (price) MSE=3.122344 MAE=1.217037 RMSE=1.767016 | val (price) MSE=21.775331 MAE=4.061779 RMSE=4.666404
2025-08-26T12:29:47Z - INFO - [train_model] Epoch 031 | train (scaled) MSE: mean=0.001277 med=0.000286 std=0.003299 min=0.000000 max=0.053412 | val (scaled) MSE: mean=0.007586 med=0.006885 std=0.006452 min=0.000003 max=0.027004
2025-08-26T12:29:47Z - INFO - [train_model] Epoch 031 | train (price) MSE=3.252278 MAE=1.254139 RMSE=1.803407 | val (price) MSE=19.324651 MAE=3.910629 RMSE=4.395981
2025-08-26T12:29:47Z - INFO - [train_model] Epoch 032 | train (scaled) MSE: mean=0.001217 med=0.000252 std=0.003150 min=0.000000 max=0.051742 | val (scaled) MSE: mean=0.007658 med=0.006810 std=0.006324 min=0.000005 max=0.026569
2025-08-26T12:29:47Z - INFO - [train_model] Epoch 032 | train (price) MSE=3.100530 MAE=1.223207 RMSE=1.760832 | val (price) MSE=19.507762 MAE=3.960320 RMSE=4.416759
2025-08-26T12:29:48Z - INFO - [train_model] Epoch 033 | train (scaled) MSE: mean=0.001153 med=0.000264 std=0.002955 min=0.000000 max=0.048997 | val (scaled) MSE: mean=0.006819 med=0.006113 std=0.005760 min=0.000024 max=0.023953
2025-08-26T12:29:48Z - INFO - [train_model] Epoch 033 | train (price) MSE=2.936377 MAE=1.196102 RMSE=1.713586 | val (price) MSE=17.372488 MAE=3.736117 RMSE=4.168032
2025-08-26T12:29:48Z - INFO - [train_model] New best (price) val MSE=17.372488 at epoch 33; saved → /home/tbfs/Projects/finBert/output/20250826-082919/saved_weights/BMY/BMY_best-epoch033.pt
2025-08-26T12:29:49Z - INFO - [train_model] Epoch 034 | train (scaled) MSE: mean=0.001039 med=0.000233 std=0.002800 min=0.000000 max=0.049378 | val (scaled) MSE: mean=0.007554 med=0.006614 std=0.006102 min=0.000016 max=0.025743
2025-08-26T12:29:49Z - INFO - [train_model] Epoch 034 | train (price) MSE=2.647167 MAE=1.134603 RMSE=1.627012 | val (price) MSE=19.243568 MAE=3.945287 RMSE=4.386749
2025-08-26T12:29:50Z - INFO - [train_model] Epoch 035 | train (scaled) MSE: mean=0.000999 med=0.000235 std=0.002637 min=0.000000 max=0.046364 | val (scaled) MSE: mean=0.006440 med=0.005581 std=0.005388 min=0.000017 max=0.021785
2025-08-26T12:29:50Z - INFO - [train_model] Epoch 035 | train (price) MSE=2.545508 MAE=1.118152 RMSE=1.595465 | val (price) MSE=16.405235 MAE=3.633357 RMSE=4.050338
2025-08-26T12:29:50Z - INFO - [train_model] New best (price) val MSE=16.405235 at epoch 35; saved → /home/tbfs/Projects/finBert/output/20250826-082919/saved_weights/BMY/BMY_best-epoch035.pt
2025-08-26T12:29:50Z - INFO - [train_model] Epoch 036 | train (scaled) MSE: mean=0.000955 med=0.000228 std=0.002544 min=0.000000 max=0.045454 | val (scaled) MSE: mean=0.006507 med=0.005527 std=0.005386 min=0.000008 max=0.022016
2025-08-26T12:29:50Z - INFO - [train_model] Epoch 036 | train (price) MSE=2.432006 MAE=1.087061 RMSE=1.559489 | val (price) MSE=16.577152 MAE=3.658617 RMSE=4.071505
2025-08-26T12:29:51Z - INFO - [train_model] Epoch 037 | train (scaled) MSE: mean=0.000962 med=0.000270 std=0.002484 min=0.000000 max=0.044645 | val (scaled) MSE: mean=0.009996 med=0.008782 std=0.009081 min=0.000000 max=0.038084
2025-08-26T12:29:51Z - INFO - [train_model] Epoch 037 | train (price) MSE=2.451006 MAE=1.113929 RMSE=1.565569 | val (price) MSE=25.464096 MAE=4.241892 RMSE=5.046196
2025-08-26T12:29:52Z - INFO - [train_model] Epoch 038 | train (scaled) MSE: mean=0.000869 med=0.000241 std=0.002418 min=0.000000 max=0.045617 | val (scaled) MSE: mean=0.008726 med=0.006992 std=0.008037 min=0.000015 max=0.035668
2025-08-26T12:29:52Z - INFO - [train_model] Epoch 038 | train (price) MSE=2.213785 MAE=1.044933 RMSE=1.487879 | val (price) MSE=22.228062 MAE=4.033457 RMSE=4.714665
2025-08-26T12:29:52Z - INFO - [train_model] Epoch 039 | train (scaled) MSE: mean=0.000925 med=0.000245 std=0.002472 min=0.000000 max=0.044206 | val (scaled) MSE: mean=0.008429 med=0.006814 std=0.007895 min=0.000011 max=0.034880
2025-08-26T12:29:52Z - INFO - [train_model] Epoch 039 | train (price) MSE=2.356048 MAE=1.087712 RMSE=1.534942 | val (price) MSE=21.472910 MAE=3.939305 RMSE=4.633887
2025-08-26T12:29:53Z - INFO - [train_model] Epoch 040 | train (scaled) MSE: mean=0.000885 med=0.000240 std=0.002367 min=0.000000 max=0.042860 | val (scaled) MSE: mean=0.005230 med=0.004223 std=0.004694 min=0.000005 max=0.019423
2025-08-26T12:29:53Z - INFO - [train_model] Epoch 040 | train (price) MSE=2.254008 MAE=1.066426 RMSE=1.501335 | val (price) MSE=13.323073 MAE=3.224907 RMSE=3.650078
2025-08-26T12:29:53Z - INFO - [train_model] New best (price) val MSE=13.323073 at epoch 40; saved → /home/tbfs/Projects/finBert/output/20250826-082919/saved_weights/BMY/BMY_best-epoch040.pt
2025-08-26T12:29:54Z - INFO - [train_model] Epoch 041 | train (scaled) MSE: mean=0.000891 med=0.000262 std=0.002294 min=0.000000 max=0.041580 | val (scaled) MSE: mean=0.007215 med=0.006121 std=0.005570 min=0.000000 max=0.024762
2025-08-26T12:29:54Z - INFO - [train_model] Epoch 041 | train (price) MSE=2.268794 MAE=1.082438 RMSE=1.506252 | val (price) MSE=18.379431 MAE=3.887315 RMSE=4.287124
2025-08-26T12:29:55Z - INFO - [train_model] Epoch 042 | train (scaled) MSE: mean=0.000816 med=0.000210 std=0.002205 min=0.000000 max=0.042232 | val (scaled) MSE: mean=0.008852 med=0.006922 std=0.008294 min=0.000000 max=0.034641
2025-08-26T12:29:55Z - INFO - [train_model] Epoch 042 | train (price) MSE=2.078344 MAE=1.018310 RMSE=1.441646 | val (price) MSE=22.551507 MAE=3.981733 RMSE=4.748843
2025-08-26T12:29:55Z - INFO - [train_model] Epoch 043 | train (scaled) MSE: mean=0.000837 med=0.000211 std=0.002177 min=0.000000 max=0.039142 | val (scaled) MSE: mean=0.012017 med=0.009793 std=0.011434 min=0.000000 max=0.045418
2025-08-26T12:29:55Z - INFO - [train_model] Epoch 043 | train (price) MSE=2.132976 MAE=1.033094 RMSE=1.460471 | val (price) MSE=30.612842 MAE=4.596531 RMSE=5.532887
2025-08-26T12:29:56Z - INFO - [train_model] Epoch 044 | train (scaled) MSE: mean=0.000836 med=0.000276 std=0.002237 min=0.000000 max=0.043655 | val (scaled) MSE: mean=0.006428 med=0.006024 std=0.004893 min=0.000001 max=0.020090
2025-08-26T12:29:56Z - INFO - [train_model] Epoch 044 | train (price) MSE=2.128828 MAE=1.053630 RMSE=1.459050 | val (price) MSE=16.374577 MAE=3.677866 RMSE=4.046551
2025-08-26T12:29:57Z - INFO - [train_model] Epoch 045 | train (scaled) MSE: mean=0.000840 med=0.000254 std=0.002167 min=0.000000 max=0.040504 | val (scaled) MSE: mean=0.006751 med=0.006163 std=0.005130 min=0.000003 max=0.021121
2025-08-26T12:29:57Z - INFO - [train_model] Epoch 045 | train (price) MSE=2.139607 MAE=1.056830 RMSE=1.462739 | val (price) MSE=17.197949 MAE=3.768858 RMSE=4.147041
2025-08-26T12:29:57Z - INFO - [train_model] Epoch 046 | train (scaled) MSE: mean=0.000792 med=0.000236 std=0.002072 min=0.000000 max=0.040437 | val (scaled) MSE: mean=0.008105 med=0.007671 std=0.006348 min=0.000003 max=0.027451
2025-08-26T12:29:57Z - INFO - [train_model] Epoch 046 | train (price) MSE=2.017896 MAE=1.028252 RMSE=1.420527 | val (price) MSE=20.648077 MAE=4.102132 RMSE=4.544016
2025-08-26T12:29:58Z - INFO - [train_model] Epoch 047 | train (scaled) MSE: mean=0.000761 med=0.000207 std=0.001975 min=0.000000 max=0.037628 | val (scaled) MSE: mean=0.005249 med=0.004295 std=0.004409 min=0.000002 max=0.018557
2025-08-26T12:29:58Z - INFO - [train_model] Epoch 047 | train (price) MSE=1.937610 MAE=0.991139 RMSE=1.391980 | val (price) MSE=13.371689 MAE=3.299671 RMSE=3.656732
2025-08-26T12:29:59Z - INFO - [train_model] Epoch 048 | train (scaled) MSE: mean=0.000799 med=0.000206 std=0.002030 min=0.000000 max=0.037560 | val (scaled) MSE: mean=0.014805 med=0.012354 std=0.014126 min=0.000001 max=0.052607
2025-08-26T12:29:59Z - INFO - [train_model] Epoch 048 | train (price) MSE=2.036019 MAE=1.019655 RMSE=1.426891 | val (price) MSE=37.716583 MAE=5.080745 RMSE=6.141383
2025-08-26T12:29:59Z - INFO - [train_model] Epoch 049 | train (scaled) MSE: mean=0.000786 med=0.000235 std=0.001958 min=0.000000 max=0.036883 | val (scaled) MSE: mean=0.009223 med=0.007968 std=0.007853 min=0.000000 max=0.035233
2025-08-26T12:29:59Z - INFO - [train_model] Epoch 049 | train (price) MSE=2.001333 MAE=1.025969 RMSE=1.414685 | val (price) MSE=23.495694 MAE=4.305008 RMSE=4.847236
2025-08-26T12:30:00Z - INFO - [train_model] Epoch 050 | train (scaled) MSE: mean=0.000795 med=0.000215 std=0.001971 min=0.000000 max=0.036118 | val (scaled) MSE: mean=0.007569 med=0.007078 std=0.005619 min=0.000019 max=0.025366
2025-08-26T12:30:00Z - INFO - [train_model] Epoch 050 | train (price) MSE=2.024902 MAE=1.023069 RMSE=1.422990 | val (price) MSE=19.281151 MAE=4.002309 RMSE=4.391031
2025-08-26T12:30:01Z - INFO - [train_model] Epoch 051 | train (scaled) MSE: mean=0.000779 med=0.000239 std=0.001901 min=0.000000 max=0.035233 | val (scaled) MSE: mean=0.014838 med=0.012097 std=0.014519 min=0.000001 max=0.053823
2025-08-26T12:30:01Z - INFO - [train_model] Epoch 051 | train (price) MSE=1.983868 MAE=1.024968 RMSE=1.408498 | val (price) MSE=37.799958 MAE=5.016334 RMSE=6.148167
2025-08-26T12:30:02Z - INFO - [train_model] Epoch 052 | train (scaled) MSE: mean=0.000788 med=0.000236 std=0.001868 min=0.000000 max=0.034357 | val (scaled) MSE: mean=0.013499 med=0.011482 std=0.012631 min=0.000001 max=0.048457
2025-08-26T12:30:02Z - INFO - [train_model] Epoch 052 | train (price) MSE=2.008557 MAE=1.035017 RMSE=1.417236 | val (price) MSE=34.388310 MAE=4.913143 RMSE=5.864155
2025-08-26T12:30:02Z - INFO - [train_model] Epoch 053 | train (scaled) MSE: mean=0.000772 med=0.000212 std=0.001939 min=0.000000 max=0.036389 | val (scaled) MSE: mean=0.012633 med=0.010348 std=0.011897 min=0.000001 max=0.045647
2025-08-26T12:30:02Z - INFO - [train_model] Epoch 053 | train (price) MSE=1.967146 MAE=1.010595 RMSE=1.402550 | val (price) MSE=32.182807 MAE=4.694458 RMSE=5.672989
2025-08-26T12:30:03Z - INFO - [train_model] Epoch 054 | train (scaled) MSE: mean=0.000758 med=0.000233 std=0.001809 min=0.000000 max=0.033873 | val (scaled) MSE: mean=0.012248 med=0.010548 std=0.011494 min=0.000006 max=0.044821
2025-08-26T12:30:03Z - INFO - [train_model] Epoch 054 | train (price) MSE=1.931184 MAE=1.011230 RMSE=1.389671 | val (price) MSE=31.202788 MAE=4.651312 RMSE=5.585946
2025-08-26T12:30:04Z - INFO - [train_model] Epoch 055 | train (scaled) MSE: mean=0.000707 med=0.000196 std=0.001717 min=0.000000 max=0.032127 | val (scaled) MSE: mean=0.011760 med=0.010260 std=0.009741 min=0.000034 max=0.041666
2025-08-26T12:30:04Z - INFO - [train_model] Epoch 055 | train (price) MSE=1.801036 MAE=0.969494 RMSE=1.342027 | val (price) MSE=29.959568 MAE=4.858032 RMSE=5.473533
2025-08-26T12:30:05Z - INFO - [train_model] Epoch 056 | train (scaled) MSE: mean=0.000792 med=0.000230 std=0.001877 min=0.000000 max=0.035082 | val (scaled) MSE: mean=0.012562 med=0.010892 std=0.011709 min=0.000015 max=0.044806
2025-08-26T12:30:05Z - INFO - [train_model] Epoch 056 | train (price) MSE=2.017769 MAE=1.031019 RMSE=1.420482 | val (price) MSE=32.000349 MAE=4.720672 RMSE=5.656885
2025-08-26T12:30:05Z - INFO - [train_model] Epoch 057 | train (scaled) MSE: mean=0.000734 med=0.000187 std=0.001799 min=0.000000 max=0.032146 | val (scaled) MSE: mean=0.011793 med=0.010434 std=0.010886 min=0.000014 max=0.043050
2025-08-26T12:30:05Z - INFO - [train_model] Epoch 057 | train (price) MSE=1.869080 MAE=0.977209 RMSE=1.367143 | val (price) MSE=30.042119 MAE=4.584190 RMSE=5.481069
2025-08-26T12:30:06Z - INFO - [train_model] Epoch 058 | train (scaled) MSE: mean=0.000724 med=0.000207 std=0.001780 min=0.000000 max=0.033085 | val (scaled) MSE: mean=0.011837 med=0.009320 std=0.011420 min=0.000000 max=0.044576
2025-08-26T12:30:06Z - INFO - [train_model] Epoch 058 | train (price) MSE=1.843516 MAE=0.974275 RMSE=1.357761 | val (price) MSE=30.153903 MAE=4.549586 RMSE=5.491257
2025-08-26T12:30:07Z - INFO - [train_model] Epoch 059 | train (scaled) MSE: mean=0.000719 med=0.000218 std=0.001724 min=0.000000 max=0.031782 | val (scaled) MSE: mean=0.011337 med=0.008788 std=0.011036 min=0.000004 max=0.043317
2025-08-26T12:30:07Z - INFO - [train_model] Epoch 059 | train (price) MSE=1.831387 MAE=0.987584 RMSE=1.353287 | val (price) MSE=28.881746 MAE=4.441577 RMSE=5.374174
2025-08-26T12:30:07Z - INFO - [train_model] Epoch 060 | train (scaled) MSE: mean=0.000813 med=0.000235 std=0.001849 min=0.000000 max=0.031702 | val (scaled) MSE: mean=0.008548 med=0.007475 std=0.007345 min=0.000027 max=0.030451
2025-08-26T12:30:07Z - INFO - [train_model] Epoch 060 | train (price) MSE=2.072099 MAE=1.041448 RMSE=1.439479 | val (price) MSE=21.776519 MAE=4.035039 RMSE=4.666532
2025-08-26T12:30:08Z - INFO - [train_model] Epoch 061 | train (scaled) MSE: mean=0.000935 med=0.000252 std=0.002270 min=0.000000 max=0.041701 | val (scaled) MSE: mean=0.006901 med=0.006487 std=0.005386 min=0.000010 max=0.021981
2025-08-26T12:30:08Z - INFO - [train_model] Epoch 061 | train (price) MSE=2.381985 MAE=1.104000 RMSE=1.543368 | val (price) MSE=17.579862 MAE=3.785845 RMSE=4.192835
2025-08-26T12:30:09Z - INFO - [train_model] Epoch 062 | train (scaled) MSE: mean=0.000700 med=0.000195 std=0.001833 min=0.000000 max=0.038272 | val (scaled) MSE: mean=0.006997 med=0.006531 std=0.005378 min=0.000007 max=0.021773
2025-08-26T12:30:09Z - INFO - [train_model] Epoch 062 | train (price) MSE=1.783173 MAE=0.963205 RMSE=1.335355 | val (price) MSE=17.823889 MAE=3.821689 RMSE=4.221835
2025-08-26T12:30:10Z - INFO - [train_model] Epoch 063 | train (scaled) MSE: mean=0.000685 med=0.000168 std=0.001676 min=0.000000 max=0.032356 | val (scaled) MSE: mean=0.007876 med=0.007914 std=0.005630 min=0.000000 max=0.023172
2025-08-26T12:30:10Z - INFO - [train_model] Epoch 063 | train (price) MSE=1.744986 MAE=0.947773 RMSE=1.320979 | val (price) MSE=20.064381 MAE=4.085747 RMSE=4.479328
2025-08-26T12:30:10Z - INFO - [train_model] Epoch 064 | train (scaled) MSE: mean=0.000662 med=0.000187 std=0.001580 min=0.000000 max=0.029629 | val (scaled) MSE: mean=0.005655 med=0.004789 std=0.004383 min=0.000040 max=0.018243
2025-08-26T12:30:10Z - INFO - [train_model] Epoch 064 | train (price) MSE=1.685195 MAE=0.932584 RMSE=1.298150 | val (price) MSE=14.405257 MAE=3.482221 RMSE=3.795426
2025-08-26T12:30:11Z - INFO - [train_model] Epoch 065 | train (scaled) MSE: mean=0.000618 med=0.000157 std=0.001562 min=0.000000 max=0.029252 | val (scaled) MSE: mean=0.005089 med=0.004249 std=0.004249 min=0.000019 max=0.017672
2025-08-26T12:30:11Z - INFO - [train_model] Epoch 065 | train (price) MSE=1.575545 MAE=0.891905 RMSE=1.255207 | val (price) MSE=12.963736 MAE=3.273672 RMSE=3.600519
2025-08-26T12:30:11Z - INFO - [train_model] New best (price) val MSE=12.963736 at epoch 65; saved → /home/tbfs/Projects/finBert/output/20250826-082919/saved_weights/BMY/BMY_best-epoch065.pt
2025-08-26T12:30:12Z - INFO - [train_model] Epoch 066 | train (scaled) MSE: mean=0.000642 med=0.000195 std=0.001526 min=0.000000 max=0.029313 | val (scaled) MSE: mean=0.004820 med=0.003652 std=0.004105 min=0.000001 max=0.019001
2025-08-26T12:30:12Z - INFO - [train_model] Epoch 066 | train (price) MSE=1.634833 MAE=0.926698 RMSE=1.278606 | val (price) MSE=12.278454 MAE=3.192794 RMSE=3.504063
2025-08-26T12:30:12Z - INFO - [train_model] New best (price) val MSE=12.278454 at epoch 66; saved → /home/tbfs/Projects/finBert/output/20250826-082919/saved_weights/BMY/BMY_best-epoch066.pt
2025-08-26T12:30:12Z - INFO - [train_model] Epoch 067 | train (scaled) MSE: mean=0.000648 med=0.000193 std=0.001547 min=0.000000 max=0.028139 | val (scaled) MSE: mean=0.008321 med=0.008282 std=0.006535 min=0.000001 max=0.029422
2025-08-26T12:30:12Z - INFO - [train_model] Epoch 067 | train (price) MSE=1.651475 MAE=0.930931 RMSE=1.285097 | val (price) MSE=21.198679 MAE=4.118306 RMSE=4.604202
2025-08-26T12:30:13Z - INFO - [train_model] Epoch 068 | train (scaled) MSE: mean=0.000634 med=0.000188 std=0.001535 min=0.000000 max=0.026653 | val (scaled) MSE: mean=0.006729 med=0.006105 std=0.005218 min=0.000015 max=0.025350
2025-08-26T12:30:13Z - INFO - [train_model] Epoch 068 | train (price) MSE=1.615880 MAE=0.913983 RMSE=1.271173 | val (price) MSE=17.141468 MAE=3.763568 RMSE=4.140226
2025-08-26T12:30:14Z - INFO - [train_model] Epoch 069 | train (scaled) MSE: mean=0.000652 med=0.000178 std=0.001512 min=0.000000 max=0.027014 | val (scaled) MSE: mean=0.008266 med=0.008233 std=0.006005 min=0.000004 max=0.026213
2025-08-26T12:30:14Z - INFO - [train_model] Epoch 069 | train (price) MSE=1.659721 MAE=0.928197 RMSE=1.288301 | val (price) MSE=21.058495 MAE=4.172993 RMSE=4.588954
2025-08-26T12:30:15Z - INFO - [train_model] Epoch 070 | train (scaled) MSE: mean=0.000646 med=0.000194 std=0.001534 min=0.000000 max=0.028140 | val (scaled) MSE: mean=0.008382 med=0.008413 std=0.006037 min=0.000001 max=0.027685
2025-08-26T12:30:15Z - INFO - [train_model] Epoch 070 | train (price) MSE=1.645143 MAE=0.932277 RMSE=1.282631 | val (price) MSE=21.353453 MAE=4.198325 RMSE=4.620980
2025-08-26T12:30:15Z - INFO - [train_model] Epoch 071 | train (scaled) MSE: mean=0.000637 med=0.000180 std=0.001473 min=0.000000 max=0.025565 | val (scaled) MSE: mean=0.007822 med=0.007658 std=0.005716 min=0.000001 max=0.026391
2025-08-26T12:30:15Z - INFO - [train_model] Epoch 071 | train (price) MSE=1.622048 MAE=0.919050 RMSE=1.273596 | val (price) MSE=19.925540 MAE=4.063443 RMSE=4.463803
2025-08-26T12:30:16Z - INFO - [train_model] Epoch 072 | train (scaled) MSE: mean=0.000640 med=0.000182 std=0.001476 min=0.000000 max=0.025671 | val (scaled) MSE: mean=0.006813 med=0.006438 std=0.004778 min=0.000001 max=0.020583
2025-08-26T12:30:16Z - INFO - [train_model] Epoch 072 | train (price) MSE=1.629421 MAE=0.925389 RMSE=1.276488 | val (price) MSE=17.356826 MAE=3.837417 RMSE=4.166152
2025-08-26T12:30:17Z - INFO - [train_model] Epoch 073 | train (scaled) MSE: mean=0.000604 med=0.000177 std=0.001401 min=0.000000 max=0.024659 | val (scaled) MSE: mean=0.007924 med=0.007726 std=0.005699 min=0.000000 max=0.027596
2025-08-26T12:30:17Z - INFO - [train_model] Epoch 073 | train (price) MSE=1.539908 MAE=0.899748 RMSE=1.240930 | val (price) MSE=20.186648 MAE=4.091957 RMSE=4.492955
2025-08-26T12:30:17Z - INFO - [train_model] Epoch 074 | train (scaled) MSE: mean=0.000594 med=0.000173 std=0.001399 min=0.000000 max=0.025361 | val (scaled) MSE: mean=0.007458 med=0.007102 std=0.005516 min=0.000004 max=0.026146
2025-08-26T12:30:17Z - INFO - [train_model] Epoch 074 | train (price) MSE=1.513552 MAE=0.888071 RMSE=1.230265 | val (price) MSE=18.998084 MAE=3.961111 RMSE=4.358679
2025-08-26T12:30:18Z - INFO - [train_model] Epoch 075 | train (scaled) MSE: mean=0.000594 med=0.000156 std=0.001383 min=0.000000 max=0.023957 | val (scaled) MSE: mean=0.007445 med=0.007185 std=0.005578 min=0.000001 max=0.026084
2025-08-26T12:30:18Z - INFO - [train_model] Epoch 075 | train (price) MSE=1.513823 MAE=0.893590 RMSE=1.230375 | val (price) MSE=18.966554 MAE=3.947505 RMSE=4.355061
2025-08-26T12:30:19Z - INFO - [train_model] Epoch 076 | train (scaled) MSE: mean=0.000599 med=0.000166 std=0.001415 min=0.000000 max=0.025920 | val (scaled) MSE: mean=0.006108 med=0.005749 std=0.004637 min=0.000004 max=0.021574
2025-08-26T12:30:19Z - INFO - [train_model] Epoch 076 | train (price) MSE=1.526374 MAE=0.899600 RMSE=1.235465 | val (price) MSE=15.559695 MAE=3.606035 RMSE=3.944578
2025-08-26T12:30:20Z - INFO - [train_model] Epoch 077 | train (scaled) MSE: mean=0.000614 med=0.000171 std=0.001392 min=0.000000 max=0.024962 | val (scaled) MSE: mean=0.005227 med=0.004612 std=0.004099 min=0.000009 max=0.017697
2025-08-26T12:30:20Z - INFO - [train_model] Epoch 077 | train (price) MSE=1.564342 MAE=0.917175 RMSE=1.250737 | val (price) MSE=13.315844 MAE=3.343293 RMSE=3.649088
2025-08-26T12:30:20Z - INFO - [train_model] Epoch 078 | train (scaled) MSE: mean=0.000568 med=0.000152 std=0.001309 min=0.000000 max=0.023057 | val (scaled) MSE: mean=0.005456 med=0.005024 std=0.004052 min=0.000000 max=0.018513
2025-08-26T12:30:20Z - INFO - [train_model] Epoch 078 | train (price) MSE=1.447229 MAE=0.873545 RMSE=1.203008 | val (price) MSE=13.898345 MAE=3.430139 RMSE=3.728048
2025-08-26T12:30:21Z - INFO - [train_model] Epoch 079 | train (scaled) MSE: mean=0.000578 med=0.000166 std=0.001379 min=0.000000 max=0.024591 | val (scaled) MSE: mean=0.006027 med=0.005248 std=0.004505 min=0.000001 max=0.021709
2025-08-26T12:30:21Z - INFO - [train_model] Epoch 079 | train (price) MSE=1.471824 MAE=0.879845 RMSE=1.213188 | val (price) MSE=15.354936 MAE=3.589525 RMSE=3.918538
2025-08-26T12:30:22Z - INFO - [train_model] Epoch 080 | train (scaled) MSE: mean=0.000572 med=0.000169 std=0.001246 min=0.000000 max=0.020279 | val (scaled) MSE: mean=0.005039 med=0.004053 std=0.003843 min=0.000005 max=0.018517
2025-08-26T12:30:22Z - INFO - [train_model] Epoch 080 | train (price) MSE=1.456585 MAE=0.885835 RMSE=1.206891 | val (price) MSE=12.837103 MAE=3.303354 RMSE=3.582890
2025-08-26T12:30:23Z - INFO - [train_model] Epoch 081 | train (scaled) MSE: mean=0.000582 med=0.000152 std=0.001410 min=0.000000 max=0.026085 | val (scaled) MSE: mean=0.005869 med=0.005023 std=0.004578 min=0.000000 max=0.021356
2025-08-26T12:30:23Z - INFO - [train_model] Epoch 081 | train (price) MSE=1.481563 MAE=0.877750 RMSE=1.217195 | val (price) MSE=14.952005 MAE=3.531564 RMSE=3.866782
2025-08-26T12:30:23Z - INFO - [train_model] Epoch 082 | train (scaled) MSE: mean=0.000591 med=0.000155 std=0.001360 min=0.000000 max=0.025166 | val (scaled) MSE: mean=0.005290 med=0.004822 std=0.003833 min=0.000004 max=0.017166
2025-08-26T12:30:23Z - INFO - [train_model] Epoch 082 | train (price) MSE=1.505292 MAE=0.896176 RMSE=1.226903 | val (price) MSE=13.475068 MAE=3.394154 RMSE=3.670840
2025-08-26T12:30:24Z - INFO - [train_model] Epoch 083 | train (scaled) MSE: mean=0.000576 med=0.000165 std=0.001352 min=0.000000 max=0.026302 | val (scaled) MSE: mean=0.003470 med=0.002605 std=0.003163 min=0.000000 max=0.017089
2025-08-26T12:30:24Z - INFO - [train_model] Epoch 083 | train (price) MSE=1.467869 MAE=0.885442 RMSE=1.211557 | val (price) MSE=8.838584 MAE=2.700708 RMSE=2.972976
2025-08-26T12:30:24Z - INFO - [train_model] New best (price) val MSE=8.838584 at epoch 83; saved → /home/tbfs/Projects/finBert/output/20250826-082919/saved_weights/BMY/BMY_best-epoch083.pt
2025-08-26T12:30:25Z - INFO - [train_model] Epoch 084 | train (scaled) MSE: mean=0.000595 med=0.000177 std=0.001376 min=0.000000 max=0.023997 | val (scaled) MSE: mean=0.005505 med=0.004674 std=0.004083 min=0.000003 max=0.020078
2025-08-26T12:30:25Z - INFO - [train_model] Epoch 084 | train (price) MSE=1.515056 MAE=0.902632 RMSE=1.230876 | val (price) MSE=14.022927 MAE=3.451502 RMSE=3.744720
2025-08-26T12:30:26Z - INFO - [train_model] Epoch 085 | train (scaled) MSE: mean=0.000663 med=0.000177 std=0.001490 min=0.000000 max=0.020474 | val (scaled) MSE: mean=0.006755 med=0.005873 std=0.004900 min=0.000000 max=0.024590
2025-08-26T12:30:26Z - INFO - [train_model] Epoch 085 | train (price) MSE=1.688443 MAE=0.938470 RMSE=1.299401 | val (price) MSE=17.209294 MAE=3.803477 RMSE=4.148409
2025-08-26T12:30:26Z - INFO - [train_model] Epoch 086 | train (scaled) MSE: mean=0.000577 med=0.000154 std=0.001235 min=0.000000 max=0.017926 | val (scaled) MSE: mean=0.006180 med=0.005188 std=0.004713 min=0.000009 max=0.023068
2025-08-26T12:30:26Z - INFO - [train_model] Epoch 086 | train (price) MSE=1.469281 MAE=0.886591 RMSE=1.212139 | val (price) MSE=15.743225 MAE=3.622881 RMSE=3.967773
2025-08-26T12:30:27Z - INFO - [train_model] Epoch 087 | train (scaled) MSE: mean=0.000561 med=0.000152 std=0.001339 min=0.000000 max=0.024853 | val (scaled) MSE: mean=0.005015 med=0.004167 std=0.003805 min=0.000002 max=0.018133
2025-08-26T12:30:27Z - INFO - [train_model] Epoch 087 | train (price) MSE=1.429901 MAE=0.871428 RMSE=1.195785 | val (price) MSE=12.776749 MAE=3.285398 RMSE=3.574458
2025-08-26T12:30:28Z - INFO - [train_model] Epoch 088 | train (scaled) MSE: mean=0.000555 med=0.000155 std=0.001300 min=0.000000 max=0.024280 | val (scaled) MSE: mean=0.004283 med=0.003202 std=0.003455 min=0.000000 max=0.015910
2025-08-26T12:30:28Z - INFO - [train_model] Epoch 088 | train (price) MSE=1.415008 MAE=0.864567 RMSE=1.189541 | val (price) MSE=10.912125 MAE=3.040927 RMSE=3.303351
2025-08-26T12:30:29Z - INFO - [train_model] Epoch 089 | train (scaled) MSE: mean=0.000540 med=0.000143 std=0.001284 min=0.000000 max=0.022269 | val (scaled) MSE: mean=0.005991 med=0.005066 std=0.004439 min=0.000005 max=0.021175
2025-08-26T12:30:29Z - INFO - [train_model] Epoch 089 | train (price) MSE=1.374905 MAE=0.844078 RMSE=1.172563 | val (price) MSE=15.262918 MAE=3.586002 RMSE=3.906779
2025-08-26T12:30:29Z - INFO - [train_model] Epoch 090 | train (scaled) MSE: mean=0.000573 med=0.000142 std=0.001367 min=0.000000 max=0.023317 | val (scaled) MSE: mean=0.005738 med=0.005090 std=0.003971 min=0.000000 max=0.017958
2025-08-26T12:30:29Z - INFO - [train_model] Epoch 090 | train (price) MSE=1.459600 MAE=0.863143 RMSE=1.208139 | val (price) MSE=14.618317 MAE=3.554703 RMSE=3.823391
2025-08-26T12:30:30Z - INFO - [train_model] Epoch 091 | train (scaled) MSE: mean=0.000590 med=0.000153 std=0.001290 min=0.000000 max=0.020200 | val (scaled) MSE: mean=0.006683 med=0.005905 std=0.004674 min=0.000017 max=0.023698
2025-08-26T12:30:30Z - INFO - [train_model] Epoch 091 | train (price) MSE=1.502684 MAE=0.881503 RMSE=1.225840 | val (price) MSE=17.023939 MAE=3.811261 RMSE=4.126008
2025-08-26T12:30:31Z - INFO - [train_model] Epoch 092 | train (scaled) MSE: mean=0.000572 med=0.000131 std=0.001337 min=0.000000 max=0.022726 | val (scaled) MSE: mean=0.005678 med=0.004824 std=0.003994 min=0.000001 max=0.018928
2025-08-26T12:30:31Z - INFO - [train_model] Epoch 092 | train (price) MSE=1.456140 MAE=0.861768 RMSE=1.206706 | val (price) MSE=14.465558 MAE=3.516574 RMSE=3.803361
2025-08-26T12:30:31Z - INFO - [train_model] Epoch 093 | train (scaled) MSE: mean=0.000565 med=0.000124 std=0.001348 min=0.000000 max=0.020899 | val (scaled) MSE: mean=0.005522 med=0.004714 std=0.003986 min=0.000004 max=0.018824
2025-08-26T12:30:31Z - INFO - [train_model] Epoch 093 | train (price) MSE=1.439297 MAE=0.845385 RMSE=1.199707 | val (price) MSE=14.067528 MAE=3.460437 RMSE=3.750670
2025-08-26T12:30:32Z - INFO - [train_model] Epoch 094 | train (scaled) MSE: mean=0.000564 med=0.000121 std=0.001370 min=0.000000 max=0.023639 | val (scaled) MSE: mean=0.005346 med=0.004718 std=0.003766 min=0.000000 max=0.017481
2025-08-26T12:30:32Z - INFO - [train_model] Epoch 094 | train (price) MSE=1.435774 MAE=0.844552 RMSE=1.198238 | val (price) MSE=13.618671 MAE=3.411756 RMSE=3.690348
2025-08-26T12:30:33Z - INFO - [train_model] Epoch 095 | train (scaled) MSE: mean=0.000569 med=0.000129 std=0.001462 min=0.000000 max=0.026501 | val (scaled) MSE: mean=0.005926 med=0.005094 std=0.004283 min=0.000002 max=0.020287
2025-08-26T12:30:33Z - INFO - [train_model] Epoch 095 | train (price) MSE=1.449286 MAE=0.850735 RMSE=1.203863 | val (price) MSE=15.097112 MAE=3.572546 RMSE=3.885500
2025-08-26T12:30:34Z - INFO - [train_model] Epoch 096 | train (scaled) MSE: mean=0.000555 med=0.000122 std=0.001326 min=0.000000 max=0.022005 | val (scaled) MSE: mean=0.003533 med=0.002500 std=0.003182 min=0.000004 max=0.016424
2025-08-26T12:30:34Z - INFO - [train_model] Epoch 096 | train (price) MSE=1.413830 MAE=0.832726 RMSE=1.189046 | val (price) MSE=8.999889 MAE=2.729361 RMSE=2.999982
2025-08-26T12:30:34Z - INFO - [train_model] Epoch 097 | train (scaled) MSE: mean=0.000556 med=0.000129 std=0.001383 min=0.000000 max=0.024035 | val (scaled) MSE: mean=0.005588 med=0.004529 std=0.004011 min=0.000002 max=0.020211
2025-08-26T12:30:34Z - INFO - [train_model] Epoch 097 | train (price) MSE=1.417030 MAE=0.837379 RMSE=1.190391 | val (price) MSE=14.234799 MAE=3.481358 RMSE=3.772903
2025-08-26T12:30:35Z - INFO - [train_model] Epoch 098 | train (scaled) MSE: mean=0.000544 med=0.000122 std=0.001328 min=0.000000 max=0.020997 | val (scaled) MSE: mean=0.004594 med=0.003833 std=0.003627 min=0.000000 max=0.018267
2025-08-26T12:30:35Z - INFO - [train_model] Epoch 098 | train (price) MSE=1.386363 MAE=0.830433 RMSE=1.177439 | val (price) MSE=11.703784 MAE=3.120400 RMSE=3.421079
2025-08-26T12:30:36Z - INFO - [train_model] Epoch 099 | train (scaled) MSE: mean=0.000562 med=0.000129 std=0.001278 min=0.000000 max=0.021767 | val (scaled) MSE: mean=0.005991 med=0.005073 std=0.004226 min=0.000027 max=0.022146
2025-08-26T12:30:36Z - INFO - [train_model] Epoch 099 | train (price) MSE=1.431423 MAE=0.851015 RMSE=1.196421 | val (price) MSE=15.262113 MAE=3.617075 RMSE=3.906675
2025-08-26T12:30:36Z - INFO - [train_model] Epoch 100 | train (scaled) MSE: mean=0.000557 med=0.000132 std=0.001226 min=0.000000 max=0.021247 | val (scaled) MSE: mean=0.002451 med=0.001470 std=0.002784 min=0.000006 max=0.016375
2025-08-26T12:30:36Z - INFO - [train_model] Epoch 100 | train (price) MSE=1.419258 MAE=0.851095 RMSE=1.191326 | val (price) MSE=6.243349 MAE=2.143529 RMSE=2.498669
2025-08-26T12:30:36Z - INFO - [train_model] New best (price) val MSE=6.243349 at epoch 100; saved → /home/tbfs/Projects/finBert/output/20250826-082919/saved_weights/BMY/BMY_best-epoch100.pt
2025-08-26T12:30:37Z - INFO - [train_model] Epoch 101 | train (scaled) MSE: mean=0.000548 med=0.000120 std=0.001443 min=0.000000 max=0.025718 | val (scaled) MSE: mean=0.003552 med=0.002695 std=0.003130 min=0.000000 max=0.014642
2025-08-26T12:30:37Z - INFO - [train_model] Epoch 101 | train (price) MSE=1.396147 MAE=0.826462 RMSE=1.181587 | val (price) MSE=9.047888 MAE=2.718667 RMSE=3.007971
2025-08-26T12:30:38Z - INFO - [train_model] Epoch 102 | train (scaled) MSE: mean=0.000525 med=0.000119 std=0.001196 min=0.000000 max=0.019998 | val (scaled) MSE: mean=0.001524 med=0.000575 std=0.002335 min=0.000000 max=0.015707
2025-08-26T12:30:38Z - INFO - [train_model] Epoch 102 | train (price) MSE=1.336765 MAE=0.815711 RMSE=1.156185 | val (price) MSE=3.881141 MAE=1.527180 RMSE=1.970061
2025-08-26T12:30:38Z - INFO - [train_model] New best (price) val MSE=3.881141 at epoch 102; saved → /home/tbfs/Projects/finBert/output/20250826-082919/saved_weights/BMY/BMY_best-epoch102.pt
2025-08-26T12:30:39Z - INFO - [train_model] Epoch 103 | train (scaled) MSE: mean=0.000576 med=0.000120 std=0.001481 min=0.000000 max=0.025282 | val (scaled) MSE: mean=0.004910 med=0.004029 std=0.003824 min=0.000004 max=0.020382
2025-08-26T12:30:39Z - INFO - [train_model] Epoch 103 | train (price) MSE=1.467252 MAE=0.840770 RMSE=1.211302 | val (price) MSE=12.509275 MAE=3.238565 RMSE=3.536845
2025-08-26T12:30:39Z - INFO - [train_model] Epoch 104 | train (scaled) MSE: mean=0.000568 med=0.000125 std=0.001371 min=0.000000 max=0.021402 | val (scaled) MSE: mean=0.004544 med=0.003972 std=0.003376 min=0.000010 max=0.017694
2025-08-26T12:30:39Z - INFO - [train_model] Epoch 104 | train (price) MSE=1.446045 MAE=0.845214 RMSE=1.202516 | val (price) MSE=11.574898 MAE=3.144333 RMSE=3.402190
2025-08-26T12:30:40Z - INFO - [train_model] Epoch 105 | train (scaled) MSE: mean=0.000529 med=0.000112 std=0.001176 min=0.000000 max=0.019495 | val (scaled) MSE: mean=0.002306 med=0.001086 std=0.002807 min=0.000000 max=0.017172
2025-08-26T12:30:40Z - INFO - [train_model] Epoch 105 | train (price) MSE=1.348351 MAE=0.818880 RMSE=1.161185 | val (price) MSE=5.873710 MAE=2.010013 RMSE=2.423574
2025-08-26T12:30:41Z - INFO - [train_model] Epoch 106 | train (scaled) MSE: mean=0.000562 med=0.000099 std=0.001414 min=0.000000 max=0.021097 | val (scaled) MSE: mean=0.003205 med=0.002480 std=0.002923 min=0.000017 max=0.013712
2025-08-26T12:30:41Z - INFO - [train_model] Epoch 106 | train (price) MSE=1.431552 MAE=0.821385 RMSE=1.196475 | val (price) MSE=8.165268 MAE=2.568274 RMSE=2.857493
2025-08-26T12:30:42Z - INFO - [train_model] Epoch 107 | train (scaled) MSE: mean=0.000583 med=0.000114 std=0.001343 min=0.000000 max=0.021362 | val (scaled) MSE: mean=0.003042 med=0.002151 std=0.002787 min=0.000000 max=0.014148
2025-08-26T12:30:42Z - INFO - [train_model] Epoch 107 | train (price) MSE=1.486365 MAE=0.851983 RMSE=1.219166 | val (price) MSE=7.748431 MAE=2.512178 RMSE=2.783600
2025-08-26T12:30:42Z - INFO - [train_model] Epoch 108 | train (scaled) MSE: mean=0.000544 med=0.000114 std=0.001350 min=0.000000 max=0.020079 | val (scaled) MSE: mean=0.002460 med=0.001541 std=0.002790 min=0.000001 max=0.014445
2025-08-26T12:30:42Z - INFO - [train_model] Epoch 108 | train (price) MSE=1.386468 MAE=0.823674 RMSE=1.177484 | val (price) MSE=6.267211 MAE=2.199982 RMSE=2.503440
2025-08-26T12:30:43Z - INFO - [train_model] Epoch 109 | train (scaled) MSE: mean=0.000580 med=0.000129 std=0.001284 min=0.000000 max=0.016914 | val (scaled) MSE: mean=0.004070 med=0.003417 std=0.003211 min=0.000013 max=0.016543
2025-08-26T12:30:43Z - INFO - [train_model] Epoch 109 | train (price) MSE=1.478751 MAE=0.857755 RMSE=1.216039 | val (price) MSE=10.368764 MAE=2.954049 RMSE=3.220056
2025-08-26T12:30:44Z - INFO - [train_model] Epoch 110 | train (scaled) MSE: mean=0.000550 med=0.000111 std=0.001276 min=0.000000 max=0.020856 | val (scaled) MSE: mean=0.003760 med=0.003085 std=0.003113 min=0.000000 max=0.015923
2025-08-26T12:30:44Z - INFO - [train_model] Epoch 110 | train (price) MSE=1.399952 MAE=0.827157 RMSE=1.183196 | val (price) MSE=9.579391 MAE=2.815966 RMSE=3.095059
2025-08-26T12:30:45Z - INFO - [train_model] Epoch 111 | train (scaled) MSE: mean=0.000552 med=0.000109 std=0.001298 min=0.000000 max=0.020034 | val (scaled) MSE: mean=0.003533 med=0.002929 std=0.002923 min=0.000000 max=0.013502
2025-08-26T12:30:45Z - INFO - [train_model] Epoch 111 | train (price) MSE=1.406199 MAE=0.829345 RMSE=1.185833 | val (price) MSE=9.001222 MAE=2.726834 RMSE=3.000204
2025-08-26T12:30:45Z - INFO - [train_model] Epoch 112 | train (scaled) MSE: mean=0.000528 med=0.000107 std=0.001181 min=0.000000 max=0.018994 | val (scaled) MSE: mean=0.002776 med=0.002038 std=0.002611 min=0.000012 max=0.012548
2025-08-26T12:30:45Z - INFO - [train_model] Epoch 112 | train (price) MSE=1.345040 MAE=0.817139 RMSE=1.159759 | val (price) MSE=7.071840 MAE=2.388549 RMSE=2.659293
2025-08-26T12:30:46Z - INFO - [train_model] Epoch 113 | train (scaled) MSE: mean=0.000536 med=0.000122 std=0.001205 min=0.000000 max=0.018393 | val (scaled) MSE: mean=0.002386 med=0.001535 std=0.002513 min=0.000007 max=0.013354
2025-08-26T12:30:46Z - INFO - [train_model] Epoch 113 | train (price) MSE=1.365128 MAE=0.823559 RMSE=1.168387 | val (price) MSE=6.078527 MAE=2.150655 RMSE=2.465467
2025-08-26T12:30:47Z - INFO - [train_model] Epoch 114 | train (scaled) MSE: mean=0.000524 med=0.000110 std=0.001221 min=0.000000 max=0.019064 | val (scaled) MSE: mean=0.002050 med=0.001258 std=0.002581 min=0.000000 max=0.015386
2025-08-26T12:30:47Z - INFO - [train_model] Epoch 114 | train (price) MSE=1.334116 MAE=0.811651 RMSE=1.155039 | val (price) MSE=5.223089 MAE=1.949228 RMSE=2.285408
2025-08-26T12:30:48Z - INFO - [train_model] Epoch 115 | train (scaled) MSE: mean=0.000577 med=0.000113 std=0.001377 min=0.000000 max=0.019759 | val (scaled) MSE: mean=0.002904 med=0.002377 std=0.002797 min=0.000008 max=0.014927
2025-08-26T12:30:48Z - INFO - [train_model] Epoch 115 | train (price) MSE=1.468671 MAE=0.839660 RMSE=1.211887 | val (price) MSE=7.399068 MAE=2.415926 RMSE=2.720123
2025-08-26T12:30:48Z - INFO - [train_model] Epoch 116 | train (scaled) MSE: mean=0.000528 med=0.000122 std=0.001141 min=0.000000 max=0.018893 | val (scaled) MSE: mean=0.001982 med=0.001091 std=0.002255 min=0.000000 max=0.011831
2025-08-26T12:30:48Z - INFO - [train_model] Epoch 116 | train (price) MSE=1.344566 MAE=0.829266 RMSE=1.159554 | val (price) MSE=5.049152 MAE=1.913515 RMSE=2.247032
2025-08-26T12:30:49Z - INFO - [train_model] Epoch 117 | train (scaled) MSE: mean=0.000522 med=0.000106 std=0.001208 min=0.000000 max=0.019154 | val (scaled) MSE: mean=0.001847 med=0.001115 std=0.002282 min=0.000001 max=0.012209
2025-08-26T12:30:49Z - INFO - [train_model] Epoch 117 | train (price) MSE=1.330214 MAE=0.807887 RMSE=1.153349 | val (price) MSE=4.704841 MAE=1.805315 RMSE=2.169065
2025-08-26T12:30:50Z - INFO - [train_model] Epoch 118 | train (scaled) MSE: mean=0.000515 med=0.000117 std=0.001140 min=0.000000 max=0.017537 | val (scaled) MSE: mean=0.001584 med=0.000633 std=0.002103 min=0.000002 max=0.011216
2025-08-26T12:30:50Z - INFO - [train_model] Epoch 118 | train (price) MSE=1.312594 MAE=0.814870 RMSE=1.145685 | val (price) MSE=4.034588 MAE=1.628234 RMSE=2.008628
2025-08-26T12:30:50Z - INFO - [train_model] Epoch 119 | train (scaled) MSE: mean=0.000524 med=0.000105 std=0.001209 min=0.000000 max=0.016954 | val (scaled) MSE: mean=0.002007 med=0.001034 std=0.002373 min=0.000000 max=0.011522
2025-08-26T12:30:50Z - INFO - [train_model] Epoch 119 | train (price) MSE=1.334651 MAE=0.803581 RMSE=1.155271 | val (price) MSE=5.112781 MAE=1.826623 RMSE=2.261146
2025-08-26T12:30:51Z - INFO - [train_model] Epoch 120 | train (scaled) MSE: mean=0.000520 med=0.000104 std=0.001182 min=0.000000 max=0.016797 | val (scaled) MSE: mean=0.001800 med=0.000871 std=0.002281 min=0.000000 max=0.012529
2025-08-26T12:30:51Z - INFO - [train_model] Epoch 120 | train (price) MSE=1.324139 MAE=0.804833 RMSE=1.150712 | val (price) MSE=4.584582 MAE=1.729431 RMSE=2.141164
2025-08-26T12:30:52Z - INFO - [train_model] Epoch 121 | train (scaled) MSE: mean=0.000563 med=0.000106 std=0.001233 min=0.000000 max=0.016279 | val (scaled) MSE: mean=0.001560 med=0.000677 std=0.002164 min=0.000000 max=0.010602
2025-08-26T12:30:52Z - INFO - [train_model] Epoch 121 | train (price) MSE=1.434996 MAE=0.831189 RMSE=1.197913 | val (price) MSE=3.974057 MAE=1.584683 RMSE=1.993504
2025-08-26T12:30:53Z - INFO - [train_model] Epoch 122 | train (scaled) MSE: mean=0.000519 med=0.000111 std=0.001145 min=0.000000 max=0.018109 | val (scaled) MSE: mean=0.001773 med=0.000847 std=0.002163 min=0.000001 max=0.010624
2025-08-26T12:30:53Z - INFO - [train_model] Epoch 122 | train (price) MSE=1.323202 MAE=0.820551 RMSE=1.150305 | val (price) MSE=4.515830 MAE=1.711686 RMSE=2.125048
2025-08-26T12:30:53Z - INFO - [train_model] Epoch 123 | train (scaled) MSE: mean=0.000538 med=0.000102 std=0.001210 min=0.000000 max=0.015527 | val (scaled) MSE: mean=0.001464 med=0.000643 std=0.002029 min=0.000000 max=0.011262
2025-08-26T12:30:53Z - INFO - [train_model] Epoch 123 | train (price) MSE=1.371162 MAE=0.818698 RMSE=1.170966 | val (price) MSE=3.728868 MAE=1.496990 RMSE=1.931028
2025-08-26T12:30:53Z - INFO - [train_model] New best (price) val MSE=3.728868 at epoch 123; saved → /home/tbfs/Projects/finBert/output/20250826-082919/saved_weights/BMY/BMY_best-epoch123.pt
2025-08-26T12:30:54Z - INFO - [train_model] Epoch 124 | train (scaled) MSE: mean=0.000531 med=0.000103 std=0.001175 min=0.000000 max=0.015760 | val (scaled) MSE: mean=0.001874 med=0.000804 std=0.002306 min=0.000000 max=0.011277
2025-08-26T12:30:54Z - INFO - [train_model] Epoch 124 | train (price) MSE=1.353464 MAE=0.822907 RMSE=1.163385 | val (price) MSE=4.774731 MAE=1.777153 RMSE=2.185116
2025-08-26T12:30:55Z - INFO - [train_model] Epoch 125 | train (scaled) MSE: mean=0.000531 med=0.000117 std=0.001101 min=0.000000 max=0.014463 | val (scaled) MSE: mean=0.001640 med=0.000768 std=0.002124 min=0.000000 max=0.010775
2025-08-26T12:30:55Z - INFO - [train_model] Epoch 125 | train (price) MSE=1.353569 MAE=0.825900 RMSE=1.163430 | val (price) MSE=4.176731 MAE=1.594624 RMSE=2.043705
2025-08-26T12:30:56Z - INFO - [train_model] Epoch 126 | train (scaled) MSE: mean=0.000552 med=0.000098 std=0.001175 min=0.000000 max=0.014284 | val (scaled) MSE: mean=0.002336 med=0.001500 std=0.002573 min=0.000004 max=0.011958
2025-08-26T12:30:56Z - INFO - [train_model] Epoch 126 | train (price) MSE=1.407218 MAE=0.825183 RMSE=1.186262 | val (price) MSE=5.950164 MAE=2.035715 RMSE=2.439296
2025-08-26T12:30:56Z - INFO - [train_model] Epoch 127 | train (scaled) MSE: mean=0.000553 med=0.000120 std=0.001199 min=0.000000 max=0.015398 | val (scaled) MSE: mean=0.001874 med=0.000946 std=0.002396 min=0.000003 max=0.011230
2025-08-26T12:30:56Z - INFO - [train_model] Epoch 127 | train (price) MSE=1.408202 MAE=0.835126 RMSE=1.186677 | val (price) MSE=4.774569 MAE=1.766389 RMSE=2.185079
2025-08-26T12:30:57Z - INFO - [train_model] Epoch 128 | train (scaled) MSE: mean=0.000529 med=0.000109 std=0.001081 min=0.000000 max=0.013099 | val (scaled) MSE: mean=0.001487 med=0.000586 std=0.002031 min=0.000000 max=0.010271
2025-08-26T12:30:57Z - INFO - [train_model] Epoch 128 | train (price) MSE=1.348338 MAE=0.819748 RMSE=1.161180 | val (price) MSE=3.787267 MAE=1.525754 RMSE=1.946090
2025-08-26T12:30:58Z - INFO - [train_model] Epoch 129 | train (scaled) MSE: mean=0.000516 med=0.000111 std=0.001073 min=0.000000 max=0.013814 | val (scaled) MSE: mean=0.002009 med=0.000906 std=0.002364 min=0.000000 max=0.011689
2025-08-26T12:30:58Z - INFO - [train_model] Epoch 129 | train (price) MSE=1.315311 MAE=0.819769 RMSE=1.146870 | val (price) MSE=5.117274 MAE=1.899477 RMSE=2.262139
2025-08-26T12:30:58Z - INFO - [train_model] Epoch 130 | train (scaled) MSE: mean=0.000530 med=0.000114 std=0.001096 min=0.000000 max=0.013155 | val (scaled) MSE: mean=0.001803 med=0.000741 std=0.002274 min=0.000000 max=0.010950
2025-08-26T12:30:58Z - INFO - [train_model] Epoch 130 | train (price) MSE=1.350333 MAE=0.826076 RMSE=1.162038 | val (price) MSE=4.593725 MAE=1.769471 RMSE=2.143298
2025-08-26T12:30:59Z - INFO - [train_model] Epoch 131 | train (scaled) MSE: mean=0.000528 med=0.000109 std=0.001139 min=0.000000 max=0.014190 | val (scaled) MSE: mean=0.001633 med=0.000666 std=0.002090 min=0.000002 max=0.010609
2025-08-26T12:30:59Z - INFO - [train_model] Epoch 131 | train (price) MSE=1.345557 MAE=0.821228 RMSE=1.159981 | val (price) MSE=4.159499 MAE=1.642803 RMSE=2.039485
2025-08-26T12:31:00Z - INFO - [train_model] Epoch 132 | train (scaled) MSE: mean=0.000533 med=0.000119 std=0.001119 min=0.000000 max=0.013471 | val (scaled) MSE: mean=0.001931 med=0.000810 std=0.002265 min=0.000004 max=0.010718
2025-08-26T12:31:00Z - INFO - [train_model] Epoch 132 | train (price) MSE=1.356897 MAE=0.830777 RMSE=1.164859 | val (price) MSE=4.918353 MAE=1.852780 RMSE=2.217736
2025-08-26T12:31:01Z - INFO - [train_model] Epoch 133 | train (scaled) MSE: mean=0.000484 med=0.000103 std=0.001017 min=0.000000 max=0.011186 | val (scaled) MSE: mean=0.001088 med=0.000459 std=0.001748 min=0.000000 max=0.011372
2025-08-26T12:31:01Z - INFO - [train_model] Epoch 133 | train (price) MSE=1.232809 MAE=0.789728 RMSE=1.110319 | val (price) MSE=2.772926 MAE=1.258303 RMSE=1.665211
2025-08-26T12:31:01Z - INFO - [train_model] New best (price) val MSE=2.772926 at epoch 133; saved → /home/tbfs/Projects/finBert/output/20250826-082919/saved_weights/BMY/BMY_best-epoch133.pt
2025-08-26T12:31:01Z - INFO - [train_model] Epoch 134 | train (scaled) MSE: mean=0.000520 med=0.000113 std=0.001063 min=0.000000 max=0.011221 | val (scaled) MSE: mean=0.001313 med=0.000284 std=0.002175 min=0.000000 max=0.011182
2025-08-26T12:31:01Z - INFO - [train_model] Epoch 134 | train (price) MSE=1.323445 MAE=0.811915 RMSE=1.150411 | val (price) MSE=3.344716 MAE=1.352153 RMSE=1.828857
2025-08-26T12:31:02Z - INFO - [train_model] Epoch 135 | train (scaled) MSE: mean=0.000521 med=0.000116 std=0.001074 min=0.000000 max=0.013839 | val (scaled) MSE: mean=0.001752 med=0.000906 std=0.002305 min=0.000000 max=0.012499
2025-08-26T12:31:02Z - INFO - [train_model] Epoch 135 | train (price) MSE=1.326869 MAE=0.822187 RMSE=1.151898 | val (price) MSE=4.462289 MAE=1.640679 RMSE=2.112413
2025-08-26T12:31:03Z - INFO - [train_model] Epoch 136 | train (scaled) MSE: mean=0.000535 med=0.000101 std=0.001080 min=0.000000 max=0.012388 | val (scaled) MSE: mean=0.001432 med=0.000520 std=0.001986 min=0.000000 max=0.010002
2025-08-26T12:31:03Z - INFO - [train_model] Epoch 136 | train (price) MSE=1.363891 MAE=0.820172 RMSE=1.167857 | val (price) MSE=3.646906 MAE=1.488047 RMSE=1.909687
2025-08-26T12:31:03Z - INFO - [train_model] Epoch 137 | train (scaled) MSE: mean=0.000561 med=0.000112 std=0.001161 min=0.000000 max=0.012382 | val (scaled) MSE: mean=0.001568 med=0.000696 std=0.002088 min=0.000000 max=0.011526
2025-08-26T12:31:03Z - INFO - [train_model] Epoch 137 | train (price) MSE=1.429084 MAE=0.846721 RMSE=1.195443 | val (price) MSE=3.994537 MAE=1.566358 RMSE=1.998634
2025-08-26T12:31:04Z - INFO - [train_model] Epoch 138 | train (scaled) MSE: mean=0.000516 med=0.000111 std=0.001097 min=0.000000 max=0.014541 | val (scaled) MSE: mean=0.001704 med=0.000728 std=0.002288 min=0.000002 max=0.011007
2025-08-26T12:31:04Z - INFO - [train_model] Epoch 138 | train (price) MSE=1.315604 MAE=0.816376 RMSE=1.146998 | val (price) MSE=4.342072 MAE=1.704438 RMSE=2.083764
2025-08-26T12:31:05Z - INFO - [train_model] Epoch 139 | train (scaled) MSE: mean=0.000613 med=0.000125 std=0.001465 min=0.000000 max=0.020971 | val (scaled) MSE: mean=0.001453 med=0.000636 std=0.001914 min=0.000002 max=0.010235
2025-08-26T12:31:05Z - INFO - [train_model] Epoch 139 | train (price) MSE=1.562643 MAE=0.876296 RMSE=1.250057 | val (price) MSE=3.701826 MAE=1.550062 RMSE=1.924013
2025-08-26T12:31:06Z - INFO - [train_model] Epoch 140 | train (scaled) MSE: mean=0.000529 med=0.000128 std=0.001009 min=0.000000 max=0.008811 | val (scaled) MSE: mean=0.002242 med=0.001202 std=0.002389 min=0.000001 max=0.011149
2025-08-26T12:31:06Z - INFO - [train_model] Epoch 140 | train (price) MSE=1.348181 MAE=0.841449 RMSE=1.161112 | val (price) MSE=5.711487 MAE=2.033944 RMSE=2.389872
2025-08-26T12:31:06Z - INFO - [train_model] Epoch 141 | train (scaled) MSE: mean=0.000597 med=0.000127 std=0.001406 min=0.000000 max=0.021145 | val (scaled) MSE: mean=0.002389 med=0.001689 std=0.002307 min=0.000000 max=0.010102
2025-08-26T12:31:06Z - INFO - [train_model] Epoch 141 | train (price) MSE=1.521006 MAE=0.868896 RMSE=1.233291 | val (price) MSE=6.085582 MAE=2.155021 RMSE=2.466897
2025-08-26T12:31:07Z - INFO - [train_model] Epoch 142 | train (scaled) MSE: mean=0.000538 med=0.000138 std=0.000979 min=0.000000 max=0.007654 | val (scaled) MSE: mean=0.002264 med=0.001337 std=0.002312 min=0.000001 max=0.010886
2025-08-26T12:31:07Z - INFO - [train_model] Epoch 142 | train (price) MSE=1.370761 MAE=0.858176 RMSE=1.170795 | val (price) MSE=5.768709 MAE=2.080112 RMSE=2.401814
2025-08-26T12:31:08Z - INFO - [train_model] Epoch 143 | train (scaled) MSE: mean=0.000517 med=0.000127 std=0.000964 min=0.000000 max=0.008325 | val (scaled) MSE: mean=0.002259 med=0.001180 std=0.002396 min=0.000000 max=0.011652
2025-08-26T12:31:08Z - INFO - [train_model] Epoch 143 | train (price) MSE=1.317889 MAE=0.838286 RMSE=1.147993 | val (price) MSE=5.755764 MAE=2.069480 RMSE=2.399117
2025-08-26T12:31:08Z - INFO - [train_model] Epoch 144 | train (scaled) MSE: mean=0.000496 med=0.000117 std=0.000993 min=0.000000 max=0.010968 | val (scaled) MSE: mean=0.001947 med=0.000964 std=0.002212 min=0.000001 max=0.010496
2025-08-26T12:31:08Z - INFO - [train_model] Epoch 144 | train (price) MSE=1.263030 MAE=0.808397 RMSE=1.123846 | val (price) MSE=4.958992 MAE=1.880315 RMSE=2.226879
2025-08-26T12:31:09Z - INFO - [train_model] Epoch 145 | train (scaled) MSE: mean=0.000493 med=0.000113 std=0.000979 min=0.000000 max=0.010372 | val (scaled) MSE: mean=0.001919 med=0.001033 std=0.002184 min=0.000000 max=0.010689
2025-08-26T12:31:09Z - INFO - [train_model] Epoch 145 | train (price) MSE=1.256177 MAE=0.806352 RMSE=1.120793 | val (price) MSE=4.889436 MAE=1.870209 RMSE=2.211207
2025-08-26T12:31:10Z - INFO - [train_model] Epoch 146 | train (scaled) MSE: mean=0.000521 med=0.000106 std=0.001013 min=0.000000 max=0.009504 | val (scaled) MSE: mean=0.001176 med=0.000418 std=0.001899 min=0.000000 max=0.012454
2025-08-26T12:31:10Z - INFO - [train_model] Epoch 146 | train (price) MSE=1.326703 MAE=0.818754 RMSE=1.151826 | val (price) MSE=2.996065 MAE=1.332632 RMSE=1.730914
2025-08-26T12:31:10Z - INFO - [train_model] Epoch 147 | train (scaled) MSE: mean=0.000506 med=0.000101 std=0.001043 min=0.000000 max=0.012928 | val (scaled) MSE: mean=0.002168 med=0.001312 std=0.002420 min=0.000002 max=0.012392
2025-08-26T12:31:10Z - INFO - [train_model] Epoch 147 | train (price) MSE=1.289766 MAE=0.805430 RMSE=1.135679 | val (price) MSE=5.524116 MAE=2.007057 RMSE=2.350344
2025-08-26T12:31:11Z - INFO - [train_model] Epoch 148 | train (scaled) MSE: mean=0.000522 med=0.000123 std=0.001001 min=0.000000 max=0.009615 | val (scaled) MSE: mean=0.002226 med=0.001250 std=0.002378 min=0.000011 max=0.011580
2025-08-26T12:31:11Z - INFO - [train_model] Epoch 148 | train (price) MSE=1.329688 MAE=0.835626 RMSE=1.153121 | val (price) MSE=5.671924 MAE=2.059889 RMSE=2.381580
2025-08-26T12:31:12Z - INFO - [train_model] Epoch 149 | train (scaled) MSE: mean=0.000486 med=0.000106 std=0.000994 min=0.000000 max=0.010375 | val (scaled) MSE: mean=0.001427 med=0.000716 std=0.002088 min=0.000000 max=0.012839
2025-08-26T12:31:12Z - INFO - [train_model] Epoch 149 | train (price) MSE=1.237874 MAE=0.791249 RMSE=1.112598 | val (price) MSE=3.635842 MAE=1.480668 RMSE=1.906788
2025-08-26T12:31:13Z - INFO - [train_model] Epoch 150 | train (scaled) MSE: mean=0.000489 med=0.000101 std=0.000969 min=0.000000 max=0.009460 | val (scaled) MSE: mean=0.001829 med=0.000923 std=0.002130 min=0.000000 max=0.010720
2025-08-26T12:31:13Z - INFO - [train_model] Epoch 150 | train (price) MSE=1.245946 MAE=0.796829 RMSE=1.116219 | val (price) MSE=4.658676 MAE=1.827469 RMSE=2.158397
2025-08-26T12:31:13Z - INFO - [train_model] Epoch 151 | train (scaled) MSE: mean=0.000526 med=0.000108 std=0.001034 min=0.000000 max=0.009227 | val (scaled) MSE: mean=0.001198 med=0.000483 std=0.001938 min=0.000001 max=0.013514
2025-08-26T12:31:13Z - INFO - [train_model] Epoch 151 | train (price) MSE=1.340736 MAE=0.823210 RMSE=1.157902 | val (price) MSE=3.053002 MAE=1.374542 RMSE=1.747284
2025-08-26T12:31:14Z - INFO - [train_model] Epoch 152 | train (scaled) MSE: mean=0.000455 med=0.000101 std=0.000919 min=0.000000 max=0.009502 | val (scaled) MSE: mean=0.001555 med=0.000684 std=0.002124 min=0.000000 max=0.011535
2025-08-26T12:31:14Z - INFO - [train_model] Epoch 152 | train (price) MSE=1.160178 MAE=0.766344 RMSE=1.077115 | val (price) MSE=3.961778 MAE=1.559041 RMSE=1.990421
2025-08-26T12:31:15Z - INFO - [train_model] Epoch 153 | train (scaled) MSE: mean=0.000530 med=0.000118 std=0.001067 min=0.000000 max=0.011760 | val (scaled) MSE: mean=0.002150 med=0.001172 std=0.002314 min=0.000000 max=0.010874
2025-08-26T12:31:15Z - INFO - [train_model] Epoch 153 | train (price) MSE=1.351262 MAE=0.827836 RMSE=1.162438 | val (price) MSE=5.476428 MAE=2.010397 RMSE=2.340177
2025-08-26T12:31:15Z - INFO - [train_model] Epoch 154 | train (scaled) MSE: mean=0.000492 med=0.000102 std=0.000975 min=0.000000 max=0.009080 | val (scaled) MSE: mean=0.001268 med=0.000562 std=0.001985 min=0.000000 max=0.012990
2025-08-26T12:31:15Z - INFO - [train_model] Epoch 154 | train (price) MSE=1.252182 MAE=0.799581 RMSE=1.119009 | val (price) MSE=3.230582 MAE=1.383894 RMSE=1.797382
2025-08-26T12:31:16Z - INFO - [train_model] Epoch 155 | train (scaled) MSE: mean=0.000497 med=0.000099 std=0.000991 min=0.000000 max=0.009136 | val (scaled) MSE: mean=0.001695 med=0.000893 std=0.002108 min=0.000002 max=0.011106
2025-08-26T12:31:16Z - INFO - [train_model] Epoch 155 | train (price) MSE=1.264867 MAE=0.794814 RMSE=1.124663 | val (price) MSE=4.318367 MAE=1.688971 RMSE=2.078068
2025-08-26T12:31:17Z - INFO - [train_model] Epoch 156 | train (scaled) MSE: mean=0.000485 med=0.000103 std=0.000966 min=0.000000 max=0.008847 | val (scaled) MSE: mean=0.001351 med=0.000692 std=0.002036 min=0.000000 max=0.012513
2025-08-26T12:31:17Z - INFO - [train_model] Epoch 156 | train (price) MSE=1.236026 MAE=0.789194 RMSE=1.111767 | val (price) MSE=3.441115 MAE=1.441664 RMSE=1.855024
2025-08-26T12:31:18Z - INFO - [train_model] Epoch 157 | train (scaled) MSE: mean=0.000489 med=0.000094 std=0.000977 min=0.000000 max=0.008660 | val (scaled) MSE: mean=0.001747 med=0.000921 std=0.002225 min=0.000001 max=0.010762
2025-08-26T12:31:18Z - INFO - [train_model] Epoch 157 | train (price) MSE=1.244979 MAE=0.783407 RMSE=1.115786 | val (price) MSE=4.450185 MAE=1.721896 RMSE=2.109546
2025-08-26T12:31:18Z - INFO - [train_model] Epoch 158 | train (scaled) MSE: mean=0.000506 med=0.000096 std=0.001095 min=0.000000 max=0.010707 | val (scaled) MSE: mean=0.001050 med=0.000258 std=0.001805 min=0.000000 max=0.009914
2025-08-26T12:31:18Z - INFO - [train_model] Epoch 158 | train (price) MSE=1.288309 MAE=0.787252 RMSE=1.135037 | val (price) MSE=2.675857 MAE=1.214852 RMSE=1.635805
2025-08-26T12:31:18Z - INFO - [train_model] New best (price) val MSE=2.675857 at epoch 158; saved → /home/tbfs/Projects/finBert/output/20250826-082919/saved_weights/BMY/BMY_best-epoch158.pt
2025-08-26T12:31:19Z - INFO - [train_model] Epoch 159 | train (scaled) MSE: mean=0.000503 med=0.000091 std=0.000963 min=0.000000 max=0.009065 | val (scaled) MSE: mean=0.001926 med=0.000951 std=0.002259 min=0.000000 max=0.010170
2025-08-26T12:31:19Z - INFO - [train_model] Epoch 159 | train (price) MSE=1.282005 MAE=0.799265 RMSE=1.132257 | val (price) MSE=4.905385 MAE=1.819173 RMSE=2.214810
2025-08-26T12:31:20Z - INFO - [train_model] Epoch 160 | train (scaled) MSE: mean=0.000464 med=0.000099 std=0.000967 min=0.000000 max=0.009683 | val (scaled) MSE: mean=0.001899 med=0.001196 std=0.002286 min=0.000001 max=0.011135
2025-08-26T12:31:20Z - INFO - [train_model] Epoch 160 | train (price) MSE=1.182328 MAE=0.766958 RMSE=1.087349 | val (price) MSE=4.838715 MAE=1.844841 RMSE=2.199708
2025-08-26T12:31:20Z - INFO - [train_model] Epoch 161 | train (scaled) MSE: mean=0.000491 med=0.000111 std=0.000968 min=0.000000 max=0.008781 | val (scaled) MSE: mean=0.001632 med=0.000814 std=0.002260 min=0.000001 max=0.013667
2025-08-26T12:31:20Z - INFO - [train_model] Epoch 161 | train (price) MSE=1.251575 MAE=0.798004 RMSE=1.118738 | val (price) MSE=4.157158 MAE=1.623556 RMSE=2.038911
2025-08-26T12:31:21Z - INFO - [train_model] Epoch 162 | train (scaled) MSE: mean=0.000498 med=0.000106 std=0.001007 min=0.000000 max=0.009938 | val (scaled) MSE: mean=0.001798 med=0.001005 std=0.002248 min=0.000002 max=0.011755
2025-08-26T12:31:21Z - INFO - [train_model] Epoch 162 | train (price) MSE=1.267573 MAE=0.794677 RMSE=1.125865 | val (price) MSE=4.581288 MAE=1.757301 RMSE=2.140394
2025-08-26T12:31:22Z - INFO - [train_model] Epoch 163 | train (scaled) MSE: mean=0.000485 med=0.000087 std=0.000994 min=0.000000 max=0.009256 | val (scaled) MSE: mean=0.001934 med=0.001195 std=0.002325 min=0.000001 max=0.011666
2025-08-26T12:31:22Z - INFO - [train_model] Epoch 163 | train (price) MSE=1.236101 MAE=0.774410 RMSE=1.111801 | val (price) MSE=4.927876 MAE=1.873131 RMSE=2.219882
2025-08-26T12:31:23Z - INFO - [train_model] Epoch 164 | train (scaled) MSE: mean=0.000493 med=0.000087 std=0.000997 min=0.000000 max=0.009056 | val (scaled) MSE: mean=0.001923 med=0.001165 std=0.002347 min=0.000004 max=0.011549
2025-08-26T12:31:23Z - INFO - [train_model] Epoch 164 | train (price) MSE=1.256441 MAE=0.781274 RMSE=1.120911 | val (price) MSE=4.898464 MAE=1.851751 RMSE=2.213247
2025-08-26T12:31:23Z - INFO - [train_model] Epoch 165 | train (scaled) MSE: mean=0.000485 med=0.000089 std=0.001010 min=0.000000 max=0.011488 | val (scaled) MSE: mean=0.001381 med=0.000746 std=0.002098 min=0.000000 max=0.012533
2025-08-26T12:31:23Z - INFO - [train_model] Epoch 165 | train (price) MSE=1.235257 MAE=0.776977 RMSE=1.111421 | val (price) MSE=3.517596 MAE=1.470225 RMSE=1.875526
2025-08-26T12:31:24Z - INFO - [train_model] Epoch 166 | train (scaled) MSE: mean=0.000492 med=0.000084 std=0.001021 min=0.000000 max=0.011119 | val (scaled) MSE: mean=0.001604 med=0.000601 std=0.002188 min=0.000001 max=0.011234
2025-08-26T12:31:24Z - INFO - [train_model] Epoch 166 | train (price) MSE=1.252837 MAE=0.778195 RMSE=1.119302 | val (price) MSE=4.085413 MAE=1.628936 RMSE=2.021240
2025-08-26T12:31:25Z - INFO - [train_model] Epoch 167 | train (scaled) MSE: mean=0.000506 med=0.000091 std=0.001030 min=0.000000 max=0.011020 | val (scaled) MSE: mean=0.001697 med=0.000837 std=0.002217 min=0.000001 max=0.011209
2025-08-26T12:31:25Z - INFO - [train_model] Epoch 167 | train (price) MSE=1.290006 MAE=0.792722 RMSE=1.135784 | val (price) MSE=4.324010 MAE=1.674562 RMSE=2.079425
2025-08-26T12:31:25Z - INFO - [train_model] Epoch 168 | train (scaled) MSE: mean=0.000468 med=0.000082 std=0.000948 min=0.000000 max=0.008971 | val (scaled) MSE: mean=0.001390 med=0.000654 std=0.002083 min=0.000000 max=0.013363
2025-08-26T12:31:25Z - INFO - [train_model] Epoch 168 | train (price) MSE=1.191583 MAE=0.760074 RMSE=1.091596 | val (price) MSE=3.540988 MAE=1.503626 RMSE=1.881751
2025-08-26T12:31:26Z - INFO - [train_model] Epoch 169 | train (scaled) MSE: mean=0.000493 med=0.000091 std=0.001015 min=0.000000 max=0.009448 | val (scaled) MSE: mean=0.001579 med=0.000639 std=0.002281 min=0.000000 max=0.011950
2025-08-26T12:31:26Z - INFO - [train_model] Epoch 169 | train (price) MSE=1.254637 MAE=0.782965 RMSE=1.120106 | val (price) MSE=4.021735 MAE=1.569476 RMSE=2.005426
2025-08-26T12:31:27Z - INFO - [train_model] Epoch 170 | train (scaled) MSE: mean=0.000473 med=0.000080 std=0.000986 min=0.000000 max=0.009389 | val (scaled) MSE: mean=0.001375 med=0.000692 std=0.002139 min=0.000003 max=0.013774
2025-08-26T12:31:27Z - INFO - [train_model] Epoch 170 | train (price) MSE=1.205356 MAE=0.759514 RMSE=1.097887 | val (price) MSE=3.501527 MAE=1.494757 RMSE=1.871237
2025-08-26T12:31:27Z - INFO - [train_model] Epoch 171 | train (scaled) MSE: mean=0.000488 med=0.000096 std=0.001019 min=0.000000 max=0.009916 | val (scaled) MSE: mean=0.001622 med=0.000666 std=0.002287 min=0.000000 max=0.011271
2025-08-26T12:31:27Z - INFO - [train_model] Epoch 171 | train (price) MSE=1.242521 MAE=0.785331 RMSE=1.114684 | val (price) MSE=4.133068 MAE=1.596588 RMSE=2.032995
2025-08-26T12:31:28Z - INFO - [train_model] Epoch 172 | train (scaled) MSE: mean=0.000489 med=0.000089 std=0.001050 min=0.000000 max=0.009994 | val (scaled) MSE: mean=0.001746 med=0.000713 std=0.002321 min=0.000000 max=0.010710
2025-08-26T12:31:28Z - INFO - [train_model] Epoch 172 | train (price) MSE=1.244917 MAE=0.769024 RMSE=1.115758 | val (price) MSE=4.446833 MAE=1.667688 RMSE=2.108752
2025-08-26T12:31:29Z - INFO - [train_model] Epoch 173 | train (scaled) MSE: mean=0.000488 med=0.000078 std=0.001015 min=0.000000 max=0.009710 | val (scaled) MSE: mean=0.001571 med=0.000711 std=0.002254 min=0.000000 max=0.013020
2025-08-26T12:31:29Z - INFO - [train_model] Epoch 173 | train (price) MSE=1.242169 MAE=0.770618 RMSE=1.114526 | val (price) MSE=4.001820 MAE=1.567811 RMSE=2.000455
2025-08-26T12:31:30Z - INFO - [train_model] Epoch 174 | train (scaled) MSE: mean=0.000485 med=0.000094 std=0.001011 min=0.000000 max=0.010334 | val (scaled) MSE: mean=0.001463 med=0.000808 std=0.002060 min=0.000001 max=0.013830
2025-08-26T12:31:30Z - INFO - [train_model] Epoch 174 | train (price) MSE=1.235619 MAE=0.778563 RMSE=1.111584 | val (price) MSE=3.726686 MAE=1.577516 RMSE=1.930463
2025-08-26T12:31:30Z - INFO - [train_model] Epoch 175 | train (scaled) MSE: mean=0.000456 med=0.000080 std=0.001037 min=0.000000 max=0.011370 | val (scaled) MSE: mean=0.001571 med=0.000694 std=0.002025 min=0.000000 max=0.011725
2025-08-26T12:31:30Z - INFO - [train_model] Epoch 175 | train (price) MSE=1.161134 MAE=0.739494 RMSE=1.077559 | val (price) MSE=4.002286 MAE=1.633766 RMSE=2.000571
2025-08-26T12:31:31Z - INFO - [train_model] Epoch 176 | train (scaled) MSE: mean=0.000463 med=0.000075 std=0.001017 min=0.000000 max=0.009532 | val (scaled) MSE: mean=0.001532 med=0.000589 std=0.002070 min=0.000000 max=0.012447
2025-08-26T12:31:31Z - INFO - [train_model] Epoch 176 | train (price) MSE=1.179119 MAE=0.742572 RMSE=1.085873 | val (price) MSE=3.902147 MAE=1.593941 RMSE=1.975385
2025-08-26T12:31:32Z - INFO - [train_model] Epoch 177 | train (scaled) MSE: mean=0.000474 med=0.000084 std=0.001012 min=0.000000 max=0.010019 | val (scaled) MSE: mean=0.001687 med=0.000942 std=0.002214 min=0.000000 max=0.012439
2025-08-26T12:31:32Z - INFO - [train_model] Epoch 177 | train (price) MSE=1.208641 MAE=0.760035 RMSE=1.099382 | val (price) MSE=4.297141 MAE=1.668991 RMSE=2.072955
2025-08-26T12:31:32Z - INFO - [train_model] Epoch 178 | train (scaled) MSE: mean=0.000459 med=0.000076 std=0.000985 min=0.000000 max=0.010628 | val (scaled) MSE: mean=0.001519 med=0.000853 std=0.002000 min=0.000000 max=0.012533
2025-08-26T12:31:32Z - INFO - [train_model] Epoch 178 | train (price) MSE=1.168733 MAE=0.744927 RMSE=1.081080 | val (price) MSE=3.870484 MAE=1.589441 RMSE=1.967354
2025-08-26T12:31:33Z - INFO - [train_model] Epoch 179 | train (scaled) MSE: mean=0.000520 med=0.000089 std=0.001147 min=0.000000 max=0.014489 | val (scaled) MSE: mean=0.001998 med=0.001063 std=0.002432 min=0.000000 max=0.011615
2025-08-26T12:31:33Z - INFO - [train_model] Epoch 179 | train (price) MSE=1.323532 MAE=0.789583 RMSE=1.150449 | val (price) MSE=5.088939 MAE=1.789849 RMSE=2.255868
2025-08-26T12:31:34Z - INFO - [train_model] Epoch 180 | train (scaled) MSE: mean=0.000496 med=0.000094 std=0.001115 min=0.000000 max=0.012095 | val (scaled) MSE: mean=0.001892 med=0.000806 std=0.002323 min=0.000001 max=0.011937
2025-08-26T12:31:34Z - INFO - [train_model] Epoch 180 | train (price) MSE=1.263298 MAE=0.776623 RMSE=1.123965 | val (price) MSE=4.820571 MAE=1.773085 RMSE=2.195580
2025-08-26T12:31:35Z - INFO - [train_model] Epoch 181 | train (scaled) MSE: mean=0.000511 med=0.000083 std=0.001121 min=0.000000 max=0.011897 | val (scaled) MSE: mean=0.001927 med=0.001130 std=0.002284 min=0.000001 max=0.012355
2025-08-26T12:31:35Z - INFO - [train_model] Epoch 181 | train (price) MSE=1.303026 MAE=0.780859 RMSE=1.141502 | val (price) MSE=4.908925 MAE=1.810702 RMSE=2.215609
2025-08-26T12:31:35Z - INFO - [train_model] Epoch 182 | train (scaled) MSE: mean=0.000507 med=0.000088 std=0.001116 min=0.000000 max=0.013114 | val (scaled) MSE: mean=0.001846 med=0.001042 std=0.002221 min=0.000000 max=0.011646
2025-08-26T12:31:35Z - INFO - [train_model] Epoch 182 | train (price) MSE=1.291106 MAE=0.782968 RMSE=1.136269 | val (price) MSE=4.701510 MAE=1.779670 RMSE=2.168296
2025-08-26T12:31:36Z - INFO - [train_model] Epoch 183 | train (scaled) MSE: mean=0.000457 med=0.000077 std=0.001001 min=0.000000 max=0.009644 | val (scaled) MSE: mean=0.001948 med=0.001299 std=0.002256 min=0.000000 max=0.011792
2025-08-26T12:31:36Z - INFO - [train_model] Epoch 183 | train (price) MSE=1.165109 MAE=0.738984 RMSE=1.079402 | val (price) MSE=4.962080 MAE=1.835829 RMSE=2.227573
2025-08-26T12:31:37Z - INFO - [train_model] Epoch 184 | train (scaled) MSE: mean=0.000467 med=0.000098 std=0.001031 min=0.000000 max=0.011234 | val (scaled) MSE: mean=0.001779 med=0.001051 std=0.002178 min=0.000001 max=0.012834
2025-08-26T12:31:37Z - INFO - [train_model] Epoch 184 | train (price) MSE=1.189491 MAE=0.757408 RMSE=1.090638 | val (price) MSE=4.531846 MAE=1.739244 RMSE=2.128813
2025-08-26T12:31:37Z - INFO - [train_model] Epoch 185 | train (scaled) MSE: mean=0.000526 med=0.000086 std=0.001171 min=0.000000 max=0.014481 | val (scaled) MSE: mean=0.001747 med=0.000843 std=0.002226 min=0.000000 max=0.011745
2025-08-26T12:31:37Z - INFO - [train_model] Epoch 185 | train (price) MSE=1.341093 MAE=0.786798 RMSE=1.158056 | val (price) MSE=4.450977 MAE=1.724183 RMSE=2.109734
2025-08-26T12:31:38Z - INFO - [train_model] Epoch 186 | train (scaled) MSE: mean=0.000476 med=0.000091 std=0.001010 min=0.000000 max=0.010040 | val (scaled) MSE: mean=0.001850 med=0.001166 std=0.002194 min=0.000000 max=0.012148
2025-08-26T12:31:38Z - INFO - [train_model] Epoch 186 | train (price) MSE=1.213694 MAE=0.766829 RMSE=1.101678 | val (price) MSE=4.711989 MAE=1.787575 RMSE=2.170712
2025-08-26T12:31:39Z - INFO - [train_model] Epoch 187 | train (scaled) MSE: mean=0.000466 med=0.000079 std=0.001047 min=0.000000 max=0.010898 | val (scaled) MSE: mean=0.001896 med=0.001252 std=0.002279 min=0.000000 max=0.012774
2025-08-26T12:31:39Z - INFO - [train_model] Epoch 187 | train (price) MSE=1.186627 MAE=0.751897 RMSE=1.089324 | val (price) MSE=4.829868 MAE=1.805044 RMSE=2.197696
2025-08-26T12:31:40Z - INFO - [train_model] Epoch 188 | train (scaled) MSE: mean=0.000479 med=0.000084 std=0.001075 min=0.000000 max=0.012275 | val (scaled) MSE: mean=0.001913 med=0.001180 std=0.002304 min=0.000000 max=0.012717
2025-08-26T12:31:40Z - INFO - [train_model] Epoch 188 | train (price) MSE=1.219798 MAE=0.760569 RMSE=1.104445 | val (price) MSE=4.873745 MAE=1.810245 RMSE=2.207656
2025-08-26T12:31:40Z - INFO - [train_model] Epoch 189 | train (scaled) MSE: mean=0.000466 med=0.000080 std=0.001076 min=0.000000 max=0.012050 | val (scaled) MSE: mean=0.001916 med=0.001034 std=0.002333 min=0.000001 max=0.012458
2025-08-26T12:31:40Z - INFO - [train_model] Epoch 189 | train (price) MSE=1.187843 MAE=0.746469 RMSE=1.089882 | val (price) MSE=4.880299 MAE=1.808936 RMSE=2.209140
2025-08-26T12:31:41Z - INFO - [train_model] Epoch 190 | train (scaled) MSE: mean=0.000474 med=0.000078 std=0.001027 min=0.000000 max=0.010994 | val (scaled) MSE: mean=0.002010 med=0.001371 std=0.002357 min=0.000003 max=0.013053
2025-08-26T12:31:41Z - INFO - [train_model] Epoch 190 | train (price) MSE=1.207429 MAE=0.757299 RMSE=1.098831 | val (price) MSE=5.120617 MAE=1.865308 RMSE=2.262878
2025-08-26T12:31:42Z - INFO - [train_model] Epoch 191 | train (scaled) MSE: mean=0.000464 med=0.000100 std=0.001029 min=0.000000 max=0.011186 | val (scaled) MSE: mean=0.001817 med=0.001086 std=0.002240 min=0.000000 max=0.013353
2025-08-26T12:31:42Z - INFO - [train_model] Epoch 191 | train (price) MSE=1.183033 MAE=0.758990 RMSE=1.087673 | val (price) MSE=4.629875 MAE=1.754569 RMSE=2.151714
2025-08-26T12:31:42Z - INFO - [train_model] Epoch 192 | train (scaled) MSE: mean=0.000476 med=0.000081 std=0.001040 min=0.000000 max=0.010278 | val (scaled) MSE: mean=0.002757 med=0.001458 std=0.003801 min=0.000000 max=0.017616
2025-08-26T12:31:42Z - INFO - [train_model] Epoch 192 | train (price) MSE=1.212521 MAE=0.755983 RMSE=1.101146 | val (price) MSE=7.024311 MAE=2.128437 RMSE=2.650342
2025-08-26T12:31:43Z - INFO - [train_model] Epoch 193 | train (scaled) MSE: mean=0.000542 med=0.000112 std=0.001058 min=0.000000 max=0.011399 | val (scaled) MSE: mean=0.002044 med=0.001116 std=0.002472 min=0.000003 max=0.011702
2025-08-26T12:31:43Z - INFO - [train_model] Epoch 193 | train (price) MSE=1.380137 MAE=0.834358 RMSE=1.174792 | val (price) MSE=5.205796 MAE=1.854773 RMSE=2.281621
2025-08-26T12:31:44Z - INFO - [train_model] Epoch 194 | train (scaled) MSE: mean=0.000435 med=0.000101 std=0.000948 min=0.000000 max=0.013760 | val (scaled) MSE: mean=0.001501 med=0.000646 std=0.002652 min=0.000000 max=0.018079
2025-08-26T12:31:44Z - INFO - [train_model] Epoch 194 | train (price) MSE=1.108875 MAE=0.746423 RMSE=1.053031 | val (price) MSE=3.823506 MAE=1.517530 RMSE=1.955379
2025-08-26T12:31:44Z - INFO - [train_model] Epoch 195 | train (scaled) MSE: mean=0.000539 med=0.000113 std=0.001182 min=0.000000 max=0.013521 | val (scaled) MSE: mean=0.001522 med=0.000686 std=0.002282 min=0.000000 max=0.014025
2025-08-26T12:31:44Z - INFO - [train_model] Epoch 195 | train (price) MSE=1.372108 MAE=0.821988 RMSE=1.171370 | val (price) MSE=3.877588 MAE=1.555742 RMSE=1.969159
2025-08-26T12:31:45Z - INFO - [train_model] Epoch 196 | train (scaled) MSE: mean=0.000450 med=0.000107 std=0.000981 min=0.000000 max=0.010555 | val (scaled) MSE: mean=0.001388 med=0.000740 std=0.002206 min=0.000000 max=0.015496
2025-08-26T12:31:45Z - INFO - [train_model] Epoch 196 | train (price) MSE=1.145690 MAE=0.759148 RMSE=1.070369 | val (price) MSE=3.534713 MAE=1.508270 RMSE=1.880083
2025-08-26T12:31:46Z - INFO - [train_model] Epoch 197 | train (scaled) MSE: mean=0.000418 med=0.000084 std=0.000950 min=0.000000 max=0.010318 | val (scaled) MSE: mean=0.001647 med=0.000950 std=0.002111 min=0.000000 max=0.012724
2025-08-26T12:31:46Z - INFO - [train_model] Epoch 197 | train (price) MSE=1.065061 MAE=0.720930 RMSE=1.032018 | val (price) MSE=4.194647 MAE=1.660736 RMSE=2.048084
2025-08-26T12:31:47Z - INFO - [train_model] Epoch 198 | train (scaled) MSE: mean=0.000457 med=0.000099 std=0.000998 min=0.000000 max=0.011424 | val (scaled) MSE: mean=0.001880 med=0.001180 std=0.002296 min=0.000001 max=0.013861
2025-08-26T12:31:47Z - INFO - [train_model] Epoch 198 | train (price) MSE=1.163139 MAE=0.758770 RMSE=1.078489 | val (price) MSE=4.789831 MAE=1.784584 RMSE=2.188568
2025-08-26T12:31:47Z - INFO - [train_model] Early stopping at epoch 198 (best price val MSE=2.675857 @ epoch 158)
2025-08-26T12:31:47Z - INFO - [visualize_full_prediction] Saved full prediction plot for BMY to output/20250826-082919/plots/BMY_finbert-rnn_full_price_prediction.png
2025-08-26T12:31:47Z - INFO - [visualize_sentiment] Saved sentiment plot for BMY to output/20250826-082919/plots/BMY_sentiment.png
2025-08-26T12:31:47Z - INFO - [train] [BMY] Test (price) MSE=13.969598 | MAE=3.221681 | RMSE=3.737593 (scaled MSE=0.005484)
2025-08-26T12:31:47Z - INFO - [train] [BMY] Final (price) Train MSE=1.163139 | Val MSE=4.789831 (scaled Train MSE=0.000457 | Val MSE=0.001880)
2025-08-26T12:31:47Z - INFO - [train] [BMY] Best epoch=158 | Best (price) Train MSE=1.288309 | Best (price) Val MSE=2.675857 | Saved at=/home/tbfs/Projects/finBert/output/20250826-082919/saved_weights/BMY/BMY_best-epoch158.pt
2025-08-26T12:31:47Z - INFO - [train] Wrote evaluation summary → output/20250826-082919/evaluation.json
