2025-08-26T11:33:36Z - INFO - [Pipeline::__init__] Loaded news dataframe with columns=['title', 'date', 'stock'] shape=(1277896, 3).
2025-08-26T11:33:36Z - INFO - [SentimentGenerator::_load] Loaded precomputed sentiment from /home/tbfs/Projects/finBert/output/20250823-140342/sentiment_daily.csv
2025-08-26T11:33:36Z - INFO - [train] Training predictor for ticker: EWI
2025-08-26T11:33:36Z - INFO - [train] Loaded prices for EWI with columns=['date', 'volume', 'open', 'high', 'low', 'close', 'adj close'] shape=(2516, 7).
2025-08-26T11:33:36Z - INFO - [SequenceDataset::__init__] len(self.valid_indices)=701 out of len(df)=2515 samples are valid for lookback=60 with sentiment_col=SentimentScore
2025-08-26T11:33:36Z - INFO - [SequenceDataset::__init__] len(self.valid_indices)=78 out of len(df)=2515 samples are valid for lookback=60 with sentiment_col=SentimentScore
2025-08-26T11:33:36Z - INFO - [SequenceDataset::__init__] len(self.valid_indices)=87 out of len(df)=2515 samples are valid for lookback=60 with sentiment_col=SentimentScore
2025-08-26T11:33:38Z - INFO - [train_model] Epoch 001 | train (scaled) MSE: mean=0.035799 med=0.005066 std=0.091330 min=0.000000 max=0.665921 | val (scaled) MSE: mean=0.018757 med=0.004883 std=0.069825 min=0.000010 max=0.617153
2025-08-26T11:33:38Z - INFO - [train_model] Epoch 001 | train (price) MSE=0.001142 MAE=0.021490 RMSE=0.033798 | val (price) MSE=0.000598 MAE=0.016853 RMSE=0.024464
2025-08-26T11:33:38Z - INFO - [train_model] New best (price) val MSE=0.000598 at epoch 1; saved → /home/tbfs/Projects/finBert/output/20250826-073331/saved_weights/EWI/EWI_best-epoch001.pt
2025-08-26T11:33:39Z - INFO - [train_model] Epoch 002 | train (scaled) MSE: mean=0.015738 med=0.004678 std=0.036301 min=0.000000 max=0.413020 | val (scaled) MSE: mean=0.017448 med=0.004580 std=0.067608 min=0.000000 max=0.598837
2025-08-26T11:33:39Z - INFO - [train_model] Epoch 002 | train (price) MSE=0.000502 MAE=0.016044 RMSE=0.022409 | val (price) MSE=0.000557 MAE=0.016069 RMSE=0.023595
2025-08-26T11:33:39Z - INFO - [train_model] New best (price) val MSE=0.000557 at epoch 2; saved → /home/tbfs/Projects/finBert/output/20250826-073331/saved_weights/EWI/EWI_best-epoch002.pt
2025-08-26T11:33:40Z - INFO - [train_model] Epoch 003 | train (scaled) MSE: mean=0.015506 med=0.004977 std=0.036112 min=0.000000 max=0.385466 | val (scaled) MSE: mean=0.015865 med=0.004591 std=0.063808 min=0.000022 max=0.566778
2025-08-26T11:33:40Z - INFO - [train_model] Epoch 003 | train (price) MSE=0.000495 MAE=0.015975 RMSE=0.022244 | val (price) MSE=0.000506 MAE=0.015155 RMSE=0.022499
2025-08-26T11:33:40Z - INFO - [train_model] New best (price) val MSE=0.000506 at epoch 3; saved → /home/tbfs/Projects/finBert/output/20250826-073331/saved_weights/EWI/EWI_best-epoch003.pt
2025-08-26T11:33:40Z - INFO - [train_model] Epoch 004 | train (scaled) MSE: mean=0.015162 med=0.004451 std=0.035477 min=0.000000 max=0.347761 | val (scaled) MSE: mean=0.014558 med=0.004074 std=0.058103 min=0.000005 max=0.517526
2025-08-26T11:33:40Z - INFO - [train_model] Epoch 004 | train (price) MSE=0.000484 MAE=0.015871 RMSE=0.021995 | val (price) MSE=0.000465 MAE=0.014697 RMSE=0.021553
2025-08-26T11:33:40Z - INFO - [train_model] New best (price) val MSE=0.000465 at epoch 4; saved → /home/tbfs/Projects/finBert/output/20250826-073331/saved_weights/EWI/EWI_best-epoch004.pt
2025-08-26T11:33:41Z - INFO - [train_model] Epoch 005 | train (scaled) MSE: mean=0.014529 med=0.004565 std=0.034001 min=0.000000 max=0.308282 | val (scaled) MSE: mean=0.014305 med=0.004722 std=0.052475 min=0.000007 max=0.467442
2025-08-26T11:33:41Z - INFO - [train_model] Epoch 005 | train (price) MSE=0.000464 MAE=0.015591 RMSE=0.021531 | val (price) MSE=0.000456 MAE=0.015052 RMSE=0.021365
2025-08-26T11:33:41Z - INFO - [train_model] New best (price) val MSE=0.000456 at epoch 5; saved → /home/tbfs/Projects/finBert/output/20250826-073331/saved_weights/EWI/EWI_best-epoch005.pt
2025-08-26T11:33:42Z - INFO - [train_model] Epoch 006 | train (scaled) MSE: mean=0.013927 med=0.004265 std=0.032294 min=0.000000 max=0.305435 | val (scaled) MSE: mean=0.014835 med=0.005349 std=0.048498 min=0.000000 max=0.430396
2025-08-26T11:33:42Z - INFO - [train_model] Epoch 006 | train (price) MSE=0.000444 MAE=0.015291 RMSE=0.021081 | val (price) MSE=0.000473 MAE=0.015778 RMSE=0.021757
2025-08-26T11:33:43Z - INFO - [train_model] Epoch 007 | train (scaled) MSE: mean=0.013497 med=0.004218 std=0.030958 min=0.000000 max=0.299086 | val (scaled) MSE: mean=0.015515 med=0.006069 std=0.046051 min=0.000002 max=0.406350
2025-08-26T11:33:43Z - INFO - [train_model] Epoch 007 | train (price) MSE=0.000431 MAE=0.015087 RMSE=0.020753 | val (price) MSE=0.000495 MAE=0.016464 RMSE=0.022250
2025-08-26T11:33:44Z - INFO - [train_model] Epoch 008 | train (scaled) MSE: mean=0.013233 med=0.003868 std=0.030025 min=0.000000 max=0.291516 | val (scaled) MSE: mean=0.016043 med=0.007067 std=0.044588 min=0.000001 max=0.391316
2025-08-26T11:33:44Z - INFO - [train_model] Epoch 008 | train (price) MSE=0.000422 MAE=0.014948 RMSE=0.020549 | val (price) MSE=0.000512 MAE=0.016931 RMSE=0.022626
2025-08-26T11:33:45Z - INFO - [train_model] Epoch 009 | train (scaled) MSE: mean=0.013077 med=0.003693 std=0.029420 min=0.000000 max=0.284783 | val (scaled) MSE: mean=0.016361 med=0.007535 std=0.043739 min=0.000001 max=0.382332
2025-08-26T11:33:45Z - INFO - [train_model] Epoch 009 | train (price) MSE=0.000417 MAE=0.014873 RMSE=0.020427 | val (price) MSE=0.000522 MAE=0.017195 RMSE=0.022848
2025-08-26T11:33:46Z - INFO - [train_model] Epoch 010 | train (scaled) MSE: mean=0.012994 med=0.003669 std=0.029042 min=0.000000 max=0.279455 | val (scaled) MSE: mean=0.016541 med=0.007885 std=0.043185 min=0.000000 max=0.376408
2025-08-26T11:33:46Z - INFO - [train_model] Epoch 010 | train (price) MSE=0.000415 MAE=0.014832 RMSE=0.020362 | val (price) MSE=0.000528 MAE=0.017346 RMSE=0.022973
2025-08-26T11:33:47Z - INFO - [train_model] Epoch 011 | train (scaled) MSE: mean=0.012956 med=0.003668 std=0.028821 min=0.000000 max=0.283621 | val (scaled) MSE: mean=0.016558 med=0.008061 std=0.042935 min=0.000002 max=0.373785
2025-08-26T11:33:47Z - INFO - [train_model] Epoch 011 | train (price) MSE=0.000413 MAE=0.014809 RMSE=0.020332 | val (price) MSE=0.000528 MAE=0.017377 RMSE=0.022985
2025-08-26T11:33:48Z - INFO - [train_model] Epoch 012 | train (scaled) MSE: mean=0.012933 med=0.003805 std=0.028653 min=0.000000 max=0.293477 | val (scaled) MSE: mean=0.016512 med=0.008066 std=0.042806 min=0.000001 max=0.372490
2025-08-26T11:33:48Z - INFO - [train_model] Epoch 012 | train (price) MSE=0.000413 MAE=0.014804 RMSE=0.020314 | val (price) MSE=0.000527 MAE=0.017353 RMSE=0.022953
2025-08-26T11:33:48Z - INFO - [train_model] Epoch 013 | train (scaled) MSE: mean=0.012921 med=0.003831 std=0.028550 min=0.000000 max=0.300782 | val (scaled) MSE: mean=0.016436 med=0.007824 std=0.042741 min=0.000000 max=0.371881
2025-08-26T11:33:48Z - INFO - [train_model] Epoch 013 | train (price) MSE=0.000412 MAE=0.014802 RMSE=0.020305 | val (price) MSE=0.000524 MAE=0.017301 RMSE=0.022901
2025-08-26T11:33:49Z - INFO - [train_model] Epoch 014 | train (scaled) MSE: mean=0.012911 med=0.003890 std=0.028484 min=0.000000 max=0.305799 | val (scaled) MSE: mean=0.016354 med=0.007566 std=0.042699 min=0.000002 max=0.371515
2025-08-26T11:33:49Z - INFO - [train_model] Epoch 014 | train (price) MSE=0.000412 MAE=0.014800 RMSE=0.020297 | val (price) MSE=0.000522 MAE=0.017243 RMSE=0.022843
2025-08-26T11:33:50Z - INFO - [train_model] Epoch 015 | train (scaled) MSE: mean=0.012898 med=0.004031 std=0.028428 min=0.000000 max=0.308941 | val (scaled) MSE: mean=0.016287 med=0.007319 std=0.042639 min=0.000000 max=0.370918
2025-08-26T11:33:50Z - INFO - [train_model] Epoch 015 | train (price) MSE=0.000412 MAE=0.014796 RMSE=0.020286 | val (price) MSE=0.000520 MAE=0.017192 RMSE=0.022797
2025-08-26T11:33:51Z - INFO - [train_model] Epoch 016 | train (scaled) MSE: mean=0.012882 med=0.004094 std=0.028376 min=0.000000 max=0.310647 | val (scaled) MSE: mean=0.016250 med=0.007094 std=0.042530 min=0.000000 max=0.369763
2025-08-26T11:33:51Z - INFO - [train_model] Epoch 016 | train (price) MSE=0.000411 MAE=0.014789 RMSE=0.020274 | val (price) MSE=0.000518 MAE=0.017161 RMSE=0.022770
2025-08-26T11:33:52Z - INFO - [train_model] Epoch 017 | train (scaled) MSE: mean=0.012864 med=0.004135 std=0.028336 min=0.000000 max=0.311266 | val (scaled) MSE: mean=0.016278 med=0.006946 std=0.042333 min=0.000003 max=0.367543
2025-08-26T11:33:52Z - INFO - [train_model] Epoch 017 | train (price) MSE=0.000410 MAE=0.014780 RMSE=0.020260 | val (price) MSE=0.000519 MAE=0.017177 RMSE=0.022790
2025-08-26T11:33:53Z - INFO - [train_model] Epoch 018 | train (scaled) MSE: mean=0.012845 med=0.004069 std=0.028309 min=0.000000 max=0.311031 | val (scaled) MSE: mean=0.016267 med=0.006721 std=0.042162 min=0.000004 max=0.365653
2025-08-26T11:33:53Z - INFO - [train_model] Epoch 018 | train (price) MSE=0.000410 MAE=0.014769 RMSE=0.020245 | val (price) MSE=0.000519 MAE=0.017162 RMSE=0.022782
2025-08-26T11:33:54Z - INFO - [train_model] Epoch 019 | train (scaled) MSE: mean=0.012825 med=0.003988 std=0.028266 min=0.000000 max=0.310261 | val (scaled) MSE: mean=0.016366 med=0.006823 std=0.041864 min=0.000000 max=0.362158
2025-08-26T11:33:54Z - INFO - [train_model] Epoch 019 | train (price) MSE=0.000409 MAE=0.014761 RMSE=0.020229 | val (price) MSE=0.000522 MAE=0.017218 RMSE=0.022852
2025-08-26T11:33:55Z - INFO - [train_model] Epoch 020 | train (scaled) MSE: mean=0.012809 med=0.003957 std=0.028299 min=0.000000 max=0.309474 | val (scaled) MSE: mean=0.016485 med=0.006871 std=0.041485 min=0.000002 max=0.357712
2025-08-26T11:33:55Z - INFO - [train_model] Epoch 020 | train (price) MSE=0.000409 MAE=0.014748 RMSE=0.020216 | val (price) MSE=0.000526 MAE=0.017286 RMSE=0.022935
2025-08-26T11:33:55Z - INFO - [train_model] Epoch 021 | train (scaled) MSE: mean=0.012796 med=0.003976 std=0.028261 min=0.000000 max=0.308007 | val (scaled) MSE: mean=0.016565 med=0.006415 std=0.041212 min=0.000004 max=0.354390
2025-08-26T11:33:55Z - INFO - [train_model] Epoch 021 | train (price) MSE=0.000408 MAE=0.014749 RMSE=0.020206 | val (price) MSE=0.000529 MAE=0.017322 RMSE=0.022991
2025-08-26T11:33:56Z - INFO - [train_model] Epoch 022 | train (scaled) MSE: mean=0.012784 med=0.004058 std=0.028232 min=0.000000 max=0.306778 | val (scaled) MSE: mean=0.016670 med=0.006349 std=0.040923 min=0.000000 max=0.350784
2025-08-26T11:33:56Z - INFO - [train_model] Epoch 022 | train (price) MSE=0.000408 MAE=0.014748 RMSE=0.020197 | val (price) MSE=0.000532 MAE=0.017369 RMSE=0.023063
2025-08-26T11:33:57Z - INFO - [train_model] Epoch 023 | train (scaled) MSE: mean=0.012777 med=0.004109 std=0.028234 min=0.000000 max=0.305775 | val (scaled) MSE: mean=0.016764 med=0.006388 std=0.040680 min=0.000001 max=0.347603
2025-08-26T11:33:57Z - INFO - [train_model] Epoch 023 | train (price) MSE=0.000408 MAE=0.014746 RMSE=0.020192 | val (price) MSE=0.000535 MAE=0.017412 RMSE=0.023128
2025-08-26T11:33:58Z - INFO - [train_model] Epoch 024 | train (scaled) MSE: mean=0.012774 med=0.004097 std=0.028210 min=0.000000 max=0.304849 | val (scaled) MSE: mean=0.016832 med=0.006465 std=0.040479 min=0.000007 max=0.344911
2025-08-26T11:33:58Z - INFO - [train_model] Epoch 024 | train (price) MSE=0.000408 MAE=0.014749 RMSE=0.020189 | val (price) MSE=0.000537 MAE=0.017448 RMSE=0.023175
2025-08-26T11:33:59Z - INFO - [train_model] Epoch 025 | train (scaled) MSE: mean=0.012772 med=0.004080 std=0.028183 min=0.000000 max=0.304319 | val (scaled) MSE: mean=0.016886 med=0.006464 std=0.040304 min=0.000032 max=0.342491
2025-08-26T11:33:59Z - INFO - [train_model] Epoch 025 | train (price) MSE=0.000408 MAE=0.014753 RMSE=0.020187 | val (price) MSE=0.000539 MAE=0.017473 RMSE=0.023212
2025-08-26T11:34:00Z - INFO - [train_model] Epoch 026 | train (scaled) MSE: mean=0.012772 med=0.004133 std=0.028160 min=0.000000 max=0.304131 | val (scaled) MSE: mean=0.016895 med=0.006379 std=0.040212 min=0.000039 max=0.341085
2025-08-26T11:34:00Z - INFO - [train_model] Epoch 026 | train (price) MSE=0.000408 MAE=0.014762 RMSE=0.020187 | val (price) MSE=0.000539 MAE=0.017465 RMSE=0.023218
2025-08-26T11:34:01Z - INFO - [train_model] Epoch 027 | train (scaled) MSE: mean=0.012759 med=0.004151 std=0.028074 min=0.000000 max=0.304143 | val (scaled) MSE: mean=0.017158 med=0.006484 std=0.039834 min=0.000017 max=0.335648
2025-08-26T11:34:01Z - INFO - [train_model] Epoch 027 | train (price) MSE=0.000407 MAE=0.014766 RMSE=0.020177 | val (price) MSE=0.000547 MAE=0.017615 RMSE=0.023398
2025-08-26T11:34:02Z - INFO - [train_model] Epoch 028 | train (scaled) MSE: mean=0.012773 med=0.004226 std=0.028172 min=0.000000 max=0.305708 | val (scaled) MSE: mean=0.017082 med=0.006348 std=0.039839 min=0.000010 max=0.335481
2025-08-26T11:34:02Z - INFO - [train_model] Epoch 028 | train (price) MSE=0.000408 MAE=0.014778 RMSE=0.020189 | val (price) MSE=0.000545 MAE=0.017547 RMSE=0.023347
2025-08-26T11:34:03Z - INFO - [train_model] Epoch 029 | train (scaled) MSE: mean=0.012776 med=0.004232 std=0.028067 min=0.000000 max=0.305568 | val (scaled) MSE: mean=0.016988 med=0.006213 std=0.039897 min=0.000009 max=0.336003
2025-08-26T11:34:03Z - INFO - [train_model] Epoch 029 | train (price) MSE=0.000408 MAE=0.014794 RMSE=0.020191 | val (price) MSE=0.000542 MAE=0.017465 RMSE=0.023282
2025-08-26T11:34:04Z - INFO - [train_model] Epoch 030 | train (scaled) MSE: mean=0.012772 med=0.004197 std=0.028019 min=0.000000 max=0.306256 | val (scaled) MSE: mean=0.016888 med=0.006039 std=0.039980 min=0.000007 max=0.336820
2025-08-26T11:34:04Z - INFO - [train_model] Epoch 030 | train (price) MSE=0.000408 MAE=0.014801 RMSE=0.020188 | val (price) MSE=0.000539 MAE=0.017378 RMSE=0.023214
2025-08-26T11:34:05Z - INFO - [train_model] Epoch 031 | train (scaled) MSE: mean=0.012764 med=0.004277 std=0.027919 min=0.000000 max=0.306747 | val (scaled) MSE: mean=0.016762 med=0.005821 std=0.040103 min=0.000008 max=0.338171
2025-08-26T11:34:05Z - INFO - [train_model] Epoch 031 | train (price) MSE=0.000407 MAE=0.014807 RMSE=0.020181 | val (price) MSE=0.000535 MAE=0.017271 RMSE=0.023126
2025-08-26T11:34:05Z - INFO - [train_model] Epoch 032 | train (scaled) MSE: mean=0.012752 med=0.004191 std=0.027842 min=0.000000 max=0.307406 | val (scaled) MSE: mean=0.016621 med=0.005653 std=0.040256 min=0.000002 max=0.339916
2025-08-26T11:34:05Z - INFO - [train_model] Epoch 032 | train (price) MSE=0.000407 MAE=0.014808 RMSE=0.020172 | val (price) MSE=0.000530 MAE=0.017151 RMSE=0.023029
2025-08-26T11:34:06Z - INFO - [train_model] Epoch 033 | train (scaled) MSE: mean=0.012735 med=0.004200 std=0.027766 min=0.000000 max=0.308029 | val (scaled) MSE: mean=0.016481 med=0.005613 std=0.040419 min=0.000001 max=0.341763
2025-08-26T11:34:06Z - INFO - [train_model] Epoch 033 | train (price) MSE=0.000406 MAE=0.014804 RMSE=0.020158 | val (price) MSE=0.000526 MAE=0.017032 RMSE=0.022932
2025-08-26T11:34:07Z - INFO - [train_model] Epoch 034 | train (scaled) MSE: mean=0.012717 med=0.004129 std=0.027676 min=0.000000 max=0.308493 | val (scaled) MSE: mean=0.016330 med=0.005603 std=0.040603 min=0.000008 max=0.343902
2025-08-26T11:34:07Z - INFO - [train_model] Epoch 034 | train (price) MSE=0.000406 MAE=0.014799 RMSE=0.020144 | val (price) MSE=0.000521 MAE=0.016910 RMSE=0.022826
2025-08-26T11:34:08Z - INFO - [train_model] Epoch 035 | train (scaled) MSE: mean=0.012692 med=0.004153 std=0.027624 min=0.000000 max=0.309141 | val (scaled) MSE: mean=0.016210 med=0.005534 std=0.040755 min=0.000022 max=0.345574
2025-08-26T11:34:08Z - INFO - [train_model] Epoch 035 | train (price) MSE=0.000405 MAE=0.014784 RMSE=0.020124 | val (price) MSE=0.000517 MAE=0.016803 RMSE=0.022743
2025-08-26T11:34:09Z - INFO - [train_model] Epoch 036 | train (scaled) MSE: mean=0.012665 med=0.004176 std=0.027500 min=0.000000 max=0.309671 | val (scaled) MSE: mean=0.016098 med=0.005268 std=0.040900 min=0.000033 max=0.347157
2025-08-26T11:34:09Z - INFO - [train_model] Epoch 036 | train (price) MSE=0.000404 MAE=0.014773 RMSE=0.020103 | val (price) MSE=0.000514 MAE=0.016700 RMSE=0.022664
2025-08-26T11:34:10Z - INFO - [train_model] Epoch 037 | train (scaled) MSE: mean=0.012637 med=0.004180 std=0.027430 min=0.000000 max=0.310460 | val (scaled) MSE: mean=0.015969 med=0.005009 std=0.041072 min=0.000017 max=0.349102
2025-08-26T11:34:10Z - INFO - [train_model] Epoch 037 | train (price) MSE=0.000403 MAE=0.014757 RMSE=0.020080 | val (price) MSE=0.000510 MAE=0.016581 RMSE=0.022573
2025-08-26T11:34:11Z - INFO - [train_model] Epoch 038 | train (scaled) MSE: mean=0.012606 med=0.004094 std=0.027322 min=0.000000 max=0.311248 | val (scaled) MSE: mean=0.015852 med=0.004783 std=0.041234 min=0.000007 max=0.350923
2025-08-26T11:34:11Z - INFO - [train_model] Epoch 038 | train (price) MSE=0.000402 MAE=0.014741 RMSE=0.020056 | val (price) MSE=0.000506 MAE=0.016467 RMSE=0.022490
2025-08-26T11:34:12Z - INFO - [train_model] Epoch 039 | train (scaled) MSE: mean=0.012570 med=0.004236 std=0.027218 min=0.000000 max=0.312277 | val (scaled) MSE: mean=0.015752 med=0.004584 std=0.041375 min=0.000001 max=0.352466
2025-08-26T11:34:12Z - INFO - [train_model] Epoch 039 | train (price) MSE=0.000401 MAE=0.014722 RMSE=0.020027 | val (price) MSE=0.000503 MAE=0.016363 RMSE=0.022419
2025-08-26T11:34:13Z - INFO - [train_model] Epoch 040 | train (scaled) MSE: mean=0.012530 med=0.004307 std=0.027117 min=0.000000 max=0.313424 | val (scaled) MSE: mean=0.015672 med=0.004654 std=0.041489 min=0.000000 max=0.353668
2025-08-26T11:34:13Z - INFO - [train_model] Epoch 040 | train (price) MSE=0.000400 MAE=0.014698 RMSE=0.019995 | val (price) MSE=0.000500 MAE=0.016272 RMSE=0.022362
2025-08-26T11:34:14Z - INFO - [train_model] Epoch 041 | train (scaled) MSE: mean=0.012487 med=0.004221 std=0.027011 min=0.000000 max=0.314903 | val (scaled) MSE: mean=0.015605 med=0.004770 std=0.041580 min=0.000000 max=0.354591
2025-08-26T11:34:14Z - INFO - [train_model] Epoch 041 | train (price) MSE=0.000398 MAE=0.014670 RMSE=0.019961 | val (price) MSE=0.000498 MAE=0.016195 RMSE=0.022314
2025-08-26T11:34:14Z - INFO - [train_model] Epoch 042 | train (scaled) MSE: mean=0.012447 med=0.004144 std=0.026913 min=0.000000 max=0.316436 | val (scaled) MSE: mean=0.015570 med=0.004689 std=0.041624 min=0.000001 max=0.354913
2025-08-26T11:34:14Z - INFO - [train_model] Epoch 042 | train (price) MSE=0.000397 MAE=0.014646 RMSE=0.019929 | val (price) MSE=0.000497 MAE=0.016144 RMSE=0.022290
2025-08-26T11:34:15Z - INFO - [train_model] Epoch 043 | train (scaled) MSE: mean=0.012400 med=0.004018 std=0.026789 min=0.000000 max=0.318208 | val (scaled) MSE: mean=0.015547 med=0.004720 std=0.041653 min=0.000001 max=0.355056
2025-08-26T11:34:15Z - INFO - [train_model] Epoch 043 | train (price) MSE=0.000396 MAE=0.014618 RMSE=0.019891 | val (price) MSE=0.000496 MAE=0.016103 RMSE=0.022272
2025-08-26T11:34:16Z - INFO - [train_model] Epoch 044 | train (scaled) MSE: mean=0.012355 med=0.003988 std=0.026662 min=0.000000 max=0.319846 | val (scaled) MSE: mean=0.015540 med=0.004749 std=0.041653 min=0.000009 max=0.354856
2025-08-26T11:34:16Z - INFO - [train_model] Epoch 044 | train (price) MSE=0.000394 MAE=0.014598 RMSE=0.019855 | val (price) MSE=0.000496 MAE=0.016082 RMSE=0.022267
2025-08-26T11:34:17Z - INFO - [train_model] Epoch 045 | train (scaled) MSE: mean=0.012306 med=0.003942 std=0.026546 min=0.000000 max=0.321613 | val (scaled) MSE: mean=0.015542 med=0.004776 std=0.041637 min=0.000003 max=0.354446
2025-08-26T11:34:17Z - INFO - [train_model] Epoch 045 | train (price) MSE=0.000393 MAE=0.014574 RMSE=0.019816 | val (price) MSE=0.000496 MAE=0.016067 RMSE=0.022269
2025-08-26T11:34:17Z - INFO - [train_model] Early stopping at epoch 45 (best price val MSE=0.000456 @ epoch 5)
2025-08-26T11:34:18Z - INFO - [visualize_full_prediction] Saved full prediction plot for EWI to output/20250826-073331/plots/EWI_finbert-lstm_full_returns_prediction.png
2025-08-26T11:34:18Z - INFO - [visualize_sentiment] Saved sentiment plot for EWI to output/20250826-073331/plots/EWI_sentiment.png
2025-08-26T11:34:18Z - INFO - [train] [EWI] Test (price) MSE=0.000369 | MAE=0.014944 | RMSE=0.019201 (scaled MSE=0.011554)
2025-08-26T11:34:18Z - INFO - [train] [EWI] Final (price) Train MSE=0.000393 | Val MSE=0.000496 (scaled Train MSE=0.012306 | Val MSE=0.015542)
2025-08-26T11:34:18Z - INFO - [train] [EWI] Best epoch=5 | Best (price) Train MSE=0.000464 | Best (price) Val MSE=0.000456 | Saved at=/home/tbfs/Projects/finBert/output/20250826-073331/saved_weights/EWI/EWI_best-epoch005.pt
2025-08-26T11:34:18Z - INFO - [train] Wrote evaluation summary → output/20250826-073331/evaluation.json
