2025-08-26T03:49:05Z - INFO - [Pipeline::__init__] Loaded news dataframe with columns=['title', 'date', 'stock'] shape=(1277896, 3).
2025-08-26T03:49:05Z - INFO - [SentimentGenerator::_load] Loaded precomputed sentiment from /home/tbfs/Projects/finBert/output/20250823-140342/sentiment_daily.csv
2025-08-26T03:49:05Z - INFO - [train] Training predictor for ticker: EWI
2025-08-26T03:49:05Z - INFO - [train] Loaded prices for EWI with columns=['date', 'volume', 'open', 'high', 'low', 'close', 'adj close'] shape=(2516, 7).
2025-08-26T03:49:05Z - INFO - [SequenceDataset::__init__] len(self.valid_indices)=701 out of len(df)=2515 samples are valid for lookback=60 with sentiment_col=SentimentScore
2025-08-26T03:49:05Z - INFO - [SequenceDataset::__init__] len(self.valid_indices)=78 out of len(df)=2515 samples are valid for lookback=60 with sentiment_col=SentimentScore
2025-08-26T03:49:05Z - INFO - [SequenceDataset::__init__] len(self.valid_indices)=87 out of len(df)=2515 samples are valid for lookback=60 with sentiment_col=SentimentScore
2025-08-26T03:49:06Z - INFO - [train_model] Epoch 001 | train (scaled) MSE: mean=0.029878 med=0.006032 std=0.068650 min=0.000000 max=0.475517 | val (scaled) MSE: mean=0.026929 med=0.008823 std=0.082798 min=0.000022 max=0.724521
2025-08-26T03:49:06Z - INFO - [train_model] Epoch 001 | train (price) MSE=0.000953 MAE=0.020982 RMSE=0.030876 | val (price) MSE=0.000859 MAE=0.021189 RMSE=0.029313
2025-08-26T03:49:06Z - INFO - [train_model] New best (price) val MSE=0.000859 at epoch 1; saved → /home/tbfs/Projects/finBert/output/20250825-234900/saved_weights/EWI/EWI_best-epoch001.pt
2025-08-26T03:49:06Z - INFO - [train_model] Epoch 002 | train (scaled) MSE: mean=0.017638 med=0.005281 std=0.039635 min=0.000000 max=0.419325 | val (scaled) MSE: mean=0.023845 med=0.006985 std=0.080917 min=0.000003 max=0.710065
2025-08-26T03:49:06Z - INFO - [train_model] Epoch 002 | train (price) MSE=0.000563 MAE=0.017125 RMSE=0.023723 | val (price) MSE=0.000761 MAE=0.019156 RMSE=0.027584
2025-08-26T03:49:06Z - INFO - [train_model] New best (price) val MSE=0.000761 at epoch 2; saved → /home/tbfs/Projects/finBert/output/20250825-234900/saved_weights/EWI/EWI_best-epoch002.pt
2025-08-26T03:49:07Z - INFO - [train_model] Epoch 003 | train (scaled) MSE: mean=0.017865 med=0.005698 std=0.039449 min=0.000000 max=0.403731 | val (scaled) MSE: mean=0.026775 med=0.009105 std=0.084778 min=0.000003 max=0.741800
2025-08-26T03:49:07Z - INFO - [train_model] Epoch 003 | train (price) MSE=0.000570 MAE=0.017490 RMSE=0.023875 | val (price) MSE=0.000854 MAE=0.020614 RMSE=0.029229
2025-08-26T03:49:08Z - INFO - [train_model] Epoch 004 | train (scaled) MSE: mean=0.018671 med=0.005836 std=0.040631 min=0.000000 max=0.389036 | val (scaled) MSE: mean=0.025444 med=0.007640 std=0.082647 min=0.000001 max=0.724124
2025-08-26T03:49:08Z - INFO - [train_model] Epoch 004 | train (price) MSE=0.000596 MAE=0.018037 RMSE=0.024408 | val (price) MSE=0.000812 MAE=0.019917 RMSE=0.028493
2025-08-26T03:49:08Z - INFO - [train_model] Epoch 005 | train (scaled) MSE: mean=0.017987 med=0.005793 std=0.040326 min=0.000000 max=0.392426 | val (scaled) MSE: mean=0.023646 med=0.006084 std=0.079628 min=0.000000 max=0.699043
2025-08-26T03:49:08Z - INFO - [train_model] Epoch 005 | train (price) MSE=0.000574 MAE=0.017530 RMSE=0.023957 | val (price) MSE=0.000755 MAE=0.019011 RMSE=0.027468
2025-08-26T03:49:08Z - INFO - [train_model] New best (price) val MSE=0.000755 at epoch 5; saved → /home/tbfs/Projects/finBert/output/20250825-234900/saved_weights/EWI/EWI_best-epoch005.pt
2025-08-26T03:49:09Z - INFO - [train_model] Epoch 006 | train (scaled) MSE: mean=0.017045 med=0.005401 std=0.037999 min=0.000000 max=0.356680 | val (scaled) MSE: mean=0.020574 med=0.005039 std=0.074448 min=0.000006 max=0.656011
2025-08-26T03:49:09Z - INFO - [train_model] Epoch 006 | train (price) MSE=0.000544 MAE=0.017133 RMSE=0.023321 | val (price) MSE=0.000656 MAE=0.017504 RMSE=0.025622
2025-08-26T03:49:09Z - INFO - [train_model] New best (price) val MSE=0.000656 at epoch 6; saved → /home/tbfs/Projects/finBert/output/20250825-234900/saved_weights/EWI/EWI_best-epoch006.pt
2025-08-26T03:49:09Z - INFO - [train_model] Epoch 007 | train (scaled) MSE: mean=0.015807 med=0.005195 std=0.035313 min=0.000000 max=0.328955 | val (scaled) MSE: mean=0.018817 med=0.005454 std=0.070583 min=0.000000 max=0.623529
2025-08-26T03:49:09Z - INFO - [train_model] Epoch 007 | train (price) MSE=0.000504 MAE=0.016565 RMSE=0.022458 | val (price) MSE=0.000600 MAE=0.016666 RMSE=0.024503
2025-08-26T03:49:09Z - INFO - [train_model] New best (price) val MSE=0.000600 at epoch 7; saved → /home/tbfs/Projects/finBert/output/20250825-234900/saved_weights/EWI/EWI_best-epoch007.pt
2025-08-26T03:49:10Z - INFO - [train_model] Epoch 008 | train (scaled) MSE: mean=0.015021 med=0.005261 std=0.034009 min=0.000000 max=0.317935 | val (scaled) MSE: mean=0.017246 med=0.004848 std=0.066759 min=0.000012 max=0.591293
2025-08-26T03:49:10Z - INFO - [train_model] Epoch 008 | train (price) MSE=0.000479 MAE=0.016029 RMSE=0.021893 | val (price) MSE=0.000550 MAE=0.016000 RMSE=0.023458
2025-08-26T03:49:10Z - INFO - [train_model] New best (price) val MSE=0.000550 at epoch 8; saved → /home/tbfs/Projects/finBert/output/20250825-234900/saved_weights/EWI/EWI_best-epoch008.pt
2025-08-26T03:49:10Z - INFO - [train_model] Epoch 009 | train (scaled) MSE: mean=0.014193 med=0.004442 std=0.031817 min=0.000000 max=0.288633 | val (scaled) MSE: mean=0.016135 med=0.004965 std=0.063363 min=0.000006 max=0.562398
2025-08-26T03:49:10Z - INFO - [train_model] Epoch 009 | train (price) MSE=0.000453 MAE=0.015562 RMSE=0.021280 | val (price) MSE=0.000515 MAE=0.015474 RMSE=0.022690
2025-08-26T03:49:10Z - INFO - [train_model] New best (price) val MSE=0.000515 at epoch 9; saved → /home/tbfs/Projects/finBert/output/20250825-234900/saved_weights/EWI/EWI_best-epoch009.pt
2025-08-26T03:49:11Z - INFO - [train_model] Epoch 010 | train (scaled) MSE: mean=0.013737 med=0.004243 std=0.031556 min=0.000000 max=0.286821 | val (scaled) MSE: mean=0.015580 med=0.004536 std=0.061196 min=0.000003 max=0.543771
2025-08-26T03:49:11Z - INFO - [train_model] Epoch 010 | train (price) MSE=0.000438 MAE=0.015191 RMSE=0.020936 | val (price) MSE=0.000497 MAE=0.015243 RMSE=0.022296
2025-08-26T03:49:11Z - INFO - [train_model] New best (price) val MSE=0.000497 at epoch 10; saved → /home/tbfs/Projects/finBert/output/20250825-234900/saved_weights/EWI/EWI_best-epoch010.pt
2025-08-26T03:49:12Z - INFO - [train_model] Epoch 011 | train (scaled) MSE: mean=0.013427 med=0.004345 std=0.030446 min=0.000000 max=0.273020 | val (scaled) MSE: mean=0.015059 med=0.005390 std=0.058554 min=0.000002 max=0.520849
2025-08-26T03:49:12Z - INFO - [train_model] Epoch 011 | train (price) MSE=0.000428 MAE=0.015095 RMSE=0.020699 | val (price) MSE=0.000480 MAE=0.015117 RMSE=0.021920
2025-08-26T03:49:12Z - INFO - [train_model] New best (price) val MSE=0.000480 at epoch 11; saved → /home/tbfs/Projects/finBert/output/20250825-234900/saved_weights/EWI/EWI_best-epoch011.pt
2025-08-26T03:49:12Z - INFO - [train_model] Epoch 012 | train (scaled) MSE: mean=0.013166 med=0.003964 std=0.029338 min=0.000000 max=0.256978 | val (scaled) MSE: mean=0.014835 med=0.005329 std=0.057258 min=0.000002 max=0.509567
2025-08-26T03:49:12Z - INFO - [train_model] Epoch 012 | train (price) MSE=0.000420 MAE=0.014975 RMSE=0.020497 | val (price) MSE=0.000473 MAE=0.015060 RMSE=0.021757
2025-08-26T03:49:12Z - INFO - [train_model] New best (price) val MSE=0.000473 at epoch 12; saved → /home/tbfs/Projects/finBert/output/20250825-234900/saved_weights/EWI/EWI_best-epoch012.pt
2025-08-26T03:49:13Z - INFO - [train_model] Epoch 013 | train (scaled) MSE: mean=0.012905 med=0.004064 std=0.029093 min=0.000000 max=0.268815 | val (scaled) MSE: mean=0.014685 med=0.005184 std=0.056290 min=0.000001 max=0.501108
2025-08-26T03:49:13Z - INFO - [train_model] Epoch 013 | train (price) MSE=0.000412 MAE=0.014718 RMSE=0.020293 | val (price) MSE=0.000469 MAE=0.015017 RMSE=0.021647
2025-08-26T03:49:13Z - INFO - [train_model] New best (price) val MSE=0.000469 at epoch 13; saved → /home/tbfs/Projects/finBert/output/20250825-234900/saved_weights/EWI/EWI_best-epoch013.pt
2025-08-26T03:49:13Z - INFO - [train_model] Epoch 014 | train (scaled) MSE: mean=0.012916 med=0.004188 std=0.028841 min=0.000000 max=0.258323 | val (scaled) MSE: mean=0.014586 med=0.004944 std=0.055458 min=0.000001 max=0.493784
2025-08-26T03:49:13Z - INFO - [train_model] Epoch 014 | train (price) MSE=0.000412 MAE=0.014713 RMSE=0.020301 | val (price) MSE=0.000465 MAE=0.014989 RMSE=0.021574
2025-08-26T03:49:13Z - INFO - [train_model] New best (price) val MSE=0.000465 at epoch 14; saved → /home/tbfs/Projects/finBert/output/20250825-234900/saved_weights/EWI/EWI_best-epoch014.pt
2025-08-26T03:49:14Z - INFO - [train_model] Epoch 015 | train (scaled) MSE: mean=0.012833 med=0.004217 std=0.028509 min=0.000000 max=0.261942 | val (scaled) MSE: mean=0.014563 med=0.004941 std=0.055287 min=0.000000 max=0.492316
2025-08-26T03:49:14Z - INFO - [train_model] Epoch 015 | train (price) MSE=0.000409 MAE=0.014700 RMSE=0.020235 | val (price) MSE=0.000465 MAE=0.014983 RMSE=0.021556
2025-08-26T03:49:14Z - INFO - [train_model] New best (price) val MSE=0.000465 at epoch 15; saved → /home/tbfs/Projects/finBert/output/20250825-234900/saved_weights/EWI/EWI_best-epoch015.pt
2025-08-26T03:49:14Z - INFO - [train_model] Epoch 016 | train (scaled) MSE: mean=0.012721 med=0.004154 std=0.028048 min=0.000000 max=0.251576 | val (scaled) MSE: mean=0.014574 med=0.004946 std=0.055566 min=0.000003 max=0.494806
2025-08-26T03:49:14Z - INFO - [train_model] Epoch 016 | train (price) MSE=0.000406 MAE=0.014654 RMSE=0.020147 | val (price) MSE=0.000465 MAE=0.014987 RMSE=0.021564
2025-08-26T03:49:15Z - INFO - [train_model] Epoch 017 | train (scaled) MSE: mean=0.012776 med=0.004289 std=0.028062 min=0.000000 max=0.253187 | val (scaled) MSE: mean=0.014550 med=0.004943 std=0.055252 min=0.000000 max=0.492018
2025-08-26T03:49:15Z - INFO - [train_model] Epoch 017 | train (price) MSE=0.000408 MAE=0.014688 RMSE=0.020190 | val (price) MSE=0.000464 MAE=0.014976 RMSE=0.021547
2025-08-26T03:49:15Z - INFO - [train_model] New best (price) val MSE=0.000464 at epoch 17; saved → /home/tbfs/Projects/finBert/output/20250825-234900/saved_weights/EWI/EWI_best-epoch017.pt
2025-08-26T03:49:15Z - INFO - [train_model] Epoch 018 | train (scaled) MSE: mean=0.012788 med=0.004068 std=0.028359 min=0.000000 max=0.252646 | val (scaled) MSE: mean=0.014544 med=0.005038 std=0.055128 min=0.000000 max=0.490913
2025-08-26T03:49:15Z - INFO - [train_model] Epoch 018 | train (price) MSE=0.000408 MAE=0.014652 RMSE=0.020200 | val (price) MSE=0.000464 MAE=0.014976 RMSE=0.021542
2025-08-26T03:49:15Z - INFO - [train_model] New best (price) val MSE=0.000464 at epoch 18; saved → /home/tbfs/Projects/finBert/output/20250825-234900/saved_weights/EWI/EWI_best-epoch018.pt
2025-08-26T03:49:16Z - INFO - [train_model] Epoch 019 | train (scaled) MSE: mean=0.012816 med=0.003937 std=0.028487 min=0.000000 max=0.260966 | val (scaled) MSE: mean=0.014543 med=0.004909 std=0.055352 min=0.000000 max=0.492943
2025-08-26T03:49:16Z - INFO - [train_model] Epoch 019 | train (price) MSE=0.000409 MAE=0.014720 RMSE=0.020222 | val (price) MSE=0.000464 MAE=0.014977 RMSE=0.021541
2025-08-26T03:49:16Z - INFO - [train_model] New best (price) val MSE=0.000464 at epoch 19; saved → /home/tbfs/Projects/finBert/output/20250825-234900/saved_weights/EWI/EWI_best-epoch019.pt
2025-08-26T03:49:17Z - INFO - [train_model] Epoch 020 | train (scaled) MSE: mean=0.012797 med=0.004112 std=0.028380 min=0.000000 max=0.258007 | val (scaled) MSE: mean=0.014544 med=0.004955 std=0.055276 min=0.000000 max=0.492265
2025-08-26T03:49:17Z - INFO - [train_model] Epoch 020 | train (price) MSE=0.000408 MAE=0.014653 RMSE=0.020207 | val (price) MSE=0.000464 MAE=0.014979 RMSE=0.021542
2025-08-26T03:49:17Z - INFO - [train_model] Epoch 021 | train (scaled) MSE: mean=0.012823 med=0.004050 std=0.028589 min=0.000000 max=0.258174 | val (scaled) MSE: mean=0.014550 med=0.004759 std=0.055433 min=0.000000 max=0.493679
2025-08-26T03:49:17Z - INFO - [train_model] Epoch 021 | train (price) MSE=0.000409 MAE=0.014646 RMSE=0.020227 | val (price) MSE=0.000464 MAE=0.014986 RMSE=0.021546
2025-08-26T03:49:18Z - INFO - [train_model] Epoch 022 | train (scaled) MSE: mean=0.012829 med=0.004050 std=0.028572 min=0.000000 max=0.259145 | val (scaled) MSE: mean=0.014532 med=0.004947 std=0.055176 min=0.000001 max=0.491386
2025-08-26T03:49:18Z - INFO - [train_model] Epoch 022 | train (price) MSE=0.000409 MAE=0.014649 RMSE=0.020232 | val (price) MSE=0.000464 MAE=0.014975 RMSE=0.021533
2025-08-26T03:49:18Z - INFO - [train_model] New best (price) val MSE=0.000464 at epoch 22; saved → /home/tbfs/Projects/finBert/output/20250825-234900/saved_weights/EWI/EWI_best-epoch022.pt
2025-08-26T03:49:18Z - INFO - [train_model] Epoch 023 | train (scaled) MSE: mean=0.012797 med=0.004154 std=0.028073 min=0.000000 max=0.259666 | val (scaled) MSE: mean=0.014535 med=0.004762 std=0.055369 min=0.000000 max=0.493129
2025-08-26T03:49:18Z - INFO - [train_model] Epoch 023 | train (price) MSE=0.000408 MAE=0.014707 RMSE=0.020207 | val (price) MSE=0.000464 MAE=0.014977 RMSE=0.021536
2025-08-26T03:49:19Z - INFO - [train_model] Epoch 024 | train (scaled) MSE: mean=0.012754 med=0.004099 std=0.028424 min=0.000000 max=0.260667 | val (scaled) MSE: mean=0.014562 med=0.004584 std=0.055651 min=0.000005 max=0.495635
2025-08-26T03:49:19Z - INFO - [train_model] Epoch 024 | train (price) MSE=0.000407 MAE=0.014640 RMSE=0.020173 | val (price) MSE=0.000465 MAE=0.014999 RMSE=0.021556
2025-08-26T03:49:19Z - INFO - [train_model] Epoch 025 | train (scaled) MSE: mean=0.012718 med=0.004124 std=0.028172 min=0.000000 max=0.261478 | val (scaled) MSE: mean=0.014548 med=0.004676 std=0.055507 min=0.000002 max=0.494359
2025-08-26T03:49:19Z - INFO - [train_model] Epoch 025 | train (price) MSE=0.000406 MAE=0.014602 RMSE=0.020144 | val (price) MSE=0.000464 MAE=0.014989 RMSE=0.021545
2025-08-26T03:49:20Z - INFO - [train_model] Epoch 026 | train (scaled) MSE: mean=0.012817 med=0.004043 std=0.028645 min=0.000000 max=0.260124 | val (scaled) MSE: mean=0.014541 med=0.004783 std=0.055355 min=0.000000 max=0.492993
2025-08-26T03:49:20Z - INFO - [train_model] Epoch 026 | train (price) MSE=0.000409 MAE=0.014655 RMSE=0.020223 | val (price) MSE=0.000464 MAE=0.014983 RMSE=0.021540
2025-08-26T03:49:20Z - INFO - [train_model] Epoch 027 | train (scaled) MSE: mean=0.012802 med=0.004080 std=0.028448 min=0.000000 max=0.259828 | val (scaled) MSE: mean=0.014561 med=0.004719 std=0.055540 min=0.000002 max=0.494631
2025-08-26T03:49:20Z - INFO - [train_model] Epoch 027 | train (price) MSE=0.000408 MAE=0.014682 RMSE=0.020211 | val (price) MSE=0.000465 MAE=0.014993 RMSE=0.021555
2025-08-26T03:49:21Z - INFO - [train_model] Epoch 028 | train (scaled) MSE: mean=0.012671 med=0.004032 std=0.028379 min=0.000000 max=0.256848 | val (scaled) MSE: mean=0.014573 med=0.004541 std=0.055753 min=0.000009 max=0.496538
2025-08-26T03:49:21Z - INFO - [train_model] Epoch 028 | train (price) MSE=0.000404 MAE=0.014558 RMSE=0.020107 | val (price) MSE=0.000465 MAE=0.015008 RMSE=0.021564
2025-08-26T03:49:22Z - INFO - [train_model] Epoch 029 | train (scaled) MSE: mean=0.012725 med=0.003916 std=0.028190 min=0.000000 max=0.262702 | val (scaled) MSE: mean=0.014528 med=0.004944 std=0.055137 min=0.000000 max=0.491047
2025-08-26T03:49:22Z - INFO - [train_model] Epoch 029 | train (price) MSE=0.000406 MAE=0.014619 RMSE=0.020150 | val (price) MSE=0.000464 MAE=0.014978 RMSE=0.021531
2025-08-26T03:49:22Z - INFO - [train_model] New best (price) val MSE=0.000464 at epoch 29; saved → /home/tbfs/Projects/finBert/output/20250825-234900/saved_weights/EWI/EWI_best-epoch029.pt
2025-08-26T03:49:22Z - INFO - [train_model] Epoch 030 | train (scaled) MSE: mean=0.012779 med=0.004014 std=0.028365 min=0.000000 max=0.259629 | val (scaled) MSE: mean=0.014546 med=0.004953 std=0.055276 min=0.000000 max=0.492271
2025-08-26T03:49:22Z - INFO - [train_model] Epoch 030 | train (price) MSE=0.000408 MAE=0.014671 RMSE=0.020193 | val (price) MSE=0.000464 MAE=0.014981 RMSE=0.021544
2025-08-26T03:49:23Z - INFO - [train_model] Epoch 031 | train (scaled) MSE: mean=0.012678 med=0.004137 std=0.028152 min=0.000000 max=0.258117 | val (scaled) MSE: mean=0.014541 med=0.004660 std=0.055429 min=0.000001 max=0.493664
2025-08-26T03:49:23Z - INFO - [train_model] Epoch 031 | train (price) MSE=0.000405 MAE=0.014584 RMSE=0.020113 | val (price) MSE=0.000464 MAE=0.014988 RMSE=0.021540
2025-08-26T03:49:23Z - INFO - [train_model] Epoch 032 | train (scaled) MSE: mean=0.012759 med=0.004010 std=0.028392 min=0.000000 max=0.262421 | val (scaled) MSE: mean=0.014529 med=0.004644 std=0.055344 min=0.000000 max=0.492914
2025-08-26T03:49:23Z - INFO - [train_model] Epoch 032 | train (price) MSE=0.000407 MAE=0.014695 RMSE=0.020177 | val (price) MSE=0.000464 MAE=0.014983 RMSE=0.021531
2025-08-26T03:49:24Z - INFO - [train_model] Epoch 033 | train (scaled) MSE: mean=0.012775 med=0.004139 std=0.028069 min=0.000000 max=0.259390 | val (scaled) MSE: mean=0.014511 med=0.004911 std=0.055036 min=0.000000 max=0.490164
2025-08-26T03:49:24Z - INFO - [train_model] Epoch 033 | train (price) MSE=0.000408 MAE=0.014700 RMSE=0.020190 | val (price) MSE=0.000463 MAE=0.014976 RMSE=0.021518
2025-08-26T03:49:24Z - INFO - [train_model] New best (price) val MSE=0.000463 at epoch 33; saved → /home/tbfs/Projects/finBert/output/20250825-234900/saved_weights/EWI/EWI_best-epoch033.pt
2025-08-26T03:49:24Z - INFO - [train_model] Epoch 034 | train (scaled) MSE: mean=0.012735 med=0.004142 std=0.028206 min=0.000000 max=0.263942 | val (scaled) MSE: mean=0.014524 med=0.004748 std=0.055251 min=0.000000 max=0.492081
2025-08-26T03:49:24Z - INFO - [train_model] Epoch 034 | train (price) MSE=0.000406 MAE=0.014598 RMSE=0.020158 | val (price) MSE=0.000463 MAE=0.014979 RMSE=0.021527
2025-08-26T03:49:25Z - INFO - [train_model] Epoch 035 | train (scaled) MSE: mean=0.012735 med=0.004052 std=0.028212 min=0.000000 max=0.261270 | val (scaled) MSE: mean=0.014499 med=0.004936 std=0.054925 min=0.000001 max=0.489176
2025-08-26T03:49:25Z - INFO - [train_model] Epoch 035 | train (price) MSE=0.000406 MAE=0.014630 RMSE=0.020158 | val (price) MSE=0.000463 MAE=0.014974 RMSE=0.021509
2025-08-26T03:49:25Z - INFO - [train_model] New best (price) val MSE=0.000463 at epoch 35; saved → /home/tbfs/Projects/finBert/output/20250825-234900/saved_weights/EWI/EWI_best-epoch035.pt
2025-08-26T03:49:26Z - INFO - [train_model] Epoch 036 | train (scaled) MSE: mean=0.012726 med=0.004156 std=0.028141 min=0.000000 max=0.257572 | val (scaled) MSE: mean=0.014514 med=0.005378 std=0.054358 min=0.000002 max=0.484030
2025-08-26T03:49:26Z - INFO - [train_model] Epoch 036 | train (price) MSE=0.000406 MAE=0.014659 RMSE=0.020151 | val (price) MSE=0.000463 MAE=0.014993 RMSE=0.021520
2025-08-26T03:49:26Z - INFO - [train_model] Epoch 037 | train (scaled) MSE: mean=0.012744 med=0.004104 std=0.028229 min=0.000000 max=0.259238 | val (scaled) MSE: mean=0.014519 med=0.004599 std=0.055317 min=0.000000 max=0.492685
2025-08-26T03:49:26Z - INFO - [train_model] Epoch 037 | train (price) MSE=0.000407 MAE=0.014668 RMSE=0.020165 | val (price) MSE=0.000463 MAE=0.014979 RMSE=0.021524
2025-08-26T03:49:27Z - INFO - [train_model] Epoch 038 | train (scaled) MSE: mean=0.012634 med=0.004064 std=0.028073 min=0.000000 max=0.264187 | val (scaled) MSE: mean=0.014476 med=0.004918 std=0.054749 min=0.000003 max=0.487627
2025-08-26T03:49:27Z - INFO - [train_model] Epoch 038 | train (price) MSE=0.000403 MAE=0.014543 RMSE=0.020078 | val (price) MSE=0.000462 MAE=0.014969 RMSE=0.021492
2025-08-26T03:49:27Z - INFO - [train_model] New best (price) val MSE=0.000462 at epoch 38; saved → /home/tbfs/Projects/finBert/output/20250825-234900/saved_weights/EWI/EWI_best-epoch038.pt
2025-08-26T03:49:27Z - INFO - [train_model] Epoch 039 | train (scaled) MSE: mean=0.012687 med=0.003968 std=0.028017 min=0.000000 max=0.260996 | val (scaled) MSE: mean=0.014495 med=0.004607 std=0.055146 min=0.000000 max=0.491182
2025-08-26T03:49:27Z - INFO - [train_model] Epoch 039 | train (price) MSE=0.000405 MAE=0.014598 RMSE=0.020120 | val (price) MSE=0.000462 MAE=0.014971 RMSE=0.021506
2025-08-26T03:49:28Z - INFO - [train_model] Epoch 040 | train (scaled) MSE: mean=0.012783 med=0.003990 std=0.028353 min=0.000000 max=0.263072 | val (scaled) MSE: mean=0.014446 med=0.004985 std=0.054390 min=0.000000 max=0.484429
2025-08-26T03:49:28Z - INFO - [train_model] Epoch 040 | train (price) MSE=0.000408 MAE=0.014638 RMSE=0.020196 | val (price) MSE=0.000461 MAE=0.014964 RMSE=0.021469
2025-08-26T03:49:28Z - INFO - [train_model] New best (price) val MSE=0.000461 at epoch 40; saved → /home/tbfs/Projects/finBert/output/20250825-234900/saved_weights/EWI/EWI_best-epoch040.pt
2025-08-26T03:49:29Z - INFO - [train_model] Epoch 041 | train (scaled) MSE: mean=0.012714 med=0.004060 std=0.027950 min=0.000000 max=0.250951 | val (scaled) MSE: mean=0.014444 med=0.005081 std=0.054284 min=0.000000 max=0.483475
2025-08-26T03:49:29Z - INFO - [train_model] Epoch 041 | train (price) MSE=0.000406 MAE=0.014668 RMSE=0.020141 | val (price) MSE=0.000461 MAE=0.014967 RMSE=0.021468
2025-08-26T03:49:29Z - INFO - [train_model] New best (price) val MSE=0.000461 at epoch 41; saved → /home/tbfs/Projects/finBert/output/20250825-234900/saved_weights/EWI/EWI_best-epoch041.pt
2025-08-26T03:49:29Z - INFO - [train_model] Epoch 042 | train (scaled) MSE: mean=0.012725 med=0.004050 std=0.027964 min=0.000000 max=0.268335 | val (scaled) MSE: mean=0.014439 med=0.005009 std=0.054296 min=0.000000 max=0.483589
2025-08-26T03:49:29Z - INFO - [train_model] Epoch 042 | train (price) MSE=0.000406 MAE=0.014667 RMSE=0.020150 | val (price) MSE=0.000461 MAE=0.014965 RMSE=0.021465
2025-08-26T03:49:29Z - INFO - [train_model] New best (price) val MSE=0.000461 at epoch 42; saved → /home/tbfs/Projects/finBert/output/20250825-234900/saved_weights/EWI/EWI_best-epoch042.pt
2025-08-26T03:49:30Z - INFO - [train_model] Epoch 043 | train (scaled) MSE: mean=0.012770 med=0.004126 std=0.028311 min=0.000000 max=0.270840 | val (scaled) MSE: mean=0.014444 med=0.004920 std=0.054428 min=0.000000 max=0.484781
2025-08-26T03:49:30Z - INFO - [train_model] Epoch 043 | train (price) MSE=0.000407 MAE=0.014683 RMSE=0.020186 | val (price) MSE=0.000461 MAE=0.014963 RMSE=0.021468
2025-08-26T03:49:30Z - INFO - [train_model] Epoch 044 | train (scaled) MSE: mean=0.012754 med=0.004046 std=0.028063 min=0.000000 max=0.268226 | val (scaled) MSE: mean=0.014441 med=0.004802 std=0.054492 min=0.000001 max=0.485358
2025-08-26T03:49:30Z - INFO - [train_model] Epoch 044 | train (price) MSE=0.000407 MAE=0.014697 RMSE=0.020173 | val (price) MSE=0.000461 MAE=0.014962 RMSE=0.021466
2025-08-26T03:49:31Z - INFO - [train_model] Epoch 045 | train (scaled) MSE: mean=0.012678 med=0.004218 std=0.027898 min=0.000000 max=0.269437 | val (scaled) MSE: mean=0.014447 med=0.004906 std=0.054477 min=0.000000 max=0.485215
2025-08-26T03:49:31Z - INFO - [train_model] Epoch 045 | train (price) MSE=0.000405 MAE=0.014653 RMSE=0.020113 | val (price) MSE=0.000461 MAE=0.014963 RMSE=0.021470
2025-08-26T03:49:31Z - INFO - [train_model] Epoch 046 | train (scaled) MSE: mean=0.012692 med=0.004045 std=0.028185 min=0.000000 max=0.267806 | val (scaled) MSE: mean=0.014446 med=0.004808 std=0.054577 min=0.000002 max=0.486117
2025-08-26T03:49:31Z - INFO - [train_model] Epoch 046 | train (price) MSE=0.000405 MAE=0.014616 RMSE=0.020124 | val (price) MSE=0.000461 MAE=0.014962 RMSE=0.021470
2025-08-26T03:49:32Z - INFO - [train_model] Epoch 047 | train (scaled) MSE: mean=0.012663 med=0.004111 std=0.027886 min=0.000000 max=0.270368 | val (scaled) MSE: mean=0.014438 med=0.004875 std=0.054407 min=0.000000 max=0.484594
2025-08-26T03:49:32Z - INFO - [train_model] Epoch 047 | train (price) MSE=0.000404 MAE=0.014627 RMSE=0.020101 | val (price) MSE=0.000461 MAE=0.014961 RMSE=0.021464
2025-08-26T03:49:32Z - INFO - [train_model] New best (price) val MSE=0.000461 at epoch 47; saved → /home/tbfs/Projects/finBert/output/20250825-234900/saved_weights/EWI/EWI_best-epoch047.pt
2025-08-26T03:49:33Z - INFO - [train_model] Epoch 048 | train (scaled) MSE: mean=0.012653 med=0.004173 std=0.027919 min=0.000000 max=0.270297 | val (scaled) MSE: mean=0.014440 med=0.005163 std=0.053832 min=0.000000 max=0.479395
2025-08-26T03:49:33Z - INFO - [train_model] Epoch 048 | train (price) MSE=0.000404 MAE=0.014627 RMSE=0.020093 | val (price) MSE=0.000461 MAE=0.014977 RMSE=0.021465
2025-08-26T03:49:33Z - INFO - [train_model] Epoch 049 | train (scaled) MSE: mean=0.012725 med=0.004117 std=0.028288 min=0.000000 max=0.267931 | val (scaled) MSE: mean=0.014432 med=0.004891 std=0.054330 min=0.000000 max=0.483907
2025-08-26T03:49:33Z - INFO - [train_model] Epoch 049 | train (price) MSE=0.000406 MAE=0.014617 RMSE=0.020150 | val (price) MSE=0.000460 MAE=0.014960 RMSE=0.021459
2025-08-26T03:49:33Z - INFO - [train_model] New best (price) val MSE=0.000460 at epoch 49; saved → /home/tbfs/Projects/finBert/output/20250825-234900/saved_weights/EWI/EWI_best-epoch049.pt
2025-08-26T03:49:34Z - INFO - [train_model] Epoch 050 | train (scaled) MSE: mean=0.012673 med=0.004051 std=0.027935 min=0.000000 max=0.270688 | val (scaled) MSE: mean=0.014449 med=0.004810 std=0.054624 min=0.000002 max=0.486535
2025-08-26T03:49:34Z - INFO - [train_model] Epoch 050 | train (price) MSE=0.000404 MAE=0.014631 RMSE=0.020109 | val (price) MSE=0.000461 MAE=0.014962 RMSE=0.021472
2025-08-26T03:49:34Z - INFO - [train_model] Epoch 051 | train (scaled) MSE: mean=0.012674 med=0.003943 std=0.028061 min=0.000000 max=0.267631 | val (scaled) MSE: mean=0.014432 med=0.005036 std=0.054198 min=0.000001 max=0.482719
2025-08-26T03:49:34Z - INFO - [train_model] Epoch 051 | train (price) MSE=0.000404 MAE=0.014578 RMSE=0.020110 | val (price) MSE=0.000461 MAE=0.014965 RMSE=0.021460
2025-08-26T03:49:35Z - INFO - [train_model] Epoch 052 | train (scaled) MSE: mean=0.012672 med=0.003902 std=0.027967 min=0.000000 max=0.271906 | val (scaled) MSE: mean=0.014432 med=0.005171 std=0.053839 min=0.000001 max=0.479470
2025-08-26T03:49:35Z - INFO - [train_model] Epoch 052 | train (price) MSE=0.000404 MAE=0.014612 RMSE=0.020108 | val (price) MSE=0.000461 MAE=0.014975 RMSE=0.021459
2025-08-26T03:49:35Z - INFO - [train_model] Epoch 053 | train (scaled) MSE: mean=0.012594 med=0.004068 std=0.027875 min=0.000000 max=0.265099 | val (scaled) MSE: mean=0.014423 med=0.005024 std=0.054094 min=0.000002 max=0.481794
2025-08-26T03:49:35Z - INFO - [train_model] Epoch 053 | train (price) MSE=0.000402 MAE=0.014558 RMSE=0.020046 | val (price) MSE=0.000460 MAE=0.014966 RMSE=0.021452
2025-08-26T03:49:35Z - INFO - [train_model] New best (price) val MSE=0.000460 at epoch 53; saved → /home/tbfs/Projects/finBert/output/20250825-234900/saved_weights/EWI/EWI_best-epoch053.pt
2025-08-26T03:49:36Z - INFO - [train_model] Epoch 054 | train (scaled) MSE: mean=0.012714 med=0.004062 std=0.027852 min=0.000000 max=0.265955 | val (scaled) MSE: mean=0.014427 med=0.004905 std=0.054263 min=0.000000 max=0.483316
2025-08-26T03:49:36Z - INFO - [train_model] Epoch 054 | train (price) MSE=0.000406 MAE=0.014642 RMSE=0.020141 | val (price) MSE=0.000460 MAE=0.014961 RMSE=0.021456
2025-08-26T03:49:37Z - INFO - [train_model] Epoch 055 | train (scaled) MSE: mean=0.012680 med=0.004110 std=0.027972 min=0.000000 max=0.271771 | val (scaled) MSE: mean=0.014426 med=0.004891 std=0.054266 min=0.000000 max=0.483344
2025-08-26T03:49:37Z - INFO - [train_model] Epoch 055 | train (price) MSE=0.000405 MAE=0.014642 RMSE=0.020115 | val (price) MSE=0.000460 MAE=0.014961 RMSE=0.021455
2025-08-26T03:49:37Z - INFO - [train_model] Epoch 056 | train (scaled) MSE: mean=0.012641 med=0.004241 std=0.027846 min=0.000000 max=0.272118 | val (scaled) MSE: mean=0.014430 med=0.004942 std=0.054276 min=0.000000 max=0.483424
2025-08-26T03:49:37Z - INFO - [train_model] Epoch 056 | train (price) MSE=0.000403 MAE=0.014636 RMSE=0.020083 | val (price) MSE=0.000460 MAE=0.014962 RMSE=0.021458
2025-08-26T03:49:38Z - INFO - [train_model] Epoch 057 | train (scaled) MSE: mean=0.012668 med=0.004161 std=0.027816 min=0.000000 max=0.272482 | val (scaled) MSE: mean=0.014432 med=0.005032 std=0.054215 min=0.000000 max=0.482877
2025-08-26T03:49:38Z - INFO - [train_model] Epoch 057 | train (price) MSE=0.000404 MAE=0.014640 RMSE=0.020105 | val (price) MSE=0.000461 MAE=0.014967 RMSE=0.021459
2025-08-26T03:49:38Z - INFO - [train_model] Epoch 058 | train (scaled) MSE: mean=0.012670 med=0.004145 std=0.028056 min=0.000000 max=0.274111 | val (scaled) MSE: mean=0.014435 med=0.005121 std=0.054163 min=0.000001 max=0.482405
2025-08-26T03:49:38Z - INFO - [train_model] Epoch 058 | train (price) MSE=0.000404 MAE=0.014648 RMSE=0.020107 | val (price) MSE=0.000461 MAE=0.014969 RMSE=0.021462
2025-08-26T03:49:39Z - INFO - [train_model] Epoch 059 | train (scaled) MSE: mean=0.012559 med=0.004030 std=0.027656 min=0.000000 max=0.258295 | val (scaled) MSE: mean=0.014440 med=0.005033 std=0.054297 min=0.000000 max=0.483609
2025-08-26T03:49:39Z - INFO - [train_model] Epoch 059 | train (price) MSE=0.000401 MAE=0.014559 RMSE=0.020019 | val (price) MSE=0.000461 MAE=0.014966 RMSE=0.021465
2025-08-26T03:49:39Z - INFO - [train_model] Epoch 060 | train (scaled) MSE: mean=0.012620 med=0.004214 std=0.028045 min=0.000000 max=0.283527 | val (scaled) MSE: mean=0.014434 med=0.004922 std=0.054337 min=0.000000 max=0.483974
2025-08-26T03:49:39Z - INFO - [train_model] Epoch 060 | train (price) MSE=0.000403 MAE=0.014591 RMSE=0.020067 | val (price) MSE=0.000461 MAE=0.014964 RMSE=0.021460
2025-08-26T03:49:40Z - INFO - [train_model] Epoch 061 | train (scaled) MSE: mean=0.012677 med=0.004212 std=0.027884 min=0.000000 max=0.273483 | val (scaled) MSE: mean=0.014436 med=0.004931 std=0.054360 min=0.000000 max=0.484178
2025-08-26T03:49:40Z - INFO - [train_model] Epoch 061 | train (price) MSE=0.000404 MAE=0.014653 RMSE=0.020112 | val (price) MSE=0.000461 MAE=0.014964 RMSE=0.021462
2025-08-26T03:49:41Z - INFO - [train_model] Epoch 062 | train (scaled) MSE: mean=0.012631 med=0.004130 std=0.027778 min=0.000000 max=0.271185 | val (scaled) MSE: mean=0.014444 med=0.004961 std=0.054420 min=0.000000 max=0.484710
2025-08-26T03:49:41Z - INFO - [train_model] Epoch 062 | train (price) MSE=0.000403 MAE=0.014580 RMSE=0.020076 | val (price) MSE=0.000461 MAE=0.014966 RMSE=0.021468
2025-08-26T03:49:41Z - INFO - [train_model] Epoch 063 | train (scaled) MSE: mean=0.012612 med=0.004139 std=0.027869 min=0.000000 max=0.274066 | val (scaled) MSE: mean=0.014436 med=0.004968 std=0.054324 min=0.000000 max=0.483861
2025-08-26T03:49:41Z - INFO - [train_model] Epoch 063 | train (price) MSE=0.000402 MAE=0.014570 RMSE=0.020060 | val (price) MSE=0.000461 MAE=0.014965 RMSE=0.021462
2025-08-26T03:49:42Z - INFO - [train_model] Epoch 064 | train (scaled) MSE: mean=0.012674 med=0.004092 std=0.027776 min=0.000000 max=0.273545 | val (scaled) MSE: mean=0.014458 med=0.004861 std=0.054681 min=0.000003 max=0.487050
2025-08-26T03:49:42Z - INFO - [train_model] Epoch 064 | train (price) MSE=0.000404 MAE=0.014644 RMSE=0.020110 | val (price) MSE=0.000461 MAE=0.014967 RMSE=0.021478
2025-08-26T03:49:42Z - INFO - [train_model] Epoch 065 | train (scaled) MSE: mean=0.012608 med=0.004119 std=0.027716 min=0.000000 max=0.273139 | val (scaled) MSE: mean=0.014445 med=0.004956 std=0.054439 min=0.000001 max=0.484889
2025-08-26T03:49:42Z - INFO - [train_model] Epoch 065 | train (price) MSE=0.000402 MAE=0.014618 RMSE=0.020057 | val (price) MSE=0.000461 MAE=0.014968 RMSE=0.021469
2025-08-26T03:49:43Z - INFO - [train_model] Epoch 066 | train (scaled) MSE: mean=0.012647 med=0.004172 std=0.027921 min=0.000000 max=0.274313 | val (scaled) MSE: mean=0.014429 med=0.005093 std=0.054128 min=0.000001 max=0.482105
2025-08-26T03:49:43Z - INFO - [train_model] Epoch 066 | train (price) MSE=0.000404 MAE=0.014633 RMSE=0.020088 | val (price) MSE=0.000460 MAE=0.014971 RMSE=0.021457
2025-08-26T03:49:43Z - INFO - [train_model] Epoch 067 | train (scaled) MSE: mean=0.012568 med=0.004101 std=0.027712 min=0.000001 max=0.274447 | val (scaled) MSE: mean=0.014438 med=0.005128 std=0.054219 min=0.000000 max=0.482912
2025-08-26T03:49:43Z - INFO - [train_model] Epoch 067 | train (price) MSE=0.000401 MAE=0.014566 RMSE=0.020025 | val (price) MSE=0.000461 MAE=0.014970 RMSE=0.021464
2025-08-26T03:49:44Z - INFO - [train_model] Epoch 068 | train (scaled) MSE: mean=0.012629 med=0.004164 std=0.027906 min=0.000000 max=0.274588 | val (scaled) MSE: mean=0.014434 med=0.004948 std=0.054326 min=0.000000 max=0.483887
2025-08-26T03:49:44Z - INFO - [train_model] Epoch 068 | train (price) MSE=0.000403 MAE=0.014564 RMSE=0.020074 | val (price) MSE=0.000461 MAE=0.014968 RMSE=0.021461
2025-08-26T03:49:45Z - INFO - [train_model] Epoch 069 | train (scaled) MSE: mean=0.012649 med=0.004069 std=0.027796 min=0.000000 max=0.273798 | val (scaled) MSE: mean=0.014432 med=0.005056 std=0.054205 min=0.000000 max=0.482796
2025-08-26T03:49:45Z - INFO - [train_model] Epoch 069 | train (price) MSE=0.000404 MAE=0.014633 RMSE=0.020090 | val (price) MSE=0.000460 MAE=0.014970 RMSE=0.021459
2025-08-26T03:49:45Z - INFO - [train_model] Epoch 070 | train (scaled) MSE: mean=0.012616 med=0.004284 std=0.027771 min=0.000000 max=0.273423 | val (scaled) MSE: mean=0.014454 med=0.004888 std=0.054590 min=0.000003 max=0.486237
2025-08-26T03:49:45Z - INFO - [train_model] Epoch 070 | train (price) MSE=0.000403 MAE=0.014604 RMSE=0.020063 | val (price) MSE=0.000461 MAE=0.014969 RMSE=0.021475
2025-08-26T03:49:46Z - INFO - [train_model] Epoch 071 | train (scaled) MSE: mean=0.012669 med=0.004129 std=0.027915 min=0.000000 max=0.273268 | val (scaled) MSE: mean=0.014441 med=0.005165 std=0.054186 min=0.000001 max=0.482610
2025-08-26T03:49:46Z - INFO - [train_model] Epoch 071 | train (price) MSE=0.000404 MAE=0.014621 RMSE=0.020106 | val (price) MSE=0.000461 MAE=0.014972 RMSE=0.021466
2025-08-26T03:49:46Z - INFO - [train_model] Epoch 072 | train (scaled) MSE: mean=0.012668 med=0.004146 std=0.027941 min=0.000000 max=0.270902 | val (scaled) MSE: mean=0.014449 med=0.005099 std=0.054354 min=0.000000 max=0.484112
2025-08-26T03:49:46Z - INFO - [train_model] Epoch 072 | train (price) MSE=0.000404 MAE=0.014632 RMSE=0.020105 | val (price) MSE=0.000461 MAE=0.014971 RMSE=0.021472
2025-08-26T03:49:47Z - INFO - [train_model] Epoch 073 | train (scaled) MSE: mean=0.012669 med=0.004135 std=0.027907 min=0.000000 max=0.272137 | val (scaled) MSE: mean=0.014465 med=0.004891 std=0.054723 min=0.000002 max=0.487420
2025-08-26T03:49:47Z - INFO - [train_model] Epoch 073 | train (price) MSE=0.000404 MAE=0.014629 RMSE=0.020105 | val (price) MSE=0.000462 MAE=0.014970 RMSE=0.021484
2025-08-26T03:49:47Z - INFO - [train_model] Epoch 074 | train (scaled) MSE: mean=0.012732 med=0.004071 std=0.027975 min=0.000000 max=0.270144 | val (scaled) MSE: mean=0.014445 med=0.005095 std=0.054312 min=0.000000 max=0.483735
2025-08-26T03:49:47Z - INFO - [train_model] Epoch 074 | train (price) MSE=0.000406 MAE=0.014673 RMSE=0.020155 | val (price) MSE=0.000461 MAE=0.014970 RMSE=0.021469
2025-08-26T03:49:48Z - INFO - [train_model] Epoch 075 | train (scaled) MSE: mean=0.012615 med=0.004074 std=0.027903 min=0.000000 max=0.272419 | val (scaled) MSE: mean=0.014466 med=0.004968 std=0.054649 min=0.000003 max=0.486750
2025-08-26T03:49:48Z - INFO - [train_model] Epoch 075 | train (price) MSE=0.000403 MAE=0.014574 RMSE=0.020063 | val (price) MSE=0.000462 MAE=0.014972 RMSE=0.021484
2025-08-26T03:49:49Z - INFO - [train_model] Epoch 076 | train (scaled) MSE: mean=0.012496 med=0.004105 std=0.027575 min=0.000000 max=0.272135 | val (scaled) MSE: mean=0.014456 med=0.005021 std=0.054502 min=0.000001 max=0.485438
2025-08-26T03:49:49Z - INFO - [train_model] Epoch 076 | train (price) MSE=0.000399 MAE=0.014481 RMSE=0.019968 | val (price) MSE=0.000461 MAE=0.014971 RMSE=0.021477
2025-08-26T03:49:49Z - INFO - [train_model] Epoch 077 | train (scaled) MSE: mean=0.012697 med=0.004171 std=0.027963 min=0.000000 max=0.272240 | val (scaled) MSE: mean=0.014479 med=0.004959 std=0.054763 min=0.000003 max=0.487754
2025-08-26T03:49:49Z - INFO - [train_model] Epoch 077 | train (price) MSE=0.000405 MAE=0.014664 RMSE=0.020128 | val (price) MSE=0.000462 MAE=0.014973 RMSE=0.021494
2025-08-26T03:49:50Z - INFO - [train_model] Epoch 078 | train (scaled) MSE: mean=0.012581 med=0.004135 std=0.027875 min=0.000000 max=0.270466 | val (scaled) MSE: mean=0.014462 med=0.004919 std=0.054635 min=0.000003 max=0.486628
2025-08-26T03:49:50Z - INFO - [train_model] Epoch 078 | train (price) MSE=0.000401 MAE=0.014595 RMSE=0.020036 | val (price) MSE=0.000461 MAE=0.014972 RMSE=0.021482
2025-08-26T03:49:50Z - INFO - [train_model] Epoch 079 | train (scaled) MSE: mean=0.012614 med=0.004170 std=0.027600 min=0.000000 max=0.258990 | val (scaled) MSE: mean=0.014465 med=0.004952 std=0.054642 min=0.000003 max=0.486690
2025-08-26T03:49:50Z - INFO - [train_model] Epoch 079 | train (price) MSE=0.000402 MAE=0.014614 RMSE=0.020062 | val (price) MSE=0.000462 MAE=0.014973 RMSE=0.021484
2025-08-26T03:49:51Z - INFO - [train_model] Epoch 080 | train (scaled) MSE: mean=0.012621 med=0.004104 std=0.027851 min=0.000000 max=0.271914 | val (scaled) MSE: mean=0.014458 med=0.005002 std=0.054518 min=0.000001 max=0.485581
2025-08-26T03:49:51Z - INFO - [train_model] Epoch 080 | train (price) MSE=0.000403 MAE=0.014600 RMSE=0.020068 | val (price) MSE=0.000461 MAE=0.014971 RMSE=0.021479
2025-08-26T03:49:51Z - INFO - [train_model] Epoch 081 | train (scaled) MSE: mean=0.012678 med=0.004225 std=0.027679 min=0.000000 max=0.266225 | val (scaled) MSE: mean=0.014462 med=0.005092 std=0.054472 min=0.000000 max=0.485161
2025-08-26T03:49:51Z - INFO - [train_model] Epoch 081 | train (price) MSE=0.000405 MAE=0.014651 RMSE=0.020113 | val (price) MSE=0.000461 MAE=0.014972 RMSE=0.021481
2025-08-26T03:49:52Z - INFO - [train_model] Epoch 082 | train (scaled) MSE: mean=0.012687 med=0.004452 std=0.027991 min=0.000000 max=0.261771 | val (scaled) MSE: mean=0.014467 med=0.005026 std=0.054587 min=0.000001 max=0.486190
2025-08-26T03:49:52Z - INFO - [train_model] Epoch 082 | train (price) MSE=0.000405 MAE=0.014672 RMSE=0.020120 | val (price) MSE=0.000462 MAE=0.014973 RMSE=0.021485
2025-08-26T03:49:52Z - INFO - [train_model] Epoch 083 | train (scaled) MSE: mean=0.012598 med=0.004181 std=0.027901 min=0.000000 max=0.257535 | val (scaled) MSE: mean=0.014461 med=0.005051 std=0.054499 min=0.000000 max=0.485402
2025-08-26T03:49:52Z - INFO - [train_model] Epoch 083 | train (price) MSE=0.000402 MAE=0.014566 RMSE=0.020049 | val (price) MSE=0.000461 MAE=0.014972 RMSE=0.021480
2025-08-26T03:49:53Z - INFO - [train_model] Epoch 084 | train (scaled) MSE: mean=0.012661 med=0.004193 std=0.027934 min=0.000000 max=0.271356 | val (scaled) MSE: mean=0.014464 med=0.005005 std=0.054570 min=0.000001 max=0.486035
2025-08-26T03:49:53Z - INFO - [train_model] Epoch 084 | train (price) MSE=0.000404 MAE=0.014641 RMSE=0.020099 | val (price) MSE=0.000462 MAE=0.014972 RMSE=0.021483
2025-08-26T03:49:54Z - INFO - [train_model] Epoch 085 | train (scaled) MSE: mean=0.012599 med=0.004193 std=0.027894 min=0.000000 max=0.271080 | val (scaled) MSE: mean=0.014463 med=0.005101 std=0.054485 min=0.000000 max=0.485278
2025-08-26T03:49:54Z - INFO - [train_model] Epoch 085 | train (price) MSE=0.000402 MAE=0.014585 RMSE=0.020050 | val (price) MSE=0.000462 MAE=0.014973 RMSE=0.021483
2025-08-26T03:49:54Z - INFO - [train_model] Epoch 086 | train (scaled) MSE: mean=0.012650 med=0.004204 std=0.027951 min=0.000000 max=0.271069 | val (scaled) MSE: mean=0.014466 med=0.005054 std=0.054545 min=0.000001 max=0.485810
2025-08-26T03:49:54Z - INFO - [train_model] Epoch 086 | train (price) MSE=0.000404 MAE=0.014614 RMSE=0.020091 | val (price) MSE=0.000462 MAE=0.014973 RMSE=0.021484
2025-08-26T03:49:55Z - INFO - [train_model] Epoch 087 | train (scaled) MSE: mean=0.012629 med=0.004231 std=0.027677 min=0.000001 max=0.261616 | val (scaled) MSE: mean=0.014464 med=0.005024 std=0.054549 min=0.000001 max=0.485849
2025-08-26T03:49:55Z - INFO - [train_model] Epoch 087 | train (price) MSE=0.000403 MAE=0.014637 RMSE=0.020074 | val (price) MSE=0.000462 MAE=0.014972 RMSE=0.021483
2025-08-26T03:49:55Z - INFO - [train_model] Epoch 088 | train (scaled) MSE: mean=0.012633 med=0.004166 std=0.027863 min=0.000000 max=0.271054 | val (scaled) MSE: mean=0.014471 med=0.005083 std=0.054568 min=0.000001 max=0.486008
2025-08-26T03:49:55Z - INFO - [train_model] Epoch 088 | train (price) MSE=0.000403 MAE=0.014609 RMSE=0.020077 | val (price) MSE=0.000462 MAE=0.014974 RMSE=0.021488
2025-08-26T03:49:56Z - INFO - [train_model] Epoch 089 | train (scaled) MSE: mean=0.012591 med=0.004178 std=0.027835 min=0.000000 max=0.269753 | val (scaled) MSE: mean=0.014470 med=0.005023 std=0.054612 min=0.000001 max=0.486409
2025-08-26T03:49:56Z - INFO - [train_model] Epoch 089 | train (price) MSE=0.000402 MAE=0.014581 RMSE=0.020044 | val (price) MSE=0.000462 MAE=0.014973 RMSE=0.021488
2025-08-26T03:49:56Z - INFO - [train_model] Epoch 090 | train (scaled) MSE: mean=0.012609 med=0.004116 std=0.027760 min=0.000000 max=0.270802 | val (scaled) MSE: mean=0.014472 med=0.005022 std=0.054623 min=0.000001 max=0.486506
2025-08-26T03:49:56Z - INFO - [train_model] Epoch 090 | train (price) MSE=0.000402 MAE=0.014592 RMSE=0.020058 | val (price) MSE=0.000462 MAE=0.014973 RMSE=0.021489
2025-08-26T03:49:57Z - INFO - [train_model] Epoch 091 | train (scaled) MSE: mean=0.012667 med=0.004111 std=0.027889 min=0.000000 max=0.270294 | val (scaled) MSE: mean=0.014477 med=0.004968 std=0.054722 min=0.000003 max=0.487388
2025-08-26T03:49:57Z - INFO - [train_model] Epoch 091 | train (price) MSE=0.000404 MAE=0.014631 RMSE=0.020104 | val (price) MSE=0.000462 MAE=0.014974 RMSE=0.021492
2025-08-26T03:49:58Z - INFO - [train_model] Epoch 092 | train (scaled) MSE: mean=0.012552 med=0.004088 std=0.027681 min=0.000000 max=0.262026 | val (scaled) MSE: mean=0.014468 med=0.005022 std=0.054586 min=0.000001 max=0.486180
2025-08-26T03:49:58Z - INFO - [train_model] Epoch 092 | train (price) MSE=0.000401 MAE=0.014562 RMSE=0.020013 | val (price) MSE=0.000462 MAE=0.014974 RMSE=0.021486
2025-08-26T03:49:58Z - INFO - [train_model] Epoch 093 | train (scaled) MSE: mean=0.012663 med=0.004164 std=0.028048 min=0.000000 max=0.271458 | val (scaled) MSE: mean=0.014476 med=0.004914 std=0.054757 min=0.000003 max=0.487711
2025-08-26T03:49:58Z - INFO - [train_model] Epoch 093 | train (price) MSE=0.000404 MAE=0.014629 RMSE=0.020101 | val (price) MSE=0.000462 MAE=0.014972 RMSE=0.021492
2025-08-26T03:49:58Z - INFO - [train_model] Early stopping at epoch 93 (best price val MSE=0.000460 @ epoch 53)
2025-08-26T03:49:58Z - INFO - [visualize_full_prediction] Saved full prediction plot for EWI to output/20250825-234900/plots/EWI_tabmlp_full_returns_prediction.png
2025-08-26T03:49:59Z - INFO - [visualize_sentiment] Saved sentiment plot for EWI to output/20250825-234900/plots/EWI_sentiment.png
2025-08-26T03:49:59Z - INFO - [train] [EWI] Test (price) MSE=0.000285 | MAE=0.012371 | RMSE=0.016883 (scaled MSE=0.008933)
2025-08-26T03:49:59Z - INFO - [train] [EWI] Final (price) Train MSE=0.000404 | Val MSE=0.000462 (scaled Train MSE=0.012663 | Val MSE=0.014476)
2025-08-26T03:49:59Z - INFO - [train] [EWI] Best epoch=53 | Best (price) Train MSE=0.000402 | Best (price) Val MSE=0.000460 | Saved at=/home/tbfs/Projects/finBert/output/20250825-234900/saved_weights/EWI/EWI_best-epoch053.pt
2025-08-26T03:49:59Z - INFO - [train] Wrote evaluation summary → output/20250825-234900/evaluation.json
