2025-08-26T11:57:31Z - INFO - [Pipeline::__init__] Loaded news dataframe with columns=['title', 'date', 'stock'] shape=(1277896, 3).
2025-08-26T11:57:31Z - INFO - [SentimentGenerator::_load] Loaded precomputed sentiment from /home/tbfs/Projects/finBert/output/20250823-140342/sentiment_daily.csv
2025-08-26T11:57:31Z - INFO - [train] Training predictor for ticker: BMY
2025-08-26T11:57:31Z - INFO - [train] Loaded prices for BMY with columns=['date', 'open', 'high', 'low', 'close', 'adj close', 'volume'] shape=(2516, 7).
2025-08-26T11:57:31Z - INFO - [SequenceDataset::__init__] len(self.valid_indices)=741 out of len(df)=2515 samples are valid for lookback=60 with sentiment_col=SentimentScore
2025-08-26T11:57:31Z - INFO - [SequenceDataset::__init__] len(self.valid_indices)=83 out of len(df)=2515 samples are valid for lookback=60 with sentiment_col=SentimentScore
2025-08-26T11:57:31Z - INFO - [SequenceDataset::__init__] len(self.valid_indices)=92 out of len(df)=2515 samples are valid for lookback=60 with sentiment_col=SentimentScore
2025-08-26T11:57:32Z - INFO - [train_model] Epoch 001 | train (scaled) MSE: mean=0.002269 med=0.000463 std=0.005793 min=0.000000 max=0.082563 | val (scaled) MSE: mean=0.018577 med=0.018450 std=0.015800 min=0.000000 max=0.048644
2025-08-26T11:57:32Z - INFO - [train_model] Epoch 001 | train (price) MSE=5.779987 MAE=1.651863 RMSE=2.404160 | val (price) MSE=47.324403 MAE=5.755776 RMSE=6.879273
2025-08-26T11:57:32Z - INFO - [train_model] New best (price) val MSE=47.324403 at epoch 1; saved → /home/tbfs/Projects/finBert/output/20250826-075726/saved_weights/BMY/BMY_best-epoch001.pt
2025-08-26T11:57:33Z - INFO - [train_model] Epoch 002 | train (scaled) MSE: mean=0.002746 med=0.000780 std=0.006293 min=0.000000 max=0.082057 | val (scaled) MSE: mean=0.020610 med=0.021733 std=0.017401 min=0.000000 max=0.053608
2025-08-26T11:57:33Z - INFO - [train_model] Epoch 002 | train (price) MSE=6.995653 MAE=1.897855 RMSE=2.644930 | val (price) MSE=52.504486 MAE=6.048418 RMSE=7.245998
2025-08-26T11:57:33Z - INFO - [train_model] Epoch 003 | train (scaled) MSE: mean=0.002470 med=0.000828 std=0.005659 min=0.000000 max=0.078907 | val (scaled) MSE: mean=0.019431 med=0.020328 std=0.016269 min=0.000000 max=0.051478
2025-08-26T11:57:33Z - INFO - [train_model] Epoch 003 | train (price) MSE=6.291323 MAE=1.825656 RMSE=2.508251 | val (price) MSE=49.499476 MAE=5.875195 RMSE=7.035586
2025-08-26T11:57:34Z - INFO - [train_model] Epoch 004 | train (scaled) MSE: mean=0.002607 med=0.000775 std=0.005823 min=0.000000 max=0.085126 | val (scaled) MSE: mean=0.016405 med=0.017247 std=0.013330 min=0.000071 max=0.045657
2025-08-26T11:57:34Z - INFO - [train_model] Epoch 004 | train (price) MSE=6.641365 MAE=1.888233 RMSE=2.577085 | val (price) MSE=41.791597 MAE=5.548293 RMSE=6.464642
2025-08-26T11:57:34Z - INFO - [train_model] New best (price) val MSE=41.791597 at epoch 4; saved → /home/tbfs/Projects/finBert/output/20250826-075726/saved_weights/BMY/BMY_best-epoch004.pt
2025-08-26T11:57:35Z - INFO - [train_model] Epoch 005 | train (scaled) MSE: mean=0.002533 med=0.000810 std=0.006042 min=0.000000 max=0.085101 | val (scaled) MSE: mean=0.014597 med=0.014039 std=0.011618 min=0.000002 max=0.042743
2025-08-26T11:57:35Z - INFO - [train_model] Epoch 005 | train (price) MSE=6.452410 MAE=1.859199 RMSE=2.540160 | val (price) MSE=37.185694 MAE=5.312066 RMSE=6.098007
2025-08-26T11:57:35Z - INFO - [train_model] New best (price) val MSE=37.185694 at epoch 5; saved → /home/tbfs/Projects/finBert/output/20250826-075726/saved_weights/BMY/BMY_best-epoch005.pt
2025-08-26T11:57:36Z - INFO - [train_model] Epoch 006 | train (scaled) MSE: mean=0.003136 med=0.000844 std=0.006614 min=0.000000 max=0.059613 | val (scaled) MSE: mean=0.019134 med=0.020173 std=0.015671 min=0.000001 max=0.058811
2025-08-26T11:57:36Z - INFO - [train_model] Epoch 006 | train (price) MSE=7.989554 MAE=2.040149 RMSE=2.826580 | val (price) MSE=48.742612 MAE=5.943881 RMSE=6.981591
2025-08-26T11:57:36Z - INFO - [train_model] Epoch 007 | train (scaled) MSE: mean=0.002393 med=0.000686 std=0.005938 min=0.000000 max=0.079714 | val (scaled) MSE: mean=0.015166 med=0.015079 std=0.012130 min=0.000006 max=0.044172
2025-08-26T11:57:36Z - INFO - [train_model] Epoch 007 | train (price) MSE=6.096406 MAE=1.768739 RMSE=2.469090 | val (price) MSE=38.635459 MAE=5.388234 RMSE=6.215743
2025-08-26T11:57:37Z - INFO - [train_model] Epoch 008 | train (scaled) MSE: mean=0.002488 med=0.000718 std=0.006029 min=0.000000 max=0.079087 | val (scaled) MSE: mean=0.018486 med=0.019301 std=0.015170 min=0.000000 max=0.056148
2025-08-26T11:57:37Z - INFO - [train_model] Epoch 008 | train (price) MSE=6.338661 MAE=1.826433 RMSE=2.517670 | val (price) MSE=47.092588 MAE=5.814903 RMSE=6.862404
2025-08-26T11:57:38Z - INFO - [train_model] Epoch 009 | train (scaled) MSE: mean=0.002821 med=0.000739 std=0.006129 min=0.000000 max=0.061950 | val (scaled) MSE: mean=0.018300 med=0.019596 std=0.015076 min=0.000000 max=0.052014
2025-08-26T11:57:38Z - INFO - [train_model] Epoch 009 | train (price) MSE=7.187079 MAE=1.923489 RMSE=2.680873 | val (price) MSE=46.618391 MAE=5.749952 RMSE=6.827766
2025-08-26T11:57:39Z - INFO - [train_model] Epoch 010 | train (scaled) MSE: mean=0.002789 med=0.000700 std=0.006569 min=0.000000 max=0.078126 | val (scaled) MSE: mean=0.014984 med=0.014886 std=0.012125 min=0.000001 max=0.046410
2025-08-26T11:57:39Z - INFO - [train_model] Epoch 010 | train (price) MSE=7.103891 MAE=1.893844 RMSE=2.665313 | val (price) MSE=38.170388 MAE=5.345645 RMSE=6.178219
2025-08-26T11:57:39Z - INFO - [train_model] Epoch 011 | train (scaled) MSE: mean=0.003289 med=0.000787 std=0.007085 min=0.000000 max=0.062991 | val (scaled) MSE: mean=0.015911 med=0.016306 std=0.012892 min=0.000008 max=0.050377
2025-08-26T11:57:39Z - INFO - [train_model] Epoch 011 | train (price) MSE=8.378097 MAE=2.049964 RMSE=2.894494 | val (price) MSE=40.531822 MAE=5.485416 RMSE=6.366461
2025-08-26T11:57:40Z - INFO - [train_model] Epoch 012 | train (scaled) MSE: mean=0.002812 med=0.000841 std=0.006107 min=0.000000 max=0.077800 | val (scaled) MSE: mean=0.015258 med=0.015520 std=0.012502 min=0.000002 max=0.049907
2025-08-26T11:57:40Z - INFO - [train_model] Epoch 012 | train (price) MSE=7.162556 MAE=1.962740 RMSE=2.676295 | val (price) MSE=38.869430 MAE=5.365063 RMSE=6.234535
2025-08-26T11:57:41Z - INFO - [train_model] Epoch 013 | train (scaled) MSE: mean=0.002695 med=0.000649 std=0.006318 min=0.000000 max=0.068523 | val (scaled) MSE: mean=0.014879 med=0.014818 std=0.011928 min=0.000000 max=0.045545
2025-08-26T11:57:41Z - INFO - [train_model] Epoch 013 | train (price) MSE=6.864819 MAE=1.836919 RMSE=2.620080 | val (price) MSE=37.904656 MAE=5.339234 RMSE=6.156676
2025-08-26T11:57:42Z - INFO - [train_model] Epoch 014 | train (scaled) MSE: mean=0.003797 med=0.000569 std=0.008870 min=0.000000 max=0.074835 | val (scaled) MSE: mean=0.020034 med=0.021594 std=0.016347 min=0.000001 max=0.061095
2025-08-26T11:57:42Z - INFO - [train_model] Epoch 014 | train (price) MSE=9.672485 MAE=2.058878 RMSE=3.110062 | val (price) MSE=51.036398 MAE=6.089686 RMSE=7.143976
2025-08-26T11:57:42Z - INFO - [train_model] Epoch 015 | train (scaled) MSE: mean=0.003371 med=0.000783 std=0.007045 min=0.000000 max=0.072025 | val (scaled) MSE: mean=0.017963 med=0.019151 std=0.014555 min=0.000003 max=0.056040
2025-08-26T11:57:42Z - INFO - [train_model] Epoch 015 | train (price) MSE=8.587267 MAE=2.080526 RMSE=2.930404 | val (price) MSE=45.759483 MAE=5.772643 RMSE=6.764576
2025-08-26T11:57:43Z - INFO - [train_model] Epoch 016 | train (scaled) MSE: mean=0.002905 med=0.000592 std=0.006760 min=0.000000 max=0.073912 | val (scaled) MSE: mean=0.015554 med=0.015986 std=0.012796 min=0.000002 max=0.051925
2025-08-26T11:57:43Z - INFO - [train_model] Epoch 016 | train (price) MSE=7.400440 MAE=1.871807 RMSE=2.720375 | val (price) MSE=39.622344 MAE=5.403049 RMSE=6.294628
2025-08-26T11:57:44Z - INFO - [train_model] Epoch 017 | train (scaled) MSE: mean=0.003191 med=0.000688 std=0.007214 min=0.000000 max=0.072274 | val (scaled) MSE: mean=0.017824 med=0.018832 std=0.014407 min=0.000001 max=0.055477
2025-08-26T11:57:44Z - INFO - [train_model] Epoch 017 | train (price) MSE=8.128535 MAE=1.953033 RMSE=2.851059 | val (price) MSE=45.406756 MAE=5.762426 RMSE=6.738454
2025-08-26T11:57:44Z - INFO - [train_model] Epoch 018 | train (scaled) MSE: mean=0.003103 med=0.000644 std=0.006956 min=0.000000 max=0.075405 | val (scaled) MSE: mean=0.018280 med=0.018833 std=0.015113 min=0.000000 max=0.056731
2025-08-26T11:57:44Z - INFO - [train_model] Epoch 018 | train (price) MSE=7.904124 MAE=1.924900 RMSE=2.811427 | val (price) MSE=46.567444 MAE=5.793145 RMSE=6.824034
2025-08-26T11:57:45Z - INFO - [train_model] Epoch 019 | train (scaled) MSE: mean=0.003133 med=0.000546 std=0.007170 min=0.000000 max=0.076411 | val (scaled) MSE: mean=0.017580 med=0.018271 std=0.014395 min=0.000000 max=0.055792
2025-08-26T11:57:45Z - INFO - [train_model] Epoch 019 | train (price) MSE=7.981431 MAE=1.905382 RMSE=2.825143 | val (price) MSE=44.785276 MAE=5.704204 RMSE=6.692180
2025-08-26T11:57:46Z - INFO - [train_model] Epoch 020 | train (scaled) MSE: mean=0.002578 med=0.000520 std=0.006157 min=0.000000 max=0.065461 | val (scaled) MSE: mean=0.016680 med=0.018232 std=0.013343 min=0.000005 max=0.050342
2025-08-26T11:57:46Z - INFO - [train_model] Epoch 020 | train (price) MSE=6.568449 MAE=1.746274 RMSE=2.562899 | val (price) MSE=42.491472 MAE=5.599074 RMSE=6.518548
2025-08-26T11:57:47Z - INFO - [train_model] Epoch 021 | train (scaled) MSE: mean=0.003071 med=0.000610 std=0.007094 min=0.000000 max=0.067322 | val (scaled) MSE: mean=0.017417 med=0.018195 std=0.014150 min=0.000000 max=0.054710
2025-08-26T11:57:47Z - INFO - [train_model] Epoch 021 | train (price) MSE=7.823219 MAE=1.892422 RMSE=2.797002 | val (price) MSE=44.369694 MAE=5.681588 RMSE=6.661058
2025-08-26T11:57:47Z - INFO - [train_model] Epoch 022 | train (scaled) MSE: mean=0.003754 med=0.000600 std=0.008937 min=0.000000 max=0.068090 | val (scaled) MSE: mean=0.017951 med=0.019033 std=0.014567 min=0.000000 max=0.056474
2025-08-26T11:57:47Z - INFO - [train_model] Epoch 022 | train (price) MSE=9.562741 MAE=2.043241 RMSE=3.092368 | val (price) MSE=45.728712 MAE=5.774192 RMSE=6.762301
2025-08-26T11:57:48Z - INFO - [train_model] Epoch 023 | train (scaled) MSE: mean=0.003828 med=0.000518 std=0.009438 min=0.000000 max=0.069178 | val (scaled) MSE: mean=0.020097 med=0.021481 std=0.016349 min=0.000001 max=0.061271
2025-08-26T11:57:48Z - INFO - [train_model] Epoch 023 | train (price) MSE=9.750496 MAE=2.028432 RMSE=3.122578 | val (price) MSE=51.197321 MAE=6.145190 RMSE=7.155230
2025-08-26T11:57:49Z - INFO - [train_model] Epoch 024 | train (scaled) MSE: mean=0.002252 med=0.000529 std=0.006153 min=0.000000 max=0.078846 | val (scaled) MSE: mean=0.014984 med=0.015789 std=0.012394 min=0.000000 max=0.046731
2025-08-26T11:57:49Z - INFO - [train_model] Epoch 024 | train (price) MSE=5.738011 MAE=1.644516 RMSE=2.395415 | val (price) MSE=38.170964 MAE=5.269428 RMSE=6.178265
2025-08-26T11:57:49Z - INFO - [train_model] Epoch 025 | train (scaled) MSE: mean=0.002852 med=0.000504 std=0.007029 min=0.000000 max=0.075896 | val (scaled) MSE: mean=0.014313 med=0.014183 std=0.011523 min=0.000006 max=0.043882
2025-08-26T11:57:49Z - INFO - [train_model] Epoch 025 | train (price) MSE=7.265325 MAE=1.807961 RMSE=2.695427 | val (price) MSE=36.462276 MAE=5.229695 RMSE=6.038400
2025-08-26T11:57:49Z - INFO - [train_model] New best (price) val MSE=36.462276 at epoch 25; saved → /home/tbfs/Projects/finBert/output/20250826-075726/saved_weights/BMY/BMY_best-epoch025.pt
2025-08-26T11:57:50Z - INFO - [train_model] Epoch 026 | train (scaled) MSE: mean=0.002961 med=0.000677 std=0.006487 min=0.000000 max=0.060317 | val (scaled) MSE: mean=0.016716 med=0.017576 std=0.013625 min=0.000000 max=0.053451
2025-08-26T11:57:50Z - INFO - [train_model] Epoch 026 | train (price) MSE=7.543004 MAE=1.920107 RMSE=2.746453 | val (price) MSE=42.584240 MAE=5.574155 RMSE=6.525660
2025-08-26T11:57:51Z - INFO - [train_model] Epoch 027 | train (scaled) MSE: mean=0.003082 med=0.000528 std=0.007356 min=0.000000 max=0.070735 | val (scaled) MSE: mean=0.017727 med=0.018153 std=0.014574 min=0.000001 max=0.056174
2025-08-26T11:57:51Z - INFO - [train_model] Epoch 027 | train (price) MSE=7.850712 MAE=1.855331 RMSE=2.801912 | val (price) MSE=45.159468 MAE=5.732157 RMSE=6.720079
2025-08-26T11:57:52Z - INFO - [train_model] Epoch 028 | train (scaled) MSE: mean=0.002195 med=0.000412 std=0.005219 min=0.000000 max=0.062382 | val (scaled) MSE: mean=0.015262 med=0.016397 std=0.012093 min=0.000004 max=0.047483
2025-08-26T11:57:52Z - INFO - [train_model] Epoch 028 | train (price) MSE=5.591149 MAE=1.627113 RMSE=2.364561 | val (price) MSE=38.878688 MAE=5.394179 RMSE=6.235278
2025-08-26T11:57:52Z - INFO - [train_model] Epoch 029 | train (scaled) MSE: mean=0.002677 med=0.000459 std=0.006512 min=0.000000 max=0.072252 | val (scaled) MSE: mean=0.013926 med=0.015408 std=0.010809 min=0.000000 max=0.043649
2025-08-26T11:57:52Z - INFO - [train_model] Epoch 029 | train (price) MSE=6.820216 MAE=1.744413 RMSE=2.611554 | val (price) MSE=35.475978 MAE=5.219810 RMSE=5.956171
2025-08-26T11:57:52Z - INFO - [train_model] New best (price) val MSE=35.475978 at epoch 29; saved → /home/tbfs/Projects/finBert/output/20250826-075726/saved_weights/BMY/BMY_best-epoch029.pt
2025-08-26T11:57:53Z - INFO - [train_model] Epoch 030 | train (scaled) MSE: mean=0.002903 med=0.000492 std=0.006941 min=0.000000 max=0.071169 | val (scaled) MSE: mean=0.013154 med=0.013173 std=0.010805 min=0.000005 max=0.044495
2025-08-26T11:57:53Z - INFO - [train_model] Epoch 030 | train (price) MSE=7.395001 MAE=1.819778 RMSE=2.719375 | val (price) MSE=33.509213 MAE=4.986756 RMSE=5.788714
2025-08-26T11:57:53Z - INFO - [train_model] New best (price) val MSE=33.509213 at epoch 30; saved → /home/tbfs/Projects/finBert/output/20250826-075726/saved_weights/BMY/BMY_best-epoch030.pt
2025-08-26T11:57:54Z - INFO - [train_model] Epoch 031 | train (scaled) MSE: mean=0.002793 med=0.000555 std=0.006789 min=0.000000 max=0.067740 | val (scaled) MSE: mean=0.015398 med=0.016161 std=0.012543 min=0.000002 max=0.049803
2025-08-26T11:57:54Z - INFO - [train_model] Epoch 031 | train (price) MSE=7.115259 MAE=1.806557 RMSE=2.667444 | val (price) MSE=39.225519 MAE=5.362755 RMSE=6.263028
2025-08-26T11:57:54Z - INFO - [train_model] Epoch 032 | train (scaled) MSE: mean=0.003076 med=0.000482 std=0.007449 min=0.000000 max=0.074628 | val (scaled) MSE: mean=0.015465 med=0.015911 std=0.012819 min=0.000004 max=0.051212
2025-08-26T11:57:54Z - INFO - [train_model] Epoch 032 | train (price) MSE=7.835222 MAE=1.852624 RMSE=2.799147 | val (price) MSE=39.396997 MAE=5.363853 RMSE=6.276703
2025-08-26T11:57:55Z - INFO - [train_model] Epoch 033 | train (scaled) MSE: mean=0.003066 med=0.000484 std=0.007508 min=0.000000 max=0.076552 | val (scaled) MSE: mean=0.016844 med=0.018223 std=0.013692 min=0.000005 max=0.054930
2025-08-26T11:57:55Z - INFO - [train_model] Epoch 033 | train (price) MSE=7.810890 MAE=1.852731 RMSE=2.794797 | val (price) MSE=42.911034 MAE=5.626059 RMSE=6.550651
2025-08-26T11:57:56Z - INFO - [train_model] Epoch 034 | train (scaled) MSE: mean=0.002321 med=0.000443 std=0.005659 min=0.000000 max=0.072089 | val (scaled) MSE: mean=0.013577 med=0.014879 std=0.010529 min=0.000000 max=0.043455
2025-08-26T11:57:56Z - INFO - [train_model] Epoch 034 | train (price) MSE=5.913910 MAE=1.655129 RMSE=2.431853 | val (price) MSE=34.587183 MAE=5.173505 RMSE=5.881087
2025-08-26T11:57:57Z - INFO - [train_model] Epoch 035 | train (scaled) MSE: mean=0.002626 med=0.000539 std=0.006470 min=0.000000 max=0.069142 | val (scaled) MSE: mean=0.013659 med=0.014083 std=0.011241 min=0.000002 max=0.046437
2025-08-26T11:57:57Z - INFO - [train_model] Epoch 035 | train (price) MSE=6.689643 MAE=1.756292 RMSE=2.586434 | val (price) MSE=34.795108 MAE=5.065294 RMSE=5.898738
2025-08-26T11:57:57Z - INFO - [train_model] Epoch 036 | train (scaled) MSE: mean=0.002674 med=0.000518 std=0.006238 min=0.000000 max=0.067088 | val (scaled) MSE: mean=0.017187 med=0.019299 std=0.013425 min=0.000000 max=0.054648
2025-08-26T11:57:57Z - INFO - [train_model] Epoch 036 | train (price) MSE=6.812134 MAE=1.775770 RMSE=2.610007 | val (price) MSE=43.782369 MAE=5.765667 RMSE=6.616825
2025-08-26T11:57:58Z - INFO - [train_model] Epoch 037 | train (scaled) MSE: mean=0.002908 med=0.000513 std=0.007146 min=0.000000 max=0.073870 | val (scaled) MSE: mean=0.016908 med=0.019055 std=0.013654 min=0.000001 max=0.050716
2025-08-26T11:57:58Z - INFO - [train_model] Epoch 037 | train (price) MSE=7.408509 MAE=1.824387 RMSE=2.721858 | val (price) MSE=43.072622 MAE=5.613768 RMSE=6.562974
2025-08-26T11:57:59Z - INFO - [train_model] Epoch 038 | train (scaled) MSE: mean=0.002479 med=0.000513 std=0.005762 min=0.000000 max=0.057548 | val (scaled) MSE: mean=0.014001 med=0.015118 std=0.011663 min=0.000000 max=0.048503
2025-08-26T11:57:59Z - INFO - [train_model] Epoch 038 | train (price) MSE=6.314561 MAE=1.733348 RMSE=2.512879 | val (price) MSE=35.666661 MAE=5.158063 RMSE=5.972157
2025-08-26T11:57:59Z - INFO - [train_model] Epoch 039 | train (scaled) MSE: mean=0.002158 med=0.000486 std=0.005612 min=0.000000 max=0.073376 | val (scaled) MSE: mean=0.011982 med=0.012179 std=0.009992 min=0.000000 max=0.042884
2025-08-26T11:57:59Z - INFO - [train_model] Epoch 039 | train (price) MSE=5.497910 MAE=1.626815 RMSE=2.344762 | val (price) MSE=30.523562 MAE=4.758974 RMSE=5.524813
2025-08-26T11:57:59Z - INFO - [train_model] New best (price) val MSE=30.523562 at epoch 39; saved → /home/tbfs/Projects/finBert/output/20250826-075726/saved_weights/BMY/BMY_best-epoch039.pt
2025-08-26T11:58:00Z - INFO - [train_model] Epoch 040 | train (scaled) MSE: mean=0.002133 med=0.000441 std=0.005477 min=0.000000 max=0.068037 | val (scaled) MSE: mean=0.015668 med=0.017720 std=0.012481 min=0.000002 max=0.052202
2025-08-26T11:58:00Z - INFO - [train_model] Epoch 040 | train (price) MSE=5.433907 MAE=1.595489 RMSE=2.331074 | val (price) MSE=39.913977 MAE=5.465285 RMSE=6.317751
2025-08-26T11:58:01Z - INFO - [train_model] Epoch 041 | train (scaled) MSE: mean=0.002228 med=0.000504 std=0.005472 min=0.000000 max=0.064820 | val (scaled) MSE: mean=0.011592 med=0.011456 std=0.009559 min=0.000000 max=0.042678
2025-08-26T11:58:01Z - INFO - [train_model] Epoch 041 | train (price) MSE=5.675488 MAE=1.634892 RMSE=2.382328 | val (price) MSE=29.530443 MAE=4.717851 RMSE=5.434192
2025-08-26T11:58:01Z - INFO - [train_model] New best (price) val MSE=29.530443 at epoch 41; saved → /home/tbfs/Projects/finBert/output/20250826-075726/saved_weights/BMY/BMY_best-epoch041.pt
2025-08-26T11:58:02Z - INFO - [train_model] Epoch 042 | train (scaled) MSE: mean=0.002014 med=0.000390 std=0.005338 min=0.000000 max=0.068905 | val (scaled) MSE: mean=0.011623 med=0.012247 std=0.009513 min=0.000000 max=0.043487
2025-08-26T11:58:02Z - INFO - [train_model] Epoch 042 | train (price) MSE=5.131369 MAE=1.525064 RMSE=2.265253 | val (price) MSE=29.610585 MAE=4.744783 RMSE=5.441561
2025-08-26T11:58:02Z - INFO - [train_model] Epoch 043 | train (scaled) MSE: mean=0.002399 med=0.000495 std=0.005736 min=0.000000 max=0.063249 | val (scaled) MSE: mean=0.013889 med=0.015365 std=0.011227 min=0.000000 max=0.048335
2025-08-26T11:58:02Z - INFO - [train_model] Epoch 043 | train (price) MSE=6.110359 MAE=1.677510 RMSE=2.471914 | val (price) MSE=35.382928 MAE=5.137809 RMSE=5.948355
2025-08-26T11:58:03Z - INFO - [train_model] Epoch 044 | train (scaled) MSE: mean=0.002416 med=0.000418 std=0.006210 min=0.000000 max=0.073425 | val (scaled) MSE: mean=0.013493 med=0.014237 std=0.010805 min=0.000007 max=0.048227
2025-08-26T11:58:03Z - INFO - [train_model] Epoch 044 | train (price) MSE=6.154733 MAE=1.659974 RMSE=2.480873 | val (price) MSE=34.373261 MAE=5.135474 RMSE=5.862871
2025-08-26T11:58:04Z - INFO - [train_model] Epoch 045 | train (scaled) MSE: mean=0.002261 med=0.000430 std=0.005163 min=0.000000 max=0.060096 | val (scaled) MSE: mean=0.013041 med=0.014146 std=0.010564 min=0.000000 max=0.048218
2025-08-26T11:58:04Z - INFO - [train_model] Epoch 045 | train (price) MSE=5.760973 MAE=1.629962 RMSE=2.400203 | val (price) MSE=33.221224 MAE=5.078051 RMSE=5.763786
2025-08-26T11:58:05Z - INFO - [train_model] Epoch 046 | train (scaled) MSE: mean=0.001724 med=0.000367 std=0.004721 min=0.000000 max=0.066013 | val (scaled) MSE: mean=0.010688 med=0.009940 std=0.009096 min=0.000035 max=0.043193
2025-08-26T11:58:05Z - INFO - [train_model] Epoch 046 | train (price) MSE=4.391390 MAE=1.435348 RMSE=2.095564 | val (price) MSE=27.228452 MAE=4.597152 RMSE=5.218089
2025-08-26T11:58:05Z - INFO - [train_model] New best (price) val MSE=27.228452 at epoch 46; saved → /home/tbfs/Projects/finBert/output/20250826-075726/saved_weights/BMY/BMY_best-epoch046.pt
2025-08-26T11:58:05Z - INFO - [train_model] Epoch 047 | train (scaled) MSE: mean=0.001644 med=0.000356 std=0.004187 min=0.000000 max=0.058810 | val (scaled) MSE: mean=0.007549 med=0.006266 std=0.006636 min=0.000030 max=0.031331
2025-08-26T11:58:05Z - INFO - [train_model] Epoch 047 | train (price) MSE=4.187616 MAE=1.407195 RMSE=2.046367 | val (price) MSE=19.231227 MAE=3.892816 RMSE=4.385342
2025-08-26T11:58:05Z - INFO - [train_model] New best (price) val MSE=19.231227 at epoch 47; saved → /home/tbfs/Projects/finBert/output/20250826-075726/saved_weights/BMY/BMY_best-epoch047.pt
2025-08-26T11:58:06Z - INFO - [train_model] Epoch 048 | train (scaled) MSE: mean=0.001612 med=0.000397 std=0.004088 min=0.000000 max=0.063987 | val (scaled) MSE: mean=0.008536 med=0.006912 std=0.007751 min=0.000008 max=0.037794
2025-08-26T11:58:06Z - INFO - [train_model] Epoch 048 | train (price) MSE=4.106062 MAE=1.426118 RMSE=2.026342 | val (price) MSE=21.744426 MAE=4.119075 RMSE=4.663092
2025-08-26T11:58:07Z - INFO - [train_model] Epoch 049 | train (scaled) MSE: mean=0.001531 med=0.000427 std=0.003919 min=0.000000 max=0.062598 | val (scaled) MSE: mean=0.012758 med=0.013587 std=0.010264 min=0.000005 max=0.043888
2025-08-26T11:58:07Z - INFO - [train_model] Epoch 049 | train (price) MSE=3.901144 MAE=1.409296 RMSE=1.975131 | val (price) MSE=32.501356 MAE=4.988429 RMSE=5.700996
2025-08-26T11:58:08Z - INFO - [train_model] Epoch 050 | train (scaled) MSE: mean=0.001323 med=0.000348 std=0.003274 min=0.000000 max=0.057271 | val (scaled) MSE: mean=0.009821 med=0.009401 std=0.007974 min=0.000073 max=0.038568
2025-08-26T11:58:08Z - INFO - [train_model] Epoch 050 | train (price) MSE=3.369818 MAE=1.316805 RMSE=1.835706 | val (price) MSE=25.017765 MAE=4.485787 RMSE=5.001776
2025-08-26T11:58:08Z - INFO - [train_model] Epoch 051 | train (scaled) MSE: mean=0.001191 med=0.000318 std=0.003104 min=0.000000 max=0.059328 | val (scaled) MSE: mean=0.010490 med=0.009984 std=0.008519 min=0.000070 max=0.041166
2025-08-26T11:58:08Z - INFO - [train_model] Epoch 051 | train (price) MSE=3.034754 MAE=1.249017 RMSE=1.742055 | val (price) MSE=26.723665 MAE=4.630470 RMSE=5.169494
2025-08-26T11:58:09Z - INFO - [train_model] Epoch 052 | train (scaled) MSE: mean=0.001220 med=0.000309 std=0.002959 min=0.000000 max=0.054363 | val (scaled) MSE: mean=0.010165 med=0.008960 std=0.008489 min=0.000097 max=0.037782
2025-08-26T11:58:09Z - INFO - [train_model] Epoch 052 | train (price) MSE=3.109200 MAE=1.270473 RMSE=1.763292 | val (price) MSE=25.895909 MAE=4.547319 RMSE=5.088802
2025-08-26T11:58:10Z - INFO - [train_model] Epoch 053 | train (scaled) MSE: mean=0.001317 med=0.000341 std=0.003116 min=0.000000 max=0.054126 | val (scaled) MSE: mean=0.010481 med=0.008183 std=0.009300 min=0.000145 max=0.040310
2025-08-26T11:58:10Z - INFO - [train_model] Epoch 053 | train (price) MSE=3.355743 MAE=1.312775 RMSE=1.831869 | val (price) MSE=26.699906 MAE=4.575014 RMSE=5.167195
2025-08-26T11:58:10Z - INFO - [train_model] Epoch 054 | train (scaled) MSE: mean=0.001189 med=0.000307 std=0.002740 min=0.000000 max=0.051318 | val (scaled) MSE: mean=0.011130 med=0.010886 std=0.008703 min=0.000125 max=0.040418
2025-08-26T11:58:10Z - INFO - [train_model] Epoch 054 | train (price) MSE=3.029663 MAE=1.264366 RMSE=1.740593 | val (price) MSE=28.353623 MAE=4.787990 RMSE=5.324812
2025-08-26T11:58:11Z - INFO - [train_model] Epoch 055 | train (scaled) MSE: mean=0.001024 med=0.000312 std=0.002533 min=0.000000 max=0.050861 | val (scaled) MSE: mean=0.010229 med=0.008355 std=0.008254 min=0.000000 max=0.037621
2025-08-26T11:58:11Z - INFO - [train_model] Epoch 055 | train (price) MSE=2.607426 MAE=1.190308 RMSE=1.614753 | val (price) MSE=26.058032 MAE=4.583947 RMSE=5.104707
2025-08-26T11:58:12Z - INFO - [train_model] Epoch 056 | train (scaled) MSE: mean=0.001185 med=0.000332 std=0.002709 min=0.000000 max=0.049131 | val (scaled) MSE: mean=0.009805 med=0.008224 std=0.007833 min=0.000053 max=0.036046
2025-08-26T11:58:12Z - INFO - [train_model] Epoch 056 | train (price) MSE=3.020005 MAE=1.267631 RMSE=1.737816 | val (price) MSE=24.976977 MAE=4.509757 RMSE=4.997697
2025-08-26T11:58:13Z - INFO - [train_model] Epoch 057 | train (scaled) MSE: mean=0.001141 med=0.000325 std=0.002739 min=0.000000 max=0.050335 | val (scaled) MSE: mean=0.009094 med=0.007466 std=0.007281 min=0.000010 max=0.033570
2025-08-26T11:58:13Z - INFO - [train_model] Epoch 057 | train (price) MSE=2.905587 MAE=1.243959 RMSE=1.704578 | val (price) MSE=23.165621 MAE=4.340216 RMSE=4.813068
2025-08-26T11:58:13Z - INFO - [train_model] Epoch 058 | train (scaled) MSE: mean=0.001149 med=0.000310 std=0.002874 min=0.000000 max=0.050837 | val (scaled) MSE: mean=0.009214 med=0.008280 std=0.007178 min=0.000008 max=0.033809
2025-08-26T11:58:13Z - INFO - [train_model] Epoch 058 | train (price) MSE=2.927587 MAE=1.225252 RMSE=1.711019 | val (price) MSE=23.471494 MAE=4.384084 RMSE=4.844739
2025-08-26T11:58:14Z - INFO - [train_model] Epoch 059 | train (scaled) MSE: mean=0.001112 med=0.000275 std=0.003143 min=0.000000 max=0.063404 | val (scaled) MSE: mean=0.008567 med=0.006265 std=0.007121 min=0.000016 max=0.032760
2025-08-26T11:58:14Z - INFO - [train_model] Epoch 059 | train (price) MSE=2.833641 MAE=1.193661 RMSE=1.683342 | val (price) MSE=21.824268 MAE=4.196804 RMSE=4.671645
2025-08-26T11:58:15Z - INFO - [train_model] Epoch 060 | train (scaled) MSE: mean=0.000965 med=0.000265 std=0.002475 min=0.000000 max=0.049153 | val (scaled) MSE: mean=0.006263 med=0.005422 std=0.004986 min=0.000015 max=0.023282
2025-08-26T11:58:15Z - INFO - [train_model] Epoch 060 | train (price) MSE=2.457722 MAE=1.137433 RMSE=1.567712 | val (price) MSE=15.953959 MAE=3.646599 RMSE=3.994241
2025-08-26T11:58:15Z - INFO - [train_model] New best (price) val MSE=15.953959 at epoch 60; saved → /home/tbfs/Projects/finBert/output/20250826-075726/saved_weights/BMY/BMY_best-epoch060.pt
2025-08-26T11:58:15Z - INFO - [train_model] Epoch 061 | train (scaled) MSE: mean=0.001116 med=0.000266 std=0.002746 min=0.000000 max=0.050759 | val (scaled) MSE: mean=0.009325 med=0.008755 std=0.007070 min=0.000020 max=0.033236
2025-08-26T11:58:15Z - INFO - [train_model] Epoch 061 | train (price) MSE=2.842807 MAE=1.204576 RMSE=1.686063 | val (price) MSE=23.754902 MAE=4.427615 RMSE=4.873900
2025-08-26T11:58:16Z - INFO - [train_model] Epoch 062 | train (scaled) MSE: mean=0.001048 med=0.000329 std=0.002378 min=0.000000 max=0.046909 | val (scaled) MSE: mean=0.009767 med=0.008303 std=0.007464 min=0.000000 max=0.032874
2025-08-26T11:58:16Z - INFO - [train_model] Epoch 062 | train (price) MSE=2.669154 MAE=1.214644 RMSE=1.633754 | val (price) MSE=24.881264 MAE=4.528184 RMSE=4.988112
2025-08-26T11:58:17Z - INFO - [train_model] Epoch 063 | train (scaled) MSE: mean=0.001070 med=0.000305 std=0.002616 min=0.000000 max=0.048197 | val (scaled) MSE: mean=0.005755 med=0.004648 std=0.005211 min=0.000000 max=0.023261
2025-08-26T11:58:17Z - INFO - [train_model] Epoch 063 | train (price) MSE=2.724783 MAE=1.199262 RMSE=1.650692 | val (price) MSE=14.661075 MAE=3.399565 RMSE=3.828978
2025-08-26T11:58:17Z - INFO - [train_model] New best (price) val MSE=14.661075 at epoch 63; saved → /home/tbfs/Projects/finBert/output/20250826-075726/saved_weights/BMY/BMY_best-epoch063.pt
2025-08-26T11:58:18Z - INFO - [train_model] Epoch 064 | train (scaled) MSE: mean=0.001143 med=0.000351 std=0.002623 min=0.000000 max=0.048238 | val (scaled) MSE: mean=0.008063 med=0.007075 std=0.006290 min=0.000017 max=0.028214
2025-08-26T11:58:18Z - INFO - [train_model] Epoch 064 | train (price) MSE=2.910619 MAE=1.254388 RMSE=1.706054 | val (price) MSE=20.540328 MAE=4.127383 RMSE=4.532144
2025-08-26T11:58:18Z - INFO - [train_model] Epoch 065 | train (scaled) MSE: mean=0.001005 med=0.000305 std=0.002327 min=0.000000 max=0.044983 | val (scaled) MSE: mean=0.007647 med=0.006452 std=0.005949 min=0.000003 max=0.026356
2025-08-26T11:58:18Z - INFO - [train_model] Epoch 065 | train (price) MSE=2.560967 MAE=1.181817 RMSE=1.600302 | val (price) MSE=19.480396 MAE=4.021010 RMSE=4.413660
2025-08-26T11:58:19Z - INFO - [train_model] Epoch 066 | train (scaled) MSE: mean=0.001067 med=0.000327 std=0.002503 min=0.000000 max=0.045248 | val (scaled) MSE: mean=0.004739 med=0.003909 std=0.004559 min=0.000000 max=0.023335
2025-08-26T11:58:19Z - INFO - [train_model] Epoch 066 | train (price) MSE=2.717460 MAE=1.207429 RMSE=1.648472 | val (price) MSE=12.071639 MAE=3.055739 RMSE=3.474426
2025-08-26T11:58:19Z - INFO - [train_model] New best (price) val MSE=12.071639 at epoch 66; saved → /home/tbfs/Projects/finBert/output/20250826-075726/saved_weights/BMY/BMY_best-epoch066.pt
2025-08-26T11:58:20Z - INFO - [train_model] Epoch 067 | train (scaled) MSE: mean=0.001034 med=0.000274 std=0.002545 min=0.000000 max=0.045806 | val (scaled) MSE: mean=0.006201 med=0.004757 std=0.005312 min=0.000001 max=0.022885
2025-08-26T11:58:20Z - INFO - [train_model] Epoch 067 | train (price) MSE=2.633438 MAE=1.168789 RMSE=1.622787 | val (price) MSE=15.797775 MAE=3.580250 RMSE=3.974642
2025-08-26T11:58:20Z - INFO - [train_model] Epoch 068 | train (scaled) MSE: mean=0.000955 med=0.000292 std=0.002266 min=0.000000 max=0.042828 | val (scaled) MSE: mean=0.004650 med=0.003881 std=0.004366 min=0.000003 max=0.022282
2025-08-26T11:58:20Z - INFO - [train_model] Epoch 068 | train (price) MSE=2.432430 MAE=1.154899 RMSE=1.559625 | val (price) MSE=11.845293 MAE=3.068747 RMSE=3.441699
2025-08-26T11:58:20Z - INFO - [train_model] New best (price) val MSE=11.845293 at epoch 68; saved → /home/tbfs/Projects/finBert/output/20250826-075726/saved_weights/BMY/BMY_best-epoch068.pt
2025-08-26T11:58:21Z - INFO - [train_model] Epoch 069 | train (scaled) MSE: mean=0.000953 med=0.000259 std=0.002404 min=0.000000 max=0.046544 | val (scaled) MSE: mean=0.006981 med=0.005530 std=0.005520 min=0.000000 max=0.024261
2025-08-26T11:58:21Z - INFO - [train_model] Epoch 069 | train (price) MSE=2.426653 MAE=1.129756 RMSE=1.557772 | val (price) MSE=17.784944 MAE=3.840852 RMSE=4.217220
2025-08-26T11:58:22Z - INFO - [train_model] Epoch 070 | train (scaled) MSE: mean=0.000925 med=0.000283 std=0.002326 min=0.000000 max=0.043068 | val (scaled) MSE: mean=0.004527 med=0.004041 std=0.004262 min=0.000041 max=0.022238
2025-08-26T11:58:22Z - INFO - [train_model] Epoch 070 | train (price) MSE=2.355347 MAE=1.116558 RMSE=1.534714 | val (price) MSE=11.533291 MAE=3.030862 RMSE=3.396070
2025-08-26T11:58:22Z - INFO - [train_model] New best (price) val MSE=11.533291 at epoch 70; saved → /home/tbfs/Projects/finBert/output/20250826-075726/saved_weights/BMY/BMY_best-epoch070.pt
2025-08-26T11:58:23Z - INFO - [train_model] Epoch 071 | train (scaled) MSE: mean=0.000997 med=0.000263 std=0.002371 min=0.000000 max=0.042521 | val (scaled) MSE: mean=0.006416 med=0.005287 std=0.005124 min=0.000023 max=0.021789
2025-08-26T11:58:23Z - INFO - [train_model] Epoch 071 | train (price) MSE=2.539034 MAE=1.153372 RMSE=1.593435 | val (price) MSE=16.344890 MAE=3.688399 RMSE=4.042881
2025-08-26T11:58:23Z - INFO - [train_model] Epoch 072 | train (scaled) MSE: mean=0.000866 med=0.000301 std=0.002081 min=0.000000 max=0.040100 | val (scaled) MSE: mean=0.006392 med=0.005429 std=0.004927 min=0.000015 max=0.021170
2025-08-26T11:58:23Z - INFO - [train_model] Epoch 072 | train (price) MSE=2.205985 MAE=1.111508 RMSE=1.485256 | val (price) MSE=16.282658 MAE=3.707510 RMSE=4.035178
2025-08-26T11:58:24Z - INFO - [train_model] Epoch 073 | train (scaled) MSE: mean=0.000932 med=0.000304 std=0.002258 min=0.000000 max=0.043615 | val (scaled) MSE: mean=0.006830 med=0.005839 std=0.005341 min=0.000046 max=0.022871
2025-08-26T11:58:24Z - INFO - [train_model] Epoch 073 | train (price) MSE=2.375309 MAE=1.141944 RMSE=1.541204 | val (price) MSE=17.399832 MAE=3.817294 RMSE=4.171311
2025-08-26T11:58:25Z - INFO - [train_model] Epoch 074 | train (scaled) MSE: mean=0.000891 med=0.000306 std=0.002134 min=0.000000 max=0.039989 | val (scaled) MSE: mean=0.004285 med=0.003126 std=0.004092 min=0.000004 max=0.021144
2025-08-26T11:58:25Z - INFO - [train_model] Epoch 074 | train (price) MSE=2.269793 MAE=1.119275 RMSE=1.506583 | val (price) MSE=10.915874 MAE=2.946347 RMSE=3.303918
2025-08-26T11:58:25Z - INFO - [train_model] New best (price) val MSE=10.915874 at epoch 74; saved → /home/tbfs/Projects/finBert/output/20250826-075726/saved_weights/BMY/BMY_best-epoch074.pt
2025-08-26T11:58:25Z - INFO - [train_model] Epoch 075 | train (scaled) MSE: mean=0.000908 med=0.000291 std=0.002152 min=0.000000 max=0.039783 | val (scaled) MSE: mean=0.005713 med=0.004376 std=0.004605 min=0.000072 max=0.020101
2025-08-26T11:58:25Z - INFO - [train_model] Epoch 075 | train (price) MSE=2.313710 MAE=1.119168 RMSE=1.521089 | val (price) MSE=14.554900 MAE=3.496609 RMSE=3.815088
2025-08-26T11:58:26Z - INFO - [train_model] Epoch 076 | train (scaled) MSE: mean=0.000856 med=0.000293 std=0.002093 min=0.000000 max=0.041702 | val (scaled) MSE: mean=0.006152 med=0.004984 std=0.004761 min=0.000033 max=0.020975
2025-08-26T11:58:26Z - INFO - [train_model] Epoch 076 | train (price) MSE=2.181180 MAE=1.101510 RMSE=1.476882 | val (price) MSE=15.671015 MAE=3.639480 RMSE=3.958663
2025-08-26T11:58:27Z - INFO - [train_model] Epoch 077 | train (scaled) MSE: mean=0.000847 med=0.000299 std=0.001967 min=0.000000 max=0.036708 | val (scaled) MSE: mean=0.006102 med=0.005066 std=0.004637 min=0.000048 max=0.020456
2025-08-26T11:58:27Z - INFO - [train_model] Epoch 077 | train (price) MSE=2.157214 MAE=1.100081 RMSE=1.468746 | val (price) MSE=15.545595 MAE=3.636455 RMSE=3.942790
2025-08-26T11:58:28Z - INFO - [train_model] Epoch 078 | train (scaled) MSE: mean=0.000867 med=0.000277 std=0.002028 min=0.000000 max=0.036591 | val (scaled) MSE: mean=0.005915 med=0.004854 std=0.004465 min=0.000000 max=0.019139
2025-08-26T11:58:28Z - INFO - [train_model] Epoch 078 | train (price) MSE=2.207786 MAE=1.104966 RMSE=1.485862 | val (price) MSE=15.068112 MAE=3.583087 RMSE=3.881767
2025-08-26T11:58:28Z - INFO - [train_model] Epoch 079 | train (scaled) MSE: mean=0.000858 med=0.000291 std=0.002098 min=0.000000 max=0.040053 | val (scaled) MSE: mean=0.007718 med=0.006787 std=0.005226 min=0.000014 max=0.024047
2025-08-26T11:58:28Z - INFO - [train_model] Epoch 079 | train (price) MSE=2.185863 MAE=1.097846 RMSE=1.478467 | val (price) MSE=19.661389 MAE=4.118826 RMSE=4.434117
2025-08-26T11:58:29Z - INFO - [train_model] Epoch 080 | train (scaled) MSE: mean=0.000871 med=0.000254 std=0.002074 min=0.000000 max=0.036487 | val (scaled) MSE: mean=0.004569 med=0.003490 std=0.003827 min=0.000019 max=0.019889
2025-08-26T11:58:29Z - INFO - [train_model] Epoch 080 | train (price) MSE=2.217910 MAE=1.086702 RMSE=1.489265 | val (price) MSE=11.639950 MAE=3.123396 RMSE=3.411737
2025-08-26T11:58:30Z - INFO - [train_model] Epoch 081 | train (scaled) MSE: mean=0.000836 med=0.000272 std=0.002010 min=0.000000 max=0.037113 | val (scaled) MSE: mean=0.007124 med=0.006494 std=0.004832 min=0.000001 max=0.021421
2025-08-26T11:58:30Z - INFO - [train_model] Epoch 081 | train (price) MSE=2.129759 MAE=1.071502 RMSE=1.459369 | val (price) MSE=18.147611 MAE=3.977967 RMSE=4.260001
2025-08-26T11:58:30Z - INFO - [train_model] Epoch 082 | train (scaled) MSE: mean=0.000874 med=0.000298 std=0.002188 min=0.000000 max=0.043047 | val (scaled) MSE: mean=0.006292 med=0.004981 std=0.004581 min=0.000009 max=0.019987
2025-08-26T11:58:30Z - INFO - [train_model] Epoch 082 | train (price) MSE=2.226632 MAE=1.103122 RMSE=1.492190 | val (price) MSE=16.028007 MAE=3.715514 RMSE=4.003499
2025-08-26T11:58:31Z - INFO - [train_model] Epoch 083 | train (scaled) MSE: mean=0.000854 med=0.000263 std=0.002008 min=0.000000 max=0.034190 | val (scaled) MSE: mean=0.006223 med=0.005162 std=0.004750 min=0.000056 max=0.021408
2025-08-26T11:58:31Z - INFO - [train_model] Epoch 083 | train (price) MSE=2.175594 MAE=1.084407 RMSE=1.474989 | val (price) MSE=15.853195 MAE=3.669062 RMSE=3.981607
2025-08-26T11:58:32Z - INFO - [train_model] Epoch 084 | train (scaled) MSE: mean=0.000853 med=0.000261 std=0.002003 min=0.000000 max=0.034578 | val (scaled) MSE: mean=0.006710 med=0.005918 std=0.004983 min=0.000001 max=0.022278
2025-08-26T11:58:32Z - INFO - [train_model] Epoch 084 | train (price) MSE=2.173817 MAE=1.084603 RMSE=1.474387 | val (price) MSE=17.094341 MAE=3.807535 RMSE=4.134530
2025-08-26T11:58:33Z - INFO - [train_model] Epoch 085 | train (scaled) MSE: mean=0.000835 med=0.000261 std=0.002019 min=0.000000 max=0.035930 | val (scaled) MSE: mean=0.006581 med=0.005035 std=0.005375 min=0.000012 max=0.022081
2025-08-26T11:58:33Z - INFO - [train_model] Epoch 085 | train (price) MSE=2.125956 MAE=1.074417 RMSE=1.458066 | val (price) MSE=16.765783 MAE=3.733089 RMSE=4.094604
2025-08-26T11:58:33Z - INFO - [train_model] Epoch 086 | train (scaled) MSE: mean=0.000842 med=0.000276 std=0.002017 min=0.000000 max=0.034596 | val (scaled) MSE: mean=0.006838 med=0.005895 std=0.004540 min=0.000018 max=0.019908
2025-08-26T11:58:33Z - INFO - [train_model] Epoch 086 | train (price) MSE=2.144727 MAE=1.081035 RMSE=1.464489 | val (price) MSE=17.418729 MAE=3.908475 RMSE=4.173575
2025-08-26T11:58:34Z - INFO - [train_model] Epoch 087 | train (scaled) MSE: mean=0.000844 med=0.000267 std=0.002049 min=0.000000 max=0.035096 | val (scaled) MSE: mean=0.006167 med=0.004801 std=0.004959 min=0.000009 max=0.020470
2025-08-26T11:58:34Z - INFO - [train_model] Epoch 087 | train (price) MSE=2.148816 MAE=1.075994 RMSE=1.465884 | val (price) MSE=15.710163 MAE=3.624589 RMSE=3.963605
2025-08-26T11:58:35Z - INFO - [train_model] Epoch 088 | train (scaled) MSE: mean=0.000895 med=0.000271 std=0.002349 min=0.000000 max=0.046124 | val (scaled) MSE: mean=0.006395 med=0.005636 std=0.004381 min=0.000016 max=0.019719
2025-08-26T11:58:35Z - INFO - [train_model] Epoch 088 | train (price) MSE=2.279921 MAE=1.105202 RMSE=1.509941 | val (price) MSE=16.290877 MAE=3.762774 RMSE=4.036196
2025-08-26T11:58:35Z - INFO - [train_model] Epoch 089 | train (scaled) MSE: mean=0.000823 med=0.000247 std=0.001951 min=0.000000 max=0.032834 | val (scaled) MSE: mean=0.006398 med=0.005314 std=0.004400 min=0.000020 max=0.019846
2025-08-26T11:58:35Z - INFO - [train_model] Epoch 089 | train (price) MSE=2.097225 MAE=1.064261 RMSE=1.448180 | val (price) MSE=16.298303 MAE=3.768289 RMSE=4.037116
2025-08-26T11:58:36Z - INFO - [train_model] Epoch 090 | train (scaled) MSE: mean=0.000845 med=0.000255 std=0.002085 min=0.000000 max=0.037238 | val (scaled) MSE: mean=0.008442 med=0.007368 std=0.005860 min=0.000065 max=0.026278
2025-08-26T11:58:36Z - INFO - [train_model] Epoch 090 | train (price) MSE=2.152784 MAE=1.069246 RMSE=1.467237 | val (price) MSE=21.506379 MAE=4.281405 RMSE=4.637497
2025-08-26T11:58:37Z - INFO - [train_model] Epoch 091 | train (scaled) MSE: mean=0.000880 med=0.000274 std=0.002195 min=0.000000 max=0.040097 | val (scaled) MSE: mean=0.005346 med=0.004241 std=0.004362 min=0.000028 max=0.020550
2025-08-26T11:58:37Z - INFO - [train_model] Epoch 091 | train (price) MSE=2.242268 MAE=1.094987 RMSE=1.497420 | val (price) MSE=13.619553 MAE=3.388250 RMSE=3.690468
2025-08-26T11:58:37Z - INFO - [train_model] Epoch 092 | train (scaled) MSE: mean=0.000832 med=0.000243 std=0.002050 min=0.000000 max=0.031713 | val (scaled) MSE: mean=0.007928 med=0.007215 std=0.005413 min=0.000049 max=0.024353
2025-08-26T11:58:37Z - INFO - [train_model] Epoch 092 | train (price) MSE=2.119030 MAE=1.054738 RMSE=1.455689 | val (price) MSE=20.195640 MAE=4.155294 RMSE=4.493956
2025-08-26T11:58:38Z - INFO - [train_model] Epoch 093 | train (scaled) MSE: mean=0.000916 med=0.000261 std=0.002403 min=0.000000 max=0.046742 | val (scaled) MSE: mean=0.005613 med=0.004282 std=0.004115 min=0.000001 max=0.019367
2025-08-26T11:58:38Z - INFO - [train_model] Epoch 093 | train (price) MSE=2.334505 MAE=1.112609 RMSE=1.527909 | val (price) MSE=14.299043 MAE=3.502215 RMSE=3.781408
2025-08-26T11:58:39Z - INFO - [train_model] Epoch 094 | train (scaled) MSE: mean=0.000840 med=0.000213 std=0.002111 min=0.000000 max=0.036747 | val (scaled) MSE: mean=0.004381 med=0.003357 std=0.004100 min=0.000000 max=0.020125
2025-08-26T11:58:39Z - INFO - [train_model] Epoch 094 | train (price) MSE=2.140414 MAE=1.049497 RMSE=1.463015 | val (price) MSE=11.160684 MAE=2.979096 RMSE=3.340761
2025-08-26T11:58:40Z - INFO - [train_model] Epoch 095 | train (scaled) MSE: mean=0.000838 med=0.000228 std=0.002096 min=0.000000 max=0.037859 | val (scaled) MSE: mean=0.006241 med=0.005300 std=0.004237 min=0.000033 max=0.018173
2025-08-26T11:58:40Z - INFO - [train_model] Epoch 095 | train (price) MSE=2.134377 MAE=1.057942 RMSE=1.460951 | val (price) MSE=15.897922 MAE=3.720784 RMSE=3.987220
2025-08-26T11:58:40Z - INFO - [train_model] Epoch 096 | train (scaled) MSE: mean=0.000834 med=0.000245 std=0.001958 min=0.000000 max=0.031299 | val (scaled) MSE: mean=0.006423 med=0.005748 std=0.004419 min=0.000003 max=0.019800
2025-08-26T11:58:40Z - INFO - [train_model] Epoch 096 | train (price) MSE=2.123824 MAE=1.065910 RMSE=1.457335 | val (price) MSE=16.362752 MAE=3.756872 RMSE=4.045090
2025-08-26T11:58:41Z - INFO - [train_model] Epoch 097 | train (scaled) MSE: mean=0.000867 med=0.000241 std=0.002262 min=0.000000 max=0.044971 | val (scaled) MSE: mean=0.005616 med=0.004701 std=0.004045 min=0.000025 max=0.017704
2025-08-26T11:58:41Z - INFO - [train_model] Epoch 097 | train (price) MSE=2.207905 MAE=1.073741 RMSE=1.485902 | val (price) MSE=14.305625 MAE=3.507297 RMSE=3.782278
2025-08-26T11:58:42Z - INFO - [train_model] Epoch 098 | train (scaled) MSE: mean=0.000849 med=0.000230 std=0.002068 min=0.000000 max=0.037325 | val (scaled) MSE: mean=0.003511 med=0.002573 std=0.003439 min=0.000006 max=0.019676
2025-08-26T11:58:42Z - INFO - [train_model] Epoch 098 | train (price) MSE=2.163733 MAE=1.063373 RMSE=1.470963 | val (price) MSE=8.943196 MAE=2.668224 RMSE=2.990518
2025-08-26T11:58:42Z - INFO - [train_model] New best (price) val MSE=8.943196 at epoch 98; saved → /home/tbfs/Projects/finBert/output/20250826-075726/saved_weights/BMY/BMY_best-epoch098.pt
2025-08-26T11:58:42Z - INFO - [train_model] Epoch 099 | train (scaled) MSE: mean=0.000802 med=0.000201 std=0.002015 min=0.000000 max=0.033615 | val (scaled) MSE: mean=0.005201 med=0.003996 std=0.003952 min=0.000000 max=0.017063
2025-08-26T11:58:42Z - INFO - [train_model] Epoch 099 | train (price) MSE=2.042506 MAE=1.026383 RMSE=1.429163 | val (price) MSE=13.248269 MAE=3.342009 RMSE=3.639817
2025-08-26T11:58:43Z - INFO - [train_model] Epoch 100 | train (scaled) MSE: mean=0.000726 med=0.000180 std=0.001847 min=0.000000 max=0.032250 | val (scaled) MSE: mean=0.004237 med=0.002913 std=0.003835 min=0.000014 max=0.017299
2025-08-26T11:58:43Z - INFO - [train_model] Epoch 100 | train (price) MSE=1.850737 MAE=0.969926 RMSE=1.360418 | val (price) MSE=10.794217 MAE=2.939937 RMSE=3.285455
2025-08-26T11:58:44Z - INFO - [train_model] Epoch 101 | train (scaled) MSE: mean=0.000807 med=0.000199 std=0.002197 min=0.000000 max=0.043420 | val (scaled) MSE: mean=0.007406 med=0.006203 std=0.005221 min=0.000012 max=0.024425
2025-08-26T11:58:44Z - INFO - [train_model] Epoch 101 | train (price) MSE=2.055505 MAE=1.016796 RMSE=1.433703 | val (price) MSE=18.866294 MAE=4.003421 RMSE=4.343535
2025-08-26T11:58:45Z - INFO - [train_model] Epoch 102 | train (scaled) MSE: mean=0.000807 med=0.000190 std=0.001931 min=0.000000 max=0.031107 | val (scaled) MSE: mean=0.004256 med=0.002817 std=0.004176 min=0.000009 max=0.019588
2025-08-26T11:58:45Z - INFO - [train_model] Epoch 102 | train (price) MSE=2.054571 MAE=1.028290 RMSE=1.433377 | val (price) MSE=10.843284 MAE=2.894796 RMSE=3.292914
2025-08-26T11:58:45Z - INFO - [train_model] Epoch 103 | train (scaled) MSE: mean=0.000772 med=0.000198 std=0.001814 min=0.000000 max=0.029041 | val (scaled) MSE: mean=0.003863 med=0.002315 std=0.004033 min=0.000000 max=0.018489
2025-08-26T11:58:45Z - INFO - [train_model] Epoch 103 | train (price) MSE=1.966495 MAE=1.000336 RMSE=1.402318 | val (price) MSE=9.840691 MAE=2.695012 RMSE=3.136988
2025-08-26T11:58:46Z - INFO - [train_model] Epoch 104 | train (scaled) MSE: mean=0.000802 med=0.000200 std=0.001981 min=0.000000 max=0.038230 | val (scaled) MSE: mean=0.003160 med=0.001565 std=0.003726 min=0.000001 max=0.018629
2025-08-26T11:58:46Z - INFO - [train_model] Epoch 104 | train (price) MSE=2.041899 MAE=1.024985 RMSE=1.428950 | val (price) MSE=8.049286 MAE=2.306888 RMSE=2.837126
2025-08-26T11:58:46Z - INFO - [train_model] New best (price) val MSE=8.049286 at epoch 104; saved → /home/tbfs/Projects/finBert/output/20250826-075726/saved_weights/BMY/BMY_best-epoch104.pt
2025-08-26T11:58:47Z - INFO - [train_model] Epoch 105 | train (scaled) MSE: mean=0.000829 med=0.000214 std=0.002037 min=0.000000 max=0.035881 | val (scaled) MSE: mean=0.003341 med=0.002285 std=0.003296 min=0.000000 max=0.016684
2025-08-26T11:58:47Z - INFO - [train_model] Epoch 105 | train (price) MSE=2.112192 MAE=1.040762 RMSE=1.453338 | val (price) MSE=8.511301 MAE=2.543674 RMSE=2.917413
2025-08-26T11:58:47Z - INFO - [train_model] Epoch 106 | train (scaled) MSE: mean=0.000802 med=0.000217 std=0.001894 min=0.000000 max=0.031055 | val (scaled) MSE: mean=0.003651 med=0.002586 std=0.003458 min=0.000004 max=0.015910
2025-08-26T11:58:47Z - INFO - [train_model] Epoch 106 | train (price) MSE=2.042842 MAE=1.029274 RMSE=1.429280 | val (price) MSE=9.301535 MAE=2.676839 RMSE=3.049842
2025-08-26T11:58:48Z - INFO - [train_model] Epoch 107 | train (scaled) MSE: mean=0.000758 med=0.000187 std=0.001944 min=0.000000 max=0.037708 | val (scaled) MSE: mean=0.006142 med=0.005834 std=0.004211 min=0.000013 max=0.019698
2025-08-26T11:58:48Z - INFO - [train_model] Epoch 107 | train (price) MSE=1.931244 MAE=0.984445 RMSE=1.389692 | val (price) MSE=15.645659 MAE=3.654536 RMSE=3.955459
2025-08-26T11:58:49Z - INFO - [train_model] Epoch 108 | train (scaled) MSE: mean=0.000742 med=0.000190 std=0.001830 min=0.000000 max=0.034292 | val (scaled) MSE: mean=0.004958 med=0.003466 std=0.004565 min=0.000004 max=0.017240
2025-08-26T11:58:49Z - INFO - [train_model] Epoch 108 | train (price) MSE=1.889105 MAE=0.983468 RMSE=1.374447 | val (price) MSE=12.629993 MAE=3.128748 RMSE=3.553870
2025-08-26T11:58:50Z - INFO - [train_model] Epoch 109 | train (scaled) MSE: mean=0.000782 med=0.000207 std=0.001806 min=0.000000 max=0.027898 | val (scaled) MSE: mean=0.004581 med=0.002253 std=0.004967 min=0.000005 max=0.018206
2025-08-26T11:58:50Z - INFO - [train_model] Epoch 109 | train (price) MSE=1.992709 MAE=1.011195 RMSE=1.411633 | val (price) MSE=11.671157 MAE=2.861724 RMSE=3.416307
2025-08-26T11:58:50Z - INFO - [train_model] Epoch 110 | train (scaled) MSE: mean=0.000764 med=0.000195 std=0.001748 min=0.000000 max=0.025649 | val (scaled) MSE: mean=0.004086 med=0.002064 std=0.004368 min=0.000001 max=0.017144
2025-08-26T11:58:50Z - INFO - [train_model] Epoch 110 | train (price) MSE=1.946114 MAE=0.999000 RMSE=1.395032 | val (price) MSE=10.409450 MAE=2.709758 RMSE=3.226368
2025-08-26T11:58:51Z - INFO - [train_model] Epoch 111 | train (scaled) MSE: mean=0.000791 med=0.000211 std=0.001840 min=0.000000 max=0.032762 | val (scaled) MSE: mean=0.004233 med=0.002659 std=0.004164 min=0.000002 max=0.017041
2025-08-26T11:58:51Z - INFO - [train_model] Epoch 111 | train (price) MSE=2.014770 MAE=1.024212 RMSE=1.419426 | val (price) MSE=10.782605 MAE=2.837506 RMSE=3.283688
2025-08-26T11:58:52Z - INFO - [train_model] Epoch 112 | train (scaled) MSE: mean=0.000769 med=0.000191 std=0.001747 min=0.000000 max=0.024389 | val (scaled) MSE: mean=0.004691 med=0.002904 std=0.004588 min=0.000003 max=0.017134
2025-08-26T11:58:52Z - INFO - [train_model] Epoch 112 | train (price) MSE=1.958042 MAE=1.005610 RMSE=1.399301 | val (price) MSE=11.949683 MAE=2.981579 RMSE=3.456831
2025-08-26T11:58:53Z - INFO - [train_model] Epoch 113 | train (scaled) MSE: mean=0.000755 med=0.000187 std=0.001635 min=0.000000 max=0.024408 | val (scaled) MSE: mean=0.004699 med=0.003650 std=0.004498 min=0.000002 max=0.019875
2025-08-26T11:58:53Z - INFO - [train_model] Epoch 113 | train (price) MSE=1.923085 MAE=0.995047 RMSE=1.386754 | val (price) MSE=11.971680 MAE=2.981321 RMSE=3.460012
2025-08-26T11:58:53Z - INFO - [train_model] Epoch 114 | train (scaled) MSE: mean=0.000737 med=0.000180 std=0.001560 min=0.000000 max=0.023999 | val (scaled) MSE: mean=0.004800 med=0.003853 std=0.004346 min=0.000017 max=0.019692
2025-08-26T11:58:53Z - INFO - [train_model] Epoch 114 | train (price) MSE=1.877172 MAE=0.983173 RMSE=1.370099 | val (price) MSE=12.227691 MAE=3.066404 RMSE=3.496812
2025-08-26T11:58:54Z - INFO - [train_model] Epoch 115 | train (scaled) MSE: mean=0.000734 med=0.000176 std=0.001554 min=0.000000 max=0.024080 | val (scaled) MSE: mean=0.005059 med=0.004164 std=0.004425 min=0.000011 max=0.020442
2025-08-26T11:58:54Z - INFO - [train_model] Epoch 115 | train (price) MSE=1.870662 MAE=0.986225 RMSE=1.367722 | val (price) MSE=12.886704 MAE=3.173018 RMSE=3.589806
2025-08-26T11:58:55Z - INFO - [train_model] Epoch 116 | train (scaled) MSE: mean=0.000726 med=0.000181 std=0.001593 min=0.000000 max=0.026201 | val (scaled) MSE: mean=0.005202 med=0.004755 std=0.004521 min=0.000007 max=0.021333
2025-08-26T11:58:55Z - INFO - [train_model] Epoch 116 | train (price) MSE=1.849568 MAE=0.981042 RMSE=1.359988 | val (price) MSE=13.252574 MAE=3.230152 RMSE=3.640409
2025-08-26T11:58:55Z - INFO - [train_model] Epoch 117 | train (scaled) MSE: mean=0.000725 med=0.000180 std=0.001659 min=0.000000 max=0.029513 | val (scaled) MSE: mean=0.005515 med=0.004942 std=0.004585 min=0.000000 max=0.022008
2025-08-26T11:58:55Z - INFO - [train_model] Epoch 117 | train (price) MSE=1.845812 MAE=0.979697 RMSE=1.358607 | val (price) MSE=14.048357 MAE=3.345589 RMSE=3.748114
2025-08-26T11:58:56Z - INFO - [train_model] Epoch 118 | train (scaled) MSE: mean=0.000759 med=0.000185 std=0.001871 min=0.000000 max=0.034465 | val (scaled) MSE: mean=0.005529 med=0.004589 std=0.004660 min=0.000000 max=0.021742
2025-08-26T11:58:56Z - INFO - [train_model] Epoch 118 | train (price) MSE=1.934364 MAE=0.991957 RMSE=1.390814 | val (price) MSE=14.085574 MAE=3.371117 RMSE=3.753075
2025-08-26T11:58:57Z - INFO - [train_model] Epoch 119 | train (scaled) MSE: mean=0.000816 med=0.000211 std=0.001820 min=0.000000 max=0.032978 | val (scaled) MSE: mean=0.005602 med=0.004886 std=0.003798 min=0.000012 max=0.016701
2025-08-26T11:58:57Z - INFO - [train_model] Epoch 119 | train (price) MSE=2.078740 MAE=1.033362 RMSE=1.441784 | val (price) MSE=14.271596 MAE=3.499660 RMSE=3.777777
2025-08-26T11:58:58Z - INFO - [train_model] Epoch 120 | train (scaled) MSE: mean=0.000785 med=0.000209 std=0.001958 min=0.000000 max=0.038018 | val (scaled) MSE: mean=0.005732 med=0.005425 std=0.003999 min=0.000019 max=0.018822
2025-08-26T11:58:58Z - INFO - [train_model] Epoch 120 | train (price) MSE=1.999446 MAE=1.019942 RMSE=1.414018 | val (price) MSE=14.603293 MAE=3.528279 RMSE=3.821426
2025-08-26T11:58:58Z - INFO - [train_model] Epoch 121 | train (scaled) MSE: mean=0.000633 med=0.000165 std=0.001397 min=0.000000 max=0.021049 | val (scaled) MSE: mean=0.005348 med=0.002184 std=0.006094 min=0.000000 max=0.023482
2025-08-26T11:58:58Z - INFO - [train_model] Epoch 121 | train (price) MSE=1.612656 MAE=0.914199 RMSE=1.269904 | val (price) MSE=13.623190 MAE=3.104085 RMSE=3.690961
2025-08-26T11:58:59Z - INFO - [train_model] Epoch 122 | train (scaled) MSE: mean=0.000721 med=0.000171 std=0.001835 min=0.000000 max=0.037036 | val (scaled) MSE: mean=0.002663 med=0.001398 std=0.003126 min=0.000000 max=0.014152
2025-08-26T11:58:59Z - INFO - [train_model] Epoch 122 | train (price) MSE=1.836409 MAE=0.961991 RMSE=1.355142 | val (price) MSE=6.785149 MAE=2.118745 RMSE=2.604832
2025-08-26T11:58:59Z - INFO - [train_model] New best (price) val MSE=6.785149 at epoch 122; saved → /home/tbfs/Projects/finBert/output/20250826-075726/saved_weights/BMY/BMY_best-epoch122.pt
2025-08-26T11:59:00Z - INFO - [train_model] Epoch 123 | train (scaled) MSE: mean=0.000773 med=0.000171 std=0.001734 min=0.000000 max=0.027712 | val (scaled) MSE: mean=0.003202 med=0.001685 std=0.003136 min=0.000003 max=0.014154
2025-08-26T11:59:00Z - INFO - [train_model] Epoch 123 | train (price) MSE=1.968908 MAE=0.995647 RMSE=1.403178 | val (price) MSE=8.157215 MAE=2.473466 RMSE=2.856084
2025-08-26T11:59:00Z - INFO - [train_model] Epoch 124 | train (scaled) MSE: mean=0.000670 med=0.000149 std=0.001544 min=0.000000 max=0.021092 | val (scaled) MSE: mean=0.004646 med=0.002272 std=0.005520 min=0.000000 max=0.022114
2025-08-26T11:59:00Z - INFO - [train_model] Epoch 124 | train (price) MSE=1.706457 MAE=0.920769 RMSE=1.306314 | val (price) MSE=11.834638 MAE=2.821432 RMSE=3.440151
2025-08-26T11:59:01Z - INFO - [train_model] Epoch 125 | train (scaled) MSE: mean=0.000812 med=0.000173 std=0.002043 min=0.000000 max=0.028515 | val (scaled) MSE: mean=0.003556 med=0.001078 std=0.004860 min=0.000000 max=0.017598
2025-08-26T11:59:01Z - INFO - [train_model] Epoch 125 | train (price) MSE=2.067854 MAE=0.996558 RMSE=1.438004 | val (price) MSE=9.057973 MAE=2.254889 RMSE=3.009647
2025-08-26T11:59:02Z - INFO - [train_model] Epoch 126 | train (scaled) MSE: mean=0.000716 med=0.000176 std=0.001515 min=0.000000 max=0.023045 | val (scaled) MSE: mean=0.002986 med=0.000809 std=0.004210 min=0.000000 max=0.016827
2025-08-26T11:59:02Z - INFO - [train_model] Epoch 126 | train (price) MSE=1.824581 MAE=0.977629 RMSE=1.350771 | val (price) MSE=7.606880 MAE=2.038815 RMSE=2.758057
2025-08-26T11:59:03Z - INFO - [train_model] Epoch 127 | train (scaled) MSE: mean=0.000739 med=0.000166 std=0.001700 min=0.000000 max=0.022838 | val (scaled) MSE: mean=0.004136 med=0.001440 std=0.005244 min=0.000000 max=0.017980
2025-08-26T11:59:03Z - INFO - [train_model] Epoch 127 | train (price) MSE=1.881342 MAE=0.969589 RMSE=1.371620 | val (price) MSE=10.537618 MAE=2.551962 RMSE=3.246170
2025-08-26T11:59:03Z - INFO - [train_model] Epoch 128 | train (scaled) MSE: mean=0.000697 med=0.000150 std=0.001651 min=0.000000 max=0.023162 | val (scaled) MSE: mean=0.003888 med=0.002724 std=0.004202 min=0.000001 max=0.018301
2025-08-26T11:59:03Z - INFO - [train_model] Epoch 128 | train (price) MSE=1.776457 MAE=0.925574 RMSE=1.332838 | val (price) MSE=9.904826 MAE=2.623850 RMSE=3.147193
2025-08-26T11:59:04Z - INFO - [train_model] Epoch 129 | train (scaled) MSE: mean=0.000717 med=0.000146 std=0.001710 min=0.000000 max=0.032454 | val (scaled) MSE: mean=0.003420 med=0.001999 std=0.003487 min=0.000005 max=0.015011
2025-08-26T11:59:04Z - INFO - [train_model] Epoch 129 | train (price) MSE=1.826741 MAE=0.951072 RMSE=1.351570 | val (price) MSE=8.711908 MAE=2.532216 RMSE=2.951594
2025-08-26T11:59:05Z - INFO - [train_model] Epoch 130 | train (scaled) MSE: mean=0.000790 med=0.000163 std=0.001728 min=0.000000 max=0.021769 | val (scaled) MSE: mean=0.003655 med=0.002085 std=0.003849 min=0.000000 max=0.016347
2025-08-26T11:59:05Z - INFO - [train_model] Epoch 130 | train (price) MSE=2.012162 MAE=0.997542 RMSE=1.418507 | val (price) MSE=9.310227 MAE=2.609644 RMSE=3.051266
2025-08-26T11:59:06Z - INFO - [train_model] Epoch 131 | train (scaled) MSE: mean=0.000720 med=0.000168 std=0.001569 min=0.000000 max=0.025968 | val (scaled) MSE: mean=0.003628 med=0.002973 std=0.003343 min=0.000003 max=0.014684
2025-08-26T11:59:06Z - INFO - [train_model] Epoch 131 | train (price) MSE=1.835331 MAE=0.959075 RMSE=1.354744 | val (price) MSE=9.241336 MAE=2.690222 RMSE=3.039957
2025-08-26T11:59:06Z - INFO - [train_model] Epoch 132 | train (scaled) MSE: mean=0.000634 med=0.000140 std=0.001296 min=0.000000 max=0.016057 | val (scaled) MSE: mean=0.003229 med=0.001934 std=0.003525 min=0.000005 max=0.017314
2025-08-26T11:59:06Z - INFO - [train_model] Epoch 132 | train (price) MSE=1.616171 MAE=0.900094 RMSE=1.271287 | val (price) MSE=8.224660 MAE=2.432393 RMSE=2.867867
2025-08-26T11:59:07Z - INFO - [train_model] Epoch 133 | train (scaled) MSE: mean=0.000668 med=0.000149 std=0.001450 min=0.000000 max=0.018297 | val (scaled) MSE: mean=0.003517 med=0.002180 std=0.003747 min=0.000000 max=0.018258
2025-08-26T11:59:07Z - INFO - [train_model] Epoch 133 | train (price) MSE=1.702367 MAE=0.916919 RMSE=1.304748 | val (price) MSE=8.959580 MAE=2.561796 RMSE=2.993256
2025-08-26T11:59:08Z - INFO - [train_model] Epoch 134 | train (scaled) MSE: mean=0.000639 med=0.000140 std=0.001344 min=0.000000 max=0.017619 | val (scaled) MSE: mean=0.003683 med=0.002645 std=0.003611 min=0.000009 max=0.017157
2025-08-26T11:59:08Z - INFO - [train_model] Epoch 134 | train (price) MSE=1.627486 MAE=0.906645 RMSE=1.275730 | val (price) MSE=9.381646 MAE=2.669683 RMSE=3.062947
2025-08-26T11:59:08Z - INFO - [train_model] Epoch 135 | train (scaled) MSE: mean=0.000634 med=0.000137 std=0.001421 min=0.000000 max=0.019200 | val (scaled) MSE: mean=0.004051 med=0.003136 std=0.003668 min=0.000000 max=0.015855
2025-08-26T11:59:08Z - INFO - [train_model] Epoch 135 | train (price) MSE=1.614320 MAE=0.888220 RMSE=1.270559 | val (price) MSE=10.319062 MAE=2.836259 RMSE=3.212330
2025-08-26T11:59:09Z - INFO - [train_model] Epoch 136 | train (scaled) MSE: mean=0.000650 med=0.000140 std=0.001390 min=0.000000 max=0.018764 | val (scaled) MSE: mean=0.004052 med=0.003271 std=0.003464 min=0.000006 max=0.016512
2025-08-26T11:59:09Z - INFO - [train_model] Epoch 136 | train (price) MSE=1.655639 MAE=0.913342 RMSE=1.286716 | val (price) MSE=10.322391 MAE=2.888089 RMSE=3.212848
2025-08-26T11:59:10Z - INFO - [train_model] Epoch 137 | train (scaled) MSE: mean=0.000690 med=0.000174 std=0.001478 min=0.000000 max=0.020779 | val (scaled) MSE: mean=0.004248 med=0.003468 std=0.003471 min=0.000000 max=0.016017
2025-08-26T11:59:10Z - INFO - [train_model] Epoch 137 | train (price) MSE=1.757187 MAE=0.947169 RMSE=1.325589 | val (price) MSE=10.822335 MAE=2.982462 RMSE=3.289732
2025-08-26T11:59:11Z - INFO - [train_model] Epoch 138 | train (scaled) MSE: mean=0.000637 med=0.000135 std=0.001396 min=0.000000 max=0.017770 | val (scaled) MSE: mean=0.004133 med=0.001771 std=0.004591 min=0.000000 max=0.016581
2025-08-26T11:59:11Z - INFO - [train_model] Epoch 138 | train (price) MSE=1.622100 MAE=0.895888 RMSE=1.273617 | val (price) MSE=10.528866 MAE=2.725984 RMSE=3.244821
2025-08-26T11:59:11Z - INFO - [train_model] Epoch 139 | train (scaled) MSE: mean=0.000735 med=0.000140 std=0.001643 min=0.000000 max=0.018545 | val (scaled) MSE: mean=0.003459 med=0.002288 std=0.003399 min=0.000003 max=0.015706
2025-08-26T11:59:11Z - INFO - [train_model] Epoch 139 | train (price) MSE=1.872811 MAE=0.947848 RMSE=1.368507 | val (price) MSE=8.812167 MAE=2.580213 RMSE=2.968530
2025-08-26T11:59:12Z - INFO - [train_model] Epoch 140 | train (scaled) MSE: mean=0.000689 med=0.000132 std=0.001559 min=0.000000 max=0.019889 | val (scaled) MSE: mean=0.003683 med=0.002891 std=0.003554 min=0.000000 max=0.016137
2025-08-26T11:59:12Z - INFO - [train_model] Epoch 140 | train (price) MSE=1.754087 MAE=0.911910 RMSE=1.324420 | val (price) MSE=9.381441 MAE=2.669783 RMSE=3.062914
2025-08-26T11:59:13Z - INFO - [train_model] Epoch 141 | train (scaled) MSE: mean=0.000613 med=0.000140 std=0.001479 min=0.000000 max=0.022016 | val (scaled) MSE: mean=0.003825 med=0.002400 std=0.003926 min=0.000000 max=0.016379
2025-08-26T11:59:13Z - INFO - [train_model] Epoch 141 | train (price) MSE=1.562012 MAE=0.876768 RMSE=1.249805 | val (price) MSE=9.743801 MAE=2.668780 RMSE=3.121506
2025-08-26T11:59:13Z - INFO - [train_model] Epoch 142 | train (scaled) MSE: mean=0.000717 med=0.000150 std=0.001627 min=0.000000 max=0.021070 | val (scaled) MSE: mean=0.003176 med=0.002051 std=0.003362 min=0.000001 max=0.015331
2025-08-26T11:59:13Z - INFO - [train_model] Epoch 142 | train (price) MSE=1.826666 MAE=0.939668 RMSE=1.351542 | val (price) MSE=8.091646 MAE=2.425807 RMSE=2.844582
2025-08-26T11:59:14Z - INFO - [train_model] Epoch 143 | train (scaled) MSE: mean=0.000600 med=0.000140 std=0.001277 min=0.000000 max=0.014410 | val (scaled) MSE: mean=0.003243 med=0.002319 std=0.003433 min=0.000002 max=0.016943
2025-08-26T11:59:14Z - INFO - [train_model] Epoch 143 | train (price) MSE=1.528895 MAE=0.870495 RMSE=1.236485 | val (price) MSE=8.261616 MAE=2.465937 RMSE=2.874303
2025-08-26T11:59:15Z - INFO - [train_model] Epoch 144 | train (scaled) MSE: mean=0.000646 med=0.000139 std=0.001505 min=0.000000 max=0.020834 | val (scaled) MSE: mean=0.003432 med=0.002164 std=0.003739 min=0.000001 max=0.016876
2025-08-26T11:59:15Z - INFO - [train_model] Epoch 144 | train (price) MSE=1.646911 MAE=0.895539 RMSE=1.283320 | val (price) MSE=8.743765 MAE=2.490384 RMSE=2.956986
2025-08-26T11:59:15Z - INFO - [train_model] Epoch 145 | train (scaled) MSE: mean=0.000640 med=0.000140 std=0.001421 min=0.000000 max=0.016235 | val (scaled) MSE: mean=0.003058 med=0.001957 std=0.003446 min=0.000000 max=0.016833
2025-08-26T11:59:15Z - INFO - [train_model] Epoch 145 | train (price) MSE=1.630293 MAE=0.893665 RMSE=1.276829 | val (price) MSE=7.791294 MAE=2.329647 RMSE=2.791289
2025-08-26T11:59:16Z - INFO - [train_model] Epoch 146 | train (scaled) MSE: mean=0.000596 med=0.000118 std=0.001404 min=0.000000 max=0.020905 | val (scaled) MSE: mean=0.002995 med=0.001937 std=0.003383 min=0.000011 max=0.017288
2025-08-26T11:59:16Z - INFO - [train_model] Epoch 146 | train (price) MSE=1.518124 MAE=0.854699 RMSE=1.232122 | val (price) MSE=7.630720 MAE=2.317765 RMSE=2.762376
2025-08-26T11:59:17Z - INFO - [train_model] Epoch 147 | train (scaled) MSE: mean=0.000615 med=0.000136 std=0.001402 min=0.000000 max=0.021137 | val (scaled) MSE: mean=0.002900 med=0.001081 std=0.003759 min=0.000000 max=0.017266
2025-08-26T11:59:17Z - INFO - [train_model] Epoch 147 | train (price) MSE=1.566075 MAE=0.876591 RMSE=1.251429 | val (price) MSE=7.387620 MAE=2.106978 RMSE=2.718018
2025-08-26T11:59:18Z - INFO - [train_model] Epoch 148 | train (scaled) MSE: mean=0.000600 med=0.000138 std=0.001414 min=0.000000 max=0.020321 | val (scaled) MSE: mean=0.002991 med=0.001113 std=0.003861 min=0.000000 max=0.017341
2025-08-26T11:59:18Z - INFO - [train_model] Epoch 148 | train (price) MSE=1.528230 MAE=0.861186 RMSE=1.236216 | val (price) MSE=7.620666 MAE=2.137994 RMSE=2.760555
2025-08-26T11:59:18Z - INFO - [train_model] Epoch 149 | train (scaled) MSE: mean=0.000625 med=0.000128 std=0.001491 min=0.000000 max=0.023321 | val (scaled) MSE: mean=0.002846 med=0.000809 std=0.003933 min=0.000000 max=0.016713
2025-08-26T11:59:18Z - INFO - [train_model] Epoch 149 | train (price) MSE=1.593368 MAE=0.874434 RMSE=1.262287 | val (price) MSE=7.249444 MAE=2.015000 RMSE=2.692479
2025-08-26T11:59:19Z - INFO - [train_model] Epoch 150 | train (scaled) MSE: mean=0.000747 med=0.000193 std=0.001545 min=0.000000 max=0.018995 | val (scaled) MSE: mean=0.002793 med=0.001880 std=0.003380 min=0.000000 max=0.016640
2025-08-26T11:59:19Z - INFO - [train_model] Epoch 150 | train (price) MSE=1.902631 MAE=0.996520 RMSE=1.379359 | val (price) MSE=7.115204 MAE=2.221067 RMSE=2.667434
2025-08-26T11:59:20Z - INFO - [train_model] Epoch 151 | train (scaled) MSE: mean=0.000776 med=0.000196 std=0.001540 min=0.000000 max=0.018825 | val (scaled) MSE: mean=0.002739 med=0.001607 std=0.003332 min=0.000001 max=0.016766
2025-08-26T11:59:20Z - INFO - [train_model] Epoch 151 | train (price) MSE=1.977034 MAE=1.015577 RMSE=1.406071 | val (price) MSE=6.976465 MAE=2.149914 RMSE=2.641300
2025-08-26T11:59:20Z - INFO - [train_model] Epoch 152 | train (scaled) MSE: mean=0.000648 med=0.000148 std=0.001393 min=0.000000 max=0.016882 | val (scaled) MSE: mean=0.003271 med=0.001031 std=0.004571 min=0.000000 max=0.016551
2025-08-26T11:59:20Z - INFO - [train_model] Epoch 152 | train (price) MSE=1.651620 MAE=0.909420 RMSE=1.285154 | val (price) MSE=8.331755 MAE=2.130823 RMSE=2.886478
2025-08-26T11:59:21Z - INFO - [train_model] Epoch 153 | train (scaled) MSE: mean=0.000677 med=0.000157 std=0.001467 min=0.000000 max=0.019574 | val (scaled) MSE: mean=0.002202 med=0.001202 std=0.002893 min=0.000000 max=0.015696
2025-08-26T11:59:21Z - INFO - [train_model] Epoch 153 | train (price) MSE=1.724359 MAE=0.934250 RMSE=1.313148 | val (price) MSE=5.610038 MAE=1.893418 RMSE=2.368552
2025-08-26T11:59:21Z - INFO - [train_model] New best (price) val MSE=5.610038 at epoch 153; saved → /home/tbfs/Projects/finBert/output/20250826-075726/saved_weights/BMY/BMY_best-epoch153.pt
2025-08-26T11:59:22Z - INFO - [train_model] Epoch 154 | train (scaled) MSE: mean=0.000741 med=0.000170 std=0.001522 min=0.000000 max=0.020323 | val (scaled) MSE: mean=0.002487 med=0.000853 std=0.003471 min=0.000000 max=0.017043
2025-08-26T11:59:22Z - INFO - [train_model] Epoch 154 | train (price) MSE=1.887869 MAE=0.976641 RMSE=1.373998 | val (price) MSE=6.335228 MAE=1.906683 RMSE=2.516988
2025-08-26T11:59:23Z - INFO - [train_model] Epoch 155 | train (scaled) MSE: mean=0.000637 med=0.000163 std=0.001497 min=0.000000 max=0.024034 | val (scaled) MSE: mean=0.002364 med=0.000845 std=0.003358 min=0.000000 max=0.017086
2025-08-26T11:59:23Z - INFO - [train_model] Epoch 155 | train (price) MSE=1.622511 MAE=0.910272 RMSE=1.273778 | val (price) MSE=6.023151 MAE=1.855960 RMSE=2.454211
2025-08-26T11:59:23Z - INFO - [train_model] Epoch 156 | train (scaled) MSE: mean=0.000607 med=0.000167 std=0.001291 min=0.000000 max=0.016576 | val (scaled) MSE: mean=0.002142 med=0.000928 std=0.003053 min=0.000000 max=0.018082
2025-08-26T11:59:23Z - INFO - [train_model] Epoch 156 | train (price) MSE=1.546703 MAE=0.899597 RMSE=1.243665 | val (price) MSE=5.456315 MAE=1.826752 RMSE=2.335876
2025-08-26T11:59:23Z - INFO - [train_model] New best (price) val MSE=5.456315 at epoch 156; saved → /home/tbfs/Projects/finBert/output/20250826-075726/saved_weights/BMY/BMY_best-epoch156.pt
2025-08-26T11:59:24Z - INFO - [train_model] Epoch 157 | train (scaled) MSE: mean=0.000703 med=0.000175 std=0.001492 min=0.000000 max=0.022958 | val (scaled) MSE: mean=0.002399 med=0.001049 std=0.003246 min=0.000000 max=0.017702
2025-08-26T11:59:24Z - INFO - [train_model] Epoch 157 | train (price) MSE=1.791940 MAE=0.961445 RMSE=1.338634 | val (price) MSE=6.110700 MAE=1.904740 RMSE=2.471983
2025-08-26T11:59:25Z - INFO - [train_model] Epoch 158 | train (scaled) MSE: mean=0.000650 med=0.000152 std=0.001471 min=0.000000 max=0.024302 | val (scaled) MSE: mean=0.002440 med=0.000760 std=0.003472 min=0.000000 max=0.018388
2025-08-26T11:59:25Z - INFO - [train_model] Epoch 158 | train (price) MSE=1.657037 MAE=0.912259 RMSE=1.287260 | val (price) MSE=6.216828 MAE=1.884818 RMSE=2.493357
2025-08-26T11:59:25Z - INFO - [train_model] Epoch 159 | train (scaled) MSE: mean=0.000640 med=0.000143 std=0.001471 min=0.000000 max=0.021079 | val (scaled) MSE: mean=0.002505 med=0.001463 std=0.003100 min=0.000000 max=0.016967
2025-08-26T11:59:25Z - INFO - [train_model] Epoch 159 | train (price) MSE=1.630363 MAE=0.899151 RMSE=1.276857 | val (price) MSE=6.380350 MAE=2.118222 RMSE=2.525935
2025-08-26T11:59:26Z - INFO - [train_model] Epoch 160 | train (scaled) MSE: mean=0.000713 med=0.000166 std=0.001522 min=0.000000 max=0.019986 | val (scaled) MSE: mean=0.002679 med=0.001912 std=0.003249 min=0.000002 max=0.016378
2025-08-26T11:59:26Z - INFO - [train_model] Epoch 160 | train (price) MSE=1.815276 MAE=0.965745 RMSE=1.347322 | val (price) MSE=6.824130 MAE=2.175400 RMSE=2.612304
2025-08-26T11:59:27Z - INFO - [train_model] Epoch 161 | train (scaled) MSE: mean=0.000661 med=0.000168 std=0.001551 min=0.000000 max=0.022450 | val (scaled) MSE: mean=0.002604 med=0.001428 std=0.003142 min=0.000001 max=0.015233
2025-08-26T11:59:27Z - INFO - [train_model] Epoch 161 | train (price) MSE=1.683319 MAE=0.925241 RMSE=1.297428 | val (price) MSE=6.632653 MAE=2.109736 RMSE=2.575394
2025-08-26T11:59:28Z - INFO - [train_model] Epoch 162 | train (scaled) MSE: mean=0.000558 med=0.000157 std=0.001328 min=0.000000 max=0.019747 | val (scaled) MSE: mean=0.002403 med=0.001135 std=0.003014 min=0.000000 max=0.016011
2025-08-26T11:59:28Z - INFO - [train_model] Epoch 162 | train (price) MSE=1.422123 MAE=0.854029 RMSE=1.192528 | val (price) MSE=6.122753 MAE=1.988275 RMSE=2.474420
2025-08-26T11:59:28Z - INFO - [train_model] Epoch 163 | train (scaled) MSE: mean=0.000543 med=0.000146 std=0.001211 min=0.000000 max=0.017686 | val (scaled) MSE: mean=0.002723 med=0.001340 std=0.003619 min=0.000001 max=0.017409
2025-08-26T11:59:28Z - INFO - [train_model] Epoch 163 | train (price) MSE=1.383560 MAE=0.837007 RMSE=1.176248 | val (price) MSE=6.936423 MAE=2.030441 RMSE=2.633709
2025-08-26T11:59:29Z - INFO - [train_model] Epoch 164 | train (scaled) MSE: mean=0.000567 med=0.000128 std=0.001304 min=0.000000 max=0.018791 | val (scaled) MSE: mean=0.002585 med=0.001649 std=0.003127 min=0.000000 max=0.017087
2025-08-26T11:59:29Z - INFO - [train_model] Epoch 164 | train (price) MSE=1.443474 MAE=0.848985 RMSE=1.201447 | val (price) MSE=6.584988 MAE=2.167515 RMSE=2.566123
2025-08-26T11:59:30Z - INFO - [train_model] Epoch 165 | train (scaled) MSE: mean=0.000580 med=0.000143 std=0.001271 min=0.000000 max=0.017959 | val (scaled) MSE: mean=0.002379 med=0.001227 std=0.003161 min=0.000000 max=0.018239
2025-08-26T11:59:30Z - INFO - [train_model] Epoch 165 | train (price) MSE=1.476794 MAE=0.866519 RMSE=1.215234 | val (price) MSE=6.061584 MAE=1.987490 RMSE=2.462028
2025-08-26T11:59:30Z - INFO - [train_model] Epoch 166 | train (scaled) MSE: mean=0.000622 med=0.000135 std=0.001467 min=0.000000 max=0.020077 | val (scaled) MSE: mean=0.002881 med=0.001647 std=0.003228 min=0.000001 max=0.017246
2025-08-26T11:59:30Z - INFO - [train_model] Epoch 166 | train (price) MSE=1.583560 MAE=0.878377 RMSE=1.258396 | val (price) MSE=7.338851 MAE=2.337831 RMSE=2.709031
2025-08-26T11:59:31Z - INFO - [train_model] Epoch 167 | train (scaled) MSE: mean=0.000595 med=0.000151 std=0.001381 min=0.000000 max=0.019641 | val (scaled) MSE: mean=0.002452 med=0.001252 std=0.003154 min=0.000001 max=0.017111
2025-08-26T11:59:31Z - INFO - [train_model] Epoch 167 | train (price) MSE=1.516823 MAE=0.874023 RMSE=1.231594 | val (price) MSE=6.245320 MAE=2.079417 RMSE=2.499064
2025-08-26T11:59:32Z - INFO - [train_model] Epoch 168 | train (scaled) MSE: mean=0.000571 med=0.000140 std=0.001324 min=0.000000 max=0.018253 | val (scaled) MSE: mean=0.002297 med=0.001131 std=0.003123 min=0.000000 max=0.018005
2025-08-26T11:59:32Z - INFO - [train_model] Epoch 168 | train (price) MSE=1.453356 MAE=0.850081 RMSE=1.205552 | val (price) MSE=5.850585 MAE=1.906199 RMSE=2.418798
2025-08-26T11:59:33Z - INFO - [train_model] Epoch 169 | train (scaled) MSE: mean=0.000539 med=0.000112 std=0.001328 min=0.000000 max=0.019902 | val (scaled) MSE: mean=0.002166 med=0.000791 std=0.003160 min=0.000000 max=0.018770
2025-08-26T11:59:33Z - INFO - [train_model] Epoch 169 | train (price) MSE=1.371821 MAE=0.805830 RMSE=1.171247 | val (price) MSE=5.518495 MAE=1.798643 RMSE=2.349148
2025-08-26T11:59:33Z - INFO - [train_model] Epoch 170 | train (scaled) MSE: mean=0.000517 med=0.000098 std=0.001296 min=0.000000 max=0.019438 | val (scaled) MSE: mean=0.002744 med=0.000891 std=0.003813 min=0.000001 max=0.017778
2025-08-26T11:59:33Z - INFO - [train_model] Epoch 170 | train (price) MSE=1.316168 MAE=0.791603 RMSE=1.147244 | val (price) MSE=6.990655 MAE=2.032212 RMSE=2.643985
2025-08-26T11:59:34Z - INFO - [train_model] Epoch 171 | train (scaled) MSE: mean=0.000544 med=0.000108 std=0.001366 min=0.000000 max=0.021098 | val (scaled) MSE: mean=0.002133 med=0.000806 std=0.003174 min=0.000000 max=0.018422
2025-08-26T11:59:34Z - INFO - [train_model] Epoch 171 | train (price) MSE=1.385551 MAE=0.808360 RMSE=1.177094 | val (price) MSE=5.434683 MAE=1.821660 RMSE=2.331241
2025-08-26T11:59:34Z - INFO - [train_model] New best (price) val MSE=5.434683 at epoch 171; saved → /home/tbfs/Projects/finBert/output/20250826-075726/saved_weights/BMY/BMY_best-epoch171.pt
2025-08-26T11:59:35Z - INFO - [train_model] Epoch 172 | train (scaled) MSE: mean=0.000651 med=0.000140 std=0.001477 min=0.000000 max=0.019493 | val (scaled) MSE: mean=0.001841 med=0.000746 std=0.003045 min=0.000000 max=0.018052
2025-08-26T11:59:35Z - INFO - [train_model] Epoch 172 | train (price) MSE=1.658766 MAE=0.903981 RMSE=1.287931 | val (price) MSE=4.690236 MAE=1.687990 RMSE=2.165695
2025-08-26T11:59:35Z - INFO - [train_model] New best (price) val MSE=4.690236 at epoch 172; saved → /home/tbfs/Projects/finBert/output/20250826-075726/saved_weights/BMY/BMY_best-epoch172.pt
2025-08-26T11:59:35Z - INFO - [train_model] Epoch 173 | train (scaled) MSE: mean=0.000679 med=0.000169 std=0.001523 min=0.000000 max=0.018867 | val (scaled) MSE: mean=0.001947 med=0.000642 std=0.003054 min=0.000000 max=0.017936
2025-08-26T11:59:35Z - INFO - [train_model] Epoch 173 | train (price) MSE=1.730515 MAE=0.937425 RMSE=1.315490 | val (price) MSE=4.958730 MAE=1.705059 RMSE=2.226821
2025-08-26T11:59:36Z - INFO - [train_model] Epoch 174 | train (scaled) MSE: mean=0.000603 med=0.000126 std=0.001480 min=0.000000 max=0.023309 | val (scaled) MSE: mean=0.003008 med=0.001056 std=0.004209 min=0.000001 max=0.018533
2025-08-26T11:59:36Z - INFO - [train_model] Epoch 174 | train (price) MSE=1.537067 MAE=0.860985 RMSE=1.239785 | val (price) MSE=7.662288 MAE=2.160950 RMSE=2.768084
2025-08-26T11:59:37Z - INFO - [train_model] Epoch 175 | train (scaled) MSE: mean=0.000584 med=0.000099 std=0.001458 min=0.000000 max=0.020524 | val (scaled) MSE: mean=0.001729 med=0.000609 std=0.002859 min=0.000000 max=0.018690
2025-08-26T11:59:37Z - INFO - [train_model] Epoch 175 | train (price) MSE=1.487913 MAE=0.827222 RMSE=1.219800 | val (price) MSE=4.404813 MAE=1.598817 RMSE=2.098765
2025-08-26T11:59:37Z - INFO - [train_model] New best (price) val MSE=4.404813 at epoch 175; saved → /home/tbfs/Projects/finBert/output/20250826-075726/saved_weights/BMY/BMY_best-epoch175.pt
2025-08-26T11:59:38Z - INFO - [train_model] Epoch 176 | train (scaled) MSE: mean=0.000570 med=0.000131 std=0.001329 min=0.000000 max=0.018987 | val (scaled) MSE: mean=0.002010 med=0.000799 std=0.003087 min=0.000000 max=0.019583
2025-08-26T11:59:38Z - INFO - [train_model] Epoch 176 | train (price) MSE=1.451099 MAE=0.843605 RMSE=1.204616 | val (price) MSE=5.120408 MAE=1.785147 RMSE=2.262832
2025-08-26T11:59:38Z - INFO - [train_model] Epoch 177 | train (scaled) MSE: mean=0.000563 med=0.000111 std=0.001471 min=0.000000 max=0.026419 | val (scaled) MSE: mean=0.001956 med=0.000832 std=0.003043 min=0.000000 max=0.020169
2025-08-26T11:59:38Z - INFO - [train_model] Epoch 177 | train (price) MSE=1.434381 MAE=0.825632 RMSE=1.197657 | val (price) MSE=4.982749 MAE=1.764896 RMSE=2.232207
2025-08-26T11:59:39Z - INFO - [train_model] Epoch 178 | train (scaled) MSE: mean=0.000572 med=0.000112 std=0.001452 min=0.000000 max=0.025259 | val (scaled) MSE: mean=0.002379 med=0.001720 std=0.003010 min=0.000000 max=0.019048
2025-08-26T11:59:39Z - INFO - [train_model] Epoch 178 | train (price) MSE=1.456992 MAE=0.829754 RMSE=1.207059 | val (price) MSE=6.060912 MAE=1.999557 RMSE=2.461892
2025-08-26T11:59:40Z - INFO - [train_model] Epoch 179 | train (scaled) MSE: mean=0.000571 med=0.000123 std=0.001550 min=0.000000 max=0.029673 | val (scaled) MSE: mean=0.002391 med=0.001266 std=0.003055 min=0.000014 max=0.019545
2025-08-26T11:59:40Z - INFO - [train_model] Epoch 179 | train (price) MSE=1.455323 MAE=0.835050 RMSE=1.206368 | val (price) MSE=6.091037 MAE=2.044721 RMSE=2.468003
2025-08-26T11:59:41Z - INFO - [train_model] Epoch 180 | train (scaled) MSE: mean=0.000571 med=0.000120 std=0.001307 min=0.000000 max=0.019435 | val (scaled) MSE: mean=0.001597 med=0.000726 std=0.002654 min=0.000000 max=0.018196
2025-08-26T11:59:41Z - INFO - [train_model] Epoch 180 | train (price) MSE=1.455797 MAE=0.839497 RMSE=1.206564 | val (price) MSE=4.069025 MAE=1.615724 RMSE=2.017183
2025-08-26T11:59:41Z - INFO - [train_model] New best (price) val MSE=4.069025 at epoch 180; saved → /home/tbfs/Projects/finBert/output/20250826-075726/saved_weights/BMY/BMY_best-epoch180.pt
2025-08-26T11:59:41Z - INFO - [train_model] Epoch 181 | train (scaled) MSE: mean=0.000556 med=0.000128 std=0.001353 min=0.000000 max=0.023289 | val (scaled) MSE: mean=0.002005 med=0.000963 std=0.002931 min=0.000000 max=0.019765
2025-08-26T11:59:41Z - INFO - [train_model] Epoch 181 | train (price) MSE=1.416002 MAE=0.837301 RMSE=1.189959 | val (price) MSE=5.107886 MAE=1.831966 RMSE=2.260063
2025-08-26T11:59:42Z - INFO - [train_model] Epoch 182 | train (scaled) MSE: mean=0.000551 med=0.000113 std=0.001432 min=0.000000 max=0.027190 | val (scaled) MSE: mean=0.001894 med=0.001072 std=0.002894 min=0.000003 max=0.020448
2025-08-26T11:59:42Z - INFO - [train_model] Epoch 182 | train (price) MSE=1.403095 MAE=0.819943 RMSE=1.184523 | val (price) MSE=4.825765 MAE=1.792455 RMSE=2.196762
2025-08-26T11:59:43Z - INFO - [train_model] Epoch 183 | train (scaled) MSE: mean=0.000562 med=0.000115 std=0.001602 min=0.000000 max=0.031764 | val (scaled) MSE: mean=0.002022 med=0.000994 std=0.003024 min=0.000002 max=0.020840
2025-08-26T11:59:43Z - INFO - [train_model] Epoch 183 | train (price) MSE=1.431906 MAE=0.816958 RMSE=1.196623 | val (price) MSE=5.151632 MAE=1.876488 RMSE=2.269721
2025-08-26T11:59:43Z - INFO - [train_model] Epoch 184 | train (scaled) MSE: mean=0.000593 med=0.000120 std=0.001654 min=0.000000 max=0.033024 | val (scaled) MSE: mean=0.002655 med=0.001510 std=0.003338 min=0.000001 max=0.020732
2025-08-26T11:59:43Z - INFO - [train_model] Epoch 184 | train (price) MSE=1.511005 MAE=0.845112 RMSE=1.229229 | val (price) MSE=6.764367 MAE=2.176507 RMSE=2.600840
2025-08-26T11:59:44Z - INFO - [train_model] Epoch 185 | train (scaled) MSE: mean=0.000557 med=0.000121 std=0.001588 min=0.000000 max=0.032232 | val (scaled) MSE: mean=0.002765 med=0.001671 std=0.003418 min=0.000004 max=0.020742
2025-08-26T11:59:44Z - INFO - [train_model] Epoch 185 | train (price) MSE=1.419676 MAE=0.817528 RMSE=1.191501 | val (price) MSE=7.043897 MAE=2.239497 RMSE=2.654034
2025-08-26T11:59:45Z - INFO - [train_model] Epoch 186 | train (scaled) MSE: mean=0.000547 med=0.000114 std=0.001463 min=0.000000 max=0.029122 | val (scaled) MSE: mean=0.002430 med=0.001785 std=0.003146 min=0.000000 max=0.021117
2025-08-26T11:59:45Z - INFO - [train_model] Epoch 186 | train (price) MSE=1.393646 MAE=0.822685 RMSE=1.180528 | val (price) MSE=6.190163 MAE=2.081164 RMSE=2.488004
2025-08-26T11:59:46Z - INFO - [train_model] Epoch 187 | train (scaled) MSE: mean=0.000528 med=0.000111 std=0.001346 min=0.000000 max=0.026069 | val (scaled) MSE: mean=0.003102 med=0.002131 std=0.003293 min=0.000003 max=0.019044
2025-08-26T11:59:46Z - INFO - [train_model] Epoch 187 | train (price) MSE=1.344007 MAE=0.813285 RMSE=1.159313 | val (price) MSE=7.903439 MAE=2.429255 RMSE=2.811306
2025-08-26T11:59:46Z - INFO - [train_model] Epoch 188 | train (scaled) MSE: mean=0.000519 med=0.000104 std=0.001384 min=0.000000 max=0.027529 | val (scaled) MSE: mean=0.003001 med=0.001954 std=0.003412 min=0.000000 max=0.019855
2025-08-26T11:59:46Z - INFO - [train_model] Epoch 188 | train (price) MSE=1.322597 MAE=0.796467 RMSE=1.150042 | val (price) MSE=7.645912 MAE=2.361297 RMSE=2.765124
2025-08-26T11:59:47Z - INFO - [train_model] Epoch 189 | train (scaled) MSE: mean=0.000563 med=0.000118 std=0.001376 min=0.000000 max=0.025984 | val (scaled) MSE: mean=0.002979 med=0.001993 std=0.003204 min=0.000003 max=0.018159
2025-08-26T11:59:47Z - INFO - [train_model] Epoch 189 | train (price) MSE=1.433654 MAE=0.843568 RMSE=1.197353 | val (price) MSE=7.588539 MAE=2.355482 RMSE=2.754730
2025-08-26T11:59:48Z - INFO - [train_model] Epoch 190 | train (scaled) MSE: mean=0.000530 med=0.000125 std=0.001328 min=0.000000 max=0.025843 | val (scaled) MSE: mean=0.002206 med=0.001408 std=0.002852 min=0.000000 max=0.018871
2025-08-26T11:59:48Z - INFO - [train_model] Epoch 190 | train (price) MSE=1.350358 MAE=0.822567 RMSE=1.162049 | val (price) MSE=5.620218 MAE=1.960026 RMSE=2.370700
2025-08-26T11:59:48Z - INFO - [train_model] Epoch 191 | train (scaled) MSE: mean=0.000591 med=0.000153 std=0.001464 min=0.000000 max=0.026813 | val (scaled) MSE: mean=0.002061 med=0.001181 std=0.002819 min=0.000000 max=0.018838
2025-08-26T11:59:48Z - INFO - [train_model] Epoch 191 | train (price) MSE=1.506463 MAE=0.866208 RMSE=1.227380 | val (price) MSE=5.250111 MAE=1.893634 RMSE=2.291312
2025-08-26T11:59:49Z - INFO - [train_model] Epoch 192 | train (scaled) MSE: mean=0.000538 med=0.000133 std=0.001255 min=0.000000 max=0.021693 | val (scaled) MSE: mean=0.002493 med=0.001654 std=0.002889 min=0.000001 max=0.018461
2025-08-26T11:59:49Z - INFO - [train_model] Epoch 192 | train (price) MSE=1.371806 MAE=0.828948 RMSE=1.171241 | val (price) MSE=6.351916 MAE=2.139551 RMSE=2.520301
2025-08-26T11:59:50Z - INFO - [train_model] Epoch 193 | train (scaled) MSE: mean=0.000522 med=0.000126 std=0.001329 min=0.000000 max=0.025572 | val (scaled) MSE: mean=0.002521 med=0.001851 std=0.002899 min=0.000000 max=0.018194
2025-08-26T11:59:50Z - INFO - [train_model] Epoch 193 | train (price) MSE=1.329802 MAE=0.817666 RMSE=1.153171 | val (price) MSE=6.421594 MAE=2.149577 RMSE=2.534086
2025-08-26T11:59:51Z - INFO - [train_model] Epoch 194 | train (scaled) MSE: mean=0.000516 med=0.000118 std=0.001260 min=0.000000 max=0.023519 | val (scaled) MSE: mean=0.002931 med=0.002163 std=0.003055 min=0.000000 max=0.017703
2025-08-26T11:59:51Z - INFO - [train_model] Epoch 194 | train (price) MSE=1.315067 MAE=0.810032 RMSE=1.146764 | val (price) MSE=7.466444 MAE=2.354997 RMSE=2.732479
2025-08-26T11:59:51Z - INFO - [train_model] Epoch 195 | train (scaled) MSE: mean=0.000488 med=0.000125 std=0.001263 min=0.000000 max=0.024860 | val (scaled) MSE: mean=0.002844 med=0.002167 std=0.003033 min=0.000001 max=0.017940
2025-08-26T11:59:51Z - INFO - [train_model] Epoch 195 | train (price) MSE=1.242955 MAE=0.792838 RMSE=1.114879 | val (price) MSE=7.244075 MAE=2.317933 RMSE=2.691482
2025-08-26T11:59:52Z - INFO - [train_model] Epoch 196 | train (scaled) MSE: mean=0.000492 med=0.000130 std=0.001165 min=0.000000 max=0.020864 | val (scaled) MSE: mean=0.003109 med=0.001971 std=0.003288 min=0.000000 max=0.017654
2025-08-26T11:59:52Z - INFO - [train_model] Epoch 196 | train (price) MSE=1.253300 MAE=0.797399 RMSE=1.119509 | val (price) MSE=7.921283 MAE=2.423966 RMSE=2.814477
2025-08-26T11:59:53Z - INFO - [train_model] Epoch 197 | train (scaled) MSE: mean=0.000475 med=0.000123 std=0.001112 min=0.000000 max=0.019593 | val (scaled) MSE: mean=0.003403 med=0.002300 std=0.003597 min=0.000003 max=0.017947
2025-08-26T11:59:53Z - INFO - [train_model] Epoch 197 | train (price) MSE=1.209549 MAE=0.789015 RMSE=1.099795 | val (price) MSE=8.670037 MAE=2.531070 RMSE=2.944493
2025-08-26T11:59:54Z - INFO - [train_model] Epoch 198 | train (scaled) MSE: mean=0.000454 med=0.000099 std=0.001073 min=0.000000 max=0.017919 | val (scaled) MSE: mean=0.003719 med=0.002378 std=0.003892 min=0.000000 max=0.018406
2025-08-26T11:59:54Z - INFO - [train_model] Epoch 198 | train (price) MSE=1.156117 MAE=0.763351 RMSE=1.075229 | val (price) MSE=9.473472 MAE=2.647554 RMSE=3.077901
2025-08-26T11:59:54Z - INFO - [train_model] Epoch 199 | train (scaled) MSE: mean=0.000456 med=0.000111 std=0.001072 min=0.000000 max=0.017622 | val (scaled) MSE: mean=0.003441 med=0.002240 std=0.003766 min=0.000000 max=0.018828
2025-08-26T11:59:54Z - INFO - [train_model] Epoch 199 | train (price) MSE=1.162038 MAE=0.763294 RMSE=1.077979 | val (price) MSE=8.766577 MAE=2.526862 RMSE=2.960841
2025-08-26T11:59:55Z - INFO - [train_model] Epoch 200 | train (scaled) MSE: mean=0.000443 med=0.000110 std=0.001094 min=0.000000 max=0.019087 | val (scaled) MSE: mean=0.003496 med=0.002406 std=0.003754 min=0.000000 max=0.019497
2025-08-26T11:59:55Z - INFO - [train_model] Epoch 200 | train (price) MSE=1.128733 MAE=0.747015 RMSE=1.062419 | val (price) MSE=8.905087 MAE=2.562331 RMSE=2.984139
2025-08-26T11:59:56Z - INFO - [train_model] Epoch 201 | train (scaled) MSE: mean=0.000477 med=0.000102 std=0.001214 min=0.000000 max=0.018808 | val (scaled) MSE: mean=0.002702 med=0.001298 std=0.003549 min=0.000003 max=0.020160
2025-08-26T11:59:56Z - INFO - [train_model] Epoch 201 | train (price) MSE=1.216412 MAE=0.763912 RMSE=1.102911 | val (price) MSE=6.883527 MAE=2.130551 RMSE=2.623648
2025-08-26T11:59:57Z - INFO - [train_model] Epoch 202 | train (scaled) MSE: mean=0.000454 med=0.000087 std=0.001099 min=0.000000 max=0.018023 | val (scaled) MSE: mean=0.003903 med=0.002343 std=0.004308 min=0.000000 max=0.021694
2025-08-26T11:59:57Z - INFO - [train_model] Epoch 202 | train (price) MSE=1.155343 MAE=0.740933 RMSE=1.074869 | val (price) MSE=9.944046 MAE=2.646052 RMSE=3.153418
2025-08-26T11:59:57Z - INFO - [train_model] Epoch 203 | train (scaled) MSE: mean=0.000500 med=0.000100 std=0.001215 min=0.000000 max=0.018916 | val (scaled) MSE: mean=0.003505 med=0.002533 std=0.004110 min=0.000000 max=0.024830
2025-08-26T11:59:57Z - INFO - [train_model] Epoch 203 | train (price) MSE=1.274038 MAE=0.775250 RMSE=1.128733 | val (price) MSE=8.928750 MAE=2.521228 RMSE=2.988101
2025-08-26T11:59:58Z - INFO - [train_model] Epoch 204 | train (scaled) MSE: mean=0.000487 med=0.000090 std=0.001143 min=0.000000 max=0.017254 | val (scaled) MSE: mean=0.003777 med=0.002702 std=0.004264 min=0.000001 max=0.024075
2025-08-26T11:59:58Z - INFO - [train_model] Epoch 204 | train (price) MSE=1.240609 MAE=0.766197 RMSE=1.113826 | val (price) MSE=9.621632 MAE=2.617863 RMSE=3.101876
2025-08-26T11:59:59Z - INFO - [train_model] Epoch 205 | train (scaled) MSE: mean=0.000508 med=0.000096 std=0.001206 min=0.000000 max=0.017953 | val (scaled) MSE: mean=0.002780 med=0.001549 std=0.003489 min=0.000000 max=0.021899
2025-08-26T11:59:59Z - INFO - [train_model] Epoch 205 | train (price) MSE=1.294330 MAE=0.778643 RMSE=1.137686 | val (price) MSE=7.082342 MAE=2.216938 RMSE=2.661267
2025-08-26T12:00:00Z - INFO - [train_model] Epoch 206 | train (scaled) MSE: mean=0.000500 med=0.000107 std=0.001155 min=0.000000 max=0.018812 | val (scaled) MSE: mean=0.003357 med=0.002420 std=0.003606 min=0.000000 max=0.020882
2025-08-26T12:00:00Z - INFO - [train_model] Epoch 206 | train (price) MSE=1.272523 MAE=0.788905 RMSE=1.128062 | val (price) MSE=8.550994 MAE=2.518503 RMSE=2.924208
2025-08-26T12:00:00Z - INFO - [train_model] Epoch 207 | train (scaled) MSE: mean=0.000537 med=0.000093 std=0.001236 min=0.000000 max=0.015210 | val (scaled) MSE: mean=0.002201 med=0.000979 std=0.003389 min=0.000000 max=0.021696
2025-08-26T12:00:00Z - INFO - [train_model] Epoch 207 | train (price) MSE=1.367382 MAE=0.791744 RMSE=1.169351 | val (price) MSE=5.607794 MAE=1.898179 RMSE=2.368078
2025-08-26T12:00:01Z - INFO - [train_model] Epoch 208 | train (scaled) MSE: mean=0.000523 med=0.000122 std=0.001090 min=0.000000 max=0.014877 | val (scaled) MSE: mean=0.002655 med=0.001914 std=0.003172 min=0.000000 max=0.019717
2025-08-26T12:00:01Z - INFO - [train_model] Epoch 208 | train (price) MSE=1.331568 MAE=0.827600 RMSE=1.153936 | val (price) MSE=6.763111 MAE=2.207105 RMSE=2.600598
2025-08-26T12:00:02Z - INFO - [train_model] Epoch 209 | train (scaled) MSE: mean=0.000518 med=0.000116 std=0.001205 min=0.000000 max=0.016508 | val (scaled) MSE: mean=0.002517 med=0.001689 std=0.003202 min=0.000000 max=0.019594
2025-08-26T12:00:02Z - INFO - [train_model] Epoch 209 | train (price) MSE=1.319444 MAE=0.793268 RMSE=1.148671 | val (price) MSE=6.411044 MAE=2.107285 RMSE=2.532004
2025-08-26T12:00:02Z - INFO - [train_model] Epoch 210 | train (scaled) MSE: mean=0.000483 med=0.000122 std=0.001131 min=0.000000 max=0.016954 | val (scaled) MSE: mean=0.002808 med=0.001653 std=0.003290 min=0.000006 max=0.017908
2025-08-26T12:00:02Z - INFO - [train_model] Epoch 210 | train (price) MSE=1.230382 MAE=0.777342 RMSE=1.109226 | val (price) MSE=7.153241 MAE=2.264014 RMSE=2.674554
2025-08-26T12:00:03Z - INFO - [train_model] Epoch 211 | train (scaled) MSE: mean=0.000472 med=0.000093 std=0.001106 min=0.000000 max=0.018155 | val (scaled) MSE: mean=0.003349 med=0.002357 std=0.003561 min=0.000000 max=0.020626
2025-08-26T12:00:03Z - INFO - [train_model] Epoch 211 | train (price) MSE=1.203399 MAE=0.760709 RMSE=1.096996 | val (price) MSE=8.532179 MAE=2.554696 RMSE=2.920989
2025-08-26T12:00:04Z - INFO - [train_model] Epoch 212 | train (scaled) MSE: mean=0.000463 med=0.000098 std=0.001253 min=0.000000 max=0.023417 | val (scaled) MSE: mean=0.001716 med=0.000410 std=0.003905 min=0.000002 max=0.025534
2025-08-26T12:00:04Z - INFO - [train_model] Epoch 212 | train (price) MSE=1.178996 MAE=0.745576 RMSE=1.085816 | val (price) MSE=4.372538 MAE=1.462046 RMSE=2.091062
2025-08-26T12:00:05Z - INFO - [train_model] Epoch 213 | train (scaled) MSE: mean=0.000480 med=0.000091 std=0.001174 min=0.000000 max=0.018023 | val (scaled) MSE: mean=0.003193 med=0.001836 std=0.003865 min=0.000001 max=0.021422
2025-08-26T12:00:05Z - INFO - [train_model] Epoch 213 | train (price) MSE=1.223893 MAE=0.766403 RMSE=1.106297 | val (price) MSE=8.132859 MAE=2.376636 RMSE=2.851817
2025-08-26T12:00:05Z - INFO - [train_model] Epoch 214 | train (scaled) MSE: mean=0.000541 med=0.000116 std=0.001160 min=0.000000 max=0.011336 | val (scaled) MSE: mean=0.003140 med=0.001808 std=0.003762 min=0.000001 max=0.018707
2025-08-26T12:00:05Z - INFO - [train_model] Epoch 214 | train (price) MSE=1.378746 MAE=0.818512 RMSE=1.174200 | val (price) MSE=7.998409 MAE=2.313838 RMSE=2.828146
2025-08-26T12:00:06Z - INFO - [train_model] Epoch 215 | train (scaled) MSE: mean=0.000476 med=0.000100 std=0.001107 min=0.000000 max=0.016898 | val (scaled) MSE: mean=0.002527 med=0.001048 std=0.003632 min=0.000001 max=0.021651
2025-08-26T12:00:06Z - INFO - [train_model] Epoch 215 | train (price) MSE=1.212315 MAE=0.762886 RMSE=1.101052 | val (price) MSE=6.437392 MAE=2.023521 RMSE=2.537202
2025-08-26T12:00:07Z - INFO - [train_model] Epoch 216 | train (scaled) MSE: mean=0.000422 med=0.000087 std=0.001114 min=0.000000 max=0.019658 | val (scaled) MSE: mean=0.002292 med=0.000981 std=0.003353 min=0.000000 max=0.020707
2025-08-26T12:00:07Z - INFO - [train_model] Epoch 216 | train (price) MSE=1.075169 MAE=0.713707 RMSE=1.036904 | val (price) MSE=5.837931 MAE=1.929967 RMSE=2.416181
2025-08-26T12:00:07Z - INFO - [train_model] Epoch 217 | train (scaled) MSE: mean=0.000416 med=0.000082 std=0.001081 min=0.000000 max=0.017562 | val (scaled) MSE: mean=0.002804 med=0.001595 std=0.003742 min=0.000001 max=0.021846
2025-08-26T12:00:07Z - INFO - [train_model] Epoch 217 | train (price) MSE=1.060785 MAE=0.701944 RMSE=1.029944 | val (price) MSE=7.142585 MAE=2.173096 RMSE=2.672562
2025-08-26T12:00:08Z - INFO - [train_model] Epoch 218 | train (scaled) MSE: mean=0.000412 med=0.000089 std=0.001039 min=0.000000 max=0.017551 | val (scaled) MSE: mean=0.002903 med=0.001523 std=0.003813 min=0.000001 max=0.022947
2025-08-26T12:00:08Z - INFO - [train_model] Epoch 218 | train (price) MSE=1.048557 MAE=0.714396 RMSE=1.023991 | val (price) MSE=7.395786 MAE=2.231545 RMSE=2.719519
2025-08-26T12:00:09Z - INFO - [train_model] Epoch 219 | train (scaled) MSE: mean=0.000406 med=0.000089 std=0.001052 min=0.000000 max=0.017089 | val (scaled) MSE: mean=0.002959 med=0.001519 std=0.004045 min=0.000000 max=0.025135
2025-08-26T12:00:09Z - INFO - [train_model] Epoch 219 | train (price) MSE=1.034821 MAE=0.700824 RMSE=1.017262 | val (price) MSE=7.538942 MAE=2.236105 RMSE=2.745713
2025-08-26T12:00:10Z - INFO - [train_model] Epoch 220 | train (scaled) MSE: mean=0.000465 med=0.000084 std=0.001417 min=0.000000 max=0.023893 | val (scaled) MSE: mean=0.002352 med=0.001163 std=0.004154 min=0.000000 max=0.028226
2025-08-26T12:00:10Z - INFO - [train_model] Epoch 220 | train (price) MSE=1.183567 MAE=0.720208 RMSE=1.087919 | val (price) MSE=5.991871 MAE=1.893807 RMSE=2.447830
2025-08-26T12:00:10Z - INFO - [train_model] Early stopping at epoch 220 (best price val MSE=4.069025 @ epoch 180)
2025-08-26T12:00:10Z - INFO - [visualize_full_prediction] Saved full prediction plot for BMY to output/20250826-075726/plots/BMY_rnn_full_price_prediction.png
2025-08-26T12:00:10Z - INFO - [visualize_sentiment] Saved sentiment plot for BMY to output/20250826-075726/plots/BMY_sentiment.png
2025-08-26T12:00:10Z - INFO - [train] [BMY] Test (price) MSE=14.599126 | MAE=2.836620 | RMSE=3.820880 (scaled MSE=0.005731)
2025-08-26T12:00:10Z - INFO - [train] [BMY] Final (price) Train MSE=1.183567 | Val MSE=5.991871 (scaled Train MSE=0.000465 | Val MSE=0.002352)
2025-08-26T12:00:10Z - INFO - [train] [BMY] Best epoch=180 | Best (price) Train MSE=1.455797 | Best (price) Val MSE=4.069025 | Saved at=/home/tbfs/Projects/finBert/output/20250826-075726/saved_weights/BMY/BMY_best-epoch180.pt
2025-08-26T12:00:10Z - INFO - [train] Wrote evaluation summary → output/20250826-075726/evaluation.json
