2025-08-26T11:52:07Z - INFO - [Pipeline::__init__] Loaded news dataframe with columns=['title', 'date', 'stock'] shape=(1277896, 3).
2025-08-26T11:52:08Z - INFO - [SentimentGenerator::_load] Loaded precomputed sentiment from /home/tbfs/Projects/finBert/output/20250823-140342/sentiment_daily.csv
2025-08-26T11:52:08Z - INFO - [train] Training predictor for ticker: BMY
2025-08-26T11:52:08Z - INFO - [train] Loaded prices for BMY with columns=['date', 'open', 'high', 'low', 'close', 'adj close', 'volume'] shape=(2516, 7).
2025-08-26T11:52:08Z - INFO - [SequenceDataset::__init__] len(self.valid_indices)=741 out of len(df)=2515 samples are valid for lookback=60 with sentiment_col=SentimentScore
2025-08-26T11:52:08Z - INFO - [SequenceDataset::__init__] len(self.valid_indices)=83 out of len(df)=2515 samples are valid for lookback=60 with sentiment_col=SentimentScore
2025-08-26T11:52:08Z - INFO - [SequenceDataset::__init__] len(self.valid_indices)=92 out of len(df)=2515 samples are valid for lookback=60 with sentiment_col=SentimentScore
2025-08-26T11:52:09Z - INFO - [train_model] Epoch 001 | train (scaled) MSE: mean=0.036236 med=0.004431 std=0.078024 min=0.000000 max=0.494892 | val (scaled) MSE: mean=0.014774 med=0.004223 std=0.024786 min=0.000002 max=0.123198
2025-08-26T11:52:09Z - INFO - [train_model] Epoch 001 | train (price) MSE=0.001089 MAE=0.021240 RMSE=0.033003 | val (price) MSE=0.000444 MAE=0.015632 RMSE=0.021073
2025-08-26T11:52:09Z - INFO - [train_model] New best (price) val MSE=0.000444 at epoch 1; saved → /home/tbfs/Projects/finBert/output/20250826-075203/saved_weights/BMY/BMY_best-epoch001.pt
2025-08-26T11:52:09Z - INFO - [train_model] Epoch 002 | train (scaled) MSE: mean=0.015893 med=0.003229 std=0.038553 min=0.000000 max=0.472901 | val (scaled) MSE: mean=0.013694 med=0.004050 std=0.021837 min=0.000001 max=0.117795
2025-08-26T11:52:09Z - INFO - [train_model] Epoch 002 | train (price) MSE=0.000478 MAE=0.014864 RMSE=0.021857 | val (price) MSE=0.000412 MAE=0.015291 RMSE=0.020289
2025-08-26T11:52:09Z - INFO - [train_model] New best (price) val MSE=0.000412 at epoch 2; saved → /home/tbfs/Projects/finBert/output/20250826-075203/saved_weights/BMY/BMY_best-epoch002.pt
2025-08-26T11:52:10Z - INFO - [train_model] Epoch 003 | train (scaled) MSE: mean=0.011969 med=0.002732 std=0.028136 min=0.000000 max=0.469310 | val (scaled) MSE: mean=0.013625 med=0.004800 std=0.020337 min=0.000001 max=0.115396
2025-08-26T11:52:10Z - INFO - [train_model] Epoch 003 | train (price) MSE=0.000360 MAE=0.013415 RMSE=0.018968 | val (price) MSE=0.000410 MAE=0.015897 RMSE=0.020238
2025-08-26T11:52:10Z - INFO - [train_model] New best (price) val MSE=0.000410 at epoch 3; saved → /home/tbfs/Projects/finBert/output/20250826-075203/saved_weights/BMY/BMY_best-epoch003.pt
2025-08-26T11:52:10Z - INFO - [train_model] Epoch 004 | train (scaled) MSE: mean=0.009627 med=0.002710 std=0.022593 min=0.000000 max=0.453259 | val (scaled) MSE: mean=0.015028 med=0.006962 std=0.020305 min=0.000003 max=0.113960
2025-08-26T11:52:10Z - INFO - [train_model] Epoch 004 | train (price) MSE=0.000289 MAE=0.012532 RMSE=0.017012 | val (price) MSE=0.000452 MAE=0.017544 RMSE=0.021254
2025-08-26T11:52:11Z - INFO - [train_model] Epoch 005 | train (scaled) MSE: mean=0.008893 med=0.002668 std=0.021214 min=0.000000 max=0.429958 | val (scaled) MSE: mean=0.016470 med=0.008129 std=0.021244 min=0.000002 max=0.113072
2025-08-26T11:52:11Z - INFO - [train_model] Epoch 005 | train (price) MSE=0.000267 MAE=0.012134 RMSE=0.016349 | val (price) MSE=0.000495 MAE=0.018605 RMSE=0.022250
2025-08-26T11:52:11Z - INFO - [train_model] Epoch 006 | train (scaled) MSE: mean=0.009009 med=0.003049 std=0.020411 min=0.000000 max=0.396487 | val (scaled) MSE: mean=0.017230 med=0.009575 std=0.021862 min=0.000028 max=0.110834
2025-08-26T11:52:11Z - INFO - [train_model] Epoch 006 | train (price) MSE=0.000271 MAE=0.012349 RMSE=0.016456 | val (price) MSE=0.000518 MAE=0.019106 RMSE=0.022758
2025-08-26T11:52:12Z - INFO - [train_model] Epoch 007 | train (scaled) MSE: mean=0.009169 med=0.003262 std=0.019824 min=0.000000 max=0.372220 | val (scaled) MSE: mean=0.017382 med=0.009594 std=0.022031 min=0.000048 max=0.110669
2025-08-26T11:52:12Z - INFO - [train_model] Epoch 007 | train (price) MSE=0.000276 MAE=0.012520 RMSE=0.016601 | val (price) MSE=0.000522 MAE=0.019198 RMSE=0.022858
2025-08-26T11:52:12Z - INFO - [train_model] Epoch 008 | train (scaled) MSE: mean=0.009185 med=0.003232 std=0.018933 min=0.000000 max=0.338741 | val (scaled) MSE: mean=0.017422 med=0.010126 std=0.021991 min=0.000028 max=0.109595
2025-08-26T11:52:12Z - INFO - [train_model] Epoch 008 | train (price) MSE=0.000276 MAE=0.012576 RMSE=0.016616 | val (price) MSE=0.000524 MAE=0.019202 RMSE=0.022884
2025-08-26T11:52:13Z - INFO - [train_model] Epoch 009 | train (scaled) MSE: mean=0.009170 med=0.003570 std=0.018511 min=0.000000 max=0.324834 | val (scaled) MSE: mean=0.017322 med=0.010025 std=0.021841 min=0.000010 max=0.108214
2025-08-26T11:52:13Z - INFO - [train_model] Epoch 009 | train (price) MSE=0.000276 MAE=0.012585 RMSE=0.016603 | val (price) MSE=0.000521 MAE=0.019105 RMSE=0.022819
2025-08-26T11:52:13Z - INFO - [train_model] Epoch 010 | train (scaled) MSE: mean=0.009088 med=0.003490 std=0.018104 min=0.000000 max=0.311525 | val (scaled) MSE: mean=0.017302 med=0.009726 std=0.021792 min=0.000003 max=0.107404
2025-08-26T11:52:13Z - INFO - [train_model] Epoch 010 | train (price) MSE=0.000273 MAE=0.012527 RMSE=0.016528 | val (price) MSE=0.000520 MAE=0.019043 RMSE=0.022805
2025-08-26T11:52:14Z - INFO - [train_model] Epoch 011 | train (scaled) MSE: mean=0.008999 med=0.003321 std=0.017778 min=0.000000 max=0.303057 | val (scaled) MSE: mean=0.017136 med=0.010105 std=0.021587 min=0.000000 max=0.105989
2025-08-26T11:52:14Z - INFO - [train_model] Epoch 011 | train (price) MSE=0.000271 MAE=0.012464 RMSE=0.016447 | val (price) MSE=0.000515 MAE=0.018886 RMSE=0.022695
2025-08-26T11:52:14Z - INFO - [train_model] Epoch 012 | train (scaled) MSE: mean=0.008915 med=0.003150 std=0.017541 min=0.000000 max=0.297677 | val (scaled) MSE: mean=0.016964 med=0.010350 std=0.021369 min=0.000006 max=0.104778
2025-08-26T11:52:14Z - INFO - [train_model] Epoch 012 | train (price) MSE=0.000268 MAE=0.012409 RMSE=0.016370 | val (price) MSE=0.000510 MAE=0.018741 RMSE=0.022581
2025-08-26T11:52:15Z - INFO - [train_model] Epoch 013 | train (scaled) MSE: mean=0.008780 med=0.003080 std=0.017230 min=0.000000 max=0.289427 | val (scaled) MSE: mean=0.016761 med=0.010257 std=0.021119 min=0.000000 max=0.103508
2025-08-26T11:52:15Z - INFO - [train_model] Epoch 013 | train (price) MSE=0.000264 MAE=0.012302 RMSE=0.016246 | val (price) MSE=0.000504 MAE=0.018568 RMSE=0.022446
2025-08-26T11:52:15Z - INFO - [train_model] Epoch 014 | train (scaled) MSE: mean=0.008666 med=0.003055 std=0.017042 min=0.000000 max=0.286896 | val (scaled) MSE: mean=0.016498 med=0.010478 std=0.020831 min=0.000007 max=0.102117
2025-08-26T11:52:15Z - INFO - [train_model] Epoch 014 | train (price) MSE=0.000260 MAE=0.012212 RMSE=0.016140 | val (price) MSE=0.000496 MAE=0.018390 RMSE=0.022269
2025-08-26T11:52:16Z - INFO - [train_model] Epoch 015 | train (scaled) MSE: mean=0.008536 med=0.003055 std=0.016927 min=0.000000 max=0.286954 | val (scaled) MSE: mean=0.016254 med=0.010069 std=0.020565 min=0.000002 max=0.101358
2025-08-26T11:52:16Z - INFO - [train_model] Epoch 015 | train (price) MSE=0.000257 MAE=0.012099 RMSE=0.016018 | val (price) MSE=0.000489 MAE=0.018228 RMSE=0.022104
2025-08-26T11:52:16Z - INFO - [train_model] Epoch 016 | train (scaled) MSE: mean=0.008439 med=0.002967 std=0.016780 min=0.000000 max=0.283635 | val (scaled) MSE: mean=0.016051 med=0.009419 std=0.020297 min=0.000011 max=0.099780
2025-08-26T11:52:16Z - INFO - [train_model] Epoch 016 | train (price) MSE=0.000254 MAE=0.012019 RMSE=0.015927 | val (price) MSE=0.000482 MAE=0.018108 RMSE=0.021965
2025-08-26T11:52:17Z - INFO - [train_model] Epoch 017 | train (scaled) MSE: mean=0.008316 med=0.002924 std=0.016662 min=0.000000 max=0.281766 | val (scaled) MSE: mean=0.015970 med=0.009429 std=0.020170 min=0.000028 max=0.098580
2025-08-26T11:52:17Z - INFO - [train_model] Epoch 017 | train (price) MSE=0.000250 MAE=0.011903 RMSE=0.015811 | val (price) MSE=0.000480 MAE=0.018045 RMSE=0.021910
2025-08-26T11:52:17Z - INFO - [train_model] Epoch 018 | train (scaled) MSE: mean=0.008191 med=0.002878 std=0.016624 min=0.000000 max=0.283850 | val (scaled) MSE: mean=0.015731 med=0.008957 std=0.019913 min=0.000015 max=0.097896
2025-08-26T11:52:17Z - INFO - [train_model] Epoch 018 | train (price) MSE=0.000246 MAE=0.011777 RMSE=0.015691 | val (price) MSE=0.000473 MAE=0.017896 RMSE=0.021745
2025-08-26T11:52:18Z - INFO - [train_model] Epoch 019 | train (scaled) MSE: mean=0.008077 med=0.002817 std=0.016560 min=0.000000 max=0.284154 | val (scaled) MSE: mean=0.015615 med=0.008194 std=0.019755 min=0.000004 max=0.096807
2025-08-26T11:52:18Z - INFO - [train_model] Epoch 019 | train (price) MSE=0.000243 MAE=0.011664 RMSE=0.015581 | val (price) MSE=0.000469 MAE=0.017807 RMSE=0.021665
2025-08-26T11:52:18Z - INFO - [train_model] Epoch 020 | train (scaled) MSE: mean=0.007986 med=0.002751 std=0.016647 min=0.000000 max=0.289653 | val (scaled) MSE: mean=0.015568 med=0.007657 std=0.019676 min=0.000000 max=0.096061
2025-08-26T11:52:18Z - INFO - [train_model] Epoch 020 | train (price) MSE=0.000240 MAE=0.011564 RMSE=0.015494 | val (price) MSE=0.000468 MAE=0.017754 RMSE=0.021633
2025-08-26T11:52:19Z - INFO - [train_model] Epoch 021 | train (scaled) MSE: mean=0.007869 med=0.002698 std=0.016514 min=0.000000 max=0.286954 | val (scaled) MSE: mean=0.015473 med=0.008344 std=0.019539 min=0.000002 max=0.094983
2025-08-26T11:52:19Z - INFO - [train_model] Epoch 021 | train (price) MSE=0.000237 MAE=0.011447 RMSE=0.015380 | val (price) MSE=0.000465 MAE=0.017676 RMSE=0.021567
2025-08-26T11:52:19Z - INFO - [train_model] Epoch 022 | train (scaled) MSE: mean=0.007768 med=0.002617 std=0.016503 min=0.000000 max=0.288397 | val (scaled) MSE: mean=0.015309 med=0.008906 std=0.019349 min=0.000000 max=0.094021
2025-08-26T11:52:19Z - INFO - [train_model] Epoch 022 | train (price) MSE=0.000234 MAE=0.011332 RMSE=0.015281 | val (price) MSE=0.000460 MAE=0.017557 RMSE=0.021452
2025-08-26T11:52:20Z - INFO - [train_model] Epoch 023 | train (scaled) MSE: mean=0.007665 med=0.002521 std=0.016512 min=0.000000 max=0.290482 | val (scaled) MSE: mean=0.015084 med=0.008589 std=0.019095 min=0.000000 max=0.092754
2025-08-26T11:52:20Z - INFO - [train_model] Epoch 023 | train (price) MSE=0.000230 MAE=0.011206 RMSE=0.015179 | val (price) MSE=0.000453 MAE=0.017400 RMSE=0.021293
2025-08-26T11:52:20Z - INFO - [train_model] Epoch 024 | train (scaled) MSE: mean=0.007573 med=0.002455 std=0.016546 min=0.000000 max=0.293264 | val (scaled) MSE: mean=0.014999 med=0.008561 std=0.018988 min=0.000001 max=0.092176
2025-08-26T11:52:20Z - INFO - [train_model] Epoch 024 | train (price) MSE=0.000228 MAE=0.011089 RMSE=0.015087 | val (price) MSE=0.000451 MAE=0.017329 RMSE=0.021233
2025-08-26T11:52:21Z - INFO - [train_model] Epoch 025 | train (scaled) MSE: mean=0.007486 med=0.002396 std=0.016596 min=0.000000 max=0.297534 | val (scaled) MSE: mean=0.014802 med=0.008364 std=0.018767 min=0.000001 max=0.091333
2025-08-26T11:52:21Z - INFO - [train_model] Epoch 025 | train (price) MSE=0.000225 MAE=0.010986 RMSE=0.015001 | val (price) MSE=0.000445 MAE=0.017198 RMSE=0.021094
2025-08-26T11:52:21Z - INFO - [train_model] Epoch 026 | train (scaled) MSE: mean=0.007413 med=0.002329 std=0.016636 min=0.000000 max=0.300921 | val (scaled) MSE: mean=0.014661 med=0.008463 std=0.018610 min=0.000003 max=0.090602
2025-08-26T11:52:21Z - INFO - [train_model] Epoch 026 | train (price) MSE=0.000223 MAE=0.010904 RMSE=0.014928 | val (price) MSE=0.000441 MAE=0.017106 RMSE=0.020993
2025-08-26T11:52:22Z - INFO - [train_model] Epoch 027 | train (scaled) MSE: mean=0.007343 med=0.002275 std=0.016694 min=0.000000 max=0.303846 | val (scaled) MSE: mean=0.014427 med=0.008298 std=0.018389 min=0.000001 max=0.090160
2025-08-26T11:52:22Z - INFO - [train_model] Epoch 027 | train (price) MSE=0.000221 MAE=0.010821 RMSE=0.014857 | val (price) MSE=0.000434 MAE=0.016947 RMSE=0.020825
2025-08-26T11:52:22Z - INFO - [train_model] Epoch 028 | train (scaled) MSE: mean=0.007272 med=0.002223 std=0.016745 min=0.000000 max=0.308626 | val (scaled) MSE: mean=0.014246 med=0.008028 std=0.018199 min=0.000000 max=0.089612
2025-08-26T11:52:22Z - INFO - [train_model] Epoch 028 | train (price) MSE=0.000219 MAE=0.010740 RMSE=0.014785 | val (price) MSE=0.000428 MAE=0.016826 RMSE=0.020693
2025-08-26T11:52:23Z - INFO - [train_model] Epoch 029 | train (scaled) MSE: mean=0.007221 med=0.002146 std=0.016783 min=0.000000 max=0.310926 | val (scaled) MSE: mean=0.013928 med=0.007548 std=0.017932 min=0.000000 max=0.089790
2025-08-26T11:52:23Z - INFO - [train_model] Epoch 029 | train (price) MSE=0.000217 MAE=0.010677 RMSE=0.014733 | val (price) MSE=0.000419 MAE=0.016624 RMSE=0.020461
2025-08-26T11:52:23Z - INFO - [train_model] Epoch 030 | train (scaled) MSE: mean=0.007148 med=0.002149 std=0.016849 min=0.000000 max=0.315418 | val (scaled) MSE: mean=0.013786 med=0.007350 std=0.017786 min=0.000001 max=0.089502
2025-08-26T11:52:23Z - INFO - [train_model] Epoch 030 | train (price) MSE=0.000215 MAE=0.010601 RMSE=0.014658 | val (price) MSE=0.000414 MAE=0.016542 RMSE=0.020356
2025-08-26T11:52:24Z - INFO - [train_model] Epoch 031 | train (scaled) MSE: mean=0.007083 med=0.002176 std=0.016964 min=0.000000 max=0.321707 | val (scaled) MSE: mean=0.013675 med=0.007166 std=0.017648 min=0.000003 max=0.088694
2025-08-26T11:52:24Z - INFO - [train_model] Epoch 031 | train (price) MSE=0.000213 MAE=0.010541 RMSE=0.014592 | val (price) MSE=0.000411 MAE=0.016491 RMSE=0.020275
2025-08-26T11:52:24Z - INFO - [train_model] Epoch 032 | train (scaled) MSE: mean=0.007019 med=0.002113 std=0.017029 min=0.000000 max=0.325736 | val (scaled) MSE: mean=0.013259 med=0.006544 std=0.017412 min=0.000002 max=0.090824
2025-08-26T11:52:24Z - INFO - [train_model] Epoch 032 | train (price) MSE=0.000211 MAE=0.010465 RMSE=0.014525 | val (price) MSE=0.000399 MAE=0.016191 RMSE=0.019964
2025-08-26T11:52:24Z - INFO - [train_model] New best (price) val MSE=0.000399 at epoch 32; saved → /home/tbfs/Projects/finBert/output/20250826-075203/saved_weights/BMY/BMY_best-epoch032.pt
2025-08-26T11:52:25Z - INFO - [train_model] Epoch 033 | train (scaled) MSE: mean=0.006987 med=0.002119 std=0.017190 min=0.000000 max=0.333350 | val (scaled) MSE: mean=0.013502 med=0.007009 std=0.017497 min=0.000000 max=0.088596
2025-08-26T11:52:25Z - INFO - [train_model] Epoch 033 | train (price) MSE=0.000210 MAE=0.010429 RMSE=0.014492 | val (price) MSE=0.000406 MAE=0.016387 RMSE=0.020146
2025-08-26T11:52:25Z - INFO - [train_model] Epoch 034 | train (scaled) MSE: mean=0.006929 med=0.002142 std=0.017223 min=0.000000 max=0.335260 | val (scaled) MSE: mean=0.013157 med=0.006390 std=0.017231 min=0.000000 max=0.088869
2025-08-26T11:52:25Z - INFO - [train_model] Epoch 034 | train (price) MSE=0.000208 MAE=0.010368 RMSE=0.014432 | val (price) MSE=0.000395 MAE=0.016163 RMSE=0.019887
2025-08-26T11:52:25Z - INFO - [train_model] New best (price) val MSE=0.000395 at epoch 34; saved → /home/tbfs/Projects/finBert/output/20250826-075203/saved_weights/BMY/BMY_best-epoch034.pt
2025-08-26T11:52:26Z - INFO - [train_model] Epoch 035 | train (scaled) MSE: mean=0.006883 med=0.002038 std=0.017307 min=0.000000 max=0.339356 | val (scaled) MSE: mean=0.012961 med=0.006101 std=0.017083 min=0.000001 max=0.089024
2025-08-26T11:52:26Z - INFO - [train_model] Epoch 035 | train (price) MSE=0.000207 MAE=0.010313 RMSE=0.014383 | val (price) MSE=0.000390 MAE=0.016033 RMSE=0.019738
2025-08-26T11:52:26Z - INFO - [train_model] New best (price) val MSE=0.000390 at epoch 35; saved → /home/tbfs/Projects/finBert/output/20250826-075203/saved_weights/BMY/BMY_best-epoch035.pt
2025-08-26T11:52:26Z - INFO - [train_model] Epoch 036 | train (scaled) MSE: mean=0.006828 med=0.001971 std=0.017508 min=0.000000 max=0.348125 | val (scaled) MSE: mean=0.012923 med=0.006103 std=0.017049 min=0.000003 max=0.088997
2025-08-26T11:52:26Z - INFO - [train_model] Epoch 036 | train (price) MSE=0.000205 MAE=0.010243 RMSE=0.014327 | val (price) MSE=0.000388 MAE=0.016013 RMSE=0.019710
2025-08-26T11:52:26Z - INFO - [train_model] New best (price) val MSE=0.000388 at epoch 36; saved → /home/tbfs/Projects/finBert/output/20250826-075203/saved_weights/BMY/BMY_best-epoch036.pt
2025-08-26T11:52:27Z - INFO - [train_model] Epoch 037 | train (scaled) MSE: mean=0.006787 med=0.001975 std=0.017630 min=0.000000 max=0.353490 | val (scaled) MSE: mean=0.012675 med=0.005749 std=0.016873 min=0.000003 max=0.089396
2025-08-26T11:52:27Z - INFO - [train_model] Epoch 037 | train (price) MSE=0.000204 MAE=0.010191 RMSE=0.014283 | val (price) MSE=0.000381 MAE=0.015834 RMSE=0.019519
2025-08-26T11:52:27Z - INFO - [train_model] New best (price) val MSE=0.000381 at epoch 37; saved → /home/tbfs/Projects/finBert/output/20250826-075203/saved_weights/BMY/BMY_best-epoch037.pt
2025-08-26T11:52:27Z - INFO - [train_model] Epoch 038 | train (scaled) MSE: mean=0.006747 med=0.001905 std=0.017707 min=0.000000 max=0.357177 | val (scaled) MSE: mean=0.012410 med=0.005223 std=0.016702 min=0.000002 max=0.089899
2025-08-26T11:52:27Z - INFO - [train_model] Epoch 038 | train (price) MSE=0.000203 MAE=0.010143 RMSE=0.014241 | val (price) MSE=0.000373 MAE=0.015630 RMSE=0.019314
2025-08-26T11:52:27Z - INFO - [train_model] New best (price) val MSE=0.000373 at epoch 38; saved → /home/tbfs/Projects/finBert/output/20250826-075203/saved_weights/BMY/BMY_best-epoch038.pt
2025-08-26T11:52:28Z - INFO - [train_model] Epoch 039 | train (scaled) MSE: mean=0.006705 med=0.001864 std=0.017861 min=0.000000 max=0.363301 | val (scaled) MSE: mean=0.012161 med=0.005030 std=0.016545 min=0.000002 max=0.090331
2025-08-26T11:52:28Z - INFO - [train_model] Epoch 039 | train (price) MSE=0.000202 MAE=0.010091 RMSE=0.014197 | val (price) MSE=0.000366 MAE=0.015426 RMSE=0.019119
2025-08-26T11:52:28Z - INFO - [train_model] New best (price) val MSE=0.000366 at epoch 39; saved → /home/tbfs/Projects/finBert/output/20250826-075203/saved_weights/BMY/BMY_best-epoch039.pt
2025-08-26T11:52:28Z - INFO - [train_model] Epoch 040 | train (scaled) MSE: mean=0.006669 med=0.001883 std=0.017985 min=0.000000 max=0.368357 | val (scaled) MSE: mean=0.011960 med=0.004995 std=0.016446 min=0.000005 max=0.091180
2025-08-26T11:52:28Z - INFO - [train_model] Epoch 040 | train (price) MSE=0.000200 MAE=0.010050 RMSE=0.014158 | val (price) MSE=0.000360 MAE=0.015242 RMSE=0.018961
2025-08-26T11:52:28Z - INFO - [train_model] New best (price) val MSE=0.000360 at epoch 40; saved → /home/tbfs/Projects/finBert/output/20250826-075203/saved_weights/BMY/BMY_best-epoch040.pt
2025-08-26T11:52:29Z - INFO - [train_model] Epoch 041 | train (scaled) MSE: mean=0.006630 med=0.001830 std=0.018077 min=0.000000 max=0.372050 | val (scaled) MSE: mean=0.011761 med=0.004779 std=0.016343 min=0.000000 max=0.091778
2025-08-26T11:52:29Z - INFO - [train_model] Epoch 041 | train (price) MSE=0.000199 MAE=0.010005 RMSE=0.014117 | val (price) MSE=0.000354 MAE=0.015053 RMSE=0.018802
2025-08-26T11:52:29Z - INFO - [train_model] New best (price) val MSE=0.000354 at epoch 41; saved → /home/tbfs/Projects/finBert/output/20250826-075203/saved_weights/BMY/BMY_best-epoch041.pt
2025-08-26T11:52:29Z - INFO - [train_model] Epoch 042 | train (scaled) MSE: mean=0.006596 med=0.001788 std=0.018211 min=0.000000 max=0.377063 | val (scaled) MSE: mean=0.011600 med=0.004371 std=0.016283 min=0.000001 max=0.092544
2025-08-26T11:52:29Z - INFO - [train_model] Epoch 042 | train (price) MSE=0.000198 MAE=0.009969 RMSE=0.014081 | val (price) MSE=0.000349 MAE=0.014901 RMSE=0.018673
2025-08-26T11:52:29Z - INFO - [train_model] New best (price) val MSE=0.000349 at epoch 42; saved → /home/tbfs/Projects/finBert/output/20250826-075203/saved_weights/BMY/BMY_best-epoch042.pt
2025-08-26T11:52:30Z - INFO - [train_model] Epoch 043 | train (scaled) MSE: mean=0.006569 med=0.001773 std=0.018337 min=0.000000 max=0.381924 | val (scaled) MSE: mean=0.011408 med=0.004547 std=0.016204 min=0.000003 max=0.093187
2025-08-26T11:52:30Z - INFO - [train_model] Epoch 043 | train (price) MSE=0.000197 MAE=0.009938 RMSE=0.014052 | val (price) MSE=0.000343 MAE=0.014723 RMSE=0.018518
2025-08-26T11:52:30Z - INFO - [train_model] New best (price) val MSE=0.000343 at epoch 43; saved → /home/tbfs/Projects/finBert/output/20250826-075203/saved_weights/BMY/BMY_best-epoch043.pt
2025-08-26T11:52:31Z - INFO - [train_model] Epoch 044 | train (scaled) MSE: mean=0.006543 med=0.001740 std=0.018450 min=0.000000 max=0.385870 | val (scaled) MSE: mean=0.011168 med=0.004082 std=0.016154 min=0.000000 max=0.094755
2025-08-26T11:52:31Z - INFO - [train_model] Epoch 044 | train (price) MSE=0.000197 MAE=0.009915 RMSE=0.014024 | val (price) MSE=0.000336 MAE=0.014468 RMSE=0.018322
2025-08-26T11:52:31Z - INFO - [train_model] New best (price) val MSE=0.000336 at epoch 44; saved → /home/tbfs/Projects/finBert/output/20250826-075203/saved_weights/BMY/BMY_best-epoch044.pt
2025-08-26T11:52:31Z - INFO - [train_model] Epoch 045 | train (scaled) MSE: mean=0.006526 med=0.001796 std=0.018591 min=0.000000 max=0.390611 | val (scaled) MSE: mean=0.011163 med=0.004115 std=0.016161 min=0.000000 max=0.094898
2025-08-26T11:52:31Z - INFO - [train_model] Epoch 045 | train (price) MSE=0.000196 MAE=0.009899 RMSE=0.014006 | val (price) MSE=0.000336 MAE=0.014462 RMSE=0.018318
2025-08-26T11:52:31Z - INFO - [train_model] New best (price) val MSE=0.000336 at epoch 45; saved → /home/tbfs/Projects/finBert/output/20250826-075203/saved_weights/BMY/BMY_best-epoch045.pt
2025-08-26T11:52:32Z - INFO - [train_model] Epoch 046 | train (scaled) MSE: mean=0.006493 med=0.001731 std=0.018669 min=0.000000 max=0.393657 | val (scaled) MSE: mean=0.011097 med=0.004085 std=0.016121 min=0.000002 max=0.094676
2025-08-26T11:52:32Z - INFO - [train_model] Epoch 046 | train (price) MSE=0.000195 MAE=0.009854 RMSE=0.013970 | val (price) MSE=0.000334 MAE=0.014399 RMSE=0.018264
2025-08-26T11:52:32Z - INFO - [train_model] New best (price) val MSE=0.000334 at epoch 46; saved → /home/tbfs/Projects/finBert/output/20250826-075203/saved_weights/BMY/BMY_best-epoch046.pt
2025-08-26T11:52:32Z - INFO - [train_model] Epoch 047 | train (scaled) MSE: mean=0.006471 med=0.001784 std=0.018736 min=0.000000 max=0.396107 | val (scaled) MSE: mean=0.010965 med=0.003835 std=0.016138 min=0.000000 max=0.096030
2025-08-26T11:52:32Z - INFO - [train_model] Epoch 047 | train (price) MSE=0.000195 MAE=0.009838 RMSE=0.013946 | val (price) MSE=0.000330 MAE=0.014231 RMSE=0.018155
2025-08-26T11:52:32Z - INFO - [train_model] New best (price) val MSE=0.000330 at epoch 47; saved → /home/tbfs/Projects/finBert/output/20250826-075203/saved_weights/BMY/BMY_best-epoch047.pt
2025-08-26T11:52:33Z - INFO - [train_model] Epoch 048 | train (scaled) MSE: mean=0.006453 med=0.001715 std=0.018806 min=0.000000 max=0.398498 | val (scaled) MSE: mean=0.010946 med=0.003910 std=0.016140 min=0.000000 max=0.095999
2025-08-26T11:52:33Z - INFO - [train_model] Epoch 048 | train (price) MSE=0.000194 MAE=0.009828 RMSE=0.013927 | val (price) MSE=0.000329 MAE=0.014205 RMSE=0.018139
2025-08-26T11:52:33Z - INFO - [train_model] New best (price) val MSE=0.000329 at epoch 48; saved → /home/tbfs/Projects/finBert/output/20250826-075203/saved_weights/BMY/BMY_best-epoch048.pt
2025-08-26T11:52:33Z - INFO - [train_model] Epoch 049 | train (scaled) MSE: mean=0.006438 med=0.001720 std=0.018906 min=0.000000 max=0.401811 | val (scaled) MSE: mean=0.010822 med=0.003774 std=0.016150 min=0.000000 max=0.097102
2025-08-26T11:52:33Z - INFO - [train_model] Epoch 049 | train (price) MSE=0.000194 MAE=0.009807 RMSE=0.013911 | val (price) MSE=0.000325 MAE=0.014044 RMSE=0.018036
2025-08-26T11:52:33Z - INFO - [train_model] New best (price) val MSE=0.000325 at epoch 49; saved → /home/tbfs/Projects/finBert/output/20250826-075203/saved_weights/BMY/BMY_best-epoch049.pt
2025-08-26T11:52:34Z - INFO - [train_model] Epoch 050 | train (scaled) MSE: mean=0.006421 med=0.001680 std=0.018973 min=0.000000 max=0.404107 | val (scaled) MSE: mean=0.010784 med=0.003782 std=0.016161 min=0.000000 max=0.097400
2025-08-26T11:52:34Z - INFO - [train_model] Epoch 050 | train (price) MSE=0.000193 MAE=0.009790 RMSE=0.013893 | val (price) MSE=0.000324 MAE=0.013988 RMSE=0.018004
2025-08-26T11:52:34Z - INFO - [train_model] New best (price) val MSE=0.000324 at epoch 50; saved → /home/tbfs/Projects/finBert/output/20250826-075203/saved_weights/BMY/BMY_best-epoch050.pt
2025-08-26T11:52:34Z - INFO - [train_model] Epoch 051 | train (scaled) MSE: mean=0.006417 med=0.001704 std=0.019032 min=0.000000 max=0.405639 | val (scaled) MSE: mean=0.010742 med=0.003759 std=0.016175 min=0.000000 max=0.097690
2025-08-26T11:52:34Z - INFO - [train_model] Epoch 051 | train (price) MSE=0.000193 MAE=0.009776 RMSE=0.013888 | val (price) MSE=0.000323 MAE=0.013925 RMSE=0.017969
2025-08-26T11:52:34Z - INFO - [train_model] New best (price) val MSE=0.000323 at epoch 51; saved → /home/tbfs/Projects/finBert/output/20250826-075203/saved_weights/BMY/BMY_best-epoch051.pt
2025-08-26T11:52:35Z - INFO - [train_model] Epoch 052 | train (scaled) MSE: mean=0.006399 med=0.001613 std=0.019100 min=0.000000 max=0.408180 | val (scaled) MSE: mean=0.010701 med=0.003873 std=0.016197 min=0.000000 max=0.098309
2025-08-26T11:52:35Z - INFO - [train_model] Epoch 052 | train (price) MSE=0.000192 MAE=0.009770 RMSE=0.013869 | val (price) MSE=0.000322 MAE=0.013874 RMSE=0.017935
2025-08-26T11:52:35Z - INFO - [train_model] New best (price) val MSE=0.000322 at epoch 52; saved → /home/tbfs/Projects/finBert/output/20250826-075203/saved_weights/BMY/BMY_best-epoch052.pt
2025-08-26T11:52:35Z - INFO - [train_model] Epoch 053 | train (scaled) MSE: mean=0.006393 med=0.001654 std=0.019109 min=0.000000 max=0.408555 | val (scaled) MSE: mean=0.010635 med=0.003855 std=0.016239 min=0.000001 max=0.099314
2025-08-26T11:52:35Z - INFO - [train_model] Epoch 053 | train (price) MSE=0.000192 MAE=0.009761 RMSE=0.013863 | val (price) MSE=0.000320 MAE=0.013787 RMSE=0.017880
2025-08-26T11:52:35Z - INFO - [train_model] New best (price) val MSE=0.000320 at epoch 53; saved → /home/tbfs/Projects/finBert/output/20250826-075203/saved_weights/BMY/BMY_best-epoch053.pt
2025-08-26T11:52:36Z - INFO - [train_model] Epoch 054 | train (scaled) MSE: mean=0.006372 med=0.001639 std=0.019126 min=0.000000 max=0.409406 | val (scaled) MSE: mean=0.010628 med=0.003838 std=0.016232 min=0.000000 max=0.099169
2025-08-26T11:52:36Z - INFO - [train_model] Epoch 054 | train (price) MSE=0.000192 MAE=0.009749 RMSE=0.013839 | val (price) MSE=0.000319 MAE=0.013775 RMSE=0.017873
2025-08-26T11:52:36Z - INFO - [train_model] New best (price) val MSE=0.000319 at epoch 54; saved → /home/tbfs/Projects/finBert/output/20250826-075203/saved_weights/BMY/BMY_best-epoch054.pt
2025-08-26T11:52:36Z - INFO - [train_model] Epoch 055 | train (scaled) MSE: mean=0.006367 med=0.001670 std=0.019158 min=0.000000 max=0.410521 | val (scaled) MSE: mean=0.010620 med=0.003858 std=0.016236 min=0.000000 max=0.099257
2025-08-26T11:52:36Z - INFO - [train_model] Epoch 055 | train (price) MSE=0.000191 MAE=0.009737 RMSE=0.013834 | val (price) MSE=0.000319 MAE=0.013764 RMSE=0.017867
2025-08-26T11:52:36Z - INFO - [train_model] New best (price) val MSE=0.000319 at epoch 55; saved → /home/tbfs/Projects/finBert/output/20250826-075203/saved_weights/BMY/BMY_best-epoch055.pt
2025-08-26T11:52:37Z - INFO - [train_model] Epoch 056 | train (scaled) MSE: mean=0.006371 med=0.001698 std=0.019158 min=0.000000 max=0.410457 | val (scaled) MSE: mean=0.010597 med=0.003913 std=0.016255 min=0.000001 max=0.099510
2025-08-26T11:52:37Z - INFO - [train_model] Epoch 056 | train (price) MSE=0.000192 MAE=0.009739 RMSE=0.013838 | val (price) MSE=0.000319 MAE=0.013729 RMSE=0.017848
2025-08-26T11:52:37Z - INFO - [train_model] New best (price) val MSE=0.000319 at epoch 56; saved → /home/tbfs/Projects/finBert/output/20250826-075203/saved_weights/BMY/BMY_best-epoch056.pt
2025-08-26T11:52:37Z - INFO - [train_model] Epoch 057 | train (scaled) MSE: mean=0.006347 med=0.001753 std=0.019238 min=0.000000 max=0.413351 | val (scaled) MSE: mean=0.010560 med=0.003850 std=0.016297 min=0.000003 max=0.100291
2025-08-26T11:52:37Z - INFO - [train_model] Epoch 057 | train (price) MSE=0.000191 MAE=0.009722 RMSE=0.013813 | val (price) MSE=0.000317 MAE=0.013669 RMSE=0.017816
2025-08-26T11:52:37Z - INFO - [train_model] New best (price) val MSE=0.000317 at epoch 57; saved → /home/tbfs/Projects/finBert/output/20250826-075203/saved_weights/BMY/BMY_best-epoch057.pt
2025-08-26T11:52:38Z - INFO - [train_model] Epoch 058 | train (scaled) MSE: mean=0.006345 med=0.001709 std=0.019190 min=0.000000 max=0.411700 | val (scaled) MSE: mean=0.010543 med=0.003751 std=0.016356 min=0.000014 max=0.101045
2025-08-26T11:52:38Z - INFO - [train_model] Epoch 058 | train (price) MSE=0.000191 MAE=0.009708 RMSE=0.013811 | val (price) MSE=0.000317 MAE=0.013639 RMSE=0.017802
2025-08-26T11:52:38Z - INFO - [train_model] New best (price) val MSE=0.000317 at epoch 58; saved → /home/tbfs/Projects/finBert/output/20250826-075203/saved_weights/BMY/BMY_best-epoch058.pt
2025-08-26T11:52:38Z - INFO - [train_model] Epoch 059 | train (scaled) MSE: mean=0.006340 med=0.001692 std=0.019150 min=0.000000 max=0.411073 | val (scaled) MSE: mean=0.010569 med=0.003852 std=0.016315 min=0.000004 max=0.100503
2025-08-26T11:52:38Z - INFO - [train_model] Epoch 059 | train (price) MSE=0.000191 MAE=0.009729 RMSE=0.013805 | val (price) MSE=0.000318 MAE=0.013693 RMSE=0.017824
2025-08-26T11:52:39Z - INFO - [train_model] Epoch 060 | train (scaled) MSE: mean=0.006337 med=0.001681 std=0.019267 min=0.000000 max=0.414145 | val (scaled) MSE: mean=0.010515 med=0.003800 std=0.016361 min=0.000005 max=0.100955
2025-08-26T11:52:39Z - INFO - [train_model] Epoch 060 | train (price) MSE=0.000190 MAE=0.009718 RMSE=0.013802 | val (price) MSE=0.000316 MAE=0.013587 RMSE=0.017778
2025-08-26T11:52:39Z - INFO - [train_model] New best (price) val MSE=0.000316 at epoch 60; saved → /home/tbfs/Projects/finBert/output/20250826-075203/saved_weights/BMY/BMY_best-epoch060.pt
2025-08-26T11:52:39Z - INFO - [train_model] Epoch 061 | train (scaled) MSE: mean=0.006309 med=0.001618 std=0.019247 min=0.000000 max=0.412991 | val (scaled) MSE: mean=0.010499 med=0.003722 std=0.016383 min=0.000003 max=0.101465
2025-08-26T11:52:39Z - INFO - [train_model] Epoch 061 | train (price) MSE=0.000190 MAE=0.009659 RMSE=0.013771 | val (price) MSE=0.000316 MAE=0.013564 RMSE=0.017765
2025-08-26T11:52:39Z - INFO - [train_model] New best (price) val MSE=0.000316 at epoch 61; saved → /home/tbfs/Projects/finBert/output/20250826-075203/saved_weights/BMY/BMY_best-epoch061.pt
2025-08-26T11:52:40Z - INFO - [train_model] Epoch 062 | train (scaled) MSE: mean=0.006302 med=0.001599 std=0.019275 min=0.000000 max=0.413889 | val (scaled) MSE: mean=0.010471 med=0.003696 std=0.016430 min=0.000000 max=0.101900
2025-08-26T11:52:40Z - INFO - [train_model] Epoch 062 | train (price) MSE=0.000189 MAE=0.009652 RMSE=0.013764 | val (price) MSE=0.000315 MAE=0.013503 RMSE=0.017741
2025-08-26T11:52:40Z - INFO - [train_model] New best (price) val MSE=0.000315 at epoch 62; saved → /home/tbfs/Projects/finBert/output/20250826-075203/saved_weights/BMY/BMY_best-epoch062.pt
2025-08-26T11:52:40Z - INFO - [train_model] Epoch 063 | train (scaled) MSE: mean=0.006276 med=0.001612 std=0.019256 min=0.000000 max=0.414671 | val (scaled) MSE: mean=0.010480 med=0.003701 std=0.016400 min=0.000002 max=0.101797
2025-08-26T11:52:40Z - INFO - [train_model] Epoch 063 | train (price) MSE=0.000189 MAE=0.009610 RMSE=0.013735 | val (price) MSE=0.000315 MAE=0.013535 RMSE=0.017748
2025-08-26T11:52:41Z - INFO - [train_model] Epoch 064 | train (scaled) MSE: mean=0.006269 med=0.001577 std=0.019354 min=0.000000 max=0.417141 | val (scaled) MSE: mean=0.010495 med=0.003739 std=0.016394 min=0.000005 max=0.101650
2025-08-26T11:52:41Z - INFO - [train_model] Epoch 064 | train (price) MSE=0.000188 MAE=0.009615 RMSE=0.013728 | val (price) MSE=0.000315 MAE=0.013560 RMSE=0.017762
2025-08-26T11:52:41Z - INFO - [train_model] Epoch 065 | train (scaled) MSE: mean=0.006255 med=0.001524 std=0.019342 min=0.000000 max=0.416460 | val (scaled) MSE: mean=0.010449 med=0.003593 std=0.016485 min=0.000000 max=0.102732
2025-08-26T11:52:41Z - INFO - [train_model] Epoch 065 | train (price) MSE=0.000188 MAE=0.009576 RMSE=0.013712 | val (price) MSE=0.000314 MAE=0.013454 RMSE=0.017722
2025-08-26T11:52:41Z - INFO - [train_model] New best (price) val MSE=0.000314 at epoch 65; saved → /home/tbfs/Projects/finBert/output/20250826-075203/saved_weights/BMY/BMY_best-epoch065.pt
2025-08-26T11:52:42Z - INFO - [train_model] Epoch 066 | train (scaled) MSE: mean=0.006248 med=0.001452 std=0.019208 min=0.000000 max=0.412234 | val (scaled) MSE: mean=0.010492 med=0.003789 std=0.016381 min=0.000004 max=0.101480
2025-08-26T11:52:42Z - INFO - [train_model] Epoch 066 | train (price) MSE=0.000188 MAE=0.009569 RMSE=0.013705 | val (price) MSE=0.000315 MAE=0.013561 RMSE=0.017759
2025-08-26T11:52:42Z - INFO - [train_model] Epoch 067 | train (scaled) MSE: mean=0.006234 med=0.001504 std=0.019235 min=0.000000 max=0.413651 | val (scaled) MSE: mean=0.010465 med=0.003572 std=0.016472 min=0.000000 max=0.102800
2025-08-26T11:52:42Z - INFO - [train_model] Epoch 067 | train (price) MSE=0.000187 MAE=0.009568 RMSE=0.013689 | val (price) MSE=0.000315 MAE=0.013484 RMSE=0.017736
2025-08-26T11:52:43Z - INFO - [train_model] Epoch 068 | train (scaled) MSE: mean=0.006231 med=0.001546 std=0.019301 min=0.000000 max=0.415989 | val (scaled) MSE: mean=0.010431 med=0.003445 std=0.016526 min=0.000000 max=0.103523
2025-08-26T11:52:43Z - INFO - [train_model] Epoch 068 | train (price) MSE=0.000187 MAE=0.009539 RMSE=0.013685 | val (price) MSE=0.000314 MAE=0.013417 RMSE=0.017707
2025-08-26T11:52:43Z - INFO - [train_model] New best (price) val MSE=0.000314 at epoch 68; saved → /home/tbfs/Projects/finBert/output/20250826-075203/saved_weights/BMY/BMY_best-epoch068.pt
2025-08-26T11:52:43Z - INFO - [train_model] Epoch 069 | train (scaled) MSE: mean=0.006222 med=0.001514 std=0.019362 min=0.000000 max=0.418007 | val (scaled) MSE: mean=0.010424 med=0.003428 std=0.016527 min=0.000000 max=0.103572
2025-08-26T11:52:43Z - INFO - [train_model] Epoch 069 | train (price) MSE=0.000187 MAE=0.009521 RMSE=0.013676 | val (price) MSE=0.000313 MAE=0.013408 RMSE=0.017701
2025-08-26T11:52:43Z - INFO - [train_model] New best (price) val MSE=0.000313 at epoch 69; saved → /home/tbfs/Projects/finBert/output/20250826-075203/saved_weights/BMY/BMY_best-epoch069.pt
2025-08-26T11:52:44Z - INFO - [train_model] Epoch 070 | train (scaled) MSE: mean=0.006198 med=0.001524 std=0.019333 min=0.000000 max=0.416986 | val (scaled) MSE: mean=0.010409 med=0.003391 std=0.016571 min=0.000000 max=0.103983
2025-08-26T11:52:44Z - INFO - [train_model] Epoch 070 | train (price) MSE=0.000186 MAE=0.009496 RMSE=0.013650 | val (price) MSE=0.000313 MAE=0.013373 RMSE=0.017689
2025-08-26T11:52:44Z - INFO - [train_model] New best (price) val MSE=0.000313 at epoch 70; saved → /home/tbfs/Projects/finBert/output/20250826-075203/saved_weights/BMY/BMY_best-epoch070.pt
2025-08-26T11:52:44Z - INFO - [train_model] Epoch 071 | train (scaled) MSE: mean=0.006208 med=0.001518 std=0.019302 min=0.000000 max=0.415942 | val (scaled) MSE: mean=0.010427 med=0.003506 std=0.016547 min=0.000000 max=0.103355
2025-08-26T11:52:44Z - INFO - [train_model] Epoch 071 | train (price) MSE=0.000187 MAE=0.009530 RMSE=0.013660 | val (price) MSE=0.000313 MAE=0.013397 RMSE=0.017704
2025-08-26T11:52:45Z - INFO - [train_model] Epoch 072 | train (scaled) MSE: mean=0.006202 med=0.001472 std=0.019265 min=0.000000 max=0.415198 | val (scaled) MSE: mean=0.010412 med=0.003458 std=0.016551 min=0.000000 max=0.103758
2025-08-26T11:52:45Z - INFO - [train_model] Epoch 072 | train (price) MSE=0.000186 MAE=0.009509 RMSE=0.013654 | val (price) MSE=0.000313 MAE=0.013385 RMSE=0.017691
2025-08-26T11:52:45Z - INFO - [train_model] Epoch 073 | train (scaled) MSE: mean=0.006196 med=0.001538 std=0.019398 min=0.000000 max=0.419137 | val (scaled) MSE: mean=0.010408 med=0.003484 std=0.016614 min=0.000000 max=0.104391
2025-08-26T11:52:45Z - INFO - [train_model] Epoch 073 | train (price) MSE=0.000186 MAE=0.009516 RMSE=0.013647 | val (price) MSE=0.000313 MAE=0.013349 RMSE=0.017688
2025-08-26T11:52:45Z - INFO - [train_model] New best (price) val MSE=0.000313 at epoch 73; saved → /home/tbfs/Projects/finBert/output/20250826-075203/saved_weights/BMY/BMY_best-epoch073.pt
2025-08-26T11:52:46Z - INFO - [train_model] Epoch 074 | train (scaled) MSE: mean=0.006200 med=0.001555 std=0.019352 min=0.000000 max=0.417716 | val (scaled) MSE: mean=0.010421 med=0.003470 std=0.016584 min=0.000000 max=0.103901
2025-08-26T11:52:46Z - INFO - [train_model] Epoch 074 | train (price) MSE=0.000186 MAE=0.009510 RMSE=0.013652 | val (price) MSE=0.000313 MAE=0.013377 RMSE=0.017698
2025-08-26T11:52:46Z - INFO - [train_model] Epoch 075 | train (scaled) MSE: mean=0.006177 med=0.001506 std=0.019448 min=0.000000 max=0.420090 | val (scaled) MSE: mean=0.010410 med=0.003651 std=0.016651 min=0.000000 max=0.104686
2025-08-26T11:52:46Z - INFO - [train_model] Epoch 075 | train (price) MSE=0.000186 MAE=0.009474 RMSE=0.013626 | val (price) MSE=0.000313 MAE=0.013334 RMSE=0.017690
2025-08-26T11:52:47Z - INFO - [train_model] Epoch 076 | train (scaled) MSE: mean=0.006168 med=0.001478 std=0.019402 min=0.000000 max=0.419324 | val (scaled) MSE: mean=0.010401 med=0.003560 std=0.016633 min=0.000000 max=0.104372
2025-08-26T11:52:47Z - INFO - [train_model] Epoch 076 | train (price) MSE=0.000185 MAE=0.009495 RMSE=0.013616 | val (price) MSE=0.000313 MAE=0.013335 RMSE=0.017682
2025-08-26T11:52:47Z - INFO - [train_model] New best (price) val MSE=0.000313 at epoch 76; saved → /home/tbfs/Projects/finBert/output/20250826-075203/saved_weights/BMY/BMY_best-epoch076.pt
2025-08-26T11:52:48Z - INFO - [train_model] Epoch 077 | train (scaled) MSE: mean=0.006151 med=0.001438 std=0.019336 min=0.000000 max=0.416933 | val (scaled) MSE: mean=0.010423 med=0.003561 std=0.016538 min=0.000001 max=0.103194
2025-08-26T11:52:48Z - INFO - [train_model] Epoch 077 | train (price) MSE=0.000185 MAE=0.009443 RMSE=0.013597 | val (price) MSE=0.000313 MAE=0.013396 RMSE=0.017700
2025-08-26T11:52:48Z - INFO - [train_model] Epoch 078 | train (scaled) MSE: mean=0.006134 med=0.001396 std=0.019291 min=0.000000 max=0.416845 | val (scaled) MSE: mean=0.010440 med=0.003668 std=0.016454 min=0.000003 max=0.102260
2025-08-26T11:52:48Z - INFO - [train_model] Epoch 078 | train (price) MSE=0.000184 MAE=0.009413 RMSE=0.013579 | val (price) MSE=0.000314 MAE=0.013445 RMSE=0.017715
2025-08-26T11:52:49Z - INFO - [train_model] Epoch 079 | train (scaled) MSE: mean=0.006113 med=0.001414 std=0.019343 min=0.000000 max=0.417774 | val (scaled) MSE: mean=0.010432 med=0.003464 std=0.016598 min=0.000000 max=0.103835
2025-08-26T11:52:49Z - INFO - [train_model] Epoch 079 | train (price) MSE=0.000184 MAE=0.009380 RMSE=0.013556 | val (price) MSE=0.000314 MAE=0.013385 RMSE=0.017708
2025-08-26T11:52:49Z - INFO - [train_model] Epoch 080 | train (scaled) MSE: mean=0.006123 med=0.001386 std=0.019360 min=0.000000 max=0.418518 | val (scaled) MSE: mean=0.010434 med=0.003596 std=0.016477 min=0.000002 max=0.102764
2025-08-26T11:52:49Z - INFO - [train_model] Epoch 080 | train (price) MSE=0.000184 MAE=0.009405 RMSE=0.013566 | val (price) MSE=0.000314 MAE=0.013439 RMSE=0.017710
2025-08-26T11:52:50Z - INFO - [train_model] Epoch 081 | train (scaled) MSE: mean=0.006108 med=0.001397 std=0.019397 min=0.000000 max=0.419878 | val (scaled) MSE: mean=0.010419 med=0.003515 std=0.016593 min=0.000000 max=0.103784
2025-08-26T11:52:50Z - INFO - [train_model] Epoch 081 | train (price) MSE=0.000184 MAE=0.009377 RMSE=0.013550 | val (price) MSE=0.000313 MAE=0.013377 RMSE=0.017697
2025-08-26T11:52:50Z - INFO - [train_model] Epoch 082 | train (scaled) MSE: mean=0.006126 med=0.001460 std=0.019392 min=0.000000 max=0.418736 | val (scaled) MSE: mean=0.010437 med=0.003537 std=0.016537 min=0.000000 max=0.103398
2025-08-26T11:52:50Z - INFO - [train_model] Epoch 082 | train (price) MSE=0.000184 MAE=0.009426 RMSE=0.013570 | val (price) MSE=0.000314 MAE=0.013412 RMSE=0.017712
2025-08-26T11:52:51Z - INFO - [train_model] Epoch 083 | train (scaled) MSE: mean=0.006106 med=0.001410 std=0.019110 min=0.000000 max=0.410211 | val (scaled) MSE: mean=0.010672 med=0.004029 std=0.016067 min=0.000007 max=0.096383
2025-08-26T11:52:51Z - INFO - [train_model] Epoch 083 | train (price) MSE=0.000184 MAE=0.009384 RMSE=0.013548 | val (price) MSE=0.000321 MAE=0.013873 RMSE=0.017911
2025-08-26T11:52:51Z - INFO - [train_model] Epoch 084 | train (scaled) MSE: mean=0.006092 med=0.001406 std=0.019207 min=0.000000 max=0.415376 | val (scaled) MSE: mean=0.010491 med=0.003446 std=0.016588 min=0.000001 max=0.103329
2025-08-26T11:52:51Z - INFO - [train_model] Epoch 084 | train (price) MSE=0.000183 MAE=0.009386 RMSE=0.013532 | val (price) MSE=0.000315 MAE=0.013477 RMSE=0.017758
2025-08-26T11:52:52Z - INFO - [train_model] Epoch 085 | train (scaled) MSE: mean=0.006064 med=0.001390 std=0.019288 min=0.000000 max=0.417286 | val (scaled) MSE: mean=0.010415 med=0.003420 std=0.016528 min=0.000000 max=0.103499
2025-08-26T11:52:52Z - INFO - [train_model] Epoch 085 | train (price) MSE=0.000182 MAE=0.009342 RMSE=0.013501 | val (price) MSE=0.000313 MAE=0.013394 RMSE=0.017694
2025-08-26T11:52:52Z - INFO - [train_model] Epoch 086 | train (scaled) MSE: mean=0.006063 med=0.001403 std=0.019303 min=0.000000 max=0.417546 | val (scaled) MSE: mean=0.010417 med=0.003485 std=0.016547 min=0.000001 max=0.103254
2025-08-26T11:52:52Z - INFO - [train_model] Epoch 086 | train (price) MSE=0.000182 MAE=0.009338 RMSE=0.013500 | val (price) MSE=0.000313 MAE=0.013386 RMSE=0.017695
2025-08-26T11:52:53Z - INFO - [train_model] Epoch 087 | train (scaled) MSE: mean=0.006037 med=0.001403 std=0.019322 min=0.000000 max=0.417588 | val (scaled) MSE: mean=0.010405 med=0.003588 std=0.016621 min=0.000000 max=0.103989
2025-08-26T11:52:53Z - INFO - [train_model] Epoch 087 | train (price) MSE=0.000181 MAE=0.009282 RMSE=0.013470 | val (price) MSE=0.000313 MAE=0.013346 RMSE=0.017686
2025-08-26T11:52:53Z - INFO - [train_model] Epoch 088 | train (scaled) MSE: mean=0.006042 med=0.001397 std=0.019376 min=0.000000 max=0.418527 | val (scaled) MSE: mean=0.010421 med=0.003526 std=0.016560 min=0.000001 max=0.103197
2025-08-26T11:52:53Z - INFO - [train_model] Epoch 088 | train (price) MSE=0.000182 MAE=0.009284 RMSE=0.013477 | val (price) MSE=0.000313 MAE=0.013388 RMSE=0.017699
2025-08-26T11:52:54Z - INFO - [train_model] Epoch 089 | train (scaled) MSE: mean=0.006019 med=0.001371 std=0.019245 min=0.000000 max=0.415650 | val (scaled) MSE: mean=0.010421 med=0.003482 std=0.016517 min=0.000001 max=0.103146
2025-08-26T11:52:54Z - INFO - [train_model] Epoch 089 | train (price) MSE=0.000181 MAE=0.009269 RMSE=0.013451 | val (price) MSE=0.000313 MAE=0.013403 RMSE=0.017699
2025-08-26T11:52:54Z - INFO - [train_model] Epoch 090 | train (scaled) MSE: mean=0.006021 med=0.001362 std=0.019416 min=0.000000 max=0.420338 | val (scaled) MSE: mean=0.010432 med=0.003572 std=0.016445 min=0.000002 max=0.102506
2025-08-26T11:52:54Z - INFO - [train_model] Epoch 090 | train (price) MSE=0.000181 MAE=0.009275 RMSE=0.013453 | val (price) MSE=0.000314 MAE=0.013436 RMSE=0.017708
2025-08-26T11:52:55Z - INFO - [train_model] Epoch 091 | train (scaled) MSE: mean=0.005997 med=0.001324 std=0.019249 min=0.000000 max=0.415690 | val (scaled) MSE: mean=0.010426 med=0.003485 std=0.016511 min=0.000001 max=0.103171
2025-08-26T11:52:55Z - INFO - [train_model] Epoch 091 | train (price) MSE=0.000180 MAE=0.009243 RMSE=0.013426 | val (price) MSE=0.000313 MAE=0.013414 RMSE=0.017703
2025-08-26T11:52:55Z - INFO - [train_model] Epoch 092 | train (scaled) MSE: mean=0.005997 med=0.001278 std=0.019022 min=0.000000 max=0.407770 | val (scaled) MSE: mean=0.010489 med=0.003688 std=0.016386 min=0.000004 max=0.102002
2025-08-26T11:52:55Z - INFO - [train_model] Epoch 092 | train (price) MSE=0.000180 MAE=0.009242 RMSE=0.013426 | val (price) MSE=0.000315 MAE=0.013557 RMSE=0.017756
2025-08-26T11:52:56Z - INFO - [train_model] Epoch 093 | train (scaled) MSE: mean=0.005971 med=0.001303 std=0.019182 min=0.000000 max=0.413606 | val (scaled) MSE: mean=0.010402 med=0.003449 std=0.016536 min=0.000000 max=0.104016
2025-08-26T11:52:56Z - INFO - [train_model] Epoch 093 | train (price) MSE=0.000179 MAE=0.009254 RMSE=0.013397 | val (price) MSE=0.000313 MAE=0.013377 RMSE=0.017682
2025-08-26T11:52:56Z - INFO - [train_model] Epoch 094 | train (scaled) MSE: mean=0.005959 med=0.001299 std=0.019136 min=0.000000 max=0.412527 | val (scaled) MSE: mean=0.010401 med=0.003393 std=0.016572 min=0.000000 max=0.104652
2025-08-26T11:52:56Z - INFO - [train_model] Epoch 094 | train (price) MSE=0.000179 MAE=0.009228 RMSE=0.013384 | val (price) MSE=0.000313 MAE=0.013374 RMSE=0.017682
2025-08-26T11:52:57Z - INFO - [train_model] Epoch 095 | train (scaled) MSE: mean=0.005955 med=0.001279 std=0.019093 min=0.000000 max=0.411443 | val (scaled) MSE: mean=0.010387 med=0.003480 std=0.016587 min=0.000000 max=0.104552
2025-08-26T11:52:57Z - INFO - [train_model] Epoch 095 | train (price) MSE=0.000179 MAE=0.009197 RMSE=0.013379 | val (price) MSE=0.000312 MAE=0.013343 RMSE=0.017670
2025-08-26T11:52:57Z - INFO - [train_model] New best (price) val MSE=0.000312 at epoch 95; saved → /home/tbfs/Projects/finBert/output/20250826-075203/saved_weights/BMY/BMY_best-epoch095.pt
2025-08-26T11:52:57Z - INFO - [train_model] Epoch 096 | train (scaled) MSE: mean=0.005916 med=0.001277 std=0.019114 min=0.000000 max=0.411830 | val (scaled) MSE: mean=0.010408 med=0.003371 std=0.016549 min=0.000000 max=0.104264
2025-08-26T11:52:57Z - INFO - [train_model] Epoch 096 | train (price) MSE=0.000178 MAE=0.009147 RMSE=0.013335 | val (price) MSE=0.000313 MAE=0.013387 RMSE=0.017687
2025-08-26T11:52:58Z - INFO - [train_model] Epoch 097 | train (scaled) MSE: mean=0.005923 med=0.001234 std=0.019191 min=0.000000 max=0.413988 | val (scaled) MSE: mean=0.010409 med=0.003372 std=0.016523 min=0.000000 max=0.104057
2025-08-26T11:52:58Z - INFO - [train_model] Epoch 097 | train (price) MSE=0.000178 MAE=0.009164 RMSE=0.013344 | val (price) MSE=0.000313 MAE=0.013397 RMSE=0.017688
2025-08-26T11:52:58Z - INFO - [train_model] Epoch 098 | train (scaled) MSE: mean=0.005919 med=0.001299 std=0.019069 min=0.000000 max=0.410432 | val (scaled) MSE: mean=0.010426 med=0.003472 std=0.016469 min=0.000000 max=0.103413
2025-08-26T11:52:58Z - INFO - [train_model] Epoch 098 | train (price) MSE=0.000178 MAE=0.009167 RMSE=0.013338 | val (price) MSE=0.000313 MAE=0.013435 RMSE=0.017703
2025-08-26T11:52:59Z - INFO - [train_model] Epoch 099 | train (scaled) MSE: mean=0.005931 med=0.001307 std=0.019079 min=0.000000 max=0.409915 | val (scaled) MSE: mean=0.010443 med=0.003527 std=0.016445 min=0.000000 max=0.103196
2025-08-26T11:52:59Z - INFO - [train_model] Epoch 099 | train (price) MSE=0.000178 MAE=0.009155 RMSE=0.013352 | val (price) MSE=0.000314 MAE=0.013471 RMSE=0.017717
2025-08-26T11:52:59Z - INFO - [train_model] Epoch 100 | train (scaled) MSE: mean=0.005892 med=0.001243 std=0.019172 min=0.000000 max=0.413557 | val (scaled) MSE: mean=0.010420 med=0.003448 std=0.016476 min=0.000000 max=0.103576
2025-08-26T11:52:59Z - INFO - [train_model] Epoch 100 | train (price) MSE=0.000177 MAE=0.009114 RMSE=0.013309 | val (price) MSE=0.000313 MAE=0.013426 RMSE=0.017698
2025-08-26T11:53:00Z - INFO - [train_model] Epoch 101 | train (scaled) MSE: mean=0.005892 med=0.001197 std=0.019143 min=0.000000 max=0.411988 | val (scaled) MSE: mean=0.010540 med=0.003923 std=0.016278 min=0.000000 max=0.100261
2025-08-26T11:53:00Z - INFO - [train_model] Epoch 101 | train (price) MSE=0.000177 MAE=0.009094 RMSE=0.013308 | val (price) MSE=0.000317 MAE=0.013658 RMSE=0.017799
2025-08-26T11:53:00Z - INFO - [train_model] Epoch 102 | train (scaled) MSE: mean=0.005907 med=0.001229 std=0.019152 min=0.000000 max=0.412097 | val (scaled) MSE: mean=0.010433 med=0.003450 std=0.016480 min=0.000000 max=0.103514
2025-08-26T11:53:00Z - INFO - [train_model] Epoch 102 | train (price) MSE=0.000178 MAE=0.009145 RMSE=0.013325 | val (price) MSE=0.000314 MAE=0.013439 RMSE=0.017709
2025-08-26T11:53:01Z - INFO - [train_model] Epoch 103 | train (scaled) MSE: mean=0.005919 med=0.001338 std=0.019116 min=0.000000 max=0.411926 | val (scaled) MSE: mean=0.010429 med=0.003518 std=0.016451 min=0.000001 max=0.103124
2025-08-26T11:53:01Z - INFO - [train_model] Epoch 103 | train (price) MSE=0.000178 MAE=0.009222 RMSE=0.013339 | val (price) MSE=0.000313 MAE=0.013437 RMSE=0.017706
2025-08-26T11:53:02Z - INFO - [train_model] Epoch 104 | train (scaled) MSE: mean=0.005885 med=0.001262 std=0.019102 min=0.000000 max=0.411448 | val (scaled) MSE: mean=0.010454 med=0.003642 std=0.016358 min=0.000000 max=0.102229
2025-08-26T11:53:02Z - INFO - [train_model] Epoch 104 | train (price) MSE=0.000177 MAE=0.009144 RMSE=0.013301 | val (price) MSE=0.000314 MAE=0.013509 RMSE=0.017726
2025-08-26T11:53:02Z - INFO - [train_model] Epoch 105 | train (scaled) MSE: mean=0.005873 med=0.001249 std=0.019043 min=0.000000 max=0.410513 | val (scaled) MSE: mean=0.010453 med=0.003628 std=0.016361 min=0.000000 max=0.102492
2025-08-26T11:53:02Z - INFO - [train_model] Epoch 105 | train (price) MSE=0.000177 MAE=0.009108 RMSE=0.013286 | val (price) MSE=0.000314 MAE=0.013505 RMSE=0.017726
2025-08-26T11:53:03Z - INFO - [train_model] Epoch 106 | train (scaled) MSE: mean=0.005852 med=0.001224 std=0.018996 min=0.000000 max=0.408644 | val (scaled) MSE: mean=0.010488 med=0.003743 std=0.016306 min=0.000000 max=0.101608
2025-08-26T11:53:03Z - INFO - [train_model] Epoch 106 | train (price) MSE=0.000176 MAE=0.009050 RMSE=0.013262 | val (price) MSE=0.000315 MAE=0.013583 RMSE=0.017755
2025-08-26T11:53:03Z - INFO - [train_model] Epoch 107 | train (scaled) MSE: mean=0.005846 med=0.001179 std=0.018859 min=0.000000 max=0.403399 | val (scaled) MSE: mean=0.010517 med=0.003891 std=0.016283 min=0.000002 max=0.101416
2025-08-26T11:53:03Z - INFO - [train_model] Epoch 107 | train (price) MSE=0.000176 MAE=0.009059 RMSE=0.013256 | val (price) MSE=0.000316 MAE=0.013641 RMSE=0.017780
2025-08-26T11:53:04Z - INFO - [train_model] Epoch 108 | train (scaled) MSE: mean=0.005856 med=0.001270 std=0.018837 min=0.000000 max=0.404326 | val (scaled) MSE: mean=0.010456 med=0.003530 std=0.016383 min=0.000000 max=0.103416
2025-08-26T11:53:04Z - INFO - [train_model] Epoch 108 | train (price) MSE=0.000176 MAE=0.009114 RMSE=0.013268 | val (price) MSE=0.000314 MAE=0.013516 RMSE=0.017728
2025-08-26T11:53:04Z - INFO - [train_model] Epoch 109 | train (scaled) MSE: mean=0.005807 med=0.001202 std=0.018837 min=0.000000 max=0.403587 | val (scaled) MSE: mean=0.010560 med=0.004118 std=0.016211 min=0.000010 max=0.100445
2025-08-26T11:53:04Z - INFO - [train_model] Epoch 109 | train (price) MSE=0.000175 MAE=0.009017 RMSE=0.013212 | val (price) MSE=0.000317 MAE=0.013732 RMSE=0.017816
2025-08-26T11:53:05Z - INFO - [train_model] Epoch 110 | train (scaled) MSE: mean=0.005791 med=0.001123 std=0.018779 min=0.000000 max=0.402220 | val (scaled) MSE: mean=0.011718 med=0.003853 std=0.017232 min=0.000001 max=0.096205
2025-08-26T11:53:05Z - INFO - [train_model] Epoch 110 | train (price) MSE=0.000174 MAE=0.008976 RMSE=0.013193 | val (price) MSE=0.000352 MAE=0.014694 RMSE=0.018768
2025-08-26T11:53:05Z - INFO - [train_model] Epoch 111 | train (scaled) MSE: mean=0.005849 med=0.001247 std=0.018588 min=0.000000 max=0.394143 | val (scaled) MSE: mean=0.010553 med=0.004041 std=0.016224 min=0.000017 max=0.101265
2025-08-26T11:53:05Z - INFO - [train_model] Epoch 111 | train (price) MSE=0.000176 MAE=0.009028 RMSE=0.013259 | val (price) MSE=0.000317 MAE=0.013727 RMSE=0.017810
2025-08-26T11:53:06Z - INFO - [train_model] Epoch 112 | train (scaled) MSE: mean=0.005826 med=0.001186 std=0.018620 min=0.000000 max=0.397143 | val (scaled) MSE: mean=0.010533 med=0.003989 std=0.016245 min=0.000010 max=0.101787
2025-08-26T11:53:06Z - INFO - [train_model] Epoch 112 | train (price) MSE=0.000175 MAE=0.009024 RMSE=0.013233 | val (price) MSE=0.000317 MAE=0.013693 RMSE=0.017794
2025-08-26T11:53:06Z - INFO - [train_model] Epoch 113 | train (scaled) MSE: mean=0.005765 med=0.001083 std=0.018771 min=0.000000 max=0.401158 | val (scaled) MSE: mean=0.010525 med=0.004042 std=0.016200 min=0.000017 max=0.101228
2025-08-26T11:53:06Z - INFO - [train_model] Epoch 113 | train (price) MSE=0.000173 MAE=0.008912 RMSE=0.013164 | val (price) MSE=0.000316 MAE=0.013697 RMSE=0.017787
2025-08-26T11:53:07Z - INFO - [train_model] Epoch 114 | train (scaled) MSE: mean=0.005743 med=0.001066 std=0.018773 min=0.000000 max=0.402857 | val (scaled) MSE: mean=0.010494 med=0.004062 std=0.016213 min=0.000004 max=0.101678
2025-08-26T11:53:07Z - INFO - [train_model] Epoch 114 | train (price) MSE=0.000173 MAE=0.008897 RMSE=0.013139 | val (price) MSE=0.000315 MAE=0.013646 RMSE=0.017761
2025-08-26T11:53:07Z - INFO - [train_model] Epoch 115 | train (scaled) MSE: mean=0.005765 med=0.001109 std=0.018526 min=0.000000 max=0.395077 | val (scaled) MSE: mean=0.010590 med=0.004364 std=0.016131 min=0.000016 max=0.100590
2025-08-26T11:53:07Z - INFO - [train_model] Epoch 115 | train (price) MSE=0.000173 MAE=0.008921 RMSE=0.013164 | val (price) MSE=0.000318 MAE=0.013811 RMSE=0.017842
2025-08-26T11:53:08Z - INFO - [train_model] Epoch 116 | train (scaled) MSE: mean=0.005779 med=0.001153 std=0.018657 min=0.000000 max=0.400131 | val (scaled) MSE: mean=0.010544 med=0.004062 std=0.016205 min=0.000014 max=0.101481
2025-08-26T11:53:08Z - INFO - [train_model] Epoch 116 | train (price) MSE=0.000174 MAE=0.008996 RMSE=0.013180 | val (price) MSE=0.000317 MAE=0.013715 RMSE=0.017803
2025-08-26T11:53:08Z - INFO - [train_model] Epoch 117 | train (scaled) MSE: mean=0.005835 med=0.001271 std=0.018653 min=0.000000 max=0.399794 | val (scaled) MSE: mean=0.010531 med=0.003997 std=0.016219 min=0.000013 max=0.101611
2025-08-26T11:53:08Z - INFO - [train_model] Epoch 117 | train (price) MSE=0.000175 MAE=0.009123 RMSE=0.013244 | val (price) MSE=0.000317 MAE=0.013691 RMSE=0.017792
2025-08-26T11:53:09Z - INFO - [train_model] Epoch 118 | train (scaled) MSE: mean=0.005793 med=0.001212 std=0.018572 min=0.000000 max=0.397412 | val (scaled) MSE: mean=0.010534 med=0.004081 std=0.016234 min=0.000009 max=0.101931
2025-08-26T11:53:09Z - INFO - [train_model] Epoch 118 | train (price) MSE=0.000174 MAE=0.009058 RMSE=0.013195 | val (price) MSE=0.000317 MAE=0.013698 RMSE=0.017794
2025-08-26T11:53:10Z - INFO - [train_model] Epoch 119 | train (scaled) MSE: mean=0.005775 med=0.001248 std=0.018785 min=0.000000 max=0.404357 | val (scaled) MSE: mean=0.010528 med=0.004143 std=0.016221 min=0.000000 max=0.100187
2025-08-26T11:53:10Z - INFO - [train_model] Epoch 119 | train (price) MSE=0.000174 MAE=0.009049 RMSE=0.013175 | val (price) MSE=0.000316 MAE=0.013632 RMSE=0.017789
2025-08-26T11:53:10Z - INFO - [train_model] Epoch 120 | train (scaled) MSE: mean=0.005737 med=0.001200 std=0.018687 min=0.000000 max=0.401866 | val (scaled) MSE: mean=0.010557 med=0.004126 std=0.016207 min=0.000013 max=0.101366
2025-08-26T11:53:10Z - INFO - [train_model] Epoch 120 | train (price) MSE=0.000172 MAE=0.008965 RMSE=0.013132 | val (price) MSE=0.000317 MAE=0.013728 RMSE=0.017814
2025-08-26T11:53:11Z - INFO - [train_model] Epoch 121 | train (scaled) MSE: mean=0.005703 med=0.001114 std=0.018767 min=0.000000 max=0.403619 | val (scaled) MSE: mean=0.010563 med=0.004161 std=0.016177 min=0.000018 max=0.101212
2025-08-26T11:53:11Z - INFO - [train_model] Epoch 121 | train (price) MSE=0.000171 MAE=0.008861 RMSE=0.013093 | val (price) MSE=0.000318 MAE=0.013751 RMSE=0.017819
2025-08-26T11:53:11Z - INFO - [train_model] Epoch 122 | train (scaled) MSE: mean=0.005703 med=0.001102 std=0.018544 min=0.000000 max=0.397559 | val (scaled) MSE: mean=0.010523 med=0.004087 std=0.016234 min=0.000006 max=0.102495
2025-08-26T11:53:11Z - INFO - [train_model] Epoch 122 | train (price) MSE=0.000171 MAE=0.008901 RMSE=0.013093 | val (price) MSE=0.000316 MAE=0.013688 RMSE=0.017785
2025-08-26T11:53:12Z - INFO - [train_model] Epoch 123 | train (scaled) MSE: mean=0.005680 med=0.001126 std=0.018549 min=0.000000 max=0.396757 | val (scaled) MSE: mean=0.010537 med=0.004113 std=0.016207 min=0.000006 max=0.102263
2025-08-26T11:53:12Z - INFO - [train_model] Epoch 123 | train (price) MSE=0.000171 MAE=0.008851 RMSE=0.013067 | val (price) MSE=0.000317 MAE=0.013713 RMSE=0.017797
2025-08-26T11:53:12Z - INFO - [train_model] Epoch 124 | train (scaled) MSE: mean=0.005665 med=0.001079 std=0.018569 min=0.000000 max=0.398453 | val (scaled) MSE: mean=0.010533 med=0.004133 std=0.016207 min=0.000006 max=0.102294
2025-08-26T11:53:12Z - INFO - [train_model] Epoch 124 | train (price) MSE=0.000170 MAE=0.008821 RMSE=0.013050 | val (price) MSE=0.000317 MAE=0.013703 RMSE=0.017794
2025-08-26T11:53:13Z - INFO - [train_model] Epoch 125 | train (scaled) MSE: mean=0.005633 med=0.001100 std=0.018623 min=0.000000 max=0.400791 | val (scaled) MSE: mean=0.010526 med=0.004232 std=0.016197 min=0.000007 max=0.102227
2025-08-26T11:53:13Z - INFO - [train_model] Epoch 125 | train (price) MSE=0.000169 MAE=0.008762 RMSE=0.013012 | val (price) MSE=0.000316 MAE=0.013688 RMSE=0.017788
2025-08-26T11:53:13Z - INFO - [train_model] Epoch 126 | train (scaled) MSE: mean=0.005734 med=0.001289 std=0.018509 min=0.000000 max=0.398145 | val (scaled) MSE: mean=0.010578 med=0.004292 std=0.016191 min=0.000007 max=0.102126
2025-08-26T11:53:13Z - INFO - [train_model] Epoch 126 | train (price) MSE=0.000172 MAE=0.009021 RMSE=0.013129 | val (price) MSE=0.000318 MAE=0.013778 RMSE=0.017832
2025-08-26T11:53:14Z - INFO - [train_model] Epoch 127 | train (scaled) MSE: mean=0.005686 med=0.001227 std=0.018453 min=0.000000 max=0.396747 | val (scaled) MSE: mean=0.010596 med=0.004337 std=0.016187 min=0.000010 max=0.101863
2025-08-26T11:53:14Z - INFO - [train_model] Epoch 127 | train (price) MSE=0.000171 MAE=0.008962 RMSE=0.013074 | val (price) MSE=0.000319 MAE=0.013806 RMSE=0.017847
2025-08-26T11:53:14Z - INFO - [train_model] Epoch 128 | train (scaled) MSE: mean=0.005704 med=0.001192 std=0.018451 min=0.000000 max=0.397311 | val (scaled) MSE: mean=0.010588 med=0.004335 std=0.016184 min=0.000006 max=0.102282
2025-08-26T11:53:14Z - INFO - [train_model] Epoch 128 | train (price) MSE=0.000171 MAE=0.008980 RMSE=0.013095 | val (price) MSE=0.000318 MAE=0.013805 RMSE=0.017840
2025-08-26T11:53:15Z - INFO - [train_model] Epoch 129 | train (scaled) MSE: mean=0.005714 med=0.001312 std=0.018431 min=0.000000 max=0.396250 | val (scaled) MSE: mean=0.010587 med=0.004402 std=0.016169 min=0.000008 max=0.102057
2025-08-26T11:53:15Z - INFO - [train_model] Epoch 129 | train (price) MSE=0.000172 MAE=0.009001 RMSE=0.013105 | val (price) MSE=0.000318 MAE=0.013803 RMSE=0.017839
2025-08-26T11:53:15Z - INFO - [train_model] Epoch 130 | train (scaled) MSE: mean=0.005663 med=0.001237 std=0.018509 min=0.000000 max=0.398968 | val (scaled) MSE: mean=0.010594 med=0.004442 std=0.016178 min=0.000012 max=0.101692
2025-08-26T11:53:15Z - INFO - [train_model] Epoch 130 | train (price) MSE=0.000170 MAE=0.008900 RMSE=0.013047 | val (price) MSE=0.000318 MAE=0.013794 RMSE=0.017845
2025-08-26T11:53:16Z - INFO - [train_model] Epoch 131 | train (scaled) MSE: mean=0.005664 med=0.001209 std=0.018482 min=0.000000 max=0.398624 | val (scaled) MSE: mean=0.010557 med=0.004537 std=0.016143 min=0.000009 max=0.101945
2025-08-26T11:53:16Z - INFO - [train_model] Epoch 131 | train (price) MSE=0.000170 MAE=0.008929 RMSE=0.013048 | val (price) MSE=0.000317 MAE=0.013750 RMSE=0.017814
2025-08-26T11:53:17Z - INFO - [train_model] Epoch 132 | train (scaled) MSE: mean=0.005704 med=0.001281 std=0.018456 min=0.000000 max=0.396686 | val (scaled) MSE: mean=0.010551 med=0.004099 std=0.016218 min=0.000005 max=0.102305
2025-08-26T11:53:17Z - INFO - [train_model] Epoch 132 | train (price) MSE=0.000171 MAE=0.009022 RMSE=0.013094 | val (price) MSE=0.000317 MAE=0.013738 RMSE=0.017809
2025-08-26T11:53:17Z - INFO - [train_model] Epoch 133 | train (scaled) MSE: mean=0.005696 med=0.001294 std=0.018448 min=0.000000 max=0.396595 | val (scaled) MSE: mean=0.010616 med=0.004469 std=0.016177 min=0.000008 max=0.102076
2025-08-26T11:53:17Z - INFO - [train_model] Epoch 133 | train (price) MSE=0.000171 MAE=0.009009 RMSE=0.013085 | val (price) MSE=0.000319 MAE=0.013849 RMSE=0.017864
2025-08-26T11:53:18Z - INFO - [train_model] Epoch 134 | train (scaled) MSE: mean=0.005662 med=0.001201 std=0.018453 min=0.000000 max=0.396633 | val (scaled) MSE: mean=0.010773 med=0.004492 std=0.016030 min=0.000003 max=0.098459
2025-08-26T11:53:18Z - INFO - [train_model] Epoch 134 | train (price) MSE=0.000170 MAE=0.008901 RMSE=0.013045 | val (price) MSE=0.000324 MAE=0.014039 RMSE=0.017995
2025-08-26T11:53:18Z - INFO - [train_model] Epoch 135 | train (scaled) MSE: mean=0.005638 med=0.001234 std=0.018435 min=0.000000 max=0.396607 | val (scaled) MSE: mean=0.010547 med=0.004248 std=0.016188 min=0.000002 max=0.102897
2025-08-26T11:53:18Z - INFO - [train_model] Epoch 135 | train (price) MSE=0.000169 MAE=0.008861 RMSE=0.013018 | val (price) MSE=0.000317 MAE=0.013754 RMSE=0.017805
2025-08-26T11:53:18Z - INFO - [train_model] Early stopping at epoch 135 (best price val MSE=0.000312 @ epoch 95)
2025-08-26T11:53:18Z - INFO - [visualize_full_prediction] Saved full prediction plot for BMY to output/20250826-075203/plots/BMY_finbert-tabmlp_full_returns_prediction.png
2025-08-26T11:53:19Z - INFO - [visualize_sentiment] Saved sentiment plot for BMY to output/20250826-075203/plots/BMY_sentiment.png
2025-08-26T11:53:19Z - INFO - [train] [BMY] Test (price) MSE=0.000184 | MAE=0.010894 | RMSE=0.013552 (scaled MSE=0.006110)
2025-08-26T11:53:19Z - INFO - [train] [BMY] Final (price) Train MSE=0.000169 | Val MSE=0.000317 (scaled Train MSE=0.005638 | Val MSE=0.010547)
2025-08-26T11:53:19Z - INFO - [train] [BMY] Best epoch=95 | Best (price) Train MSE=0.000179 | Best (price) Val MSE=0.000312 | Saved at=/home/tbfs/Projects/finBert/output/20250826-075203/saved_weights/BMY/BMY_best-epoch095.pt
2025-08-26T11:53:19Z - INFO - [train] Wrote evaluation summary → output/20250826-075203/evaluation.json
