2025-08-26T11:26:22Z - INFO - [Pipeline::__init__] Loaded news dataframe with columns=['title', 'date', 'stock'] shape=(1277896, 3).
2025-08-26T11:26:23Z - INFO - [SentimentGenerator::_load] Loaded precomputed sentiment from /home/tbfs/Projects/finBert/output/20250823-140342/sentiment_daily.csv
2025-08-26T11:26:23Z - INFO - [train] Training predictor for ticker: EBAY
2025-08-26T11:26:23Z - INFO - [train] Loaded prices for EBAY with columns=['date', 'open', 'high', 'low', 'close', 'adj close', 'volume'] shape=(2516, 7).
2025-08-26T11:26:23Z - INFO - [SequenceDataset::__init__] len(self.valid_indices)=716 out of len(df)=2515 samples are valid for lookback=60 with sentiment_col=SentimentScore
2025-08-26T11:26:23Z - INFO - [SequenceDataset::__init__] len(self.valid_indices)=80 out of len(df)=2515 samples are valid for lookback=60 with sentiment_col=SentimentScore
2025-08-26T11:26:23Z - INFO - [SequenceDataset::__init__] len(self.valid_indices)=89 out of len(df)=2515 samples are valid for lookback=60 with sentiment_col=SentimentScore
2025-08-26T11:26:24Z - INFO - [train_model] Epoch 001 | train (scaled) MSE: mean=0.028424 med=0.002675 std=0.077447 min=0.000000 max=0.780234 | val (scaled) MSE: mean=0.003244 med=0.001063 std=0.006328 min=0.000000 max=0.034635
2025-08-26T11:26:24Z - INFO - [train_model] Epoch 001 | train (price) MSE=0.001877 MAE=0.025151 RMSE=0.043320 | val (price) MSE=0.000214 MAE=0.010603 RMSE=0.014635
2025-08-26T11:26:24Z - INFO - [train_model] New best (price) val MSE=0.000214 at epoch 1; saved → /home/tbfs/Projects/finBert/output/20250826-072618/saved_weights/EBAY/EBAY_best-epoch001.pt
2025-08-26T11:26:25Z - INFO - [train_model] Epoch 002 | train (scaled) MSE: mean=0.009349 med=0.002060 std=0.025835 min=0.000000 max=0.225593 | val (scaled) MSE: mean=0.003151 med=0.000917 std=0.006290 min=0.000001 max=0.035328
2025-08-26T11:26:25Z - INFO - [train_model] Epoch 002 | train (price) MSE=0.000617 MAE=0.016724 RMSE=0.024844 | val (price) MSE=0.000208 MAE=0.010481 RMSE=0.014425
2025-08-26T11:26:25Z - INFO - [train_model] New best (price) val MSE=0.000208 at epoch 2; saved → /home/tbfs/Projects/finBert/output/20250826-072618/saved_weights/EBAY/EBAY_best-epoch002.pt
2025-08-26T11:26:26Z - INFO - [train_model] Epoch 003 | train (scaled) MSE: mean=0.006654 med=0.001774 std=0.019529 min=0.000000 max=0.225634 | val (scaled) MSE: mean=0.002987 med=0.001032 std=0.006067 min=0.000000 max=0.034610
2025-08-26T11:26:26Z - INFO - [train_model] Epoch 003 | train (price) MSE=0.000439 MAE=0.014531 RMSE=0.020961 | val (price) MSE=0.000197 MAE=0.010223 RMSE=0.014043
2025-08-26T11:26:26Z - INFO - [train_model] New best (price) val MSE=0.000197 at epoch 3; saved → /home/tbfs/Projects/finBert/output/20250826-072618/saved_weights/EBAY/EBAY_best-epoch003.pt
2025-08-26T11:26:27Z - INFO - [train_model] Epoch 004 | train (scaled) MSE: mean=0.005847 med=0.001613 std=0.018112 min=0.000000 max=0.226359 | val (scaled) MSE: mean=0.002878 med=0.000930 std=0.005891 min=0.000000 max=0.034002
2025-08-26T11:26:27Z - INFO - [train_model] Epoch 004 | train (price) MSE=0.000386 MAE=0.013635 RMSE=0.019647 | val (price) MSE=0.000190 MAE=0.010063 RMSE=0.013785
2025-08-26T11:26:27Z - INFO - [train_model] New best (price) val MSE=0.000190 at epoch 4; saved → /home/tbfs/Projects/finBert/output/20250826-072618/saved_weights/EBAY/EBAY_best-epoch004.pt
2025-08-26T11:26:28Z - INFO - [train_model] Epoch 005 | train (scaled) MSE: mean=0.005504 med=0.001531 std=0.017668 min=0.000000 max=0.230481 | val (scaled) MSE: mean=0.002804 med=0.000826 std=0.005744 min=0.000000 max=0.033518
2025-08-26T11:26:28Z - INFO - [train_model] Epoch 005 | train (price) MSE=0.000363 MAE=0.013240 RMSE=0.019064 | val (price) MSE=0.000185 MAE=0.009966 RMSE=0.013606
2025-08-26T11:26:28Z - INFO - [train_model] New best (price) val MSE=0.000185 at epoch 5; saved → /home/tbfs/Projects/finBert/output/20250826-072618/saved_weights/EBAY/EBAY_best-epoch005.pt
2025-08-26T11:26:29Z - INFO - [train_model] Epoch 006 | train (scaled) MSE: mean=0.005346 med=0.001501 std=0.017490 min=0.000000 max=0.232502 | val (scaled) MSE: mean=0.002752 med=0.000765 std=0.005617 min=0.000000 max=0.033124
2025-08-26T11:26:29Z - INFO - [train_model] Epoch 006 | train (price) MSE=0.000353 MAE=0.013034 RMSE=0.018788 | val (price) MSE=0.000182 MAE=0.009929 RMSE=0.013478
2025-08-26T11:26:29Z - INFO - [train_model] New best (price) val MSE=0.000182 at epoch 6; saved → /home/tbfs/Projects/finBert/output/20250826-072618/saved_weights/EBAY/EBAY_best-epoch006.pt
2025-08-26T11:26:29Z - INFO - [train_model] Epoch 007 | train (scaled) MSE: mean=0.005288 med=0.001501 std=0.017521 min=0.000000 max=0.233996 | val (scaled) MSE: mean=0.002705 med=0.000789 std=0.005487 min=0.000003 max=0.032658
2025-08-26T11:26:29Z - INFO - [train_model] Epoch 007 | train (price) MSE=0.000349 MAE=0.012980 RMSE=0.018685 | val (price) MSE=0.000179 MAE=0.009912 RMSE=0.013364
2025-08-26T11:26:29Z - INFO - [train_model] New best (price) val MSE=0.000179 at epoch 7; saved → /home/tbfs/Projects/finBert/output/20250826-072618/saved_weights/EBAY/EBAY_best-epoch007.pt
2025-08-26T11:26:30Z - INFO - [train_model] Epoch 008 | train (scaled) MSE: mean=0.005260 med=0.001495 std=0.017505 min=0.000000 max=0.232627 | val (scaled) MSE: mean=0.002672 med=0.000912 std=0.005374 min=0.000000 max=0.032231
2025-08-26T11:26:30Z - INFO - [train_model] Epoch 008 | train (price) MSE=0.000347 MAE=0.012954 RMSE=0.018636 | val (price) MSE=0.000176 MAE=0.009895 RMSE=0.013282
2025-08-26T11:26:30Z - INFO - [train_model] New best (price) val MSE=0.000176 at epoch 8; saved → /home/tbfs/Projects/finBert/output/20250826-072618/saved_weights/EBAY/EBAY_best-epoch008.pt
2025-08-26T11:26:31Z - INFO - [train_model] Epoch 009 | train (scaled) MSE: mean=0.005258 med=0.001464 std=0.017514 min=0.000000 max=0.231549 | val (scaled) MSE: mean=0.002652 med=0.001036 std=0.005288 min=0.000000 max=0.031902
2025-08-26T11:26:31Z - INFO - [train_model] Epoch 009 | train (price) MSE=0.000347 MAE=0.012961 RMSE=0.018633 | val (price) MSE=0.000175 MAE=0.009909 RMSE=0.013233
2025-08-26T11:26:31Z - INFO - [train_model] New best (price) val MSE=0.000175 at epoch 9; saved → /home/tbfs/Projects/finBert/output/20250826-072618/saved_weights/EBAY/EBAY_best-epoch009.pt
2025-08-26T11:26:32Z - INFO - [train_model] Epoch 010 | train (scaled) MSE: mean=0.005261 med=0.001487 std=0.017557 min=0.000000 max=0.232032 | val (scaled) MSE: mean=0.002641 med=0.000991 std=0.005219 min=0.000001 max=0.031608
2025-08-26T11:26:32Z - INFO - [train_model] Epoch 010 | train (price) MSE=0.000347 MAE=0.012951 RMSE=0.018637 | val (price) MSE=0.000174 MAE=0.009925 RMSE=0.013205
2025-08-26T11:26:32Z - INFO - [train_model] New best (price) val MSE=0.000174 at epoch 10; saved → /home/tbfs/Projects/finBert/output/20250826-072618/saved_weights/EBAY/EBAY_best-epoch010.pt
2025-08-26T11:26:33Z - INFO - [train_model] Epoch 011 | train (scaled) MSE: mean=0.005259 med=0.001468 std=0.017509 min=0.000000 max=0.231560 | val (scaled) MSE: mean=0.002635 med=0.000981 std=0.005177 min=0.000001 max=0.031375
2025-08-26T11:26:33Z - INFO - [train_model] Epoch 011 | train (price) MSE=0.000347 MAE=0.012943 RMSE=0.018634 | val (price) MSE=0.000174 MAE=0.009934 RMSE=0.013190
2025-08-26T11:26:33Z - INFO - [train_model] New best (price) val MSE=0.000174 at epoch 11; saved → /home/tbfs/Projects/finBert/output/20250826-072618/saved_weights/EBAY/EBAY_best-epoch011.pt
2025-08-26T11:26:34Z - INFO - [train_model] Epoch 012 | train (scaled) MSE: mean=0.005255 med=0.001446 std=0.017485 min=0.000000 max=0.231152 | val (scaled) MSE: mean=0.002634 med=0.000986 std=0.005145 min=0.000002 max=0.031213
2025-08-26T11:26:34Z - INFO - [train_model] Epoch 012 | train (price) MSE=0.000347 MAE=0.012930 RMSE=0.018627 | val (price) MSE=0.000174 MAE=0.009951 RMSE=0.013188
2025-08-26T11:26:34Z - INFO - [train_model] New best (price) val MSE=0.000174 at epoch 12; saved → /home/tbfs/Projects/finBert/output/20250826-072618/saved_weights/EBAY/EBAY_best-epoch012.pt
2025-08-26T11:26:35Z - INFO - [train_model] Epoch 013 | train (scaled) MSE: mean=0.005250 med=0.001436 std=0.017464 min=0.000000 max=0.230812 | val (scaled) MSE: mean=0.002635 med=0.000967 std=0.005115 min=0.000003 max=0.031040
2025-08-26T11:26:35Z - INFO - [train_model] Epoch 013 | train (price) MSE=0.000347 MAE=0.012917 RMSE=0.018618 | val (price) MSE=0.000174 MAE=0.009965 RMSE=0.013190
2025-08-26T11:26:36Z - INFO - [train_model] Epoch 014 | train (scaled) MSE: mean=0.005244 med=0.001447 std=0.017441 min=0.000000 max=0.230544 | val (scaled) MSE: mean=0.002638 med=0.000951 std=0.005083 min=0.000002 max=0.030865
2025-08-26T11:26:36Z - INFO - [train_model] Epoch 014 | train (price) MSE=0.000346 MAE=0.012903 RMSE=0.018607 | val (price) MSE=0.000174 MAE=0.009980 RMSE=0.013199
2025-08-26T11:26:37Z - INFO - [train_model] Epoch 015 | train (scaled) MSE: mean=0.005236 med=0.001457 std=0.017418 min=0.000000 max=0.230362 | val (scaled) MSE: mean=0.002644 med=0.000940 std=0.005065 min=0.000000 max=0.030749
2025-08-26T11:26:37Z - INFO - [train_model] Epoch 015 | train (price) MSE=0.000346 MAE=0.012890 RMSE=0.018594 | val (price) MSE=0.000175 MAE=0.009992 RMSE=0.013212
2025-08-26T11:26:38Z - INFO - [train_model] Epoch 016 | train (scaled) MSE: mean=0.005227 med=0.001460 std=0.017389 min=0.000000 max=0.230281 | val (scaled) MSE: mean=0.002651 med=0.000922 std=0.005045 min=0.000000 max=0.030591
2025-08-26T11:26:38Z - INFO - [train_model] Epoch 016 | train (price) MSE=0.000345 MAE=0.012878 RMSE=0.018576 | val (price) MSE=0.000175 MAE=0.010013 RMSE=0.013229
2025-08-26T11:26:39Z - INFO - [train_model] Epoch 017 | train (scaled) MSE: mean=0.005215 med=0.001442 std=0.017378 min=0.000000 max=0.230209 | val (scaled) MSE: mean=0.002658 med=0.000936 std=0.005035 min=0.000000 max=0.030509
2025-08-26T11:26:39Z - INFO - [train_model] Epoch 017 | train (price) MSE=0.000344 MAE=0.012866 RMSE=0.018555 | val (price) MSE=0.000176 MAE=0.010034 RMSE=0.013248
2025-08-26T11:26:39Z - INFO - [train_model] Epoch 018 | train (scaled) MSE: mean=0.005208 med=0.001444 std=0.017337 min=0.000000 max=0.230363 | val (scaled) MSE: mean=0.002668 med=0.000980 std=0.005018 min=0.000000 max=0.030400
2025-08-26T11:26:39Z - INFO - [train_model] Epoch 018 | train (price) MSE=0.000344 MAE=0.012856 RMSE=0.018543 | val (price) MSE=0.000176 MAE=0.010063 RMSE=0.013273
2025-08-26T11:26:40Z - INFO - [train_model] Epoch 019 | train (scaled) MSE: mean=0.005195 med=0.001431 std=0.017299 min=0.000000 max=0.230308 | val (scaled) MSE: mean=0.002677 med=0.001001 std=0.005007 min=0.000000 max=0.030291
2025-08-26T11:26:40Z - INFO - [train_model] Epoch 019 | train (price) MSE=0.000343 MAE=0.012842 RMSE=0.018520 | val (price) MSE=0.000177 MAE=0.010090 RMSE=0.013295
2025-08-26T11:26:41Z - INFO - [train_model] Epoch 020 | train (scaled) MSE: mean=0.005182 med=0.001415 std=0.017262 min=0.000000 max=0.230403 | val (scaled) MSE: mean=0.002690 med=0.001014 std=0.004990 min=0.000000 max=0.030171
2025-08-26T11:26:41Z - INFO - [train_model] Epoch 020 | train (price) MSE=0.000342 MAE=0.012832 RMSE=0.018497 | val (price) MSE=0.000178 MAE=0.010130 RMSE=0.013327
2025-08-26T11:26:42Z - INFO - [train_model] Epoch 021 | train (scaled) MSE: mean=0.005169 med=0.001408 std=0.017224 min=0.000000 max=0.230547 | val (scaled) MSE: mean=0.002706 med=0.001029 std=0.004975 min=0.000000 max=0.030052
2025-08-26T11:26:42Z - INFO - [train_model] Epoch 021 | train (price) MSE=0.000341 MAE=0.012824 RMSE=0.018474 | val (price) MSE=0.000179 MAE=0.010173 RMSE=0.013366
2025-08-26T11:26:43Z - INFO - [train_model] Epoch 022 | train (scaled) MSE: mean=0.005155 med=0.001416 std=0.017181 min=0.000000 max=0.230653 | val (scaled) MSE: mean=0.002720 med=0.001040 std=0.004956 min=0.000000 max=0.029829
2025-08-26T11:26:43Z - INFO - [train_model] Epoch 022 | train (price) MSE=0.000340 MAE=0.012817 RMSE=0.018449 | val (price) MSE=0.000180 MAE=0.010213 RMSE=0.013401
2025-08-26T11:26:44Z - INFO - [train_model] Epoch 023 | train (scaled) MSE: mean=0.005141 med=0.001433 std=0.017137 min=0.000000 max=0.230754 | val (scaled) MSE: mean=0.002731 med=0.001022 std=0.004960 min=0.000000 max=0.029844
2025-08-26T11:26:44Z - INFO - [train_model] Epoch 023 | train (price) MSE=0.000339 MAE=0.012811 RMSE=0.018423 | val (price) MSE=0.000180 MAE=0.010241 RMSE=0.013429
2025-08-26T11:26:45Z - INFO - [train_model] Epoch 024 | train (scaled) MSE: mean=0.005127 med=0.001423 std=0.017090 min=0.000000 max=0.230815 | val (scaled) MSE: mean=0.002743 med=0.000994 std=0.004961 min=0.000000 max=0.029786
2025-08-26T11:26:45Z - INFO - [train_model] Epoch 024 | train (price) MSE=0.000339 MAE=0.012808 RMSE=0.018399 | val (price) MSE=0.000181 MAE=0.010272 RMSE=0.013456
2025-08-26T11:26:45Z - INFO - [train_model] Epoch 025 | train (scaled) MSE: mean=0.005115 med=0.001437 std=0.017045 min=0.000000 max=0.230833 | val (scaled) MSE: mean=0.002740 med=0.000995 std=0.004997 min=0.000000 max=0.029968
2025-08-26T11:26:45Z - INFO - [train_model] Epoch 025 | train (price) MSE=0.000338 MAE=0.012804 RMSE=0.018376 | val (price) MSE=0.000181 MAE=0.010248 RMSE=0.013451
2025-08-26T11:26:46Z - INFO - [train_model] Epoch 026 | train (scaled) MSE: mean=0.005100 med=0.001430 std=0.017001 min=0.000000 max=0.230774 | val (scaled) MSE: mean=0.002757 med=0.001001 std=0.004979 min=0.000000 max=0.029760
2025-08-26T11:26:46Z - INFO - [train_model] Epoch 026 | train (price) MSE=0.000337 MAE=0.012793 RMSE=0.018350 | val (price) MSE=0.000182 MAE=0.010298 RMSE=0.013491
2025-08-26T11:26:47Z - INFO - [train_model] Epoch 027 | train (scaled) MSE: mean=0.005089 med=0.001429 std=0.016955 min=0.000000 max=0.230589 | val (scaled) MSE: mean=0.002755 med=0.000993 std=0.005021 min=0.000001 max=0.030015
2025-08-26T11:26:47Z - INFO - [train_model] Epoch 027 | train (price) MSE=0.000336 MAE=0.012786 RMSE=0.018329 | val (price) MSE=0.000182 MAE=0.010276 RMSE=0.013487
2025-08-26T11:26:48Z - INFO - [train_model] Epoch 028 | train (scaled) MSE: mean=0.005076 med=0.001435 std=0.016917 min=0.000000 max=0.230387 | val (scaled) MSE: mean=0.002764 med=0.000997 std=0.005023 min=0.000001 max=0.029999
2025-08-26T11:26:48Z - INFO - [train_model] Epoch 028 | train (price) MSE=0.000335 MAE=0.012774 RMSE=0.018307 | val (price) MSE=0.000183 MAE=0.010298 RMSE=0.013510
2025-08-26T11:26:49Z - INFO - [train_model] Epoch 029 | train (scaled) MSE: mean=0.005064 med=0.001439 std=0.016876 min=0.000000 max=0.230055 | val (scaled) MSE: mean=0.002769 med=0.000979 std=0.005038 min=0.000000 max=0.030005
2025-08-26T11:26:49Z - INFO - [train_model] Epoch 029 | train (price) MSE=0.000334 MAE=0.012761 RMSE=0.018286 | val (price) MSE=0.000183 MAE=0.010301 RMSE=0.013521
2025-08-26T11:26:50Z - INFO - [train_model] Epoch 030 | train (scaled) MSE: mean=0.005053 med=0.001410 std=0.016840 min=0.000000 max=0.229702 | val (scaled) MSE: mean=0.002768 med=0.000972 std=0.005068 min=0.000000 max=0.030171
2025-08-26T11:26:50Z - INFO - [train_model] Epoch 030 | train (price) MSE=0.000334 MAE=0.012745 RMSE=0.018265 | val (price) MSE=0.000183 MAE=0.010285 RMSE=0.013519
2025-08-26T11:26:51Z - INFO - [train_model] Epoch 031 | train (scaled) MSE: mean=0.005041 med=0.001391 std=0.016809 min=0.000000 max=0.229346 | val (scaled) MSE: mean=0.002776 med=0.000946 std=0.005068 min=0.000000 max=0.030079
2025-08-26T11:26:51Z - INFO - [train_model] Epoch 031 | train (price) MSE=0.000333 MAE=0.012728 RMSE=0.018244 | val (price) MSE=0.000183 MAE=0.010304 RMSE=0.013537
2025-08-26T11:26:52Z - INFO - [train_model] Epoch 032 | train (scaled) MSE: mean=0.005032 med=0.001377 std=0.016776 min=0.000000 max=0.228915 | val (scaled) MSE: mean=0.002770 med=0.000961 std=0.005107 min=0.000000 max=0.030296
2025-08-26T11:26:52Z - INFO - [train_model] Epoch 032 | train (price) MSE=0.000332 MAE=0.012716 RMSE=0.018227 | val (price) MSE=0.000183 MAE=0.010270 RMSE=0.013524
2025-08-26T11:26:52Z - INFO - [train_model] Epoch 033 | train (scaled) MSE: mean=0.005017 med=0.001361 std=0.016755 min=0.000000 max=0.228537 | val (scaled) MSE: mean=0.002773 med=0.000948 std=0.005123 min=0.000001 max=0.030353
2025-08-26T11:26:52Z - INFO - [train_model] Epoch 033 | train (price) MSE=0.000331 MAE=0.012694 RMSE=0.018200 | val (price) MSE=0.000183 MAE=0.010268 RMSE=0.013530
2025-08-26T11:26:53Z - INFO - [train_model] Epoch 034 | train (scaled) MSE: mean=0.005005 med=0.001367 std=0.016731 min=0.000000 max=0.228094 | val (scaled) MSE: mean=0.002777 med=0.000931 std=0.005134 min=0.000000 max=0.030343
2025-08-26T11:26:53Z - INFO - [train_model] Epoch 034 | train (price) MSE=0.000330 MAE=0.012676 RMSE=0.018178 | val (price) MSE=0.000183 MAE=0.010273 RMSE=0.013540
2025-08-26T11:26:54Z - INFO - [train_model] Epoch 035 | train (scaled) MSE: mean=0.004994 med=0.001365 std=0.016708 min=0.000000 max=0.227670 | val (scaled) MSE: mean=0.002773 med=0.000914 std=0.005168 min=0.000000 max=0.030532
2025-08-26T11:26:54Z - INFO - [train_model] Epoch 035 | train (price) MSE=0.000330 MAE=0.012662 RMSE=0.018158 | val (price) MSE=0.000183 MAE=0.010247 RMSE=0.013530
2025-08-26T11:26:55Z - INFO - [train_model] Epoch 036 | train (scaled) MSE: mean=0.004982 med=0.001393 std=0.016665 min=0.000000 max=0.227429 | val (scaled) MSE: mean=0.002774 med=0.000910 std=0.005190 min=0.000001 max=0.030620
2025-08-26T11:26:55Z - INFO - [train_model] Epoch 036 | train (price) MSE=0.000329 MAE=0.012648 RMSE=0.018137 | val (price) MSE=0.000183 MAE=0.010242 RMSE=0.013533
2025-08-26T11:26:56Z - INFO - [train_model] Epoch 037 | train (scaled) MSE: mean=0.004970 med=0.001359 std=0.016665 min=0.000000 max=0.226880 | val (scaled) MSE: mean=0.002771 med=0.000932 std=0.005210 min=0.000003 max=0.030699
2025-08-26T11:26:56Z - INFO - [train_model] Epoch 037 | train (price) MSE=0.000328 MAE=0.012627 RMSE=0.018115 | val (price) MSE=0.000183 MAE=0.010227 RMSE=0.013527
2025-08-26T11:26:57Z - INFO - [train_model] Epoch 038 | train (scaled) MSE: mean=0.004957 med=0.001352 std=0.016648 min=0.000000 max=0.226457 | val (scaled) MSE: mean=0.002768 med=0.000964 std=0.005243 min=0.000002 max=0.030858
2025-08-26T11:26:57Z - INFO - [train_model] Epoch 038 | train (price) MSE=0.000327 MAE=0.012608 RMSE=0.018092 | val (price) MSE=0.000183 MAE=0.010203 RMSE=0.013518
2025-08-26T11:26:58Z - INFO - [train_model] Epoch 039 | train (scaled) MSE: mean=0.004944 med=0.001349 std=0.016630 min=0.000000 max=0.226044 | val (scaled) MSE: mean=0.002770 med=0.000969 std=0.005254 min=0.000002 max=0.030873
2025-08-26T11:26:58Z - INFO - [train_model] Epoch 039 | train (price) MSE=0.000326 MAE=0.012588 RMSE=0.018067 | val (price) MSE=0.000183 MAE=0.010205 RMSE=0.013524
2025-08-26T11:26:59Z - INFO - [train_model] Epoch 040 | train (scaled) MSE: mean=0.004932 med=0.001323 std=0.016616 min=0.000000 max=0.225636 | val (scaled) MSE: mean=0.002768 med=0.000997 std=0.005281 min=0.000003 max=0.031007
2025-08-26T11:26:59Z - INFO - [train_model] Epoch 040 | train (price) MSE=0.000326 MAE=0.012569 RMSE=0.018045 | val (price) MSE=0.000183 MAE=0.010185 RMSE=0.013518
2025-08-26T11:26:59Z - INFO - [train_model] Epoch 041 | train (scaled) MSE: mean=0.004918 med=0.001325 std=0.016600 min=0.000000 max=0.225252 | val (scaled) MSE: mean=0.002768 med=0.001006 std=0.005292 min=0.000002 max=0.031019
2025-08-26T11:26:59Z - INFO - [train_model] Epoch 041 | train (price) MSE=0.000325 MAE=0.012549 RMSE=0.018020 | val (price) MSE=0.000183 MAE=0.010180 RMSE=0.013520
2025-08-26T11:27:00Z - INFO - [train_model] Epoch 042 | train (scaled) MSE: mean=0.004906 med=0.001304 std=0.016583 min=0.000000 max=0.224872 | val (scaled) MSE: mean=0.002769 med=0.001030 std=0.005308 min=0.000002 max=0.031068
2025-08-26T11:27:00Z - INFO - [train_model] Epoch 042 | train (price) MSE=0.000324 MAE=0.012531 RMSE=0.017997 | val (price) MSE=0.000183 MAE=0.010172 RMSE=0.013520
2025-08-26T11:27:01Z - INFO - [train_model] Epoch 043 | train (scaled) MSE: mean=0.004895 med=0.001302 std=0.016551 min=0.000000 max=0.224639 | val (scaled) MSE: mean=0.002770 med=0.001018 std=0.005308 min=0.000001 max=0.031002
2025-08-26T11:27:01Z - INFO - [train_model] Epoch 043 | train (price) MSE=0.000323 MAE=0.012521 RMSE=0.017978 | val (price) MSE=0.000183 MAE=0.010175 RMSE=0.013524
2025-08-26T11:27:02Z - INFO - [train_model] Epoch 044 | train (scaled) MSE: mean=0.004883 med=0.001305 std=0.016546 min=0.000000 max=0.224190 | val (scaled) MSE: mean=0.002766 med=0.001059 std=0.005347 min=0.000001 max=0.031238
2025-08-26T11:27:02Z - INFO - [train_model] Epoch 044 | train (price) MSE=0.000322 MAE=0.012501 RMSE=0.017955 | val (price) MSE=0.000183 MAE=0.010141 RMSE=0.013513
2025-08-26T11:27:03Z - INFO - [train_model] Epoch 045 | train (scaled) MSE: mean=0.004868 med=0.001307 std=0.016528 min=0.000000 max=0.223857 | val (scaled) MSE: mean=0.002765 med=0.001058 std=0.005360 min=0.000001 max=0.031283
2025-08-26T11:27:03Z - INFO - [train_model] Epoch 045 | train (price) MSE=0.000321 MAE=0.012485 RMSE=0.017927 | val (price) MSE=0.000183 MAE=0.010131 RMSE=0.013511
2025-08-26T11:27:04Z - INFO - [train_model] Epoch 046 | train (scaled) MSE: mean=0.004857 med=0.001284 std=0.016489 min=0.000000 max=0.223611 | val (scaled) MSE: mean=0.002762 med=0.001059 std=0.005373 min=0.000001 max=0.031325
2025-08-26T11:27:04Z - INFO - [train_model] Epoch 046 | train (price) MSE=0.000321 MAE=0.012475 RMSE=0.017907 | val (price) MSE=0.000182 MAE=0.010115 RMSE=0.013504
2025-08-26T11:27:05Z - INFO - [train_model] Epoch 047 | train (scaled) MSE: mean=0.004843 med=0.001287 std=0.016498 min=0.000000 max=0.223206 | val (scaled) MSE: mean=0.002758 med=0.001064 std=0.005403 min=0.000001 max=0.031502
2025-08-26T11:27:05Z - INFO - [train_model] Epoch 047 | train (price) MSE=0.000320 MAE=0.012457 RMSE=0.017881 | val (price) MSE=0.000182 MAE=0.010084 RMSE=0.013494
2025-08-26T11:27:05Z - INFO - [train_model] Epoch 048 | train (scaled) MSE: mean=0.004827 med=0.001307 std=0.016489 min=0.000000 max=0.222892 | val (scaled) MSE: mean=0.002755 med=0.001055 std=0.005413 min=0.000000 max=0.031532
2025-08-26T11:27:05Z - INFO - [train_model] Epoch 048 | train (price) MSE=0.000319 MAE=0.012437 RMSE=0.017852 | val (price) MSE=0.000182 MAE=0.010067 RMSE=0.013487
2025-08-26T11:27:06Z - INFO - [train_model] Epoch 049 | train (scaled) MSE: mean=0.004813 med=0.001303 std=0.016472 min=0.000000 max=0.222617 | val (scaled) MSE: mean=0.002751 med=0.001044 std=0.005423 min=0.000000 max=0.031570
2025-08-26T11:27:06Z - INFO - [train_model] Epoch 049 | train (price) MSE=0.000318 MAE=0.012421 RMSE=0.017827 | val (price) MSE=0.000182 MAE=0.010047 RMSE=0.013477
2025-08-26T11:27:07Z - INFO - [train_model] Epoch 050 | train (scaled) MSE: mean=0.004799 med=0.001325 std=0.016450 min=0.000000 max=0.222366 | val (scaled) MSE: mean=0.002747 med=0.001007 std=0.005450 min=0.000000 max=0.031727
2025-08-26T11:27:07Z - INFO - [train_model] Epoch 050 | train (price) MSE=0.000317 MAE=0.012404 RMSE=0.017800 | val (price) MSE=0.000181 MAE=0.010014 RMSE=0.013467
2025-08-26T11:27:08Z - INFO - [train_model] Epoch 051 | train (scaled) MSE: mean=0.004786 med=0.001328 std=0.016448 min=0.000000 max=0.222161 | val (scaled) MSE: mean=0.002743 med=0.000971 std=0.005475 min=0.000000 max=0.031876
2025-08-26T11:27:08Z - INFO - [train_model] Epoch 051 | train (price) MSE=0.000316 MAE=0.012387 RMSE=0.017776 | val (price) MSE=0.000181 MAE=0.009981 RMSE=0.013456
2025-08-26T11:27:09Z - INFO - [train_model] Epoch 052 | train (scaled) MSE: mean=0.004771 med=0.001339 std=0.016439 min=0.000000 max=0.221944 | val (scaled) MSE: mean=0.002739 med=0.000968 std=0.005486 min=0.000000 max=0.031925
2025-08-26T11:27:09Z - INFO - [train_model] Epoch 052 | train (price) MSE=0.000315 MAE=0.012369 RMSE=0.017748 | val (price) MSE=0.000181 MAE=0.009960 RMSE=0.013447
2025-08-26T11:27:09Z - INFO - [train_model] Early stopping at epoch 52 (best price val MSE=0.000174 @ epoch 12)
2025-08-26T11:27:09Z - INFO - [visualize_full_prediction] Saved full prediction plot for EBAY to output/20250826-072618/plots/EBAY_finbert-lstm_full_returns_prediction.png
2025-08-26T11:27:10Z - INFO - [visualize_sentiment] Saved sentiment plot for EBAY to output/20250826-072618/plots/EBAY_sentiment.png
2025-08-26T11:27:10Z - INFO - [train] [EBAY] Test (price) MSE=0.000470 | MAE=0.014447 | RMSE=0.021674 (scaled MSE=0.007115)
2025-08-26T11:27:10Z - INFO - [train] [EBAY] Final (price) Train MSE=0.000315 | Val MSE=0.000181 (scaled Train MSE=0.004771 | Val MSE=0.002739)
2025-08-26T11:27:10Z - INFO - [train] [EBAY] Best epoch=12 | Best (price) Train MSE=0.000347 | Best (price) Val MSE=0.000174 | Saved at=/home/tbfs/Projects/finBert/output/20250826-072618/saved_weights/EBAY/EBAY_best-epoch012.pt
2025-08-26T11:27:10Z - INFO - [train] Wrote evaluation summary → output/20250826-072618/evaluation.json
