2025-08-26T03:18:19Z - INFO - [Pipeline::__init__] Loaded news dataframe with columns=['title', 'date', 'stock'] shape=(1277896, 3).
2025-08-26T03:18:19Z - INFO - [SentimentGenerator::_load] Loaded precomputed sentiment from /home/tbfs/Projects/finBert/output/20250823-140342/sentiment_daily.csv
2025-08-26T03:18:19Z - INFO - [train] Training predictor for ticker: BMY
2025-08-26T03:18:20Z - INFO - [train] Loaded prices for BMY with columns=['date', 'open', 'high', 'low', 'close', 'adj close', 'volume'] shape=(2516, 7).
2025-08-26T03:18:20Z - INFO - [SequenceDataset::__init__] len(self.valid_indices)=741 out of len(df)=2515 samples are valid for lookback=60 with sentiment_col=SentimentScore
2025-08-26T03:18:20Z - INFO - [SequenceDataset::__init__] len(self.valid_indices)=83 out of len(df)=2515 samples are valid for lookback=60 with sentiment_col=SentimentScore
2025-08-26T03:18:20Z - INFO - [SequenceDataset::__init__] len(self.valid_indices)=92 out of len(df)=2515 samples are valid for lookback=60 with sentiment_col=SentimentScore
2025-08-26T03:18:21Z - INFO - [train_model] Epoch 001 | train (scaled) MSE: mean=0.059427 med=0.004188 std=0.130750 min=0.000000 max=0.623598 | val (scaled) MSE: mean=0.011812 med=0.002920 std=0.019858 min=0.000003 max=0.098058
2025-08-26T03:18:21Z - INFO - [train_model] Epoch 001 | train (price) MSE=0.001786 MAE=0.025162 RMSE=0.042265 | val (price) MSE=0.000355 MAE=0.013682 RMSE=0.018843
2025-08-26T03:18:21Z - INFO - [train_model] New best (price) val MSE=0.000355 at epoch 1; saved → /home/tbfs/Projects/finBert/output/20250825-231815/saved_weights/BMY/BMY_best-epoch001.pt
2025-08-26T03:18:22Z - INFO - [train_model] Epoch 002 | train (scaled) MSE: mean=0.011584 med=0.002879 std=0.029621 min=0.000000 max=0.461453 | val (scaled) MSE: mean=0.011570 med=0.003118 std=0.019303 min=0.000000 max=0.098094
2025-08-26T03:18:22Z - INFO - [train_model] Epoch 002 | train (price) MSE=0.000348 MAE=0.012860 RMSE=0.018660 | val (price) MSE=0.000348 MAE=0.013592 RMSE=0.018649
2025-08-26T03:18:22Z - INFO - [train_model] New best (price) val MSE=0.000348 at epoch 2; saved → /home/tbfs/Projects/finBert/output/20250825-231815/saved_weights/BMY/BMY_best-epoch002.pt
2025-08-26T03:18:23Z - INFO - [train_model] Epoch 003 | train (scaled) MSE: mean=0.009801 med=0.002652 std=0.024368 min=0.000000 max=0.446636 | val (scaled) MSE: mean=0.011281 med=0.002838 std=0.018382 min=0.000000 max=0.095604
2025-08-26T03:18:23Z - INFO - [train_model] Epoch 003 | train (price) MSE=0.000295 MAE=0.012119 RMSE=0.017164 | val (price) MSE=0.000339 MAE=0.013551 RMSE=0.018414
2025-08-26T03:18:23Z - INFO - [train_model] New best (price) val MSE=0.000339 at epoch 3; saved → /home/tbfs/Projects/finBert/output/20250825-231815/saved_weights/BMY/BMY_best-epoch003.pt
2025-08-26T03:18:24Z - INFO - [train_model] Epoch 004 | train (scaled) MSE: mean=0.008623 med=0.002464 std=0.021805 min=0.000000 max=0.437813 | val (scaled) MSE: mean=0.011067 med=0.002552 std=0.018256 min=0.000001 max=0.099399
2025-08-26T03:18:24Z - INFO - [train_model] Epoch 004 | train (price) MSE=0.000259 MAE=0.011501 RMSE=0.016100 | val (price) MSE=0.000333 MAE=0.013383 RMSE=0.018239
2025-08-26T03:18:24Z - INFO - [train_model] New best (price) val MSE=0.000333 at epoch 4; saved → /home/tbfs/Projects/finBert/output/20250825-231815/saved_weights/BMY/BMY_best-epoch004.pt
2025-08-26T03:18:25Z - INFO - [train_model] Epoch 005 | train (scaled) MSE: mean=0.007900 med=0.002187 std=0.020944 min=0.000000 max=0.440413 | val (scaled) MSE: mean=0.010859 med=0.002988 std=0.017699 min=0.000000 max=0.098742
2025-08-26T03:18:25Z - INFO - [train_model] Epoch 005 | train (price) MSE=0.000237 MAE=0.011025 RMSE=0.015410 | val (price) MSE=0.000326 MAE=0.013320 RMSE=0.018067
2025-08-26T03:18:25Z - INFO - [train_model] New best (price) val MSE=0.000326 at epoch 5; saved → /home/tbfs/Projects/finBert/output/20250825-231815/saved_weights/BMY/BMY_best-epoch005.pt
2025-08-26T03:18:26Z - INFO - [train_model] Epoch 006 | train (scaled) MSE: mean=0.007479 med=0.002033 std=0.020611 min=0.000000 max=0.441810 | val (scaled) MSE: mean=0.010707 med=0.003351 std=0.017367 min=0.000001 max=0.099134
2025-08-26T03:18:26Z - INFO - [train_model] Epoch 006 | train (price) MSE=0.000225 MAE=0.010734 RMSE=0.014994 | val (price) MSE=0.000322 MAE=0.013288 RMSE=0.017940
2025-08-26T03:18:26Z - INFO - [train_model] New best (price) val MSE=0.000322 at epoch 6; saved → /home/tbfs/Projects/finBert/output/20250825-231815/saved_weights/BMY/BMY_best-epoch006.pt
2025-08-26T03:18:27Z - INFO - [train_model] Epoch 007 | train (scaled) MSE: mean=0.007156 med=0.001972 std=0.020066 min=0.000000 max=0.426294 | val (scaled) MSE: mean=0.010607 med=0.003414 std=0.017019 min=0.000000 max=0.098484
2025-08-26T03:18:27Z - INFO - [train_model] Epoch 007 | train (price) MSE=0.000215 MAE=0.010481 RMSE=0.014666 | val (price) MSE=0.000319 MAE=0.013333 RMSE=0.017856
2025-08-26T03:18:27Z - INFO - [train_model] New best (price) val MSE=0.000319 at epoch 7; saved → /home/tbfs/Projects/finBert/output/20250825-231815/saved_weights/BMY/BMY_best-epoch007.pt
2025-08-26T03:18:28Z - INFO - [train_model] Epoch 008 | train (scaled) MSE: mean=0.007008 med=0.002043 std=0.020092 min=0.000000 max=0.428837 | val (scaled) MSE: mean=0.010539 med=0.003387 std=0.016922 min=0.000001 max=0.099250
2025-08-26T03:18:28Z - INFO - [train_model] Epoch 008 | train (price) MSE=0.000211 MAE=0.010342 RMSE=0.014514 | val (price) MSE=0.000317 MAE=0.013309 RMSE=0.017799
2025-08-26T03:18:28Z - INFO - [train_model] New best (price) val MSE=0.000317 at epoch 8; saved → /home/tbfs/Projects/finBert/output/20250825-231815/saved_weights/BMY/BMY_best-epoch008.pt
2025-08-26T03:18:29Z - INFO - [train_model] Epoch 009 | train (scaled) MSE: mean=0.006877 med=0.001883 std=0.019896 min=0.000000 max=0.422254 | val (scaled) MSE: mean=0.010530 med=0.003344 std=0.016763 min=0.000012 max=0.098172
2025-08-26T03:18:29Z - INFO - [train_model] Epoch 009 | train (price) MSE=0.000207 MAE=0.010205 RMSE=0.014378 | val (price) MSE=0.000317 MAE=0.013375 RMSE=0.017791
2025-08-26T03:18:29Z - INFO - [train_model] New best (price) val MSE=0.000317 at epoch 9; saved → /home/tbfs/Projects/finBert/output/20250825-231815/saved_weights/BMY/BMY_best-epoch009.pt
2025-08-26T03:18:30Z - INFO - [train_model] Epoch 010 | train (scaled) MSE: mean=0.006802 med=0.001999 std=0.019924 min=0.000000 max=0.423962 | val (scaled) MSE: mean=0.010503 med=0.003277 std=0.016760 min=0.000016 max=0.098853
2025-08-26T03:18:30Z - INFO - [train_model] Epoch 010 | train (price) MSE=0.000204 MAE=0.010150 RMSE=0.014299 | val (price) MSE=0.000316 MAE=0.013347 RMSE=0.017768
2025-08-26T03:18:30Z - INFO - [train_model] New best (price) val MSE=0.000316 at epoch 10; saved → /home/tbfs/Projects/finBert/output/20250825-231815/saved_weights/BMY/BMY_best-epoch010.pt
2025-08-26T03:18:31Z - INFO - [train_model] Epoch 011 | train (scaled) MSE: mean=0.006767 med=0.001879 std=0.019837 min=0.000000 max=0.422740 | val (scaled) MSE: mean=0.010487 med=0.003203 std=0.016786 min=0.000011 max=0.099477
2025-08-26T03:18:31Z - INFO - [train_model] Epoch 011 | train (price) MSE=0.000203 MAE=0.010118 RMSE=0.014262 | val (price) MSE=0.000315 MAE=0.013317 RMSE=0.017754
2025-08-26T03:18:31Z - INFO - [train_model] New best (price) val MSE=0.000315 at epoch 11; saved → /home/tbfs/Projects/finBert/output/20250825-231815/saved_weights/BMY/BMY_best-epoch011.pt
2025-08-26T03:18:32Z - INFO - [train_model] Epoch 012 | train (scaled) MSE: mean=0.006751 med=0.001830 std=0.019944 min=0.000000 max=0.425022 | val (scaled) MSE: mean=0.010494 med=0.003363 std=0.016713 min=0.000020 max=0.098733
2025-08-26T03:18:32Z - INFO - [train_model] Epoch 012 | train (price) MSE=0.000203 MAE=0.010084 RMSE=0.014245 | val (price) MSE=0.000315 MAE=0.013360 RMSE=0.017760
2025-08-26T03:18:33Z - INFO - [train_model] Epoch 013 | train (scaled) MSE: mean=0.006735 med=0.001874 std=0.019719 min=0.000000 max=0.417647 | val (scaled) MSE: mean=0.010462 med=0.003154 std=0.016817 min=0.000004 max=0.100475
2025-08-26T03:18:33Z - INFO - [train_model] Epoch 013 | train (price) MSE=0.000202 MAE=0.010092 RMSE=0.014229 | val (price) MSE=0.000314 MAE=0.013276 RMSE=0.017733
2025-08-26T03:18:33Z - INFO - [train_model] New best (price) val MSE=0.000314 at epoch 13; saved → /home/tbfs/Projects/finBert/output/20250825-231815/saved_weights/BMY/BMY_best-epoch013.pt
2025-08-26T03:18:34Z - INFO - [train_model] Epoch 014 | train (scaled) MSE: mean=0.006728 med=0.001839 std=0.019831 min=0.000000 max=0.421740 | val (scaled) MSE: mean=0.010463 med=0.003159 std=0.016814 min=0.000005 max=0.100403
2025-08-26T03:18:34Z - INFO - [train_model] Epoch 014 | train (price) MSE=0.000202 MAE=0.010080 RMSE=0.014221 | val (price) MSE=0.000315 MAE=0.013279 RMSE=0.017735
2025-08-26T03:18:35Z - INFO - [train_model] Epoch 015 | train (scaled) MSE: mean=0.006723 med=0.001859 std=0.019847 min=0.000000 max=0.423319 | val (scaled) MSE: mean=0.010464 med=0.003154 std=0.016818 min=0.000005 max=0.100405
2025-08-26T03:18:35Z - INFO - [train_model] Epoch 015 | train (price) MSE=0.000202 MAE=0.010079 RMSE=0.014216 | val (price) MSE=0.000315 MAE=0.013278 RMSE=0.017735
2025-08-26T03:18:36Z - INFO - [train_model] Epoch 016 | train (scaled) MSE: mean=0.006708 med=0.001786 std=0.019858 min=0.000000 max=0.423156 | val (scaled) MSE: mean=0.010459 med=0.003141 std=0.016847 min=0.000002 max=0.100801
2025-08-26T03:18:36Z - INFO - [train_model] Epoch 016 | train (price) MSE=0.000202 MAE=0.010043 RMSE=0.014199 | val (price) MSE=0.000314 MAE=0.013258 RMSE=0.017731
2025-08-26T03:18:36Z - INFO - [train_model] New best (price) val MSE=0.000314 at epoch 16; saved → /home/tbfs/Projects/finBert/output/20250825-231815/saved_weights/BMY/BMY_best-epoch016.pt
2025-08-26T03:18:37Z - INFO - [train_model] Epoch 017 | train (scaled) MSE: mean=0.006706 med=0.001796 std=0.019833 min=0.000000 max=0.422539 | val (scaled) MSE: mean=0.010453 med=0.003095 std=0.016872 min=0.000001 max=0.101230
2025-08-26T03:18:37Z - INFO - [train_model] Epoch 017 | train (price) MSE=0.000202 MAE=0.010051 RMSE=0.014197 | val (price) MSE=0.000314 MAE=0.013238 RMSE=0.017726
2025-08-26T03:18:37Z - INFO - [train_model] New best (price) val MSE=0.000314 at epoch 17; saved → /home/tbfs/Projects/finBert/output/20250825-231815/saved_weights/BMY/BMY_best-epoch017.pt
2025-08-26T03:18:38Z - INFO - [train_model] Epoch 018 | train (scaled) MSE: mean=0.006698 med=0.001837 std=0.019776 min=0.000000 max=0.420640 | val (scaled) MSE: mean=0.010442 med=0.003010 std=0.016919 min=0.000000 max=0.102040
2025-08-26T03:18:38Z - INFO - [train_model] Epoch 018 | train (price) MSE=0.000201 MAE=0.010048 RMSE=0.014190 | val (price) MSE=0.000314 MAE=0.013202 RMSE=0.017717
2025-08-26T03:18:38Z - INFO - [train_model] New best (price) val MSE=0.000314 at epoch 18; saved → /home/tbfs/Projects/finBert/output/20250825-231815/saved_weights/BMY/BMY_best-epoch018.pt
2025-08-26T03:18:39Z - INFO - [train_model] Epoch 019 | train (scaled) MSE: mean=0.006688 med=0.001782 std=0.019828 min=0.000000 max=0.421851 | val (scaled) MSE: mean=0.010440 med=0.003062 std=0.016967 min=0.000001 max=0.102578
2025-08-26T03:18:39Z - INFO - [train_model] Epoch 019 | train (price) MSE=0.000201 MAE=0.010033 RMSE=0.014179 | val (price) MSE=0.000314 MAE=0.013177 RMSE=0.017715
2025-08-26T03:18:39Z - INFO - [train_model] New best (price) val MSE=0.000314 at epoch 19; saved → /home/tbfs/Projects/finBert/output/20250825-231815/saved_weights/BMY/BMY_best-epoch019.pt
2025-08-26T03:18:40Z - INFO - [train_model] Epoch 020 | train (scaled) MSE: mean=0.006685 med=0.001819 std=0.019751 min=0.000000 max=0.420215 | val (scaled) MSE: mean=0.010442 med=0.003041 std=0.016962 min=0.000001 max=0.102466
2025-08-26T03:18:40Z - INFO - [train_model] Epoch 020 | train (price) MSE=0.000201 MAE=0.010044 RMSE=0.014175 | val (price) MSE=0.000314 MAE=0.013181 RMSE=0.017717
2025-08-26T03:18:41Z - INFO - [train_model] Epoch 021 | train (scaled) MSE: mean=0.006684 med=0.001781 std=0.019798 min=0.000000 max=0.421305 | val (scaled) MSE: mean=0.010440 med=0.003092 std=0.016982 min=0.000000 max=0.102746
2025-08-26T03:18:41Z - INFO - [train_model] Epoch 021 | train (price) MSE=0.000201 MAE=0.010044 RMSE=0.014175 | val (price) MSE=0.000314 MAE=0.013170 RMSE=0.017715
2025-08-26T03:18:41Z - INFO - [train_model] New best (price) val MSE=0.000314 at epoch 21; saved → /home/tbfs/Projects/finBert/output/20250825-231815/saved_weights/BMY/BMY_best-epoch021.pt
2025-08-26T03:18:42Z - INFO - [train_model] Epoch 022 | train (scaled) MSE: mean=0.006674 med=0.001732 std=0.019736 min=0.000000 max=0.418809 | val (scaled) MSE: mean=0.010441 med=0.003118 std=0.016999 min=0.000000 max=0.102897
2025-08-26T03:18:42Z - INFO - [train_model] Epoch 022 | train (price) MSE=0.000201 MAE=0.010030 RMSE=0.014164 | val (price) MSE=0.000314 MAE=0.013162 RMSE=0.017716
2025-08-26T03:18:43Z - INFO - [train_model] Epoch 023 | train (scaled) MSE: mean=0.006665 med=0.001783 std=0.019766 min=0.000000 max=0.420210 | val (scaled) MSE: mean=0.010442 med=0.003167 std=0.017027 min=0.000000 max=0.103175
2025-08-26T03:18:43Z - INFO - [train_model] Epoch 023 | train (price) MSE=0.000200 MAE=0.010023 RMSE=0.014155 | val (price) MSE=0.000314 MAE=0.013149 RMSE=0.017716
2025-08-26T03:18:44Z - INFO - [train_model] Epoch 024 | train (scaled) MSE: mean=0.006656 med=0.001792 std=0.019783 min=0.000000 max=0.421028 | val (scaled) MSE: mean=0.010439 med=0.003184 std=0.017025 min=0.000000 max=0.103255
2025-08-26T03:18:44Z - INFO - [train_model] Epoch 024 | train (price) MSE=0.000200 MAE=0.010015 RMSE=0.014145 | val (price) MSE=0.000314 MAE=0.013147 RMSE=0.017714
2025-08-26T03:18:44Z - INFO - [train_model] New best (price) val MSE=0.000314 at epoch 24; saved → /home/tbfs/Projects/finBert/output/20250825-231815/saved_weights/BMY/BMY_best-epoch024.pt
2025-08-26T03:18:45Z - INFO - [train_model] Epoch 025 | train (scaled) MSE: mean=0.006653 med=0.001765 std=0.019759 min=0.000000 max=0.420309 | val (scaled) MSE: mean=0.010438 med=0.003217 std=0.017040 min=0.000000 max=0.103437
2025-08-26T03:18:45Z - INFO - [train_model] Epoch 025 | train (price) MSE=0.000200 MAE=0.010015 RMSE=0.014142 | val (price) MSE=0.000314 MAE=0.013141 RMSE=0.017714
2025-08-26T03:18:45Z - INFO - [train_model] New best (price) val MSE=0.000314 at epoch 25; saved → /home/tbfs/Projects/finBert/output/20250825-231815/saved_weights/BMY/BMY_best-epoch025.pt
2025-08-26T03:18:46Z - INFO - [train_model] Epoch 026 | train (scaled) MSE: mean=0.006645 med=0.001780 std=0.019758 min=0.000000 max=0.420401 | val (scaled) MSE: mean=0.010440 med=0.003229 std=0.017053 min=0.000000 max=0.103514
2025-08-26T03:18:46Z - INFO - [train_model] Epoch 026 | train (price) MSE=0.000200 MAE=0.010007 RMSE=0.014133 | val (price) MSE=0.000314 MAE=0.013137 RMSE=0.017715
2025-08-26T03:18:47Z - INFO - [train_model] Epoch 027 | train (scaled) MSE: mean=0.006643 med=0.001753 std=0.019789 min=0.000000 max=0.421279 | val (scaled) MSE: mean=0.010439 med=0.003242 std=0.017053 min=0.000000 max=0.103575
2025-08-26T03:18:47Z - INFO - [train_model] Epoch 027 | train (price) MSE=0.000200 MAE=0.010002 RMSE=0.014131 | val (price) MSE=0.000314 MAE=0.013136 RMSE=0.017714
2025-08-26T03:18:48Z - INFO - [train_model] Epoch 028 | train (scaled) MSE: mean=0.006634 med=0.001761 std=0.019766 min=0.000000 max=0.420778 | val (scaled) MSE: mean=0.010439 med=0.003261 std=0.017061 min=0.000000 max=0.103677
2025-08-26T03:18:48Z - INFO - [train_model] Epoch 028 | train (price) MSE=0.000199 MAE=0.009996 RMSE=0.014121 | val (price) MSE=0.000314 MAE=0.013133 RMSE=0.017714
2025-08-26T03:18:49Z - INFO - [train_model] Epoch 029 | train (scaled) MSE: mean=0.006631 med=0.001776 std=0.019746 min=0.000000 max=0.419802 | val (scaled) MSE: mean=0.010439 med=0.003270 std=0.017066 min=0.000000 max=0.103729
2025-08-26T03:18:49Z - INFO - [train_model] Epoch 029 | train (price) MSE=0.000199 MAE=0.009996 RMSE=0.014118 | val (price) MSE=0.000314 MAE=0.013131 RMSE=0.017714
2025-08-26T03:18:50Z - INFO - [train_model] Epoch 030 | train (scaled) MSE: mean=0.006628 med=0.001774 std=0.019789 min=0.000000 max=0.421362 | val (scaled) MSE: mean=0.010439 med=0.003271 std=0.017066 min=0.000000 max=0.103736
2025-08-26T03:18:50Z - INFO - [train_model] Epoch 030 | train (price) MSE=0.000199 MAE=0.009991 RMSE=0.014115 | val (price) MSE=0.000314 MAE=0.013131 RMSE=0.017714
2025-08-26T03:18:51Z - INFO - [train_model] Epoch 031 | train (scaled) MSE: mean=0.006624 med=0.001767 std=0.019790 min=0.000000 max=0.421403 | val (scaled) MSE: mean=0.010439 med=0.003283 std=0.017073 min=0.000000 max=0.103800
2025-08-26T03:18:51Z - INFO - [train_model] Epoch 031 | train (price) MSE=0.000199 MAE=0.009987 RMSE=0.014110 | val (price) MSE=0.000314 MAE=0.013129 RMSE=0.017714
2025-08-26T03:18:52Z - INFO - [train_model] Epoch 032 | train (scaled) MSE: mean=0.006619 med=0.001747 std=0.019792 min=0.000000 max=0.421570 | val (scaled) MSE: mean=0.010439 med=0.003286 std=0.017075 min=0.000000 max=0.103820
2025-08-26T03:18:52Z - INFO - [train_model] Epoch 032 | train (price) MSE=0.000199 MAE=0.009985 RMSE=0.014106 | val (price) MSE=0.000314 MAE=0.013128 RMSE=0.017714
2025-08-26T03:18:53Z - INFO - [train_model] Epoch 033 | train (scaled) MSE: mean=0.006617 med=0.001750 std=0.019797 min=0.000000 max=0.421663 | val (scaled) MSE: mean=0.010439 med=0.003294 std=0.017080 min=0.000000 max=0.103862
2025-08-26T03:18:53Z - INFO - [train_model] Epoch 033 | train (price) MSE=0.000199 MAE=0.009982 RMSE=0.014104 | val (price) MSE=0.000314 MAE=0.013127 RMSE=0.017714
2025-08-26T03:18:54Z - INFO - [train_model] Epoch 034 | train (scaled) MSE: mean=0.006614 med=0.001750 std=0.019803 min=0.000000 max=0.421772 | val (scaled) MSE: mean=0.010440 med=0.003301 std=0.017084 min=0.000000 max=0.103901
2025-08-26T03:18:54Z - INFO - [train_model] Epoch 034 | train (price) MSE=0.000199 MAE=0.009978 RMSE=0.014100 | val (price) MSE=0.000314 MAE=0.013126 RMSE=0.017715
2025-08-26T03:18:55Z - INFO - [train_model] Epoch 035 | train (scaled) MSE: mean=0.006613 med=0.001754 std=0.019803 min=0.000000 max=0.421814 | val (scaled) MSE: mean=0.010440 med=0.003304 std=0.017086 min=0.000000 max=0.103917
2025-08-26T03:18:55Z - INFO - [train_model] Epoch 035 | train (price) MSE=0.000199 MAE=0.009977 RMSE=0.014099 | val (price) MSE=0.000314 MAE=0.013126 RMSE=0.017715
2025-08-26T03:18:56Z - INFO - [train_model] Epoch 036 | train (scaled) MSE: mean=0.006611 med=0.001739 std=0.019803 min=0.000000 max=0.421778 | val (scaled) MSE: mean=0.010440 med=0.003306 std=0.017087 min=0.000000 max=0.103931
2025-08-26T03:18:56Z - INFO - [train_model] Epoch 036 | train (price) MSE=0.000199 MAE=0.009975 RMSE=0.014097 | val (price) MSE=0.000314 MAE=0.013125 RMSE=0.017715
2025-08-26T03:18:57Z - INFO - [train_model] Epoch 037 | train (scaled) MSE: mean=0.006610 med=0.001727 std=0.019807 min=0.000000 max=0.421954 | val (scaled) MSE: mean=0.010440 med=0.003307 std=0.017088 min=0.000000 max=0.103937
2025-08-26T03:18:57Z - INFO - [train_model] Epoch 037 | train (price) MSE=0.000199 MAE=0.009974 RMSE=0.014095 | val (price) MSE=0.000314 MAE=0.013125 RMSE=0.017715
2025-08-26T03:18:58Z - INFO - [train_model] Epoch 038 | train (scaled) MSE: mean=0.006608 med=0.001723 std=0.019809 min=0.000000 max=0.422017 | val (scaled) MSE: mean=0.010440 med=0.003309 std=0.017089 min=0.000000 max=0.103949
2025-08-26T03:18:58Z - INFO - [train_model] Epoch 038 | train (price) MSE=0.000199 MAE=0.009973 RMSE=0.014094 | val (price) MSE=0.000314 MAE=0.013125 RMSE=0.017715
2025-08-26T03:18:59Z - INFO - [train_model] Epoch 039 | train (scaled) MSE: mean=0.006608 med=0.001720 std=0.019812 min=0.000000 max=0.422076 | val (scaled) MSE: mean=0.010440 med=0.003311 std=0.017090 min=0.000000 max=0.103956
2025-08-26T03:18:59Z - INFO - [train_model] Epoch 039 | train (price) MSE=0.000199 MAE=0.009972 RMSE=0.014093 | val (price) MSE=0.000314 MAE=0.013124 RMSE=0.017715
2025-08-26T03:19:00Z - INFO - [train_model] Epoch 040 | train (scaled) MSE: mean=0.006607 med=0.001715 std=0.019813 min=0.000000 max=0.422111 | val (scaled) MSE: mean=0.010440 med=0.003311 std=0.017090 min=0.000000 max=0.103956
2025-08-26T03:19:00Z - INFO - [train_model] Epoch 040 | train (price) MSE=0.000199 MAE=0.009971 RMSE=0.014093 | val (price) MSE=0.000314 MAE=0.013125 RMSE=0.017715
2025-08-26T03:19:01Z - INFO - [train_model] Epoch 041 | train (scaled) MSE: mean=0.006607 med=0.001715 std=0.019814 min=0.000000 max=0.422132 | val (scaled) MSE: mean=0.010440 med=0.003311 std=0.017090 min=0.000000 max=0.103958
2025-08-26T03:19:01Z - INFO - [train_model] Epoch 041 | train (price) MSE=0.000199 MAE=0.009971 RMSE=0.014093 | val (price) MSE=0.000314 MAE=0.013124 RMSE=0.017715
2025-08-26T03:19:02Z - INFO - [train_model] Epoch 042 | train (scaled) MSE: mean=0.006606 med=0.001714 std=0.019814 min=0.000000 max=0.422161 | val (scaled) MSE: mean=0.010440 med=0.003311 std=0.017090 min=0.000000 max=0.103958
2025-08-26T03:19:02Z - INFO - [train_model] Epoch 042 | train (price) MSE=0.000199 MAE=0.009970 RMSE=0.014092 | val (price) MSE=0.000314 MAE=0.013124 RMSE=0.017715
2025-08-26T03:19:03Z - INFO - [train_model] Epoch 043 | train (scaled) MSE: mean=0.006606 med=0.001713 std=0.019815 min=0.000000 max=0.422174 | val (scaled) MSE: mean=0.010440 med=0.003310 std=0.017090 min=0.000000 max=0.103953
2025-08-26T03:19:03Z - INFO - [train_model] Epoch 043 | train (price) MSE=0.000199 MAE=0.009970 RMSE=0.014092 | val (price) MSE=0.000314 MAE=0.013125 RMSE=0.017715
2025-08-26T03:19:04Z - INFO - [train_model] Epoch 044 | train (scaled) MSE: mean=0.006606 med=0.001713 std=0.019816 min=0.000000 max=0.422187 | val (scaled) MSE: mean=0.010440 med=0.003309 std=0.017089 min=0.000000 max=0.103948
2025-08-26T03:19:04Z - INFO - [train_model] Epoch 044 | train (price) MSE=0.000199 MAE=0.009970 RMSE=0.014092 | val (price) MSE=0.000314 MAE=0.013125 RMSE=0.017715
2025-08-26T03:19:05Z - INFO - [train_model] Epoch 045 | train (scaled) MSE: mean=0.006607 med=0.001711 std=0.019816 min=0.000000 max=0.422196 | val (scaled) MSE: mean=0.010440 med=0.003309 std=0.017089 min=0.000000 max=0.103946
2025-08-26T03:19:05Z - INFO - [train_model] Epoch 045 | train (price) MSE=0.000199 MAE=0.009970 RMSE=0.014092 | val (price) MSE=0.000314 MAE=0.013125 RMSE=0.017715
2025-08-26T03:19:06Z - INFO - [train_model] Epoch 046 | train (scaled) MSE: mean=0.006606 med=0.001714 std=0.019817 min=0.000000 max=0.422217 | val (scaled) MSE: mean=0.010440 med=0.003309 std=0.017089 min=0.000000 max=0.103948
2025-08-26T03:19:06Z - INFO - [train_model] Epoch 046 | train (price) MSE=0.000199 MAE=0.009970 RMSE=0.014092 | val (price) MSE=0.000314 MAE=0.013125 RMSE=0.017715
2025-08-26T03:19:07Z - INFO - [train_model] Epoch 047 | train (scaled) MSE: mean=0.006606 med=0.001711 std=0.019816 min=0.000000 max=0.422211 | val (scaled) MSE: mean=0.010440 med=0.003308 std=0.017088 min=0.000000 max=0.103939
2025-08-26T03:19:07Z - INFO - [train_model] Epoch 047 | train (price) MSE=0.000199 MAE=0.009970 RMSE=0.014092 | val (price) MSE=0.000314 MAE=0.013125 RMSE=0.017715
2025-08-26T03:19:08Z - INFO - [train_model] Epoch 048 | train (scaled) MSE: mean=0.006606 med=0.001713 std=0.019817 min=0.000000 max=0.422223 | val (scaled) MSE: mean=0.010440 med=0.003309 std=0.017089 min=0.000000 max=0.103946
2025-08-26T03:19:08Z - INFO - [train_model] Epoch 048 | train (price) MSE=0.000199 MAE=0.009970 RMSE=0.014092 | val (price) MSE=0.000314 MAE=0.013125 RMSE=0.017715
2025-08-26T03:19:09Z - INFO - [train_model] Epoch 049 | train (scaled) MSE: mean=0.006606 med=0.001713 std=0.019817 min=0.000000 max=0.422233 | val (scaled) MSE: mean=0.010440 med=0.003309 std=0.017089 min=0.000000 max=0.103945
2025-08-26T03:19:09Z - INFO - [train_model] Epoch 049 | train (price) MSE=0.000199 MAE=0.009970 RMSE=0.014092 | val (price) MSE=0.000314 MAE=0.013125 RMSE=0.017715
2025-08-26T03:19:10Z - INFO - [train_model] Epoch 050 | train (scaled) MSE: mean=0.006606 med=0.001709 std=0.019817 min=0.000000 max=0.422250 | val (scaled) MSE: mean=0.010440 med=0.003308 std=0.017088 min=0.000000 max=0.103939
2025-08-26T03:19:10Z - INFO - [train_model] Epoch 050 | train (price) MSE=0.000199 MAE=0.009970 RMSE=0.014091 | val (price) MSE=0.000314 MAE=0.013125 RMSE=0.017715
2025-08-26T03:19:11Z - INFO - [train_model] Epoch 051 | train (scaled) MSE: mean=0.006606 med=0.001714 std=0.019818 min=0.000000 max=0.422249 | val (scaled) MSE: mean=0.010440 med=0.003308 std=0.017088 min=0.000000 max=0.103941
2025-08-26T03:19:11Z - INFO - [train_model] Epoch 051 | train (price) MSE=0.000199 MAE=0.009969 RMSE=0.014092 | val (price) MSE=0.000314 MAE=0.013125 RMSE=0.017715
2025-08-26T03:19:12Z - INFO - [train_model] Epoch 052 | train (scaled) MSE: mean=0.006606 med=0.001712 std=0.019818 min=0.000000 max=0.422268 | val (scaled) MSE: mean=0.010440 med=0.003308 std=0.017088 min=0.000000 max=0.103941
2025-08-26T03:19:12Z - INFO - [train_model] Epoch 052 | train (price) MSE=0.000199 MAE=0.009969 RMSE=0.014091 | val (price) MSE=0.000314 MAE=0.013125 RMSE=0.017715
2025-08-26T03:19:13Z - INFO - [train_model] Epoch 053 | train (scaled) MSE: mean=0.006606 med=0.001710 std=0.019818 min=0.000000 max=0.422282 | val (scaled) MSE: mean=0.010440 med=0.003307 std=0.017088 min=0.000000 max=0.103935
2025-08-26T03:19:13Z - INFO - [train_model] Epoch 053 | train (price) MSE=0.000199 MAE=0.009969 RMSE=0.014091 | val (price) MSE=0.000314 MAE=0.013125 RMSE=0.017715
2025-08-26T03:19:14Z - INFO - [train_model] Epoch 054 | train (scaled) MSE: mean=0.006605 med=0.001711 std=0.019819 min=0.000000 max=0.422286 | val (scaled) MSE: mean=0.010440 med=0.003307 std=0.017087 min=0.000000 max=0.103934
2025-08-26T03:19:14Z - INFO - [train_model] Epoch 054 | train (price) MSE=0.000199 MAE=0.009969 RMSE=0.014091 | val (price) MSE=0.000314 MAE=0.013125 RMSE=0.017715
2025-08-26T03:19:15Z - INFO - [train_model] Epoch 055 | train (scaled) MSE: mean=0.006606 med=0.001707 std=0.019819 min=0.000000 max=0.422293 | val (scaled) MSE: mean=0.010440 med=0.003307 std=0.017087 min=0.000000 max=0.103933
2025-08-26T03:19:15Z - INFO - [train_model] Epoch 055 | train (price) MSE=0.000199 MAE=0.009969 RMSE=0.014091 | val (price) MSE=0.000314 MAE=0.013125 RMSE=0.017715
2025-08-26T03:19:16Z - INFO - [train_model] Epoch 056 | train (scaled) MSE: mean=0.006605 med=0.001711 std=0.019819 min=0.000000 max=0.422310 | val (scaled) MSE: mean=0.010440 med=0.003307 std=0.017088 min=0.000000 max=0.103937
2025-08-26T03:19:16Z - INFO - [train_model] Epoch 056 | train (price) MSE=0.000199 MAE=0.009969 RMSE=0.014091 | val (price) MSE=0.000314 MAE=0.013125 RMSE=0.017715
2025-08-26T03:19:17Z - INFO - [train_model] Epoch 057 | train (scaled) MSE: mean=0.006605 med=0.001714 std=0.019819 min=0.000000 max=0.422314 | val (scaled) MSE: mean=0.010440 med=0.003307 std=0.017087 min=0.000000 max=0.103934
2025-08-26T03:19:17Z - INFO - [train_model] Epoch 057 | train (price) MSE=0.000199 MAE=0.009969 RMSE=0.014091 | val (price) MSE=0.000314 MAE=0.013125 RMSE=0.017715
2025-08-26T03:19:18Z - INFO - [train_model] Epoch 058 | train (scaled) MSE: mean=0.006605 med=0.001712 std=0.019820 min=0.000000 max=0.422315 | val (scaled) MSE: mean=0.010440 med=0.003307 std=0.017088 min=0.000000 max=0.103937
2025-08-26T03:19:18Z - INFO - [train_model] Epoch 058 | train (price) MSE=0.000199 MAE=0.009968 RMSE=0.014091 | val (price) MSE=0.000314 MAE=0.013125 RMSE=0.017715
2025-08-26T03:19:19Z - INFO - [train_model] Epoch 059 | train (scaled) MSE: mean=0.006605 med=0.001715 std=0.019821 min=0.000000 max=0.422339 | val (scaled) MSE: mean=0.010440 med=0.003304 std=0.017086 min=0.000000 max=0.103918
2025-08-26T03:19:19Z - INFO - [train_model] Epoch 059 | train (price) MSE=0.000199 MAE=0.009968 RMSE=0.014090 | val (price) MSE=0.000314 MAE=0.013126 RMSE=0.017715
2025-08-26T03:19:20Z - INFO - [train_model] Epoch 060 | train (scaled) MSE: mean=0.006605 med=0.001714 std=0.019820 min=0.000000 max=0.422343 | val (scaled) MSE: mean=0.010440 med=0.003307 std=0.017088 min=0.000000 max=0.103937
2025-08-26T03:19:20Z - INFO - [train_model] Epoch 060 | train (price) MSE=0.000199 MAE=0.009968 RMSE=0.014090 | val (price) MSE=0.000314 MAE=0.013125 RMSE=0.017715
2025-08-26T03:19:21Z - INFO - [train_model] Epoch 061 | train (scaled) MSE: mean=0.006605 med=0.001713 std=0.019820 min=0.000000 max=0.422318 | val (scaled) MSE: mean=0.010440 med=0.003307 std=0.017088 min=0.000000 max=0.103937
2025-08-26T03:19:21Z - INFO - [train_model] Epoch 061 | train (price) MSE=0.000199 MAE=0.009968 RMSE=0.014090 | val (price) MSE=0.000314 MAE=0.013125 RMSE=0.017715
2025-08-26T03:19:22Z - INFO - [train_model] Epoch 062 | train (scaled) MSE: mean=0.006605 med=0.001712 std=0.019822 min=0.000000 max=0.422394 | val (scaled) MSE: mean=0.010440 med=0.003305 std=0.017087 min=0.000000 max=0.103926
2025-08-26T03:19:22Z - INFO - [train_model] Epoch 062 | train (price) MSE=0.000199 MAE=0.009968 RMSE=0.014090 | val (price) MSE=0.000314 MAE=0.013125 RMSE=0.017715
2025-08-26T03:19:23Z - INFO - [train_model] Epoch 063 | train (scaled) MSE: mean=0.006605 med=0.001719 std=0.019821 min=0.000000 max=0.422367 | val (scaled) MSE: mean=0.010440 med=0.003308 std=0.017088 min=0.000000 max=0.103939
2025-08-26T03:19:23Z - INFO - [train_model] Epoch 063 | train (price) MSE=0.000199 MAE=0.009968 RMSE=0.014090 | val (price) MSE=0.000314 MAE=0.013125 RMSE=0.017715
2025-08-26T03:19:24Z - INFO - [train_model] Epoch 064 | train (scaled) MSE: mean=0.006604 med=0.001719 std=0.019822 min=0.000000 max=0.422395 | val (scaled) MSE: mean=0.010440 med=0.003307 std=0.017088 min=0.000000 max=0.103937
2025-08-26T03:19:24Z - INFO - [train_model] Epoch 064 | train (price) MSE=0.000199 MAE=0.009967 RMSE=0.014089 | val (price) MSE=0.000314 MAE=0.013125 RMSE=0.017715
2025-08-26T03:19:25Z - INFO - [train_model] Epoch 065 | train (scaled) MSE: mean=0.006604 med=0.001721 std=0.019822 min=0.000000 max=0.422404 | val (scaled) MSE: mean=0.010440 med=0.003308 std=0.017088 min=0.000000 max=0.103942
2025-08-26T03:19:25Z - INFO - [train_model] Epoch 065 | train (price) MSE=0.000199 MAE=0.009967 RMSE=0.014089 | val (price) MSE=0.000314 MAE=0.013125 RMSE=0.017715
2025-08-26T03:19:25Z - INFO - [train_model] Early stopping at epoch 65 (best price val MSE=0.000314 @ epoch 25)
2025-08-26T03:19:25Z - INFO - [visualize_full_prediction] Saved full prediction plot for BMY to output/20250825-231815/plots/BMY_finbert-lstm_full_returns_prediction.png
2025-08-26T03:19:25Z - INFO - [visualize_sentiment] Saved sentiment plot for BMY to output/20250825-231815/plots/BMY_sentiment.png
2025-08-26T03:19:25Z - INFO - [train] [BMY] Test (price) MSE=0.000184 | MAE=0.010741 | RMSE=0.013573 (scaled MSE=0.006129)
2025-08-26T03:19:25Z - INFO - [train] [BMY] Final (price) Train MSE=0.000199 | Val MSE=0.000314 (scaled Train MSE=0.006604 | Val MSE=0.010440)
2025-08-26T03:19:25Z - INFO - [train] [BMY] Best epoch=25 | Best (price) Train MSE=0.000200 | Best (price) Val MSE=0.000314 | Saved at=/home/tbfs/Projects/finBert/output/20250825-231815/saved_weights/BMY/BMY_best-epoch025.pt
2025-08-26T03:19:25Z - INFO - [train] Wrote evaluation summary → output/20250825-231815/evaluation.json
