2025-08-26T03:39:32Z - INFO - [Pipeline::__init__] Loaded news dataframe with columns=['title', 'date', 'stock'] shape=(1277896, 3).
2025-08-26T03:39:32Z - INFO - [SentimentGenerator::_load] Loaded precomputed sentiment from /home/tbfs/Projects/finBert/output/20250823-140342/sentiment_daily.csv
2025-08-26T03:39:32Z - INFO - [train] Training predictor for ticker: EWI
2025-08-26T03:39:32Z - INFO - [train] Loaded prices for EWI with columns=['date', 'volume', 'open', 'high', 'low', 'close', 'adj close'] shape=(2516, 7).
2025-08-26T03:39:32Z - INFO - [SequenceDataset::__init__] len(self.valid_indices)=701 out of len(df)=2515 samples are valid for lookback=60 with sentiment_col=SentimentScore
2025-08-26T03:39:32Z - INFO - [SequenceDataset::__init__] len(self.valid_indices)=78 out of len(df)=2515 samples are valid for lookback=60 with sentiment_col=SentimentScore
2025-08-26T03:39:32Z - INFO - [SequenceDataset::__init__] len(self.valid_indices)=87 out of len(df)=2515 samples are valid for lookback=60 with sentiment_col=SentimentScore
2025-08-26T03:39:33Z - INFO - [train_model] Epoch 001 | train (scaled) MSE: mean=0.045525 med=0.005200 std=0.117311 min=0.000000 max=0.807117 | val (scaled) MSE: mean=0.018654 med=0.004632 std=0.069467 min=0.000003 max=0.613999
2025-08-26T03:39:33Z - INFO - [train_model] Epoch 001 | train (price) MSE=0.001453 MAE=0.023549 RMSE=0.038113 | val (price) MSE=0.000595 MAE=0.016792 RMSE=0.024397
2025-08-26T03:39:33Z - INFO - [train_model] New best (price) val MSE=0.000595 at epoch 1; saved → /home/tbfs/Projects/finBert/output/20250825-233927/saved_weights/EWI/EWI_best-epoch001.pt
2025-08-26T03:39:34Z - INFO - [train_model] Epoch 002 | train (scaled) MSE: mean=0.015337 med=0.004334 std=0.035276 min=0.000000 max=0.394357 | val (scaled) MSE: mean=0.018671 med=0.004790 std=0.069852 min=0.000000 max=0.617427
2025-08-26T03:39:34Z - INFO - [train_model] Epoch 002 | train (price) MSE=0.000489 MAE=0.015893 RMSE=0.022122 | val (price) MSE=0.000596 MAE=0.016734 RMSE=0.024408
2025-08-26T03:39:35Z - INFO - [train_model] Epoch 003 | train (scaled) MSE: mean=0.015023 med=0.004584 std=0.034659 min=0.000000 max=0.386050 | val (scaled) MSE: mean=0.017794 med=0.004663 std=0.068256 min=0.000004 max=0.604166
2025-08-26T03:39:35Z - INFO - [train_model] Epoch 003 | train (price) MSE=0.000479 MAE=0.015784 RMSE=0.021894 | val (price) MSE=0.000568 MAE=0.016262 RMSE=0.023828
2025-08-26T03:39:35Z - INFO - [train_model] New best (price) val MSE=0.000568 at epoch 3; saved → /home/tbfs/Projects/finBert/output/20250825-233927/saved_weights/EWI/EWI_best-epoch003.pt
2025-08-26T03:39:36Z - INFO - [train_model] Epoch 004 | train (scaled) MSE: mean=0.014744 med=0.004504 std=0.033878 min=0.000000 max=0.358169 | val (scaled) MSE: mean=0.017032 med=0.004384 std=0.066413 min=0.000001 max=0.588634
2025-08-26T03:39:36Z - INFO - [train_model] Epoch 004 | train (price) MSE=0.000470 MAE=0.015681 RMSE=0.021690 | val (price) MSE=0.000543 MAE=0.015858 RMSE=0.023312
2025-08-26T03:39:36Z - INFO - [train_model] New best (price) val MSE=0.000543 at epoch 4; saved → /home/tbfs/Projects/finBert/output/20250825-233927/saved_weights/EWI/EWI_best-epoch004.pt
2025-08-26T03:39:37Z - INFO - [train_model] Epoch 005 | train (scaled) MSE: mean=0.014360 med=0.004482 std=0.033063 min=0.000000 max=0.341297 | val (scaled) MSE: mean=0.016308 med=0.004505 std=0.064281 min=0.000018 max=0.570493
2025-08-26T03:39:37Z - INFO - [train_model] Epoch 005 | train (price) MSE=0.000458 MAE=0.015485 RMSE=0.021406 | val (price) MSE=0.000520 MAE=0.015526 RMSE=0.022811
2025-08-26T03:39:37Z - INFO - [train_model] New best (price) val MSE=0.000520 at epoch 5; saved → /home/tbfs/Projects/finBert/output/20250825-233927/saved_weights/EWI/EWI_best-epoch005.pt
2025-08-26T03:39:38Z - INFO - [train_model] Epoch 006 | train (scaled) MSE: mean=0.014091 med=0.004298 std=0.032402 min=0.000000 max=0.319814 | val (scaled) MSE: mean=0.015847 med=0.004645 std=0.062589 min=0.000006 max=0.555988
2025-08-26T03:39:38Z - INFO - [train_model] Epoch 006 | train (price) MSE=0.000450 MAE=0.015379 RMSE=0.021204 | val (price) MSE=0.000506 MAE=0.015292 RMSE=0.022487
2025-08-26T03:39:38Z - INFO - [train_model] New best (price) val MSE=0.000506 at epoch 6; saved → /home/tbfs/Projects/finBert/output/20250825-233927/saved_weights/EWI/EWI_best-epoch006.pt
2025-08-26T03:39:39Z - INFO - [train_model] Epoch 007 | train (scaled) MSE: mean=0.013686 med=0.004045 std=0.031497 min=0.000000 max=0.299939 | val (scaled) MSE: mean=0.015286 med=0.004593 std=0.060211 min=0.000034 max=0.535452
2025-08-26T03:39:39Z - INFO - [train_model] Epoch 007 | train (price) MSE=0.000437 MAE=0.015142 RMSE=0.020898 | val (price) MSE=0.000488 MAE=0.015114 RMSE=0.022085
2025-08-26T03:39:39Z - INFO - [train_model] New best (price) val MSE=0.000488 at epoch 7; saved → /home/tbfs/Projects/finBert/output/20250825-233927/saved_weights/EWI/EWI_best-epoch007.pt
2025-08-26T03:39:40Z - INFO - [train_model] Epoch 008 | train (scaled) MSE: mean=0.013419 med=0.003695 std=0.030840 min=0.000000 max=0.281011 | val (scaled) MSE: mean=0.015000 med=0.004898 std=0.058652 min=0.000006 max=0.521893
2025-08-26T03:39:40Z - INFO - [train_model] Epoch 008 | train (price) MSE=0.000428 MAE=0.014945 RMSE=0.020692 | val (price) MSE=0.000479 MAE=0.015057 RMSE=0.021878
2025-08-26T03:39:40Z - INFO - [train_model] New best (price) val MSE=0.000479 at epoch 8; saved → /home/tbfs/Projects/finBert/output/20250825-233927/saved_weights/EWI/EWI_best-epoch008.pt
2025-08-26T03:39:41Z - INFO - [train_model] Epoch 009 | train (scaled) MSE: mean=0.013188 med=0.003762 std=0.030224 min=0.000000 max=0.273732 | val (scaled) MSE: mean=0.014794 med=0.004946 std=0.057261 min=0.000001 max=0.509712
2025-08-26T03:39:41Z - INFO - [train_model] Epoch 009 | train (price) MSE=0.000421 MAE=0.014835 RMSE=0.020513 | val (price) MSE=0.000472 MAE=0.015010 RMSE=0.021727
2025-08-26T03:39:41Z - INFO - [train_model] New best (price) val MSE=0.000472 at epoch 9; saved → /home/tbfs/Projects/finBert/output/20250825-233927/saved_weights/EWI/EWI_best-epoch009.pt
2025-08-26T03:39:42Z - INFO - [train_model] Epoch 010 | train (scaled) MSE: mean=0.012990 med=0.003899 std=0.029572 min=0.000000 max=0.266734 | val (scaled) MSE: mean=0.014684 med=0.004939 std=0.056513 min=0.000000 max=0.503162
2025-08-26T03:39:42Z - INFO - [train_model] Epoch 010 | train (price) MSE=0.000414 MAE=0.014745 RMSE=0.020359 | val (price) MSE=0.000469 MAE=0.014994 RMSE=0.021646
2025-08-26T03:39:42Z - INFO - [train_model] New best (price) val MSE=0.000469 at epoch 10; saved → /home/tbfs/Projects/finBert/output/20250825-233927/saved_weights/EWI/EWI_best-epoch010.pt
2025-08-26T03:39:43Z - INFO - [train_model] Epoch 011 | train (scaled) MSE: mean=0.012944 med=0.003805 std=0.029074 min=0.000000 max=0.262040 | val (scaled) MSE: mean=0.014616 med=0.004798 std=0.056070 min=0.000000 max=0.499294
2025-08-26T03:39:43Z - INFO - [train_model] Epoch 011 | train (price) MSE=0.000413 MAE=0.014725 RMSE=0.020323 | val (price) MSE=0.000466 MAE=0.014989 RMSE=0.021596
2025-08-26T03:39:43Z - INFO - [train_model] New best (price) val MSE=0.000466 at epoch 11; saved → /home/tbfs/Projects/finBert/output/20250825-233927/saved_weights/EWI/EWI_best-epoch011.pt
2025-08-26T03:39:44Z - INFO - [train_model] Epoch 012 | train (scaled) MSE: mean=0.012901 med=0.003927 std=0.028908 min=0.000000 max=0.259870 | val (scaled) MSE: mean=0.014578 med=0.004692 std=0.055768 min=0.000002 max=0.496648
2025-08-26T03:39:44Z - INFO - [train_model] Epoch 012 | train (price) MSE=0.000412 MAE=0.014725 RMSE=0.020289 | val (price) MSE=0.000465 MAE=0.014989 RMSE=0.021567
2025-08-26T03:39:44Z - INFO - [train_model] New best (price) val MSE=0.000465 at epoch 12; saved → /home/tbfs/Projects/finBert/output/20250825-233927/saved_weights/EWI/EWI_best-epoch012.pt
2025-08-26T03:39:44Z - INFO - [train_model] Epoch 013 | train (scaled) MSE: mean=0.012848 med=0.003905 std=0.028696 min=0.000000 max=0.258938 | val (scaled) MSE: mean=0.014568 med=0.004606 std=0.055715 min=0.000006 max=0.496195
2025-08-26T03:39:44Z - INFO - [train_model] Epoch 013 | train (price) MSE=0.000410 MAE=0.014690 RMSE=0.020247 | val (price) MSE=0.000465 MAE=0.014998 RMSE=0.021560
2025-08-26T03:39:44Z - INFO - [train_model] New best (price) val MSE=0.000465 at epoch 13; saved → /home/tbfs/Projects/finBert/output/20250825-233927/saved_weights/EWI/EWI_best-epoch013.pt
2025-08-26T03:39:45Z - INFO - [train_model] Epoch 014 | train (scaled) MSE: mean=0.012803 med=0.004001 std=0.028441 min=0.000000 max=0.255641 | val (scaled) MSE: mean=0.014563 med=0.004669 std=0.055624 min=0.000005 max=0.495387
2025-08-26T03:39:45Z - INFO - [train_model] Epoch 014 | train (price) MSE=0.000409 MAE=0.014681 RMSE=0.020212 | val (price) MSE=0.000465 MAE=0.014999 RMSE=0.021556
2025-08-26T03:39:45Z - INFO - [train_model] New best (price) val MSE=0.000465 at epoch 14; saved → /home/tbfs/Projects/finBert/output/20250825-233927/saved_weights/EWI/EWI_best-epoch014.pt
2025-08-26T03:39:46Z - INFO - [train_model] Epoch 015 | train (scaled) MSE: mean=0.012819 med=0.003927 std=0.028596 min=0.000000 max=0.253782 | val (scaled) MSE: mean=0.014568 med=0.004579 std=0.055684 min=0.000007 max=0.495921
2025-08-26T03:39:46Z - INFO - [train_model] Epoch 015 | train (price) MSE=0.000409 MAE=0.014665 RMSE=0.020225 | val (price) MSE=0.000465 MAE=0.015005 RMSE=0.021560
2025-08-26T03:39:47Z - INFO - [train_model] Epoch 016 | train (scaled) MSE: mean=0.012805 med=0.004018 std=0.028452 min=0.000000 max=0.254505 | val (scaled) MSE: mean=0.014568 med=0.004554 std=0.055696 min=0.000007 max=0.496034
2025-08-26T03:39:47Z - INFO - [train_model] Epoch 016 | train (price) MSE=0.000409 MAE=0.014684 RMSE=0.020214 | val (price) MSE=0.000465 MAE=0.015007 RMSE=0.021560
2025-08-26T03:39:48Z - INFO - [train_model] Epoch 017 | train (scaled) MSE: mean=0.012808 med=0.004058 std=0.028520 min=0.000000 max=0.254938 | val (scaled) MSE: mean=0.014557 med=0.004695 std=0.055525 min=0.000003 max=0.494509
2025-08-26T03:39:48Z - INFO - [train_model] Epoch 017 | train (price) MSE=0.000409 MAE=0.014675 RMSE=0.020215 | val (price) MSE=0.000464 MAE=0.014998 RMSE=0.021552
2025-08-26T03:39:48Z - INFO - [train_model] New best (price) val MSE=0.000464 at epoch 17; saved → /home/tbfs/Projects/finBert/output/20250825-233927/saved_weights/EWI/EWI_best-epoch017.pt
2025-08-26T03:39:49Z - INFO - [train_model] Epoch 018 | train (scaled) MSE: mean=0.012819 med=0.003971 std=0.028552 min=0.000000 max=0.253505 | val (scaled) MSE: mean=0.014561 med=0.004698 std=0.055574 min=0.000004 max=0.494944
2025-08-26T03:39:49Z - INFO - [train_model] Epoch 018 | train (price) MSE=0.000409 MAE=0.014680 RMSE=0.020224 | val (price) MSE=0.000465 MAE=0.015001 RMSE=0.021555
2025-08-26T03:39:50Z - INFO - [train_model] Epoch 019 | train (scaled) MSE: mean=0.012832 med=0.004058 std=0.028551 min=0.000000 max=0.252414 | val (scaled) MSE: mean=0.014564 med=0.004700 std=0.055595 min=0.000005 max=0.495129
2025-08-26T03:39:50Z - INFO - [train_model] Epoch 019 | train (price) MSE=0.000409 MAE=0.014692 RMSE=0.020235 | val (price) MSE=0.000465 MAE=0.015002 RMSE=0.021557
2025-08-26T03:39:51Z - INFO - [train_model] Epoch 020 | train (scaled) MSE: mean=0.012799 med=0.003989 std=0.028516 min=0.000000 max=0.252215 | val (scaled) MSE: mean=0.014552 med=0.004709 std=0.055462 min=0.000002 max=0.493949
2025-08-26T03:39:51Z - INFO - [train_model] Epoch 020 | train (price) MSE=0.000408 MAE=0.014671 RMSE=0.020209 | val (price) MSE=0.000464 MAE=0.014994 RMSE=0.021549
2025-08-26T03:39:51Z - INFO - [train_model] New best (price) val MSE=0.000464 at epoch 20; saved → /home/tbfs/Projects/finBert/output/20250825-233927/saved_weights/EWI/EWI_best-epoch020.pt
2025-08-26T03:39:52Z - INFO - [train_model] Epoch 021 | train (scaled) MSE: mean=0.012814 med=0.003957 std=0.028507 min=0.000000 max=0.254770 | val (scaled) MSE: mean=0.014575 med=0.004545 std=0.055756 min=0.000010 max=0.496566
2025-08-26T03:39:52Z - INFO - [train_model] Epoch 021 | train (price) MSE=0.000409 MAE=0.014679 RMSE=0.020220 | val (price) MSE=0.000465 MAE=0.015011 RMSE=0.021565
2025-08-26T03:39:52Z - INFO - [train_model] Epoch 022 | train (scaled) MSE: mean=0.012780 med=0.003984 std=0.028345 min=0.000000 max=0.253567 | val (scaled) MSE: mean=0.014566 med=0.004629 std=0.055639 min=0.000006 max=0.495526
2025-08-26T03:39:52Z - INFO - [train_model] Epoch 022 | train (price) MSE=0.000408 MAE=0.014671 RMSE=0.020194 | val (price) MSE=0.000465 MAE=0.015005 RMSE=0.021558
2025-08-26T03:39:53Z - INFO - [train_model] Epoch 023 | train (scaled) MSE: mean=0.012785 med=0.004043 std=0.028420 min=0.000000 max=0.253774 | val (scaled) MSE: mean=0.014556 med=0.004696 std=0.055509 min=0.000002 max=0.494365
2025-08-26T03:39:53Z - INFO - [train_model] Epoch 023 | train (price) MSE=0.000408 MAE=0.014655 RMSE=0.020197 | val (price) MSE=0.000464 MAE=0.014997 RMSE=0.021551
2025-08-26T03:39:54Z - INFO - [train_model] Epoch 024 | train (scaled) MSE: mean=0.012803 med=0.004017 std=0.028459 min=0.000000 max=0.253913 | val (scaled) MSE: mean=0.014561 med=0.004661 std=0.055590 min=0.000004 max=0.495091
2025-08-26T03:39:54Z - INFO - [train_model] Epoch 024 | train (price) MSE=0.000409 MAE=0.014673 RMSE=0.020212 | val (price) MSE=0.000465 MAE=0.015002 RMSE=0.021555
2025-08-26T03:39:55Z - INFO - [train_model] Epoch 025 | train (scaled) MSE: mean=0.012782 med=0.003924 std=0.028370 min=0.000000 max=0.254109 | val (scaled) MSE: mean=0.014572 med=0.004552 std=0.055734 min=0.000009 max=0.496367
2025-08-26T03:39:55Z - INFO - [train_model] Epoch 025 | train (price) MSE=0.000408 MAE=0.014673 RMSE=0.020195 | val (price) MSE=0.000465 MAE=0.015010 RMSE=0.021563
2025-08-26T03:39:56Z - INFO - [train_model] Epoch 026 | train (scaled) MSE: mean=0.012784 med=0.004018 std=0.028382 min=0.000000 max=0.253908 | val (scaled) MSE: mean=0.014552 med=0.004678 std=0.055514 min=0.000002 max=0.494413
2025-08-26T03:39:56Z - INFO - [train_model] Epoch 026 | train (price) MSE=0.000408 MAE=0.014662 RMSE=0.020197 | val (price) MSE=0.000464 MAE=0.014997 RMSE=0.021548
2025-08-26T03:39:56Z - INFO - [train_model] New best (price) val MSE=0.000464 at epoch 26; saved → /home/tbfs/Projects/finBert/output/20250825-233927/saved_weights/EWI/EWI_best-epoch026.pt
2025-08-26T03:39:57Z - INFO - [train_model] Epoch 027 | train (scaled) MSE: mean=0.012774 med=0.004032 std=0.028318 min=0.000000 max=0.254125 | val (scaled) MSE: mean=0.014564 med=0.004560 std=0.055655 min=0.000006 max=0.495668
2025-08-26T03:39:57Z - INFO - [train_model] Epoch 027 | train (price) MSE=0.000408 MAE=0.014662 RMSE=0.020189 | val (price) MSE=0.000465 MAE=0.015005 RMSE=0.021557
2025-08-26T03:39:58Z - INFO - [train_model] Epoch 028 | train (scaled) MSE: mean=0.012767 med=0.004037 std=0.028318 min=0.000000 max=0.256324 | val (scaled) MSE: mean=0.014563 med=0.004581 std=0.055639 min=0.000006 max=0.495528
2025-08-26T03:39:58Z - INFO - [train_model] Epoch 028 | train (price) MSE=0.000407 MAE=0.014661 RMSE=0.020184 | val (price) MSE=0.000465 MAE=0.015004 RMSE=0.021556
2025-08-26T03:39:59Z - INFO - [train_model] Epoch 029 | train (scaled) MSE: mean=0.012768 med=0.003984 std=0.028302 min=0.000000 max=0.256135 | val (scaled) MSE: mean=0.014562 med=0.004576 std=0.055636 min=0.000005 max=0.495496
2025-08-26T03:39:59Z - INFO - [train_model] Epoch 029 | train (price) MSE=0.000407 MAE=0.014658 RMSE=0.020184 | val (price) MSE=0.000465 MAE=0.015004 RMSE=0.021556
2025-08-26T03:40:00Z - INFO - [train_model] Epoch 030 | train (scaled) MSE: mean=0.012757 med=0.004009 std=0.028271 min=0.000000 max=0.255426 | val (scaled) MSE: mean=0.014568 med=0.004554 std=0.055700 min=0.000008 max=0.496065
2025-08-26T03:40:00Z - INFO - [train_model] Epoch 030 | train (price) MSE=0.000407 MAE=0.014651 RMSE=0.020175 | val (price) MSE=0.000465 MAE=0.015008 RMSE=0.021560
2025-08-26T03:40:00Z - INFO - [train_model] Epoch 031 | train (scaled) MSE: mean=0.012747 med=0.004033 std=0.028253 min=0.000000 max=0.256807 | val (scaled) MSE: mean=0.014569 med=0.004554 std=0.055706 min=0.000008 max=0.496120
2025-08-26T03:40:00Z - INFO - [train_model] Epoch 031 | train (price) MSE=0.000407 MAE=0.014643 RMSE=0.020168 | val (price) MSE=0.000465 MAE=0.015008 RMSE=0.021561
2025-08-26T03:40:01Z - INFO - [train_model] Epoch 032 | train (scaled) MSE: mean=0.012751 med=0.004119 std=0.028234 min=0.000000 max=0.255866 | val (scaled) MSE: mean=0.014569 med=0.004554 std=0.055710 min=0.000008 max=0.496160
2025-08-26T03:40:01Z - INFO - [train_model] Epoch 032 | train (price) MSE=0.000407 MAE=0.014652 RMSE=0.020171 | val (price) MSE=0.000465 MAE=0.015008 RMSE=0.021561
2025-08-26T03:40:02Z - INFO - [train_model] Epoch 033 | train (scaled) MSE: mean=0.012740 med=0.004203 std=0.028212 min=0.000000 max=0.257018 | val (scaled) MSE: mean=0.014569 med=0.004555 std=0.055707 min=0.000008 max=0.496132
2025-08-26T03:40:02Z - INFO - [train_model] Epoch 033 | train (price) MSE=0.000407 MAE=0.014643 RMSE=0.020162 | val (price) MSE=0.000465 MAE=0.015008 RMSE=0.021561
2025-08-26T03:40:03Z - INFO - [train_model] Epoch 034 | train (scaled) MSE: mean=0.012741 med=0.004182 std=0.028238 min=0.000000 max=0.257038 | val (scaled) MSE: mean=0.014572 med=0.004540 std=0.055736 min=0.000009 max=0.496386
2025-08-26T03:40:03Z - INFO - [train_model] Epoch 034 | train (price) MSE=0.000407 MAE=0.014641 RMSE=0.020162 | val (price) MSE=0.000465 MAE=0.015010 RMSE=0.021563
2025-08-26T03:40:04Z - INFO - [train_model] Epoch 035 | train (scaled) MSE: mean=0.012740 med=0.004207 std=0.028229 min=0.000000 max=0.256775 | val (scaled) MSE: mean=0.014569 med=0.004554 std=0.055705 min=0.000008 max=0.496109
2025-08-26T03:40:04Z - INFO - [train_model] Epoch 035 | train (price) MSE=0.000406 MAE=0.014639 RMSE=0.020162 | val (price) MSE=0.000465 MAE=0.015008 RMSE=0.021561
2025-08-26T03:40:05Z - INFO - [train_model] Epoch 036 | train (scaled) MSE: mean=0.012728 med=0.004242 std=0.028200 min=0.000000 max=0.257582 | val (scaled) MSE: mean=0.014571 med=0.004549 std=0.055726 min=0.000008 max=0.496296
2025-08-26T03:40:05Z - INFO - [train_model] Epoch 036 | train (price) MSE=0.000406 MAE=0.014633 RMSE=0.020153 | val (price) MSE=0.000465 MAE=0.015009 RMSE=0.021562
2025-08-26T03:40:06Z - INFO - [train_model] Epoch 037 | train (scaled) MSE: mean=0.012728 med=0.004242 std=0.028203 min=0.000000 max=0.257823 | val (scaled) MSE: mean=0.014570 med=0.004554 std=0.055714 min=0.000008 max=0.496195
2025-08-26T03:40:06Z - INFO - [train_model] Epoch 037 | train (price) MSE=0.000406 MAE=0.014632 RMSE=0.020152 | val (price) MSE=0.000465 MAE=0.015009 RMSE=0.021561
2025-08-26T03:40:07Z - INFO - [train_model] Epoch 038 | train (scaled) MSE: mean=0.012722 med=0.004213 std=0.028170 min=0.000000 max=0.257514 | val (scaled) MSE: mean=0.014569 med=0.004554 std=0.055706 min=0.000008 max=0.496118
2025-08-26T03:40:07Z - INFO - [train_model] Epoch 038 | train (price) MSE=0.000406 MAE=0.014629 RMSE=0.020147 | val (price) MSE=0.000465 MAE=0.015008 RMSE=0.021561
2025-08-26T03:40:08Z - INFO - [train_model] Epoch 039 | train (scaled) MSE: mean=0.012724 med=0.004228 std=0.028189 min=0.000000 max=0.258052 | val (scaled) MSE: mean=0.014568 med=0.004554 std=0.055698 min=0.000007 max=0.496046
2025-08-26T03:40:08Z - INFO - [train_model] Epoch 039 | train (price) MSE=0.000406 MAE=0.014628 RMSE=0.020149 | val (price) MSE=0.000465 MAE=0.015008 RMSE=0.021560
2025-08-26T03:40:09Z - INFO - [train_model] Epoch 040 | train (scaled) MSE: mean=0.012720 med=0.004198 std=0.028174 min=0.000000 max=0.258309 | val (scaled) MSE: mean=0.014569 med=0.004554 std=0.055703 min=0.000008 max=0.496098
2025-08-26T03:40:09Z - INFO - [train_model] Epoch 040 | train (price) MSE=0.000406 MAE=0.014628 RMSE=0.020146 | val (price) MSE=0.000465 MAE=0.015008 RMSE=0.021561
2025-08-26T03:40:09Z - INFO - [train_model] Epoch 041 | train (scaled) MSE: mean=0.012718 med=0.004234 std=0.028163 min=0.000000 max=0.258102 | val (scaled) MSE: mean=0.014568 med=0.004554 std=0.055693 min=0.000007 max=0.496010
2025-08-26T03:40:09Z - INFO - [train_model] Epoch 041 | train (price) MSE=0.000406 MAE=0.014626 RMSE=0.020145 | val (price) MSE=0.000465 MAE=0.015007 RMSE=0.021560
2025-08-26T03:40:10Z - INFO - [train_model] Epoch 042 | train (scaled) MSE: mean=0.012714 med=0.004225 std=0.028162 min=0.000000 max=0.258501 | val (scaled) MSE: mean=0.014567 med=0.004554 std=0.055687 min=0.000007 max=0.495953
2025-08-26T03:40:10Z - INFO - [train_model] Epoch 042 | train (price) MSE=0.000406 MAE=0.014622 RMSE=0.020142 | val (price) MSE=0.000465 MAE=0.015007 RMSE=0.021559
2025-08-26T03:40:11Z - INFO - [train_model] Epoch 043 | train (scaled) MSE: mean=0.012713 med=0.004238 std=0.028152 min=0.000000 max=0.258268 | val (scaled) MSE: mean=0.014566 med=0.004554 std=0.055675 min=0.000007 max=0.495850
2025-08-26T03:40:11Z - INFO - [train_model] Epoch 043 | train (price) MSE=0.000406 MAE=0.014623 RMSE=0.020141 | val (price) MSE=0.000465 MAE=0.015006 RMSE=0.021559
2025-08-26T03:40:12Z - INFO - [train_model] Epoch 044 | train (scaled) MSE: mean=0.012710 med=0.004258 std=0.028147 min=0.000000 max=0.258812 | val (scaled) MSE: mean=0.014565 med=0.004557 std=0.055666 min=0.000006 max=0.495769
2025-08-26T03:40:12Z - INFO - [train_model] Epoch 044 | train (price) MSE=0.000406 MAE=0.014620 RMSE=0.020138 | val (price) MSE=0.000465 MAE=0.015006 RMSE=0.021558
2025-08-26T03:40:13Z - INFO - [train_model] Epoch 045 | train (scaled) MSE: mean=0.012710 med=0.004257 std=0.028146 min=0.000000 max=0.258788 | val (scaled) MSE: mean=0.014565 med=0.004564 std=0.055658 min=0.000006 max=0.495699
2025-08-26T03:40:13Z - INFO - [train_model] Epoch 045 | train (price) MSE=0.000406 MAE=0.014619 RMSE=0.020138 | val (price) MSE=0.000465 MAE=0.015005 RMSE=0.021558
2025-08-26T03:40:14Z - INFO - [train_model] Epoch 046 | train (scaled) MSE: mean=0.012708 med=0.004248 std=0.028143 min=0.000000 max=0.258885 | val (scaled) MSE: mean=0.014564 med=0.004569 std=0.055652 min=0.000006 max=0.495645
2025-08-26T03:40:14Z - INFO - [train_model] Epoch 046 | train (price) MSE=0.000405 MAE=0.014618 RMSE=0.020137 | val (price) MSE=0.000465 MAE=0.015005 RMSE=0.021557
2025-08-26T03:40:15Z - INFO - [train_model] Epoch 047 | train (scaled) MSE: mean=0.012707 med=0.004265 std=0.028139 min=0.000000 max=0.259052 | val (scaled) MSE: mean=0.014564 med=0.004574 std=0.055647 min=0.000006 max=0.495597
2025-08-26T03:40:15Z - INFO - [train_model] Epoch 047 | train (price) MSE=0.000405 MAE=0.014617 RMSE=0.020136 | val (price) MSE=0.000465 MAE=0.015005 RMSE=0.021557
2025-08-26T03:40:16Z - INFO - [train_model] Epoch 048 | train (scaled) MSE: mean=0.012705 med=0.004261 std=0.028136 min=0.000000 max=0.259149 | val (scaled) MSE: mean=0.014563 med=0.004584 std=0.055635 min=0.000005 max=0.495494
2025-08-26T03:40:16Z - INFO - [train_model] Epoch 048 | train (price) MSE=0.000405 MAE=0.014616 RMSE=0.020135 | val (price) MSE=0.000465 MAE=0.015004 RMSE=0.021556
2025-08-26T03:40:17Z - INFO - [train_model] Epoch 049 | train (scaled) MSE: mean=0.012705 med=0.004250 std=0.028135 min=0.000000 max=0.259244 | val (scaled) MSE: mean=0.014563 med=0.004581 std=0.055638 min=0.000006 max=0.495521
2025-08-26T03:40:17Z - INFO - [train_model] Epoch 049 | train (price) MSE=0.000405 MAE=0.014615 RMSE=0.020134 | val (price) MSE=0.000465 MAE=0.015004 RMSE=0.021556
2025-08-26T03:40:18Z - INFO - [train_model] Epoch 050 | train (scaled) MSE: mean=0.012705 med=0.004242 std=0.028133 min=0.000000 max=0.259258 | val (scaled) MSE: mean=0.014562 med=0.004588 std=0.055630 min=0.000005 max=0.495450
2025-08-26T03:40:18Z - INFO - [train_model] Epoch 050 | train (price) MSE=0.000405 MAE=0.014615 RMSE=0.020134 | val (price) MSE=0.000465 MAE=0.015004 RMSE=0.021556
2025-08-26T03:40:19Z - INFO - [train_model] Epoch 051 | train (scaled) MSE: mean=0.012704 med=0.004234 std=0.028131 min=0.000000 max=0.259308 | val (scaled) MSE: mean=0.014562 med=0.004592 std=0.055626 min=0.000005 max=0.495414
2025-08-26T03:40:19Z - INFO - [train_model] Epoch 051 | train (price) MSE=0.000405 MAE=0.014614 RMSE=0.020133 | val (price) MSE=0.000465 MAE=0.015004 RMSE=0.021555
2025-08-26T03:40:19Z - INFO - [train_model] Epoch 052 | train (scaled) MSE: mean=0.012703 med=0.004226 std=0.028130 min=0.000000 max=0.259369 | val (scaled) MSE: mean=0.014561 med=0.004594 std=0.055623 min=0.000005 max=0.495389
2025-08-26T03:40:19Z - INFO - [train_model] Epoch 052 | train (price) MSE=0.000405 MAE=0.014614 RMSE=0.020133 | val (price) MSE=0.000465 MAE=0.015003 RMSE=0.021555
2025-08-26T03:40:20Z - INFO - [train_model] Epoch 053 | train (scaled) MSE: mean=0.012703 med=0.004219 std=0.028129 min=0.000000 max=0.259403 | val (scaled) MSE: mean=0.014561 med=0.004598 std=0.055619 min=0.000005 max=0.495351
2025-08-26T03:40:20Z - INFO - [train_model] Epoch 053 | train (price) MSE=0.000405 MAE=0.014613 RMSE=0.020133 | val (price) MSE=0.000465 MAE=0.015003 RMSE=0.021555
2025-08-26T03:40:21Z - INFO - [train_model] Epoch 054 | train (scaled) MSE: mean=0.012703 med=0.004222 std=0.028129 min=0.000000 max=0.259429 | val (scaled) MSE: mean=0.014561 med=0.004599 std=0.055617 min=0.000005 max=0.495335
2025-08-26T03:40:21Z - INFO - [train_model] Epoch 054 | train (price) MSE=0.000405 MAE=0.014613 RMSE=0.020132 | val (price) MSE=0.000465 MAE=0.015003 RMSE=0.021555
2025-08-26T03:40:22Z - INFO - [train_model] Epoch 055 | train (scaled) MSE: mean=0.012702 med=0.004213 std=0.028128 min=0.000000 max=0.259455 | val (scaled) MSE: mean=0.014561 med=0.004601 std=0.055615 min=0.000005 max=0.495316
2025-08-26T03:40:22Z - INFO - [train_model] Epoch 055 | train (price) MSE=0.000405 MAE=0.014613 RMSE=0.020132 | val (price) MSE=0.000465 MAE=0.015003 RMSE=0.021555
2025-08-26T03:40:23Z - INFO - [train_model] Epoch 056 | train (scaled) MSE: mean=0.012702 med=0.004212 std=0.028128 min=0.000000 max=0.259465 | val (scaled) MSE: mean=0.014561 med=0.004602 std=0.055615 min=0.000005 max=0.495311
2025-08-26T03:40:23Z - INFO - [train_model] Epoch 056 | train (price) MSE=0.000405 MAE=0.014613 RMSE=0.020132 | val (price) MSE=0.000465 MAE=0.015003 RMSE=0.021555
2025-08-26T03:40:24Z - INFO - [train_model] Epoch 057 | train (scaled) MSE: mean=0.012702 med=0.004211 std=0.028128 min=0.000000 max=0.259492 | val (scaled) MSE: mean=0.014561 med=0.004601 std=0.055615 min=0.000005 max=0.495317
2025-08-26T03:40:24Z - INFO - [train_model] Epoch 057 | train (price) MSE=0.000405 MAE=0.014612 RMSE=0.020132 | val (price) MSE=0.000465 MAE=0.015003 RMSE=0.021555
2025-08-26T03:40:25Z - INFO - [train_model] Epoch 058 | train (scaled) MSE: mean=0.012702 med=0.004211 std=0.028127 min=0.000000 max=0.259495 | val (scaled) MSE: mean=0.014560 med=0.004604 std=0.055612 min=0.000005 max=0.495286
2025-08-26T03:40:25Z - INFO - [train_model] Epoch 058 | train (price) MSE=0.000405 MAE=0.014612 RMSE=0.020132 | val (price) MSE=0.000465 MAE=0.015003 RMSE=0.021554
2025-08-26T03:40:26Z - INFO - [train_model] Epoch 059 | train (scaled) MSE: mean=0.012702 med=0.004210 std=0.028127 min=0.000000 max=0.259509 | val (scaled) MSE: mean=0.014560 med=0.004605 std=0.055611 min=0.000005 max=0.495278
2025-08-26T03:40:26Z - INFO - [train_model] Epoch 059 | train (price) MSE=0.000405 MAE=0.014612 RMSE=0.020132 | val (price) MSE=0.000465 MAE=0.015003 RMSE=0.021554
2025-08-26T03:40:27Z - INFO - [train_model] Epoch 060 | train (scaled) MSE: mean=0.012702 med=0.004211 std=0.028127 min=0.000000 max=0.259516 | val (scaled) MSE: mean=0.014560 med=0.004605 std=0.055611 min=0.000005 max=0.495279
2025-08-26T03:40:27Z - INFO - [train_model] Epoch 060 | train (price) MSE=0.000405 MAE=0.014612 RMSE=0.020132 | val (price) MSE=0.000465 MAE=0.015003 RMSE=0.021554
2025-08-26T03:40:28Z - INFO - [train_model] Epoch 061 | train (scaled) MSE: mean=0.012702 med=0.004210 std=0.028127 min=0.000000 max=0.259537 | val (scaled) MSE: mean=0.014560 med=0.004608 std=0.055607 min=0.000005 max=0.495244
2025-08-26T03:40:28Z - INFO - [train_model] Epoch 061 | train (price) MSE=0.000405 MAE=0.014612 RMSE=0.020132 | val (price) MSE=0.000465 MAE=0.015002 RMSE=0.021554
2025-08-26T03:40:29Z - INFO - [train_model] Epoch 062 | train (scaled) MSE: mean=0.012702 med=0.004209 std=0.028127 min=0.000000 max=0.259556 | val (scaled) MSE: mean=0.014560 med=0.004608 std=0.055607 min=0.000005 max=0.495241
2025-08-26T03:40:29Z - INFO - [train_model] Epoch 062 | train (price) MSE=0.000405 MAE=0.014612 RMSE=0.020132 | val (price) MSE=0.000465 MAE=0.015002 RMSE=0.021554
2025-08-26T03:40:29Z - INFO - [train_model] Epoch 063 | train (scaled) MSE: mean=0.012701 med=0.004209 std=0.028126 min=0.000000 max=0.259567 | val (scaled) MSE: mean=0.014560 med=0.004611 std=0.055604 min=0.000005 max=0.495216
2025-08-26T03:40:29Z - INFO - [train_model] Epoch 063 | train (price) MSE=0.000405 MAE=0.014612 RMSE=0.020131 | val (price) MSE=0.000465 MAE=0.015002 RMSE=0.021554
2025-08-26T03:40:30Z - INFO - [train_model] Epoch 064 | train (scaled) MSE: mean=0.012701 med=0.004208 std=0.028126 min=0.000000 max=0.259589 | val (scaled) MSE: mean=0.014560 med=0.004610 std=0.055605 min=0.000005 max=0.495227
2025-08-26T03:40:30Z - INFO - [train_model] Epoch 064 | train (price) MSE=0.000405 MAE=0.014612 RMSE=0.020131 | val (price) MSE=0.000465 MAE=0.015002 RMSE=0.021554
2025-08-26T03:40:31Z - INFO - [train_model] Epoch 065 | train (scaled) MSE: mean=0.012701 med=0.004207 std=0.028125 min=0.000000 max=0.259593 | val (scaled) MSE: mean=0.014560 med=0.004610 std=0.055604 min=0.000005 max=0.495219
2025-08-26T03:40:31Z - INFO - [train_model] Epoch 065 | train (price) MSE=0.000405 MAE=0.014611 RMSE=0.020131 | val (price) MSE=0.000465 MAE=0.015002 RMSE=0.021554
2025-08-26T03:40:32Z - INFO - [train_model] Epoch 066 | train (scaled) MSE: mean=0.012701 med=0.004208 std=0.028125 min=0.000000 max=0.259609 | val (scaled) MSE: mean=0.014558 med=0.004626 std=0.055586 min=0.000004 max=0.495055
2025-08-26T03:40:32Z - INFO - [train_model] Epoch 066 | train (price) MSE=0.000405 MAE=0.014611 RMSE=0.020131 | val (price) MSE=0.000465 MAE=0.015001 RMSE=0.021553
2025-08-26T03:40:32Z - INFO - [train_model] Early stopping at epoch 66 (best price val MSE=0.000464 @ epoch 26)
2025-08-26T03:40:33Z - INFO - [visualize_full_prediction] Saved full prediction plot for EWI to output/20250825-233927/plots/EWI_lstm_full_returns_prediction.png
2025-08-26T03:40:33Z - INFO - [visualize_sentiment] Saved sentiment plot for EWI to output/20250825-233927/plots/EWI_sentiment.png
2025-08-26T03:40:33Z - INFO - [train] [EWI] Test (price) MSE=0.000290 | MAE=0.012343 | RMSE=0.017029 (scaled MSE=0.009088)
2025-08-26T03:40:33Z - INFO - [train] [EWI] Final (price) Train MSE=0.000405 | Val MSE=0.000465 (scaled Train MSE=0.012701 | Val MSE=0.014558)
2025-08-26T03:40:33Z - INFO - [train] [EWI] Best epoch=26 | Best (price) Train MSE=0.000408 | Best (price) Val MSE=0.000464 | Saved at=/home/tbfs/Projects/finBert/output/20250825-233927/saved_weights/EWI/EWI_best-epoch026.pt
2025-08-26T03:40:33Z - INFO - [train] Wrote evaluation summary → output/20250825-233927/evaluation.json
