2025-08-26T11:35:32Z - INFO - [Pipeline::__init__] Loaded news dataframe with columns=['title', 'date', 'stock'] shape=(1277896, 3).
2025-08-26T11:35:33Z - INFO - [SentimentGenerator::_load] Loaded precomputed sentiment from /home/tbfs/Projects/finBert/output/20250823-140342/sentiment_daily.csv
2025-08-26T11:35:33Z - INFO - [train] Training predictor for ticker: EWI
2025-08-26T11:35:33Z - INFO - [train] Loaded prices for EWI with columns=['date', 'volume', 'open', 'high', 'low', 'close', 'adj close'] shape=(2516, 7).
2025-08-26T11:35:33Z - INFO - [SequenceDataset::__init__] len(self.valid_indices)=701 out of len(df)=2515 samples are valid for lookback=60 with sentiment_col=SentimentScore
2025-08-26T11:35:33Z - INFO - [SequenceDataset::__init__] len(self.valid_indices)=78 out of len(df)=2515 samples are valid for lookback=60 with sentiment_col=SentimentScore
2025-08-26T11:35:33Z - INFO - [SequenceDataset::__init__] len(self.valid_indices)=87 out of len(df)=2515 samples are valid for lookback=60 with sentiment_col=SentimentScore
2025-08-26T11:35:34Z - INFO - [train_model] Epoch 001 | train (scaled) MSE: mean=0.022630 med=0.005277 std=0.049972 min=0.000000 max=0.456445 | val (scaled) MSE: mean=0.023338 med=0.007571 std=0.078576 min=0.000000 max=0.690749
2025-08-26T11:35:34Z - INFO - [train_model] Epoch 001 | train (price) MSE=0.000722 MAE=0.018880 RMSE=0.026871 | val (price) MSE=0.000745 MAE=0.019050 RMSE=0.027289
2025-08-26T11:35:34Z - INFO - [train_model] New best (price) val MSE=0.000745 at epoch 1; saved → /home/tbfs/Projects/finBert/output/20250826-073528/saved_weights/EWI/EWI_best-epoch001.pt
2025-08-26T11:35:34Z - INFO - [train_model] Epoch 002 | train (scaled) MSE: mean=0.017297 med=0.005208 std=0.039327 min=0.000000 max=0.412756 | val (scaled) MSE: mean=0.025046 med=0.008020 std=0.081771 min=0.000000 max=0.717764
2025-08-26T11:35:34Z - INFO - [train_model] Epoch 002 | train (price) MSE=0.000552 MAE=0.016898 RMSE=0.023493 | val (price) MSE=0.000799 MAE=0.019870 RMSE=0.028270
2025-08-26T11:35:35Z - INFO - [train_model] Epoch 003 | train (scaled) MSE: mean=0.017771 med=0.005486 std=0.039875 min=0.000000 max=0.395893 | val (scaled) MSE: mean=0.026443 med=0.008925 std=0.083702 min=0.000000 max=0.734024
2025-08-26T11:35:35Z - INFO - [train_model] Epoch 003 | train (price) MSE=0.000567 MAE=0.017345 RMSE=0.023813 | val (price) MSE=0.000844 MAE=0.020595 RMSE=0.029047
2025-08-26T11:35:35Z - INFO - [train_model] Epoch 004 | train (scaled) MSE: mean=0.018001 med=0.005672 std=0.039855 min=0.000000 max=0.388815 | val (scaled) MSE: mean=0.026726 med=0.009262 std=0.083282 min=0.000023 max=0.730294
2025-08-26T11:35:35Z - INFO - [train_model] Epoch 004 | train (price) MSE=0.000574 MAE=0.017616 RMSE=0.023966 | val (price) MSE=0.000853 MAE=0.020770 RMSE=0.029202
2025-08-26T11:35:36Z - INFO - [train_model] Epoch 005 | train (scaled) MSE: mean=0.017546 med=0.005667 std=0.039128 min=0.000000 max=0.374276 | val (scaled) MSE: mean=0.025536 med=0.008207 std=0.081307 min=0.000008 max=0.713457
2025-08-26T11:35:36Z - INFO - [train_model] Epoch 005 | train (price) MSE=0.000560 MAE=0.017398 RMSE=0.023661 | val (price) MSE=0.000815 MAE=0.020197 RMSE=0.028545
2025-08-26T11:35:36Z - INFO - [train_model] Epoch 006 | train (scaled) MSE: mean=0.016765 med=0.005272 std=0.037434 min=0.000000 max=0.355828 | val (scaled) MSE: mean=0.023437 med=0.006544 std=0.078097 min=0.000011 max=0.686585
2025-08-26T11:35:36Z - INFO - [train_model] Epoch 006 | train (price) MSE=0.000535 MAE=0.016964 RMSE=0.023128 | val (price) MSE=0.000748 MAE=0.019140 RMSE=0.027346
2025-08-26T11:35:37Z - INFO - [train_model] Epoch 007 | train (scaled) MSE: mean=0.016012 med=0.005228 std=0.035657 min=0.000000 max=0.338874 | val (scaled) MSE: mean=0.021057 med=0.005328 std=0.074292 min=0.000007 max=0.654691
2025-08-26T11:35:37Z - INFO - [train_model] Epoch 007 | train (price) MSE=0.000511 MAE=0.016590 RMSE=0.022603 | val (price) MSE=0.000672 MAE=0.017946 RMSE=0.025921
2025-08-26T11:35:37Z - INFO - [train_model] New best (price) val MSE=0.000672 at epoch 7; saved → /home/tbfs/Projects/finBert/output/20250826-073528/saved_weights/EWI/EWI_best-epoch007.pt
2025-08-26T11:35:37Z - INFO - [train_model] Epoch 008 | train (scaled) MSE: mean=0.015305 med=0.005026 std=0.033986 min=0.000000 max=0.323023 | val (scaled) MSE: mean=0.020082 med=0.005373 std=0.072130 min=0.000000 max=0.636250
2025-08-26T11:35:37Z - INFO - [train_model] Epoch 008 | train (price) MSE=0.000488 MAE=0.016230 RMSE=0.022099 | val (price) MSE=0.000641 MAE=0.017487 RMSE=0.025313
2025-08-26T11:35:37Z - INFO - [train_model] New best (price) val MSE=0.000641 at epoch 8; saved → /home/tbfs/Projects/finBert/output/20250826-073528/saved_weights/EWI/EWI_best-epoch008.pt
2025-08-26T11:35:38Z - INFO - [train_model] Epoch 009 | train (scaled) MSE: mean=0.014898 med=0.004924 std=0.033020 min=0.000000 max=0.310875 | val (scaled) MSE: mean=0.019311 med=0.005894 std=0.070325 min=0.000013 max=0.620802
2025-08-26T11:35:38Z - INFO - [train_model] Epoch 009 | train (price) MSE=0.000475 MAE=0.015996 RMSE=0.021803 | val (price) MSE=0.000616 MAE=0.017140 RMSE=0.024823
2025-08-26T11:35:38Z - INFO - [train_model] New best (price) val MSE=0.000616 at epoch 9; saved → /home/tbfs/Projects/finBert/output/20250826-073528/saved_weights/EWI/EWI_best-epoch009.pt
2025-08-26T11:35:38Z - INFO - [train_model] Epoch 010 | train (scaled) MSE: mean=0.014454 med=0.004670 std=0.032142 min=0.000000 max=0.299353 | val (scaled) MSE: mean=0.018344 med=0.006791 std=0.068339 min=0.000002 max=0.604074
2025-08-26T11:35:38Z - INFO - [train_model] Epoch 010 | train (price) MSE=0.000461 MAE=0.015729 RMSE=0.021476 | val (price) MSE=0.000585 MAE=0.016641 RMSE=0.024194
2025-08-26T11:35:38Z - INFO - [train_model] New best (price) val MSE=0.000585 at epoch 10; saved → /home/tbfs/Projects/finBert/output/20250826-073528/saved_weights/EWI/EWI_best-epoch010.pt
2025-08-26T11:35:39Z - INFO - [train_model] Epoch 011 | train (scaled) MSE: mean=0.014109 med=0.004573 std=0.031445 min=0.000000 max=0.289171 | val (scaled) MSE: mean=0.017768 med=0.006410 std=0.066897 min=0.000001 max=0.591806
2025-08-26T11:35:39Z - INFO - [train_model] Epoch 011 | train (price) MSE=0.000450 MAE=0.015531 RMSE=0.021217 | val (price) MSE=0.000567 MAE=0.016339 RMSE=0.023811
2025-08-26T11:35:39Z - INFO - [train_model] New best (price) val MSE=0.000567 at epoch 11; saved → /home/tbfs/Projects/finBert/output/20250826-073528/saved_weights/EWI/EWI_best-epoch011.pt
2025-08-26T11:35:39Z - INFO - [train_model] Epoch 012 | train (scaled) MSE: mean=0.013832 med=0.004537 std=0.030843 min=0.000000 max=0.279842 | val (scaled) MSE: mean=0.017369 med=0.005541 std=0.065739 min=0.000001 max=0.581889
2025-08-26T11:35:39Z - INFO - [train_model] Epoch 012 | train (price) MSE=0.000441 MAE=0.015377 RMSE=0.021008 | val (price) MSE=0.000554 MAE=0.016141 RMSE=0.023542
2025-08-26T11:35:39Z - INFO - [train_model] New best (price) val MSE=0.000554 at epoch 12; saved → /home/tbfs/Projects/finBert/output/20250826-073528/saved_weights/EWI/EWI_best-epoch012.pt
2025-08-26T11:35:40Z - INFO - [train_model] Epoch 013 | train (scaled) MSE: mean=0.013648 med=0.004377 std=0.030499 min=0.000000 max=0.271934 | val (scaled) MSE: mean=0.017126 med=0.005347 std=0.064851 min=0.000001 max=0.574104
2025-08-26T11:35:40Z - INFO - [train_model] Epoch 013 | train (price) MSE=0.000435 MAE=0.015268 RMSE=0.020869 | val (price) MSE=0.000546 MAE=0.016007 RMSE=0.023376
2025-08-26T11:35:40Z - INFO - [train_model] New best (price) val MSE=0.000546 at epoch 13; saved → /home/tbfs/Projects/finBert/output/20250826-073528/saved_weights/EWI/EWI_best-epoch013.pt
2025-08-26T11:35:40Z - INFO - [train_model] Epoch 014 | train (scaled) MSE: mean=0.013388 med=0.004062 std=0.030009 min=0.000000 max=0.265818 | val (scaled) MSE: mean=0.016618 med=0.005313 std=0.063432 min=0.000000 max=0.561965
2025-08-26T11:35:40Z - INFO - [train_model] Epoch 014 | train (price) MSE=0.000427 MAE=0.015106 RMSE=0.020668 | val (price) MSE=0.000530 MAE=0.015720 RMSE=0.023027
2025-08-26T11:35:40Z - INFO - [train_model] New best (price) val MSE=0.000530 at epoch 14; saved → /home/tbfs/Projects/finBert/output/20250826-073528/saved_weights/EWI/EWI_best-epoch014.pt
2025-08-26T11:35:41Z - INFO - [train_model] Epoch 015 | train (scaled) MSE: mean=0.013219 med=0.003930 std=0.029664 min=0.000000 max=0.263514 | val (scaled) MSE: mean=0.016284 med=0.005181 std=0.062320 min=0.000000 max=0.552409
2025-08-26T11:35:41Z - INFO - [train_model] Epoch 015 | train (price) MSE=0.000422 MAE=0.015002 RMSE=0.020537 | val (price) MSE=0.000520 MAE=0.015534 RMSE=0.022795
2025-08-26T11:35:41Z - INFO - [train_model] New best (price) val MSE=0.000520 at epoch 15; saved → /home/tbfs/Projects/finBert/output/20250826-073528/saved_weights/EWI/EWI_best-epoch015.pt
2025-08-26T11:35:41Z - INFO - [train_model] Epoch 016 | train (scaled) MSE: mean=0.013005 med=0.003894 std=0.029145 min=0.000000 max=0.260557 | val (scaled) MSE: mean=0.016020 med=0.004925 std=0.061189 min=0.000000 max=0.542372
2025-08-26T11:35:41Z - INFO - [train_model] Epoch 016 | train (price) MSE=0.000415 MAE=0.014855 RMSE=0.020371 | val (price) MSE=0.000511 MAE=0.015408 RMSE=0.022609
2025-08-26T11:35:41Z - INFO - [train_model] New best (price) val MSE=0.000511 at epoch 16; saved → /home/tbfs/Projects/finBert/output/20250826-073528/saved_weights/EWI/EWI_best-epoch016.pt
2025-08-26T11:35:42Z - INFO - [train_model] Epoch 017 | train (scaled) MSE: mean=0.012849 med=0.003895 std=0.028892 min=0.000000 max=0.265328 | val (scaled) MSE: mean=0.015712 med=0.004838 std=0.059787 min=0.000000 max=0.529943
2025-08-26T11:35:42Z - INFO - [train_model] Epoch 017 | train (price) MSE=0.000410 MAE=0.014754 RMSE=0.020248 | val (price) MSE=0.000501 MAE=0.015294 RMSE=0.022391
2025-08-26T11:35:42Z - INFO - [train_model] New best (price) val MSE=0.000501 at epoch 17; saved → /home/tbfs/Projects/finBert/output/20250826-073528/saved_weights/EWI/EWI_best-epoch017.pt
2025-08-26T11:35:42Z - INFO - [train_model] Epoch 018 | train (scaled) MSE: mean=0.012671 med=0.003757 std=0.028469 min=0.000000 max=0.264008 | val (scaled) MSE: mean=0.015446 med=0.004140 std=0.058491 min=0.000000 max=0.518183
2025-08-26T11:35:42Z - INFO - [train_model] Epoch 018 | train (price) MSE=0.000404 MAE=0.014627 RMSE=0.020108 | val (price) MSE=0.000493 MAE=0.015196 RMSE=0.022200
2025-08-26T11:35:42Z - INFO - [train_model] New best (price) val MSE=0.000493 at epoch 18; saved → /home/tbfs/Projects/finBert/output/20250826-073528/saved_weights/EWI/EWI_best-epoch018.pt
2025-08-26T11:35:43Z - INFO - [train_model] Epoch 019 | train (scaled) MSE: mean=0.012553 med=0.003937 std=0.028135 min=0.000000 max=0.267091 | val (scaled) MSE: mean=0.015228 med=0.003839 std=0.057300 min=0.000000 max=0.507583
2025-08-26T11:35:43Z - INFO - [train_model] Epoch 019 | train (price) MSE=0.000401 MAE=0.014540 RMSE=0.020013 | val (price) MSE=0.000486 MAE=0.015146 RMSE=0.022043
2025-08-26T11:35:43Z - INFO - [train_model] New best (price) val MSE=0.000486 at epoch 19; saved → /home/tbfs/Projects/finBert/output/20250826-073528/saved_weights/EWI/EWI_best-epoch019.pt
2025-08-26T11:35:43Z - INFO - [train_model] Epoch 020 | train (scaled) MSE: mean=0.012411 med=0.003939 std=0.027776 min=0.000000 max=0.265163 | val (scaled) MSE: mean=0.015104 med=0.003856 std=0.056200 min=0.000000 max=0.497369
2025-08-26T11:35:43Z - INFO - [train_model] Epoch 020 | train (price) MSE=0.000396 MAE=0.014445 RMSE=0.019900 | val (price) MSE=0.000482 MAE=0.015113 RMSE=0.021953
2025-08-26T11:35:43Z - INFO - [train_model] New best (price) val MSE=0.000482 at epoch 20; saved → /home/tbfs/Projects/finBert/output/20250826-073528/saved_weights/EWI/EWI_best-epoch020.pt
2025-08-26T11:35:44Z - INFO - [train_model] Epoch 021 | train (scaled) MSE: mean=0.012314 med=0.003734 std=0.027546 min=0.000000 max=0.272032 | val (scaled) MSE: mean=0.015111 med=0.004056 std=0.055435 min=0.000008 max=0.490055
2025-08-26T11:35:44Z - INFO - [train_model] Epoch 021 | train (price) MSE=0.000393 MAE=0.014381 RMSE=0.019822 | val (price) MSE=0.000482 MAE=0.015158 RMSE=0.021958
2025-08-26T11:35:44Z - INFO - [train_model] Epoch 022 | train (scaled) MSE: mean=0.012254 med=0.003924 std=0.027254 min=0.000000 max=0.271042 | val (scaled) MSE: mean=0.015107 med=0.004570 std=0.054555 min=0.000013 max=0.481696
2025-08-26T11:35:44Z - INFO - [train_model] Epoch 022 | train (price) MSE=0.000391 MAE=0.014367 RMSE=0.019774 | val (price) MSE=0.000482 MAE=0.015171 RMSE=0.021956
2025-08-26T11:35:45Z - INFO - [train_model] Epoch 023 | train (scaled) MSE: mean=0.012197 med=0.003911 std=0.027154 min=0.000000 max=0.275788 | val (scaled) MSE: mean=0.014970 med=0.004636 std=0.054773 min=0.000009 max=0.484079
2025-08-26T11:35:45Z - INFO - [train_model] Epoch 023 | train (price) MSE=0.000389 MAE=0.014309 RMSE=0.019728 | val (price) MSE=0.000478 MAE=0.015054 RMSE=0.021855
2025-08-26T11:35:45Z - INFO - [train_model] New best (price) val MSE=0.000478 at epoch 23; saved → /home/tbfs/Projects/finBert/output/20250826-073528/saved_weights/EWI/EWI_best-epoch023.pt
2025-08-26T11:35:45Z - INFO - [train_model] Epoch 024 | train (scaled) MSE: mean=0.012138 med=0.003888 std=0.026954 min=0.000000 max=0.275726 | val (scaled) MSE: mean=0.015035 med=0.004606 std=0.053568 min=0.000011 max=0.472192
2025-08-26T11:35:45Z - INFO - [train_model] Epoch 024 | train (price) MSE=0.000387 MAE=0.014290 RMSE=0.019680 | val (price) MSE=0.000480 MAE=0.015095 RMSE=0.021903
2025-08-26T11:35:46Z - INFO - [train_model] Epoch 025 | train (scaled) MSE: mean=0.012074 med=0.003806 std=0.026649 min=0.000000 max=0.272239 | val (scaled) MSE: mean=0.015064 med=0.004897 std=0.053415 min=0.000002 max=0.470355
2025-08-26T11:35:46Z - INFO - [train_model] Epoch 025 | train (price) MSE=0.000385 MAE=0.014274 RMSE=0.019628 | val (price) MSE=0.000481 MAE=0.015079 RMSE=0.021924
2025-08-26T11:35:46Z - INFO - [train_model] Epoch 026 | train (scaled) MSE: mean=0.012012 med=0.003867 std=0.026754 min=0.000000 max=0.281193 | val (scaled) MSE: mean=0.015214 med=0.004857 std=0.053294 min=0.000043 max=0.468588
2025-08-26T11:35:46Z - INFO - [train_model] Epoch 026 | train (price) MSE=0.000383 MAE=0.014226 RMSE=0.019577 | val (price) MSE=0.000485 MAE=0.015134 RMSE=0.022033
2025-08-26T11:35:46Z - INFO - [train_model] Epoch 027 | train (scaled) MSE: mean=0.011968 med=0.003719 std=0.026619 min=0.000000 max=0.279874 | val (scaled) MSE: mean=0.015004 med=0.004314 std=0.053174 min=0.000002 max=0.468359
2025-08-26T11:35:46Z - INFO - [train_model] Epoch 027 | train (price) MSE=0.000382 MAE=0.014214 RMSE=0.019542 | val (price) MSE=0.000479 MAE=0.014914 RMSE=0.021881
2025-08-26T11:35:47Z - INFO - [train_model] Epoch 028 | train (scaled) MSE: mean=0.011982 med=0.003771 std=0.026384 min=0.000000 max=0.279042 | val (scaled) MSE: mean=0.015041 med=0.003622 std=0.054307 min=0.000011 max=0.479024
2025-08-26T11:35:47Z - INFO - [train_model] Epoch 028 | train (price) MSE=0.000382 MAE=0.014267 RMSE=0.019553 | val (price) MSE=0.000480 MAE=0.014889 RMSE=0.021907
2025-08-26T11:35:47Z - INFO - [train_model] Epoch 029 | train (scaled) MSE: mean=0.011955 med=0.003787 std=0.025860 min=0.000000 max=0.264156 | val (scaled) MSE: mean=0.015181 med=0.004369 std=0.054428 min=0.000000 max=0.479546
2025-08-26T11:35:47Z - INFO - [train_model] Epoch 029 | train (price) MSE=0.000381 MAE=0.014274 RMSE=0.019531 | val (price) MSE=0.000484 MAE=0.014943 RMSE=0.022009
2025-08-26T11:35:48Z - INFO - [train_model] Epoch 030 | train (scaled) MSE: mean=0.011816 med=0.003773 std=0.025633 min=0.000000 max=0.259554 | val (scaled) MSE: mean=0.015342 med=0.004054 std=0.055119 min=0.000010 max=0.485555
2025-08-26T11:35:48Z - INFO - [train_model] Epoch 030 | train (price) MSE=0.000377 MAE=0.014230 RMSE=0.019417 | val (price) MSE=0.000490 MAE=0.014911 RMSE=0.022126
2025-08-26T11:35:48Z - INFO - [train_model] Epoch 031 | train (scaled) MSE: mean=0.011827 med=0.003964 std=0.025642 min=0.000000 max=0.268431 | val (scaled) MSE: mean=0.015309 med=0.004087 std=0.054775 min=0.000009 max=0.482711
2025-08-26T11:35:48Z - INFO - [train_model] Epoch 031 | train (price) MSE=0.000377 MAE=0.014234 RMSE=0.019426 | val (price) MSE=0.000488 MAE=0.014902 RMSE=0.022101
2025-08-26T11:35:49Z - INFO - [train_model] Epoch 032 | train (scaled) MSE: mean=0.011656 med=0.003729 std=0.025258 min=0.000000 max=0.255845 | val (scaled) MSE: mean=0.015268 med=0.003800 std=0.055625 min=0.000002 max=0.491065
2025-08-26T11:35:49Z - INFO - [train_model] Epoch 032 | train (price) MSE=0.000372 MAE=0.014149 RMSE=0.019285 | val (price) MSE=0.000487 MAE=0.014809 RMSE=0.022072
2025-08-26T11:35:49Z - INFO - [train_model] Epoch 033 | train (scaled) MSE: mean=0.011567 med=0.003734 std=0.025367 min=0.000000 max=0.268641 | val (scaled) MSE: mean=0.015586 med=0.003891 std=0.056670 min=0.000000 max=0.500339
2025-08-26T11:35:49Z - INFO - [train_model] Epoch 033 | train (price) MSE=0.000369 MAE=0.014087 RMSE=0.019211 | val (price) MSE=0.000497 MAE=0.014893 RMSE=0.022300
2025-08-26T11:35:50Z - INFO - [train_model] Epoch 034 | train (scaled) MSE: mean=0.011573 med=0.003689 std=0.024940 min=0.000000 max=0.258319 | val (scaled) MSE: mean=0.015529 med=0.003834 std=0.057231 min=0.000004 max=0.505597
2025-08-26T11:35:50Z - INFO - [train_model] Epoch 034 | train (price) MSE=0.000369 MAE=0.014110 RMSE=0.019216 | val (price) MSE=0.000496 MAE=0.014831 RMSE=0.022260
2025-08-26T11:35:50Z - INFO - [train_model] Epoch 035 | train (scaled) MSE: mean=0.011478 med=0.003575 std=0.024707 min=0.000000 max=0.257627 | val (scaled) MSE: mean=0.015777 med=0.003852 std=0.058793 min=0.000000 max=0.520078
2025-08-26T11:35:50Z - INFO - [train_model] Epoch 035 | train (price) MSE=0.000366 MAE=0.014109 RMSE=0.019138 | val (price) MSE=0.000503 MAE=0.014983 RMSE=0.022437
2025-08-26T11:35:51Z - INFO - [train_model] Epoch 036 | train (scaled) MSE: mean=0.011302 med=0.003683 std=0.024480 min=0.000000 max=0.262468 | val (scaled) MSE: mean=0.015583 med=0.003395 std=0.057374 min=0.000003 max=0.506772
2025-08-26T11:35:51Z - INFO - [train_model] Epoch 036 | train (price) MSE=0.000361 MAE=0.013988 RMSE=0.018990 | val (price) MSE=0.000497 MAE=0.014851 RMSE=0.022299
2025-08-26T11:35:51Z - INFO - [train_model] Epoch 037 | train (scaled) MSE: mean=0.011287 med=0.003609 std=0.024442 min=0.000001 max=0.267074 | val (scaled) MSE: mean=0.016186 med=0.003847 std=0.059262 min=0.000000 max=0.523620
2025-08-26T11:35:51Z - INFO - [train_model] Epoch 037 | train (price) MSE=0.000360 MAE=0.013981 RMSE=0.018977 | val (price) MSE=0.000516 MAE=0.015220 RMSE=0.022726
2025-08-26T11:35:52Z - INFO - [train_model] Epoch 038 | train (scaled) MSE: mean=0.011218 med=0.003621 std=0.024480 min=0.000000 max=0.271658 | val (scaled) MSE: mean=0.015695 med=0.003478 std=0.058747 min=0.000000 max=0.520045
2025-08-26T11:35:52Z - INFO - [train_model] Epoch 038 | train (price) MSE=0.000358 MAE=0.013962 RMSE=0.018919 | val (price) MSE=0.000501 MAE=0.015014 RMSE=0.022379
2025-08-26T11:35:52Z - INFO - [train_model] Epoch 039 | train (scaled) MSE: mean=0.011105 med=0.003848 std=0.023967 min=0.000000 max=0.266433 | val (scaled) MSE: mean=0.015511 med=0.003366 std=0.058397 min=0.000009 max=0.517257
2025-08-26T11:35:52Z - INFO - [train_model] Epoch 039 | train (price) MSE=0.000354 MAE=0.013920 RMSE=0.018824 | val (price) MSE=0.000495 MAE=0.014947 RMSE=0.022247
2025-08-26T11:35:53Z - INFO - [train_model] Epoch 040 | train (scaled) MSE: mean=0.011104 med=0.003708 std=0.024309 min=0.000000 max=0.269287 | val (scaled) MSE: mean=0.015907 med=0.003605 std=0.058752 min=0.000000 max=0.520155
2025-08-26T11:35:53Z - INFO - [train_model] Epoch 040 | train (price) MSE=0.000354 MAE=0.013863 RMSE=0.018823 | val (price) MSE=0.000508 MAE=0.015161 RMSE=0.022529
2025-08-26T11:35:53Z - INFO - [train_model] Epoch 041 | train (scaled) MSE: mean=0.011020 med=0.003824 std=0.023974 min=0.000000 max=0.266435 | val (scaled) MSE: mean=0.015357 med=0.003324 std=0.057718 min=0.000003 max=0.511285
2025-08-26T11:35:53Z - INFO - [train_model] Epoch 041 | train (price) MSE=0.000352 MAE=0.013880 RMSE=0.018752 | val (price) MSE=0.000490 MAE=0.014872 RMSE=0.022136
2025-08-26T11:35:54Z - INFO - [train_model] Epoch 042 | train (scaled) MSE: mean=0.010881 med=0.003699 std=0.023403 min=0.000000 max=0.272116 | val (scaled) MSE: mean=0.016231 med=0.003474 std=0.058367 min=0.000000 max=0.515876
2025-08-26T11:35:54Z - INFO - [train_model] Epoch 042 | train (price) MSE=0.000347 MAE=0.013820 RMSE=0.018633 | val (price) MSE=0.000518 MAE=0.015426 RMSE=0.022758
2025-08-26T11:35:54Z - INFO - [train_model] Epoch 043 | train (scaled) MSE: mean=0.010834 med=0.003828 std=0.023274 min=0.000000 max=0.262937 | val (scaled) MSE: mean=0.015205 med=0.003279 std=0.056719 min=0.000019 max=0.501802
2025-08-26T11:35:54Z - INFO - [train_model] Epoch 043 | train (price) MSE=0.000346 MAE=0.013779 RMSE=0.018593 | val (price) MSE=0.000485 MAE=0.014817 RMSE=0.022026
2025-08-26T11:35:55Z - INFO - [train_model] Epoch 044 | train (scaled) MSE: mean=0.010786 med=0.003680 std=0.023446 min=0.000000 max=0.273483 | val (scaled) MSE: mean=0.015247 med=0.003385 std=0.055311 min=0.000002 max=0.487838
2025-08-26T11:35:55Z - INFO - [train_model] Epoch 044 | train (price) MSE=0.000344 MAE=0.013765 RMSE=0.018552 | val (price) MSE=0.000487 MAE=0.014842 RMSE=0.022057
2025-08-26T11:35:55Z - INFO - [train_model] Epoch 045 | train (scaled) MSE: mean=0.010628 med=0.003506 std=0.023244 min=0.000000 max=0.268770 | val (scaled) MSE: mean=0.015308 med=0.003893 std=0.054696 min=0.000000 max=0.482478
2025-08-26T11:35:55Z - INFO - [train_model] Epoch 045 | train (price) MSE=0.000339 MAE=0.013629 RMSE=0.018416 | val (price) MSE=0.000488 MAE=0.015022 RMSE=0.022101
2025-08-26T11:35:56Z - INFO - [train_model] Epoch 046 | train (scaled) MSE: mean=0.010630 med=0.003704 std=0.023336 min=0.000000 max=0.273231 | val (scaled) MSE: mean=0.015642 med=0.003258 std=0.055804 min=0.000001 max=0.492374
2025-08-26T11:35:56Z - INFO - [train_model] Epoch 046 | train (price) MSE=0.000339 MAE=0.013605 RMSE=0.018417 | val (price) MSE=0.000499 MAE=0.015128 RMSE=0.022341
2025-08-26T11:35:56Z - INFO - [train_model] Epoch 047 | train (scaled) MSE: mean=0.010361 med=0.003384 std=0.022857 min=0.000000 max=0.264759 | val (scaled) MSE: mean=0.015300 med=0.003030 std=0.054369 min=0.000004 max=0.479609
2025-08-26T11:35:56Z - INFO - [train_model] Epoch 047 | train (price) MSE=0.000331 MAE=0.013483 RMSE=0.018183 | val (price) MSE=0.000488 MAE=0.015033 RMSE=0.022095
2025-08-26T11:35:57Z - INFO - [train_model] Epoch 048 | train (scaled) MSE: mean=0.010412 med=0.003372 std=0.022973 min=0.000000 max=0.280319 | val (scaled) MSE: mean=0.015584 med=0.003914 std=0.054385 min=0.000000 max=0.479237
2025-08-26T11:35:57Z - INFO - [train_model] Epoch 048 | train (price) MSE=0.000332 MAE=0.013485 RMSE=0.018227 | val (price) MSE=0.000497 MAE=0.015250 RMSE=0.022299
2025-08-26T11:35:57Z - INFO - [train_model] Epoch 049 | train (scaled) MSE: mean=0.010189 med=0.003391 std=0.022812 min=0.000000 max=0.270502 | val (scaled) MSE: mean=0.015681 med=0.002662 std=0.053421 min=0.000000 max=0.468288
2025-08-26T11:35:57Z - INFO - [train_model] Epoch 049 | train (price) MSE=0.000325 MAE=0.013271 RMSE=0.018031 | val (price) MSE=0.000500 MAE=0.015193 RMSE=0.022368
2025-08-26T11:35:58Z - INFO - [train_model] Epoch 050 | train (scaled) MSE: mean=0.010175 med=0.003387 std=0.022434 min=0.000000 max=0.258787 | val (scaled) MSE: mean=0.015533 med=0.002889 std=0.053412 min=0.000001 max=0.469893
2025-08-26T11:35:58Z - INFO - [train_model] Epoch 050 | train (price) MSE=0.000325 MAE=0.013303 RMSE=0.018018 | val (price) MSE=0.000496 MAE=0.015181 RMSE=0.022263
2025-08-26T11:35:58Z - INFO - [train_model] Epoch 051 | train (scaled) MSE: mean=0.010014 med=0.003362 std=0.022253 min=0.000000 max=0.259861 | val (scaled) MSE: mean=0.015748 med=0.002465 std=0.053893 min=0.000007 max=0.472572
2025-08-26T11:35:58Z - INFO - [train_model] Epoch 051 | train (price) MSE=0.000320 MAE=0.013203 RMSE=0.017875 | val (price) MSE=0.000502 MAE=0.015154 RMSE=0.022416
2025-08-26T11:35:59Z - INFO - [train_model] Epoch 052 | train (scaled) MSE: mean=0.009918 med=0.003297 std=0.021643 min=0.000000 max=0.252809 | val (scaled) MSE: mean=0.016212 med=0.003066 std=0.053343 min=0.000001 max=0.466888
2025-08-26T11:35:59Z - INFO - [train_model] Epoch 052 | train (price) MSE=0.000316 MAE=0.013145 RMSE=0.017789 | val (price) MSE=0.000517 MAE=0.015563 RMSE=0.022744
2025-08-26T11:35:59Z - INFO - [train_model] Epoch 053 | train (scaled) MSE: mean=0.009869 med=0.003334 std=0.021949 min=0.000000 max=0.252617 | val (scaled) MSE: mean=0.016660 med=0.003523 std=0.051631 min=0.000001 max=0.445354
2025-08-26T11:35:59Z - INFO - [train_model] Epoch 053 | train (price) MSE=0.000315 MAE=0.013099 RMSE=0.017746 | val (price) MSE=0.000532 MAE=0.015818 RMSE=0.023056
2025-08-26T11:36:00Z - INFO - [train_model] Epoch 054 | train (scaled) MSE: mean=0.009874 med=0.003283 std=0.021961 min=0.000000 max=0.252648 | val (scaled) MSE: mean=0.016304 med=0.003018 std=0.051380 min=0.000014 max=0.447008
2025-08-26T11:36:00Z - INFO - [train_model] Epoch 054 | train (price) MSE=0.000315 MAE=0.013106 RMSE=0.017750 | val (price) MSE=0.000520 MAE=0.015792 RMSE=0.022808
2025-08-26T11:36:00Z - INFO - [train_model] Epoch 055 | train (scaled) MSE: mean=0.009927 med=0.003455 std=0.022125 min=0.000000 max=0.258706 | val (scaled) MSE: mean=0.017758 med=0.003815 std=0.051536 min=0.000000 max=0.438330
2025-08-26T11:36:00Z - INFO - [train_model] Epoch 055 | train (price) MSE=0.000317 MAE=0.013107 RMSE=0.017798 | val (price) MSE=0.000567 MAE=0.016537 RMSE=0.023804
2025-08-26T11:36:01Z - INFO - [train_model] Epoch 056 | train (scaled) MSE: mean=0.009571 med=0.003289 std=0.021924 min=0.000000 max=0.262412 | val (scaled) MSE: mean=0.018813 med=0.004119 std=0.050253 min=0.000004 max=0.412108
2025-08-26T11:36:01Z - INFO - [train_model] Epoch 056 | train (price) MSE=0.000305 MAE=0.012822 RMSE=0.017475 | val (price) MSE=0.000600 MAE=0.016868 RMSE=0.024501
2025-08-26T11:36:01Z - INFO - [train_model] Epoch 057 | train (scaled) MSE: mean=0.009837 med=0.003152 std=0.021901 min=0.000000 max=0.261128 | val (scaled) MSE: mean=0.017736 med=0.003758 std=0.054282 min=0.000002 max=0.467582
2025-08-26T11:36:01Z - INFO - [train_model] Epoch 057 | train (price) MSE=0.000314 MAE=0.013021 RMSE=0.017717 | val (price) MSE=0.000566 MAE=0.016346 RMSE=0.023789
2025-08-26T11:36:02Z - INFO - [train_model] Epoch 058 | train (scaled) MSE: mean=0.009647 med=0.003183 std=0.022191 min=0.000000 max=0.267857 | val (scaled) MSE: mean=0.018106 med=0.003491 std=0.051651 min=0.000000 max=0.435408
2025-08-26T11:36:02Z - INFO - [train_model] Epoch 058 | train (price) MSE=0.000308 MAE=0.012842 RMSE=0.017545 | val (price) MSE=0.000578 MAE=0.016570 RMSE=0.024036
2025-08-26T11:36:02Z - INFO - [train_model] Epoch 059 | train (scaled) MSE: mean=0.009717 med=0.003181 std=0.021786 min=0.000000 max=0.269523 | val (scaled) MSE: mean=0.017759 med=0.003837 std=0.051237 min=0.000000 max=0.435890
2025-08-26T11:36:02Z - INFO - [train_model] Epoch 059 | train (price) MSE=0.000310 MAE=0.012967 RMSE=0.017608 | val (price) MSE=0.000567 MAE=0.016621 RMSE=0.023804
2025-08-26T11:36:03Z - INFO - [train_model] Epoch 060 | train (scaled) MSE: mean=0.009366 med=0.002896 std=0.020994 min=0.000000 max=0.244187 | val (scaled) MSE: mean=0.018473 med=0.004687 std=0.053961 min=0.000032 max=0.461069
2025-08-26T11:36:03Z - INFO - [train_model] Epoch 060 | train (price) MSE=0.000299 MAE=0.012719 RMSE=0.017288 | val (price) MSE=0.000589 MAE=0.016797 RMSE=0.024278
2025-08-26T11:36:03Z - INFO - [train_model] Epoch 061 | train (scaled) MSE: mean=0.009509 med=0.003169 std=0.021671 min=0.000000 max=0.263068 | val (scaled) MSE: mean=0.017452 med=0.003925 std=0.053378 min=0.000010 max=0.461074
2025-08-26T11:36:03Z - INFO - [train_model] Epoch 061 | train (price) MSE=0.000303 MAE=0.012782 RMSE=0.017418 | val (price) MSE=0.000557 MAE=0.016205 RMSE=0.023598
2025-08-26T11:36:04Z - INFO - [train_model] Epoch 062 | train (scaled) MSE: mean=0.009463 med=0.002978 std=0.021728 min=0.000000 max=0.258850 | val (scaled) MSE: mean=0.017388 med=0.004134 std=0.051747 min=0.000002 max=0.444918
2025-08-26T11:36:04Z - INFO - [train_model] Epoch 062 | train (price) MSE=0.000302 MAE=0.012742 RMSE=0.017377 | val (price) MSE=0.000555 MAE=0.016150 RMSE=0.023555
2025-08-26T11:36:04Z - INFO - [train_model] Epoch 063 | train (scaled) MSE: mean=0.009138 med=0.002920 std=0.020896 min=0.000000 max=0.265599 | val (scaled) MSE: mean=0.018760 med=0.003550 std=0.053286 min=0.000000 max=0.444446
2025-08-26T11:36:04Z - INFO - [train_model] Epoch 063 | train (price) MSE=0.000292 MAE=0.012591 RMSE=0.017076 | val (price) MSE=0.000599 MAE=0.016399 RMSE=0.024466
2025-08-26T11:36:04Z - INFO - [train_model] Early stopping at epoch 63 (best price val MSE=0.000478 @ epoch 23)
2025-08-26T11:36:04Z - INFO - [visualize_full_prediction] Saved full prediction plot for EWI to output/20250826-073528/plots/EWI_finbert-tabmlp_full_returns_prediction.png
2025-08-26T11:36:04Z - INFO - [visualize_sentiment] Saved sentiment plot for EWI to output/20250826-073528/plots/EWI_sentiment.png
2025-08-26T11:36:04Z - INFO - [train] [EWI] Test (price) MSE=0.000500 | MAE=0.017887 | RMSE=0.022361 (scaled MSE=0.015670)
2025-08-26T11:36:04Z - INFO - [train] [EWI] Final (price) Train MSE=0.000292 | Val MSE=0.000599 (scaled Train MSE=0.009138 | Val MSE=0.018760)
2025-08-26T11:36:04Z - INFO - [train] [EWI] Best epoch=23 | Best (price) Train MSE=0.000389 | Best (price) Val MSE=0.000478 | Saved at=/home/tbfs/Projects/finBert/output/20250826-073528/saved_weights/EWI/EWI_best-epoch023.pt
2025-08-26T11:36:04Z - INFO - [train] Wrote evaluation summary → output/20250826-073528/evaluation.json
