2025-08-28T18:09:30Z - INFO - [Pipeline::__init__] Loaded news dataframe with columns=['title', 'date', 'stock'] shape=(1277896, 3).
2025-08-28T18:09:31Z - INFO - [SentimentGenerator::_load] Loaded precomputed sentiment from /home/tbfs/Projects/finBert/output/20250823-140342/sentiment_daily.csv
2025-08-28T18:09:31Z - INFO - [train] Training predictor for ticker: ['ACAM', 'BMY', 'EBAY', 'EWI', 'BABA', 'DAL', 'JNJ', 'NFLX', 'TSLA']
2025-08-28T18:09:31Z - WARNING - [process_ticker] Skipping ACAM: price file is empty after loading (/home/tbfs/Projects/finBert/yf/ACAM.csv)
2025-08-28T18:09:31Z - INFO - [process_ticker] Loaded prices for BABA with columns=['date', 'open', 'high', 'low', 'close', 'volume', 'Dividends', 'Stock Splits'] shape=(1330, 8).
2025-08-28T18:09:31Z - INFO - [process_ticker] Loaded prices for BMY with columns=['date', 'open', 'high', 'low', 'close', 'volume', 'Dividends', 'Stock Splits'] shape=(2516, 8).
2025-08-28T18:09:31Z - INFO - [process_ticker] Loaded prices for EWI with columns=['date', 'open', 'high', 'low', 'close', 'volume', 'Dividends', 'Stock Splits', 'Capital Gains'] shape=(2516, 9).
2025-08-28T18:09:31Z - INFO - [process_ticker] Loaded prices for NFLX with columns=['date', 'open', 'high', 'low', 'close', 'volume', 'Dividends', 'Stock Splits'] shape=(2516, 8).
2025-08-28T18:09:31Z - INFO - [process_ticker] Loaded prices for EBAY with columns=['date', 'open', 'high', 'low', 'close', 'volume', 'Dividends', 'Stock Splits'] shape=(2516, 8).
2025-08-28T18:09:31Z - INFO - [process_ticker] Loaded prices for DAL with columns=['date', 'open', 'high', 'low', 'close', 'volume', 'Dividends', 'Stock Splits'] shape=(2516, 8).
2025-08-28T18:09:31Z - INFO - [process_ticker] Loaded prices for TSLA with columns=['date', 'open', 'high', 'low', 'close', 'volume', 'Dividends', 'Stock Splits'] shape=(2394, 8).
2025-08-28T18:09:31Z - INFO - [process_ticker] Loaded prices for JNJ with columns=['date', 'open', 'high', 'low', 'close', 'volume', 'Dividends', 'Stock Splits'] shape=(2516, 8).
2025-08-28T18:09:31Z - INFO - [train] feat_cols=['Open', 'High', 'Low', 'Volume', 'Close']
2025-08-28T18:09:31Z - INFO - [train] Combined supervised dataframe shape: (18812, 14)
2025-08-28T18:09:31Z - INFO - [SequenceDataset::__init__] len(self.valid_indices)=12 out of len(df_)=18812 samples are valid for lookback=60 with sentiment_col=SentimentScore
2025-08-28T18:09:31Z - INFO - [SequenceDataset::__init__] len(self.valid_indices)=4 out of len(df_)=18812 samples are valid for lookback=60 with sentiment_col=SentimentScore
2025-08-28T18:09:31Z - INFO - [SequenceDataset::__init__] len(self.valid_indices)=5 out of len(df_)=18812 samples are valid for lookback=60 with sentiment_col=SentimentScore
2025-08-28T18:09:31Z - INFO - [train_model] Epoch 001 | train (scaled) MSE: mean=0.305122 med=0.163475 std=0.409943 min=0.010947 max=1.220005 | val (scaled) MSE: mean=0.052851 med=0.055781 std=0.012224 min=0.034163 max=0.065679
2025-08-28T18:09:31Z - INFO - [train_model] Epoch 001 | train (price) MSE=49.486538 MAE=5.474103 RMSE=7.034667 | val (price) MSE=8.571676 MAE=2.906290 RMSE=2.927743
2025-08-28T18:09:31Z - INFO - [train_model] New best (price) val MSE=8.571676 at epoch 1; saved → /home/tbfs/Projects/finBert/output/20250828-140926/saved_weights/all_tickers/all_tickers_best-epoch001.pt
2025-08-28T18:09:31Z - INFO - [train_model] Epoch 002 | train (scaled) MSE: mean=0.304104 med=0.162980 std=0.408927 min=0.010697 max=1.217069 | val (scaled) MSE: mean=0.052331 med=0.055244 std=0.012161 min=0.033742 max=0.065095
2025-08-28T18:09:31Z - INFO - [train_model] Epoch 002 | train (price) MSE=49.321472 MAE=5.459644 RMSE=7.022925 | val (price) MSE=8.487400 MAE=2.891754 RMSE=2.913314
2025-08-28T18:09:31Z - INFO - [train_model] New best (price) val MSE=8.487400 at epoch 2; saved → /home/tbfs/Projects/finBert/output/20250828-140926/saved_weights/all_tickers/all_tickers_best-epoch002.pt
2025-08-28T18:09:31Z - INFO - [train_model] Epoch 003 | train (scaled) MSE: mean=0.303228 med=0.161917 std=0.408555 min=0.010369 max=1.215938 | val (scaled) MSE: mean=0.051787 med=0.054682 std=0.012095 min=0.033301 max=0.064484
2025-08-28T18:09:31Z - INFO - [train_model] Epoch 003 | train (price) MSE=49.179317 MAE=5.444248 RMSE=7.012797 | val (price) MSE=8.399209 MAE=2.876464 RMSE=2.898139
2025-08-28T18:09:31Z - INFO - [train_model] New best (price) val MSE=8.399209 at epoch 3; saved → /home/tbfs/Projects/finBert/output/20250828-140926/saved_weights/all_tickers/all_tickers_best-epoch003.pt
2025-08-28T18:09:31Z - INFO - [train_model] Epoch 004 | train (scaled) MSE: mean=0.302208 med=0.160689 std=0.407778 min=0.010231 max=1.213241 | val (scaled) MSE: mean=0.051282 med=0.054160 std=0.012032 min=0.032893 max=0.063915
2025-08-28T18:09:31Z - INFO - [train_model] Epoch 004 | train (price) MSE=49.013935 MAE=5.429182 RMSE=7.000995 | val (price) MSE=8.317177 MAE=2.862169 RMSE=2.883952
2025-08-28T18:09:31Z - INFO - [train_model] New best (price) val MSE=8.317177 at epoch 4; saved → /home/tbfs/Projects/finBert/output/20250828-140926/saved_weights/all_tickers/all_tickers_best-epoch004.pt
2025-08-28T18:09:31Z - INFO - [train_model] Epoch 005 | train (scaled) MSE: mean=0.301133 med=0.160091 std=0.406526 min=0.010021 max=1.209496 | val (scaled) MSE: mean=0.050812 med=0.053674 std=0.011974 min=0.032513 max=0.063386
2025-08-28T18:09:31Z - INFO - [train_model] Epoch 005 | train (price) MSE=48.839497 MAE=5.415962 RMSE=6.988526 | val (price) MSE=8.240936 MAE=2.848818 RMSE=2.870703
2025-08-28T18:09:31Z - INFO - [train_model] New best (price) val MSE=8.240936 at epoch 5; saved → /home/tbfs/Projects/finBert/output/20250828-140926/saved_weights/all_tickers/all_tickers_best-epoch005.pt
2025-08-28T18:09:31Z - INFO - [train_model] Epoch 006 | train (scaled) MSE: mean=0.300253 med=0.159519 std=0.406123 min=0.009682 max=1.208385 | val (scaled) MSE: mean=0.050281 med=0.053125 std=0.011909 min=0.032085 max=0.062789
2025-08-28T18:09:31Z - INFO - [train_model] Epoch 006 | train (price) MSE=48.696865 MAE=5.401165 RMSE=6.978314 | val (price) MSE=8.154923 MAE=2.833681 RMSE=2.855683
2025-08-28T18:09:31Z - INFO - [train_model] New best (price) val MSE=8.154923 at epoch 6; saved → /home/tbfs/Projects/finBert/output/20250828-140926/saved_weights/all_tickers/all_tickers_best-epoch006.pt
2025-08-28T18:09:31Z - INFO - [train_model] Epoch 007 | train (scaled) MSE: mean=0.299185 med=0.158694 std=0.404948 min=0.009626 max=1.204425 | val (scaled) MSE: mean=0.049792 med=0.052619 std=0.011847 min=0.031691 max=0.062238
2025-08-28T18:09:31Z - INFO - [train_model] Epoch 007 | train (price) MSE=48.523655 MAE=5.386908 RMSE=6.965892 | val (price) MSE=8.075532 MAE=2.819637 RMSE=2.841748
2025-08-28T18:09:31Z - INFO - [train_model] New best (price) val MSE=8.075532 at epoch 7; saved → /home/tbfs/Projects/finBert/output/20250828-140926/saved_weights/all_tickers/all_tickers_best-epoch007.pt
2025-08-28T18:09:32Z - INFO - [train_model] Epoch 008 | train (scaled) MSE: mean=0.298282 med=0.157521 std=0.404502 min=0.009291 max=1.202352 | val (scaled) MSE: mean=0.049253 med=0.052063 std=0.011780 min=0.031257 max=0.061631
2025-08-28T18:09:32Z - INFO - [train_model] Epoch 008 | train (price) MSE=48.377167 MAE=5.371597 RMSE=6.955370 | val (price) MSE=7.988211 MAE=2.804109 RMSE=2.826342
2025-08-28T18:09:32Z - INFO - [train_model] New best (price) val MSE=7.988211 at epoch 8; saved → /home/tbfs/Projects/finBert/output/20250828-140926/saved_weights/all_tickers/all_tickers_best-epoch008.pt
2025-08-28T18:09:32Z - INFO - [train_model] Epoch 009 | train (scaled) MSE: mean=0.297220 med=0.156961 std=0.403465 min=0.009033 max=1.199526 | val (scaled) MSE: mean=0.048752 med=0.051544 std=0.011717 min=0.030854 max=0.061065
2025-08-28T18:09:32Z - INFO - [train_model] Epoch 009 | train (price) MSE=48.204922 MAE=5.356544 RMSE=6.942976 | val (price) MSE=7.906843 MAE=2.789562 RMSE=2.811911
2025-08-28T18:09:32Z - INFO - [train_model] New best (price) val MSE=7.906843 at epoch 9; saved → /home/tbfs/Projects/finBert/output/20250828-140926/saved_weights/all_tickers/all_tickers_best-epoch009.pt
2025-08-28T18:09:32Z - INFO - [train_model] Epoch 010 | train (scaled) MSE: mean=0.296187 med=0.155703 std=0.402695 min=0.008960 max=1.197407 | val (scaled) MSE: mean=0.048269 med=0.051044 std=0.011655 min=0.030466 max=0.060520
2025-08-28T18:09:32Z - INFO - [train_model] Epoch 010 | train (price) MSE=48.037418 MAE=5.342125 RMSE=6.930903 | val (price) MSE=7.828492 MAE=2.775482 RMSE=2.797944
2025-08-28T18:09:32Z - INFO - [train_model] New best (price) val MSE=7.828492 at epoch 10; saved → /home/tbfs/Projects/finBert/output/20250828-140926/saved_weights/all_tickers/all_tickers_best-epoch010.pt
2025-08-28T18:09:32Z - INFO - [train_model] Epoch 011 | train (scaled) MSE: mean=0.295312 med=0.154856 std=0.402101 min=0.008630 max=1.194555 | val (scaled) MSE: mean=0.047716 med=0.050472 std=0.011585 min=0.030023 max=0.059896
2025-08-28T18:09:32Z - INFO - [train_model] Epoch 011 | train (price) MSE=47.895443 MAE=5.326637 RMSE=6.920653 | val (price) MSE=7.738819 MAE=2.759279 RMSE=2.781873
2025-08-28T18:09:32Z - INFO - [train_model] New best (price) val MSE=7.738819 at epoch 11; saved → /home/tbfs/Projects/finBert/output/20250828-140926/saved_weights/all_tickers/all_tickers_best-epoch011.pt
2025-08-28T18:09:32Z - INFO - [train_model] Epoch 012 | train (scaled) MSE: mean=0.294140 med=0.153957 std=0.400746 min=0.008371 max=1.190710 | val (scaled) MSE: mean=0.047255 med=0.049995 std=0.011526 min=0.029654 max=0.059375
2025-08-28T18:09:32Z - INFO - [train_model] Epoch 012 | train (price) MSE=47.705418 MAE=5.311527 RMSE=6.906911 | val (price) MSE=7.664078 MAE=2.745701 RMSE=2.768407
2025-08-28T18:09:32Z - INFO - [train_model] New best (price) val MSE=7.664078 at epoch 12; saved → /home/tbfs/Projects/finBert/output/20250828-140926/saved_weights/all_tickers/all_tickers_best-epoch012.pt
2025-08-28T18:09:32Z - INFO - [train_model] Epoch 013 | train (scaled) MSE: mean=0.293263 med=0.152860 std=0.400547 min=0.008183 max=1.189829 | val (scaled) MSE: mean=0.046711 med=0.049432 std=0.011456 min=0.029219 max=0.058760
2025-08-28T18:09:32Z - INFO - [train_model] Epoch 013 | train (price) MSE=47.563236 MAE=5.296566 RMSE=6.896610 | val (price) MSE=7.575889 MAE=2.729593 RMSE=2.752433
2025-08-28T18:09:32Z - INFO - [train_model] New best (price) val MSE=7.575889 at epoch 13; saved → /home/tbfs/Projects/finBert/output/20250828-140926/saved_weights/all_tickers/all_tickers_best-epoch013.pt
2025-08-28T18:09:32Z - INFO - [train_model] Epoch 014 | train (scaled) MSE: mean=0.292150 med=0.152319 std=0.399409 min=0.008019 max=1.185148 | val (scaled) MSE: mean=0.046227 med=0.048932 std=0.011393 min=0.028833 max=0.058213
2025-08-28T18:09:32Z - INFO - [train_model] Epoch 014 | train (price) MSE=47.382721 MAE=5.280956 RMSE=6.883511 | val (price) MSE=7.497412 MAE=2.715179 RMSE=2.738140
2025-08-28T18:09:32Z - INFO - [train_model] New best (price) val MSE=7.497412 at epoch 14; saved → /home/tbfs/Projects/finBert/output/20250828-140926/saved_weights/all_tickers/all_tickers_best-epoch014.pt
2025-08-28T18:09:32Z - INFO - [train_model] Epoch 015 | train (scaled) MSE: mean=0.291163 med=0.151162 std=0.398503 min=0.007839 max=1.183219 | val (scaled) MSE: mean=0.045735 med=0.048422 std=0.011328 min=0.028442 max=0.057656
2025-08-28T18:09:32Z - INFO - [train_model] Epoch 015 | train (price) MSE=47.222580 MAE=5.266461 RMSE=6.871869 | val (price) MSE=7.417601 MAE=2.700444 RMSE=2.723527
2025-08-28T18:09:32Z - INFO - [train_model] New best (price) val MSE=7.417601 at epoch 15; saved → /home/tbfs/Projects/finBert/output/20250828-140926/saved_weights/all_tickers/all_tickers_best-epoch015.pt
2025-08-28T18:09:32Z - INFO - [train_model] Epoch 016 | train (scaled) MSE: mean=0.290261 med=0.150259 std=0.397957 min=0.007688 max=1.180834 | val (scaled) MSE: mean=0.045193 med=0.047861 std=0.011257 min=0.028010 max=0.057042
2025-08-28T18:09:32Z - INFO - [train_model] Epoch 016 | train (price) MSE=47.076218 MAE=5.250491 RMSE=6.861211 | val (price) MSE=7.329703 MAE=2.684119 RMSE=2.707342
2025-08-28T18:09:32Z - INFO - [train_model] New best (price) val MSE=7.329703 at epoch 16; saved → /home/tbfs/Projects/finBert/output/20250828-140926/saved_weights/all_tickers/all_tickers_best-epoch016.pt
2025-08-28T18:09:32Z - INFO - [train_model] Epoch 017 | train (scaled) MSE: mean=0.289173 med=0.149628 std=0.397073 min=0.007306 max=1.178742 | val (scaled) MSE: mean=0.044716 med=0.047367 std=0.011195 min=0.027631 max=0.056501
2025-08-28T18:09:32Z - INFO - [train_model] Epoch 017 | train (price) MSE=46.899914 MAE=5.235314 RMSE=6.848351 | val (price) MSE=7.252378 MAE=2.669674 RMSE=2.693024
2025-08-28T18:09:32Z - INFO - [train_model] New best (price) val MSE=7.252378 at epoch 17; saved → /home/tbfs/Projects/finBert/output/20250828-140926/saved_weights/all_tickers/all_tickers_best-epoch017.pt
2025-08-28T18:09:32Z - INFO - [train_model] Epoch 018 | train (scaled) MSE: mean=0.288229 med=0.149080 std=0.396156 min=0.007165 max=1.176223 | val (scaled) MSE: mean=0.044207 med=0.046840 std=0.011127 min=0.027226 max=0.055924
2025-08-28T18:09:32Z - INFO - [train_model] Epoch 018 | train (price) MSE=46.746655 MAE=5.219709 RMSE=6.837153 | val (price) MSE=7.169835 MAE=2.654168 RMSE=2.677655
2025-08-28T18:09:32Z - INFO - [train_model] New best (price) val MSE=7.169835 at epoch 18; saved → /home/tbfs/Projects/finBert/output/20250828-140926/saved_weights/all_tickers/all_tickers_best-epoch018.pt
2025-08-28T18:09:32Z - INFO - [train_model] Epoch 019 | train (scaled) MSE: mean=0.287160 med=0.147792 std=0.395116 min=0.006987 max=1.172958 | val (scaled) MSE: mean=0.043739 med=0.046355 std=0.011065 min=0.026855 max=0.055393
2025-08-28T18:09:32Z - INFO - [train_model] Epoch 019 | train (price) MSE=46.573322 MAE=5.204611 RMSE=6.824465 | val (price) MSE=7.093895 MAE=2.639822 RMSE=2.663437
2025-08-28T18:09:32Z - INFO - [train_model] New best (price) val MSE=7.093895 at epoch 19; saved → /home/tbfs/Projects/finBert/output/20250828-140926/saved_weights/all_tickers/all_tickers_best-epoch019.pt
2025-08-28T18:09:32Z - INFO - [train_model] Epoch 020 | train (scaled) MSE: mean=0.286272 med=0.146839 std=0.394854 min=0.006747 max=1.171646 | val (scaled) MSE: mean=0.043217 med=0.045814 std=0.010995 min=0.026441 max=0.054800
2025-08-28T18:09:32Z - INFO - [train_model] Epoch 020 | train (price) MSE=46.429260 MAE=5.188723 RMSE=6.813902 | val (price) MSE=7.009235 MAE=2.623736 RMSE=2.647496
2025-08-28T18:09:32Z - INFO - [train_model] New best (price) val MSE=7.009235 at epoch 20; saved → /home/tbfs/Projects/finBert/output/20250828-140926/saved_weights/all_tickers/all_tickers_best-epoch020.pt
2025-08-28T18:09:32Z - INFO - [train_model] Epoch 021 | train (scaled) MSE: mean=0.285180 med=0.146234 std=0.393593 min=0.006516 max=1.167612 | val (scaled) MSE: mean=0.042737 med=0.045316 std=0.010931 min=0.026061 max=0.054253
2025-08-28T18:09:32Z - INFO - [train_model] Epoch 021 | train (price) MSE=46.252209 MAE=5.173708 RMSE=6.800898 | val (price) MSE=6.931302 MAE=2.608840 RMSE=2.632737
2025-08-28T18:09:32Z - INFO - [train_model] New best (price) val MSE=6.931302 at epoch 21; saved → /home/tbfs/Projects/finBert/output/20250828-140926/saved_weights/all_tickers/all_tickers_best-epoch021.pt
2025-08-28T18:09:32Z - INFO - [train_model] Epoch 022 | train (scaled) MSE: mean=0.284140 med=0.145178 std=0.392639 min=0.006467 max=1.163786 | val (scaled) MSE: mean=0.042265 med=0.044828 std=0.010867 min=0.025688 max=0.053717
2025-08-28T18:09:32Z - INFO - [train_model] Epoch 022 | train (price) MSE=46.083618 MAE=5.158275 RMSE=6.788492 | val (price) MSE=6.854808 MAE=2.594134 RMSE=2.618169
2025-08-28T18:09:32Z - INFO - [train_model] New best (price) val MSE=6.854808 at epoch 22; saved → /home/tbfs/Projects/finBert/output/20250828-140926/saved_weights/all_tickers/all_tickers_best-epoch022.pt
2025-08-28T18:09:32Z - INFO - [train_model] Epoch 023 | train (scaled) MSE: mean=0.283155 med=0.144488 std=0.391635 min=0.006185 max=1.161268 | val (scaled) MSE: mean=0.041763 med=0.044307 std=0.010798 min=0.025292 max=0.053145
2025-08-28T18:09:32Z - INFO - [train_model] Epoch 023 | train (price) MSE=45.923786 MAE=5.142691 RMSE=6.776709 | val (price) MSE=6.773396 MAE=2.578395 RMSE=2.602575
2025-08-28T18:09:32Z - INFO - [train_model] New best (price) val MSE=6.773396 at epoch 23; saved → /home/tbfs/Projects/finBert/output/20250828-140926/saved_weights/all_tickers/all_tickers_best-epoch023.pt
2025-08-28T18:09:32Z - INFO - [train_model] Epoch 024 | train (scaled) MSE: mean=0.282156 med=0.143469 std=0.391168 min=0.006088 max=1.158762 | val (scaled) MSE: mean=0.041242 med=0.043768 std=0.010727 min=0.024881 max=0.052552
2025-08-28T18:09:32Z - INFO - [train_model] Epoch 024 | train (price) MSE=45.761837 MAE=5.126153 RMSE=6.764750 | val (price) MSE=6.688895 MAE=2.561951 RMSE=2.586290
2025-08-28T18:09:32Z - INFO - [train_model] New best (price) val MSE=6.688895 at epoch 24; saved → /home/tbfs/Projects/finBert/output/20250828-140926/saved_weights/all_tickers/all_tickers_best-epoch024.pt
2025-08-28T18:09:32Z - INFO - [train_model] Epoch 025 | train (scaled) MSE: mean=0.281056 med=0.142373 std=0.390128 min=0.005780 max=1.157549 | val (scaled) MSE: mean=0.040746 med=0.043254 std=0.010659 min=0.024491 max=0.051987
2025-08-28T18:09:32Z - INFO - [train_model] Epoch 025 | train (price) MSE=45.583298 MAE=5.109505 RMSE=6.751540 | val (price) MSE=6.608489 MAE=2.546209 RMSE=2.570698
2025-08-28T18:09:32Z - INFO - [train_model] New best (price) val MSE=6.608489 at epoch 25; saved → /home/tbfs/Projects/finBert/output/20250828-140926/saved_weights/all_tickers/all_tickers_best-epoch025.pt
2025-08-28T18:09:32Z - INFO - [train_model] Epoch 026 | train (scaled) MSE: mean=0.279970 med=0.141715 std=0.389100 min=0.005690 max=1.153032 | val (scaled) MSE: mean=0.040265 med=0.042756 std=0.010593 min=0.024112 max=0.051437
2025-08-28T18:09:32Z - INFO - [train_model] Epoch 026 | train (price) MSE=45.407166 MAE=5.094041 RMSE=6.738484 | val (price) MSE=6.530455 MAE=2.530833 RMSE=2.555475
2025-08-28T18:09:32Z - INFO - [train_model] New best (price) val MSE=6.530455 at epoch 26; saved → /home/tbfs/Projects/finBert/output/20250828-140926/saved_weights/all_tickers/all_tickers_best-epoch026.pt
2025-08-28T18:09:32Z - INFO - [train_model] Epoch 027 | train (scaled) MSE: mean=0.278975 med=0.140630 std=0.388449 min=0.005459 max=1.151465 | val (scaled) MSE: mean=0.039724 med=0.042194 std=0.010517 min=0.023689 max=0.050820
2025-08-28T18:09:32Z - INFO - [train_model] Epoch 027 | train (price) MSE=45.245914 MAE=5.077100 RMSE=6.726508 | val (price) MSE=6.442708 MAE=2.513437 RMSE=2.538249
2025-08-28T18:09:32Z - INFO - [train_model] New best (price) val MSE=6.442708 at epoch 27; saved → /home/tbfs/Projects/finBert/output/20250828-140926/saved_weights/all_tickers/all_tickers_best-epoch027.pt
2025-08-28T18:09:32Z - INFO - [train_model] Epoch 028 | train (scaled) MSE: mean=0.277837 med=0.139980 std=0.387371 min=0.005283 max=1.147475 | val (scaled) MSE: mean=0.039215 med=0.041666 std=0.010447 min=0.023289 max=0.050239
2025-08-28T18:09:32Z - INFO - [train_model] Epoch 028 | train (price) MSE=45.061298 MAE=5.059792 RMSE=6.712771 | val (price) MSE=6.360138 MAE=2.496949 RMSE=2.521931
2025-08-28T18:09:32Z - INFO - [train_model] New best (price) val MSE=6.360138 at epoch 28; saved → /home/tbfs/Projects/finBert/output/20250828-140926/saved_weights/all_tickers/all_tickers_best-epoch028.pt
2025-08-28T18:09:32Z - INFO - [train_model] Epoch 029 | train (scaled) MSE: mean=0.276782 med=0.139159 std=0.386367 min=0.004995 max=1.144944 | val (scaled) MSE: mean=0.038687 med=0.041118 std=0.010372 min=0.022876 max=0.049634
2025-08-28T18:09:32Z - INFO - [train_model] Epoch 029 | train (price) MSE=44.890152 MAE=5.042299 RMSE=6.700011 | val (price) MSE=6.274447 MAE=2.479728 RMSE=2.504885
2025-08-28T18:09:32Z - INFO - [train_model] New best (price) val MSE=6.274447 at epoch 29; saved → /home/tbfs/Projects/finBert/output/20250828-140926/saved_weights/all_tickers/all_tickers_best-epoch029.pt
2025-08-28T18:09:32Z - INFO - [train_model] Epoch 030 | train (scaled) MSE: mean=0.275633 med=0.137693 std=0.385448 min=0.004837 max=1.141304 | val (scaled) MSE: mean=0.038198 med=0.040611 std=0.010302 min=0.022495 max=0.049075
2025-08-28T18:09:32Z - INFO - [train_model] Epoch 030 | train (price) MSE=44.703766 MAE=5.025492 RMSE=6.686087 | val (price) MSE=6.195170 MAE=2.463687 RMSE=2.489010
2025-08-28T18:09:32Z - INFO - [train_model] New best (price) val MSE=6.195170 at epoch 30; saved → /home/tbfs/Projects/finBert/output/20250828-140926/saved_weights/all_tickers/all_tickers_best-epoch030.pt
2025-08-28T18:09:32Z - INFO - [train_model] Epoch 031 | train (scaled) MSE: mean=0.274593 med=0.136936 std=0.384685 min=0.004791 max=1.138434 | val (scaled) MSE: mean=0.037667 med=0.040060 std=0.010226 min=0.022082 max=0.048467
2025-08-28T18:09:32Z - INFO - [train_model] Epoch 031 | train (price) MSE=44.535168 MAE=5.007936 RMSE=6.673467 | val (price) MSE=6.109100 MAE=2.446153 RMSE=2.471659
2025-08-28T18:09:32Z - INFO - [train_model] New best (price) val MSE=6.109100 at epoch 31; saved → /home/tbfs/Projects/finBert/output/20250828-140926/saved_weights/all_tickers/all_tickers_best-epoch031.pt
2025-08-28T18:09:32Z - INFO - [train_model] Epoch 032 | train (scaled) MSE: mean=0.273584 med=0.135864 std=0.383975 min=0.004431 max=1.137105 | val (scaled) MSE: mean=0.037132 med=0.039505 std=0.010150 min=0.021665 max=0.047853
2025-08-28T18:09:32Z - INFO - [train_model] Epoch 032 | train (price) MSE=44.371441 MAE=4.989675 RMSE=6.661189 | val (price) MSE=6.022288 MAE=2.428338 RMSE=2.454035
2025-08-28T18:09:32Z - INFO - [train_model] New best (price) val MSE=6.022288 at epoch 32; saved → /home/tbfs/Projects/finBert/output/20250828-140926/saved_weights/all_tickers/all_tickers_best-epoch032.pt
2025-08-28T18:09:32Z - INFO - [train_model] Epoch 033 | train (scaled) MSE: mean=0.272424 med=0.135235 std=0.382677 min=0.004359 max=1.131713 | val (scaled) MSE: mean=0.036682 med=0.039038 std=0.010085 min=0.021315 max=0.047336
2025-08-28T18:09:32Z - INFO - [train_model] Epoch 033 | train (price) MSE=44.183353 MAE=4.972685 RMSE=6.647056 | val (price) MSE=5.949301 MAE=2.413256 RMSE=2.439119
2025-08-28T18:09:32Z - INFO - [train_model] New best (price) val MSE=5.949301 at epoch 33; saved → /home/tbfs/Projects/finBert/output/20250828-140926/saved_weights/all_tickers/all_tickers_best-epoch033.pt
2025-08-28T18:09:32Z - INFO - [train_model] Epoch 034 | train (scaled) MSE: mean=0.271436 med=0.134091 std=0.381938 min=0.004173 max=1.130375 | val (scaled) MSE: mean=0.036212 med=0.038549 std=0.010016 min=0.020953 max=0.046797
2025-08-28T18:09:32Z - INFO - [train_model] Epoch 034 | train (price) MSE=44.023102 MAE=4.957450 RMSE=6.634991 | val (price) MSE=5.873126 MAE=2.397421 RMSE=2.423453
2025-08-28T18:09:32Z - INFO - [train_model] New best (price) val MSE=5.873126 at epoch 34; saved → /home/tbfs/Projects/finBert/output/20250828-140926/saved_weights/all_tickers/all_tickers_best-epoch034.pt
2025-08-28T18:09:32Z - INFO - [train_model] Epoch 035 | train (scaled) MSE: mean=0.270341 med=0.133335 std=0.381041 min=0.004093 max=1.127497 | val (scaled) MSE: mean=0.035764 med=0.038084 std=0.009950 min=0.020607 max=0.046282
2025-08-28T18:09:32Z - INFO - [train_model] Epoch 035 | train (price) MSE=43.845524 MAE=4.941215 RMSE=6.621595 | val (price) MSE=5.800488 MAE=2.382219 RMSE=2.408420
2025-08-28T18:09:32Z - INFO - [train_model] New best (price) val MSE=5.800488 at epoch 35; saved → /home/tbfs/Projects/finBert/output/20250828-140926/saved_weights/all_tickers/all_tickers_best-epoch035.pt
2025-08-28T18:09:32Z - INFO - [train_model] Epoch 036 | train (scaled) MSE: mean=0.269375 med=0.132553 std=0.379931 min=0.003828 max=1.125264 | val (scaled) MSE: mean=0.035261 med=0.037562 std=0.009875 min=0.020218 max=0.045703
2025-08-28T18:09:32Z - INFO - [train_model] Epoch 036 | train (price) MSE=43.688839 MAE=4.924054 RMSE=6.609753 | val (price) MSE=5.718877 MAE=2.365022 RMSE=2.391417
2025-08-28T18:09:32Z - INFO - [train_model] New best (price) val MSE=5.718877 at epoch 36; saved → /home/tbfs/Projects/finBert/output/20250828-140926/saved_weights/all_tickers/all_tickers_best-epoch036.pt
2025-08-28T18:09:32Z - INFO - [train_model] Epoch 037 | train (scaled) MSE: mean=0.268251 med=0.131378 std=0.379054 min=0.003698 max=1.122376 | val (scaled) MSE: mean=0.034779 med=0.037062 std=0.009804 min=0.019845 max=0.045147
2025-08-28T18:09:32Z - INFO - [train_model] Epoch 037 | train (price) MSE=43.506588 MAE=4.906670 RMSE=6.595952 | val (price) MSE=5.640708 MAE=2.348429 RMSE=2.375017
2025-08-28T18:09:32Z - INFO - [train_model] New best (price) val MSE=5.640708 at epoch 37; saved → /home/tbfs/Projects/finBert/output/20250828-140926/saved_weights/all_tickers/all_tickers_best-epoch037.pt
2025-08-28T18:09:32Z - INFO - [train_model] Epoch 038 | train (scaled) MSE: mean=0.267170 med=0.130851 std=0.377952 min=0.003564 max=1.117178 | val (scaled) MSE: mean=0.034302 med=0.036565 std=0.009732 min=0.019479 max=0.044598
2025-08-28T18:09:32Z - INFO - [train_model] Epoch 038 | train (price) MSE=43.331272 MAE=4.889265 RMSE=6.582649 | val (price) MSE=5.563268 MAE=2.331879 RMSE=2.358658
2025-08-28T18:09:32Z - INFO - [train_model] New best (price) val MSE=5.563268 at epoch 38; saved → /home/tbfs/Projects/finBert/output/20250828-140926/saved_weights/all_tickers/all_tickers_best-epoch038.pt
2025-08-28T18:09:32Z - INFO - [train_model] Epoch 039 | train (scaled) MSE: mean=0.266161 med=0.129504 std=0.377320 min=0.003381 max=1.116684 | val (scaled) MSE: mean=0.033794 med=0.036037 std=0.009656 min=0.019091 max=0.044013
2025-08-28T18:09:32Z - INFO - [train_model] Epoch 039 | train (price) MSE=43.167545 MAE=4.871488 RMSE=6.570201 | val (price) MSE=5.480970 MAE=2.314160 RMSE=2.341147
2025-08-28T18:09:32Z - INFO - [train_model] New best (price) val MSE=5.480970 at epoch 39; saved → /home/tbfs/Projects/finBert/output/20250828-140926/saved_weights/all_tickers/all_tickers_best-epoch039.pt
2025-08-28T18:09:32Z - INFO - [train_model] Epoch 040 | train (scaled) MSE: mean=0.265045 med=0.128861 std=0.376229 min=0.003174 max=1.112121 | val (scaled) MSE: mean=0.033289 med=0.035511 std=0.009579 min=0.018704 max=0.043430
2025-08-28T18:09:32Z - INFO - [train_model] Epoch 040 | train (price) MSE=42.986629 MAE=4.853397 RMSE=6.556419 | val (price) MSE=5.399049 MAE=2.296384 RMSE=2.323585
2025-08-28T18:09:32Z - INFO - [train_model] New best (price) val MSE=5.399049 at epoch 40; saved → /home/tbfs/Projects/finBert/output/20250828-140926/saved_weights/all_tickers/all_tickers_best-epoch040.pt
2025-08-28T18:09:32Z - INFO - [train_model] Epoch 041 | train (scaled) MSE: mean=0.263781 med=0.127624 std=0.374869 min=0.003111 max=1.108313 | val (scaled) MSE: mean=0.032855 med=0.035059 std=0.009513 min=0.018372 max=0.042927
2025-08-28T18:09:32Z - INFO - [train_model] Epoch 041 | train (price) MSE=42.781525 MAE=4.836414 RMSE=6.540759 | val (price) MSE=5.328552 MAE=2.280977 RMSE=2.308366
2025-08-28T18:09:32Z - INFO - [train_model] New best (price) val MSE=5.328552 at epoch 41; saved → /home/tbfs/Projects/finBert/output/20250828-140926/saved_weights/all_tickers/all_tickers_best-epoch041.pt
2025-08-28T18:09:32Z - INFO - [train_model] Epoch 042 | train (scaled) MSE: mean=0.262831 med=0.126639 std=0.374334 min=0.002945 max=1.106623 | val (scaled) MSE: mean=0.032313 med=0.034497 std=0.009429 min=0.017959 max=0.042300
2025-08-28T18:09:32Z - INFO - [train_model] Epoch 042 | train (price) MSE=42.627453 MAE=4.817965 RMSE=6.528970 | val (price) MSE=5.240736 MAE=2.261637 RMSE=2.289265
2025-08-28T18:09:32Z - INFO - [train_model] New best (price) val MSE=5.240736 at epoch 42; saved → /home/tbfs/Projects/finBert/output/20250828-140926/saved_weights/all_tickers/all_tickers_best-epoch042.pt
2025-08-28T18:09:32Z - INFO - [train_model] Epoch 043 | train (scaled) MSE: mean=0.261522 med=0.125765 std=0.372883 min=0.002778 max=1.102938 | val (scaled) MSE: mean=0.031842 med=0.034007 std=0.009356 min=0.017600 max=0.041754
2025-08-28T18:09:32Z - INFO - [train_model] Epoch 043 | train (price) MSE=42.415276 MAE=4.799363 RMSE=6.512701 | val (price) MSE=5.164336 MAE=2.244673 RMSE=2.272517
2025-08-28T18:09:32Z - INFO - [train_model] New best (price) val MSE=5.164336 at epoch 43; saved → /home/tbfs/Projects/finBert/output/20250828-140926/saved_weights/all_tickers/all_tickers_best-epoch043.pt
2025-08-28T18:09:32Z - INFO - [train_model] Epoch 044 | train (scaled) MSE: mean=0.260485 med=0.125091 std=0.371778 min=0.002592 max=1.098735 | val (scaled) MSE: mean=0.031325 med=0.033469 std=0.009275 min=0.017208 max=0.041154
2025-08-28T18:09:32Z - INFO - [train_model] Epoch 044 | train (price) MSE=42.247028 MAE=4.780793 RMSE=6.499771 | val (price) MSE=5.080495 MAE=2.225909 RMSE=2.253995
2025-08-28T18:09:32Z - INFO - [train_model] New best (price) val MSE=5.080495 at epoch 44; saved → /home/tbfs/Projects/finBert/output/20250828-140926/saved_weights/all_tickers/all_tickers_best-epoch044.pt
2025-08-28T18:09:32Z - INFO - [train_model] Epoch 045 | train (scaled) MSE: mean=0.259391 med=0.123850 std=0.371292 min=0.002580 max=1.097327 | val (scaled) MSE: mean=0.030817 med=0.032938 std=0.009192 min=0.016830 max=0.040562
2025-08-28T18:09:32Z - INFO - [train_model] Epoch 045 | train (price) MSE=42.069668 MAE=4.761411 RMSE=6.486113 | val (price) MSE=4.998099 MAE=2.207335 RMSE=2.235643
2025-08-28T18:09:32Z - INFO - [train_model] New best (price) val MSE=4.998099 at epoch 45; saved → /home/tbfs/Projects/finBert/output/20250828-140926/saved_weights/all_tickers/all_tickers_best-epoch045.pt
2025-08-28T18:09:32Z - INFO - [train_model] Epoch 046 | train (scaled) MSE: mean=0.258116 med=0.123149 std=0.369578 min=0.002363 max=1.091552 | val (scaled) MSE: mean=0.030385 med=0.032488 std=0.009124 min=0.016504 max=0.040060
2025-08-28T18:09:32Z - INFO - [train_model] Epoch 046 | train (price) MSE=41.862865 MAE=4.743322 RMSE=6.470152 | val (price) MSE=4.927984 MAE=2.191386 RMSE=2.219906
2025-08-28T18:09:32Z - INFO - [train_model] New best (price) val MSE=4.927984 at epoch 46; saved → /home/tbfs/Projects/finBert/output/20250828-140926/saved_weights/all_tickers/all_tickers_best-epoch046.pt
2025-08-28T18:09:32Z - INFO - [train_model] Epoch 047 | train (scaled) MSE: mean=0.257164 med=0.121814 std=0.369165 min=0.002216 max=1.090370 | val (scaled) MSE: mean=0.029872 med=0.031954 std=0.009042 min=0.016118 max=0.039463
2025-08-28T18:09:32Z - INFO - [train_model] Epoch 047 | train (price) MSE=41.708435 MAE=4.724710 RMSE=6.458207 | val (price) MSE=4.844866 MAE=2.172329 RMSE=2.201106
2025-08-28T18:09:32Z - INFO - [train_model] New best (price) val MSE=4.844866 at epoch 47; saved → /home/tbfs/Projects/finBert/output/20250828-140926/saved_weights/all_tickers/all_tickers_best-epoch047.pt
2025-08-28T18:09:32Z - INFO - [train_model] Epoch 048 | train (scaled) MSE: mean=0.255959 med=0.120848 std=0.368077 min=0.002139 max=1.087615 | val (scaled) MSE: mean=0.029383 med=0.031445 std=0.008962 min=0.015750 max=0.038892
2025-08-28T18:09:32Z - INFO - [train_model] Epoch 048 | train (price) MSE=41.512997 MAE=4.704539 RMSE=6.443058 | val (price) MSE=4.765516 MAE=2.153979 RMSE=2.183006
2025-08-28T18:09:32Z - INFO - [train_model] New best (price) val MSE=4.765516 at epoch 48; saved → /home/tbfs/Projects/finBert/output/20250828-140926/saved_weights/all_tickers/all_tickers_best-epoch048.pt
2025-08-28T18:09:32Z - INFO - [train_model] Epoch 049 | train (scaled) MSE: mean=0.254734 med=0.120191 std=0.366823 min=0.001968 max=1.082715 | val (scaled) MSE: mean=0.028947 med=0.030991 std=0.008891 min=0.015424 max=0.038383
2025-08-28T18:09:32Z - INFO - [train_model] Epoch 049 | train (price) MSE=41.314365 MAE=4.686354 RMSE=6.427625 | val (price) MSE=4.694827 MAE=2.137497 RMSE=2.166755
2025-08-28T18:09:32Z - INFO - [train_model] New best (price) val MSE=4.694827 at epoch 49; saved → /home/tbfs/Projects/finBert/output/20250828-140926/saved_weights/all_tickers/all_tickers_best-epoch049.pt
2025-08-28T18:09:33Z - INFO - [train_model] Epoch 050 | train (scaled) MSE: mean=0.253617 med=0.119454 std=0.365397 min=0.001931 max=1.079044 | val (scaled) MSE: mean=0.028515 med=0.030541 std=0.008820 min=0.015101 max=0.037878
2025-08-28T18:09:33Z - INFO - [train_model] Epoch 050 | train (price) MSE=41.133068 MAE=4.669511 RMSE=6.413507 | val (price) MSE=4.624755 MAE=2.121033 RMSE=2.150524
2025-08-28T18:09:33Z - INFO - [train_model] New best (price) val MSE=4.624755 at epoch 50; saved → /home/tbfs/Projects/finBert/output/20250828-140926/saved_weights/all_tickers/all_tickers_best-epoch050.pt
2025-08-28T18:09:33Z - INFO - [train_model] Epoch 051 | train (scaled) MSE: mean=0.252624 med=0.118057 std=0.364801 min=0.001822 max=1.076526 | val (scaled) MSE: mean=0.028037 med=0.030043 std=0.008741 min=0.014745 max=0.037319
2025-08-28T18:09:33Z - INFO - [train_model] Epoch 051 | train (price) MSE=40.972050 MAE=4.651249 RMSE=6.400941 | val (price) MSE=4.547265 MAE=2.102676 RMSE=2.132432
2025-08-28T18:09:33Z - INFO - [train_model] New best (price) val MSE=4.547265 at epoch 51; saved → /home/tbfs/Projects/finBert/output/20250828-140926/saved_weights/all_tickers/all_tickers_best-epoch051.pt
2025-08-28T18:09:33Z - INFO - [train_model] Epoch 052 | train (scaled) MSE: mean=0.251428 med=0.117518 std=0.363512 min=0.001684 max=1.073112 | val (scaled) MSE: mean=0.027592 med=0.029579 std=0.008666 min=0.014415 max=0.036797
2025-08-28T18:09:33Z - INFO - [train_model] Epoch 052 | train (price) MSE=40.778187 MAE=4.632550 RMSE=6.385780 | val (price) MSE=4.475068 MAE=2.085430 RMSE=2.115436
2025-08-28T18:09:33Z - INFO - [train_model] New best (price) val MSE=4.475068 at epoch 52; saved → /home/tbfs/Projects/finBert/output/20250828-140926/saved_weights/all_tickers/all_tickers_best-epoch052.pt
2025-08-28T18:09:33Z - INFO - [train_model] Epoch 053 | train (scaled) MSE: mean=0.250387 med=0.116560 std=0.362563 min=0.001501 max=1.070592 | val (scaled) MSE: mean=0.027114 med=0.029081 std=0.008585 min=0.014060 max=0.036236
2025-08-28T18:09:33Z - INFO - [train_model] Epoch 053 | train (price) MSE=40.609238 MAE=4.613689 RMSE=6.372538 | val (price) MSE=4.397567 MAE=2.066750 RMSE=2.097038
2025-08-28T18:09:33Z - INFO - [train_model] New best (price) val MSE=4.397567 at epoch 53; saved → /home/tbfs/Projects/finBert/output/20250828-140926/saved_weights/all_tickers/all_tickers_best-epoch053.pt
2025-08-28T18:09:33Z - INFO - [train_model] Epoch 054 | train (scaled) MSE: mean=0.249146 med=0.115266 std=0.361178 min=0.001393 max=1.065256 | val (scaled) MSE: mean=0.026647 med=0.028594 std=0.008506 min=0.013714 max=0.035687
2025-08-28T18:09:33Z - INFO - [train_model] Epoch 054 | train (price) MSE=40.408077 MAE=4.593429 RMSE=6.356735 | val (price) MSE=4.321778 MAE=2.048321 RMSE=2.078889
2025-08-28T18:09:33Z - INFO - [train_model] New best (price) val MSE=4.321778 at epoch 54; saved → /home/tbfs/Projects/finBert/output/20250828-140926/saved_weights/all_tickers/all_tickers_best-epoch054.pt
2025-08-28T18:09:33Z - INFO - [train_model] Epoch 055 | train (scaled) MSE: mean=0.247913 med=0.114510 std=0.360284 min=0.001377 max=1.064690 | val (scaled) MSE: mean=0.026203 med=0.028131 std=0.008429 min=0.013387 max=0.035165
2025-08-28T18:09:33Z - INFO - [train_model] Epoch 055 | train (price) MSE=40.208019 MAE=4.574353 RMSE=6.340979 | val (price) MSE=4.249819 MAE=2.030667 RMSE=2.061509
2025-08-28T18:09:33Z - INFO - [train_model] New best (price) val MSE=4.249819 at epoch 55; saved → /home/tbfs/Projects/finBert/output/20250828-140926/saved_weights/all_tickers/all_tickers_best-epoch055.pt
2025-08-28T18:09:33Z - INFO - [train_model] Epoch 056 | train (scaled) MSE: mean=0.246927 med=0.113376 std=0.359146 min=0.001186 max=1.059545 | val (scaled) MSE: mean=0.025652 med=0.027556 std=0.008334 min=0.012983 max=0.034515
2025-08-28T18:09:33Z - INFO - [train_model] Epoch 056 | train (price) MSE=40.048061 MAE=4.553503 RMSE=6.328354 | val (price) MSE=4.160413 MAE=2.008516 RMSE=2.039709
2025-08-28T18:09:33Z - INFO - [train_model] New best (price) val MSE=4.160413 at epoch 56; saved → /home/tbfs/Projects/finBert/output/20250828-140926/saved_weights/all_tickers/all_tickers_best-epoch056.pt
2025-08-28T18:09:33Z - INFO - [train_model] Epoch 057 | train (scaled) MSE: mean=0.245438 med=0.112053 std=0.357837 min=0.001142 max=1.057448 | val (scaled) MSE: mean=0.025199 med=0.027083 std=0.008254 min=0.012651 max=0.033980
2025-08-28T18:09:33Z - INFO - [train_model] Epoch 057 | train (price) MSE=39.806583 MAE=4.531338 RMSE=6.309246 | val (price) MSE=4.086945 MAE=1.990129 RMSE=2.021619
2025-08-28T18:09:33Z - INFO - [train_model] New best (price) val MSE=4.086945 at epoch 57; saved → /home/tbfs/Projects/finBert/output/20250828-140926/saved_weights/all_tickers/all_tickers_best-epoch057.pt
2025-08-28T18:09:33Z - INFO - [train_model] Epoch 058 | train (scaled) MSE: mean=0.244222 med=0.111697 std=0.356615 min=0.000977 max=1.052907 | val (scaled) MSE: mean=0.024704 med=0.026565 std=0.008166 min=0.012291 max=0.033394
2025-08-28T18:09:33Z - INFO - [train_model] Epoch 058 | train (price) MSE=39.609348 MAE=4.511733 RMSE=6.293596 | val (price) MSE=4.006628 MAE=1.969833 RMSE=2.001656
2025-08-28T18:09:33Z - INFO - [train_model] New best (price) val MSE=4.006628 at epoch 58; saved → /home/tbfs/Projects/finBert/output/20250828-140926/saved_weights/all_tickers/all_tickers_best-epoch058.pt
2025-08-28T18:09:33Z - INFO - [train_model] Epoch 059 | train (scaled) MSE: mean=0.242982 med=0.110535 std=0.355289 min=0.000968 max=1.047934 | val (scaled) MSE: mean=0.024180 med=0.026018 std=0.008072 min=0.011912 max=0.032773
2025-08-28T18:09:33Z - INFO - [train_model] Epoch 059 | train (price) MSE=39.408222 MAE=4.489319 RMSE=6.277597 | val (price) MSE=3.921701 MAE=1.948146 RMSE=1.980329
2025-08-28T18:09:33Z - INFO - [train_model] New best (price) val MSE=3.921701 at epoch 59; saved → /home/tbfs/Projects/finBert/output/20250828-140926/saved_weights/all_tickers/all_tickers_best-epoch059.pt
2025-08-28T18:09:33Z - INFO - [train_model] Epoch 060 | train (scaled) MSE: mean=0.241563 med=0.109349 std=0.353815 min=0.000785 max=1.043419 | val (scaled) MSE: mean=0.023685 med=0.025500 std=0.007982 min=0.011554 max=0.032186
2025-08-28T18:09:33Z - INFO - [train_model] Epoch 060 | train (price) MSE=39.178211 MAE=4.466944 RMSE=6.259250 | val (price) MSE=3.841402 MAE=1.927410 RMSE=1.959950
2025-08-28T18:09:33Z - INFO - [train_model] New best (price) val MSE=3.841402 at epoch 60; saved → /home/tbfs/Projects/finBert/output/20250828-140926/saved_weights/all_tickers/all_tickers_best-epoch060.pt
2025-08-28T18:09:33Z - INFO - [train_model] Epoch 061 | train (scaled) MSE: mean=0.240271 med=0.108247 std=0.352617 min=0.000707 max=1.039472 | val (scaled) MSE: mean=0.023150 med=0.024940 std=0.007884 min=0.011169 max=0.031550
2025-08-28T18:09:33Z - INFO - [train_model] Epoch 061 | train (price) MSE=38.968616 MAE=4.443347 RMSE=6.242485 | val (price) MSE=3.754553 MAE=1.904726 RMSE=1.937667
2025-08-28T18:09:33Z - INFO - [train_model] New best (price) val MSE=3.754553 at epoch 61; saved → /home/tbfs/Projects/finBert/output/20250828-140926/saved_weights/all_tickers/all_tickers_best-epoch061.pt
2025-08-28T18:09:33Z - INFO - [train_model] Epoch 062 | train (scaled) MSE: mean=0.238914 med=0.106919 std=0.351404 min=0.000600 max=1.037288 | val (scaled) MSE: mean=0.022605 med=0.024368 std=0.007782 min=0.010782 max=0.030899
2025-08-28T18:09:33Z - INFO - [train_model] Epoch 062 | train (price) MSE=38.748451 MAE=4.418728 RMSE=6.224825 | val (price) MSE=3.666142 MAE=1.881371 RMSE=1.914717
2025-08-28T18:09:33Z - INFO - [train_model] New best (price) val MSE=3.666142 at epoch 62; saved → /home/tbfs/Projects/finBert/output/20250828-140926/saved_weights/all_tickers/all_tickers_best-epoch062.pt
2025-08-28T18:09:33Z - INFO - [train_model] Epoch 063 | train (scaled) MSE: mean=0.237383 med=0.105839 std=0.349865 min=0.000579 max=1.030866 | val (scaled) MSE: mean=0.022104 med=0.023843 std=0.007685 min=0.010431 max=0.030299
2025-08-28T18:09:33Z - INFO - [train_model] Epoch 063 | train (price) MSE=38.500134 MAE=4.394347 RMSE=6.204848 | val (price) MSE=3.584908 MAE=1.859667 RMSE=1.893385
2025-08-28T18:09:33Z - INFO - [train_model] New best (price) val MSE=3.584908 at epoch 63; saved → /home/tbfs/Projects/finBert/output/20250828-140926/saved_weights/all_tickers/all_tickers_best-epoch063.pt
2025-08-28T18:09:33Z - INFO - [train_model] Epoch 064 | train (scaled) MSE: mean=0.236044 med=0.104625 std=0.348567 min=0.000448 max=1.028449 | val (scaled) MSE: mean=0.021566 med=0.023277 std=0.007583 min=0.010052 max=0.029658
2025-08-28T18:09:33Z - INFO - [train_model] Epoch 064 | train (price) MSE=38.283001 MAE=4.370272 RMSE=6.187326 | val (price) MSE=3.497703 MAE=1.836051 RMSE=1.870215
2025-08-28T18:09:33Z - INFO - [train_model] New best (price) val MSE=3.497703 at epoch 64; saved → /home/tbfs/Projects/finBert/output/20250828-140926/saved_weights/all_tickers/all_tickers_best-epoch064.pt
2025-08-28T18:09:33Z - INFO - [train_model] Epoch 065 | train (scaled) MSE: mean=0.234460 med=0.103512 std=0.346646 min=0.000382 max=1.020904 | val (scaled) MSE: mean=0.021059 med=0.022743 std=0.007485 min=0.009699 max=0.029050
2025-08-28T18:09:33Z - INFO - [train_model] Epoch 065 | train (price) MSE=38.026184 MAE=4.344187 RMSE=6.166537 | val (price) MSE=3.415457 MAE=1.813508 RMSE=1.848095
2025-08-28T18:09:33Z - INFO - [train_model] New best (price) val MSE=3.415457 at epoch 65; saved → /home/tbfs/Projects/finBert/output/20250828-140926/saved_weights/all_tickers/all_tickers_best-epoch065.pt
2025-08-28T18:09:33Z - INFO - [train_model] Epoch 066 | train (scaled) MSE: mean=0.233117 med=0.102792 std=0.345446 min=0.000309 max=1.018396 | val (scaled) MSE: mean=0.020493 med=0.022147 std=0.007376 min=0.009303 max=0.028372
2025-08-28T18:09:33Z - INFO - [train_model] Epoch 066 | train (price) MSE=37.808323 MAE=4.318414 RMSE=6.148847 | val (price) MSE=3.323606 MAE=1.787976 RMSE=1.823076
2025-08-28T18:09:33Z - INFO - [train_model] New best (price) val MSE=3.323606 at epoch 66; saved → /home/tbfs/Projects/finBert/output/20250828-140926/saved_weights/all_tickers/all_tickers_best-epoch066.pt
2025-08-28T18:09:33Z - INFO - [train_model] Epoch 067 | train (scaled) MSE: mean=0.231413 med=0.100738 std=0.343544 min=0.000288 max=1.011538 | val (scaled) MSE: mean=0.019972 med=0.021600 std=0.007273 min=0.008941 max=0.027747
2025-08-28T18:09:33Z - INFO - [train_model] Epoch 067 | train (price) MSE=37.531979 MAE=4.291055 RMSE=6.126335 | val (price) MSE=3.239157 MAE=1.764175 RMSE=1.799766
2025-08-28T18:09:33Z - INFO - [train_model] New best (price) val MSE=3.239157 at epoch 67; saved → /home/tbfs/Projects/finBert/output/20250828-140926/saved_weights/all_tickers/all_tickers_best-epoch067.pt
2025-08-28T18:09:33Z - INFO - [train_model] Epoch 068 | train (scaled) MSE: mean=0.229896 med=0.099962 std=0.342030 min=0.000219 max=1.007302 | val (scaled) MSE: mean=0.019420 med=0.021020 std=0.007162 min=0.008559 max=0.027080
2025-08-28T18:09:33Z - INFO - [train_model] Epoch 068 | train (price) MSE=37.285961 MAE=4.263665 RMSE=6.106223 | val (price) MSE=3.149588 MAE=1.738580 RMSE=1.774708
2025-08-28T18:09:33Z - INFO - [train_model] New best (price) val MSE=3.149588 at epoch 68; saved → /home/tbfs/Projects/finBert/output/20250828-140926/saved_weights/all_tickers/all_tickers_best-epoch068.pt
2025-08-28T18:09:33Z - INFO - [train_model] Epoch 069 | train (scaled) MSE: mean=0.228166 med=0.098818 std=0.339894 min=0.000140 max=1.002136 | val (scaled) MSE: mean=0.018898 med=0.020471 std=0.007056 min=0.008201 max=0.026449
2025-08-28T18:09:33Z - INFO - [train_model] Epoch 069 | train (price) MSE=37.005390 MAE=4.236900 RMSE=6.083206 | val (price) MSE=3.065026 MAE=1.714064 RMSE=1.750722
2025-08-28T18:09:33Z - INFO - [train_model] New best (price) val MSE=3.065026 at epoch 69; saved → /home/tbfs/Projects/finBert/output/20250828-140926/saved_weights/all_tickers/all_tickers_best-epoch069.pt
2025-08-28T18:09:33Z - INFO - [train_model] Epoch 070 | train (scaled) MSE: mean=0.226584 med=0.096648 std=0.338520 min=0.000115 max=0.996635 | val (scaled) MSE: mean=0.018338 med=0.019881 std=0.006940 min=0.007818 max=0.025770
2025-08-28T18:09:33Z - INFO - [train_model] Epoch 070 | train (price) MSE=36.748684 MAE=4.207041 RMSE=6.062069 | val (price) MSE=2.974095 MAE=1.687298 RMSE=1.724556
2025-08-28T18:09:33Z - INFO - [train_model] New best (price) val MSE=2.974095 at epoch 70; saved → /home/tbfs/Projects/finBert/output/20250828-140926/saved_weights/all_tickers/all_tickers_best-epoch070.pt
2025-08-28T18:09:33Z - INFO - [train_model] Epoch 071 | train (scaled) MSE: mean=0.224848 med=0.095777 std=0.336627 min=0.000057 max=0.991149 | val (scaled) MSE: mean=0.017774 med=0.019288 std=0.006821 min=0.007437 max=0.025084
2025-08-28T18:09:33Z - INFO - [train_model] Epoch 071 | train (price) MSE=36.467216 MAE=4.176922 RMSE=6.038809 | val (price) MSE=2.882712 MAE=1.659965 RMSE=1.697855
2025-08-28T18:09:33Z - INFO - [train_model] New best (price) val MSE=2.882712 at epoch 71; saved → /home/tbfs/Projects/finBert/output/20250828-140926/saved_weights/all_tickers/all_tickers_best-epoch071.pt
2025-08-28T18:09:33Z - INFO - [train_model] Epoch 072 | train (scaled) MSE: mean=0.223038 med=0.094544 std=0.334643 min=0.000053 max=0.987040 | val (scaled) MSE: mean=0.017234 med=0.018718 std=0.006705 min=0.007076 max=0.024425
2025-08-28T18:09:33Z - INFO - [train_model] Epoch 072 | train (price) MSE=36.173702 MAE=4.148036 RMSE=6.014458 | val (price) MSE=2.795183 MAE=1.633367 RMSE=1.671880
2025-08-28T18:09:33Z - INFO - [train_model] New best (price) val MSE=2.795183 at epoch 72; saved → /home/tbfs/Projects/finBert/output/20250828-140926/saved_weights/all_tickers/all_tickers_best-epoch072.pt
2025-08-28T18:09:33Z - INFO - [train_model] Epoch 073 | train (scaled) MSE: mean=0.221322 med=0.093011 std=0.332855 min=0.000014 max=0.980831 | val (scaled) MSE: mean=0.016638 med=0.018089 std=0.006575 min=0.006680 max=0.023696
2025-08-28T18:09:33Z - INFO - [train_model] Epoch 073 | train (price) MSE=35.895332 MAE=4.115615 RMSE=5.991271 | val (price) MSE=2.698514 MAE=1.603462 RMSE=1.642716
2025-08-28T18:09:33Z - INFO - [train_model] New best (price) val MSE=2.698514 at epoch 73; saved → /home/tbfs/Projects/finBert/output/20250828-140926/saved_weights/all_tickers/all_tickers_best-epoch073.pt
2025-08-28T18:09:33Z - INFO - [train_model] Epoch 074 | train (scaled) MSE: mean=0.219599 med=0.092090 std=0.331097 min=0.000002 max=0.977167 | val (scaled) MSE: mean=0.016037 med=0.017454 std=0.006442 min=0.006283 max=0.022958
2025-08-28T18:09:33Z - INFO - [train_model] Epoch 074 | train (price) MSE=35.615837 MAE=4.081079 RMSE=5.967901 | val (price) MSE=2.600995 MAE=1.572714 RMSE=1.612760
2025-08-28T18:09:33Z - INFO - [train_model] New best (price) val MSE=2.600995 at epoch 74; saved → /home/tbfs/Projects/finBert/output/20250828-140926/saved_weights/all_tickers/all_tickers_best-epoch074.pt
2025-08-28T18:09:33Z - INFO - [train_model] Epoch 075 | train (scaled) MSE: mean=0.217530 med=0.089985 std=0.328899 min=0.000000 max=0.971500 | val (scaled) MSE: mean=0.015561 med=0.016950 std=0.006334 min=0.005972 max=0.022371
2025-08-28T18:09:33Z - INFO - [train_model] Epoch 075 | train (price) MSE=35.280327 MAE=4.050738 RMSE=5.939724 | val (price) MSE=2.523754 MAE=1.547927 RMSE=1.588633
2025-08-28T18:09:33Z - INFO - [train_model] New best (price) val MSE=2.523754 at epoch 75; saved → /home/tbfs/Projects/finBert/output/20250828-140926/saved_weights/all_tickers/all_tickers_best-epoch075.pt
2025-08-28T18:09:33Z - INFO - [train_model] Epoch 076 | train (scaled) MSE: mean=0.216121 med=0.088335 std=0.327481 min=0.000003 max=0.965443 | val (scaled) MSE: mean=0.014983 med=0.016339 std=0.006201 min=0.005599 max=0.021656
2025-08-28T18:09:33Z - INFO - [train_model] Epoch 076 | train (price) MSE=35.051830 MAE=4.029348 RMSE=5.920459 | val (price) MSE=2.430053 MAE=1.517311 RMSE=1.558863
2025-08-28T18:09:33Z - INFO - [train_model] New best (price) val MSE=2.430053 at epoch 76; saved → /home/tbfs/Projects/finBert/output/20250828-140926/saved_weights/all_tickers/all_tickers_best-epoch076.pt
2025-08-28T18:09:33Z - INFO - [train_model] Epoch 077 | train (scaled) MSE: mean=0.214316 med=0.087706 std=0.325246 min=0.000000 max=0.960741 | val (scaled) MSE: mean=0.014417 med=0.015738 std=0.006068 min=0.005238 max=0.020953
2025-08-28T18:09:33Z - INFO - [train_model] Epoch 077 | train (price) MSE=34.759106 MAE=4.010283 RMSE=5.895685 | val (price) MSE=2.338200 MAE=1.486686 RMSE=1.529118
2025-08-28T18:09:33Z - INFO - [train_model] New best (price) val MSE=2.338200 at epoch 77; saved → /home/tbfs/Projects/finBert/output/20250828-140926/saved_weights/all_tickers/all_tickers_best-epoch077.pt
2025-08-28T18:09:33Z - INFO - [train_model] Epoch 078 | train (scaled) MSE: mean=0.212429 med=0.085678 std=0.323506 min=0.000001 max=0.955591 | val (scaled) MSE: mean=0.013924 med=0.015216 std=0.005950 min=0.004927 max=0.020339
2025-08-28T18:09:33Z - INFO - [train_model] Epoch 078 | train (price) MSE=34.453030 MAE=3.983582 RMSE=5.869670 | val (price) MSE=2.258353 MAE=1.459540 RMSE=1.502782
2025-08-28T18:09:33Z - INFO - [train_model] New best (price) val MSE=2.258353 at epoch 78; saved → /home/tbfs/Projects/finBert/output/20250828-140926/saved_weights/all_tickers/all_tickers_best-epoch078.pt
2025-08-28T18:09:33Z - INFO - [train_model] Epoch 079 | train (scaled) MSE: mean=0.210771 med=0.084881 std=0.321381 min=0.000011 max=0.947218 | val (scaled) MSE: mean=0.013415 med=0.014674 std=0.005825 min=0.004610 max=0.019702
2025-08-28T18:09:33Z - INFO - [train_model] Epoch 079 | train (price) MSE=34.184155 MAE=3.969904 RMSE=5.846722 | val (price) MSE=2.175786 MAE=1.430926 RMSE=1.475055
2025-08-28T18:09:33Z - INFO - [train_model] New best (price) val MSE=2.175786 at epoch 79; saved → /home/tbfs/Projects/finBert/output/20250828-140926/saved_weights/all_tickers/all_tickers_best-epoch079.pt
2025-08-28T18:09:33Z - INFO - [train_model] Epoch 080 | train (scaled) MSE: mean=0.209251 med=0.083805 std=0.319714 min=0.000015 max=0.943869 | val (scaled) MSE: mean=0.012851 med=0.014073 std=0.005683 min=0.004264 max=0.018992
2025-08-28T18:09:33Z - INFO - [train_model] Epoch 080 | train (price) MSE=33.937550 MAE=3.951994 RMSE=5.825594 | val (price) MSE=2.084172 MAE=1.398488 RMSE=1.443666
2025-08-28T18:09:33Z - INFO - [train_model] New best (price) val MSE=2.084172 at epoch 80; saved → /home/tbfs/Projects/finBert/output/20250828-140926/saved_weights/all_tickers/all_tickers_best-epoch080.pt
2025-08-28T18:09:33Z - INFO - [train_model] Epoch 081 | train (scaled) MSE: mean=0.207079 med=0.082280 std=0.317106 min=0.000009 max=0.936832 | val (scaled) MSE: mean=0.012431 med=0.013625 std=0.005576 min=0.004009 max=0.018462
2025-08-28T18:09:33Z - INFO - [train_model] Epoch 081 | train (price) MSE=33.585350 MAE=3.930526 RMSE=5.795287 | val (price) MSE=2.016088 MAE=1.373883 RMSE=1.419890
2025-08-28T18:09:33Z - INFO - [train_model] New best (price) val MSE=2.016088 at epoch 81; saved → /home/tbfs/Projects/finBert/output/20250828-140926/saved_weights/all_tickers/all_tickers_best-epoch081.pt
2025-08-28T18:09:33Z - INFO - [train_model] Epoch 082 | train (scaled) MSE: mean=0.205811 med=0.080212 std=0.316179 min=0.000001 max=0.934066 | val (scaled) MSE: mean=0.011836 med=0.012991 std=0.005421 min=0.003655 max=0.017709
2025-08-28T18:09:33Z - INFO - [train_model] Epoch 082 | train (price) MSE=33.379749 MAE=3.918038 RMSE=5.777521 | val (price) MSE=1.919686 MAE=1.338269 RMSE=1.385527
2025-08-28T18:09:33Z - INFO - [train_model] New best (price) val MSE=1.919686 at epoch 82; saved → /home/tbfs/Projects/finBert/output/20250828-140926/saved_weights/all_tickers/all_tickers_best-epoch082.pt
2025-08-28T18:09:33Z - INFO - [train_model] Epoch 083 | train (scaled) MSE: mean=0.203723 med=0.079583 std=0.313559 min=0.000000 max=0.925229 | val (scaled) MSE: mean=0.011323 med=0.012442 std=0.005282 min=0.003356 max=0.017055
2025-08-28T18:09:33Z - INFO - [train_model] Epoch 083 | train (price) MSE=33.040977 MAE=3.904349 RMSE=5.748128 | val (price) MSE=1.836510 MAE=1.306768 RMSE=1.355179
2025-08-28T18:09:33Z - INFO - [train_model] New best (price) val MSE=1.836510 at epoch 83; saved → /home/tbfs/Projects/finBert/output/20250828-140926/saved_weights/all_tickers/all_tickers_best-epoch083.pt
2025-08-28T18:09:33Z - INFO - [train_model] Epoch 084 | train (scaled) MSE: mean=0.201784 med=0.077605 std=0.311193 min=0.000009 max=0.920088 | val (scaled) MSE: mean=0.010834 med=0.011917 std=0.005148 min=0.003076 max=0.016428
2025-08-28T18:09:33Z - INFO - [train_model] Epoch 084 | train (price) MSE=32.726551 MAE=3.893353 RMSE=5.720712 | val (price) MSE=1.757192 MAE=1.275994 RMSE=1.325591
2025-08-28T18:09:33Z - INFO - [train_model] New best (price) val MSE=1.757192 at epoch 84; saved → /home/tbfs/Projects/finBert/output/20250828-140926/saved_weights/all_tickers/all_tickers_best-epoch084.pt
2025-08-28T18:09:33Z - INFO - [train_model] Epoch 085 | train (scaled) MSE: mean=0.200041 med=0.076385 std=0.309649 min=0.000056 max=0.914430 | val (scaled) MSE: mean=0.010313 med=0.011357 std=0.005001 min=0.002783 max=0.015757
2025-08-28T18:09:33Z - INFO - [train_model] Epoch 085 | train (price) MSE=32.443890 MAE=3.885007 RMSE=5.695954 | val (price) MSE=1.672654 MAE=1.242342 RMSE=1.293311
2025-08-28T18:09:33Z - INFO - [train_model] New best (price) val MSE=1.672654 at epoch 85; saved → /home/tbfs/Projects/finBert/output/20250828-140926/saved_weights/all_tickers/all_tickers_best-epoch085.pt
2025-08-28T18:09:33Z - INFO - [train_model] Epoch 086 | train (scaled) MSE: mean=0.198004 med=0.074734 std=0.307105 min=0.000107 max=0.908168 | val (scaled) MSE: mean=0.009803 med=0.010807 std=0.004852 min=0.002503 max=0.015094
2025-08-28T18:09:33Z - INFO - [train_model] Epoch 086 | train (price) MSE=32.113445 MAE=3.875523 RMSE=5.666873 | val (price) MSE=1.589858 MAE=1.208489 RMSE=1.260896
2025-08-28T18:09:33Z - INFO - [train_model] New best (price) val MSE=1.589858 at epoch 86; saved → /home/tbfs/Projects/finBert/output/20250828-140926/saved_weights/all_tickers/all_tickers_best-epoch086.pt
2025-08-28T18:09:33Z - INFO - [train_model] Epoch 087 | train (scaled) MSE: mean=0.195910 med=0.073845 std=0.303879 min=0.000150 max=0.897003 | val (scaled) MSE: mean=0.009298 med=0.010257 std=0.004694 min=0.002248 max=0.014432
2025-08-28T18:09:33Z - INFO - [train_model] Epoch 087 | train (price) MSE=31.773851 MAE=3.868582 RMSE=5.636830 | val (price) MSE=1.508026 MAE=1.174317 RMSE=1.228017
2025-08-28T18:09:33Z - INFO - [train_model] New best (price) val MSE=1.508026 at epoch 87; saved → /home/tbfs/Projects/finBert/output/20250828-140926/saved_weights/all_tickers/all_tickers_best-epoch087.pt
2025-08-28T18:09:33Z - INFO - [train_model] Epoch 088 | train (scaled) MSE: mean=0.193593 med=0.071813 std=0.301289 min=0.000224 max=0.887660 | val (scaled) MSE: mean=0.008856 med=0.009771 std=0.004562 min=0.002021 max=0.013860
2025-08-28T18:09:33Z - INFO - [train_model] Epoch 088 | train (price) MSE=31.398087 MAE=3.851319 RMSE=5.603400 | val (price) MSE=1.436282 MAE=1.143267 RMSE=1.198450
2025-08-28T18:09:33Z - INFO - [train_model] New best (price) val MSE=1.436282 at epoch 88; saved → /home/tbfs/Projects/finBert/output/20250828-140926/saved_weights/all_tickers/all_tickers_best-epoch088.pt
2025-08-28T18:09:33Z - INFO - [train_model] Epoch 089 | train (scaled) MSE: mean=0.191564 med=0.071012 std=0.298696 min=0.000325 max=0.886121 | val (scaled) MSE: mean=0.008319 med=0.009185 std=0.004394 min=0.001750 max=0.013154
2025-08-28T18:09:33Z - INFO - [train_model] Epoch 089 | train (price) MSE=31.069008 MAE=3.843980 RMSE=5.573958 | val (price) MSE=1.349179 MAE=1.104398 RMSE=1.161542
2025-08-28T18:09:33Z - INFO - [train_model] New best (price) val MSE=1.349179 at epoch 89; saved → /home/tbfs/Projects/finBert/output/20250828-140926/saved_weights/all_tickers/all_tickers_best-epoch089.pt
2025-08-28T18:09:33Z - INFO - [train_model] Epoch 090 | train (scaled) MSE: mean=0.188720 med=0.068386 std=0.294930 min=0.000482 max=0.873555 | val (scaled) MSE: mean=0.007846 med=0.008677 std=0.004239 min=0.001511 max=0.012519
2025-08-28T18:09:33Z - INFO - [train_model] Epoch 090 | train (price) MSE=30.607710 MAE=3.825068 RMSE=5.532424 | val (price) MSE=1.272472 MAE=1.068851 RMSE=1.128039
2025-08-28T18:09:33Z - INFO - [train_model] New best (price) val MSE=1.272472 at epoch 90; saved → /home/tbfs/Projects/finBert/output/20250828-140926/saved_weights/all_tickers/all_tickers_best-epoch090.pt
2025-08-28T18:09:33Z - INFO - [train_model] Epoch 091 | train (scaled) MSE: mean=0.186570 med=0.066388 std=0.293645 min=0.000566 max=0.868337 | val (scaled) MSE: mean=0.007255 med=0.008030 std=0.004037 min=0.001237 max=0.011723
2025-08-28T18:09:33Z - INFO - [train_model] Epoch 091 | train (price) MSE=30.258997 MAE=3.809276 RMSE=5.500818 | val (price) MSE=1.176694 MAE=1.022928 RMSE=1.084755
2025-08-28T18:09:33Z - INFO - [train_model] New best (price) val MSE=1.176694 at epoch 91; saved → /home/tbfs/Projects/finBert/output/20250828-140926/saved_weights/all_tickers/all_tickers_best-epoch091.pt
2025-08-28T18:09:33Z - INFO - [train_model] Epoch 092 | train (scaled) MSE: mean=0.183876 med=0.064202 std=0.289675 min=0.000784 max=0.857256 | val (scaled) MSE: mean=0.006688 med=0.007406 std=0.003833 min=0.000989 max=0.010949
2025-08-28T18:09:33Z - INFO - [train_model] Epoch 092 | train (price) MSE=29.822145 MAE=3.797060 RMSE=5.460966 | val (price) MSE=1.084644 MAE=0.976752 RMSE=1.041462
2025-08-28T18:09:33Z - INFO - [train_model] New best (price) val MSE=1.084644 at epoch 92; saved → /home/tbfs/Projects/finBert/output/20250828-140926/saved_weights/all_tickers/all_tickers_best-epoch092.pt
2025-08-28T18:09:34Z - INFO - [train_model] Epoch 093 | train (scaled) MSE: mean=0.180969 med=0.062359 std=0.285964 min=0.000993 max=0.846230 | val (scaled) MSE: mean=0.006216 med=0.006884 std=0.003656 min=0.000796 max=0.010298
2025-08-28T18:09:34Z - INFO - [train_model] Epoch 093 | train (price) MSE=29.350637 MAE=3.775323 RMSE=5.417623 | val (price) MSE=1.008104 MAE=0.936615 RMSE=1.004044
2025-08-28T18:09:34Z - INFO - [train_model] New best (price) val MSE=1.008104 at epoch 93; saved → /home/tbfs/Projects/finBert/output/20250828-140926/saved_weights/all_tickers/all_tickers_best-epoch093.pt
2025-08-28T18:09:34Z - INFO - [train_model] Epoch 094 | train (scaled) MSE: mean=0.178422 med=0.060755 std=0.281929 min=0.001291 max=0.833301 | val (scaled) MSE: mean=0.005731 med=0.006346 std=0.003465 min=0.000612 max=0.009621
2025-08-28T18:09:34Z - INFO - [train_model] Epoch 094 | train (price) MSE=28.937500 MAE=3.765980 RMSE=5.379359 | val (price) MSE=0.929511 MAE=0.893522 RMSE=0.964112
2025-08-28T18:09:34Z - INFO - [train_model] New best (price) val MSE=0.929511 at epoch 94; saved → /home/tbfs/Projects/finBert/output/20250828-140926/saved_weights/all_tickers/all_tickers_best-epoch094.pt
2025-08-28T18:09:34Z - INFO - [train_model] Epoch 095 | train (scaled) MSE: mean=0.176006 med=0.058958 std=0.279291 min=0.001493 max=0.826839 | val (scaled) MSE: mean=0.005215 med=0.005768 std=0.003252 min=0.000435 max=0.008889
2025-08-28T18:09:34Z - INFO - [train_model] Epoch 095 | train (price) MSE=28.545769 MAE=3.749801 RMSE=5.342824 | val (price) MSE=0.845825 MAE=0.845230 RMSE=0.919688
2025-08-28T18:09:34Z - INFO - [train_model] New best (price) val MSE=0.845825 at epoch 95; saved → /home/tbfs/Projects/finBert/output/20250828-140926/saved_weights/all_tickers/all_tickers_best-epoch095.pt
2025-08-28T18:09:34Z - INFO - [train_model] Epoch 096 | train (scaled) MSE: mean=0.173241 med=0.057509 std=0.275689 min=0.001842 max=0.816713 | val (scaled) MSE: mean=0.004748 med=0.005242 std=0.003047 min=0.000294 max=0.008216
2025-08-28T18:09:34Z - INFO - [train_model] Epoch 096 | train (price) MSE=28.097292 MAE=3.732340 RMSE=5.300688 | val (price) MSE=0.770139 MAE=0.799017 RMSE=0.877575
2025-08-28T18:09:34Z - INFO - [train_model] New best (price) val MSE=0.770139 at epoch 96; saved → /home/tbfs/Projects/finBert/output/20250828-140926/saved_weights/all_tickers/all_tickers_best-epoch096.pt
2025-08-28T18:09:34Z - INFO - [train_model] Epoch 097 | train (scaled) MSE: mean=0.170623 med=0.054916 std=0.272489 min=0.002019 max=0.806488 | val (scaled) MSE: mean=0.004299 med=0.004731 std=0.002838 min=0.000178 max=0.007556
2025-08-28T18:09:34Z - INFO - [train_model] Epoch 097 | train (price) MSE=27.672739 MAE=3.717853 RMSE=5.260488 | val (price) MSE=0.697185 MAE=0.751760 RMSE=0.834976
2025-08-28T18:09:34Z - INFO - [train_model] New best (price) val MSE=0.697185 at epoch 97; saved → /home/tbfs/Projects/finBert/output/20250828-140926/saved_weights/all_tickers/all_tickers_best-epoch097.pt
2025-08-28T18:09:34Z - INFO - [train_model] Epoch 098 | train (scaled) MSE: mean=0.168070 med=0.052976 std=0.268526 min=0.002690 max=0.795293 | val (scaled) MSE: mean=0.003847 med=0.004212 std=0.002614 min=0.000085 max=0.006878
2025-08-28T18:09:34Z - INFO - [train_model] Epoch 098 | train (price) MSE=27.258688 MAE=3.705918 RMSE=5.220985 | val (price) MSE=0.623894 MAE=0.701066 RMSE=0.789870
2025-08-28T18:09:34Z - INFO - [train_model] New best (price) val MSE=0.623894 at epoch 98; saved → /home/tbfs/Projects/finBert/output/20250828-140926/saved_weights/all_tickers/all_tickers_best-epoch098.pt
2025-08-28T18:09:34Z - INFO - [train_model] Epoch 099 | train (scaled) MSE: mean=0.164966 med=0.051351 std=0.264491 min=0.002746 max=0.784064 | val (scaled) MSE: mean=0.003505 med=0.003816 std=0.002433 min=0.000035 max=0.006354
2025-08-28T18:09:34Z - INFO - [train_model] Epoch 099 | train (price) MSE=26.755110 MAE=3.678315 RMSE=5.172534 | val (price) MSE=0.568464 MAE=0.660127 RMSE=0.753965
2025-08-28T18:09:34Z - INFO - [train_model] New best (price) val MSE=0.568464 at epoch 99; saved → /home/tbfs/Projects/finBert/output/20250828-140926/saved_weights/all_tickers/all_tickers_best-epoch099.pt
2025-08-28T18:09:34Z - INFO - [train_model] Epoch 100 | train (scaled) MSE: mean=0.162685 med=0.049697 std=0.261136 min=0.003336 max=0.775020 | val (scaled) MSE: mean=0.003101 med=0.003341 std=0.002204 min=0.000003 max=0.005719
2025-08-28T18:09:34Z - INFO - [train_model] Epoch 100 | train (price) MSE=26.385225 MAE=3.668939 RMSE=5.136655 | val (price) MSE=0.502955 MAE=0.608171 RMSE=0.709194
2025-08-28T18:09:34Z - INFO - [train_model] New best (price) val MSE=0.502955 at epoch 100; saved → /home/tbfs/Projects/finBert/output/20250828-140926/saved_weights/all_tickers/all_tickers_best-epoch100.pt
2025-08-28T18:09:34Z - INFO - [train_model] Epoch 101 | train (scaled) MSE: mean=0.159884 med=0.048628 std=0.257553 min=0.003884 max=0.763203 | val (scaled) MSE: mean=0.002759 med=0.002934 std=0.001994 min=0.000005 max=0.005164
2025-08-28T18:09:34Z - INFO - [train_model] Epoch 101 | train (price) MSE=25.930946 MAE=3.650686 RMSE=5.092244 | val (price) MSE=0.447541 MAE=0.574039 RMSE=0.668985
2025-08-28T18:09:34Z - INFO - [train_model] New best (price) val MSE=0.447541 at epoch 101; saved → /home/tbfs/Projects/finBert/output/20250828-140926/saved_weights/all_tickers/all_tickers_best-epoch101.pt
2025-08-28T18:09:34Z - INFO - [train_model] Epoch 102 | train (scaled) MSE: mean=0.157394 med=0.048606 std=0.253533 min=0.003867 max=0.758023 | val (scaled) MSE: mean=0.002405 med=0.002505 std=0.001757 min=0.000043 max=0.004569
2025-08-28T18:09:34Z - INFO - [train_model] Epoch 102 | train (price) MSE=25.527071 MAE=3.639227 RMSE=5.052432 | val (price) MSE=0.390083 MAE=0.547719 RMSE=0.624566
2025-08-28T18:09:34Z - INFO - [train_model] New best (price) val MSE=0.390083 at epoch 102; saved → /home/tbfs/Projects/finBert/output/20250828-140926/saved_weights/all_tickers/all_tickers_best-epoch102.pt
2025-08-28T18:09:34Z - INFO - [train_model] Epoch 103 | train (scaled) MSE: mean=0.154290 med=0.046279 std=0.250100 min=0.003489 max=0.744468 | val (scaled) MSE: mean=0.002148 med=0.002187 std=0.001569 min=0.000101 max=0.004119
2025-08-28T18:09:34Z - INFO - [train_model] Epoch 103 | train (price) MSE=25.023621 MAE=3.605851 RMSE=5.002362 | val (price) MSE=0.348413 MAE=0.526707 RMSE=0.590265
2025-08-28T18:09:34Z - INFO - [train_model] New best (price) val MSE=0.348413 at epoch 103; saved → /home/tbfs/Projects/finBert/output/20250828-140926/saved_weights/all_tickers/all_tickers_best-epoch103.pt
2025-08-28T18:09:34Z - INFO - [train_model] Epoch 104 | train (scaled) MSE: mean=0.152165 med=0.045202 std=0.246625 min=0.002740 max=0.736100 | val (scaled) MSE: mean=0.001845 med=0.001802 std=0.001325 min=0.000215 max=0.003561
2025-08-28T18:09:34Z - INFO - [train_model] Epoch 104 | train (price) MSE=24.679024 MAE=3.595264 RMSE=4.967799 | val (price) MSE=0.299193 MAE=0.498991 RMSE=0.546985
2025-08-28T18:09:34Z - INFO - [train_model] New best (price) val MSE=0.299193 at epoch 104; saved → /home/tbfs/Projects/finBert/output/20250828-140926/saved_weights/all_tickers/all_tickers_best-epoch104.pt
2025-08-28T18:09:34Z - INFO - [train_model] Epoch 105 | train (scaled) MSE: mean=0.149020 med=0.043730 std=0.242351 min=0.002672 max=0.722905 | val (scaled) MSE: mean=0.001629 med=0.001518 std=0.001133 min=0.000339 max=0.003138
2025-08-28T18:09:34Z - INFO - [train_model] Epoch 105 | train (price) MSE=24.169016 MAE=3.570821 RMSE=4.916199 | val (price) MSE=0.264132 MAE=0.476563 RMSE=0.513938
2025-08-28T18:09:34Z - INFO - [train_model] New best (price) val MSE=0.264132 at epoch 105; saved → /home/tbfs/Projects/finBert/output/20250828-140926/saved_weights/all_tickers/all_tickers_best-epoch105.pt
2025-08-28T18:09:34Z - INFO - [train_model] Epoch 106 | train (scaled) MSE: mean=0.147014 med=0.042691 std=0.239574 min=0.001958 max=0.715389 | val (scaled) MSE: mean=0.001392 med=0.001199 std=0.000901 min=0.000530 max=0.002639
2025-08-28T18:09:34Z - INFO - [train_model] Epoch 106 | train (price) MSE=23.843649 MAE=3.557319 RMSE=4.882996 | val (price) MSE=0.225704 MAE=0.448000 RMSE=0.475083
2025-08-28T18:09:34Z - INFO - [train_model] New best (price) val MSE=0.225704 at epoch 106; saved → /home/tbfs/Projects/finBert/output/20250828-140926/saved_weights/all_tickers/all_tickers_best-epoch106.pt
2025-08-28T18:09:34Z - INFO - [train_model] Epoch 107 | train (scaled) MSE: mean=0.143854 med=0.042439 std=0.234375 min=0.001712 max=0.700517 | val (scaled) MSE: mean=0.001220 med=0.001138 std=0.000722 min=0.000366 max=0.002239
2025-08-28T18:09:34Z - INFO - [train_model] Epoch 107 | train (price) MSE=23.331175 MAE=3.536314 RMSE=4.830235 | val (price) MSE=0.197889 MAE=0.423090 RMSE=0.444847
2025-08-28T18:09:34Z - INFO - [train_model] New best (price) val MSE=0.197889 at epoch 107; saved → /home/tbfs/Projects/finBert/output/20250828-140926/saved_weights/all_tickers/all_tickers_best-epoch107.pt
2025-08-28T18:09:34Z - INFO - [train_model] Epoch 108 | train (scaled) MSE: mean=0.141027 med=0.041361 std=0.229679 min=0.001540 max=0.688179 | val (scaled) MSE: mean=0.001092 med=0.001112 std=0.000596 min=0.000243 max=0.001903
2025-08-28T18:09:34Z - INFO - [train_model] Epoch 108 | train (price) MSE=22.872643 MAE=3.516795 RMSE=4.782535 | val (price) MSE=0.177144 MAE=0.400378 RMSE=0.420885
2025-08-28T18:09:34Z - INFO - [train_model] New best (price) val MSE=0.177144 at epoch 108; saved → /home/tbfs/Projects/finBert/output/20250828-140926/saved_weights/all_tickers/all_tickers_best-epoch108.pt
2025-08-28T18:09:34Z - INFO - [train_model] Epoch 109 | train (scaled) MSE: mean=0.139055 med=0.039711 std=0.228139 min=0.001282 max=0.684797 | val (scaled) MSE: mean=0.000971 med=0.001118 std=0.000530 min=0.000125 max=0.001522
2025-08-28T18:09:34Z - INFO - [train_model] Epoch 109 | train (price) MSE=22.552748 MAE=3.496009 RMSE=4.748973 | val (price) MSE=0.157477 MAE=0.372110 RMSE=0.396834
2025-08-28T18:09:34Z - INFO - [train_model] New best (price) val MSE=0.157477 at epoch 109; saved → /home/tbfs/Projects/finBert/output/20250828-140926/saved_weights/all_tickers/all_tickers_best-epoch109.pt
2025-08-28T18:09:34Z - INFO - [train_model] Epoch 110 | train (scaled) MSE: mean=0.136080 med=0.038904 std=0.222930 min=0.000902 max=0.674640 | val (scaled) MSE: mean=0.000897 med=0.000958 std=0.000586 min=0.000051 max=0.001620
2025-08-28T18:09:34Z - INFO - [train_model] Epoch 110 | train (price) MSE=22.070208 MAE=3.473092 RMSE=4.697894 | val (price) MSE=0.145482 MAE=0.346257 RMSE=0.381421
2025-08-28T18:09:34Z - INFO - [train_model] New best (price) val MSE=0.145482 at epoch 110; saved → /home/tbfs/Projects/finBert/output/20250828-140926/saved_weights/all_tickers/all_tickers_best-epoch110.pt
2025-08-28T18:09:34Z - INFO - [train_model] Epoch 111 | train (scaled) MSE: mean=0.133446 med=0.039131 std=0.218707 min=0.000694 max=0.661334 | val (scaled) MSE: mean=0.000859 med=0.000722 std=0.000727 min=0.000010 max=0.001981
2025-08-28T18:09:34Z - INFO - [train_model] Epoch 111 | train (price) MSE=21.643091 MAE=3.450938 RMSE=4.652214 | val (price) MSE=0.139270 MAE=0.320867 RMSE=0.373189
2025-08-28T18:09:34Z - INFO - [train_model] New best (price) val MSE=0.139270 at epoch 111; saved → /home/tbfs/Projects/finBert/output/20250828-140926/saved_weights/all_tickers/all_tickers_best-epoch111.pt
2025-08-28T18:09:34Z - INFO - [train_model] Epoch 112 | train (scaled) MSE: mean=0.130859 med=0.037106 std=0.214508 min=0.000523 max=0.646413 | val (scaled) MSE: mean=0.000855 med=0.000519 std=0.000916 min=0.000001 max=0.002382
2025-08-28T18:09:34Z - INFO - [train_model] Epoch 112 | train (price) MSE=21.223459 MAE=3.428550 RMSE=4.606893 | val (price) MSE=0.138694 MAE=0.300476 RMSE=0.372416
2025-08-28T18:09:34Z - INFO - [train_model] New best (price) val MSE=0.138694 at epoch 112; saved → /home/tbfs/Projects/finBert/output/20250828-140926/saved_weights/all_tickers/all_tickers_best-epoch112.pt
2025-08-28T18:09:34Z - INFO - [train_model] Epoch 113 | train (scaled) MSE: mean=0.128352 med=0.036343 std=0.210267 min=0.000260 max=0.639137 | val (scaled) MSE: mean=0.000886 med=0.000347 std=0.001134 min=0.000023 max=0.002829
2025-08-28T18:09:34Z - INFO - [train_model] Epoch 113 | train (price) MSE=20.816860 MAE=3.405196 RMSE=4.562550 | val (price) MSE=0.143746 MAE=0.300253 RMSE=0.379139
2025-08-28T18:09:34Z - INFO - [train_model] Epoch 114 | train (scaled) MSE: mean=0.126020 med=0.035355 std=0.206247 min=0.000228 max=0.625636 | val (scaled) MSE: mean=0.000960 med=0.000202 std=0.001384 min=0.000084 max=0.003351
2025-08-28T18:09:34Z - INFO - [train_model] Epoch 114 | train (price) MSE=20.438648 MAE=3.391230 RMSE=4.520912 | val (price) MSE=0.155642 MAE=0.300064 RMSE=0.394515
2025-08-28T18:09:34Z - INFO - [train_model] Epoch 115 | train (scaled) MSE: mean=0.123347 med=0.034678 std=0.202710 min=0.000117 max=0.617310 | val (scaled) MSE: mean=0.001065 med=0.000178 std=0.001625 min=0.000027 max=0.003879
2025-08-28T18:09:34Z - INFO - [train_model] Epoch 115 | train (price) MSE=20.005239 MAE=3.357449 RMSE=4.472722 | val (price) MSE=0.172809 MAE=0.299889 RMSE=0.415703
2025-08-28T18:09:34Z - INFO - [train_model] Epoch 116 | train (scaled) MSE: mean=0.120633 med=0.034613 std=0.197107 min=0.000037 max=0.600563 | val (scaled) MSE: mean=0.001174 med=0.000185 std=0.001819 min=0.000004 max=0.004321
2025-08-28T18:09:34Z - INFO - [train_model] Epoch 116 | train (price) MSE=19.565062 MAE=3.335092 RMSE=4.423241 | val (price) MSE=0.190365 MAE=0.299687 RMSE=0.436309
2025-08-28T18:09:34Z - INFO - [train_model] Epoch 117 | train (scaled) MSE: mean=0.118824 med=0.033727 std=0.193997 min=0.000014 max=0.592172 | val (scaled) MSE: mean=0.001384 med=0.000238 std=0.002123 min=0.000011 max=0.005047
2025-08-28T18:09:34Z - INFO - [train_model] Epoch 117 | train (price) MSE=19.271599 MAE=3.321736 RMSE=4.389943 | val (price) MSE=0.224392 MAE=0.320112 RMSE=0.473700
2025-08-28T18:09:34Z - INFO - [train_model] Epoch 118 | train (scaled) MSE: mean=0.116233 med=0.034021 std=0.189120 min=0.000018 max=0.577095 | val (scaled) MSE: mean=0.001625 med=0.000365 std=0.002408 min=0.000000 max=0.005772
2025-08-28T18:09:34Z - INFO - [train_model] Epoch 118 | train (price) MSE=18.851419 MAE=3.303880 RMSE=4.341822 | val (price) MSE=0.263626 MAE=0.350310 RMSE=0.513445
2025-08-28T18:09:34Z - INFO - [train_model] Epoch 119 | train (scaled) MSE: mean=0.113307 med=0.033145 std=0.184419 min=0.000055 max=0.569117 | val (scaled) MSE: mean=0.001830 med=0.000490 std=0.002618 min=0.000011 max=0.006330
2025-08-28T18:09:34Z - INFO - [train_model] Epoch 119 | train (price) MSE=18.376734 MAE=3.276816 RMSE=4.286809 | val (price) MSE=0.296823 MAE=0.392930 RMSE=0.544815
2025-08-28T18:09:34Z - INFO - [train_model] Epoch 120 | train (scaled) MSE: mean=0.111638 med=0.032114 std=0.181448 min=0.000176 max=0.560819 | val (scaled) MSE: mean=0.002180 med=0.000719 std=0.002933 min=0.000071 max=0.007211
2025-08-28T18:09:34Z - INFO - [train_model] Epoch 120 | train (price) MSE=18.106186 MAE=3.269547 RMSE=4.255136 | val (price) MSE=0.353582 MAE=0.458750 RMSE=0.594628
2025-08-28T18:09:34Z - INFO - [train_model] Epoch 121 | train (scaled) MSE: mean=0.108913 med=0.032021 std=0.176751 min=0.000295 max=0.547782 | val (scaled) MSE: mean=0.002521 med=0.000950 std=0.003211 min=0.000164 max=0.008019
2025-08-28T18:09:34Z - INFO - [train_model] Epoch 121 | train (price) MSE=17.664141 MAE=3.245519 RMSE=4.202873 | val (price) MSE=0.408851 MAE=0.514455 RMSE=0.639415
2025-08-28T18:09:34Z - INFO - [train_model] Epoch 122 | train (scaled) MSE: mean=0.106762 med=0.031717 std=0.172394 min=0.000413 max=0.535519 | val (scaled) MSE: mean=0.002937 med=0.001247 std=0.003511 min=0.000312 max=0.008941
2025-08-28T18:09:34Z - INFO - [train_model] Epoch 122 | train (price) MSE=17.315382 MAE=3.230963 RMSE=4.161176 | val (price) MSE=0.476294 MAE=0.575676 RMSE=0.690140
2025-08-28T18:09:34Z - INFO - [train_model] Epoch 123 | train (scaled) MSE: mean=0.104148 med=0.029359 std=0.167707 min=0.000647 max=0.522221 | val (scaled) MSE: mean=0.003317 med=0.001526 std=0.003765 min=0.000468 max=0.009748
2025-08-28T18:09:34Z - INFO - [train_model] Epoch 123 | train (price) MSE=16.891306 MAE=3.204916 RMSE=4.109903 | val (price) MSE=0.537932 MAE=0.626290 RMSE=0.733439
2025-08-28T18:09:34Z - INFO - [train_model] Epoch 124 | train (scaled) MSE: mean=0.102405 med=0.029677 std=0.163269 min=0.000826 max=0.508088 | val (scaled) MSE: mean=0.003816 med=0.001903 std=0.004068 min=0.000700 max=0.010758
2025-08-28T18:09:34Z - INFO - [train_model] Epoch 124 | train (price) MSE=16.608591 MAE=3.200193 RMSE=4.075364 | val (price) MSE=0.618951 MAE=0.687417 RMSE=0.786734
2025-08-28T18:09:34Z - INFO - [train_model] Epoch 125 | train (scaled) MSE: mean=0.099926 med=0.029734 std=0.158718 min=0.000936 max=0.496967 | val (scaled) MSE: mean=0.004167 med=0.002172 std=0.004268 min=0.000876 max=0.011447
2025-08-28T18:09:34Z - INFO - [train_model] Epoch 125 | train (price) MSE=16.206604 MAE=3.172080 RMSE=4.025743 | val (price) MSE=0.675797 MAE=0.727206 RMSE=0.822069
2025-08-28T18:09:34Z - INFO - [train_model] Epoch 126 | train (scaled) MSE: mean=0.099196 med=0.032196 std=0.156807 min=0.001249 max=0.491979 | val (scaled) MSE: mean=0.004873 med=0.002728 std=0.004640 min=0.001258 max=0.012780
2025-08-28T18:09:34Z - INFO - [train_model] Epoch 126 | train (price) MSE=16.088146 MAE=3.173744 RMSE=4.011003 | val (price) MSE=0.790356 MAE=0.801569 RMSE=0.889020
2025-08-28T18:09:34Z - INFO - [train_model] Epoch 127 | train (scaled) MSE: mean=0.096288 med=0.032602 std=0.151334 min=0.001624 max=0.477728 | val (scaled) MSE: mean=0.005315 med=0.003079 std=0.004858 min=0.001511 max=0.013589
2025-08-28T18:09:34Z - INFO - [train_model] Epoch 127 | train (price) MSE=15.616646 MAE=3.138927 RMSE=3.951790 | val (price) MSE=0.861970 MAE=0.844735 RMSE=0.928423
2025-08-28T18:09:34Z - INFO - [train_model] Epoch 128 | train (scaled) MSE: mean=0.094658 med=0.033182 std=0.146638 min=0.001962 max=0.460744 | val (scaled) MSE: mean=0.005830 med=0.003495 std=0.005100 min=0.001818 max=0.014513
2025-08-28T18:09:34Z - INFO - [train_model] Epoch 128 | train (price) MSE=15.352229 MAE=3.134375 RMSE=3.918192 | val (price) MSE=0.945560 MAE=0.892516 RMSE=0.972399
2025-08-28T18:09:34Z - INFO - [train_model] Epoch 129 | train (scaled) MSE: mean=0.093209 med=0.033035 std=0.144014 min=0.002429 max=0.455689 | val (scaled) MSE: mean=0.006382 med=0.003944 std=0.005346 min=0.002158 max=0.015481
2025-08-28T18:09:34Z - INFO - [train_model] Epoch 129 | train (price) MSE=15.117261 MAE=3.117573 RMSE=3.888092 | val (price) MSE=1.035022 MAE=0.940973 RMSE=1.017361
2025-08-28T18:09:34Z - INFO - [train_model] Epoch 130 | train (scaled) MSE: mean=0.091692 med=0.034918 std=0.140451 min=0.002650 max=0.443870 | val (scaled) MSE: mean=0.007011 med=0.004460 std=0.005615 min=0.002559 max=0.016565
2025-08-28T18:09:34Z - INFO - [train_model] Epoch 130 | train (price) MSE=14.871220 MAE=3.100975 RMSE=3.856322 | val (price) MSE=1.137143 MAE=0.993417 RMSE=1.066369
2025-08-28T18:09:34Z - INFO - [train_model] Epoch 131 | train (scaled) MSE: mean=0.090020 med=0.036364 std=0.137233 min=0.003127 max=0.438477 | val (scaled) MSE: mean=0.007496 med=0.004860 std=0.005814 min=0.002876 max=0.017387
2025-08-28T18:09:34Z - INFO - [train_model] Epoch 131 | train (price) MSE=14.599994 MAE=3.080012 RMSE=3.820994 | val (price) MSE=1.215751 MAE=1.031967 RMSE=1.102611
2025-08-28T18:09:34Z - INFO - [train_model] Epoch 132 | train (scaled) MSE: mean=0.089432 med=0.038242 std=0.134696 min=0.003661 max=0.428036 | val (scaled) MSE: mean=0.008345 med=0.005568 std=0.006145 min=0.003446 max=0.018799
2025-08-28T18:09:34Z - INFO - [train_model] Epoch 132 | train (price) MSE=14.504622 MAE=3.080177 RMSE=3.808493 | val (price) MSE=1.353489 MAE=1.096295 RMSE=1.163395
2025-08-28T18:09:34Z - INFO - [train_model] Epoch 133 | train (scaled) MSE: mean=0.087659 med=0.037272 std=0.130907 min=0.003995 max=0.419119 | val (scaled) MSE: mean=0.008997 med=0.006115 std=0.006390 min=0.003894 max=0.019866
2025-08-28T18:09:34Z - INFO - [train_model] Epoch 133 | train (price) MSE=14.217068 MAE=3.055910 RMSE=3.770553 | val (price) MSE=1.459244 MAE=1.143233 RMSE=1.207992
2025-08-28T18:09:34Z - INFO - [train_model] Epoch 134 | train (scaled) MSE: mean=0.086161 med=0.038056 std=0.127405 min=0.004225 max=0.409277 | val (scaled) MSE: mean=0.009462 med=0.006505 std=0.006559 min=0.004218 max=0.020618
2025-08-28T18:09:34Z - INFO - [train_model] Epoch 134 | train (price) MSE=13.974154 MAE=3.038991 RMSE=3.738202 | val (price) MSE=1.534530 MAE=1.175503 RMSE=1.238761
2025-08-28T18:09:34Z - INFO - [train_model] Epoch 135 | train (scaled) MSE: mean=0.085466 med=0.039573 std=0.125353 min=0.004682 max=0.403627 | val (scaled) MSE: mean=0.010196 med=0.007126 std=0.006818 min=0.004739 max=0.021794
2025-08-28T18:09:34Z - INFO - [train_model] Epoch 135 | train (price) MSE=13.861439 MAE=3.029769 RMSE=3.723095 | val (price) MSE=1.653709 MAE=1.224869 RMSE=1.285966
2025-08-28T18:09:34Z - INFO - [train_model] Epoch 136 | train (scaled) MSE: mean=0.083838 med=0.039984 std=0.121856 min=0.005021 max=0.393933 | val (scaled) MSE: mean=0.010542 med=0.007419 std=0.006938 min=0.004987 max=0.022345
2025-08-28T18:09:34Z - INFO - [train_model] Epoch 136 | train (price) MSE=13.597276 MAE=3.008384 RMSE=3.687448 | val (price) MSE=1.709822 MAE=1.247420 RMSE=1.307602
2025-08-28T18:09:34Z - INFO - [train_model] Epoch 137 | train (scaled) MSE: mean=0.082811 med=0.040477 std=0.119178 min=0.005468 max=0.384616 | val (scaled) MSE: mean=0.011050 med=0.007850 std=0.007110 min=0.005354 max=0.023145
2025-08-28T18:09:34Z - INFO - [train_model] Epoch 137 | train (price) MSE=13.430793 MAE=2.996035 RMSE=3.664805 | val (price) MSE=1.792103 MAE=1.279788 RMSE=1.338694
2025-08-28T18:09:34Z - INFO - [train_model] Epoch 138 | train (scaled) MSE: mean=0.082087 med=0.041782 std=0.116377 min=0.006059 max=0.374958 | val (scaled) MSE: mean=0.011806 med=0.008496 std=0.007358 min=0.005908 max=0.024325
2025-08-28T18:09:34Z - INFO - [train_model] Epoch 138 | train (price) MSE=13.313401 MAE=2.992063 RMSE=3.648753 | val (price) MSE=1.914798 MAE=1.326610 RMSE=1.383762
2025-08-28T18:09:34Z - INFO - [train_model] Epoch 139 | train (scaled) MSE: mean=0.081089 med=0.043676 std=0.113803 min=0.006656 max=0.369395 | val (scaled) MSE: mean=0.012547 med=0.009130 std=0.007594 min=0.006457 max=0.025470
2025-08-28T18:09:34Z - INFO - [train_model] Epoch 139 | train (price) MSE=13.151580 MAE=2.976363 RMSE=3.626511 | val (price) MSE=2.034927 MAE=1.370901 RMSE=1.426509
2025-08-28T18:09:34Z - INFO - [train_model] Epoch 140 | train (scaled) MSE: mean=0.080146 med=0.044778 std=0.111424 min=0.006342 max=0.363108 | val (scaled) MSE: mean=0.013169 med=0.009662 std=0.007791 min=0.006923 max=0.026430
2025-08-28T18:09:34Z - INFO - [train_model] Epoch 140 | train (price) MSE=12.998578 MAE=2.958758 RMSE=3.605354 | val (price) MSE=2.135840 MAE=1.406994 RMSE=1.461451
2025-08-28T18:09:34Z - INFO - [train_model] Epoch 141 | train (scaled) MSE: mean=0.079228 med=0.045225 std=0.108946 min=0.005850 max=0.354991 | val (scaled) MSE: mean=0.013793 med=0.010197 std=0.007983 min=0.007395 max=0.027383
2025-08-28T18:09:34Z - INFO - [train_model] Epoch 141 | train (price) MSE=12.849698 MAE=2.944149 RMSE=3.584648 | val (price) MSE=2.237027 MAE=1.442309 RMSE=1.495670
2025-08-28T18:09:34Z - INFO - [train_model] Epoch 142 | train (scaled) MSE: mean=0.078500 med=0.046491 std=0.106855 min=0.004874 max=0.351302 | val (scaled) MSE: mean=0.014427 med=0.010743 std=0.008173 min=0.007878 max=0.028342
2025-08-28T18:09:34Z - INFO - [train_model] Epoch 142 | train (price) MSE=12.731603 MAE=2.930973 RMSE=3.568137 | val (price) MSE=2.339785 MAE=1.477313 RMSE=1.529636
2025-08-28T18:09:34Z - INFO - [train_model] Epoch 143 | train (scaled) MSE: mean=0.077575 med=0.047009 std=0.104607 min=0.004883 max=0.344113 | val (scaled) MSE: mean=0.014513 med=0.010815 std=0.008201 min=0.007944 max=0.028478
2025-08-28T18:09:34Z - INFO - [train_model] Epoch 143 | train (price) MSE=12.581515 MAE=2.918808 RMSE=3.547043 | val (price) MSE=2.353812 MAE=1.482004 RMSE=1.534214
2025-08-28T18:09:35Z - INFO - [train_model] Epoch 144 | train (scaled) MSE: mean=0.077149 med=0.047178 std=0.103407 min=0.004171 max=0.340391 | val (scaled) MSE: mean=0.015253 med=0.011455 std=0.008418 min=0.008513 max=0.029589
2025-08-28T18:09:35Z - INFO - [train_model] Epoch 144 | train (price) MSE=12.512431 MAE=2.909409 RMSE=3.537291 | val (price) MSE=2.473845 MAE=1.521757 RMSE=1.572846
2025-08-28T18:09:35Z - INFO - [train_model] Epoch 145 | train (scaled) MSE: mean=0.076317 med=0.048531 std=0.101045 min=0.004100 max=0.333446 | val (scaled) MSE: mean=0.015529 med=0.011692 std=0.008499 min=0.008726 max=0.030005
2025-08-28T18:09:35Z - INFO - [train_model] Epoch 145 | train (price) MSE=12.377511 MAE=2.897925 RMSE=3.518169 | val (price) MSE=2.518524 MAE=1.536274 RMSE=1.586986
2025-08-28T18:09:35Z - INFO - [train_model] Epoch 146 | train (scaled) MSE: mean=0.076103 med=0.049638 std=0.099999 min=0.003284 max=0.331032 | val (scaled) MSE: mean=0.016484 med=0.012521 std=0.008769 min=0.009469 max=0.031423
2025-08-28T18:09:35Z - INFO - [train_model] Epoch 146 | train (price) MSE=12.342908 MAE=2.887206 RMSE=3.513247 | val (price) MSE=2.673424 MAE=1.585646 RMSE=1.635061
2025-08-28T18:09:35Z - INFO - [train_model] Epoch 147 | train (scaled) MSE: mean=0.074903 med=0.050564 std=0.096343 min=0.003180 max=0.318356 | val (scaled) MSE: mean=0.016927 med=0.012906 std=0.008893 min=0.009816 max=0.032081
2025-08-28T18:09:35Z - INFO - [train_model] Epoch 147 | train (price) MSE=12.148197 MAE=2.873950 RMSE=3.485426 | val (price) MSE=2.745334 MAE=1.608040 RMSE=1.656905
2025-08-28T18:09:35Z - INFO - [train_model] Epoch 148 | train (scaled) MSE: mean=0.074570 med=0.051435 std=0.095007 min=0.002518 max=0.313930 | val (scaled) MSE: mean=0.017577 med=0.013470 std=0.009072 min=0.010327 max=0.033039
2025-08-28T18:09:35Z - INFO - [train_model] Epoch 148 | train (price) MSE=12.094274 MAE=2.863888 RMSE=3.477682 | val (price) MSE=2.850683 MAE=1.640303 RMSE=1.688396
2025-08-28T18:09:35Z - INFO - [train_model] Epoch 149 | train (scaled) MSE: mean=0.073910 med=0.052384 std=0.093129 min=0.002463 max=0.308916 | val (scaled) MSE: mean=0.018083 med=0.013910 std=0.009210 min=0.010727 max=0.033783
2025-08-28T18:09:35Z - INFO - [train_model] Epoch 149 | train (price) MSE=11.987114 MAE=2.853215 RMSE=3.462241 | val (price) MSE=2.932739 MAE=1.664994 RMSE=1.712524
2025-08-28T18:09:35Z - INFO - [train_model] Epoch 150 | train (scaled) MSE: mean=0.073401 med=0.053058 std=0.091671 min=0.001989 max=0.304770 | val (scaled) MSE: mean=0.018494 med=0.014264 std=0.009325 min=0.011054 max=0.034392
2025-08-28T18:09:35Z - INFO - [train_model] Epoch 150 | train (price) MSE=11.904678 MAE=2.837884 RMSE=3.450316 | val (price) MSE=2.999412 MAE=1.684769 RMSE=1.731881
2025-08-28T18:09:35Z - INFO - [train_model] Epoch 151 | train (scaled) MSE: mean=0.072761 med=0.053385 std=0.090166 min=0.001935 max=0.300276 | val (scaled) MSE: mean=0.018594 med=0.014349 std=0.009354 min=0.011135 max=0.034545
2025-08-28T18:09:35Z - INFO - [train_model] Epoch 151 | train (price) MSE=11.800818 MAE=2.828992 RMSE=3.435232 | val (price) MSE=3.015758 MAE=1.689564 RMSE=1.736594
2025-08-28T18:09:35Z - INFO - [train_model] Epoch 152 | train (scaled) MSE: mean=0.072338 med=0.053873 std=0.089160 min=0.001671 max=0.298123 | val (scaled) MSE: mean=0.019154 med=0.014836 std=0.009504 min=0.011581 max=0.035363
2025-08-28T18:09:35Z - INFO - [train_model] Epoch 152 | train (price) MSE=11.732156 MAE=2.816961 RMSE=3.425223 | val (price) MSE=3.106494 MAE=1.716065 RMSE=1.762525
2025-08-28T18:09:35Z - INFO - [train_model] Epoch 153 | train (scaled) MSE: mean=0.071753 med=0.054655 std=0.087106 min=0.001566 max=0.290396 | val (scaled) MSE: mean=0.019569 med=0.015197 std=0.009614 min=0.011913 max=0.035968
2025-08-28T18:09:35Z - INFO - [train_model] Epoch 153 | train (price) MSE=11.637351 MAE=2.809450 RMSE=3.411356 | val (price) MSE=3.173748 MAE=1.735444 RMSE=1.781502
2025-08-28T18:09:35Z - INFO - [train_model] Epoch 154 | train (scaled) MSE: mean=0.071314 med=0.055024 std=0.085894 min=0.001415 max=0.286554 | val (scaled) MSE: mean=0.019752 med=0.015354 std=0.009665 min=0.012060 max=0.036239
2025-08-28T18:09:35Z - INFO - [train_model] Epoch 154 | train (price) MSE=11.566134 MAE=2.800001 RMSE=3.400902 | val (price) MSE=3.203447 MAE=1.743916 RMSE=1.789818
2025-08-28T18:09:35Z - INFO - [train_model] Epoch 155 | train (scaled) MSE: mean=0.071066 med=0.055653 std=0.084921 min=0.001200 max=0.285564 | val (scaled) MSE: mean=0.020387 med=0.015909 std=0.009830 min=0.012571 max=0.037160
2025-08-28T18:09:35Z - INFO - [train_model] Epoch 155 | train (price) MSE=11.525992 MAE=2.791692 RMSE=3.394995 | val (price) MSE=3.306505 MAE=1.773067 RMSE=1.818380
2025-08-28T18:09:35Z - INFO - [train_model] Epoch 156 | train (scaled) MSE: mean=0.070585 med=0.056249 std=0.083577 min=0.001119 max=0.279651 | val (scaled) MSE: mean=0.020340 med=0.015863 std=0.009822 min=0.012533 max=0.037101
2025-08-28T18:09:35Z - INFO - [train_model] Epoch 156 | train (price) MSE=11.447922 MAE=2.782653 RMSE=3.383478 | val (price) MSE=3.298914 MAE=1.770903 RMSE=1.816291
2025-08-28T18:09:35Z - INFO - [train_model] Epoch 157 | train (scaled) MSE: mean=0.070072 med=0.056434 std=0.082467 min=0.000999 max=0.275487 | val (scaled) MSE: mean=0.020725 med=0.016198 std=0.009923 min=0.012844 max=0.037660
2025-08-28T18:09:35Z - INFO - [train_model] Epoch 157 | train (price) MSE=11.364758 MAE=2.771582 RMSE=3.371166 | val (price) MSE=3.361278 MAE=1.788323 RMSE=1.833379
2025-08-28T18:09:35Z - INFO - [train_model] Epoch 158 | train (scaled) MSE: mean=0.069684 med=0.057263 std=0.081109 min=0.000966 max=0.272534 | val (scaled) MSE: mean=0.021225 med=0.016634 std=0.010052 min=0.013248 max=0.038384
2025-08-28T18:09:35Z - INFO - [train_model] Epoch 158 | train (price) MSE=11.301796 MAE=2.764628 RMSE=3.361814 | val (price) MSE=3.442346 MAE=1.810720 RMSE=1.855356
2025-08-28T18:09:35Z - INFO - [train_model] Epoch 159 | train (scaled) MSE: mean=0.069814 med=0.058394 std=0.080313 min=0.000803 max=0.269650 | val (scaled) MSE: mean=0.022062 med=0.017368 std=0.010262 min=0.013928 max=0.039585
2025-08-28T18:09:35Z - INFO - [train_model] Epoch 159 | train (price) MSE=11.322824 MAE=2.761128 RMSE=3.364940 | val (price) MSE=3.578151 MAE=1.847661 RMSE=1.891600
2025-08-28T18:09:35Z - INFO - [train_model] Epoch 160 | train (scaled) MSE: mean=0.068979 med=0.058685 std=0.078367 min=0.000526 max=0.262836 | val (scaled) MSE: mean=0.022224 med=0.017505 std=0.010307 min=0.014060 max=0.039824
2025-08-28T18:09:35Z - INFO - [train_model] Epoch 160 | train (price) MSE=11.187358 MAE=2.742706 RMSE=3.344751 | val (price) MSE=3.604354 MAE=1.854678 RMSE=1.898514
2025-08-28T18:09:35Z - INFO - [train_model] Epoch 161 | train (scaled) MSE: mean=0.068651 med=0.058765 std=0.077646 min=0.000530 max=0.260473 | val (scaled) MSE: mean=0.022122 med=0.017410 std=0.010287 min=0.013978 max=0.039690
2025-08-28T18:09:35Z - INFO - [train_model] Epoch 161 | train (price) MSE=11.134155 MAE=2.736303 RMSE=3.336788 | val (price) MSE=3.587884 MAE=1.850216 RMSE=1.894171
2025-08-28T18:09:35Z - INFO - [train_model] Epoch 162 | train (scaled) MSE: mean=0.068374 med=0.058595 std=0.077198 min=0.000530 max=0.258767 | val (scaled) MSE: mean=0.022302 med=0.017564 std=0.010335 min=0.014125 max=0.039954
2025-08-28T18:09:35Z - INFO - [train_model] Epoch 162 | train (price) MSE=11.089390 MAE=2.731327 RMSE=3.330074 | val (price) MSE=3.617018 MAE=1.858010 RMSE=1.901846
2025-08-28T18:09:35Z - INFO - [train_model] Epoch 163 | train (scaled) MSE: mean=0.067966 med=0.059066 std=0.076111 min=0.000446 max=0.254927 | val (scaled) MSE: mean=0.022655 med=0.017872 std=0.010425 min=0.014413 max=0.040464
2025-08-28T18:09:35Z - INFO - [train_model] Epoch 163 | train (price) MSE=11.023124 MAE=2.721960 RMSE=3.320109 | val (price) MSE=3.674318 MAE=1.873275 RMSE=1.916851
2025-08-28T18:09:35Z - INFO - [train_model] Epoch 164 | train (scaled) MSE: mean=0.067690 med=0.059543 std=0.075190 min=0.000373 max=0.252465 | val (scaled) MSE: mean=0.022796 med=0.017992 std=0.010464 min=0.014529 max=0.040673
2025-08-28T18:09:35Z - INFO - [train_model] Epoch 164 | train (price) MSE=10.978352 MAE=2.714174 RMSE=3.313360 | val (price) MSE=3.697237 MAE=1.879327 RMSE=1.922820
2025-08-28T18:09:35Z - INFO - [train_model] Epoch 165 | train (scaled) MSE: mean=0.067442 med=0.059644 std=0.074516 min=0.000356 max=0.249965 | val (scaled) MSE: mean=0.023262 med=0.018398 std=0.010580 min=0.014910 max=0.041341
2025-08-28T18:09:35Z - INFO - [train_model] Epoch 165 | train (price) MSE=10.938113 MAE=2.707176 RMSE=3.307282 | val (price) MSE=3.772740 MAE=1.899196 RMSE=1.942354
2025-08-28T18:09:35Z - INFO - [train_model] Epoch 166 | train (scaled) MSE: mean=0.067031 med=0.060246 std=0.073042 min=0.000236 max=0.244721 | val (scaled) MSE: mean=0.023607 med=0.018699 std=0.010667 min=0.015193 max=0.041837
2025-08-28T18:09:35Z - INFO - [train_model] Epoch 166 | train (price) MSE=10.871419 MAE=2.697731 RMSE=3.297183 | val (price) MSE=3.828705 MAE=1.913785 RMSE=1.956708
2025-08-28T18:09:35Z - INFO - [train_model] Epoch 167 | train (scaled) MSE: mean=0.066930 med=0.061143 std=0.072288 min=0.000185 max=0.243159 | val (scaled) MSE: mean=0.024153 med=0.019177 std=0.010801 min=0.015642 max=0.042615
2025-08-28T18:09:35Z - INFO - [train_model] Epoch 167 | train (price) MSE=10.855115 MAE=2.691745 RMSE=3.294710 | val (price) MSE=3.917278 MAE=1.936667 RMSE=1.979212
2025-08-28T18:09:35Z - INFO - [train_model] Epoch 168 | train (scaled) MSE: mean=0.066531 med=0.061515 std=0.071245 min=0.000119 max=0.238744 | val (scaled) MSE: mean=0.024286 med=0.019289 std=0.010838 min=0.015752 max=0.042813
2025-08-28T18:09:35Z - INFO - [train_model] Epoch 168 | train (price) MSE=10.790341 MAE=2.679157 RMSE=3.284866 | val (price) MSE=3.938868 MAE=1.942176 RMSE=1.984658
2025-08-28T18:09:35Z - INFO - [train_model] Epoch 169 | train (scaled) MSE: mean=0.066170 med=0.061587 std=0.070413 min=0.000108 max=0.235792 | val (scaled) MSE: mean=0.024454 med=0.019432 std=0.010882 min=0.015891 max=0.043058
2025-08-28T18:09:35Z - INFO - [train_model] Epoch 169 | train (price) MSE=10.731776 MAE=2.671177 RMSE=3.275939 | val (price) MSE=3.966028 MAE=1.949097 RMSE=1.991489
2025-08-28T18:09:35Z - INFO - [train_model] Epoch 170 | train (scaled) MSE: mean=0.065949 med=0.061713 std=0.070020 min=0.000091 max=0.234808 | val (scaled) MSE: mean=0.024535 med=0.019500 std=0.010906 min=0.015959 max=0.043183
2025-08-28T18:09:35Z - INFO - [train_model] Epoch 170 | train (price) MSE=10.695958 MAE=2.665290 RMSE=3.270468 | val (price) MSE=3.979300 MAE=1.952453 RMSE=1.994818
2025-08-28T18:09:35Z - INFO - [train_model] Epoch 171 | train (scaled) MSE: mean=0.065878 med=0.061654 std=0.069859 min=0.000089 max=0.233922 | val (scaled) MSE: mean=0.024276 med=0.019265 std=0.010850 min=0.015746 max=0.042829
2025-08-28T18:09:35Z - INFO - [train_model] Epoch 171 | train (price) MSE=10.684483 MAE=2.665241 RMSE=3.268713 | val (price) MSE=3.937238 MAE=1.941661 RMSE=1.984247
2025-08-28T18:09:35Z - INFO - [train_model] Epoch 172 | train (scaled) MSE: mean=0.065420 med=0.061541 std=0.069212 min=0.000097 max=0.232175 | val (scaled) MSE: mean=0.024477 med=0.019437 std=0.010903 min=0.015912 max=0.043123
2025-08-28T18:09:35Z - INFO - [train_model] Epoch 172 | train (price) MSE=10.610215 MAE=2.654788 RMSE=3.257333 | val (price) MSE=3.969816 MAE=1.949963 RMSE=1.992440
2025-08-28T18:09:35Z - INFO - [train_model] Early stopping at epoch 172 (best price val MSE=0.138694 @ epoch 112)
2025-08-28T18:09:36Z - INFO - [visualize_full_prediction] Saved full prediction plot for ['ACAM', 'BMY', 'EBAY', 'EWI', 'BABA', 'DAL', 'JNJ', 'NFLX', 'TSLA'] to output/20250828-140926/plots/all_tickers_finbert-lstm_full_price_prediction.png
2025-08-28T18:09:36Z - INFO - [visualize_sentiment] Saved sentiment plot for all_tickers to output/20250828-140926/plots/all_tickers_sentiment.png
2025-08-28T18:09:36Z - INFO - [train] [all_tickers] Test (price) MSE=857.778686523 | MAE=19.766475677 | RMSE=29.287859029 (scaled MSE=5.288855553)
2025-08-28T18:09:36Z - INFO - [train] [all_tickers] Final (price) Train MSE=10.610215187 | Val MSE=3.969815731 (scaled Train MSE=0.065420017 | Val MSE=0.024476932)
2025-08-28T18:09:36Z - INFO - [train] [all_tickers] Best epoch=112 | Best (price) Train MSE=21.223459244 | Best (price) Val MSE=0.138693690 | Saved at=/home/tbfs/Projects/finBert/output/20250828-140926/saved_weights/all_tickers/all_tickers_best-epoch112.pt
2025-08-28T18:09:36Z - INFO - [train] Wrote evaluation summary → output/20250828-140926/evaluation.json
