2025-08-28T18:26:14Z - INFO - [Pipeline::__init__] Loaded news dataframe with columns=['title', 'date', 'stock'] shape=(1277896, 3).
2025-08-28T18:26:14Z - INFO - [SentimentGenerator::_load] Loaded precomputed sentiment from /home/tbfs/Projects/finBert/output/20250823-140342/sentiment_daily.csv
2025-08-28T18:26:14Z - INFO - [train] Training predictor for ticker: ['ACAM', 'BMY', 'EBAY', 'EWI', 'BABA', 'DAL', 'JNJ', 'NFLX', 'TSLA']
2025-08-28T18:26:14Z - WARNING - [process_ticker] Skipping ACAM: price file is empty after loading (/home/tbfs/Projects/finBert/yf/ACAM.csv)
2025-08-28T18:26:14Z - INFO - [process_ticker] Loaded prices for BABA with columns=['date', 'open', 'high', 'low', 'close', 'volume', 'Dividends', 'Stock Splits'] shape=(1330, 8).
2025-08-28T18:26:14Z - INFO - [process_ticker] Loaded prices for BMY with columns=['date', 'open', 'high', 'low', 'close', 'volume', 'Dividends', 'Stock Splits'] shape=(2516, 8).
2025-08-28T18:26:14Z - INFO - [process_ticker] Loaded prices for EBAY with columns=['date', 'open', 'high', 'low', 'close', 'volume', 'Dividends', 'Stock Splits'] shape=(2516, 8).
2025-08-28T18:26:14Z - INFO - [process_ticker] Loaded prices for DAL with columns=['date', 'open', 'high', 'low', 'close', 'volume', 'Dividends', 'Stock Splits'] shape=(2516, 8).
2025-08-28T18:26:14Z - INFO - [process_ticker] Loaded prices for EWI with columns=['date', 'open', 'high', 'low', 'close', 'volume', 'Dividends', 'Stock Splits', 'Capital Gains'] shape=(2516, 9).
2025-08-28T18:26:14Z - INFO - [process_ticker] Loaded prices for TSLA with columns=['date', 'open', 'high', 'low', 'close', 'volume', 'Dividends', 'Stock Splits'] shape=(2394, 8).
2025-08-28T18:26:14Z - INFO - [process_ticker] Loaded prices for JNJ with columns=['date', 'open', 'high', 'low', 'close', 'volume', 'Dividends', 'Stock Splits'] shape=(2516, 8).
2025-08-28T18:26:14Z - INFO - [process_ticker] Loaded prices for NFLX with columns=['date', 'open', 'high', 'low', 'close', 'volume', 'Dividends', 'Stock Splits'] shape=(2516, 8).
2025-08-28T18:26:14Z - INFO - [train] feat_cols=['Open', 'High', 'Low', 'Volume', 'Close']
2025-08-28T18:26:14Z - INFO - [train] Combined supervised dataframe shape: (18812, 14)
2025-08-28T18:26:14Z - INFO - [SequenceDataset::__init__] len(self.valid_indices)=28 out of len(df_)=18812 samples are valid for lookback=60 with sentiment_col=SentimentScore
2025-08-28T18:26:14Z - INFO - [SequenceDataset::__init__] len(self.valid_indices)=8 out of len(df_)=18812 samples are valid for lookback=60 with sentiment_col=SentimentScore
2025-08-28T18:26:14Z - INFO - [SequenceDataset::__init__] len(self.valid_indices)=10 out of len(df_)=18812 samples are valid for lookback=60 with sentiment_col=SentimentScore
2025-08-28T18:26:15Z - INFO - [train_model] Epoch 001 | train (scaled) MSE: mean=0.177019 med=0.124688 std=0.174972 min=0.000058 max=0.798853 | val (scaled) MSE: mean=0.144629 med=0.139224 std=0.051673 min=0.065345 max=0.231401
2025-08-28T18:26:15Z - INFO - [train_model] Epoch 001 | train (price) MSE=0.001902 MAE=0.038648 RMSE=0.043616 | val (price) MSE=0.001554 MAE=0.038761 RMSE=0.039424
2025-08-28T18:26:15Z - INFO - [train_model] New best (price) val MSE=0.001554 at epoch 1; saved → /home/tbfs/Projects/finBert/output/20250828-142609/saved_weights/all_tickers/all_tickers_best-epoch001.pt
2025-08-28T18:26:15Z - INFO - [train_model] Epoch 002 | train (scaled) MSE: mean=0.172922 med=0.122129 std=0.173567 min=0.000109 max=0.790887 | val (scaled) MSE: mean=0.135841 med=0.131547 std=0.050139 min=0.058769 max=0.224732
2025-08-28T18:26:15Z - INFO - [train_model] Epoch 002 | train (price) MSE=0.001858 MAE=0.038111 RMSE=0.043108 | val (price) MSE=0.001460 MAE=0.037518 RMSE=0.038208
2025-08-28T18:26:15Z - INFO - [train_model] New best (price) val MSE=0.001460 at epoch 2; saved → /home/tbfs/Projects/finBert/output/20250828-142609/saved_weights/all_tickers/all_tickers_best-epoch002.pt
2025-08-28T18:26:15Z - INFO - [train_model] Epoch 003 | train (scaled) MSE: mean=0.168840 med=0.116782 std=0.171140 min=0.000229 max=0.777192 | val (scaled) MSE: mean=0.127624 med=0.123911 std=0.049040 min=0.052575 max=0.217665
2025-08-28T18:26:15Z - INFO - [train_model] Epoch 003 | train (price) MSE=0.001814 MAE=0.037621 RMSE=0.042596 | val (price) MSE=0.001372 MAE=0.036306 RMSE=0.037034
2025-08-28T18:26:15Z - INFO - [train_model] New best (price) val MSE=0.001372 at epoch 3; saved → /home/tbfs/Projects/finBert/output/20250828-142609/saved_weights/all_tickers/all_tickers_best-epoch003.pt
2025-08-28T18:26:15Z - INFO - [train_model] Epoch 004 | train (scaled) MSE: mean=0.164705 med=0.113281 std=0.169943 min=0.000395 max=0.775960 | val (scaled) MSE: mean=0.116730 med=0.114039 std=0.048578 min=0.044188 max=0.210938
2025-08-28T18:26:15Z - INFO - [train_model] Epoch 004 | train (price) MSE=0.001770 MAE=0.037084 RMSE=0.042071 | val (price) MSE=0.001254 MAE=0.034600 RMSE=0.035418
2025-08-28T18:26:15Z - INFO - [train_model] New best (price) val MSE=0.001254 at epoch 4; saved → /home/tbfs/Projects/finBert/output/20250828-142609/saved_weights/all_tickers/all_tickers_best-epoch004.pt
2025-08-28T18:26:15Z - INFO - [train_model] Epoch 005 | train (scaled) MSE: mean=0.160616 med=0.110468 std=0.168141 min=0.000781 max=0.762419 | val (scaled) MSE: mean=0.107617 med=0.105399 std=0.048665 min=0.037250 max=0.204647
2025-08-28T18:26:15Z - INFO - [train_model] Epoch 005 | train (price) MSE=0.001726 MAE=0.036519 RMSE=0.041546 | val (price) MSE=0.001157 MAE=0.033078 RMSE=0.034007
2025-08-28T18:26:15Z - INFO - [train_model] New best (price) val MSE=0.001157 at epoch 5; saved → /home/tbfs/Projects/finBert/output/20250828-142609/saved_weights/all_tickers/all_tickers_best-epoch005.pt
2025-08-28T18:26:15Z - INFO - [train_model] Epoch 006 | train (scaled) MSE: mean=0.156482 med=0.106147 std=0.166110 min=0.001031 max=0.749832 | val (scaled) MSE: mean=0.101073 med=0.098983 std=0.048722 min=0.032529 max=0.199424
2025-08-28T18:26:15Z - INFO - [train_model] Epoch 006 | train (price) MSE=0.001682 MAE=0.035966 RMSE=0.041008 | val (price) MSE=0.001086 MAE=0.031932 RMSE=0.032957
2025-08-28T18:26:15Z - INFO - [train_model] New best (price) val MSE=0.001086 at epoch 6; saved → /home/tbfs/Projects/finBert/output/20250828-142609/saved_weights/all_tickers/all_tickers_best-epoch006.pt
2025-08-28T18:26:15Z - INFO - [train_model] Epoch 007 | train (scaled) MSE: mean=0.152971 med=0.103091 std=0.164285 min=0.001218 max=0.742652 | val (scaled) MSE: mean=0.091843 med=0.089796 std=0.049786 min=0.025350 max=0.193514
2025-08-28T18:26:15Z - INFO - [train_model] Epoch 007 | train (price) MSE=0.001644 MAE=0.035503 RMSE=0.040545 | val (price) MSE=0.000987 MAE=0.030172 RMSE=0.031416
2025-08-28T18:26:15Z - INFO - [train_model] New best (price) val MSE=0.000987 at epoch 7; saved → /home/tbfs/Projects/finBert/output/20250828-142609/saved_weights/all_tickers/all_tickers_best-epoch007.pt
2025-08-28T18:26:15Z - INFO - [train_model] Epoch 008 | train (scaled) MSE: mean=0.149445 med=0.100913 std=0.163193 min=0.001769 max=0.738353 | val (scaled) MSE: mean=0.084668 med=0.082524 std=0.050547 min=0.020083 max=0.188398
2025-08-28T18:26:15Z - INFO - [train_model] Epoch 008 | train (price) MSE=0.001606 MAE=0.034969 RMSE=0.040075 | val (price) MSE=0.000910 MAE=0.028700 RMSE=0.030164
2025-08-28T18:26:15Z - INFO - [train_model] New best (price) val MSE=0.000910 at epoch 8; saved → /home/tbfs/Projects/finBert/output/20250828-142609/saved_weights/all_tickers/all_tickers_best-epoch008.pt
2025-08-28T18:26:15Z - INFO - [train_model] Epoch 009 | train (scaled) MSE: mean=0.146025 med=0.096929 std=0.161583 min=0.001825 max=0.729065 | val (scaled) MSE: mean=0.077450 med=0.075374 std=0.051628 min=0.015045 max=0.183437
2025-08-28T18:26:15Z - INFO - [train_model] Epoch 009 | train (price) MSE=0.001569 MAE=0.034481 RMSE=0.039614 | val (price) MSE=0.000832 MAE=0.027064 RMSE=0.028850
2025-08-28T18:26:15Z - INFO - [train_model] New best (price) val MSE=0.000832 at epoch 9; saved → /home/tbfs/Projects/finBert/output/20250828-142609/saved_weights/all_tickers/all_tickers_best-epoch009.pt
2025-08-28T18:26:15Z - INFO - [train_model] Epoch 010 | train (scaled) MSE: mean=0.142756 med=0.095419 std=0.159602 min=0.002495 max=0.718704 | val (scaled) MSE: mean=0.070768 med=0.068415 std=0.052267 min=0.010388 max=0.178036
2025-08-28T18:26:15Z - INFO - [train_model] Epoch 010 | train (price) MSE=0.001534 MAE=0.034010 RMSE=0.039168 | val (price) MSE=0.000761 MAE=0.025416 RMSE=0.027577
2025-08-28T18:26:15Z - INFO - [train_model] New best (price) val MSE=0.000761 at epoch 10; saved → /home/tbfs/Projects/finBert/output/20250828-142609/saved_weights/all_tickers/all_tickers_best-epoch010.pt
2025-08-28T18:26:15Z - INFO - [train_model] Epoch 011 | train (scaled) MSE: mean=0.139368 med=0.092613 std=0.158202 min=0.003012 max=0.709768 | val (scaled) MSE: mean=0.063661 med=0.060605 std=0.052825 min=0.004810 max=0.171913
2025-08-28T18:26:15Z - INFO - [train_model] Epoch 011 | train (price) MSE=0.001498 MAE=0.033474 RMSE=0.038700 | val (price) MSE=0.000684 MAE=0.023414 RMSE=0.026156
2025-08-28T18:26:15Z - INFO - [train_model] New best (price) val MSE=0.000684 at epoch 11; saved → /home/tbfs/Projects/finBert/output/20250828-142609/saved_weights/all_tickers/all_tickers_best-epoch011.pt
2025-08-28T18:26:15Z - INFO - [train_model] Epoch 012 | train (scaled) MSE: mean=0.135712 med=0.089620 std=0.156096 min=0.002933 max=0.700632 | val (scaled) MSE: mean=0.057999 med=0.054034 std=0.052790 min=0.001566 max=0.166142
2025-08-28T18:26:15Z - INFO - [train_model] Epoch 012 | train (price) MSE=0.001458 MAE=0.032897 RMSE=0.038189 | val (price) MSE=0.000623 MAE=0.021571 RMSE=0.024966
2025-08-28T18:26:15Z - INFO - [train_model] New best (price) val MSE=0.000623 at epoch 12; saved → /home/tbfs/Projects/finBert/output/20250828-142609/saved_weights/all_tickers/all_tickers_best-epoch012.pt
2025-08-28T18:26:15Z - INFO - [train_model] Epoch 013 | train (scaled) MSE: mean=0.132319 med=0.085602 std=0.154838 min=0.002730 max=0.695009 | val (scaled) MSE: mean=0.052502 med=0.047152 std=0.052054 min=0.000023 max=0.159429
2025-08-28T18:26:15Z - INFO - [train_model] Epoch 013 | train (price) MSE=0.001422 MAE=0.032334 RMSE=0.037709 | val (price) MSE=0.000564 MAE=0.019427 RMSE=0.023753
2025-08-28T18:26:15Z - INFO - [train_model] New best (price) val MSE=0.000564 at epoch 13; saved → /home/tbfs/Projects/finBert/output/20250828-142609/saved_weights/all_tickers/all_tickers_best-epoch013.pt
2025-08-28T18:26:15Z - INFO - [train_model] Epoch 014 | train (scaled) MSE: mean=0.128688 med=0.084212 std=0.153629 min=0.002015 max=0.690091 | val (scaled) MSE: mean=0.047641 med=0.040135 std=0.050345 min=0.000007 max=0.152176
2025-08-28T18:26:15Z - INFO - [train_model] Epoch 014 | train (price) MSE=0.001383 MAE=0.031736 RMSE=0.037188 | val (price) MSE=0.000512 MAE=0.017855 RMSE=0.022627
2025-08-28T18:26:15Z - INFO - [train_model] New best (price) val MSE=0.000512 at epoch 14; saved → /home/tbfs/Projects/finBert/output/20250828-142609/saved_weights/all_tickers/all_tickers_best-epoch014.pt
2025-08-28T18:26:15Z - INFO - [train_model] Epoch 015 | train (scaled) MSE: mean=0.124781 med=0.081637 std=0.150709 min=0.001716 max=0.676206 | val (scaled) MSE: mean=0.044382 med=0.034217 std=0.047544 min=0.000439 max=0.145014
2025-08-28T18:26:15Z - INFO - [train_model] Epoch 015 | train (price) MSE=0.001341 MAE=0.031090 RMSE=0.036619 | val (price) MSE=0.000477 MAE=0.017649 RMSE=0.021839
2025-08-28T18:26:15Z - INFO - [train_model] New best (price) val MSE=0.000477 at epoch 15; saved → /home/tbfs/Projects/finBert/output/20250828-142609/saved_weights/all_tickers/all_tickers_best-epoch015.pt
2025-08-28T18:26:15Z - INFO - [train_model] Epoch 016 | train (scaled) MSE: mean=0.121186 med=0.078667 std=0.149879 min=0.000002 max=0.670456 | val (scaled) MSE: mean=0.042566 med=0.034637 std=0.043275 min=0.003496 max=0.137005
2025-08-28T18:26:15Z - INFO - [train_model] Epoch 016 | train (price) MSE=0.001302 MAE=0.030264 RMSE=0.036088 | val (price) MSE=0.000457 MAE=0.018287 RMSE=0.021388
2025-08-28T18:26:15Z - INFO - [train_model] New best (price) val MSE=0.000457 at epoch 16; saved → /home/tbfs/Projects/finBert/output/20250828-142609/saved_weights/all_tickers/all_tickers_best-epoch016.pt
2025-08-28T18:26:15Z - INFO - [train_model] Epoch 017 | train (scaled) MSE: mean=0.117361 med=0.075449 std=0.147771 min=0.000889 max=0.665305 | val (scaled) MSE: mean=0.042707 med=0.038829 std=0.038020 min=0.000513 max=0.128822
2025-08-28T18:26:15Z - INFO - [train_model] Epoch 017 | train (price) MSE=0.001261 MAE=0.029769 RMSE=0.035514 | val (price) MSE=0.000459 MAE=0.018951 RMSE=0.021423
2025-08-28T18:26:15Z - INFO - [train_model] Epoch 018 | train (scaled) MSE: mean=0.113341 med=0.071939 std=0.145251 min=0.000452 max=0.648550 | val (scaled) MSE: mean=0.044966 med=0.044806 std=0.032906 min=0.000212 max=0.120562
2025-08-28T18:26:15Z - INFO - [train_model] Epoch 018 | train (price) MSE=0.001218 MAE=0.029169 RMSE=0.034900 | val (price) MSE=0.000483 MAE=0.019993 RMSE=0.021983
2025-08-28T18:26:15Z - INFO - [train_model] Epoch 019 | train (scaled) MSE: mean=0.109245 med=0.067364 std=0.141250 min=0.000241 max=0.632007 | val (scaled) MSE: mean=0.049510 med=0.042099 std=0.030551 min=0.002678 max=0.112671
2025-08-28T18:26:15Z - INFO - [train_model] Epoch 019 | train (price) MSE=0.001174 MAE=0.028661 RMSE=0.034264 | val (price) MSE=0.000532 MAE=0.021637 RMSE=0.023067
2025-08-28T18:26:15Z - INFO - [train_model] Epoch 020 | train (scaled) MSE: mean=0.105502 med=0.062553 std=0.139947 min=0.000152 max=0.628239 | val (scaled) MSE: mean=0.055663 med=0.037320 std=0.033751 min=0.007617 max=0.104554
2025-08-28T18:26:15Z - INFO - [train_model] Epoch 020 | train (price) MSE=0.001134 MAE=0.027967 RMSE=0.033672 | val (price) MSE=0.000598 MAE=0.023143 RMSE=0.024458
2025-08-28T18:26:15Z - INFO - [train_model] Epoch 021 | train (scaled) MSE: mean=0.101805 med=0.058685 std=0.135511 min=0.000036 max=0.606708 | val (scaled) MSE: mean=0.066267 med=0.042981 std=0.045966 min=0.017006 max=0.138177
2025-08-28T18:26:15Z - INFO - [train_model] Epoch 021 | train (price) MSE=0.001094 MAE=0.027480 RMSE=0.033076 | val (price) MSE=0.000712 MAE=0.025059 RMSE=0.026686
2025-08-28T18:26:15Z - INFO - [train_model] Epoch 022 | train (scaled) MSE: mean=0.098201 med=0.054951 std=0.132488 min=0.000049 max=0.594749 | val (scaled) MSE: mean=0.073748 med=0.047315 std=0.056982 min=0.024759 max=0.170504
2025-08-28T18:26:15Z - INFO - [train_model] Epoch 022 | train (price) MSE=0.001055 MAE=0.026887 RMSE=0.032486 | val (price) MSE=0.000793 MAE=0.026109 RMSE=0.028152
2025-08-28T18:26:15Z - INFO - [train_model] Epoch 023 | train (scaled) MSE: mean=0.095462 med=0.050360 std=0.130650 min=0.000051 max=0.589064 | val (scaled) MSE: mean=0.085689 med=0.059647 std=0.074409 min=0.020195 max=0.218319
2025-08-28T18:26:15Z - INFO - [train_model] Epoch 023 | train (price) MSE=0.001026 MAE=0.026354 RMSE=0.032029 | val (price) MSE=0.000921 MAE=0.027574 RMSE=0.030346
2025-08-28T18:26:15Z - INFO - [train_model] Epoch 024 | train (scaled) MSE: mean=0.092373 med=0.050168 std=0.128074 min=0.000002 max=0.574884 | val (scaled) MSE: mean=0.091651 med=0.060616 std=0.083931 min=0.017649 max=0.243112
2025-08-28T18:26:15Z - INFO - [train_model] Epoch 024 | train (price) MSE=0.000993 MAE=0.025776 RMSE=0.031507 | val (price) MSE=0.000985 MAE=0.028149 RMSE=0.031384
2025-08-28T18:26:15Z - INFO - [train_model] Epoch 025 | train (scaled) MSE: mean=0.090020 med=0.046774 std=0.126273 min=0.000020 max=0.567113 | val (scaled) MSE: mean=0.098646 med=0.062845 std=0.094019 min=0.015342 max=0.269536
2025-08-28T18:26:15Z - INFO - [train_model] Epoch 025 | train (price) MSE=0.000967 MAE=0.025335 RMSE=0.031103 | val (price) MSE=0.001060 MAE=0.028836 RMSE=0.032559
2025-08-28T18:26:15Z - INFO - [train_model] Epoch 026 | train (scaled) MSE: mean=0.088253 med=0.044135 std=0.123624 min=0.000152 max=0.553213 | val (scaled) MSE: mean=0.118287 med=0.070007 std=0.120992 min=0.011201 max=0.341021
2025-08-28T18:26:15Z - INFO - [train_model] Epoch 026 | train (price) MSE=0.000948 MAE=0.024962 RMSE=0.030796 | val (price) MSE=0.001271 MAE=0.030702 RMSE=0.035654
2025-08-28T18:26:15Z - INFO - [train_model] Epoch 027 | train (scaled) MSE: mean=0.085915 med=0.041130 std=0.122448 min=0.000075 max=0.549010 | val (scaled) MSE: mean=0.121882 med=0.071037 std=0.126367 min=0.010311 max=0.355170
2025-08-28T18:26:15Z - INFO - [train_model] Epoch 027 | train (price) MSE=0.000923 MAE=0.024482 RMSE=0.030386 | val (price) MSE=0.001310 MAE=0.030962 RMSE=0.036191
2025-08-28T18:26:15Z - INFO - [train_model] Epoch 028 | train (scaled) MSE: mean=0.084483 med=0.037805 std=0.121057 min=0.000024 max=0.539567 | val (scaled) MSE: mean=0.132200 med=0.075010 std=0.140485 min=0.008559 max=0.392587
2025-08-28T18:26:15Z - INFO - [train_model] Epoch 028 | train (price) MSE=0.000908 MAE=0.024163 RMSE=0.030131 | val (price) MSE=0.001421 MAE=0.031799 RMSE=0.037692
2025-08-28T18:26:15Z - INFO - [train_model] Epoch 029 | train (scaled) MSE: mean=0.083396 med=0.037101 std=0.120142 min=0.000001 max=0.533775 | val (scaled) MSE: mean=0.149983 med=0.082531 std=0.164129 min=0.006173 max=0.455475
2025-08-28T18:26:15Z - INFO - [train_model] Epoch 029 | train (price) MSE=0.000896 MAE=0.023852 RMSE=0.029937 | val (price) MSE=0.001612 MAE=0.033164 RMSE=0.040147
2025-08-28T18:26:15Z - INFO - [train_model] Epoch 030 | train (scaled) MSE: mean=0.081942 med=0.034578 std=0.118897 min=0.000008 max=0.528219 | val (scaled) MSE: mean=0.147372 med=0.081274 std=0.160946 min=0.006179 max=0.445942
2025-08-28T18:26:15Z - INFO - [train_model] Epoch 030 | train (price) MSE=0.000881 MAE=0.023586 RMSE=0.029675 | val (price) MSE=0.001584 MAE=0.032898 RMSE=0.039796
2025-08-28T18:26:15Z - INFO - [train_model] Epoch 031 | train (scaled) MSE: mean=0.080934 med=0.034476 std=0.117499 min=0.000009 max=0.522138 | val (scaled) MSE: mean=0.151850 med=0.083064 std=0.167066 min=0.005528 max=0.461959
2025-08-28T18:26:15Z - INFO - [train_model] Epoch 031 | train (price) MSE=0.000870 MAE=0.023428 RMSE=0.029492 | val (price) MSE=0.001632 MAE=0.033187 RMSE=0.040396
2025-08-28T18:26:15Z - INFO - [train_model] Epoch 032 | train (scaled) MSE: mean=0.080310 med=0.032248 std=0.117331 min=0.000019 max=0.511443 | val (scaled) MSE: mean=0.176119 med=0.093988 std=0.198555 min=0.003328 max=0.546328
2025-08-28T18:26:15Z - INFO - [train_model] Epoch 032 | train (price) MSE=0.000863 MAE=0.023171 RMSE=0.029378 | val (price) MSE=0.001893 MAE=0.034883 RMSE=0.043505
2025-08-28T18:26:15Z - INFO - [train_model] Epoch 033 | train (scaled) MSE: mean=0.079080 med=0.030427 std=0.116784 min=0.000130 max=0.508338 | val (scaled) MSE: mean=0.185217 med=0.098023 std=0.210454 min=0.002600 max=0.577876
2025-08-28T18:26:15Z - INFO - [train_model] Epoch 033 | train (price) MSE=0.000850 MAE=0.022873 RMSE=0.029152 | val (price) MSE=0.001990 MAE=0.035434 RMSE=0.044614
2025-08-28T18:26:15Z - INFO - [train_model] Epoch 034 | train (scaled) MSE: mean=0.077893 med=0.028962 std=0.115900 min=0.000145 max=0.503944 | val (scaled) MSE: mean=0.180715 med=0.095948 std=0.204780 min=0.002733 max=0.561931
2025-08-28T18:26:15Z - INFO - [train_model] Epoch 034 | train (price) MSE=0.000837 MAE=0.022645 RMSE=0.028932 | val (price) MSE=0.001942 MAE=0.035072 RMSE=0.044069
2025-08-28T18:26:15Z - INFO - [train_model] Epoch 035 | train (scaled) MSE: mean=0.077201 med=0.028347 std=0.114843 min=0.000263 max=0.498332 | val (scaled) MSE: mean=0.179850 med=0.095647 std=0.203680 min=0.002636 max=0.558416
2025-08-28T18:26:15Z - INFO - [train_model] Epoch 035 | train (price) MSE=0.000830 MAE=0.022570 RMSE=0.028804 | val (price) MSE=0.001933 MAE=0.034957 RMSE=0.043963
2025-08-28T18:26:15Z - INFO - [train_model] Epoch 036 | train (scaled) MSE: mean=0.076720 med=0.027596 std=0.115131 min=0.000257 max=0.498105 | val (scaled) MSE: mean=0.192439 med=0.101563 std=0.219769 min=0.001833 max=0.601523
2025-08-28T18:26:15Z - INFO - [train_model] Epoch 036 | train (price) MSE=0.000824 MAE=0.022394 RMSE=0.028714 | val (price) MSE=0.002068 MAE=0.035735 RMSE=0.045476
2025-08-28T18:26:15Z - INFO - [train_model] Epoch 037 | train (scaled) MSE: mean=0.076108 med=0.027141 std=0.114149 min=0.000228 max=0.493725 | val (scaled) MSE: mean=0.185095 med=0.097760 std=0.210813 min=0.002082 max=0.576849
2025-08-28T18:26:15Z - INFO - [train_model] Epoch 037 | train (price) MSE=0.000818 MAE=0.022323 RMSE=0.028599 | val (price) MSE=0.001989 MAE=0.035187 RMSE=0.044600
2025-08-28T18:26:15Z - INFO - [train_model] Epoch 038 | train (scaled) MSE: mean=0.075237 med=0.026417 std=0.113164 min=0.000159 max=0.490443 | val (scaled) MSE: mean=0.187864 med=0.098928 std=0.214492 min=0.001835 max=0.586199
2025-08-28T18:26:15Z - INFO - [train_model] Epoch 038 | train (price) MSE=0.000809 MAE=0.022182 RMSE=0.028435 | val (price) MSE=0.002019 MAE=0.035315 RMSE=0.044932
2025-08-28T18:26:15Z - INFO - [train_model] Epoch 039 | train (scaled) MSE: mean=0.074638 med=0.025118 std=0.112663 min=0.000074 max=0.484849 | val (scaled) MSE: mean=0.191834 med=0.100690 std=0.219680 min=0.001553 max=0.600016
2025-08-28T18:26:15Z - INFO - [train_model] Epoch 039 | train (price) MSE=0.000802 MAE=0.022031 RMSE=0.028321 | val (price) MSE=0.002062 MAE=0.035523 RMSE=0.045404
2025-08-28T18:26:15Z - INFO - [train_model] Epoch 040 | train (scaled) MSE: mean=0.074049 med=0.024323 std=0.112400 min=0.000050 max=0.482972 | val (scaled) MSE: mean=0.193575 med=0.101392 std=0.222037 min=0.001400 max=0.606119
2025-08-28T18:26:15Z - INFO - [train_model] Epoch 040 | train (price) MSE=0.000796 MAE=0.021892 RMSE=0.028209 | val (price) MSE=0.002080 MAE=0.035588 RMSE=0.045610
2025-08-28T18:26:16Z - INFO - [train_model] Epoch 041 | train (scaled) MSE: mean=0.073490 med=0.023730 std=0.111702 min=0.000013 max=0.476908 | val (scaled) MSE: mean=0.196483 med=0.103210 std=0.225397 min=0.001152 max=0.614353
2025-08-28T18:26:16Z - INFO - [train_model] Epoch 041 | train (price) MSE=0.000790 MAE=0.021771 RMSE=0.028103 | val (price) MSE=0.002112 MAE=0.035714 RMSE=0.045951
2025-08-28T18:26:16Z - INFO - [train_model] Epoch 042 | train (scaled) MSE: mean=0.072985 med=0.022511 std=0.111387 min=0.000006 max=0.473930 | val (scaled) MSE: mean=0.201322 med=0.105564 std=0.231490 min=0.000888 max=0.630199
2025-08-28T18:26:16Z - INFO - [train_model] Epoch 042 | train (price) MSE=0.000784 MAE=0.021647 RMSE=0.028006 | val (price) MSE=0.002164 MAE=0.035959 RMSE=0.046514
2025-08-28T18:26:16Z - INFO - [train_model] Epoch 043 | train (scaled) MSE: mean=0.072375 med=0.022262 std=0.110809 min=0.000003 max=0.470488 | val (scaled) MSE: mean=0.201361 med=0.105501 std=0.231655 min=0.000827 max=0.630473
2025-08-28T18:26:16Z - INFO - [train_model] Epoch 043 | train (price) MSE=0.000778 MAE=0.021527 RMSE=0.027889 | val (price) MSE=0.002164 MAE=0.035915 RMSE=0.046518
2025-08-28T18:26:16Z - INFO - [train_model] Epoch 044 | train (scaled) MSE: mean=0.072163 med=0.021177 std=0.110972 min=0.000000 max=0.465736 | val (scaled) MSE: mean=0.210727 med=0.110084 std=0.243381 min=0.000505 max=0.661995
2025-08-28T18:26:16Z - INFO - [train_model] Epoch 044 | train (price) MSE=0.000776 MAE=0.021437 RMSE=0.027848 | val (price) MSE=0.002265 MAE=0.036440 RMSE=0.047588
2025-08-28T18:26:16Z - INFO - [train_model] Epoch 045 | train (scaled) MSE: mean=0.071575 med=0.020970 std=0.110558 min=0.000000 max=0.464490 | val (scaled) MSE: mean=0.209032 med=0.109176 std=0.241394 min=0.000492 max=0.656498
2025-08-28T18:26:16Z - INFO - [train_model] Epoch 045 | train (price) MSE=0.000769 MAE=0.021331 RMSE=0.027734 | val (price) MSE=0.002246 MAE=0.036283 RMSE=0.047396
2025-08-28T18:26:16Z - INFO - [train_model] Epoch 046 | train (scaled) MSE: mean=0.071095 med=0.020599 std=0.109791 min=0.000001 max=0.463675 | val (scaled) MSE: mean=0.203694 med=0.106413 std=0.234911 min=0.000571 max=0.638717
2025-08-28T18:26:16Z - INFO - [train_model] Epoch 046 | train (price) MSE=0.000764 MAE=0.021277 RMSE=0.027641 | val (price) MSE=0.002189 MAE=0.035901 RMSE=0.046787
2025-08-28T18:26:16Z - INFO - [train_model] Epoch 047 | train (scaled) MSE: mean=0.070677 med=0.020161 std=0.109367 min=0.000008 max=0.460978 | val (scaled) MSE: mean=0.205262 med=0.107093 std=0.236974 min=0.000481 max=0.644070
2025-08-28T18:26:16Z - INFO - [train_model] Epoch 047 | train (price) MSE=0.000760 MAE=0.021203 RMSE=0.027560 | val (price) MSE=0.002206 MAE=0.035947 RMSE=0.046966
2025-08-28T18:26:16Z - INFO - [train_model] Epoch 048 | train (scaled) MSE: mean=0.070216 med=0.019541 std=0.109000 min=0.000013 max=0.457033 | val (scaled) MSE: mean=0.210138 med=0.109477 std=0.243074 min=0.000330 max=0.660349
2025-08-28T18:26:16Z - INFO - [train_model] Epoch 048 | train (price) MSE=0.000755 MAE=0.021105 RMSE=0.027470 | val (price) MSE=0.002258 MAE=0.036194 RMSE=0.047521
2025-08-28T18:26:16Z - INFO - [train_model] Epoch 049 | train (scaled) MSE: mean=0.069872 med=0.019199 std=0.108727 min=0.000059 max=0.457073 | val (scaled) MSE: mean=0.204311 med=0.106457 std=0.235985 min=0.000401 max=0.640515
2025-08-28T18:26:16Z - INFO - [train_model] Epoch 049 | train (price) MSE=0.000751 MAE=0.021065 RMSE=0.027402 | val (price) MSE=0.002196 MAE=0.035779 RMSE=0.046858
2025-08-28T18:26:16Z - INFO - [train_model] Epoch 050 | train (scaled) MSE: mean=0.069447 med=0.018596 std=0.108480 min=0.000053 max=0.456174 | val (scaled) MSE: mean=0.209256 med=0.108871 std=0.242159 min=0.000265 max=0.657028
2025-08-28T18:26:16Z - INFO - [train_model] Epoch 050 | train (price) MSE=0.000746 MAE=0.020964 RMSE=0.027319 | val (price) MSE=0.002249 MAE=0.036033 RMSE=0.047421
2025-08-28T18:26:16Z - INFO - [train_model] Epoch 051 | train (scaled) MSE: mean=0.069192 med=0.018496 std=0.108039 min=0.000115 max=0.451113 | val (scaled) MSE: mean=0.215666 med=0.112047 std=0.250104 min=0.000139 max=0.678342
2025-08-28T18:26:16Z - INFO - [train_model] Epoch 051 | train (price) MSE=0.000744 MAE=0.020942 RMSE=0.027268 | val (price) MSE=0.002318 MAE=0.036369 RMSE=0.048142
2025-08-28T18:26:16Z - INFO - [train_model] Epoch 052 | train (scaled) MSE: mean=0.069140 med=0.018855 std=0.107736 min=0.000068 max=0.452229 | val (scaled) MSE: mean=0.199757 med=0.103878 std=0.230675 min=0.000379 max=0.625259
2025-08-28T18:26:16Z - INFO - [train_model] Epoch 052 | train (price) MSE=0.000743 MAE=0.020951 RMSE=0.027258 | val (price) MSE=0.002147 MAE=0.035355 RMSE=0.046332
2025-08-28T18:26:16Z - INFO - [train_model] Epoch 053 | train (scaled) MSE: mean=0.068682 med=0.017328 std=0.107900 min=0.000171 max=0.451238 | val (scaled) MSE: mean=0.216368 med=0.112216 std=0.251133 min=0.000084 max=0.680573
2025-08-28T18:26:16Z - INFO - [train_model] Epoch 053 | train (price) MSE=0.000738 MAE=0.020834 RMSE=0.027168 | val (price) MSE=0.002325 MAE=0.036306 RMSE=0.048220
2025-08-28T18:26:16Z - INFO - [train_model] Epoch 054 | train (scaled) MSE: mean=0.068606 med=0.018266 std=0.107075 min=0.000147 max=0.449139 | val (scaled) MSE: mean=0.199166 med=0.103484 std=0.230041 min=0.000307 max=0.622679
2025-08-28T18:26:16Z - INFO - [train_model] Epoch 054 | train (price) MSE=0.000737 MAE=0.020884 RMSE=0.027153 | val (price) MSE=0.002140 MAE=0.035217 RMSE=0.046264
2025-08-28T18:26:16Z - INFO - [train_model] Epoch 055 | train (scaled) MSE: mean=0.067719 med=0.017362 std=0.106470 min=0.000251 max=0.446048 | val (scaled) MSE: mean=0.205082 med=0.106383 std=0.237386 min=0.000168 max=0.642151
2025-08-28T18:26:16Z - INFO - [train_model] Epoch 055 | train (price) MSE=0.000728 MAE=0.020685 RMSE=0.026977 | val (price) MSE=0.002204 MAE=0.035521 RMSE=0.046946
2025-08-28T18:26:16Z - INFO - [train_model] Epoch 056 | train (scaled) MSE: mean=0.067260 med=0.017140 std=0.105617 min=0.000283 max=0.443364 | val (scaled) MSE: mean=0.200600 med=0.104615 std=0.231484 min=0.000194 max=0.625315
2025-08-28T18:26:16Z - INFO - [train_model] Epoch 056 | train (price) MSE=0.000723 MAE=0.020640 RMSE=0.026885 | val (price) MSE=0.002156 MAE=0.035197 RMSE=0.046430
2025-08-28T18:26:16Z - INFO - [train_model] Epoch 057 | train (scaled) MSE: mean=0.066910 med=0.016943 std=0.105035 min=0.000255 max=0.441924 | val (scaled) MSE: mean=0.197823 med=0.103273 std=0.228012 min=0.000208 max=0.615156
2025-08-28T18:26:16Z - INFO - [train_model] Epoch 057 | train (price) MSE=0.000719 MAE=0.020583 RMSE=0.026815 | val (price) MSE=0.002126 MAE=0.034978 RMSE=0.046108
2025-08-28T18:26:16Z - INFO - [train_model] Epoch 058 | train (scaled) MSE: mean=0.066645 med=0.016126 std=0.105372 min=0.000507 max=0.438345 | val (scaled) MSE: mean=0.207982 med=0.108382 std=0.240471 min=0.000059 max=0.648506
2025-08-28T18:26:16Z - INFO - [train_model] Epoch 058 | train (price) MSE=0.000716 MAE=0.020466 RMSE=0.026762 | val (price) MSE=0.002235 MAE=0.035548 RMSE=0.047277
2025-08-28T18:26:16Z - INFO - [train_model] Epoch 059 | train (scaled) MSE: mean=0.066141 med=0.016009 std=0.104408 min=0.000375 max=0.437850 | val (scaled) MSE: mean=0.197769 med=0.103149 std=0.228069 min=0.000147 max=0.614740
2025-08-28T18:26:16Z - INFO - [train_model] Epoch 059 | train (price) MSE=0.000711 MAE=0.020423 RMSE=0.026661 | val (price) MSE=0.002125 MAE=0.034869 RMSE=0.046101
2025-08-28T18:26:16Z - INFO - [train_model] Epoch 060 | train (scaled) MSE: mean=0.066096 med=0.015899 std=0.104594 min=0.000450 max=0.435624 | val (scaled) MSE: mean=0.207650 med=0.108116 std=0.240173 min=0.000029 max=0.647222
2025-08-28T18:26:16Z - INFO - [train_model] Epoch 060 | train (price) MSE=0.000710 MAE=0.020381 RMSE=0.026651 | val (price) MSE=0.002232 MAE=0.035413 RMSE=0.047239
2025-08-28T18:26:16Z - INFO - [train_model] Epoch 061 | train (scaled) MSE: mean=0.065727 med=0.015718 std=0.103863 min=0.000519 max=0.435826 | val (scaled) MSE: mean=0.193728 med=0.101037 std=0.223213 min=0.000149 max=0.601094
2025-08-28T18:26:16Z - INFO - [train_model] Epoch 061 | train (price) MSE=0.000706 MAE=0.020364 RMSE=0.026577 | val (price) MSE=0.002082 MAE=0.034516 RMSE=0.045628
2025-08-28T18:26:16Z - INFO - [train_model] Epoch 062 | train (scaled) MSE: mean=0.065085 med=0.015429 std=0.102846 min=0.000496 max=0.434060 | val (scaled) MSE: mean=0.193611 med=0.100936 std=0.223116 min=0.000122 max=0.600452
2025-08-28T18:26:16Z - INFO - [train_model] Epoch 062 | train (price) MSE=0.000699 MAE=0.020263 RMSE=0.026447 | val (price) MSE=0.002081 MAE=0.034453 RMSE=0.045614
2025-08-28T18:26:16Z - INFO - [train_model] Epoch 063 | train (scaled) MSE: mean=0.064720 med=0.015115 std=0.102356 min=0.000595 max=0.431857 | val (scaled) MSE: mean=0.193888 med=0.101028 std=0.223500 min=0.000095 max=0.601147
2025-08-28T18:26:16Z - INFO - [train_model] Epoch 063 | train (price) MSE=0.000696 MAE=0.020206 RMSE=0.026373 | val (price) MSE=0.002084 MAE=0.034416 RMSE=0.045647
2025-08-28T18:26:16Z - INFO - [train_model] Epoch 064 | train (scaled) MSE: mean=0.064449 med=0.014912 std=0.101990 min=0.000568 max=0.431034 | val (scaled) MSE: mean=0.190924 med=0.099539 std=0.219886 min=0.000107 max=0.590982
2025-08-28T18:26:16Z - INFO - [train_model] Epoch 064 | train (price) MSE=0.000693 MAE=0.020160 RMSE=0.026317 | val (price) MSE=0.002052 MAE=0.034183 RMSE=0.045296
2025-08-28T18:26:16Z - INFO - [train_model] Epoch 065 | train (scaled) MSE: mean=0.064349 med=0.014167 std=0.102083 min=0.000957 max=0.426164 | val (scaled) MSE: mean=0.197482 med=0.102835 std=0.227894 min=0.000029 max=0.612230
2025-08-28T18:26:16Z - INFO - [train_model] Epoch 065 | train (price) MSE=0.000692 MAE=0.020116 RMSE=0.026297 | val (price) MSE=0.002122 MAE=0.034535 RMSE=0.046068
2025-08-28T18:26:16Z - INFO - [train_model] Epoch 066 | train (scaled) MSE: mean=0.063735 med=0.014063 std=0.101244 min=0.000896 max=0.424948 | val (scaled) MSE: mean=0.190524 med=0.099223 std=0.219506 min=0.000071 max=0.589397
2025-08-28T18:26:16Z - INFO - [train_model] Epoch 066 | train (price) MSE=0.000685 MAE=0.020011 RMSE=0.026171 | val (price) MSE=0.002047 MAE=0.034056 RMSE=0.045249
2025-08-28T18:26:16Z - INFO - [train_model] Epoch 067 | train (scaled) MSE: mean=0.063471 med=0.014023 std=0.100795 min=0.000910 max=0.424080 | val (scaled) MSE: mean=0.188982 med=0.098396 std=0.217690 min=0.000070 max=0.584410
2025-08-28T18:26:16Z - INFO - [train_model] Epoch 067 | train (price) MSE=0.000682 MAE=0.019968 RMSE=0.026117 | val (price) MSE=0.002031 MAE=0.033914 RMSE=0.045065
2025-08-28T18:26:16Z - INFO - [train_model] Epoch 068 | train (scaled) MSE: mean=0.063216 med=0.014297 std=0.100465 min=0.001068 max=0.421559 | val (scaled) MSE: mean=0.190478 med=0.099124 std=0.219537 min=0.000040 max=0.589115
2025-08-28T18:26:16Z - INFO - [train_model] Epoch 068 | train (price) MSE=0.000679 MAE=0.019911 RMSE=0.026064 | val (price) MSE=0.002047 MAE=0.033954 RMSE=0.045243
2025-08-28T18:26:16Z - INFO - [train_model] Epoch 069 | train (scaled) MSE: mean=0.063019 med=0.013955 std=0.099978 min=0.000829 max=0.423092 | val (scaled) MSE: mean=0.183021 med=0.095301 std=0.210492 min=0.000090 max=0.564237
2025-08-28T18:26:16Z - INFO - [train_model] Epoch 069 | train (price) MSE=0.000677 MAE=0.019912 RMSE=0.026024 | val (price) MSE=0.001967 MAE=0.033426 RMSE=0.044349
2025-08-28T18:26:16Z - INFO - [train_model] Epoch 070 | train (scaled) MSE: mean=0.062560 med=0.014035 std=0.099252 min=0.000828 max=0.422829 | val (scaled) MSE: mean=0.180511 med=0.094049 std=0.207440 min=0.000097 max=0.555653
2025-08-28T18:26:16Z - INFO - [train_model] Epoch 070 | train (price) MSE=0.000672 MAE=0.019852 RMSE=0.025929 | val (price) MSE=0.001940 MAE=0.033214 RMSE=0.044044
2025-08-28T18:26:16Z - INFO - [train_model] Epoch 071 | train (scaled) MSE: mean=0.062362 med=0.014008 std=0.099058 min=0.001161 max=0.415759 | val (scaled) MSE: mean=0.190782 med=0.099257 std=0.219897 min=0.000008 max=0.588876
2025-08-28T18:26:16Z - INFO - [train_model] Epoch 071 | train (price) MSE=0.000670 MAE=0.019767 RMSE=0.025888 | val (price) MSE=0.002050 MAE=0.033817 RMSE=0.045280
2025-08-28T18:26:16Z - INFO - [train_model] Epoch 072 | train (scaled) MSE: mean=0.061767 med=0.013502 std=0.098380 min=0.001290 max=0.414765 | val (scaled) MSE: mean=0.183016 med=0.095244 std=0.210570 min=0.000040 max=0.563714
2025-08-28T18:26:16Z - INFO - [train_model] Epoch 072 | train (price) MSE=0.000664 MAE=0.019657 RMSE=0.025764 | val (price) MSE=0.001967 MAE=0.033277 RMSE=0.044348
2025-08-28T18:26:16Z - INFO - [train_model] Epoch 073 | train (scaled) MSE: mean=0.061498 med=0.013574 std=0.098014 min=0.001285 max=0.415068 | val (scaled) MSE: mean=0.179526 med=0.093463 std=0.206339 min=0.000052 max=0.551746
2025-08-28T18:26:16Z - INFO - [train_model] Epoch 073 | train (price) MSE=0.000661 MAE=0.019622 RMSE=0.025708 | val (price) MSE=0.001929 MAE=0.032999 RMSE=0.043924
2025-08-28T18:26:16Z - INFO - [train_model] Epoch 074 | train (scaled) MSE: mean=0.061351 med=0.013059 std=0.097901 min=0.001164 max=0.413898 | val (scaled) MSE: mean=0.177788 med=0.092545 std=0.204255 min=0.000049 max=0.545730
2025-08-28T18:26:16Z - INFO - [train_model] Epoch 074 | train (price) MSE=0.000659 MAE=0.019569 RMSE=0.025677 | val (price) MSE=0.001911 MAE=0.032829 RMSE=0.043710
2025-08-28T18:26:16Z - INFO - [train_model] Epoch 075 | train (scaled) MSE: mean=0.060883 med=0.013221 std=0.096970 min=0.001099 max=0.411824 | val (scaled) MSE: mean=0.173450 med=0.090352 std=0.198969 min=0.000070 max=0.530691
2025-08-28T18:26:16Z - INFO - [train_model] Epoch 075 | train (price) MSE=0.000654 MAE=0.019520 RMSE=0.025579 | val (price) MSE=0.001864 MAE=0.032489 RMSE=0.043174
2025-08-28T18:26:16Z - INFO - [train_model] Epoch 076 | train (scaled) MSE: mean=0.060606 med=0.013445 std=0.096569 min=0.001144 max=0.412724 | val (scaled) MSE: mean=0.169482 med=0.088381 std=0.194118 min=0.000093 max=0.517375
2025-08-28T18:26:16Z - INFO - [train_model] Epoch 076 | train (price) MSE=0.000651 MAE=0.019485 RMSE=0.025521 | val (price) MSE=0.001821 MAE=0.032178 RMSE=0.042677
2025-08-28T18:26:16Z - INFO - [train_model] Early stopping at epoch 76 (best price val MSE=0.000457 @ epoch 16)
2025-08-28T18:26:17Z - INFO - [visualize_full_prediction] Saved full prediction plot for ['ACAM', 'BMY', 'EBAY', 'EWI', 'BABA', 'DAL', 'JNJ', 'NFLX', 'TSLA'] to output/20250828-142609/plots/all_tickers_finbert-tabmlp_full_returns_prediction.png
2025-08-28T18:26:17Z - INFO - [visualize_sentiment] Saved sentiment plot for all_tickers to output/20250828-142609/plots/all_tickers_sentiment.png
2025-08-28T18:26:17Z - INFO - [train] [all_tickers] Test (price) MSE=0.000915849 | MAE=0.025036281 | RMSE=0.030263002 (scaled MSE=0.085223019)
2025-08-28T18:26:17Z - INFO - [train] [all_tickers] Final (price) Train MSE=0.000651306 | Val MSE=0.001821342 (scaled Train MSE=0.060606357 | Val MSE=0.169482291)
2025-08-28T18:26:17Z - INFO - [train] [all_tickers] Best epoch=16 | Best (price) Train MSE=0.001302327 | Best (price) Val MSE=0.000457437 | Saved at=/home/tbfs/Projects/finBert/output/20250828-142609/saved_weights/all_tickers/all_tickers_best-epoch016.pt
2025-08-28T18:26:17Z - INFO - [train] Wrote evaluation summary → output/20250828-142609/evaluation.json
