2025-08-26T03:20:55Z - INFO - [Pipeline::__init__] Loaded news dataframe with columns=['title', 'date', 'stock'] shape=(1277896, 3).
2025-08-26T03:20:55Z - INFO - [SentimentGenerator::_load] Loaded precomputed sentiment from /home/tbfs/Projects/finBert/output/20250823-140342/sentiment_daily.csv
2025-08-26T03:20:55Z - INFO - [train] Training predictor for ticker: BMY
2025-08-26T03:20:56Z - INFO - [train] Loaded prices for BMY with columns=['date', 'open', 'high', 'low', 'close', 'adj close', 'volume'] shape=(2516, 7).
2025-08-26T03:20:56Z - INFO - [SequenceDataset::__init__] len(self.valid_indices)=741 out of len(df)=2515 samples are valid for lookback=60 with sentiment_col=SentimentScore
2025-08-26T03:20:56Z - INFO - [SequenceDataset::__init__] len(self.valid_indices)=83 out of len(df)=2515 samples are valid for lookback=60 with sentiment_col=SentimentScore
2025-08-26T03:20:56Z - INFO - [SequenceDataset::__init__] len(self.valid_indices)=92 out of len(df)=2515 samples are valid for lookback=60 with sentiment_col=SentimentScore
2025-08-26T03:20:57Z - INFO - [train_model] Epoch 001 | train (scaled) MSE: mean=0.094719 med=0.006348 std=0.207311 min=0.000000 max=0.926690 | val (scaled) MSE: mean=0.020665 med=0.005996 std=0.033427 min=0.000003 max=0.164640
2025-08-26T03:20:57Z - INFO - [train_model] Epoch 001 | train (price) MSE=0.002847 MAE=0.031700 RMSE=0.053359 | val (price) MSE=0.000621 MAE=0.018953 RMSE=0.024923
2025-08-26T03:20:57Z - INFO - [train_model] New best (price) val MSE=0.000621 at epoch 1; saved → /home/tbfs/Projects/finBert/output/20250825-232051/saved_weights/BMY/BMY_best-epoch001.pt
2025-08-26T03:20:57Z - INFO - [train_model] Epoch 002 | train (scaled) MSE: mean=0.027792 med=0.004350 std=0.075636 min=0.000000 max=0.534958 | val (scaled) MSE: mean=0.016860 med=0.005202 std=0.027062 min=0.000000 max=0.146593
2025-08-26T03:20:57Z - INFO - [train_model] Epoch 002 | train (price) MSE=0.000835 MAE=0.018371 RMSE=0.028903 | val (price) MSE=0.000507 MAE=0.017244 RMSE=0.022512
2025-08-26T03:20:57Z - INFO - [train_model] New best (price) val MSE=0.000507 at epoch 2; saved → /home/tbfs/Projects/finBert/output/20250825-232051/saved_weights/BMY/BMY_best-epoch002.pt
2025-08-26T03:20:58Z - INFO - [train_model] Epoch 003 | train (scaled) MSE: mean=0.020312 med=0.003561 std=0.054409 min=0.000000 max=0.529600 | val (scaled) MSE: mean=0.017034 med=0.006288 std=0.027603 min=0.000034 max=0.158539
2025-08-26T03:20:58Z - INFO - [train_model] Epoch 003 | train (price) MSE=0.000611 MAE=0.016278 RMSE=0.024710 | val (price) MSE=0.000512 MAE=0.017519 RMSE=0.022628
2025-08-26T03:20:58Z - INFO - [train_model] Epoch 004 | train (scaled) MSE: mean=0.015311 med=0.004296 std=0.036192 min=0.000000 max=0.466943 | val (scaled) MSE: mean=0.016021 med=0.007283 std=0.022843 min=0.000002 max=0.140219
2025-08-26T03:20:58Z - INFO - [train_model] Epoch 004 | train (price) MSE=0.000460 MAE=0.015273 RMSE=0.021453 | val (price) MSE=0.000482 MAE=0.017692 RMSE=0.021945
2025-08-26T03:20:58Z - INFO - [train_model] New best (price) val MSE=0.000482 at epoch 4; saved → /home/tbfs/Projects/finBert/output/20250825-232051/saved_weights/BMY/BMY_best-epoch004.pt
2025-08-26T03:20:59Z - INFO - [train_model] Epoch 005 | train (scaled) MSE: mean=0.012381 med=0.003697 std=0.027935 min=0.000000 max=0.501038 | val (scaled) MSE: mean=0.017310 med=0.008874 std=0.023493 min=0.000018 max=0.144884
2025-08-26T03:20:59Z - INFO - [train_model] Epoch 005 | train (price) MSE=0.000372 MAE=0.014230 RMSE=0.019291 | val (price) MSE=0.000520 MAE=0.019023 RMSE=0.022811
2025-08-26T03:20:59Z - INFO - [train_model] Epoch 006 | train (scaled) MSE: mean=0.010770 med=0.003532 std=0.024766 min=0.000000 max=0.515874 | val (scaled) MSE: mean=0.019512 med=0.012215 std=0.023820 min=0.000000 max=0.133842
2025-08-26T03:20:59Z - INFO - [train_model] Epoch 006 | train (price) MSE=0.000324 MAE=0.013555 RMSE=0.017993 | val (price) MSE=0.000587 MAE=0.020444 RMSE=0.024218
2025-08-26T03:21:00Z - INFO - [train_model] Epoch 007 | train (scaled) MSE: mean=0.010738 med=0.003596 std=0.022931 min=0.000000 max=0.425491 | val (scaled) MSE: mean=0.020584 med=0.013200 std=0.024897 min=0.000013 max=0.134345
2025-08-26T03:21:00Z - INFO - [train_model] Epoch 007 | train (price) MSE=0.000323 MAE=0.013396 RMSE=0.017966 | val (price) MSE=0.000619 MAE=0.021058 RMSE=0.024875
2025-08-26T03:21:01Z - INFO - [train_model] Epoch 008 | train (scaled) MSE: mean=0.010414 med=0.003282 std=0.023435 min=0.000000 max=0.473659 | val (scaled) MSE: mean=0.020190 med=0.011909 std=0.026277 min=0.000019 max=0.151430
2025-08-26T03:21:01Z - INFO - [train_model] Epoch 008 | train (price) MSE=0.000313 MAE=0.013293 RMSE=0.017693 | val (price) MSE=0.000607 MAE=0.020805 RMSE=0.024635
2025-08-26T03:21:01Z - INFO - [train_model] Epoch 009 | train (scaled) MSE: mean=0.010345 med=0.003469 std=0.023847 min=0.000000 max=0.486847 | val (scaled) MSE: mean=0.021148 med=0.013667 std=0.026028 min=0.000128 max=0.136467
2025-08-26T03:21:01Z - INFO - [train_model] Epoch 009 | train (price) MSE=0.000311 MAE=0.013194 RMSE=0.017634 | val (price) MSE=0.000636 MAE=0.021330 RMSE=0.025213
2025-08-26T03:21:02Z - INFO - [train_model] Epoch 010 | train (scaled) MSE: mean=0.010261 med=0.003433 std=0.023740 min=0.000000 max=0.475471 | val (scaled) MSE: mean=0.020339 med=0.012307 std=0.026353 min=0.000006 max=0.144522
2025-08-26T03:21:02Z - INFO - [train_model] Epoch 010 | train (price) MSE=0.000308 MAE=0.013090 RMSE=0.017563 | val (price) MSE=0.000611 MAE=0.020842 RMSE=0.024726
2025-08-26T03:21:03Z - INFO - [train_model] Epoch 011 | train (scaled) MSE: mean=0.010591 med=0.003436 std=0.023920 min=0.000000 max=0.478821 | val (scaled) MSE: mean=0.019851 med=0.011667 std=0.025474 min=0.000001 max=0.133719
2025-08-26T03:21:03Z - INFO - [train_model] Epoch 011 | train (price) MSE=0.000318 MAE=0.013428 RMSE=0.017842 | val (price) MSE=0.000597 MAE=0.020525 RMSE=0.024427
2025-08-26T03:21:03Z - INFO - [train_model] Epoch 012 | train (scaled) MSE: mean=0.010340 med=0.003388 std=0.021927 min=0.000000 max=0.404569 | val (scaled) MSE: mean=0.019401 med=0.011731 std=0.025738 min=0.000003 max=0.138600
2025-08-26T03:21:03Z - INFO - [train_model] Epoch 012 | train (price) MSE=0.000311 MAE=0.013304 RMSE=0.017630 | val (price) MSE=0.000583 MAE=0.020263 RMSE=0.024149
2025-08-26T03:21:04Z - INFO - [train_model] Epoch 013 | train (scaled) MSE: mean=0.009862 med=0.003550 std=0.021437 min=0.000000 max=0.414133 | val (scaled) MSE: mean=0.018146 med=0.010612 std=0.024503 min=0.000000 max=0.133772
2025-08-26T03:21:04Z - INFO - [train_model] Epoch 013 | train (price) MSE=0.000296 MAE=0.013009 RMSE=0.017217 | val (price) MSE=0.000545 MAE=0.019475 RMSE=0.023355
2025-08-26T03:21:04Z - INFO - [train_model] Epoch 014 | train (scaled) MSE: mean=0.009357 med=0.003204 std=0.020306 min=0.000000 max=0.378831 | val (scaled) MSE: mean=0.017228 med=0.010020 std=0.023949 min=0.000002 max=0.135139
2025-08-26T03:21:04Z - INFO - [train_model] Epoch 014 | train (price) MSE=0.000281 MAE=0.012567 RMSE=0.016771 | val (price) MSE=0.000518 MAE=0.018864 RMSE=0.022757
2025-08-26T03:21:05Z - INFO - [train_model] Epoch 015 | train (scaled) MSE: mean=0.009164 med=0.003190 std=0.020246 min=0.000000 max=0.392422 | val (scaled) MSE: mean=0.016821 med=0.010013 std=0.023412 min=0.000006 max=0.132475
2025-08-26T03:21:05Z - INFO - [train_model] Epoch 015 | train (price) MSE=0.000275 MAE=0.012478 RMSE=0.016597 | val (price) MSE=0.000506 MAE=0.018599 RMSE=0.022486
2025-08-26T03:21:06Z - INFO - [train_model] Epoch 016 | train (scaled) MSE: mean=0.009332 med=0.003301 std=0.020830 min=0.000000 max=0.395901 | val (scaled) MSE: mean=0.015969 med=0.008705 std=0.022814 min=0.000003 max=0.132675
2025-08-26T03:21:06Z - INFO - [train_model] Epoch 016 | train (price) MSE=0.000281 MAE=0.012465 RMSE=0.016749 | val (price) MSE=0.000480 MAE=0.018025 RMSE=0.021909
2025-08-26T03:21:06Z - INFO - [train_model] New best (price) val MSE=0.000480 at epoch 16; saved → /home/tbfs/Projects/finBert/output/20250825-232051/saved_weights/BMY/BMY_best-epoch016.pt
2025-08-26T03:21:06Z - INFO - [train_model] Epoch 017 | train (scaled) MSE: mean=0.008867 med=0.002792 std=0.019572 min=0.000000 max=0.358253 | val (scaled) MSE: mean=0.015337 med=0.007148 std=0.021578 min=0.000002 max=0.122017
2025-08-26T03:21:06Z - INFO - [train_model] Epoch 017 | train (price) MSE=0.000267 MAE=0.012046 RMSE=0.016326 | val (price) MSE=0.000461 MAE=0.017708 RMSE=0.021472
2025-08-26T03:21:06Z - INFO - [train_model] New best (price) val MSE=0.000461 at epoch 17; saved → /home/tbfs/Projects/finBert/output/20250825-232051/saved_weights/BMY/BMY_best-epoch017.pt
2025-08-26T03:21:07Z - INFO - [train_model] Epoch 018 | train (scaled) MSE: mean=0.008377 med=0.002772 std=0.018609 min=0.000000 max=0.339199 | val (scaled) MSE: mean=0.014544 med=0.006921 std=0.021213 min=0.000000 max=0.124959
2025-08-26T03:21:07Z - INFO - [train_model] Epoch 018 | train (price) MSE=0.000252 MAE=0.011771 RMSE=0.015868 | val (price) MSE=0.000437 MAE=0.017113 RMSE=0.020909
2025-08-26T03:21:07Z - INFO - [train_model] New best (price) val MSE=0.000437 at epoch 18; saved → /home/tbfs/Projects/finBert/output/20250825-232051/saved_weights/BMY/BMY_best-epoch018.pt
2025-08-26T03:21:07Z - INFO - [train_model] Epoch 019 | train (scaled) MSE: mean=0.008177 med=0.002773 std=0.018966 min=0.000001 max=0.373154 | val (scaled) MSE: mean=0.014319 med=0.006932 std=0.020696 min=0.000019 max=0.120570
2025-08-26T03:21:07Z - INFO - [train_model] Epoch 019 | train (price) MSE=0.000246 MAE=0.011618 RMSE=0.015678 | val (price) MSE=0.000430 MAE=0.016973 RMSE=0.020746
2025-08-26T03:21:07Z - INFO - [train_model] New best (price) val MSE=0.000430 at epoch 19; saved → /home/tbfs/Projects/finBert/output/20250825-232051/saved_weights/BMY/BMY_best-epoch019.pt
2025-08-26T03:21:08Z - INFO - [train_model] Epoch 020 | train (scaled) MSE: mean=0.008300 med=0.002593 std=0.020278 min=0.000000 max=0.405155 | val (scaled) MSE: mean=0.013715 med=0.006493 std=0.020148 min=0.000043 max=0.118804
2025-08-26T03:21:08Z - INFO - [train_model] Epoch 020 | train (price) MSE=0.000249 MAE=0.011571 RMSE=0.015795 | val (price) MSE=0.000412 MAE=0.016504 RMSE=0.020304
2025-08-26T03:21:08Z - INFO - [train_model] New best (price) val MSE=0.000412 at epoch 20; saved → /home/tbfs/Projects/finBert/output/20250825-232051/saved_weights/BMY/BMY_best-epoch020.pt
2025-08-26T03:21:09Z - INFO - [train_model] Epoch 021 | train (scaled) MSE: mean=0.007750 med=0.002381 std=0.019174 min=0.000000 max=0.387452 | val (scaled) MSE: mean=0.013349 med=0.005729 std=0.019633 min=0.000001 max=0.115353
2025-08-26T03:21:09Z - INFO - [train_model] Epoch 021 | train (price) MSE=0.000233 MAE=0.011157 RMSE=0.015263 | val (price) MSE=0.000401 MAE=0.016189 RMSE=0.020032
2025-08-26T03:21:09Z - INFO - [train_model] New best (price) val MSE=0.000401 at epoch 21; saved → /home/tbfs/Projects/finBert/output/20250825-232051/saved_weights/BMY/BMY_best-epoch021.pt
2025-08-26T03:21:09Z - INFO - [train_model] Epoch 022 | train (scaled) MSE: mean=0.007866 med=0.002376 std=0.018793 min=0.000000 max=0.369561 | val (scaled) MSE: mean=0.012807 med=0.005009 std=0.019197 min=0.000000 max=0.114805
2025-08-26T03:21:09Z - INFO - [train_model] Epoch 022 | train (price) MSE=0.000236 MAE=0.011220 RMSE=0.015377 | val (price) MSE=0.000385 MAE=0.015750 RMSE=0.019620
2025-08-26T03:21:09Z - INFO - [train_model] New best (price) val MSE=0.000385 at epoch 22; saved → /home/tbfs/Projects/finBert/output/20250825-232051/saved_weights/BMY/BMY_best-epoch022.pt
2025-08-26T03:21:10Z - INFO - [train_model] Epoch 023 | train (scaled) MSE: mean=0.007558 med=0.002321 std=0.018779 min=0.000000 max=0.384094 | val (scaled) MSE: mean=0.012562 med=0.004745 std=0.018896 min=0.000009 max=0.113223
2025-08-26T03:21:10Z - INFO - [train_model] Epoch 023 | train (price) MSE=0.000227 MAE=0.011031 RMSE=0.015073 | val (price) MSE=0.000378 MAE=0.015559 RMSE=0.019432
2025-08-26T03:21:10Z - INFO - [train_model] New best (price) val MSE=0.000378 at epoch 23; saved → /home/tbfs/Projects/finBert/output/20250825-232051/saved_weights/BMY/BMY_best-epoch023.pt
2025-08-26T03:21:10Z - INFO - [train_model] Epoch 024 | train (scaled) MSE: mean=0.007515 med=0.002195 std=0.019575 min=0.000000 max=0.413388 | val (scaled) MSE: mean=0.012393 med=0.004959 std=0.018499 min=0.000029 max=0.109570
2025-08-26T03:21:10Z - INFO - [train_model] Epoch 024 | train (price) MSE=0.000226 MAE=0.010919 RMSE=0.015030 | val (price) MSE=0.000373 MAE=0.015458 RMSE=0.019301
2025-08-26T03:21:10Z - INFO - [train_model] New best (price) val MSE=0.000373 at epoch 24; saved → /home/tbfs/Projects/finBert/output/20250825-232051/saved_weights/BMY/BMY_best-epoch024.pt
2025-08-26T03:21:11Z - INFO - [train_model] Epoch 025 | train (scaled) MSE: mean=0.007262 med=0.002146 std=0.018817 min=0.000000 max=0.387922 | val (scaled) MSE: mean=0.011997 med=0.004553 std=0.018226 min=0.000051 max=0.109385
2025-08-26T03:21:11Z - INFO - [train_model] Epoch 025 | train (price) MSE=0.000218 MAE=0.010718 RMSE=0.014775 | val (price) MSE=0.000361 MAE=0.015092 RMSE=0.018990
2025-08-26T03:21:11Z - INFO - [train_model] New best (price) val MSE=0.000361 at epoch 25; saved → /home/tbfs/Projects/finBert/output/20250825-232051/saved_weights/BMY/BMY_best-epoch025.pt
2025-08-26T03:21:12Z - INFO - [train_model] Epoch 026 | train (scaled) MSE: mean=0.007174 med=0.002029 std=0.018702 min=0.000000 max=0.386842 | val (scaled) MSE: mean=0.012340 med=0.005319 std=0.017884 min=0.000003 max=0.101405
2025-08-26T03:21:12Z - INFO - [train_model] Epoch 026 | train (price) MSE=0.000216 MAE=0.010569 RMSE=0.014685 | val (price) MSE=0.000371 MAE=0.015442 RMSE=0.019259
2025-08-26T03:21:12Z - INFO - [train_model] Epoch 027 | train (scaled) MSE: mean=0.007204 med=0.002213 std=0.018641 min=0.000000 max=0.379352 | val (scaled) MSE: mean=0.011784 med=0.004394 std=0.017679 min=0.000000 max=0.104489
2025-08-26T03:21:12Z - INFO - [train_model] Epoch 027 | train (price) MSE=0.000217 MAE=0.010694 RMSE=0.014716 | val (price) MSE=0.000354 MAE=0.014916 RMSE=0.018821
2025-08-26T03:21:12Z - INFO - [train_model] New best (price) val MSE=0.000354 at epoch 27; saved → /home/tbfs/Projects/finBert/output/20250825-232051/saved_weights/BMY/BMY_best-epoch027.pt
2025-08-26T03:21:13Z - INFO - [train_model] Epoch 028 | train (scaled) MSE: mean=0.007113 med=0.001955 std=0.018478 min=0.000000 max=0.379753 | val (scaled) MSE: mean=0.011873 med=0.004445 std=0.017446 min=0.000004 max=0.100483
2025-08-26T03:21:13Z - INFO - [train_model] Epoch 028 | train (price) MSE=0.000214 MAE=0.010549 RMSE=0.014623 | val (price) MSE=0.000357 MAE=0.015008 RMSE=0.018891
2025-08-26T03:21:13Z - INFO - [train_model] Epoch 029 | train (scaled) MSE: mean=0.007104 med=0.002062 std=0.018678 min=0.000000 max=0.375923 | val (scaled) MSE: mean=0.011551 med=0.004054 std=0.017220 min=0.000000 max=0.100408
2025-08-26T03:21:13Z - INFO - [train_model] Epoch 029 | train (price) MSE=0.000214 MAE=0.010561 RMSE=0.014613 | val (price) MSE=0.000347 MAE=0.014680 RMSE=0.018634
2025-08-26T03:21:14Z - INFO - [train_model] New best (price) val MSE=0.000347 at epoch 29; saved → /home/tbfs/Projects/finBert/output/20250825-232051/saved_weights/BMY/BMY_best-epoch029.pt
2025-08-26T03:21:14Z - INFO - [train_model] Epoch 030 | train (scaled) MSE: mean=0.006972 med=0.002051 std=0.019412 min=0.000000 max=0.399853 | val (scaled) MSE: mean=0.011610 med=0.004110 std=0.017022 min=0.000000 max=0.096814
2025-08-26T03:21:14Z - INFO - [train_model] Epoch 030 | train (price) MSE=0.000210 MAE=0.010456 RMSE=0.014477 | val (price) MSE=0.000349 MAE=0.014736 RMSE=0.018681
2025-08-26T03:21:15Z - INFO - [train_model] Epoch 031 | train (scaled) MSE: mean=0.006902 med=0.001926 std=0.018494 min=0.000000 max=0.377758 | val (scaled) MSE: mean=0.011099 med=0.004155 std=0.016866 min=0.000000 max=0.099407
2025-08-26T03:21:15Z - INFO - [train_model] Epoch 031 | train (price) MSE=0.000207 MAE=0.010348 RMSE=0.014404 | val (price) MSE=0.000334 MAE=0.014165 RMSE=0.018266
2025-08-26T03:21:15Z - INFO - [train_model] New best (price) val MSE=0.000334 at epoch 31; saved → /home/tbfs/Projects/finBert/output/20250825-232051/saved_weights/BMY/BMY_best-epoch031.pt
2025-08-26T03:21:15Z - INFO - [train_model] Epoch 032 | train (scaled) MSE: mean=0.006878 med=0.001939 std=0.018707 min=0.000000 max=0.388047 | val (scaled) MSE: mean=0.011020 med=0.003662 std=0.016735 min=0.000001 max=0.098621
2025-08-26T03:21:15Z - INFO - [train_model] Epoch 032 | train (price) MSE=0.000207 MAE=0.010335 RMSE=0.014378 | val (price) MSE=0.000331 MAE=0.014110 RMSE=0.018201
2025-08-26T03:21:15Z - INFO - [train_model] New best (price) val MSE=0.000331 at epoch 32; saved → /home/tbfs/Projects/finBert/output/20250825-232051/saved_weights/BMY/BMY_best-epoch032.pt
2025-08-26T03:21:16Z - INFO - [train_model] Epoch 033 | train (scaled) MSE: mean=0.006842 med=0.001974 std=0.018346 min=0.000000 max=0.365339 | val (scaled) MSE: mean=0.011207 med=0.003721 std=0.016557 min=0.000011 max=0.093962
2025-08-26T03:21:16Z - INFO - [train_model] Epoch 033 | train (price) MSE=0.000206 MAE=0.010280 RMSE=0.014341 | val (price) MSE=0.000337 MAE=0.014390 RMSE=0.018354
2025-08-26T03:21:16Z - INFO - [train_model] Epoch 034 | train (scaled) MSE: mean=0.006879 med=0.001986 std=0.018958 min=0.000000 max=0.393597 | val (scaled) MSE: mean=0.010873 med=0.003499 std=0.016603 min=0.000000 max=0.097337
2025-08-26T03:21:16Z - INFO - [train_model] Epoch 034 | train (price) MSE=0.000207 MAE=0.010256 RMSE=0.014380 | val (price) MSE=0.000327 MAE=0.013967 RMSE=0.018079
2025-08-26T03:21:16Z - INFO - [train_model] New best (price) val MSE=0.000327 at epoch 34; saved → /home/tbfs/Projects/finBert/output/20250825-232051/saved_weights/BMY/BMY_best-epoch034.pt
2025-08-26T03:21:17Z - INFO - [train_model] Epoch 035 | train (scaled) MSE: mean=0.006931 med=0.002023 std=0.019522 min=0.000000 max=0.405190 | val (scaled) MSE: mean=0.010763 med=0.003468 std=0.016614 min=0.000000 max=0.098053
2025-08-26T03:21:17Z - INFO - [train_model] Epoch 035 | train (price) MSE=0.000208 MAE=0.010306 RMSE=0.014434 | val (price) MSE=0.000324 MAE=0.013820 RMSE=0.017987
2025-08-26T03:21:17Z - INFO - [train_model] New best (price) val MSE=0.000324 at epoch 35; saved → /home/tbfs/Projects/finBert/output/20250825-232051/saved_weights/BMY/BMY_best-epoch035.pt
2025-08-26T03:21:18Z - INFO - [train_model] Epoch 036 | train (scaled) MSE: mean=0.006690 med=0.002074 std=0.019046 min=0.000000 max=0.399276 | val (scaled) MSE: mean=0.010682 med=0.003526 std=0.016669 min=0.000003 max=0.098932
2025-08-26T03:21:18Z - INFO - [train_model] Epoch 036 | train (price) MSE=0.000201 MAE=0.010124 RMSE=0.014181 | val (price) MSE=0.000321 MAE=0.013690 RMSE=0.017919
2025-08-26T03:21:18Z - INFO - [train_model] New best (price) val MSE=0.000321 at epoch 36; saved → /home/tbfs/Projects/finBert/output/20250825-232051/saved_weights/BMY/BMY_best-epoch036.pt
2025-08-26T03:21:18Z - INFO - [train_model] Epoch 037 | train (scaled) MSE: mean=0.006821 med=0.001892 std=0.019181 min=0.000000 max=0.400279 | val (scaled) MSE: mean=0.010729 med=0.003419 std=0.016578 min=0.000000 max=0.096571
2025-08-26T03:21:18Z - INFO - [train_model] Epoch 037 | train (price) MSE=0.000205 MAE=0.010206 RMSE=0.014319 | val (price) MSE=0.000323 MAE=0.013759 RMSE=0.017958
2025-08-26T03:21:19Z - INFO - [train_model] Epoch 038 | train (scaled) MSE: mean=0.006824 med=0.001964 std=0.018745 min=0.000000 max=0.383367 | val (scaled) MSE: mean=0.010650 med=0.003545 std=0.016636 min=0.000001 max=0.097982
2025-08-26T03:21:19Z - INFO - [train_model] Epoch 038 | train (price) MSE=0.000205 MAE=0.010215 RMSE=0.014323 | val (price) MSE=0.000320 MAE=0.013636 RMSE=0.017893
2025-08-26T03:21:19Z - INFO - [train_model] New best (price) val MSE=0.000320 at epoch 38; saved → /home/tbfs/Projects/finBert/output/20250825-232051/saved_weights/BMY/BMY_best-epoch038.pt
2025-08-26T03:21:19Z - INFO - [train_model] Epoch 039 | train (scaled) MSE: mean=0.006836 med=0.001893 std=0.019637 min=0.000000 max=0.410986 | val (scaled) MSE: mean=0.010540 med=0.003469 std=0.016764 min=0.000005 max=0.100654
2025-08-26T03:21:19Z - INFO - [train_model] Epoch 039 | train (price) MSE=0.000205 MAE=0.010184 RMSE=0.014334 | val (price) MSE=0.000317 MAE=0.013445 RMSE=0.017799
2025-08-26T03:21:19Z - INFO - [train_model] New best (price) val MSE=0.000317 at epoch 39; saved → /home/tbfs/Projects/finBert/output/20250825-232051/saved_weights/BMY/BMY_best-epoch039.pt
2025-08-26T03:21:20Z - INFO - [train_model] Epoch 040 | train (scaled) MSE: mean=0.006718 med=0.001767 std=0.019487 min=0.000000 max=0.410576 | val (scaled) MSE: mean=0.010537 med=0.003572 std=0.016708 min=0.000000 max=0.099574
2025-08-26T03:21:20Z - INFO - [train_model] Epoch 040 | train (price) MSE=0.000202 MAE=0.010068 RMSE=0.014211 | val (price) MSE=0.000317 MAE=0.013445 RMSE=0.017797
2025-08-26T03:21:20Z - INFO - [train_model] New best (price) val MSE=0.000317 at epoch 40; saved → /home/tbfs/Projects/finBert/output/20250825-232051/saved_weights/BMY/BMY_best-epoch040.pt
2025-08-26T03:21:21Z - INFO - [train_model] Epoch 041 | train (scaled) MSE: mean=0.006751 med=0.001867 std=0.019709 min=0.000000 max=0.410949 | val (scaled) MSE: mean=0.010496 med=0.003551 std=0.016768 min=0.000001 max=0.100637
2025-08-26T03:21:21Z - INFO - [train_model] Epoch 041 | train (price) MSE=0.000203 MAE=0.010165 RMSE=0.014245 | val (price) MSE=0.000315 MAE=0.013367 RMSE=0.017762
2025-08-26T03:21:21Z - INFO - [train_model] New best (price) val MSE=0.000315 at epoch 41; saved → /home/tbfs/Projects/finBert/output/20250825-232051/saved_weights/BMY/BMY_best-epoch041.pt
2025-08-26T03:21:21Z - INFO - [train_model] Epoch 042 | train (scaled) MSE: mean=0.006716 med=0.001761 std=0.019553 min=0.000000 max=0.418757 | val (scaled) MSE: mean=0.010484 med=0.003527 std=0.016843 min=0.000000 max=0.100945
2025-08-26T03:21:21Z - INFO - [train_model] Epoch 042 | train (price) MSE=0.000202 MAE=0.010088 RMSE=0.014209 | val (price) MSE=0.000315 MAE=0.013303 RMSE=0.017752
2025-08-26T03:21:21Z - INFO - [train_model] New best (price) val MSE=0.000315 at epoch 42; saved → /home/tbfs/Projects/finBert/output/20250825-232051/saved_weights/BMY/BMY_best-epoch042.pt
2025-08-26T03:21:22Z - INFO - [train_model] Epoch 043 | train (scaled) MSE: mean=0.006773 med=0.001851 std=0.019578 min=0.000000 max=0.415013 | val (scaled) MSE: mean=0.010469 med=0.003638 std=0.016824 min=0.000000 max=0.101138
2025-08-26T03:21:22Z - INFO - [train_model] Epoch 043 | train (price) MSE=0.000204 MAE=0.010167 RMSE=0.014269 | val (price) MSE=0.000315 MAE=0.013297 RMSE=0.017739
2025-08-26T03:21:22Z - INFO - [train_model] New best (price) val MSE=0.000315 at epoch 43; saved → /home/tbfs/Projects/finBert/output/20250825-232051/saved_weights/BMY/BMY_best-epoch043.pt
2025-08-26T03:21:22Z - INFO - [train_model] Epoch 044 | train (scaled) MSE: mean=0.006652 med=0.001850 std=0.018653 min=0.000000 max=0.380045 | val (scaled) MSE: mean=0.010496 med=0.003587 std=0.016740 min=0.000000 max=0.099616
2025-08-26T03:21:22Z - INFO - [train_model] Epoch 044 | train (price) MSE=0.000200 MAE=0.010102 RMSE=0.014140 | val (price) MSE=0.000315 MAE=0.013360 RMSE=0.017762
2025-08-26T03:21:23Z - INFO - [train_model] Epoch 045 | train (scaled) MSE: mean=0.006757 med=0.001757 std=0.019794 min=0.000000 max=0.419806 | val (scaled) MSE: mean=0.010492 med=0.003616 std=0.016759 min=0.000002 max=0.099661
2025-08-26T03:21:23Z - INFO - [train_model] Epoch 045 | train (price) MSE=0.000203 MAE=0.010097 RMSE=0.014251 | val (price) MSE=0.000315 MAE=0.013344 RMSE=0.017759
2025-08-26T03:21:24Z - INFO - [train_model] Epoch 046 | train (scaled) MSE: mean=0.006846 med=0.001675 std=0.019836 min=0.000000 max=0.410555 | val (scaled) MSE: mean=0.010496 med=0.003435 std=0.016850 min=0.000002 max=0.100029
2025-08-26T03:21:24Z - INFO - [train_model] Epoch 046 | train (price) MSE=0.000206 MAE=0.010153 RMSE=0.014345 | val (price) MSE=0.000316 MAE=0.013302 RMSE=0.017762
2025-08-26T03:21:24Z - INFO - [train_model] Epoch 047 | train (scaled) MSE: mean=0.006795 med=0.001797 std=0.019803 min=0.000000 max=0.424407 | val (scaled) MSE: mean=0.010489 med=0.003315 std=0.016903 min=0.000000 max=0.100635
2025-08-26T03:21:24Z - INFO - [train_model] Epoch 047 | train (price) MSE=0.000204 MAE=0.010162 RMSE=0.014292 | val (price) MSE=0.000315 MAE=0.013268 RMSE=0.017756
2025-08-26T03:21:25Z - INFO - [train_model] Epoch 048 | train (scaled) MSE: mean=0.006741 med=0.001791 std=0.019096 min=0.000000 max=0.396034 | val (scaled) MSE: mean=0.010476 med=0.003152 std=0.016907 min=0.000000 max=0.100963
2025-08-26T03:21:25Z - INFO - [train_model] Epoch 048 | train (price) MSE=0.000203 MAE=0.010152 RMSE=0.014235 | val (price) MSE=0.000315 MAE=0.013251 RMSE=0.017746
2025-08-26T03:21:25Z - INFO - [train_model] Epoch 049 | train (scaled) MSE: mean=0.006815 med=0.001798 std=0.020037 min=0.000000 max=0.425879 | val (scaled) MSE: mean=0.010471 med=0.003060 std=0.016975 min=0.000000 max=0.101717
2025-08-26T03:21:25Z - INFO - [train_model] Epoch 049 | train (price) MSE=0.000205 MAE=0.010180 RMSE=0.014313 | val (price) MSE=0.000315 MAE=0.013210 RMSE=0.017741
2025-08-26T03:21:26Z - INFO - [train_model] Epoch 050 | train (scaled) MSE: mean=0.006714 med=0.001655 std=0.019903 min=0.000000 max=0.425972 | val (scaled) MSE: mean=0.010463 med=0.003067 std=0.017046 min=0.000000 max=0.102660
2025-08-26T03:21:26Z - INFO - [train_model] Epoch 050 | train (price) MSE=0.000202 MAE=0.010066 RMSE=0.014207 | val (price) MSE=0.000315 MAE=0.013166 RMSE=0.017734
2025-08-26T03:21:26Z - INFO - [train_model] New best (price) val MSE=0.000315 at epoch 50; saved → /home/tbfs/Projects/finBert/output/20250825-232051/saved_weights/BMY/BMY_best-epoch050.pt
2025-08-26T03:21:26Z - INFO - [train_model] Epoch 051 | train (scaled) MSE: mean=0.006717 med=0.001805 std=0.019728 min=0.000000 max=0.418032 | val (scaled) MSE: mean=0.010449 med=0.003205 std=0.017064 min=0.000000 max=0.103362
2025-08-26T03:21:26Z - INFO - [train_model] Epoch 051 | train (price) MSE=0.000202 MAE=0.010035 RMSE=0.014209 | val (price) MSE=0.000314 MAE=0.013143 RMSE=0.017722
2025-08-26T03:21:26Z - INFO - [train_model] New best (price) val MSE=0.000314 at epoch 51; saved → /home/tbfs/Projects/finBert/output/20250825-232051/saved_weights/BMY/BMY_best-epoch051.pt
2025-08-26T03:21:27Z - INFO - [train_model] Epoch 052 | train (scaled) MSE: mean=0.006778 med=0.001791 std=0.020147 min=0.000000 max=0.427527 | val (scaled) MSE: mean=0.010443 med=0.003140 std=0.017009 min=0.000000 max=0.102976
2025-08-26T03:21:27Z - INFO - [train_model] Epoch 052 | train (price) MSE=0.000204 MAE=0.010094 RMSE=0.014274 | val (price) MSE=0.000314 MAE=0.013163 RMSE=0.017717
2025-08-26T03:21:27Z - INFO - [train_model] New best (price) val MSE=0.000314 at epoch 52; saved → /home/tbfs/Projects/finBert/output/20250825-232051/saved_weights/BMY/BMY_best-epoch052.pt
2025-08-26T03:21:28Z - INFO - [train_model] Epoch 053 | train (scaled) MSE: mean=0.006758 med=0.001776 std=0.019888 min=0.000000 max=0.421538 | val (scaled) MSE: mean=0.010468 med=0.002937 std=0.016988 min=0.000000 max=0.101844
2025-08-26T03:21:28Z - INFO - [train_model] Epoch 053 | train (price) MSE=0.000203 MAE=0.010081 RMSE=0.014253 | val (price) MSE=0.000315 MAE=0.013195 RMSE=0.017738
2025-08-26T03:21:28Z - INFO - [train_model] Epoch 054 | train (scaled) MSE: mean=0.006796 med=0.001968 std=0.019999 min=0.000000 max=0.426739 | val (scaled) MSE: mean=0.010457 med=0.003040 std=0.017019 min=0.000000 max=0.102534
2025-08-26T03:21:28Z - INFO - [train_model] Epoch 054 | train (price) MSE=0.000204 MAE=0.010149 RMSE=0.014293 | val (price) MSE=0.000314 MAE=0.013170 RMSE=0.017729
2025-08-26T03:21:29Z - INFO - [train_model] Epoch 055 | train (scaled) MSE: mean=0.006770 med=0.001828 std=0.019292 min=0.000000 max=0.398863 | val (scaled) MSE: mean=0.010446 med=0.003219 std=0.017066 min=0.000000 max=0.103466
2025-08-26T03:21:29Z - INFO - [train_model] Epoch 055 | train (price) MSE=0.000203 MAE=0.010131 RMSE=0.014265 | val (price) MSE=0.000314 MAE=0.013137 RMSE=0.017720
2025-08-26T03:21:29Z - INFO - [train_model] Epoch 056 | train (scaled) MSE: mean=0.006718 med=0.001836 std=0.019967 min=0.000000 max=0.426411 | val (scaled) MSE: mean=0.010453 med=0.003102 std=0.017037 min=0.000000 max=0.102873
2025-08-26T03:21:29Z - INFO - [train_model] Epoch 056 | train (price) MSE=0.000202 MAE=0.010109 RMSE=0.014211 | val (price) MSE=0.000314 MAE=0.013157 RMSE=0.017726
2025-08-26T03:21:30Z - INFO - [train_model] Epoch 057 | train (scaled) MSE: mean=0.006737 med=0.001979 std=0.020003 min=0.000000 max=0.425950 | val (scaled) MSE: mean=0.010449 med=0.003179 std=0.017061 min=0.000000 max=0.103281
2025-08-26T03:21:30Z - INFO - [train_model] Epoch 057 | train (price) MSE=0.000203 MAE=0.010078 RMSE=0.014230 | val (price) MSE=0.000314 MAE=0.013142 RMSE=0.017722
2025-08-26T03:21:31Z - INFO - [train_model] Epoch 058 | train (scaled) MSE: mean=0.006671 med=0.001786 std=0.019654 min=0.000000 max=0.418088 | val (scaled) MSE: mean=0.010461 med=0.003025 std=0.017029 min=0.000000 max=0.102495
2025-08-26T03:21:31Z - INFO - [train_model] Epoch 058 | train (price) MSE=0.000201 MAE=0.010060 RMSE=0.014160 | val (price) MSE=0.000314 MAE=0.013167 RMSE=0.017732
2025-08-26T03:21:31Z - INFO - [train_model] Epoch 059 | train (scaled) MSE: mean=0.006682 med=0.001734 std=0.019305 min=0.000000 max=0.402396 | val (scaled) MSE: mean=0.010463 med=0.002947 std=0.016961 min=0.000000 max=0.101726
2025-08-26T03:21:31Z - INFO - [train_model] Epoch 059 | train (price) MSE=0.000201 MAE=0.010037 RMSE=0.014172 | val (price) MSE=0.000315 MAE=0.013201 RMSE=0.017734
2025-08-26T03:21:32Z - INFO - [train_model] Epoch 060 | train (scaled) MSE: mean=0.006678 med=0.001657 std=0.019920 min=0.000000 max=0.425035 | val (scaled) MSE: mean=0.010455 med=0.003246 std=0.017116 min=0.000000 max=0.103688
2025-08-26T03:21:32Z - INFO - [train_model] Epoch 060 | train (price) MSE=0.000201 MAE=0.010049 RMSE=0.014168 | val (price) MSE=0.000314 MAE=0.013127 RMSE=0.017727
2025-08-26T03:21:32Z - INFO - [train_model] Epoch 061 | train (scaled) MSE: mean=0.006653 med=0.001603 std=0.019989 min=0.000000 max=0.426945 | val (scaled) MSE: mean=0.010464 med=0.003236 std=0.017145 min=0.000000 max=0.103682
2025-08-26T03:21:32Z - INFO - [train_model] Epoch 061 | train (price) MSE=0.000200 MAE=0.010000 RMSE=0.014141 | val (price) MSE=0.000315 MAE=0.013126 RMSE=0.017735
2025-08-26T03:21:33Z - INFO - [train_model] Epoch 062 | train (scaled) MSE: mean=0.006603 med=0.001740 std=0.019486 min=0.000000 max=0.411453 | val (scaled) MSE: mean=0.010457 med=0.002986 std=0.016992 min=0.000000 max=0.102253
2025-08-26T03:21:33Z - INFO - [train_model] Epoch 062 | train (price) MSE=0.000198 MAE=0.009964 RMSE=0.014089 | val (price) MSE=0.000314 MAE=0.013180 RMSE=0.017729
2025-08-26T03:21:34Z - INFO - [train_model] Epoch 063 | train (scaled) MSE: mean=0.006725 med=0.001835 std=0.019872 min=0.000000 max=0.423449 | val (scaled) MSE: mean=0.010458 med=0.003187 std=0.017101 min=0.000000 max=0.103391
2025-08-26T03:21:34Z - INFO - [train_model] Epoch 063 | train (price) MSE=0.000202 MAE=0.010014 RMSE=0.014218 | val (price) MSE=0.000314 MAE=0.013135 RMSE=0.017730
2025-08-26T03:21:34Z - INFO - [train_model] Epoch 064 | train (scaled) MSE: mean=0.006605 med=0.001719 std=0.019417 min=0.000000 max=0.403748 | val (scaled) MSE: mean=0.010470 med=0.003149 std=0.017128 min=0.000000 max=0.103242
2025-08-26T03:21:34Z - INFO - [train_model] Epoch 064 | train (price) MSE=0.000199 MAE=0.009965 RMSE=0.014090 | val (price) MSE=0.000315 MAE=0.013138 RMSE=0.017741
2025-08-26T03:21:35Z - INFO - [train_model] Epoch 065 | train (scaled) MSE: mean=0.006661 med=0.001837 std=0.019871 min=0.000000 max=0.424263 | val (scaled) MSE: mean=0.010451 med=0.003237 std=0.017098 min=0.000000 max=0.103616
2025-08-26T03:21:35Z - INFO - [train_model] Epoch 065 | train (price) MSE=0.000200 MAE=0.010031 RMSE=0.014151 | val (price) MSE=0.000314 MAE=0.013129 RMSE=0.017724
2025-08-26T03:21:35Z - INFO - [train_model] Epoch 066 | train (scaled) MSE: mean=0.006654 med=0.001704 std=0.019617 min=0.000000 max=0.417105 | val (scaled) MSE: mean=0.010452 med=0.003260 std=0.017111 min=0.000000 max=0.103745
2025-08-26T03:21:35Z - INFO - [train_model] Epoch 066 | train (price) MSE=0.000200 MAE=0.010064 RMSE=0.014142 | val (price) MSE=0.000314 MAE=0.013126 RMSE=0.017725
2025-08-26T03:21:36Z - INFO - [train_model] Epoch 067 | train (scaled) MSE: mean=0.006717 med=0.001804 std=0.019885 min=0.000000 max=0.422654 | val (scaled) MSE: mean=0.010449 med=0.003279 std=0.017107 min=0.000000 max=0.103830
2025-08-26T03:21:36Z - INFO - [train_model] Epoch 067 | train (price) MSE=0.000202 MAE=0.010082 RMSE=0.014210 | val (price) MSE=0.000314 MAE=0.013124 RMSE=0.017722
2025-08-26T03:21:37Z - INFO - [train_model] Epoch 068 | train (scaled) MSE: mean=0.006647 med=0.001784 std=0.019828 min=0.000000 max=0.424342 | val (scaled) MSE: mean=0.010460 med=0.002939 std=0.016962 min=0.000000 max=0.101836
2025-08-26T03:21:37Z - INFO - [train_model] Epoch 068 | train (price) MSE=0.000200 MAE=0.010032 RMSE=0.014135 | val (price) MSE=0.000314 MAE=0.013197 RMSE=0.017732
2025-08-26T03:21:37Z - INFO - [train_model] Epoch 069 | train (scaled) MSE: mean=0.006670 med=0.001884 std=0.019986 min=0.000000 max=0.427032 | val (scaled) MSE: mean=0.010449 med=0.003389 std=0.017164 min=0.000001 max=0.104518
2025-08-26T03:21:37Z - INFO - [train_model] Epoch 069 | train (price) MSE=0.000200 MAE=0.010021 RMSE=0.014159 | val (price) MSE=0.000314 MAE=0.013110 RMSE=0.017722
2025-08-26T03:21:38Z - INFO - [train_model] Epoch 070 | train (scaled) MSE: mean=0.006672 med=0.001721 std=0.019897 min=0.000000 max=0.424015 | val (scaled) MSE: mean=0.010442 med=0.003193 std=0.017043 min=0.000000 max=0.103327
2025-08-26T03:21:38Z - INFO - [train_model] Epoch 070 | train (price) MSE=0.000201 MAE=0.010009 RMSE=0.014162 | val (price) MSE=0.000314 MAE=0.013143 RMSE=0.017717
2025-08-26T03:21:38Z - INFO - [train_model] New best (price) val MSE=0.000314 at epoch 70; saved → /home/tbfs/Projects/finBert/output/20250825-232051/saved_weights/BMY/BMY_best-epoch070.pt
2025-08-26T03:21:38Z - INFO - [train_model] Epoch 071 | train (scaled) MSE: mean=0.006756 med=0.001799 std=0.019971 min=0.000000 max=0.425270 | val (scaled) MSE: mean=0.010438 med=0.003099 std=0.016977 min=0.000000 max=0.102775
2025-08-26T03:21:38Z - INFO - [train_model] Epoch 071 | train (price) MSE=0.000203 MAE=0.010134 RMSE=0.014251 | val (price) MSE=0.000314 MAE=0.013170 RMSE=0.017713
2025-08-26T03:21:38Z - INFO - [train_model] New best (price) val MSE=0.000314 at epoch 71; saved → /home/tbfs/Projects/finBert/output/20250825-232051/saved_weights/BMY/BMY_best-epoch071.pt
2025-08-26T03:21:39Z - INFO - [train_model] Epoch 072 | train (scaled) MSE: mean=0.006645 med=0.001700 std=0.019889 min=0.000000 max=0.425470 | val (scaled) MSE: mean=0.010446 med=0.003278 std=0.017099 min=0.000000 max=0.103816
2025-08-26T03:21:39Z - INFO - [train_model] Epoch 072 | train (price) MSE=0.000200 MAE=0.010042 RMSE=0.014133 | val (price) MSE=0.000314 MAE=0.013125 RMSE=0.017720
2025-08-26T03:21:40Z - INFO - [train_model] Epoch 073 | train (scaled) MSE: mean=0.006665 med=0.001732 std=0.019550 min=0.000000 max=0.411744 | val (scaled) MSE: mean=0.010453 med=0.003325 std=0.017204 min=0.000000 max=0.104881
2025-08-26T03:21:40Z - INFO - [train_model] Epoch 073 | train (price) MSE=0.000200 MAE=0.010052 RMSE=0.014154 | val (price) MSE=0.000314 MAE=0.013101 RMSE=0.017726
2025-08-26T03:21:40Z - INFO - [train_model] Epoch 074 | train (scaled) MSE: mean=0.006602 med=0.001677 std=0.020023 min=0.000000 max=0.429256 | val (scaled) MSE: mean=0.010446 med=0.003019 std=0.016965 min=0.000001 max=0.102367
2025-08-26T03:21:40Z - INFO - [train_model] Epoch 074 | train (price) MSE=0.000198 MAE=0.009942 RMSE=0.014088 | val (price) MSE=0.000314 MAE=0.013183 RMSE=0.017720
2025-08-26T03:21:41Z - INFO - [train_model] Epoch 075 | train (scaled) MSE: mean=0.006602 med=0.001671 std=0.019926 min=0.000000 max=0.426703 | val (scaled) MSE: mean=0.010454 med=0.003240 std=0.017110 min=0.000000 max=0.103651
2025-08-26T03:21:41Z - INFO - [train_model] Epoch 075 | train (price) MSE=0.000198 MAE=0.009960 RMSE=0.014088 | val (price) MSE=0.000314 MAE=0.013128 RMSE=0.017727
2025-08-26T03:21:41Z - INFO - [train_model] Epoch 076 | train (scaled) MSE: mean=0.006645 med=0.001713 std=0.019850 min=0.000000 max=0.425943 | val (scaled) MSE: mean=0.010458 med=0.003349 std=0.017174 min=0.000001 max=0.104261
2025-08-26T03:21:41Z - INFO - [train_model] Epoch 076 | train (price) MSE=0.000200 MAE=0.010048 RMSE=0.014133 | val (price) MSE=0.000314 MAE=0.013114 RMSE=0.017730
2025-08-26T03:21:42Z - INFO - [train_model] Epoch 077 | train (scaled) MSE: mean=0.006727 med=0.001694 std=0.019948 min=0.000000 max=0.424841 | val (scaled) MSE: mean=0.010446 med=0.003131 std=0.017028 min=0.000000 max=0.103010
2025-08-26T03:21:42Z - INFO - [train_model] Epoch 077 | train (price) MSE=0.000202 MAE=0.010061 RMSE=0.014220 | val (price) MSE=0.000314 MAE=0.013153 RMSE=0.017720
2025-08-26T03:21:43Z - INFO - [train_model] Epoch 078 | train (scaled) MSE: mean=0.006653 med=0.001759 std=0.020074 min=0.000000 max=0.427979 | val (scaled) MSE: mean=0.010444 med=0.003396 std=0.017143 min=0.000000 max=0.104434
2025-08-26T03:21:43Z - INFO - [train_model] Epoch 078 | train (price) MSE=0.000200 MAE=0.009978 RMSE=0.014142 | val (price) MSE=0.000314 MAE=0.013112 RMSE=0.017719
2025-08-26T03:21:43Z - INFO - [train_model] Epoch 079 | train (scaled) MSE: mean=0.006604 med=0.001714 std=0.019937 min=0.000000 max=0.428571 | val (scaled) MSE: mean=0.010452 med=0.003114 std=0.017043 min=0.000000 max=0.102949
2025-08-26T03:21:43Z - INFO - [train_model] Epoch 079 | train (price) MSE=0.000198 MAE=0.010002 RMSE=0.014089 | val (price) MSE=0.000314 MAE=0.013153 RMSE=0.017725
2025-08-26T03:21:44Z - INFO - [train_model] Epoch 080 | train (scaled) MSE: mean=0.006579 med=0.001754 std=0.019752 min=0.000000 max=0.422162 | val (scaled) MSE: mean=0.010446 med=0.003352 std=0.017130 min=0.000000 max=0.104206
2025-08-26T03:21:44Z - INFO - [train_model] Epoch 080 | train (price) MSE=0.000198 MAE=0.009962 RMSE=0.014062 | val (price) MSE=0.000314 MAE=0.013117 RMSE=0.017720
2025-08-26T03:21:44Z - INFO - [train_model] Epoch 081 | train (scaled) MSE: mean=0.006575 med=0.001726 std=0.019838 min=0.000000 max=0.424850 | val (scaled) MSE: mean=0.010451 med=0.003277 std=0.017115 min=0.000000 max=0.103834
2025-08-26T03:21:44Z - INFO - [train_model] Epoch 081 | train (price) MSE=0.000198 MAE=0.009924 RMSE=0.014058 | val (price) MSE=0.000314 MAE=0.013124 RMSE=0.017724
2025-08-26T03:21:45Z - INFO - [train_model] Epoch 082 | train (scaled) MSE: mean=0.006634 med=0.001666 std=0.019935 min=0.000000 max=0.426326 | val (scaled) MSE: mean=0.010440 med=0.003102 std=0.016989 min=0.000000 max=0.102813
2025-08-26T03:21:45Z - INFO - [train_model] Epoch 082 | train (price) MSE=0.000199 MAE=0.009993 RMSE=0.014121 | val (price) MSE=0.000314 MAE=0.013166 RMSE=0.017715
2025-08-26T03:21:46Z - INFO - [train_model] Epoch 083 | train (scaled) MSE: mean=0.006593 med=0.001794 std=0.019343 min=0.000000 max=0.407832 | val (scaled) MSE: mean=0.010449 med=0.003352 std=0.017141 min=0.000000 max=0.104226
2025-08-26T03:21:46Z - INFO - [train_model] Epoch 083 | train (price) MSE=0.000198 MAE=0.009958 RMSE=0.014077 | val (price) MSE=0.000314 MAE=0.013116 RMSE=0.017722
2025-08-26T03:21:46Z - INFO - [train_model] Epoch 084 | train (scaled) MSE: mean=0.006606 med=0.001638 std=0.019394 min=0.000000 max=0.405443 | val (scaled) MSE: mean=0.010462 med=0.003301 std=0.017211 min=0.000000 max=0.104605
2025-08-26T03:21:46Z - INFO - [train_model] Epoch 084 | train (price) MSE=0.000199 MAE=0.009972 RMSE=0.014092 | val (price) MSE=0.000314 MAE=0.013106 RMSE=0.017733
2025-08-26T03:21:47Z - INFO - [train_model] Epoch 085 | train (scaled) MSE: mean=0.006654 med=0.001687 std=0.019815 min=0.000000 max=0.424950 | val (scaled) MSE: mean=0.010448 med=0.003254 std=0.017093 min=0.000000 max=0.103692
2025-08-26T03:21:47Z - INFO - [train_model] Epoch 085 | train (price) MSE=0.000200 MAE=0.010055 RMSE=0.014142 | val (price) MSE=0.000314 MAE=0.013128 RMSE=0.017721
2025-08-26T03:21:48Z - INFO - [train_model] Epoch 086 | train (scaled) MSE: mean=0.006629 med=0.001703 std=0.020012 min=0.000000 max=0.427338 | val (scaled) MSE: mean=0.010447 med=0.003295 std=0.017108 min=0.000000 max=0.103909
2025-08-26T03:21:48Z - INFO - [train_model] Epoch 086 | train (price) MSE=0.000199 MAE=0.009970 RMSE=0.014116 | val (price) MSE=0.000314 MAE=0.013123 RMSE=0.017720
2025-08-26T03:21:48Z - INFO - [train_model] Epoch 087 | train (scaled) MSE: mean=0.006634 med=0.001801 std=0.019671 min=0.000000 max=0.415296 | val (scaled) MSE: mean=0.010450 med=0.003353 std=0.017189 min=0.000001 max=0.104812
2025-08-26T03:21:48Z - INFO - [train_model] Epoch 087 | train (price) MSE=0.000199 MAE=0.009991 RMSE=0.014121 | val (price) MSE=0.000314 MAE=0.013103 RMSE=0.017723
2025-08-26T03:21:49Z - INFO - [train_model] Epoch 088 | train (scaled) MSE: mean=0.006671 med=0.001735 std=0.020055 min=0.000000 max=0.425927 | val (scaled) MSE: mean=0.010451 med=0.003386 std=0.017165 min=0.000001 max=0.104442
2025-08-26T03:21:49Z - INFO - [train_model] Epoch 088 | train (price) MSE=0.000201 MAE=0.010003 RMSE=0.014161 | val (price) MSE=0.000314 MAE=0.013111 RMSE=0.017724
2025-08-26T03:21:49Z - INFO - [train_model] Epoch 089 | train (scaled) MSE: mean=0.006613 med=0.001693 std=0.019793 min=0.000000 max=0.425855 | val (scaled) MSE: mean=0.010451 med=0.003347 std=0.017191 min=0.000001 max=0.104767
2025-08-26T03:21:49Z - INFO - [train_model] Epoch 089 | train (price) MSE=0.000199 MAE=0.009998 RMSE=0.014099 | val (price) MSE=0.000314 MAE=0.013104 RMSE=0.017725
2025-08-26T03:21:50Z - INFO - [train_model] Epoch 090 | train (scaled) MSE: mean=0.006603 med=0.001645 std=0.019933 min=0.000000 max=0.426241 | val (scaled) MSE: mean=0.010453 med=0.003291 std=0.017229 min=0.000000 max=0.105205
2025-08-26T03:21:50Z - INFO - [train_model] Epoch 090 | train (price) MSE=0.000198 MAE=0.009935 RMSE=0.014088 | val (price) MSE=0.000314 MAE=0.013095 RMSE=0.017726
2025-08-26T03:21:51Z - INFO - [train_model] Epoch 091 | train (scaled) MSE: mean=0.006628 med=0.001693 std=0.020037 min=0.000000 max=0.425270 | val (scaled) MSE: mean=0.010444 med=0.003357 std=0.017126 min=0.000000 max=0.104226
2025-08-26T03:21:51Z - INFO - [train_model] Epoch 091 | train (price) MSE=0.000199 MAE=0.009979 RMSE=0.014115 | val (price) MSE=0.000314 MAE=0.013117 RMSE=0.017718
2025-08-26T03:21:51Z - INFO - [train_model] Epoch 092 | train (scaled) MSE: mean=0.006568 med=0.001700 std=0.019959 min=0.000000 max=0.427459 | val (scaled) MSE: mean=0.010449 med=0.003349 std=0.017142 min=0.000000 max=0.104214
2025-08-26T03:21:51Z - INFO - [train_model] Epoch 092 | train (price) MSE=0.000197 MAE=0.009913 RMSE=0.014050 | val (price) MSE=0.000314 MAE=0.013116 RMSE=0.017723
2025-08-26T03:21:52Z - INFO - [train_model] Epoch 093 | train (scaled) MSE: mean=0.006594 med=0.001822 std=0.019861 min=0.000000 max=0.425453 | val (scaled) MSE: mean=0.010446 med=0.003404 std=0.017153 min=0.000000 max=0.104486
2025-08-26T03:21:52Z - INFO - [train_model] Epoch 093 | train (price) MSE=0.000198 MAE=0.009986 RMSE=0.014079 | val (price) MSE=0.000314 MAE=0.013111 RMSE=0.017720
2025-08-26T03:21:52Z - INFO - [train_model] Epoch 094 | train (scaled) MSE: mean=0.006656 med=0.001690 std=0.020131 min=0.000000 max=0.427033 | val (scaled) MSE: mean=0.010442 med=0.003195 std=0.017044 min=0.000000 max=0.103339
2025-08-26T03:21:52Z - INFO - [train_model] Epoch 094 | train (price) MSE=0.000200 MAE=0.009998 RMSE=0.014144 | val (price) MSE=0.000314 MAE=0.013142 RMSE=0.017717
2025-08-26T03:21:53Z - INFO - [train_model] Epoch 095 | train (scaled) MSE: mean=0.006648 med=0.001801 std=0.020107 min=0.000000 max=0.429504 | val (scaled) MSE: mean=0.010440 med=0.003168 std=0.017021 min=0.000000 max=0.103175
2025-08-26T03:21:53Z - INFO - [train_model] Epoch 095 | train (price) MSE=0.000200 MAE=0.009978 RMSE=0.014137 | val (price) MSE=0.000314 MAE=0.013150 RMSE=0.017715
2025-08-26T03:21:53Z - INFO - [train_model] Epoch 096 | train (scaled) MSE: mean=0.006615 med=0.001790 std=0.019842 min=0.000000 max=0.425506 | val (scaled) MSE: mean=0.010452 med=0.003360 std=0.017182 min=0.000001 max=0.104643
2025-08-26T03:21:53Z - INFO - [train_model] Epoch 096 | train (price) MSE=0.000199 MAE=0.010013 RMSE=0.014102 | val (price) MSE=0.000314 MAE=0.013107 RMSE=0.017725
2025-08-26T03:21:54Z - INFO - [train_model] Epoch 097 | train (scaled) MSE: mean=0.006660 med=0.001741 std=0.019680 min=0.000000 max=0.405366 | val (scaled) MSE: mean=0.010449 med=0.003365 std=0.017182 min=0.000001 max=0.104764
2025-08-26T03:21:54Z - INFO - [train_model] Epoch 097 | train (price) MSE=0.000200 MAE=0.010009 RMSE=0.014149 | val (price) MSE=0.000314 MAE=0.013105 RMSE=0.017722
2025-08-26T03:21:55Z - INFO - [train_model] Epoch 098 | train (scaled) MSE: mean=0.006650 med=0.001694 std=0.020067 min=0.000000 max=0.427367 | val (scaled) MSE: mean=0.010450 med=0.003348 std=0.017192 min=0.000001 max=0.104849
2025-08-26T03:21:55Z - INFO - [train_model] Epoch 098 | train (price) MSE=0.000200 MAE=0.009998 RMSE=0.014139 | val (price) MSE=0.000314 MAE=0.013103 RMSE=0.017723
2025-08-26T03:21:55Z - INFO - [train_model] Epoch 099 | train (scaled) MSE: mean=0.006632 med=0.001679 std=0.019998 min=0.000000 max=0.427977 | val (scaled) MSE: mean=0.010445 med=0.003406 std=0.017149 min=0.000000 max=0.104489
2025-08-26T03:21:55Z - INFO - [train_model] Epoch 099 | train (price) MSE=0.000199 MAE=0.010005 RMSE=0.014119 | val (price) MSE=0.000314 MAE=0.013111 RMSE=0.017719
2025-08-26T03:21:56Z - INFO - [train_model] Epoch 100 | train (scaled) MSE: mean=0.006589 med=0.001682 std=0.019911 min=0.000000 max=0.425647 | val (scaled) MSE: mean=0.010443 med=0.003372 std=0.017128 min=0.000000 max=0.104302
2025-08-26T03:21:56Z - INFO - [train_model] Epoch 100 | train (price) MSE=0.000198 MAE=0.009939 RMSE=0.014074 | val (price) MSE=0.000314 MAE=0.013115 RMSE=0.017718
2025-08-26T03:21:56Z - INFO - [train_model] Epoch 101 | train (scaled) MSE: mean=0.006613 med=0.001653 std=0.019855 min=0.000000 max=0.422423 | val (scaled) MSE: mean=0.010445 med=0.003414 std=0.017152 min=0.000000 max=0.104533
2025-08-26T03:21:56Z - INFO - [train_model] Epoch 101 | train (price) MSE=0.000199 MAE=0.009980 RMSE=0.014099 | val (price) MSE=0.000314 MAE=0.013110 RMSE=0.017719
2025-08-26T03:21:57Z - INFO - [train_model] Epoch 102 | train (scaled) MSE: mean=0.006602 med=0.001656 std=0.019996 min=0.000000 max=0.427648 | val (scaled) MSE: mean=0.010445 med=0.003390 std=0.017142 min=0.000000 max=0.104404
2025-08-26T03:21:57Z - INFO - [train_model] Epoch 102 | train (price) MSE=0.000198 MAE=0.009935 RMSE=0.014087 | val (price) MSE=0.000314 MAE=0.013113 RMSE=0.017719
2025-08-26T03:21:58Z - INFO - [train_model] Epoch 103 | train (scaled) MSE: mean=0.006591 med=0.001663 std=0.020002 min=0.000000 max=0.426943 | val (scaled) MSE: mean=0.010454 med=0.003281 std=0.017236 min=0.000000 max=0.105244
2025-08-26T03:21:58Z - INFO - [train_model] Epoch 103 | train (price) MSE=0.000198 MAE=0.009965 RMSE=0.014076 | val (price) MSE=0.000314 MAE=0.013094 RMSE=0.017727
2025-08-26T03:21:58Z - INFO - [train_model] Epoch 104 | train (scaled) MSE: mean=0.006581 med=0.001636 std=0.019614 min=0.000000 max=0.414602 | val (scaled) MSE: mean=0.010447 med=0.003373 std=0.017178 min=0.000001 max=0.104755
2025-08-26T03:21:58Z - INFO - [train_model] Epoch 104 | train (price) MSE=0.000198 MAE=0.009992 RMSE=0.014064 | val (price) MSE=0.000314 MAE=0.013105 RMSE=0.017721
2025-08-26T03:21:59Z - INFO - [train_model] Epoch 105 | train (scaled) MSE: mean=0.006598 med=0.001726 std=0.019999 min=0.000000 max=0.428241 | val (scaled) MSE: mean=0.010444 med=0.003396 std=0.017142 min=0.000000 max=0.104430
2025-08-26T03:21:59Z - INFO - [train_model] Epoch 105 | train (price) MSE=0.000198 MAE=0.009959 RMSE=0.014083 | val (price) MSE=0.000314 MAE=0.013112 RMSE=0.017718
2025-08-26T03:21:59Z - INFO - [train_model] Epoch 106 | train (scaled) MSE: mean=0.006607 med=0.001669 std=0.019989 min=0.000000 max=0.427174 | val (scaled) MSE: mean=0.010449 med=0.003353 std=0.017190 min=0.000001 max=0.104838
2025-08-26T03:21:59Z - INFO - [train_model] Epoch 106 | train (price) MSE=0.000199 MAE=0.009915 RMSE=0.014093 | val (price) MSE=0.000314 MAE=0.013103 RMSE=0.017723
2025-08-26T03:22:00Z - INFO - [train_model] Epoch 107 | train (scaled) MSE: mean=0.006583 med=0.001645 std=0.019969 min=0.000000 max=0.428750 | val (scaled) MSE: mean=0.010443 med=0.003370 std=0.017127 min=0.000000 max=0.104288
2025-08-26T03:22:00Z - INFO - [train_model] Epoch 107 | train (price) MSE=0.000198 MAE=0.009948 RMSE=0.014067 | val (price) MSE=0.000314 MAE=0.013115 RMSE=0.017717
2025-08-26T03:22:01Z - INFO - [train_model] Epoch 108 | train (scaled) MSE: mean=0.006639 med=0.001764 std=0.020085 min=0.000000 max=0.427589 | val (scaled) MSE: mean=0.010443 med=0.003375 std=0.017130 min=0.000000 max=0.104316
2025-08-26T03:22:01Z - INFO - [train_model] Epoch 108 | train (price) MSE=0.000200 MAE=0.009979 RMSE=0.014127 | val (price) MSE=0.000314 MAE=0.013115 RMSE=0.017718
2025-08-26T03:22:01Z - INFO - [train_model] Epoch 109 | train (scaled) MSE: mean=0.006562 med=0.001795 std=0.019539 min=0.000000 max=0.410755 | val (scaled) MSE: mean=0.010451 med=0.003315 std=0.017214 min=0.000000 max=0.105077
2025-08-26T03:22:01Z - INFO - [train_model] Epoch 109 | train (price) MSE=0.000197 MAE=0.009959 RMSE=0.014045 | val (price) MSE=0.000314 MAE=0.013098 RMSE=0.017724
2025-08-26T03:22:02Z - INFO - [train_model] Epoch 110 | train (scaled) MSE: mean=0.006567 med=0.001721 std=0.019976 min=0.000000 max=0.427960 | val (scaled) MSE: mean=0.010447 med=0.003377 std=0.017175 min=0.000001 max=0.104729
2025-08-26T03:22:02Z - INFO - [train_model] Epoch 110 | train (price) MSE=0.000197 MAE=0.009938 RMSE=0.014050 | val (price) MSE=0.000314 MAE=0.013105 RMSE=0.017721
2025-08-26T03:22:02Z - INFO - [train_model] Epoch 111 | train (scaled) MSE: mean=0.006605 med=0.001674 std=0.020019 min=0.000000 max=0.427635 | val (scaled) MSE: mean=0.010447 med=0.003376 std=0.017175 min=0.000001 max=0.104731
2025-08-26T03:22:02Z - INFO - [train_model] Epoch 111 | train (price) MSE=0.000199 MAE=0.009968 RMSE=0.014091 | val (price) MSE=0.000314 MAE=0.013105 RMSE=0.017721
2025-08-26T03:22:02Z - INFO - [train_model] Early stopping at epoch 111 (best price val MSE=0.000314 @ epoch 71)
2025-08-26T03:22:03Z - INFO - [visualize_full_prediction] Saved full prediction plot for BMY to output/20250825-232051/plots/BMY_finbert-tabmlp_full_returns_prediction.png
2025-08-26T03:22:03Z - INFO - [visualize_sentiment] Saved sentiment plot for BMY to output/20250825-232051/plots/BMY_sentiment.png
2025-08-26T03:22:03Z - INFO - [train] [BMY] Test (price) MSE=0.000184 | MAE=0.010736 | RMSE=0.013549 (scaled MSE=0.006107)
2025-08-26T03:22:03Z - INFO - [train] [BMY] Final (price) Train MSE=0.000199 | Val MSE=0.000314 (scaled Train MSE=0.006605 | Val MSE=0.010447)
2025-08-26T03:22:03Z - INFO - [train] [BMY] Best epoch=71 | Best (price) Train MSE=0.000203 | Best (price) Val MSE=0.000314 | Saved at=/home/tbfs/Projects/finBert/output/20250825-232051/saved_weights/BMY/BMY_best-epoch071.pt
2025-08-26T03:22:03Z - INFO - [train] Wrote evaluation summary → output/20250825-232051/evaluation.json
