2025-08-25T22:26:57Z - INFO - [Pipeline::__init__] Loaded news dataframe with columns=['title', 'date', 'stock'] shape=(1277896, 3).
2025-08-25T22:26:58Z - INFO - [SentimentGenerator::_load] Loaded precomputed sentiment from /home/tbfs/Projects/finBert/output/20250823-140342/sentiment_daily.csv
2025-08-25T22:26:58Z - INFO - [train] Training predictor for ticker: NFLX
2025-08-25T22:26:58Z - INFO - [train] Loaded prices for NFLX with columns=['date', 'volume', 'open', 'high', 'low', 'close', 'adj close'] shape=(2516, 7).
2025-08-25T22:26:58Z - INFO - [train_model] Epoch 001 | train (scaled) MSE: mean=1.022137 med=0.240209 std=3.117001 min=0.000042 max=49.748554 | val (scaled) MSE: mean=0.909124 med=0.204440 std=2.302768 min=0.000042 max=15.703058
2025-08-25T22:26:58Z - INFO - [train_model] Epoch 001 | train (price) MSE=0.000670 MAE=0.017794 RMSE=0.025886 | val (price) MSE=0.000596 MAE=0.017062 RMSE=0.024413
2025-08-25T22:26:58Z - INFO - [train_model] New best (price) val MSE=0.000596 at epoch 1; saved → /home/tbfs/Projects/finBert/output/20250825-182653/saved_weights/NFLX/NFLX_best-epoch001.pt
2025-08-25T22:26:59Z - INFO - [train_model] Epoch 002 | train (scaled) MSE: mean=1.005438 med=0.224843 std=3.147352 min=0.000013 max=51.581032 | val (scaled) MSE: mean=0.977562 med=0.268940 std=2.367735 min=0.000081 max=15.761669
2025-08-25T22:26:59Z - INFO - [train_model] Epoch 002 | train (price) MSE=0.000659 MAE=0.017567 RMSE=0.025674 | val (price) MSE=0.000641 MAE=0.017848 RMSE=0.025315
2025-08-25T22:26:59Z - INFO - [train_model] Epoch 003 | train (scaled) MSE: mean=0.972911 med=0.227116 std=3.090918 min=0.000003 max=50.922340 | val (scaled) MSE: mean=0.972201 med=0.320430 std=2.549525 min=0.000069 max=17.779619
2025-08-25T22:26:59Z - INFO - [train_model] Epoch 003 | train (price) MSE=0.000638 MAE=0.017224 RMSE=0.025255 | val (price) MSE=0.000637 MAE=0.017849 RMSE=0.025246
2025-08-25T22:27:00Z - INFO - [train_model] Epoch 004 | train (scaled) MSE: mean=0.968761 med=0.250923 std=3.138327 min=0.000010 max=53.186508 | val (scaled) MSE: mean=0.981245 med=0.306174 std=2.441441 min=0.000009 max=16.476368
2025-08-25T22:27:00Z - INFO - [train_model] Epoch 004 | train (price) MSE=0.000635 MAE=0.017325 RMSE=0.025201 | val (price) MSE=0.000643 MAE=0.018035 RMSE=0.025363
2025-08-25T22:27:00Z - INFO - [train_model] Epoch 005 | train (scaled) MSE: mean=0.939724 med=0.215317 std=2.978834 min=0.000007 max=49.271675 | val (scaled) MSE: mean=1.044090 med=0.358613 std=2.573473 min=0.000381 max=17.455027
2025-08-25T22:27:00Z - INFO - [train_model] Epoch 005 | train (price) MSE=0.000616 MAE=0.017006 RMSE=0.024821 | val (price) MSE=0.000684 MAE=0.018790 RMSE=0.026163
2025-08-25T22:27:01Z - INFO - [train_model] Epoch 006 | train (scaled) MSE: mean=0.911452 med=0.209085 std=2.946060 min=0.000000 max=49.513069 | val (scaled) MSE: mean=1.030817 med=0.340716 std=2.563684 min=0.000116 max=17.526583
2025-08-25T22:27:01Z - INFO - [train_model] Epoch 006 | train (price) MSE=0.000598 MAE=0.016779 RMSE=0.024444 | val (price) MSE=0.000676 MAE=0.018673 RMSE=0.025996
2025-08-25T22:27:02Z - INFO - [train_model] Epoch 007 | train (scaled) MSE: mean=0.897768 med=0.190664 std=2.880229 min=0.000011 max=48.173191 | val (scaled) MSE: mean=1.024816 med=0.337988 std=2.533536 min=0.000119 max=17.344437
2025-08-25T22:27:02Z - INFO - [train_model] Epoch 007 | train (price) MSE=0.000589 MAE=0.016692 RMSE=0.024260 | val (price) MSE=0.000672 MAE=0.018646 RMSE=0.025920
2025-08-25T22:27:02Z - INFO - [train_model] Epoch 008 | train (scaled) MSE: mean=0.883770 med=0.211673 std=2.830593 min=0.000000 max=47.508736 | val (scaled) MSE: mean=1.020086 med=0.320393 std=2.492473 min=0.000489 max=17.034277
2025-08-25T22:27:02Z - INFO - [train_model] Epoch 008 | train (price) MSE=0.000579 MAE=0.016654 RMSE=0.024070 | val (price) MSE=0.000669 MAE=0.018646 RMSE=0.025860
2025-08-25T22:27:02Z - INFO - [train_model] Epoch 009 | train (scaled) MSE: mean=0.867007 med=0.205236 std=2.789275 min=0.000003 max=46.790176 | val (scaled) MSE: mean=1.068876 med=0.322461 std=2.611316 min=0.000418 max=17.847748
2025-08-25T22:27:02Z - INFO - [train_model] Epoch 009 | train (price) MSE=0.000568 MAE=0.016452 RMSE=0.023841 | val (price) MSE=0.000701 MAE=0.019115 RMSE=0.026471
2025-08-25T22:27:03Z - INFO - [train_model] Epoch 010 | train (scaled) MSE: mean=0.847882 med=0.202556 std=2.725245 min=0.000000 max=45.579330 | val (scaled) MSE: mean=1.059024 med=0.329042 std=2.598520 min=0.000020 max=17.813334
2025-08-25T22:27:03Z - INFO - [train_model] Epoch 010 | train (price) MSE=0.000556 MAE=0.016345 RMSE=0.023577 | val (price) MSE=0.000694 MAE=0.018969 RMSE=0.026349
2025-08-25T22:27:03Z - INFO - [train_model] Epoch 011 | train (scaled) MSE: mean=0.832365 med=0.225140 std=2.673166 min=0.000000 max=45.051838 | val (scaled) MSE: mean=0.983075 med=0.367892 std=2.547577 min=0.000221 max=17.838406
2025-08-25T22:27:03Z - INFO - [train_model] Epoch 011 | train (price) MSE=0.000546 MAE=0.016331 RMSE=0.023360 | val (price) MSE=0.000644 MAE=0.018223 RMSE=0.025387
2025-08-25T22:27:04Z - INFO - [train_model] Epoch 012 | train (scaled) MSE: mean=0.866924 med=0.240699 std=2.870213 min=0.000000 max=49.347137 | val (scaled) MSE: mean=1.019553 med=0.366419 std=2.579061 min=0.000096 max=17.924646
2025-08-25T22:27:04Z - INFO - [train_model] Epoch 012 | train (price) MSE=0.000568 MAE=0.016710 RMSE=0.023840 | val (price) MSE=0.000668 MAE=0.018658 RMSE=0.025853
2025-08-25T22:27:04Z - INFO - [train_model] Epoch 013 | train (scaled) MSE: mean=0.823377 med=0.199039 std=2.768438 min=0.000000 max=47.815681 | val (scaled) MSE: mean=1.009577 med=0.333286 std=2.574129 min=0.000000 max=17.894953
2025-08-25T22:27:04Z - INFO - [train_model] Epoch 013 | train (price) MSE=0.000540 MAE=0.016125 RMSE=0.023233 | val (price) MSE=0.000662 MAE=0.018446 RMSE=0.025727
2025-08-25T22:27:05Z - INFO - [train_model] Epoch 014 | train (scaled) MSE: mean=0.815990 med=0.220298 std=2.661120 min=0.000021 max=45.635735 | val (scaled) MSE: mean=1.055514 med=0.333146 std=2.615277 min=0.000001 max=18.077284
2025-08-25T22:27:05Z - INFO - [train_model] Epoch 014 | train (price) MSE=0.000535 MAE=0.016328 RMSE=0.023129 | val (price) MSE=0.000692 MAE=0.018993 RMSE=0.026305
2025-08-25T22:27:05Z - INFO - [train_model] Epoch 015 | train (scaled) MSE: mean=0.780240 med=0.197121 std=2.597480 min=0.000001 max=44.931072 | val (scaled) MSE: mean=1.028382 med=0.314041 std=2.553992 min=0.000418 max=17.830008
2025-08-25T22:27:05Z - INFO - [train_model] Epoch 015 | train (price) MSE=0.000512 MAE=0.015841 RMSE=0.022617 | val (price) MSE=0.000674 MAE=0.018916 RMSE=0.025965
2025-08-25T22:27:06Z - INFO - [train_model] Epoch 016 | train (scaled) MSE: mean=0.757117 med=0.207094 std=2.533265 min=0.000001 max=43.051495 | val (scaled) MSE: mean=1.093834 med=0.318785 std=2.612689 min=0.000043 max=17.656277
2025-08-25T22:27:06Z - INFO - [train_model] Epoch 016 | train (price) MSE=0.000496 MAE=0.015645 RMSE=0.022279 | val (price) MSE=0.000717 MAE=0.019314 RMSE=0.026779
2025-08-25T22:27:06Z - INFO - [train_model] Epoch 017 | train (scaled) MSE: mean=0.721890 med=0.195088 std=2.300620 min=0.000001 max=37.722191 | val (scaled) MSE: mean=1.262393 med=0.371031 std=2.867088 min=0.000012 max=19.243904
2025-08-25T22:27:06Z - INFO - [train_model] Epoch 017 | train (price) MSE=0.000473 MAE=0.015469 RMSE=0.021754 | val (price) MSE=0.000828 MAE=0.021224 RMSE=0.028768
2025-08-25T22:27:07Z - INFO - [train_model] Epoch 018 | train (scaled) MSE: mean=0.707142 med=0.194443 std=2.260023 min=0.000003 max=37.262745 | val (scaled) MSE: mean=1.300074 med=0.438439 std=2.957040 min=0.000248 max=19.920572
2025-08-25T22:27:07Z - INFO - [train_model] Epoch 018 | train (price) MSE=0.000464 MAE=0.015252 RMSE=0.021531 | val (price) MSE=0.000852 MAE=0.021614 RMSE=0.029194
2025-08-25T22:27:07Z - INFO - [train_model] Epoch 019 | train (scaled) MSE: mean=0.689552 med=0.194840 std=2.244352 min=0.000014 max=37.128304 | val (scaled) MSE: mean=1.386773 med=0.500628 std=3.010391 min=0.000843 max=20.057158
2025-08-25T22:27:07Z - INFO - [train_model] Epoch 019 | train (price) MSE=0.000452 MAE=0.015083 RMSE=0.021262 | val (price) MSE=0.000909 MAE=0.022454 RMSE=0.030152
2025-08-25T22:27:08Z - INFO - [train_model] Epoch 020 | train (scaled) MSE: mean=0.697379 med=0.176734 std=2.228446 min=0.000002 max=36.371216 | val (scaled) MSE: mean=1.111904 med=0.304032 std=2.576434 min=0.000003 max=17.635893
2025-08-25T22:27:08Z - INFO - [train_model] Epoch 020 | train (price) MSE=0.000457 MAE=0.014993 RMSE=0.021382 | val (price) MSE=0.000729 MAE=0.019882 RMSE=0.026999
2025-08-25T22:27:08Z - INFO - [train_model] Epoch 021 | train (scaled) MSE: mean=0.664406 med=0.181570 std=2.372756 min=0.000001 max=40.930984 | val (scaled) MSE: mean=1.183796 med=0.308746 std=2.735775 min=0.000957 max=18.536074
2025-08-25T22:27:08Z - INFO - [train_model] Epoch 021 | train (price) MSE=0.000436 MAE=0.014503 RMSE=0.020870 | val (price) MSE=0.000776 MAE=0.020365 RMSE=0.027858
2025-08-25T22:27:09Z - INFO - [train_model] Epoch 022 | train (scaled) MSE: mean=0.630717 med=0.164038 std=2.140136 min=0.000002 max=35.970177 | val (scaled) MSE: mean=1.187241 med=0.330923 std=2.830741 min=0.000156 max=19.333364
2025-08-25T22:27:09Z - INFO - [train_model] Epoch 022 | train (price) MSE=0.000413 MAE=0.014259 RMSE=0.020334 | val (price) MSE=0.000778 MAE=0.019915 RMSE=0.027899
2025-08-25T22:27:09Z - INFO - [train_model] Epoch 023 | train (scaled) MSE: mean=0.618268 med=0.172728 std=2.082196 min=0.000000 max=35.451859 | val (scaled) MSE: mean=0.991021 med=0.350899 std=2.271772 min=0.000065 max=15.707892
2025-08-25T22:27:09Z - INFO - [train_model] Epoch 023 | train (price) MSE=0.000405 MAE=0.014224 RMSE=0.020133 | val (price) MSE=0.000650 MAE=0.018256 RMSE=0.025489
2025-08-25T22:27:10Z - INFO - [train_model] Epoch 024 | train (scaled) MSE: mean=0.606843 med=0.173605 std=2.099272 min=0.000000 max=35.956474 | val (scaled) MSE: mean=0.969222 med=0.367238 std=2.089122 min=0.000015 max=14.095428
2025-08-25T22:27:10Z - INFO - [train_model] Epoch 024 | train (price) MSE=0.000398 MAE=0.014192 RMSE=0.019946 | val (price) MSE=0.000635 MAE=0.018476 RMSE=0.025207
2025-08-25T22:27:10Z - INFO - [train_model] Epoch 025 | train (scaled) MSE: mean=0.560667 med=0.153738 std=1.974020 min=0.000019 max=32.097931 | val (scaled) MSE: mean=1.223490 med=0.328450 std=2.801334 min=0.000008 max=18.134417
2025-08-25T22:27:10Z - INFO - [train_model] Epoch 025 | train (price) MSE=0.000368 MAE=0.013553 RMSE=0.019172 | val (price) MSE=0.000802 MAE=0.020100 RMSE=0.028321
2025-08-25T22:27:10Z - INFO - [train_model] Epoch 026 | train (scaled) MSE: mean=0.575432 med=0.168903 std=1.922657 min=0.000001 max=31.158476 | val (scaled) MSE: mean=1.072732 med=0.357313 std=2.399987 min=0.000001 max=16.325188
2025-08-25T22:27:10Z - INFO - [train_model] Epoch 026 | train (price) MSE=0.000377 MAE=0.013995 RMSE=0.019423 | val (price) MSE=0.000703 MAE=0.019258 RMSE=0.026519
2025-08-25T22:27:11Z - INFO - [train_model] Epoch 027 | train (scaled) MSE: mean=0.546513 med=0.175384 std=1.801243 min=0.000013 max=28.902489 | val (scaled) MSE: mean=1.036818 med=0.282510 std=2.512859 min=0.000001 max=17.231264
2025-08-25T22:27:11Z - INFO - [train_model] Epoch 027 | train (price) MSE=0.000358 MAE=0.013634 RMSE=0.018928 | val (price) MSE=0.000680 MAE=0.018316 RMSE=0.026071
2025-08-25T22:27:11Z - INFO - [train_model] Epoch 028 | train (scaled) MSE: mean=0.580883 med=0.176832 std=2.323844 min=0.000005 max=42.815620 | val (scaled) MSE: mean=1.092257 med=0.272714 std=2.691245 min=0.001109 max=18.452068
2025-08-25T22:27:11Z - INFO - [train_model] Epoch 028 | train (price) MSE=0.000381 MAE=0.013721 RMSE=0.019514 | val (price) MSE=0.000716 MAE=0.018894 RMSE=0.026759
2025-08-25T22:27:12Z - INFO - [train_model] Epoch 029 | train (scaled) MSE: mean=0.544074 med=0.160880 std=2.210322 min=0.000000 max=38.446980 | val (scaled) MSE: mean=1.393055 med=0.509214 std=3.123025 min=0.000910 max=21.335407
2025-08-25T22:27:12Z - INFO - [train_model] Epoch 029 | train (price) MSE=0.000357 MAE=0.013004 RMSE=0.018886 | val (price) MSE=0.000913 MAE=0.022336 RMSE=0.030220
2025-08-25T22:27:12Z - INFO - [train_model] Epoch 030 | train (scaled) MSE: mean=0.521774 med=0.130819 std=1.998819 min=0.000001 max=34.428947 | val (scaled) MSE: mean=1.498656 med=0.547725 std=3.241309 min=0.000566 max=22.109379
2025-08-25T22:27:12Z - INFO - [train_model] Epoch 030 | train (price) MSE=0.000342 MAE=0.012830 RMSE=0.018495 | val (price) MSE=0.000982 MAE=0.023494 RMSE=0.031345
2025-08-25T22:27:13Z - INFO - [train_model] Epoch 031 | train (scaled) MSE: mean=0.535102 med=0.171759 std=2.054174 min=0.000000 max=37.014980 | val (scaled) MSE: mean=1.282896 med=0.384205 std=2.806189 min=0.001451 max=18.652174
2025-08-25T22:27:13Z - INFO - [train_model] Epoch 031 | train (price) MSE=0.000351 MAE=0.013471 RMSE=0.018730 | val (price) MSE=0.000841 MAE=0.021050 RMSE=0.029001
2025-08-25T22:27:13Z - INFO - [train_model] Epoch 032 | train (scaled) MSE: mean=0.570585 med=0.157428 std=2.261544 min=0.000000 max=38.382359 | val (scaled) MSE: mean=1.517856 med=0.473753 std=3.044951 min=0.007215 max=19.853338
2025-08-25T22:27:13Z - INFO - [train_model] Epoch 032 | train (price) MSE=0.000374 MAE=0.013620 RMSE=0.019341 | val (price) MSE=0.000995 MAE=0.023570 RMSE=0.031545
2025-08-25T22:27:14Z - INFO - [train_model] Epoch 033 | train (scaled) MSE: mean=0.485852 med=0.142582 std=1.764607 min=0.000000 max=26.090435 | val (scaled) MSE: mean=1.662545 med=0.438375 std=3.266812 min=0.006286 max=20.581821
2025-08-25T22:27:14Z - INFO - [train_model] Epoch 033 | train (price) MSE=0.000319 MAE=0.012542 RMSE=0.017847 | val (price) MSE=0.001090 MAE=0.024625 RMSE=0.033014
2025-08-25T22:27:14Z - INFO - [train_model] Epoch 034 | train (scaled) MSE: mean=0.504789 med=0.137890 std=1.688805 min=0.000000 max=24.545948 | val (scaled) MSE: mean=1.071911 med=0.215801 std=2.337521 min=0.000048 max=16.144716
2025-08-25T22:27:14Z - INFO - [train_model] Epoch 034 | train (price) MSE=0.000331 MAE=0.012984 RMSE=0.018191 | val (price) MSE=0.000703 MAE=0.019359 RMSE=0.026509
2025-08-25T22:27:15Z - INFO - [train_model] Epoch 035 | train (scaled) MSE: mean=0.491529 med=0.145462 std=1.636688 min=0.000005 max=23.406662 | val (scaled) MSE: mean=1.385590 med=0.464202 std=2.880976 min=0.000130 max=18.766006
2025-08-25T22:27:15Z - INFO - [train_model] Epoch 035 | train (price) MSE=0.000322 MAE=0.012797 RMSE=0.017951 | val (price) MSE=0.000908 MAE=0.021862 RMSE=0.030139
2025-08-25T22:27:15Z - INFO - [train_model] Epoch 036 | train (scaled) MSE: mean=0.453304 med=0.138646 std=1.482385 min=0.000000 max=21.947414 | val (scaled) MSE: mean=1.103695 med=0.326040 std=2.387670 min=0.000187 max=16.302568
2025-08-25T22:27:15Z - INFO - [train_model] Epoch 036 | train (price) MSE=0.000297 MAE=0.012423 RMSE=0.017239 | val (price) MSE=0.000724 MAE=0.019390 RMSE=0.026899
2025-08-25T22:27:16Z - INFO - [train_model] Epoch 037 | train (scaled) MSE: mean=0.467896 med=0.149843 std=1.529104 min=0.000001 max=22.565844 | val (scaled) MSE: mean=1.477543 med=0.339361 std=3.139620 min=0.003686 max=21.240374
2025-08-25T22:27:16Z - INFO - [train_model] Epoch 037 | train (price) MSE=0.000307 MAE=0.012740 RMSE=0.017514 | val (price) MSE=0.000969 MAE=0.023024 RMSE=0.031123
2025-08-25T22:27:16Z - INFO - [train_model] Epoch 038 | train (scaled) MSE: mean=0.447432 med=0.135205 std=1.666974 min=0.000001 max=28.064816 | val (scaled) MSE: mean=1.771219 med=0.501454 std=3.327370 min=0.000385 max=19.850590
2025-08-25T22:27:16Z - INFO - [train_model] Epoch 038 | train (price) MSE=0.000293 MAE=0.012159 RMSE=0.017127 | val (price) MSE=0.001161 MAE=0.025517 RMSE=0.034076
2025-08-25T22:27:17Z - INFO - [train_model] Epoch 039 | train (scaled) MSE: mean=0.526244 med=0.177277 std=1.625696 min=0.000007 max=25.727718 | val (scaled) MSE: mean=1.761668 med=0.433766 std=3.217634 min=0.000255 max=18.378881
2025-08-25T22:27:17Z - INFO - [train_model] Epoch 039 | train (price) MSE=0.000345 MAE=0.013513 RMSE=0.018574 | val (price) MSE=0.001155 MAE=0.025153 RMSE=0.033984
2025-08-25T22:27:17Z - INFO - [train_model] Epoch 040 | train (scaled) MSE: mean=0.433868 med=0.137761 std=1.277105 min=0.000023 max=20.219374 | val (scaled) MSE: mean=1.684126 med=0.613834 std=3.473870 min=0.005621 max=22.857597
2025-08-25T22:27:17Z - INFO - [train_model] Epoch 040 | train (price) MSE=0.000284 MAE=0.012393 RMSE=0.016865 | val (price) MSE=0.001104 MAE=0.025084 RMSE=0.033228
2025-08-25T22:27:18Z - INFO - [train_model] Epoch 041 | train (scaled) MSE: mean=0.410556 med=0.129767 std=1.294345 min=0.000000 max=20.320093 | val (scaled) MSE: mean=1.422445 med=0.365938 std=2.841890 min=0.000256 max=18.694088
2025-08-25T22:27:18Z - INFO - [train_model] Epoch 041 | train (price) MSE=0.000269 MAE=0.011805 RMSE=0.016406 | val (price) MSE=0.000933 MAE=0.022561 RMSE=0.030537
2025-08-25T22:27:18Z - INFO - [train_model] Early stopping at epoch 41 (best price val MSE=0.000596 @ epoch 1)
2025-08-25T22:27:18Z - INFO - [visualize_full_prediction] Saved full prediction plot for NFLX to output/20250825-182653/plots/NFLX_finbert-rnn_full_returns_prediction.png
2025-08-25T22:27:18Z - INFO - [visualize_sentiment] Saved sentiment plot for NFLX to output/20250825-182653/plots/NFLX_sentiment.png
2025-08-25T22:27:18Z - INFO - [train] [NFLX] Test (price) MSE=0.000355 | MAE=0.014305 | RMSE=0.018853 (scaled MSE=0.542154)
2025-08-25T22:27:18Z - INFO - [train] [NFLX] Final (price) Train MSE=0.000269 | Val MSE=0.000933 (scaled Train MSE=0.410556 | Val MSE=1.422445)
2025-08-25T22:27:18Z - INFO - [train] [NFLX] Best epoch=1 | Best (price) Train MSE=0.000670 | Best (price) Val MSE=0.000596 | Saved at=/home/tbfs/Projects/finBert/output/20250825-182653/saved_weights/NFLX/NFLX_best-epoch001.pt
2025-08-25T22:27:18Z - INFO - [train] Wrote evaluation summary → output/20250825-182653/evaluation.json
