2025-08-25T22:39:31Z - INFO - [Pipeline::__init__] Loaded news dataframe with columns=['title', 'date', 'stock'] shape=(1277896, 3).
2025-08-25T22:39:31Z - INFO - [SentimentGenerator::_load] Loaded precomputed sentiment from /home/tbfs/Projects/finBert/output/20250823-140342/sentiment_daily.csv
2025-08-25T22:39:31Z - INFO - [train] Training predictor for ticker: NFLX
2025-08-25T22:39:31Z - INFO - [train] Loaded prices for NFLX with columns=['date', 'volume', 'open', 'high', 'low', 'close', 'adj close'] shape=(2516, 7).
2025-08-25T22:39:32Z - INFO - [train_model] Epoch 001 | train (scaled) MSE: mean=1.003092 med=0.236060 std=3.182300 min=0.000001 max=52.290630 | val (scaled) MSE: mean=0.887486 med=0.198101 std=2.294718 min=0.000000 max=15.797959
2025-08-25T22:39:32Z - INFO - [train_model] Epoch 001 | train (price) MSE=0.000658 MAE=0.017463 RMSE=0.025644 | val (price) MSE=0.000582 MAE=0.016725 RMSE=0.024121
2025-08-25T22:39:32Z - INFO - [train_model] New best (price) val MSE=0.000582 at epoch 1; saved → /home/tbfs/Projects/finBert/output/20250825-183926/saved_weights/NFLX/NFLX_best-epoch001.pt
2025-08-25T22:39:32Z - INFO - [train_model] Epoch 002 | train (scaled) MSE: mean=0.985353 med=0.233068 std=3.163569 min=0.000011 max=52.343853 | val (scaled) MSE: mean=0.887927 med=0.210009 std=2.281199 min=0.000130 max=15.616917
2025-08-25T22:39:32Z - INFO - [train_model] Epoch 002 | train (price) MSE=0.000646 MAE=0.017330 RMSE=0.025416 | val (price) MSE=0.000582 MAE=0.016702 RMSE=0.024127
2025-08-25T22:39:32Z - INFO - [train_model] Epoch 003 | train (scaled) MSE: mean=0.966719 med=0.225505 std=3.121820 min=0.000000 max=51.859177 | val (scaled) MSE: mean=0.903406 med=0.237380 std=2.316081 min=0.001125 max=15.794851
2025-08-25T22:39:32Z - INFO - [train_model] Epoch 003 | train (price) MSE=0.000634 MAE=0.017154 RMSE=0.025175 | val (price) MSE=0.000592 MAE=0.016931 RMSE=0.024336
2025-08-25T22:39:33Z - INFO - [train_model] Epoch 004 | train (scaled) MSE: mean=0.953000 med=0.225165 std=3.097633 min=0.000004 max=51.733727 | val (scaled) MSE: mean=0.921658 med=0.261514 std=2.383630 min=0.006429 max=16.285961
2025-08-25T22:39:33Z - INFO - [train_model] Epoch 004 | train (price) MSE=0.000625 MAE=0.016957 RMSE=0.024995 | val (price) MSE=0.000604 MAE=0.017220 RMSE=0.024581
2025-08-25T22:39:33Z - INFO - [train_model] Epoch 005 | train (scaled) MSE: mean=0.936909 med=0.202800 std=3.066003 min=0.000000 max=51.337383 | val (scaled) MSE: mean=0.928813 med=0.279511 std=2.401288 min=0.002663 max=16.404190
2025-08-25T22:39:33Z - INFO - [train_model] Epoch 005 | train (price) MSE=0.000614 MAE=0.016736 RMSE=0.024783 | val (price) MSE=0.000609 MAE=0.017357 RMSE=0.024676
2025-08-25T22:39:33Z - INFO - [train_model] Epoch 006 | train (scaled) MSE: mean=0.913242 med=0.204727 std=2.995026 min=0.000003 max=50.428268 | val (scaled) MSE: mean=0.945231 med=0.268968 std=2.473884 min=0.000005 max=17.047256
2025-08-25T22:39:33Z - INFO - [train_model] Epoch 006 | train (price) MSE=0.000599 MAE=0.016576 RMSE=0.024468 | val (price) MSE=0.000620 MAE=0.017571 RMSE=0.024893
2025-08-25T22:39:34Z - INFO - [train_model] Epoch 007 | train (scaled) MSE: mean=0.889262 med=0.194797 std=2.932981 min=0.000000 max=49.583073 | val (scaled) MSE: mean=0.948788 med=0.289472 std=2.473051 min=0.000000 max=17.065304
2025-08-25T22:39:34Z - INFO - [train_model] Epoch 007 | train (price) MSE=0.000583 MAE=0.016400 RMSE=0.024145 | val (price) MSE=0.000622 MAE=0.017663 RMSE=0.024940
2025-08-25T22:39:34Z - INFO - [train_model] Epoch 008 | train (scaled) MSE: mean=0.861797 med=0.191792 std=2.875318 min=0.000007 max=48.813251 | val (scaled) MSE: mean=0.969904 med=0.328801 std=2.539943 min=0.000000 max=17.618496
2025-08-25T22:39:34Z - INFO - [train_model] Epoch 008 | train (price) MSE=0.000565 MAE=0.016130 RMSE=0.023769 | val (price) MSE=0.000636 MAE=0.017915 RMSE=0.025216
2025-08-25T22:39:34Z - INFO - [train_model] Epoch 009 | train (scaled) MSE: mean=0.832986 med=0.195127 std=2.791019 min=0.000001 max=47.428452 | val (scaled) MSE: mean=0.963146 med=0.303142 std=2.535438 min=0.000002 max=17.642250
2025-08-25T22:39:34Z - INFO - [train_model] Epoch 009 | train (price) MSE=0.000546 MAE=0.015940 RMSE=0.023369 | val (price) MSE=0.000631 MAE=0.017815 RMSE=0.025128
2025-08-25T22:39:35Z - INFO - [train_model] Epoch 010 | train (scaled) MSE: mean=0.795872 med=0.180614 std=2.708986 min=0.000001 max=46.437084 | val (scaled) MSE: mean=0.954536 med=0.283227 std=2.529453 min=0.000313 max=17.670778
2025-08-25T22:39:35Z - INFO - [train_model] Epoch 010 | train (price) MSE=0.000522 MAE=0.015601 RMSE=0.022842 | val (price) MSE=0.000626 MAE=0.017804 RMSE=0.025016
2025-08-25T22:39:35Z - INFO - [train_model] Epoch 011 | train (scaled) MSE: mean=0.763647 med=0.183271 std=2.635806 min=0.000003 max=45.397038 | val (scaled) MSE: mean=0.988601 med=0.358357 std=2.615564 min=0.000000 max=18.335863
2025-08-25T22:39:35Z - INFO - [train_model] Epoch 011 | train (price) MSE=0.000501 MAE=0.015352 RMSE=0.022375 | val (price) MSE=0.000648 MAE=0.018079 RMSE=0.025458
2025-08-25T22:39:35Z - INFO - [train_model] Epoch 012 | train (scaled) MSE: mean=0.730112 med=0.186816 std=2.549586 min=0.000004 max=44.261620 | val (scaled) MSE: mean=0.995376 med=0.374529 std=2.607266 min=0.000033 max=18.225676
2025-08-25T22:39:35Z - INFO - [train_model] Epoch 012 | train (price) MSE=0.000479 MAE=0.015077 RMSE=0.021878 | val (price) MSE=0.000653 MAE=0.018246 RMSE=0.025545
2025-08-25T22:39:35Z - INFO - [train_model] Epoch 013 | train (scaled) MSE: mean=0.689254 med=0.174520 std=2.458751 min=0.000001 max=43.016392 | val (scaled) MSE: mean=0.981078 med=0.341675 std=2.585190 min=0.000005 max=18.104307
2025-08-25T22:39:35Z - INFO - [train_model] Epoch 013 | train (price) MSE=0.000452 MAE=0.014662 RMSE=0.021257 | val (price) MSE=0.000643 MAE=0.018145 RMSE=0.025361
2025-08-25T22:39:36Z - INFO - [train_model] Epoch 014 | train (scaled) MSE: mean=0.647309 med=0.167465 std=2.360371 min=0.000000 max=41.572136 | val (scaled) MSE: mean=0.975078 med=0.346821 std=2.557827 min=0.000336 max=17.916052
2025-08-25T22:39:36Z - INFO - [train_model] Epoch 014 | train (price) MSE=0.000424 MAE=0.014173 RMSE=0.020600 | val (price) MSE=0.000639 MAE=0.018178 RMSE=0.025283
2025-08-25T22:39:36Z - INFO - [train_model] Epoch 015 | train (scaled) MSE: mean=0.616190 med=0.171767 std=2.309093 min=0.000007 max=41.049080 | val (scaled) MSE: mean=0.934655 med=0.296727 std=2.462714 min=0.004541 max=17.268234
2025-08-25T22:39:36Z - INFO - [train_model] Epoch 015 | train (price) MSE=0.000404 MAE=0.013825 RMSE=0.020099 | val (price) MSE=0.000613 MAE=0.017814 RMSE=0.024754
2025-08-25T22:39:36Z - INFO - [train_model] Epoch 016 | train (scaled) MSE: mean=0.578699 med=0.162928 std=2.191488 min=0.000006 max=39.009850 | val (scaled) MSE: mean=0.906238 med=0.269282 std=2.362599 min=0.000000 max=16.551836
2025-08-25T22:39:36Z - INFO - [train_model] Epoch 016 | train (price) MSE=0.000379 MAE=0.013545 RMSE=0.019478 | val (price) MSE=0.000594 MAE=0.017236 RMSE=0.024374
2025-08-25T22:39:37Z - INFO - [train_model] Epoch 017 | train (scaled) MSE: mean=0.549808 med=0.165114 std=2.107117 min=0.000000 max=37.697842 | val (scaled) MSE: mean=0.904208 med=0.266996 std=2.278879 min=0.001552 max=15.748089
2025-08-25T22:39:37Z - INFO - [train_model] Epoch 017 | train (price) MSE=0.000360 MAE=0.013254 RMSE=0.018985 | val (price) MSE=0.000593 MAE=0.017232 RMSE=0.024347
2025-08-25T22:39:37Z - INFO - [train_model] Epoch 018 | train (scaled) MSE: mean=0.520179 med=0.153913 std=2.021821 min=0.000000 max=36.012516 | val (scaled) MSE: mean=0.897041 med=0.287008 std=2.177573 min=0.000000 max=14.883191
2025-08-25T22:39:37Z - INFO - [train_model] Epoch 018 | train (price) MSE=0.000341 MAE=0.012822 RMSE=0.018467 | val (price) MSE=0.000588 MAE=0.017265 RMSE=0.024250
2025-08-25T22:39:37Z - INFO - [train_model] Epoch 019 | train (scaled) MSE: mean=0.498976 med=0.146223 std=1.932443 min=0.000003 max=34.485718 | val (scaled) MSE: mean=0.879328 med=0.238695 std=2.220362 min=0.000023 max=15.251237
2025-08-25T22:39:37Z - INFO - [train_model] Epoch 019 | train (price) MSE=0.000327 MAE=0.012657 RMSE=0.018086 | val (price) MSE=0.000576 MAE=0.017007 RMSE=0.024010
2025-08-25T22:39:37Z - INFO - [train_model] New best (price) val MSE=0.000576 at epoch 19; saved → /home/tbfs/Projects/finBert/output/20250825-183926/saved_weights/NFLX/NFLX_best-epoch019.pt
2025-08-25T22:39:38Z - INFO - [train_model] Epoch 020 | train (scaled) MSE: mean=0.525649 med=0.155028 std=1.876692 min=0.000001 max=32.836491 | val (scaled) MSE: mean=1.099245 med=0.403610 std=2.687270 min=0.006777 max=18.572206
2025-08-25T22:39:38Z - INFO - [train_model] Epoch 020 | train (price) MSE=0.000345 MAE=0.013158 RMSE=0.018564 | val (price) MSE=0.000721 MAE=0.019712 RMSE=0.026845
2025-08-25T22:39:38Z - INFO - [train_model] Epoch 021 | train (scaled) MSE: mean=0.546489 med=0.156175 std=1.819620 min=0.000000 max=29.777149 | val (scaled) MSE: mean=1.018894 med=0.267078 std=2.588109 min=0.000014 max=17.788116
2025-08-25T22:39:38Z - INFO - [train_model] Epoch 021 | train (price) MSE=0.000358 MAE=0.013295 RMSE=0.018928 | val (price) MSE=0.000668 MAE=0.018285 RMSE=0.025845
2025-08-25T22:39:38Z - INFO - [train_model] Epoch 022 | train (scaled) MSE: mean=0.474060 med=0.146346 std=1.672868 min=0.000004 max=28.642580 | val (scaled) MSE: mean=1.093900 med=0.242775 std=2.672488 min=0.000753 max=18.743103
2025-08-25T22:39:38Z - INFO - [train_model] Epoch 022 | train (price) MSE=0.000311 MAE=0.012444 RMSE=0.017629 | val (price) MSE=0.000717 MAE=0.018995 RMSE=0.026779
2025-08-25T22:39:39Z - INFO - [train_model] Epoch 023 | train (scaled) MSE: mean=0.462618 med=0.139444 std=1.808714 min=0.000000 max=32.862339 | val (scaled) MSE: mean=1.056545 med=0.239422 std=2.613323 min=0.000218 max=18.437607
2025-08-25T22:39:39Z - INFO - [train_model] Epoch 023 | train (price) MSE=0.000303 MAE=0.012373 RMSE=0.017415 | val (price) MSE=0.000693 MAE=0.018459 RMSE=0.026318
2025-08-25T22:39:39Z - INFO - [train_model] Epoch 024 | train (scaled) MSE: mean=0.431990 med=0.132216 std=1.787083 min=0.000007 max=32.572105 | val (scaled) MSE: mean=1.209632 med=0.500983 std=2.287286 min=0.000035 max=14.919035
2025-08-25T22:39:39Z - INFO - [train_model] Epoch 024 | train (price) MSE=0.000283 MAE=0.011761 RMSE=0.016829 | val (price) MSE=0.000793 MAE=0.021188 RMSE=0.028160
2025-08-25T22:39:39Z - INFO - [train_model] Epoch 025 | train (scaled) MSE: mean=0.425698 med=0.133888 std=1.701995 min=0.000002 max=30.741991 | val (scaled) MSE: mean=1.379328 med=0.619707 std=1.928349 min=0.000059 max=10.898068
2025-08-25T22:39:39Z - INFO - [train_model] Epoch 025 | train (price) MSE=0.000279 MAE=0.011782 RMSE=0.016706 | val (price) MSE=0.000904 MAE=0.024405 RMSE=0.030071
2025-08-25T22:39:40Z - INFO - [train_model] Epoch 026 | train (scaled) MSE: mean=0.417892 med=0.132071 std=1.577365 min=0.000000 max=28.358009 | val (scaled) MSE: mean=1.220503 med=0.357035 std=1.868937 min=0.000133 max=10.327759
2025-08-25T22:39:40Z - INFO - [train_model] Epoch 026 | train (price) MSE=0.000274 MAE=0.011872 RMSE=0.016552 | val (price) MSE=0.000800 MAE=0.021762 RMSE=0.028287
2025-08-25T22:39:40Z - INFO - [train_model] Epoch 027 | train (scaled) MSE: mean=0.514153 med=0.137854 std=1.508921 min=0.000001 max=24.101254 | val (scaled) MSE: mean=1.139337 med=0.433973 std=2.701187 min=0.006222 max=18.902695
2025-08-25T22:39:40Z - INFO - [train_model] Epoch 027 | train (price) MSE=0.000337 MAE=0.013227 RMSE=0.018359 | val (price) MSE=0.000747 MAE=0.020523 RMSE=0.027330
2025-08-25T22:39:40Z - INFO - [train_model] Epoch 028 | train (scaled) MSE: mean=0.452087 med=0.126516 std=1.491028 min=0.000008 max=23.299355 | val (scaled) MSE: mean=1.005587 med=0.222548 std=2.495393 min=0.000056 max=17.275091
2025-08-25T22:39:40Z - INFO - [train_model] Epoch 028 | train (price) MSE=0.000296 MAE=0.012187 RMSE=0.017216 | val (price) MSE=0.000659 MAE=0.018234 RMSE=0.025676
2025-08-25T22:39:40Z - INFO - [train_model] Epoch 029 | train (scaled) MSE: mean=0.377536 med=0.107250 std=1.282120 min=0.000001 max=20.440966 | val (scaled) MSE: mean=1.098986 med=0.248622 std=2.784135 min=0.000008 max=19.595320
2025-08-25T22:39:40Z - INFO - [train_model] Epoch 029 | train (price) MSE=0.000248 MAE=0.011124 RMSE=0.015732 | val (price) MSE=0.000720 MAE=0.018520 RMSE=0.026842
2025-08-25T22:39:41Z - INFO - [train_model] Epoch 030 | train (scaled) MSE: mean=0.372653 med=0.111231 std=1.410620 min=0.000000 max=24.862270 | val (scaled) MSE: mean=1.121995 med=0.218823 std=2.658339 min=0.000021 max=18.187132
2025-08-25T22:39:41Z - INFO - [train_model] Epoch 030 | train (price) MSE=0.000244 MAE=0.011114 RMSE=0.015630 | val (price) MSE=0.000736 MAE=0.018769 RMSE=0.027121
2025-08-25T22:39:41Z - INFO - [train_model] Epoch 031 | train (scaled) MSE: mean=0.415596 med=0.119945 std=1.286015 min=0.000003 max=19.744213 | val (scaled) MSE: mean=0.956829 med=0.297948 std=2.379879 min=0.000263 max=16.523163
2025-08-25T22:39:41Z - INFO - [train_model] Epoch 031 | train (price) MSE=0.000272 MAE=0.011797 RMSE=0.016506 | val (price) MSE=0.000627 MAE=0.017803 RMSE=0.025046
2025-08-25T22:39:42Z - INFO - [train_model] Epoch 032 | train (scaled) MSE: mean=0.357151 med=0.103412 std=1.054092 min=0.000005 max=16.236578 | val (scaled) MSE: mean=1.067436 med=0.376772 std=2.427767 min=0.000017 max=16.914192
2025-08-25T22:39:42Z - INFO - [train_model] Epoch 032 | train (price) MSE=0.000234 MAE=0.011027 RMSE=0.015302 | val (price) MSE=0.000700 MAE=0.019858 RMSE=0.026454
2025-08-25T22:39:42Z - INFO - [train_model] Epoch 033 | train (scaled) MSE: mean=0.395376 med=0.123280 std=1.165739 min=0.000006 max=16.936071 | val (scaled) MSE: mean=1.050622 med=0.335318 std=2.629897 min=0.000091 max=18.320316
2025-08-25T22:39:42Z - INFO - [train_model] Epoch 033 | train (price) MSE=0.000259 MAE=0.011616 RMSE=0.016100 | val (price) MSE=0.000689 MAE=0.018521 RMSE=0.026244
2025-08-25T22:39:42Z - INFO - [train_model] Epoch 034 | train (scaled) MSE: mean=0.313573 med=0.102984 std=0.822277 min=0.000000 max=10.946681 | val (scaled) MSE: mean=1.082103 med=0.222709 std=2.741280 min=0.000034 max=18.647692
2025-08-25T22:39:42Z - INFO - [train_model] Epoch 034 | train (price) MSE=0.000206 MAE=0.010529 RMSE=0.014338 | val (price) MSE=0.000709 MAE=0.018248 RMSE=0.026635
2025-08-25T22:39:42Z - INFO - [train_model] Epoch 035 | train (scaled) MSE: mean=0.276162 med=0.081471 std=0.970087 min=0.000001 max=16.824114 | val (scaled) MSE: mean=0.952063 med=0.292627 std=2.107454 min=0.000123 max=14.152485
2025-08-25T22:39:42Z - INFO - [train_model] Epoch 035 | train (price) MSE=0.000181 MAE=0.009502 RMSE=0.013455 | val (price) MSE=0.000624 MAE=0.017845 RMSE=0.024983
2025-08-25T22:39:43Z - INFO - [train_model] Epoch 036 | train (scaled) MSE: mean=0.269526 med=0.089428 std=0.675063 min=0.000000 max=9.625725 | val (scaled) MSE: mean=1.029944 med=0.371909 std=2.530710 min=0.000964 max=17.698952
2025-08-25T22:39:43Z - INFO - [train_model] Epoch 036 | train (price) MSE=0.000177 MAE=0.009844 RMSE=0.013293 | val (price) MSE=0.000675 MAE=0.019050 RMSE=0.025985
2025-08-25T22:39:43Z - INFO - [train_model] Epoch 037 | train (scaled) MSE: mean=0.262639 med=0.086323 std=0.662744 min=0.000003 max=8.782881 | val (scaled) MSE: mean=1.279381 med=0.362936 std=3.030890 min=0.000073 max=21.110785
2025-08-25T22:39:43Z - INFO - [train_model] Epoch 037 | train (price) MSE=0.000172 MAE=0.009663 RMSE=0.013122 | val (price) MSE=0.000839 MAE=0.020788 RMSE=0.028961
2025-08-25T22:39:43Z - INFO - [train_model] Epoch 038 | train (scaled) MSE: mean=0.244551 med=0.079746 std=0.643768 min=0.000000 max=8.219638 | val (scaled) MSE: mean=1.233435 med=0.251629 std=2.475589 min=0.000368 max=16.304113
2025-08-25T22:39:43Z - INFO - [train_model] Epoch 038 | train (price) MSE=0.000160 MAE=0.009197 RMSE=0.012662 | val (price) MSE=0.000809 MAE=0.020546 RMSE=0.028436
2025-08-25T22:39:44Z - INFO - [train_model] Epoch 039 | train (scaled) MSE: mean=0.262732 med=0.069331 std=0.807595 min=0.000000 max=12.612755 | val (scaled) MSE: mean=1.207806 med=0.481643 std=1.872121 min=0.000632 max=10.119945
2025-08-25T22:39:44Z - INFO - [train_model] Epoch 039 | train (price) MSE=0.000172 MAE=0.009158 RMSE=0.013124 | val (price) MSE=0.000792 MAE=0.022243 RMSE=0.028139
2025-08-25T22:39:44Z - INFO - [train_model] Epoch 040 | train (scaled) MSE: mean=0.384660 med=0.119949 std=1.108090 min=0.000033 max=15.262474 | val (scaled) MSE: mean=0.968727 med=0.291794 std=2.390042 min=0.000721 max=16.400312
2025-08-25T22:39:44Z - INFO - [train_model] Epoch 040 | train (price) MSE=0.000252 MAE=0.011559 RMSE=0.015880 | val (price) MSE=0.000635 MAE=0.018173 RMSE=0.025201
2025-08-25T22:39:44Z - INFO - [train_model] Epoch 041 | train (scaled) MSE: mean=0.269443 med=0.096129 std=0.600456 min=0.000000 max=6.704803 | val (scaled) MSE: mean=1.053950 med=0.316892 std=2.735785 min=0.000021 max=19.243343
2025-08-25T22:39:44Z - INFO - [train_model] Epoch 041 | train (price) MSE=0.000177 MAE=0.009929 RMSE=0.013291 | val (price) MSE=0.000691 MAE=0.018475 RMSE=0.026286
2025-08-25T22:39:45Z - INFO - [train_model] Epoch 042 | train (scaled) MSE: mean=0.257613 med=0.104961 std=0.560380 min=0.000000 max=7.436491 | val (scaled) MSE: mean=1.324718 med=0.490391 std=2.388621 min=0.000057 max=13.166836
2025-08-25T22:39:45Z - INFO - [train_model] Epoch 042 | train (price) MSE=0.000169 MAE=0.009867 RMSE=0.012996 | val (price) MSE=0.000868 MAE=0.022427 RMSE=0.029470
2025-08-25T22:39:45Z - INFO - [train_model] Epoch 043 | train (scaled) MSE: mean=0.256067 med=0.097637 std=0.556700 min=0.000009 max=8.830256 | val (scaled) MSE: mean=1.065524 med=0.430209 std=2.167345 min=0.000002 max=14.472418
2025-08-25T22:39:45Z - INFO - [train_model] Epoch 043 | train (price) MSE=0.000168 MAE=0.009847 RMSE=0.012957 | val (price) MSE=0.000699 MAE=0.020042 RMSE=0.026430
2025-08-25T22:39:45Z - INFO - [train_model] Epoch 044 | train (scaled) MSE: mean=0.319057 med=0.104141 std=0.612088 min=0.000000 max=6.819158 | val (scaled) MSE: mean=1.270163 med=0.378437 std=2.826248 min=0.000000 max=19.162477
2025-08-25T22:39:45Z - INFO - [train_model] Epoch 044 | train (price) MSE=0.000209 MAE=0.010867 RMSE=0.014463 | val (price) MSE=0.000833 MAE=0.021300 RMSE=0.028856
2025-08-25T22:39:46Z - INFO - [train_model] Epoch 045 | train (scaled) MSE: mean=0.313507 med=0.096780 std=0.677732 min=0.000014 max=9.371215 | val (scaled) MSE: mean=1.200570 med=0.310861 std=2.819183 min=0.000021 max=19.382420
2025-08-25T22:39:46Z - INFO - [train_model] Epoch 045 | train (price) MSE=0.000206 MAE=0.010569 RMSE=0.014336 | val (price) MSE=0.000787 MAE=0.019588 RMSE=0.028055
2025-08-25T22:39:46Z - INFO - [train_model] Epoch 046 | train (scaled) MSE: mean=0.284588 med=0.091570 std=0.627695 min=0.000003 max=8.084921 | val (scaled) MSE: mean=1.011381 med=0.339368 std=2.653676 min=0.000596 max=18.647774
2025-08-25T22:39:46Z - INFO - [train_model] Epoch 046 | train (price) MSE=0.000187 MAE=0.010106 RMSE=0.013659 | val (price) MSE=0.000663 MAE=0.018426 RMSE=0.025750
2025-08-25T22:39:46Z - INFO - [train_model] Epoch 047 | train (scaled) MSE: mean=0.220144 med=0.079443 std=0.410981 min=0.000001 max=4.659667 | val (scaled) MSE: mean=1.085988 med=0.315930 std=2.701712 min=0.000040 max=18.920172
2025-08-25T22:39:46Z - INFO - [train_model] Epoch 047 | train (price) MSE=0.000144 MAE=0.009177 RMSE=0.012013 | val (price) MSE=0.000712 MAE=0.018893 RMSE=0.026682
2025-08-25T22:39:47Z - INFO - [train_model] Epoch 048 | train (scaled) MSE: mean=0.227363 med=0.076854 std=0.456583 min=0.000000 max=6.298698 | val (scaled) MSE: mean=1.017762 med=0.254971 std=2.679994 min=0.000027 max=18.664038
2025-08-25T22:39:47Z - INFO - [train_model] Epoch 048 | train (price) MSE=0.000149 MAE=0.009172 RMSE=0.012209 | val (price) MSE=0.000667 MAE=0.017817 RMSE=0.025831
2025-08-25T22:39:47Z - INFO - [train_model] Epoch 049 | train (scaled) MSE: mean=0.209398 med=0.084926 std=0.425104 min=0.000001 max=5.952351 | val (scaled) MSE: mean=1.195059 med=0.390350 std=2.667523 min=0.000017 max=18.594477
2025-08-25T22:39:47Z - INFO - [train_model] Epoch 049 | train (price) MSE=0.000137 MAE=0.008974 RMSE=0.011717 | val (price) MSE=0.000783 MAE=0.021098 RMSE=0.027990
2025-08-25T22:39:47Z - INFO - [train_model] Epoch 050 | train (scaled) MSE: mean=0.178239 med=0.055009 std=0.388172 min=0.000001 max=4.179596 | val (scaled) MSE: mean=1.153600 med=0.271843 std=2.813967 min=0.000126 max=19.733036
2025-08-25T22:39:47Z - INFO - [train_model] Epoch 050 | train (price) MSE=0.000117 MAE=0.007873 RMSE=0.010810 | val (price) MSE=0.000756 MAE=0.019197 RMSE=0.027501
2025-08-25T22:39:48Z - INFO - [train_model] Epoch 051 | train (scaled) MSE: mean=0.202398 med=0.072751 std=0.460053 min=0.000000 max=7.423850 | val (scaled) MSE: mean=1.388622 med=0.227948 std=3.022005 min=0.000073 max=18.568138
2025-08-25T22:39:48Z - INFO - [train_model] Epoch 051 | train (price) MSE=0.000133 MAE=0.008658 RMSE=0.011519 | val (price) MSE=0.000910 MAE=0.021028 RMSE=0.030172
2025-08-25T22:39:48Z - INFO - [train_model] Epoch 052 | train (scaled) MSE: mean=0.231967 med=0.081217 std=0.540553 min=0.000001 max=8.980797 | val (scaled) MSE: mean=0.995826 med=0.364591 std=2.216842 min=0.000435 max=15.021237
2025-08-25T22:39:48Z - INFO - [train_model] Epoch 052 | train (price) MSE=0.000152 MAE=0.009261 RMSE=0.012332 | val (price) MSE=0.000653 MAE=0.018535 RMSE=0.025551
2025-08-25T22:39:48Z - INFO - [train_model] Epoch 053 | train (scaled) MSE: mean=0.216393 med=0.080924 std=0.407585 min=0.000009 max=3.578773 | val (scaled) MSE: mean=1.436382 med=0.539679 std=3.183804 min=0.002927 max=21.938913
2025-08-25T22:39:48Z - INFO - [train_model] Epoch 053 | train (price) MSE=0.000142 MAE=0.008978 RMSE=0.011911 | val (price) MSE=0.000942 MAE=0.022846 RMSE=0.030687
2025-08-25T22:39:49Z - INFO - [train_model] Epoch 054 | train (scaled) MSE: mean=0.201095 med=0.076689 std=0.419430 min=0.000009 max=4.613469 | val (scaled) MSE: mean=1.212280 med=0.306039 std=2.827963 min=0.000424 max=19.080475
2025-08-25T22:39:49Z - INFO - [train_model] Epoch 054 | train (price) MSE=0.000132 MAE=0.008638 RMSE=0.011482 | val (price) MSE=0.000795 MAE=0.019757 RMSE=0.028191
2025-08-25T22:39:49Z - INFO - [train_model] Epoch 055 | train (scaled) MSE: mean=0.229223 med=0.069046 std=0.515266 min=0.000001 max=5.016325 | val (scaled) MSE: mean=1.054674 med=0.406169 std=2.633434 min=0.000094 max=18.303905
2025-08-25T22:39:49Z - INFO - [train_model] Epoch 055 | train (price) MSE=0.000150 MAE=0.008880 RMSE=0.012259 | val (price) MSE=0.000691 MAE=0.019009 RMSE=0.026295
2025-08-25T22:39:49Z - INFO - [train_model] Epoch 056 | train (scaled) MSE: mean=0.207568 med=0.064103 std=0.418347 min=0.000001 max=4.658782 | val (scaled) MSE: mean=1.090504 med=0.320949 std=2.620488 min=0.000236 max=18.364513
2025-08-25T22:39:49Z - INFO - [train_model] Epoch 056 | train (price) MSE=0.000136 MAE=0.008595 RMSE=0.011665 | val (price) MSE=0.000715 MAE=0.019164 RMSE=0.026738
2025-08-25T22:39:50Z - INFO - [train_model] Epoch 057 | train (scaled) MSE: mean=0.257855 med=0.080459 std=0.555750 min=0.000001 max=7.196367 | val (scaled) MSE: mean=1.220979 med=0.305468 std=2.623996 min=0.000449 max=15.601233
2025-08-25T22:39:50Z - INFO - [train_model] Epoch 057 | train (price) MSE=0.000169 MAE=0.009669 RMSE=0.013002 | val (price) MSE=0.000800 MAE=0.020017 RMSE=0.028292
2025-08-25T22:39:50Z - INFO - [train_model] Epoch 058 | train (scaled) MSE: mean=0.156168 med=0.056869 std=0.268487 min=0.000000 max=2.762117 | val (scaled) MSE: mean=1.337089 med=0.428339 std=2.882741 min=0.000047 max=19.519518
2025-08-25T22:39:50Z - INFO - [train_model] Epoch 058 | train (price) MSE=0.000102 MAE=0.007711 RMSE=0.010118 | val (price) MSE=0.000877 MAE=0.021657 RMSE=0.029607
2025-08-25T22:39:50Z - INFO - [train_model] Epoch 059 | train (scaled) MSE: mean=0.163572 med=0.059521 std=0.342010 min=0.000000 max=4.040166 | val (scaled) MSE: mean=1.120826 med=0.297436 std=2.372987 min=0.000009 max=16.241274
2025-08-25T22:39:50Z - INFO - [train_model] Epoch 059 | train (price) MSE=0.000107 MAE=0.007846 RMSE=0.010355 | val (price) MSE=0.000735 MAE=0.019879 RMSE=0.027107
2025-08-25T22:39:50Z - INFO - [train_model] Early stopping at epoch 59 (best price val MSE=0.000576 @ epoch 19)
2025-08-25T22:39:51Z - INFO - [visualize_full_prediction] Saved full prediction plot for NFLX to output/20250825-183926/plots/NFLX_finbert-tabmlp_full_returns_prediction.png
2025-08-25T22:39:51Z - INFO - [visualize_sentiment] Saved sentiment plot for NFLX to output/20250825-183926/plots/NFLX_sentiment.png
2025-08-25T22:39:51Z - INFO - [train] [NFLX] Test (price) MSE=0.000477 | MAE=0.017369 | RMSE=0.021851 (scaled MSE=0.728291)
2025-08-25T22:39:51Z - INFO - [train] [NFLX] Final (price) Train MSE=0.000107 | Val MSE=0.000735 (scaled Train MSE=0.163572 | Val MSE=1.120826)
2025-08-25T22:39:51Z - INFO - [train] [NFLX] Best epoch=19 | Best (price) Train MSE=0.000327 | Best (price) Val MSE=0.000576 | Saved at=/home/tbfs/Projects/finBert/output/20250825-183926/saved_weights/NFLX/NFLX_best-epoch019.pt
2025-08-25T22:39:51Z - INFO - [train] Wrote evaluation summary → output/20250825-183926/evaluation.json
