2025-08-25T22:36:31Z - INFO - [Pipeline::__init__] Loaded news dataframe with columns=['title', 'date', 'stock'] shape=(1277896, 3).
2025-08-25T22:36:31Z - INFO - [SentimentGenerator::_load] Loaded precomputed sentiment from /home/tbfs/Projects/finBert/output/20250823-140342/sentiment_daily.csv
2025-08-25T22:36:31Z - INFO - [train] Training predictor for ticker: HD
2025-08-25T22:36:32Z - INFO - [train] Loaded prices for HD with columns=['date', 'volume', 'open', 'high', 'low', 'close', 'adj close'] shape=(2516, 7).
2025-08-25T22:36:32Z - INFO - [train_model] Epoch 001 | train (scaled) MSE: mean=1.011653 med=0.232531 std=2.195357 min=0.000002 max=16.904125 | val (scaled) MSE: mean=1.287120 med=0.283367 std=3.422879 min=0.000131 max=23.504719
2025-08-25T22:36:32Z - INFO - [train_model] Epoch 001 | train (price) MSE=0.000183 MAE=0.009534 RMSE=0.013511 | val (price) MSE=0.000232 MAE=0.010246 RMSE=0.015240
2025-08-25T22:36:32Z - INFO - [train_model] New best (price) val MSE=0.000232 at epoch 1; saved → /home/tbfs/Projects/finBert/output/20250825-183627/saved_weights/HD/HD_best-epoch001.pt
2025-08-25T22:36:33Z - INFO - [train_model] Epoch 002 | train (scaled) MSE: mean=1.006772 med=0.227993 std=2.195425 min=0.000006 max=17.377760 | val (scaled) MSE: mean=1.289366 med=0.284178 std=3.424615 min=0.000285 max=23.492079
2025-08-25T22:36:33Z - INFO - [train_model] Epoch 002 | train (price) MSE=0.000182 MAE=0.009519 RMSE=0.013479 | val (price) MSE=0.000233 MAE=0.010260 RMSE=0.015254
2025-08-25T22:36:33Z - INFO - [train_model] Epoch 003 | train (scaled) MSE: mean=1.001430 med=0.246006 std=2.187034 min=0.000001 max=17.360620 | val (scaled) MSE: mean=1.292504 med=0.299036 std=3.436097 min=0.000000 max=23.624130
2025-08-25T22:36:33Z - INFO - [train_model] Epoch 003 | train (price) MSE=0.000181 MAE=0.009492 RMSE=0.013443 | val (price) MSE=0.000233 MAE=0.010275 RMSE=0.015272
2025-08-25T22:36:33Z - INFO - [train_model] Epoch 004 | train (scaled) MSE: mean=0.993340 med=0.241117 std=2.169509 min=0.000006 max=17.124098 | val (scaled) MSE: mean=1.292490 med=0.294519 std=3.432454 min=0.000073 max=23.565405
2025-08-25T22:36:33Z - INFO - [train_model] Epoch 004 | train (price) MSE=0.000179 MAE=0.009459 RMSE=0.013389 | val (price) MSE=0.000233 MAE=0.010280 RMSE=0.015272
2025-08-25T22:36:34Z - INFO - [train_model] Epoch 005 | train (scaled) MSE: mean=0.976681 med=0.232501 std=2.147758 min=0.000000 max=17.017443 | val (scaled) MSE: mean=1.293403 med=0.299282 std=3.448555 min=0.000000 max=23.763025
2025-08-25T22:36:34Z - INFO - [train_model] Epoch 005 | train (price) MSE=0.000176 MAE=0.009359 RMSE=0.013276 | val (price) MSE=0.000233 MAE=0.010278 RMSE=0.015278
2025-08-25T22:36:34Z - INFO - [train_model] Epoch 006 | train (scaled) MSE: mean=0.958568 med=0.225626 std=2.104240 min=0.000002 max=16.980345 | val (scaled) MSE: mean=1.295196 med=0.299725 std=3.452324 min=0.000019 max=23.801292
2025-08-25T22:36:34Z - INFO - [train_model] Epoch 006 | train (price) MSE=0.000173 MAE=0.009296 RMSE=0.013152 | val (price) MSE=0.000234 MAE=0.010297 RMSE=0.015288
2025-08-25T22:36:35Z - INFO - [train_model] Epoch 007 | train (scaled) MSE: mean=0.942296 med=0.235978 std=2.064196 min=0.000007 max=17.087231 | val (scaled) MSE: mean=1.304000 med=0.305351 std=3.477957 min=0.000112 max=24.040680
2025-08-25T22:36:35Z - INFO - [train_model] Epoch 007 | train (price) MSE=0.000170 MAE=0.009249 RMSE=0.013040 | val (price) MSE=0.000235 MAE=0.010375 RMSE=0.015340
2025-08-25T22:36:35Z - INFO - [train_model] Epoch 008 | train (scaled) MSE: mean=0.921899 med=0.237108 std=2.025418 min=0.000000 max=16.904623 | val (scaled) MSE: mean=1.303816 med=0.303746 std=3.478659 min=0.000017 max=24.068922
2025-08-25T22:36:35Z - INFO - [train_model] Epoch 008 | train (price) MSE=0.000166 MAE=0.009174 RMSE=0.012898 | val (price) MSE=0.000235 MAE=0.010386 RMSE=0.015339
2025-08-25T22:36:35Z - INFO - [train_model] Epoch 009 | train (scaled) MSE: mean=0.904960 med=0.249211 std=1.982900 min=0.000001 max=17.227064 | val (scaled) MSE: mean=1.309378 med=0.314402 std=3.495282 min=0.000132 max=24.226633
2025-08-25T22:36:35Z - INFO - [train_model] Epoch 009 | train (price) MSE=0.000163 MAE=0.009140 RMSE=0.012779 | val (price) MSE=0.000236 MAE=0.010443 RMSE=0.015372
2025-08-25T22:36:36Z - INFO - [train_model] Epoch 010 | train (scaled) MSE: mean=0.879979 med=0.241312 std=1.948855 min=0.000001 max=16.545334 | val (scaled) MSE: mean=1.316469 med=0.330258 std=3.516757 min=0.000019 max=24.430395
2025-08-25T22:36:36Z - INFO - [train_model] Epoch 010 | train (price) MSE=0.000159 MAE=0.008987 RMSE=0.012602 | val (price) MSE=0.000238 MAE=0.010513 RMSE=0.015413
2025-08-25T22:36:36Z - INFO - [train_model] Epoch 011 | train (scaled) MSE: mean=0.859584 med=0.238157 std=1.914113 min=0.000011 max=16.268944 | val (scaled) MSE: mean=1.303046 med=0.300749 std=3.489186 min=0.000246 max=24.211962
2025-08-25T22:36:36Z - INFO - [train_model] Epoch 011 | train (price) MSE=0.000155 MAE=0.008906 RMSE=0.012455 | val (price) MSE=0.000235 MAE=0.010399 RMSE=0.015334
2025-08-25T22:36:36Z - INFO - [train_model] Epoch 012 | train (scaled) MSE: mean=0.837180 med=0.240642 std=1.850083 min=0.000005 max=16.101505 | val (scaled) MSE: mean=1.320357 med=0.344287 std=3.530598 min=0.000035 max=24.595863
2025-08-25T22:36:36Z - INFO - [train_model] Epoch 012 | train (price) MSE=0.000151 MAE=0.008822 RMSE=0.012291 | val (price) MSE=0.000238 MAE=0.010566 RMSE=0.015436
2025-08-25T22:36:37Z - INFO - [train_model] Epoch 013 | train (scaled) MSE: mean=0.814987 med=0.233062 std=1.808537 min=0.000003 max=15.628421 | val (scaled) MSE: mean=1.327012 med=0.357165 std=3.548727 min=0.000248 max=24.770687
2025-08-25T22:36:37Z - INFO - [train_model] Epoch 013 | train (price) MSE=0.000147 MAE=0.008683 RMSE=0.012127 | val (price) MSE=0.000239 MAE=0.010626 RMSE=0.015475
2025-08-25T22:36:37Z - INFO - [train_model] Epoch 014 | train (scaled) MSE: mean=0.795244 med=0.226867 std=1.741574 min=0.000001 max=15.062417 | val (scaled) MSE: mean=1.329815 med=0.367034 std=3.554213 min=0.000294 max=24.823549
2025-08-25T22:36:37Z - INFO - [train_model] Epoch 014 | train (price) MSE=0.000144 MAE=0.008593 RMSE=0.011979 | val (price) MSE=0.000240 MAE=0.010658 RMSE=0.015491
2025-08-25T22:36:38Z - INFO - [train_model] Epoch 015 | train (scaled) MSE: mean=0.772238 med=0.222876 std=1.684115 min=0.000000 max=14.223709 | val (scaled) MSE: mean=1.321460 med=0.350738 std=3.541284 min=0.000058 max=24.735558
2025-08-25T22:36:38Z - INFO - [train_model] Epoch 015 | train (price) MSE=0.000139 MAE=0.008497 RMSE=0.011805 | val (price) MSE=0.000238 MAE=0.010595 RMSE=0.015442
2025-08-25T22:36:38Z - INFO - [train_model] Epoch 016 | train (scaled) MSE: mean=0.739794 med=0.207088 std=1.627273 min=0.000034 max=13.517135 | val (scaled) MSE: mean=1.335097 med=0.379152 std=3.576442 min=0.000243 max=25.049244
2025-08-25T22:36:38Z - INFO - [train_model] Epoch 016 | train (price) MSE=0.000134 MAE=0.008302 RMSE=0.011554 | val (price) MSE=0.000241 MAE=0.010697 RMSE=0.015522
2025-08-25T22:36:38Z - INFO - [train_model] Epoch 017 | train (scaled) MSE: mean=0.729488 med=0.214216 std=1.586697 min=0.000000 max=12.735045 | val (scaled) MSE: mean=1.334444 med=0.382096 std=3.575678 min=0.000225 max=25.055559
2025-08-25T22:36:38Z - INFO - [train_model] Epoch 017 | train (price) MSE=0.000132 MAE=0.008264 RMSE=0.011473 | val (price) MSE=0.000241 MAE=0.010697 RMSE=0.015518
2025-08-25T22:36:39Z - INFO - [train_model] Epoch 018 | train (scaled) MSE: mean=0.737455 med=0.207502 std=1.584593 min=0.000001 max=14.015141 | val (scaled) MSE: mean=1.336711 med=0.391147 std=3.577001 min=0.000219 max=25.073606
2025-08-25T22:36:39Z - INFO - [train_model] Epoch 018 | train (price) MSE=0.000133 MAE=0.008324 RMSE=0.011536 | val (price) MSE=0.000241 MAE=0.010724 RMSE=0.015531
2025-08-25T22:36:39Z - INFO - [train_model] Epoch 019 | train (scaled) MSE: mean=0.726035 med=0.200136 std=1.590292 min=0.000000 max=16.561852 | val (scaled) MSE: mean=1.340940 med=0.400382 std=3.589909 min=0.000067 max=25.190155
2025-08-25T22:36:39Z - INFO - [train_model] Epoch 019 | train (price) MSE=0.000131 MAE=0.008249 RMSE=0.011446 | val (price) MSE=0.000242 MAE=0.010756 RMSE=0.015556
2025-08-25T22:36:39Z - INFO - [train_model] Epoch 020 | train (scaled) MSE: mean=0.715986 med=0.187326 std=1.548611 min=0.000001 max=15.956466 | val (scaled) MSE: mean=1.338678 med=0.401642 std=3.586762 min=0.000025 max=25.187380
2025-08-25T22:36:39Z - INFO - [train_model] Epoch 020 | train (price) MSE=0.000129 MAE=0.008197 RMSE=0.011367 | val (price) MSE=0.000242 MAE=0.010744 RMSE=0.015543
2025-08-25T22:36:40Z - INFO - [train_model] Epoch 021 | train (scaled) MSE: mean=0.698474 med=0.178310 std=1.514190 min=0.000005 max=15.463776 | val (scaled) MSE: mean=1.341485 med=0.407996 std=3.593762 min=0.000007 max=25.267176
2025-08-25T22:36:40Z - INFO - [train_model] Epoch 021 | train (price) MSE=0.000126 MAE=0.008027 RMSE=0.011227 | val (price) MSE=0.000242 MAE=0.010772 RMSE=0.015559
2025-08-25T22:36:40Z - INFO - [train_model] Epoch 022 | train (scaled) MSE: mean=0.675899 med=0.190655 std=1.469176 min=0.000001 max=15.489954 | val (scaled) MSE: mean=1.336560 med=0.397478 std=3.585883 min=0.000001 max=25.231752
2025-08-25T22:36:40Z - INFO - [train_model] Epoch 022 | train (price) MSE=0.000122 MAE=0.007857 RMSE=0.011044 | val (price) MSE=0.000241 MAE=0.010737 RMSE=0.015530
2025-08-25T22:36:41Z - INFO - [train_model] Epoch 023 | train (scaled) MSE: mean=0.648242 med=0.183497 std=1.357304 min=0.000002 max=13.839691 | val (scaled) MSE: mean=1.327782 med=0.385410 std=3.571236 min=0.000003 max=25.161116
2025-08-25T22:36:41Z - INFO - [train_model] Epoch 023 | train (price) MSE=0.000117 MAE=0.007758 RMSE=0.010816 | val (price) MSE=0.000240 MAE=0.010685 RMSE=0.015479
2025-08-25T22:36:41Z - INFO - [train_model] Epoch 024 | train (scaled) MSE: mean=0.623491 med=0.163732 std=1.338622 min=0.000005 max=12.929923 | val (scaled) MSE: mean=1.321339 med=0.372257 std=3.561558 min=0.000222 max=25.090494
2025-08-25T22:36:41Z - INFO - [train_model] Epoch 024 | train (price) MSE=0.000113 MAE=0.007520 RMSE=0.010607 | val (price) MSE=0.000238 MAE=0.010641 RMSE=0.015442
2025-08-25T22:36:41Z - INFO - [train_model] Epoch 025 | train (scaled) MSE: mean=0.591647 med=0.156994 std=1.249907 min=0.000000 max=11.975623 | val (scaled) MSE: mean=1.316511 med=0.365706 std=3.547758 min=0.000081 max=24.993359
2025-08-25T22:36:41Z - INFO - [train_model] Epoch 025 | train (price) MSE=0.000107 MAE=0.007336 RMSE=0.010333 | val (price) MSE=0.000238 MAE=0.010616 RMSE=0.015413
2025-08-25T22:36:42Z - INFO - [train_model] Epoch 026 | train (scaled) MSE: mean=0.559054 med=0.151259 std=1.155693 min=0.000006 max=10.819222 | val (scaled) MSE: mean=1.318436 med=0.373636 std=3.541785 min=0.000054 max=24.959429
2025-08-25T22:36:42Z - INFO - [train_model] Epoch 026 | train (price) MSE=0.000101 MAE=0.007166 RMSE=0.010044 | val (price) MSE=0.000238 MAE=0.010652 RMSE=0.015425
2025-08-25T22:36:42Z - INFO - [train_model] Epoch 027 | train (scaled) MSE: mean=0.532341 med=0.140432 std=1.106282 min=0.000000 max=9.717071 | val (scaled) MSE: mean=1.322562 med=0.387788 std=3.561539 min=0.000371 max=25.166153
2025-08-25T22:36:42Z - INFO - [train_model] Epoch 027 | train (price) MSE=0.000096 MAE=0.006978 RMSE=0.009801 | val (price) MSE=0.000239 MAE=0.010689 RMSE=0.015449
2025-08-25T22:36:42Z - INFO - [train_model] Epoch 028 | train (scaled) MSE: mean=0.506524 med=0.138987 std=1.055522 min=0.000000 max=9.717893 | val (scaled) MSE: mean=1.316494 med=0.380241 std=3.538642 min=0.000033 max=24.964556
2025-08-25T22:36:42Z - INFO - [train_model] Epoch 028 | train (price) MSE=0.000091 MAE=0.006831 RMSE=0.009561 | val (price) MSE=0.000238 MAE=0.010650 RMSE=0.015413
2025-08-25T22:36:43Z - INFO - [train_model] Epoch 029 | train (scaled) MSE: mean=0.494723 med=0.129808 std=1.008963 min=0.000002 max=8.597406 | val (scaled) MSE: mean=1.309984 med=0.363544 std=3.524398 min=0.000010 max=24.836298
2025-08-25T22:36:43Z - INFO - [train_model] Epoch 029 | train (price) MSE=0.000089 MAE=0.006797 RMSE=0.009449 | val (price) MSE=0.000236 MAE=0.010599 RMSE=0.015375
2025-08-25T22:36:43Z - INFO - [train_model] Epoch 030 | train (scaled) MSE: mean=0.467325 med=0.123376 std=0.934347 min=0.000000 max=8.174261 | val (scaled) MSE: mean=1.300812 med=0.363221 std=3.511511 min=0.000007 max=24.757111
2025-08-25T22:36:43Z - INFO - [train_model] Epoch 030 | train (price) MSE=0.000084 MAE=0.006600 RMSE=0.009183 | val (price) MSE=0.000235 MAE=0.010526 RMSE=0.015321
2025-08-25T22:36:44Z - INFO - [train_model] Epoch 031 | train (scaled) MSE: mean=0.449311 med=0.120288 std=0.901585 min=0.000004 max=8.163489 | val (scaled) MSE: mean=1.280233 med=0.356905 std=3.451342 min=0.000297 max=24.247427
2025-08-25T22:36:44Z - INFO - [train_model] Epoch 031 | train (price) MSE=0.000081 MAE=0.006479 RMSE=0.009005 | val (price) MSE=0.000231 MAE=0.010406 RMSE=0.015200
2025-08-25T22:36:44Z - INFO - [train_model] New best (price) val MSE=0.000231 at epoch 31; saved → /home/tbfs/Projects/finBert/output/20250825-183627/saved_weights/HD/HD_best-epoch031.pt
2025-08-25T22:36:44Z - INFO - [train_model] Epoch 032 | train (scaled) MSE: mean=0.469929 med=0.109575 std=1.044444 min=0.000000 max=11.366932 | val (scaled) MSE: mean=1.289645 med=0.356456 std=3.481885 min=0.000028 max=24.562166
2025-08-25T22:36:44Z - INFO - [train_model] Epoch 032 | train (price) MSE=0.000085 MAE=0.006516 RMSE=0.009209 | val (price) MSE=0.000233 MAE=0.010478 RMSE=0.015255
2025-08-25T22:36:44Z - INFO - [train_model] Epoch 033 | train (scaled) MSE: mean=0.433497 med=0.104802 std=0.933236 min=0.000001 max=8.239909 | val (scaled) MSE: mean=1.281206 med=0.365480 std=3.469016 min=0.000693 max=24.437292
2025-08-25T22:36:44Z - INFO - [train_model] Epoch 033 | train (price) MSE=0.000078 MAE=0.006256 RMSE=0.008845 | val (price) MSE=0.000231 MAE=0.010413 RMSE=0.015205
2025-08-25T22:36:45Z - INFO - [train_model] Epoch 034 | train (scaled) MSE: mean=0.411594 med=0.099360 std=0.880831 min=0.000000 max=8.102088 | val (scaled) MSE: mean=1.289849 med=0.360753 std=3.490647 min=0.000106 max=24.664036
2025-08-25T22:36:45Z - INFO - [train_model] Epoch 034 | train (price) MSE=0.000074 MAE=0.006161 RMSE=0.008618 | val (price) MSE=0.000233 MAE=0.010491 RMSE=0.015257
2025-08-25T22:36:45Z - INFO - [train_model] Epoch 035 | train (scaled) MSE: mean=0.417613 med=0.116201 std=0.846120 min=0.000005 max=8.202398 | val (scaled) MSE: mean=1.254727 med=0.337088 std=3.399284 min=0.000657 max=23.931339
2025-08-25T22:36:45Z - INFO - [train_model] Epoch 035 | train (price) MSE=0.000075 MAE=0.006264 RMSE=0.008681 | val (price) MSE=0.000226 MAE=0.010285 RMSE=0.015047
2025-08-25T22:36:45Z - INFO - [train_model] New best (price) val MSE=0.000226 at epoch 35; saved → /home/tbfs/Projects/finBert/output/20250825-183627/saved_weights/HD/HD_best-epoch035.pt
2025-08-25T22:36:45Z - INFO - [train_model] Epoch 036 | train (scaled) MSE: mean=0.384778 med=0.109851 std=0.799430 min=0.000000 max=8.452097 | val (scaled) MSE: mean=1.275918 med=0.371026 std=3.468764 min=0.000030 max=24.542074
2025-08-25T22:36:45Z - INFO - [train_model] Epoch 036 | train (price) MSE=0.000069 MAE=0.006015 RMSE=0.008333 | val (price) MSE=0.000230 MAE=0.010402 RMSE=0.015174
2025-08-25T22:36:46Z - INFO - [train_model] Epoch 037 | train (scaled) MSE: mean=0.382942 med=0.109346 std=0.775020 min=0.000000 max=8.017749 | val (scaled) MSE: mean=1.263070 med=0.338519 std=3.428176 min=0.000018 max=24.175110
2025-08-25T22:36:46Z - INFO - [train_model] Epoch 037 | train (price) MSE=0.000069 MAE=0.006003 RMSE=0.008313 | val (price) MSE=0.000228 MAE=0.010308 RMSE=0.015097
2025-08-25T22:36:46Z - INFO - [train_model] Epoch 038 | train (scaled) MSE: mean=0.429642 med=0.120661 std=0.840541 min=0.000000 max=8.316699 | val (scaled) MSE: mean=1.252959 med=0.316158 std=3.395732 min=0.000612 max=23.841345
2025-08-25T22:36:46Z - INFO - [train_model] Epoch 038 | train (price) MSE=0.000078 MAE=0.006450 RMSE=0.008805 | val (price) MSE=0.000226 MAE=0.010228 RMSE=0.015037
2025-08-25T22:36:46Z - INFO - [train_model] New best (price) val MSE=0.000226 at epoch 38; saved → /home/tbfs/Projects/finBert/output/20250825-183627/saved_weights/HD/HD_best-epoch038.pt
2025-08-25T22:36:47Z - INFO - [train_model] Epoch 039 | train (scaled) MSE: mean=0.370777 med=0.079999 std=0.786672 min=0.000000 max=8.143373 | val (scaled) MSE: mean=1.257923 med=0.334448 std=3.417613 min=0.001304 max=24.122995
2025-08-25T22:36:47Z - INFO - [train_model] Epoch 039 | train (price) MSE=0.000067 MAE=0.005772 RMSE=0.008180 | val (price) MSE=0.000227 MAE=0.010308 RMSE=0.015067
2025-08-25T22:36:47Z - INFO - [train_model] Epoch 040 | train (scaled) MSE: mean=0.422590 med=0.111382 std=0.875706 min=0.000000 max=9.166186 | val (scaled) MSE: mean=1.243737 med=0.294149 std=3.359406 min=0.000018 max=23.502190
2025-08-25T22:36:47Z - INFO - [train_model] Epoch 040 | train (price) MSE=0.000076 MAE=0.006285 RMSE=0.008733 | val (price) MSE=0.000224 MAE=0.010163 RMSE=0.014981
2025-08-25T22:36:47Z - INFO - [train_model] New best (price) val MSE=0.000224 at epoch 40; saved → /home/tbfs/Projects/finBert/output/20250825-183627/saved_weights/HD/HD_best-epoch040.pt
2025-08-25T22:36:47Z - INFO - [train_model] Epoch 041 | train (scaled) MSE: mean=0.374166 med=0.094568 std=0.825449 min=0.000002 max=8.776423 | val (scaled) MSE: mean=1.250384 med=0.316787 std=3.383213 min=0.000601 max=23.790533
2025-08-25T22:36:47Z - INFO - [train_model] Epoch 041 | train (price) MSE=0.000068 MAE=0.005890 RMSE=0.008217 | val (price) MSE=0.000226 MAE=0.010251 RMSE=0.015021
2025-08-25T22:36:48Z - INFO - [train_model] Epoch 042 | train (scaled) MSE: mean=0.332816 med=0.099967 std=0.711827 min=0.000001 max=8.000081 | val (scaled) MSE: mean=1.232703 med=0.260914 std=3.299051 min=0.000002 max=22.872860
2025-08-25T22:36:48Z - INFO - [train_model] Epoch 042 | train (price) MSE=0.000060 MAE=0.005629 RMSE=0.007750 | val (price) MSE=0.000222 MAE=0.010059 RMSE=0.014915
2025-08-25T22:36:48Z - INFO - [train_model] New best (price) val MSE=0.000222 at epoch 42; saved → /home/tbfs/Projects/finBert/output/20250825-183627/saved_weights/HD/HD_best-epoch042.pt
2025-08-25T22:36:48Z - INFO - [train_model] Epoch 043 | train (scaled) MSE: mean=0.343950 med=0.105557 std=0.719504 min=0.000000 max=7.929365 | val (scaled) MSE: mean=1.223767 med=0.257343 std=3.229850 min=0.000124 max=22.241768
2025-08-25T22:36:48Z - INFO - [train_model] Epoch 043 | train (price) MSE=0.000062 MAE=0.005828 RMSE=0.007878 | val (price) MSE=0.000221 MAE=0.010069 RMSE=0.014861
2025-08-25T22:36:48Z - INFO - [train_model] New best (price) val MSE=0.000221 at epoch 43; saved → /home/tbfs/Projects/finBert/output/20250825-183627/saved_weights/HD/HD_best-epoch043.pt
2025-08-25T22:36:48Z - INFO - [train_model] Epoch 044 | train (scaled) MSE: mean=0.352848 med=0.117577 std=0.715590 min=0.000001 max=8.001115 | val (scaled) MSE: mean=1.235012 med=0.248017 std=3.246375 min=0.000012 max=22.135288
2025-08-25T22:36:48Z - INFO - [train_model] Epoch 044 | train (price) MSE=0.000064 MAE=0.005890 RMSE=0.007980 | val (price) MSE=0.000223 MAE=0.010040 RMSE=0.014929
2025-08-25T22:36:49Z - INFO - [train_model] Epoch 045 | train (scaled) MSE: mean=0.329268 med=0.078841 std=0.693959 min=0.000000 max=7.783947 | val (scaled) MSE: mean=1.230736 med=0.252922 std=3.192867 min=0.000116 max=21.664219
2025-08-25T22:36:49Z - INFO - [train_model] Epoch 045 | train (price) MSE=0.000059 MAE=0.005528 RMSE=0.007708 | val (price) MSE=0.000222 MAE=0.010106 RMSE=0.014903
2025-08-25T22:36:49Z - INFO - [train_model] Epoch 046 | train (scaled) MSE: mean=0.305784 med=0.081023 std=0.671877 min=0.000001 max=7.435428 | val (scaled) MSE: mean=1.230575 med=0.220541 std=3.207745 min=0.000454 max=21.870146
2025-08-25T22:36:49Z - INFO - [train_model] Epoch 046 | train (price) MSE=0.000055 MAE=0.005257 RMSE=0.007428 | val (price) MSE=0.000222 MAE=0.010099 RMSE=0.014902
2025-08-25T22:36:50Z - INFO - [train_model] Epoch 047 | train (scaled) MSE: mean=0.281987 med=0.064533 std=0.649363 min=0.000002 max=7.651635 | val (scaled) MSE: mean=1.246100 med=0.255371 std=3.184975 min=0.000373 max=21.403193
2025-08-25T22:36:50Z - INFO - [train_model] Epoch 047 | train (price) MSE=0.000051 MAE=0.004975 RMSE=0.007133 | val (price) MSE=0.000225 MAE=0.010180 RMSE=0.014996
2025-08-25T22:36:50Z - INFO - [train_model] Epoch 048 | train (scaled) MSE: mean=0.289049 med=0.084351 std=0.632832 min=0.000000 max=7.556386 | val (scaled) MSE: mean=1.270376 med=0.230161 std=3.144432 min=0.000200 max=20.740097
2025-08-25T22:36:50Z - INFO - [train_model] Epoch 048 | train (price) MSE=0.000052 MAE=0.005245 RMSE=0.007222 | val (price) MSE=0.000229 MAE=0.010331 RMSE=0.015141
2025-08-25T22:36:50Z - INFO - [train_model] Epoch 049 | train (scaled) MSE: mean=0.303930 med=0.080953 std=0.651168 min=0.000000 max=7.603749 | val (scaled) MSE: mean=1.253967 med=0.266269 std=3.171778 min=0.000393 max=21.126215
2025-08-25T22:36:50Z - INFO - [train_model] Epoch 049 | train (price) MSE=0.000055 MAE=0.005362 RMSE=0.007406 | val (price) MSE=0.000226 MAE=0.010227 RMSE=0.015043
2025-08-25T22:36:51Z - INFO - [train_model] Epoch 050 | train (scaled) MSE: mean=0.354777 med=0.117016 std=0.655871 min=0.000000 max=7.481146 | val (scaled) MSE: mean=1.265822 med=0.238634 std=3.043994 min=0.000154 max=19.588684
2025-08-25T22:36:51Z - INFO - [train_model] Epoch 050 | train (price) MSE=0.000064 MAE=0.006036 RMSE=0.008001 | val (price) MSE=0.000228 MAE=0.010320 RMSE=0.015114
2025-08-25T22:36:51Z - INFO - [train_model] Epoch 051 | train (scaled) MSE: mean=0.324012 med=0.100604 std=0.653854 min=0.000000 max=7.404405 | val (scaled) MSE: mean=1.270011 med=0.227207 std=2.988602 min=0.000067 max=18.905993
2025-08-25T22:36:51Z - INFO - [train_model] Epoch 051 | train (price) MSE=0.000058 MAE=0.005711 RMSE=0.007647 | val (price) MSE=0.000229 MAE=0.010340 RMSE=0.015139
2025-08-25T22:36:51Z - INFO - [train_model] Epoch 052 | train (scaled) MSE: mean=0.281529 med=0.088946 std=0.604465 min=0.000000 max=7.313894 | val (scaled) MSE: mean=1.277774 med=0.239339 std=2.998331 min=0.000850 max=18.915112
2025-08-25T22:36:51Z - INFO - [train_model] Epoch 052 | train (price) MSE=0.000051 MAE=0.005238 RMSE=0.007128 | val (price) MSE=0.000231 MAE=0.010371 RMSE=0.015185
2025-08-25T22:36:52Z - INFO - [train_model] Epoch 053 | train (scaled) MSE: mean=0.283115 med=0.075577 std=0.627802 min=0.000001 max=7.528296 | val (scaled) MSE: mean=1.263028 med=0.227392 std=3.077299 min=0.000281 max=19.932816
2025-08-25T22:36:52Z - INFO - [train_model] Epoch 053 | train (price) MSE=0.000051 MAE=0.005190 RMSE=0.007148 | val (price) MSE=0.000228 MAE=0.010241 RMSE=0.015097
2025-08-25T22:36:52Z - INFO - [train_model] Epoch 054 | train (scaled) MSE: mean=0.277430 med=0.076225 std=0.597915 min=0.000000 max=6.979706 | val (scaled) MSE: mean=1.333417 med=0.284588 std=2.957573 min=0.000051 max=17.989290
2025-08-25T22:36:52Z - INFO - [train_model] Epoch 054 | train (price) MSE=0.000050 MAE=0.005166 RMSE=0.007076 | val (price) MSE=0.000241 MAE=0.010664 RMSE=0.015512
2025-08-25T22:36:53Z - INFO - [train_model] Epoch 055 | train (scaled) MSE: mean=0.322937 med=0.087593 std=0.704314 min=0.000000 max=7.464923 | val (scaled) MSE: mean=1.337035 med=0.253710 std=3.050716 min=0.000147 max=18.995501
2025-08-25T22:36:53Z - INFO - [train_model] Epoch 055 | train (price) MSE=0.000058 MAE=0.005519 RMSE=0.007634 | val (price) MSE=0.000241 MAE=0.010607 RMSE=0.015533
2025-08-25T22:36:53Z - INFO - [train_model] Epoch 056 | train (scaled) MSE: mean=0.333012 med=0.077319 std=0.730865 min=0.000000 max=7.200872 | val (scaled) MSE: mean=1.293025 med=0.255269 std=3.085148 min=0.000065 max=19.873392
2025-08-25T22:36:53Z - INFO - [train_model] Epoch 056 | train (price) MSE=0.000060 MAE=0.005539 RMSE=0.007752 | val (price) MSE=0.000233 MAE=0.010423 RMSE=0.015275
2025-08-25T22:36:53Z - INFO - [train_model] Epoch 057 | train (scaled) MSE: mean=0.393907 med=0.133975 std=0.745429 min=0.000000 max=6.564702 | val (scaled) MSE: mean=1.315371 med=0.266863 std=3.110030 min=0.000445 max=19.990789
2025-08-25T22:36:53Z - INFO - [train_model] Epoch 057 | train (price) MSE=0.000071 MAE=0.006312 RMSE=0.008431 | val (price) MSE=0.000237 MAE=0.010530 RMSE=0.015407
2025-08-25T22:36:54Z - INFO - [train_model] Epoch 058 | train (scaled) MSE: mean=0.293316 med=0.090457 std=0.600421 min=0.000001 max=6.471486 | val (scaled) MSE: mean=1.308117 med=0.249007 std=3.024771 min=0.000298 max=19.162846
2025-08-25T22:36:54Z - INFO - [train_model] Epoch 058 | train (price) MSE=0.000053 MAE=0.005355 RMSE=0.007275 | val (price) MSE=0.000236 MAE=0.010535 RMSE=0.015364
2025-08-25T22:36:54Z - INFO - [train_model] Epoch 059 | train (scaled) MSE: mean=0.254363 med=0.073667 std=0.548712 min=0.000002 max=6.653100 | val (scaled) MSE: mean=1.292471 med=0.269013 std=3.108680 min=0.000058 max=20.274082
2025-08-25T22:36:54Z - INFO - [train_model] Epoch 059 | train (price) MSE=0.000046 MAE=0.004927 RMSE=0.006775 | val (price) MSE=0.000233 MAE=0.010420 RMSE=0.015272
2025-08-25T22:36:54Z - INFO - [train_model] Epoch 060 | train (scaled) MSE: mean=0.247973 med=0.071943 std=0.537512 min=0.000000 max=6.686511 | val (scaled) MSE: mean=1.330545 med=0.250071 std=3.085587 min=0.000017 max=19.580162
2025-08-25T22:36:54Z - INFO - [train_model] Epoch 060 | train (price) MSE=0.000045 MAE=0.004860 RMSE=0.006689 | val (price) MSE=0.000240 MAE=0.010585 RMSE=0.015495
2025-08-25T22:36:55Z - INFO - [train_model] Epoch 061 | train (scaled) MSE: mean=0.241490 med=0.074017 std=0.517206 min=0.000000 max=6.325304 | val (scaled) MSE: mean=1.345734 med=0.246026 std=3.055048 min=0.000074 max=19.136028
2025-08-25T22:36:55Z - INFO - [train_model] Epoch 061 | train (price) MSE=0.000044 MAE=0.004795 RMSE=0.006601 | val (price) MSE=0.000243 MAE=0.010673 RMSE=0.015584
2025-08-25T22:36:55Z - INFO - [train_model] Epoch 062 | train (scaled) MSE: mean=0.258609 med=0.068556 std=0.543257 min=0.000002 max=6.436083 | val (scaled) MSE: mean=1.299815 med=0.269825 std=3.157843 min=0.001349 max=20.831682
2025-08-25T22:36:55Z - INFO - [train_model] Epoch 062 | train (price) MSE=0.000047 MAE=0.004936 RMSE=0.006831 | val (price) MSE=0.000235 MAE=0.010556 RMSE=0.015315
2025-08-25T22:36:56Z - INFO - [train_model] Epoch 063 | train (scaled) MSE: mean=0.290500 med=0.088497 std=0.586330 min=0.000000 max=6.496170 | val (scaled) MSE: mean=1.303313 med=0.280589 std=3.156219 min=0.000335 max=20.765602
2025-08-25T22:36:56Z - INFO - [train_model] Epoch 063 | train (price) MSE=0.000052 MAE=0.005309 RMSE=0.007240 | val (price) MSE=0.000235 MAE=0.010590 RMSE=0.015336
2025-08-25T22:36:56Z - INFO - [train_model] Epoch 064 | train (scaled) MSE: mean=0.263258 med=0.079920 std=0.534248 min=0.000000 max=6.394222 | val (scaled) MSE: mean=1.323591 med=0.285893 std=3.152397 min=0.001589 max=20.564009
2025-08-25T22:36:56Z - INFO - [train_model] Epoch 064 | train (price) MSE=0.000048 MAE=0.005086 RMSE=0.006893 | val (price) MSE=0.000239 MAE=0.010670 RMSE=0.015455
2025-08-25T22:36:56Z - INFO - [train_model] Epoch 065 | train (scaled) MSE: mean=0.292255 med=0.096351 std=0.558321 min=0.000001 max=6.536811 | val (scaled) MSE: mean=1.343605 med=0.303299 std=3.097783 min=0.000327 max=19.689211
2025-08-25T22:36:56Z - INFO - [train_model] Epoch 065 | train (price) MSE=0.000053 MAE=0.005451 RMSE=0.007262 | val (price) MSE=0.000242 MAE=0.010695 RMSE=0.015571
2025-08-25T22:36:57Z - INFO - [train_model] Epoch 066 | train (scaled) MSE: mean=0.296492 med=0.129786 std=0.539657 min=0.000003 max=6.739468 | val (scaled) MSE: mean=1.349115 med=0.294655 std=3.107317 min=0.000028 max=19.822119
2025-08-25T22:36:57Z - INFO - [train_model] Epoch 066 | train (price) MSE=0.000054 MAE=0.005628 RMSE=0.007315 | val (price) MSE=0.000243 MAE=0.010772 RMSE=0.015603
2025-08-25T22:36:57Z - INFO - [train_model] Epoch 067 | train (scaled) MSE: mean=0.308524 med=0.094738 std=0.622987 min=0.000001 max=6.735787 | val (scaled) MSE: mean=1.359363 med=0.282187 std=3.077763 min=0.000165 max=19.286730
2025-08-25T22:36:57Z - INFO - [train_model] Epoch 067 | train (price) MSE=0.000056 MAE=0.005541 RMSE=0.007462 | val (price) MSE=0.000245 MAE=0.010777 RMSE=0.015662
2025-08-25T22:36:57Z - INFO - [train_model] Epoch 068 | train (scaled) MSE: mean=0.267698 med=0.078776 std=0.515467 min=0.000000 max=6.162006 | val (scaled) MSE: mean=1.333425 med=0.290850 std=3.110067 min=0.000105 max=19.976828
2025-08-25T22:36:57Z - INFO - [train_model] Epoch 068 | train (price) MSE=0.000048 MAE=0.005183 RMSE=0.006950 | val (price) MSE=0.000241 MAE=0.010670 RMSE=0.015512
2025-08-25T22:36:58Z - INFO - [train_model] Epoch 069 | train (scaled) MSE: mean=0.265698 med=0.076683 std=0.547566 min=0.000004 max=6.707854 | val (scaled) MSE: mean=1.299302 med=0.316121 std=3.135513 min=0.000111 max=20.689108
2025-08-25T22:36:58Z - INFO - [train_model] Epoch 069 | train (price) MSE=0.000048 MAE=0.005100 RMSE=0.006924 | val (price) MSE=0.000234 MAE=0.010633 RMSE=0.015312
2025-08-25T22:36:58Z - INFO - [train_model] Epoch 070 | train (scaled) MSE: mean=0.233949 med=0.057043 std=0.519513 min=0.000000 max=6.484380 | val (scaled) MSE: mean=1.326972 med=0.304604 std=3.117023 min=0.001045 max=20.243134
2025-08-25T22:36:58Z - INFO - [train_model] Epoch 070 | train (price) MSE=0.000042 MAE=0.004635 RMSE=0.006498 | val (price) MSE=0.000239 MAE=0.010746 RMSE=0.015475
2025-08-25T22:36:59Z - INFO - [train_model] Epoch 071 | train (scaled) MSE: mean=0.216138 med=0.060494 std=0.489000 min=0.000001 max=6.328789 | val (scaled) MSE: mean=1.360311 med=0.322409 std=3.126601 min=0.000038 max=19.852543
2025-08-25T22:36:59Z - INFO - [train_model] Epoch 071 | train (price) MSE=0.000039 MAE=0.004468 RMSE=0.006245 | val (price) MSE=0.000245 MAE=0.010857 RMSE=0.015668
2025-08-25T22:36:59Z - INFO - [train_model] Epoch 072 | train (scaled) MSE: mean=0.213233 med=0.064691 std=0.462040 min=0.000000 max=6.524679 | val (scaled) MSE: mean=1.452209 med=0.323342 std=3.079270 min=0.000070 max=18.424124
2025-08-25T22:36:59Z - INFO - [train_model] Epoch 072 | train (price) MSE=0.000038 MAE=0.004564 RMSE=0.006203 | val (price) MSE=0.000262 MAE=0.011268 RMSE=0.016188
2025-08-25T22:36:59Z - INFO - [train_model] Epoch 073 | train (scaled) MSE: mean=0.291906 med=0.096592 std=0.601427 min=0.000001 max=7.300290 | val (scaled) MSE: mean=1.351579 med=0.308210 std=3.161806 min=0.003195 max=20.552900
2025-08-25T22:36:59Z - INFO - [train_model] Epoch 073 | train (price) MSE=0.000053 MAE=0.005404 RMSE=0.007258 | val (price) MSE=0.000244 MAE=0.010850 RMSE=0.015617
2025-08-25T22:37:00Z - INFO - [train_model] Epoch 074 | train (scaled) MSE: mean=0.289714 med=0.091882 std=0.666788 min=0.000003 max=10.552509 | val (scaled) MSE: mean=1.431354 med=0.303217 std=3.214086 min=0.000398 max=20.609985
2025-08-25T22:37:00Z - INFO - [train_model] Epoch 074 | train (price) MSE=0.000052 MAE=0.005397 RMSE=0.007231 | val (price) MSE=0.000258 MAE=0.011245 RMSE=0.016072
2025-08-25T22:37:00Z - INFO - [train_model] Epoch 075 | train (scaled) MSE: mean=0.246339 med=0.074296 std=0.478162 min=0.000000 max=5.794802 | val (scaled) MSE: mean=1.362151 med=0.291699 std=3.097438 min=0.000019 max=19.961754
2025-08-25T22:37:00Z - INFO - [train_model] Epoch 075 | train (price) MSE=0.000044 MAE=0.004949 RMSE=0.006667 | val (price) MSE=0.000246 MAE=0.011017 RMSE=0.015678
2025-08-25T22:37:00Z - INFO - [train_model] Epoch 076 | train (scaled) MSE: mean=0.201142 med=0.056840 std=0.447622 min=0.000000 max=5.823575 | val (scaled) MSE: mean=1.388428 med=0.359642 std=3.117601 min=0.000071 max=19.507462
2025-08-25T22:37:00Z - INFO - [train_model] Epoch 076 | train (price) MSE=0.000036 MAE=0.004374 RMSE=0.006025 | val (price) MSE=0.000251 MAE=0.010978 RMSE=0.015829
2025-08-25T22:37:01Z - INFO - [train_model] Epoch 077 | train (scaled) MSE: mean=0.221414 med=0.061205 std=0.478161 min=0.000002 max=6.011721 | val (scaled) MSE: mean=1.408243 med=0.325352 std=3.100962 min=0.000032 max=19.128031
2025-08-25T22:37:01Z - INFO - [train_model] Epoch 077 | train (price) MSE=0.000040 MAE=0.004566 RMSE=0.006321 | val (price) MSE=0.000254 MAE=0.011009 RMSE=0.015941
2025-08-25T22:37:01Z - INFO - [train_model] Epoch 078 | train (scaled) MSE: mean=0.295922 med=0.083791 std=0.657205 min=0.000003 max=6.815647 | val (scaled) MSE: mean=1.485278 med=0.290659 std=3.151124 min=0.000016 max=19.137375
2025-08-25T22:37:01Z - INFO - [train_model] Epoch 078 | train (price) MSE=0.000053 MAE=0.005245 RMSE=0.007308 | val (price) MSE=0.000268 MAE=0.011438 RMSE=0.016372
2025-08-25T22:37:02Z - INFO - [train_model] Epoch 079 | train (scaled) MSE: mean=0.233362 med=0.066575 std=0.472741 min=0.000002 max=6.039945 | val (scaled) MSE: mean=1.489713 med=0.288008 std=3.143804 min=0.000002 max=19.042793
2025-08-25T22:37:02Z - INFO - [train_model] Epoch 079 | train (price) MSE=0.000042 MAE=0.004746 RMSE=0.006489 | val (price) MSE=0.000269 MAE=0.011472 RMSE=0.016396
2025-08-25T22:37:02Z - INFO - [train_model] Epoch 080 | train (scaled) MSE: mean=0.181151 med=0.051939 std=0.415370 min=0.000001 max=5.215107 | val (scaled) MSE: mean=1.493925 med=0.333080 std=3.182004 min=0.000061 max=19.418148
2025-08-25T22:37:02Z - INFO - [train_model] Epoch 080 | train (price) MSE=0.000033 MAE=0.004113 RMSE=0.005718 | val (price) MSE=0.000270 MAE=0.011510 RMSE=0.016419
2025-08-25T22:37:02Z - INFO - [train_model] Epoch 081 | train (scaled) MSE: mean=0.178871 med=0.045706 std=0.397046 min=0.000001 max=4.883863 | val (scaled) MSE: mean=1.512689 med=0.346411 std=3.148443 min=0.000403 max=19.198038
2025-08-25T22:37:02Z - INFO - [train_model] Epoch 081 | train (price) MSE=0.000032 MAE=0.004074 RMSE=0.005681 | val (price) MSE=0.000273 MAE=0.011750 RMSE=0.016522
2025-08-25T22:37:03Z - INFO - [train_model] Epoch 082 | train (scaled) MSE: mean=0.175435 med=0.053000 std=0.398605 min=0.000015 max=4.831431 | val (scaled) MSE: mean=1.518148 med=0.317216 std=3.231069 min=0.000001 max=20.297754
2025-08-25T22:37:03Z - INFO - [train_model] Epoch 082 | train (price) MSE=0.000032 MAE=0.004089 RMSE=0.005627 | val (price) MSE=0.000274 MAE=0.011686 RMSE=0.016552
2025-08-25T22:37:03Z - INFO - [train_model] Epoch 083 | train (scaled) MSE: mean=0.208664 med=0.042352 std=0.562483 min=0.000000 max=7.806955 | val (scaled) MSE: mean=1.402882 med=0.389764 std=3.365842 min=0.000469 max=22.850550
2025-08-25T22:37:03Z - INFO - [train_model] Epoch 083 | train (price) MSE=0.000038 MAE=0.004162 RMSE=0.006136 | val (price) MSE=0.000253 MAE=0.011164 RMSE=0.015911
2025-08-25T22:37:03Z - INFO - [train_model] Early stopping at epoch 83 (best price val MSE=0.000221 @ epoch 43)
2025-08-25T22:37:03Z - INFO - [visualize_full_prediction] Saved full prediction plot for HD to output/20250825-183627/plots/HD_finbert-tabmlp_full_returns_prediction.png
2025-08-25T22:37:03Z - INFO - [visualize_sentiment] Saved sentiment plot for HD to output/20250825-183627/plots/HD_sentiment.png
2025-08-25T22:37:03Z - INFO - [train] [HD] Test (price) MSE=0.000189 | MAE=0.010180 | RMSE=0.013756 (scaled MSE=1.048583)
2025-08-25T22:37:03Z - INFO - [train] [HD] Final (price) Train MSE=0.000038 | Val MSE=0.000253 (scaled Train MSE=0.208664 | Val MSE=1.402882)
2025-08-25T22:37:03Z - INFO - [train] [HD] Best epoch=43 | Best (price) Train MSE=0.000062 | Best (price) Val MSE=0.000221 | Saved at=/home/tbfs/Projects/finBert/output/20250825-183627/saved_weights/HD/HD_best-epoch043.pt
2025-08-25T22:37:03Z - INFO - [train] Wrote evaluation summary → output/20250825-183627/evaluation.json
