2025-08-26T12:22:30Z - INFO - [Pipeline::__init__] Loaded news dataframe with columns=['title', 'date', 'stock'] shape=(1277896, 3).
2025-08-26T12:22:30Z - INFO - [SentimentGenerator::_load] Loaded precomputed sentiment from /home/tbfs/Projects/finBert/output/20250823-140342/sentiment_daily.csv
2025-08-26T12:22:30Z - INFO - [train] Training predictor for ticker: BMY
2025-08-26T12:22:30Z - INFO - [train] Loaded prices for BMY with columns=['date', 'open', 'high', 'low', 'close', 'adj close', 'volume'] shape=(2516, 7).
2025-08-26T12:22:30Z - INFO - [SequenceDataset::__init__] len(self.valid_indices)=741 out of len(df)=2515 samples are valid for lookback=60 with sentiment_col=SentimentScore
2025-08-26T12:22:30Z - INFO - [SequenceDataset::__init__] len(self.valid_indices)=83 out of len(df)=2515 samples are valid for lookback=60 with sentiment_col=SentimentScore
2025-08-26T12:22:30Z - INFO - [SequenceDataset::__init__] len(self.valid_indices)=92 out of len(df)=2515 samples are valid for lookback=60 with sentiment_col=SentimentScore
2025-08-26T12:22:31Z - INFO - [train_model] Epoch 001 | train (scaled) MSE: mean=0.030919 med=0.003938 std=0.098838 min=0.000000 max=0.715552 | val (scaled) MSE: mean=0.011121 med=0.003081 std=0.018579 min=0.000000 max=0.100442
2025-08-26T12:22:31Z - INFO - [train_model] Epoch 001 | train (price) MSE=0.000929 MAE=0.017743 RMSE=0.030486 | val (price) MSE=0.000334 MAE=0.013319 RMSE=0.018284
2025-08-26T12:22:31Z - INFO - [train_model] New best (price) val MSE=0.000334 at epoch 1; saved → /home/tbfs/Projects/finBert/output/20250826-082225/saved_weights/BMY/BMY_best-epoch001.pt
2025-08-26T12:22:32Z - INFO - [train_model] Epoch 002 | train (scaled) MSE: mean=0.010595 med=0.002879 std=0.028075 min=0.000000 max=0.423066 | val (scaled) MSE: mean=0.010700 med=0.003206 std=0.017192 min=0.000001 max=0.097332
2025-08-26T12:22:32Z - INFO - [train_model] Epoch 002 | train (price) MSE=0.000318 MAE=0.012459 RMSE=0.017846 | val (price) MSE=0.000322 MAE=0.013346 RMSE=0.017934
2025-08-26T12:22:32Z - INFO - [train_model] New best (price) val MSE=0.000322 at epoch 2; saved → /home/tbfs/Projects/finBert/output/20250826-082225/saved_weights/BMY/BMY_best-epoch002.pt
2025-08-26T12:22:33Z - INFO - [train_model] Epoch 003 | train (scaled) MSE: mean=0.008352 med=0.002435 std=0.021382 min=0.000000 max=0.425860 | val (scaled) MSE: mean=0.010640 med=0.003308 std=0.016865 min=0.000003 max=0.096839
2025-08-26T12:22:33Z - INFO - [train_model] Epoch 003 | train (price) MSE=0.000251 MAE=0.011399 RMSE=0.015845 | val (price) MSE=0.000320 MAE=0.013437 RMSE=0.017884
2025-08-26T12:22:33Z - INFO - [train_model] New best (price) val MSE=0.000320 at epoch 3; saved → /home/tbfs/Projects/finBert/output/20250826-082225/saved_weights/BMY/BMY_best-epoch003.pt
2025-08-26T12:22:34Z - INFO - [train_model] Epoch 004 | train (scaled) MSE: mean=0.007805 med=0.002187 std=0.020754 min=0.000000 max=0.428698 | val (scaled) MSE: mean=0.010635 med=0.003459 std=0.016636 min=0.000000 max=0.096082
2025-08-26T12:22:34Z - INFO - [train_model] Epoch 004 | train (price) MSE=0.000235 MAE=0.011021 RMSE=0.015317 | val (price) MSE=0.000320 MAE=0.013566 RMSE=0.017880
2025-08-26T12:22:34Z - INFO - [train_model] New best (price) val MSE=0.000320 at epoch 4; saved → /home/tbfs/Projects/finBert/output/20250826-082225/saved_weights/BMY/BMY_best-epoch004.pt
2025-08-26T12:22:35Z - INFO - [train_model] Epoch 005 | train (scaled) MSE: mean=0.007560 med=0.002176 std=0.020615 min=0.000000 max=0.430790 | val (scaled) MSE: mean=0.010636 med=0.003465 std=0.016560 min=0.000003 max=0.096232
2025-08-26T12:22:35Z - INFO - [train_model] Epoch 005 | train (price) MSE=0.000227 MAE=0.010799 RMSE=0.015074 | val (price) MSE=0.000320 MAE=0.013628 RMSE=0.017880
2025-08-26T12:22:36Z - INFO - [train_model] Epoch 006 | train (scaled) MSE: mean=0.007431 med=0.002069 std=0.020568 min=0.000000 max=0.432700 | val (scaled) MSE: mean=0.010638 med=0.003289 std=0.016530 min=0.000000 max=0.096738
2025-08-26T12:22:36Z - INFO - [train_model] Epoch 006 | train (price) MSE=0.000223 MAE=0.010681 RMSE=0.014946 | val (price) MSE=0.000320 MAE=0.013665 RMSE=0.017882
2025-08-26T12:22:37Z - INFO - [train_model] Epoch 007 | train (scaled) MSE: mean=0.007352 med=0.002073 std=0.020538 min=0.000000 max=0.434031 | val (scaled) MSE: mean=0.010643 med=0.003458 std=0.016593 min=0.000002 max=0.098529
2025-08-26T12:22:37Z - INFO - [train_model] Epoch 007 | train (price) MSE=0.000221 MAE=0.010602 RMSE=0.014865 | val (price) MSE=0.000320 MAE=0.013688 RMSE=0.017886
2025-08-26T12:22:38Z - INFO - [train_model] Epoch 008 | train (scaled) MSE: mean=0.007276 med=0.001941 std=0.020576 min=0.000000 max=0.438335 | val (scaled) MSE: mean=0.010738 med=0.003666 std=0.016750 min=0.000001 max=0.101410
2025-08-26T12:22:38Z - INFO - [train_model] Epoch 008 | train (price) MSE=0.000219 MAE=0.010525 RMSE=0.014789 | val (price) MSE=0.000323 MAE=0.013829 RMSE=0.017966
2025-08-26T12:22:39Z - INFO - [train_model] Epoch 009 | train (scaled) MSE: mean=0.007225 med=0.001924 std=0.020663 min=0.000000 max=0.443398 | val (scaled) MSE: mean=0.011029 med=0.004420 std=0.017051 min=0.000008 max=0.104926
2025-08-26T12:22:39Z - INFO - [train_model] Epoch 009 | train (price) MSE=0.000217 MAE=0.010465 RMSE=0.014737 | val (price) MSE=0.000332 MAE=0.014188 RMSE=0.018208
2025-08-26T12:22:40Z - INFO - [train_model] Epoch 010 | train (scaled) MSE: mean=0.007205 med=0.001989 std=0.020819 min=0.000000 max=0.449841 | val (scaled) MSE: mean=0.011588 med=0.005176 std=0.017539 min=0.000001 max=0.108147
2025-08-26T12:22:40Z - INFO - [train_model] Epoch 010 | train (price) MSE=0.000217 MAE=0.010442 RMSE=0.014717 | val (price) MSE=0.000348 MAE=0.014765 RMSE=0.018664
2025-08-26T12:22:41Z - INFO - [train_model] Epoch 011 | train (scaled) MSE: mean=0.007215 med=0.001967 std=0.020970 min=0.000000 max=0.455260 | val (scaled) MSE: mean=0.012336 med=0.006073 std=0.018211 min=0.000059 max=0.110675
2025-08-26T12:22:41Z - INFO - [train_model] Epoch 011 | train (price) MSE=0.000217 MAE=0.010444 RMSE=0.014726 | val (price) MSE=0.000371 MAE=0.015385 RMSE=0.019256
2025-08-26T12:22:41Z - INFO - [train_model] Epoch 012 | train (scaled) MSE: mean=0.007238 med=0.002002 std=0.021037 min=0.000000 max=0.457355 | val (scaled) MSE: mean=0.013100 med=0.007019 std=0.018942 min=0.000000 max=0.111983
2025-08-26T12:22:41Z - INFO - [train_model] Epoch 012 | train (price) MSE=0.000218 MAE=0.010460 RMSE=0.014750 | val (price) MSE=0.000394 MAE=0.015863 RMSE=0.019843
2025-08-26T12:22:42Z - INFO - [train_model] Epoch 013 | train (scaled) MSE: mean=0.007252 med=0.001947 std=0.020964 min=0.000000 max=0.454789 | val (scaled) MSE: mean=0.013814 med=0.007278 std=0.019675 min=0.000019 max=0.112095
2025-08-26T12:22:42Z - INFO - [train_model] Epoch 013 | train (price) MSE=0.000218 MAE=0.010488 RMSE=0.014765 | val (price) MSE=0.000415 MAE=0.016252 RMSE=0.020377
2025-08-26T12:22:43Z - INFO - [train_model] Epoch 014 | train (scaled) MSE: mean=0.007254 med=0.001964 std=0.020779 min=0.000000 max=0.448394 | val (scaled) MSE: mean=0.014458 med=0.006886 std=0.020370 min=0.000002 max=0.111115
2025-08-26T12:22:43Z - INFO - [train_model] Epoch 014 | train (price) MSE=0.000218 MAE=0.010543 RMSE=0.014766 | val (price) MSE=0.000435 MAE=0.016531 RMSE=0.020847
2025-08-26T12:22:44Z - INFO - [train_model] Epoch 015 | train (scaled) MSE: mean=0.007253 med=0.002067 std=0.020508 min=0.000000 max=0.439148 | val (scaled) MSE: mean=0.015012 med=0.006756 std=0.020969 min=0.000009 max=0.109094
2025-08-26T12:22:44Z - INFO - [train_model] Epoch 015 | train (price) MSE=0.000218 MAE=0.010590 RMSE=0.014766 | val (price) MSE=0.000451 MAE=0.016776 RMSE=0.021243
2025-08-26T12:22:45Z - INFO - [train_model] Epoch 016 | train (scaled) MSE: mean=0.007235 med=0.002101 std=0.020182 min=0.000000 max=0.428705 | val (scaled) MSE: mean=0.015401 med=0.007103 std=0.021355 min=0.000001 max=0.106312
2025-08-26T12:22:45Z - INFO - [train_model] Epoch 016 | train (price) MSE=0.000217 MAE=0.010582 RMSE=0.014747 | val (price) MSE=0.000463 MAE=0.016950 RMSE=0.021516
2025-08-26T12:22:46Z - INFO - [train_model] Epoch 017 | train (scaled) MSE: mean=0.007187 med=0.002087 std=0.019875 min=0.000000 max=0.419503 | val (scaled) MSE: mean=0.015545 med=0.006622 std=0.021440 min=0.000001 max=0.103613
2025-08-26T12:22:46Z - INFO - [train_model] Epoch 017 | train (price) MSE=0.000216 MAE=0.010546 RMSE=0.014698 | val (price) MSE=0.000467 MAE=0.017047 RMSE=0.021616
2025-08-26T12:22:47Z - INFO - [train_model] Epoch 018 | train (scaled) MSE: mean=0.007131 med=0.002062 std=0.019791 min=0.000000 max=0.418007 | val (scaled) MSE: mean=0.015550 med=0.006895 std=0.021378 min=0.000002 max=0.101723
2025-08-26T12:22:47Z - INFO - [train_model] Epoch 018 | train (price) MSE=0.000214 MAE=0.010477 RMSE=0.014641 | val (price) MSE=0.000467 MAE=0.017076 RMSE=0.021620
2025-08-26T12:22:48Z - INFO - [train_model] Epoch 019 | train (scaled) MSE: mean=0.007069 med=0.002013 std=0.019487 min=0.000000 max=0.408611 | val (scaled) MSE: mean=0.015361 med=0.007503 std=0.021089 min=0.000001 max=0.100144
2025-08-26T12:22:48Z - INFO - [train_model] Epoch 019 | train (price) MSE=0.000212 MAE=0.010412 RMSE=0.014577 | val (price) MSE=0.000462 MAE=0.017004 RMSE=0.021488
2025-08-26T12:22:49Z - INFO - [train_model] Epoch 020 | train (scaled) MSE: mean=0.007006 med=0.001907 std=0.019356 min=0.000000 max=0.405102 | val (scaled) MSE: mean=0.015152 med=0.007163 std=0.020796 min=0.000001 max=0.099101
2025-08-26T12:22:49Z - INFO - [train_model] Epoch 020 | train (price) MSE=0.000211 MAE=0.010342 RMSE=0.014512 | val (price) MSE=0.000455 MAE=0.016912 RMSE=0.021341
2025-08-26T12:22:50Z - INFO - [train_model] Epoch 021 | train (scaled) MSE: mean=0.006954 med=0.001896 std=0.019264 min=0.000000 max=0.402776 | val (scaled) MSE: mean=0.014965 med=0.007097 std=0.020541 min=0.000006 max=0.098361
2025-08-26T12:22:50Z - INFO - [train_model] Epoch 021 | train (price) MSE=0.000209 MAE=0.010288 RMSE=0.014458 | val (price) MSE=0.000450 MAE=0.016828 RMSE=0.021209
2025-08-26T12:22:51Z - INFO - [train_model] Epoch 022 | train (scaled) MSE: mean=0.006911 med=0.001945 std=0.019181 min=0.000000 max=0.400604 | val (scaled) MSE: mean=0.014812 med=0.007113 std=0.020331 min=0.000002 max=0.097798
2025-08-26T12:22:51Z - INFO - [train_model] Epoch 022 | train (price) MSE=0.000208 MAE=0.010241 RMSE=0.014414 | val (price) MSE=0.000445 MAE=0.016755 RMSE=0.021100
2025-08-26T12:22:52Z - INFO - [train_model] Epoch 023 | train (scaled) MSE: mean=0.006878 med=0.001913 std=0.019106 min=0.000000 max=0.398594 | val (scaled) MSE: mean=0.014698 med=0.007123 std=0.020172 min=0.000000 max=0.097340
2025-08-26T12:22:52Z - INFO - [train_model] Epoch 023 | train (price) MSE=0.000207 MAE=0.010202 RMSE=0.014378 | val (price) MSE=0.000442 MAE=0.016700 RMSE=0.021019
2025-08-26T12:22:53Z - INFO - [train_model] Epoch 024 | train (scaled) MSE: mean=0.006848 med=0.001831 std=0.019029 min=0.000000 max=0.396594 | val (scaled) MSE: mean=0.014616 med=0.007028 std=0.020051 min=0.000000 max=0.096941
2025-08-26T12:22:53Z - INFO - [train_model] Epoch 024 | train (price) MSE=0.000206 MAE=0.010166 RMSE=0.014348 | val (price) MSE=0.000439 MAE=0.016664 RMSE=0.020960
2025-08-26T12:22:54Z - INFO - [train_model] Epoch 025 | train (scaled) MSE: mean=0.006824 med=0.001832 std=0.018953 min=0.000000 max=0.394527 | val (scaled) MSE: mean=0.014561 med=0.007086 std=0.019961 min=0.000001 max=0.096576
2025-08-26T12:22:54Z - INFO - [train_model] Epoch 025 | train (price) MSE=0.000205 MAE=0.010140 RMSE=0.014322 | val (price) MSE=0.000438 MAE=0.016646 RMSE=0.020921
2025-08-26T12:22:55Z - INFO - [train_model] Epoch 026 | train (scaled) MSE: mean=0.006804 med=0.001949 std=0.018895 min=0.000000 max=0.392632 | val (scaled) MSE: mean=0.014549 med=0.007130 std=0.019923 min=0.000001 max=0.096217
2025-08-26T12:22:55Z - INFO - [train_model] Epoch 026 | train (price) MSE=0.000205 MAE=0.010116 RMSE=0.014301 | val (price) MSE=0.000437 MAE=0.016650 RMSE=0.020913
2025-08-26T12:22:56Z - INFO - [train_model] Epoch 027 | train (scaled) MSE: mean=0.006780 med=0.001865 std=0.018796 min=0.000000 max=0.390091 | val (scaled) MSE: mean=0.014521 med=0.007166 std=0.019861 min=0.000002 max=0.095857
2025-08-26T12:22:56Z - INFO - [train_model] Epoch 027 | train (price) MSE=0.000204 MAE=0.010097 RMSE=0.014275 | val (price) MSE=0.000436 MAE=0.016645 RMSE=0.020893
2025-08-26T12:22:57Z - INFO - [train_model] Epoch 028 | train (scaled) MSE: mean=0.006759 med=0.001824 std=0.018715 min=0.000000 max=0.387909 | val (scaled) MSE: mean=0.014510 med=0.007060 std=0.019819 min=0.000003 max=0.095511
2025-08-26T12:22:57Z - INFO - [train_model] Epoch 028 | train (price) MSE=0.000203 MAE=0.010080 RMSE=0.014254 | val (price) MSE=0.000436 MAE=0.016649 RMSE=0.020884
2025-08-26T12:22:58Z - INFO - [train_model] Epoch 029 | train (scaled) MSE: mean=0.006739 med=0.001834 std=0.018639 min=0.000000 max=0.385791 | val (scaled) MSE: mean=0.014509 med=0.006946 std=0.019789 min=0.000003 max=0.095164
2025-08-26T12:22:58Z - INFO - [train_model] Epoch 029 | train (price) MSE=0.000203 MAE=0.010063 RMSE=0.014233 | val (price) MSE=0.000436 MAE=0.016658 RMSE=0.020884
2025-08-26T12:22:59Z - INFO - [train_model] Epoch 030 | train (scaled) MSE: mean=0.006720 med=0.001760 std=0.018564 min=0.000000 max=0.383675 | val (scaled) MSE: mean=0.014516 med=0.006842 std=0.019766 min=0.000002 max=0.094816
2025-08-26T12:22:59Z - INFO - [train_model] Epoch 030 | train (price) MSE=0.000202 MAE=0.010048 RMSE=0.014213 | val (price) MSE=0.000436 MAE=0.016671 RMSE=0.020889
2025-08-26T12:23:00Z - INFO - [train_model] Epoch 031 | train (scaled) MSE: mean=0.006702 med=0.001784 std=0.018491 min=0.000000 max=0.381663 | val (scaled) MSE: mean=0.014526 med=0.006827 std=0.019747 min=0.000001 max=0.094471
2025-08-26T12:23:00Z - INFO - [train_model] Epoch 031 | train (price) MSE=0.000201 MAE=0.010038 RMSE=0.014193 | val (price) MSE=0.000437 MAE=0.016686 RMSE=0.020896
2025-08-26T12:23:00Z - INFO - [train_model] Epoch 032 | train (scaled) MSE: mean=0.006684 med=0.001775 std=0.018421 min=0.000000 max=0.379749 | val (scaled) MSE: mean=0.014541 med=0.006997 std=0.019732 min=0.000000 max=0.094127
2025-08-26T12:23:00Z - INFO - [train_model] Epoch 032 | train (price) MSE=0.000201 MAE=0.010027 RMSE=0.014174 | val (price) MSE=0.000437 MAE=0.016702 RMSE=0.020907
2025-08-26T12:23:01Z - INFO - [train_model] Epoch 033 | train (scaled) MSE: mean=0.006668 med=0.001768 std=0.018350 min=0.000000 max=0.377849 | val (scaled) MSE: mean=0.014558 med=0.006907 std=0.019718 min=0.000000 max=0.093780
2025-08-26T12:23:01Z - INFO - [train_model] Epoch 033 | train (price) MSE=0.000200 MAE=0.010017 RMSE=0.014158 | val (price) MSE=0.000438 MAE=0.016721 RMSE=0.020919
2025-08-26T12:23:02Z - INFO - [train_model] Epoch 034 | train (scaled) MSE: mean=0.006667 med=0.001701 std=0.018585 min=0.000000 max=0.386166 | val (scaled) MSE: mean=0.014775 med=0.006826 std=0.019953 min=0.000000 max=0.093551
2025-08-26T12:23:02Z - INFO - [train_model] Epoch 034 | train (price) MSE=0.000200 MAE=0.009997 RMSE=0.014156 | val (price) MSE=0.000444 MAE=0.016836 RMSE=0.021074
2025-08-26T12:23:03Z - INFO - [train_model] Epoch 035 | train (scaled) MSE: mean=0.006647 med=0.001836 std=0.018222 min=0.000000 max=0.374444 | val (scaled) MSE: mean=0.014682 med=0.006756 std=0.019795 min=0.000001 max=0.093091
2025-08-26T12:23:03Z - INFO - [train_model] Epoch 035 | train (price) MSE=0.000200 MAE=0.010008 RMSE=0.014135 | val (price) MSE=0.000441 MAE=0.016806 RMSE=0.021008
2025-08-26T12:23:04Z - INFO - [train_model] Epoch 036 | train (scaled) MSE: mean=0.006636 med=0.001829 std=0.018144 min=0.000000 max=0.372474 | val (scaled) MSE: mean=0.014666 med=0.006692 std=0.019742 min=0.000002 max=0.092746
2025-08-26T12:23:04Z - INFO - [train_model] Epoch 036 | train (price) MSE=0.000199 MAE=0.010008 RMSE=0.014123 | val (price) MSE=0.000441 MAE=0.016808 RMSE=0.020996
2025-08-26T12:23:05Z - INFO - [train_model] Epoch 037 | train (scaled) MSE: mean=0.006627 med=0.001837 std=0.018152 min=0.000000 max=0.373335 | val (scaled) MSE: mean=0.014722 med=0.006832 std=0.019779 min=0.000001 max=0.092453
2025-08-26T12:23:05Z - INFO - [train_model] Epoch 037 | train (price) MSE=0.000199 MAE=0.009998 RMSE=0.014114 | val (price) MSE=0.000443 MAE=0.016843 RMSE=0.021037
2025-08-26T12:23:06Z - INFO - [train_model] Epoch 038 | train (scaled) MSE: mean=0.006619 med=0.001842 std=0.018021 min=0.000000 max=0.369500 | val (scaled) MSE: mean=0.014700 med=0.006961 std=0.019714 min=0.000002 max=0.092091
2025-08-26T12:23:06Z - INFO - [train_model] Epoch 038 | train (price) MSE=0.000199 MAE=0.010006 RMSE=0.014106 | val (price) MSE=0.000442 MAE=0.016841 RMSE=0.021021
2025-08-26T12:23:07Z - INFO - [train_model] Epoch 039 | train (scaled) MSE: mean=0.006623 med=0.001861 std=0.017962 min=0.000000 max=0.368111 | val (scaled) MSE: mean=0.014719 med=0.006983 std=0.019699 min=0.000002 max=0.091739
2025-08-26T12:23:07Z - INFO - [train_model] Epoch 039 | train (price) MSE=0.000199 MAE=0.010029 RMSE=0.014109 | val (price) MSE=0.000442 MAE=0.016860 RMSE=0.021034
2025-08-26T12:23:08Z - INFO - [train_model] Epoch 040 | train (scaled) MSE: mean=0.006628 med=0.001870 std=0.017907 min=0.000000 max=0.366777 | val (scaled) MSE: mean=0.014746 med=0.007077 std=0.019687 min=0.000001 max=0.091370
2025-08-26T12:23:08Z - INFO - [train_model] Epoch 040 | train (price) MSE=0.000199 MAE=0.010051 RMSE=0.014115 | val (price) MSE=0.000443 MAE=0.016882 RMSE=0.021053
2025-08-26T12:23:09Z - INFO - [train_model] Epoch 041 | train (scaled) MSE: mean=0.006646 med=0.001886 std=0.017850 min=0.000000 max=0.365478 | val (scaled) MSE: mean=0.014755 med=0.007042 std=0.019657 min=0.000002 max=0.091016
2025-08-26T12:23:09Z - INFO - [train_model] Epoch 041 | train (price) MSE=0.000200 MAE=0.010086 RMSE=0.014134 | val (price) MSE=0.000444 MAE=0.016896 RMSE=0.021060
2025-08-26T12:23:10Z - INFO - [train_model] Epoch 042 | train (scaled) MSE: mean=0.006626 med=0.001895 std=0.017801 min=0.000000 max=0.364451 | val (scaled) MSE: mean=0.014778 med=0.007001 std=0.019643 min=0.000001 max=0.090678
2025-08-26T12:23:10Z - INFO - [train_model] Epoch 042 | train (price) MSE=0.000199 MAE=0.010067 RMSE=0.014113 | val (price) MSE=0.000444 MAE=0.016915 RMSE=0.021076
2025-08-26T12:23:11Z - INFO - [train_model] Epoch 043 | train (scaled) MSE: mean=0.006622 med=0.001897 std=0.017749 min=0.000000 max=0.363330 | val (scaled) MSE: mean=0.014774 med=0.006961 std=0.019597 min=0.000001 max=0.090333
2025-08-26T12:23:11Z - INFO - [train_model] Epoch 043 | train (price) MSE=0.000199 MAE=0.010067 RMSE=0.014109 | val (price) MSE=0.000444 MAE=0.016923 RMSE=0.021074
2025-08-26T12:23:11Z - INFO - [train_model] Epoch 044 | train (scaled) MSE: mean=0.006608 med=0.001855 std=0.017701 min=0.000000 max=0.362394 | val (scaled) MSE: mean=0.014779 med=0.007025 std=0.019560 min=0.000000 max=0.089994
2025-08-26T12:23:11Z - INFO - [train_model] Epoch 044 | train (price) MSE=0.000199 MAE=0.010055 RMSE=0.014094 | val (price) MSE=0.000444 MAE=0.016935 RMSE=0.021077
2025-08-26T12:23:11Z - INFO - [train_model] Early stopping at epoch 44 (best price val MSE=0.000320 @ epoch 4)
2025-08-26T12:23:12Z - INFO - [visualize_full_prediction] Saved full prediction plot for BMY to output/20250826-082225/plots/BMY_lstm_full_returns_prediction.png
2025-08-26T12:23:12Z - INFO - [visualize_sentiment] Saved sentiment plot for BMY to output/20250826-082225/plots/BMY_sentiment.png
2025-08-26T12:23:12Z - INFO - [train] [BMY] Test (price) MSE=0.000182 | MAE=0.010800 | RMSE=0.013475 (scaled MSE=0.006041)
2025-08-26T12:23:12Z - INFO - [train] [BMY] Final (price) Train MSE=0.000199 | Val MSE=0.000444 (scaled Train MSE=0.006608 | Val MSE=0.014779)
2025-08-26T12:23:12Z - INFO - [train] [BMY] Best epoch=4 | Best (price) Train MSE=0.000235 | Best (price) Val MSE=0.000320 | Saved at=/home/tbfs/Projects/finBert/output/20250826-082225/saved_weights/BMY/BMY_best-epoch004.pt
2025-08-26T12:23:12Z - INFO - [train] Wrote evaluation summary → output/20250826-082225/evaluation.json
