2025-08-25T22:23:00Z - INFO - [Pipeline::__init__] Loaded news dataframe with columns=['title', 'date', 'stock'] shape=(1277896, 3).
2025-08-25T22:23:00Z - INFO - [SentimentGenerator::_load] Loaded precomputed sentiment from /home/tbfs/Projects/finBert/output/20250823-140342/sentiment_daily.csv
2025-08-25T22:23:00Z - INFO - [train] Training predictor for ticker: NFLX
2025-08-25T22:23:00Z - INFO - [train] Loaded prices for NFLX with columns=['date', 'volume', 'open', 'high', 'low', 'close', 'adj close'] shape=(2516, 7).
2025-08-25T22:23:01Z - INFO - [train_model] Epoch 001 | train (scaled) MSE: mean=1.011960 med=0.223279 std=3.195750 min=0.000009 max=52.069782 | val (scaled) MSE: mean=0.867857 med=0.138229 std=2.238412 min=0.000024 max=15.520862
2025-08-25T22:23:01Z - INFO - [train_model] Epoch 001 | train (price) MSE=0.000663 MAE=0.017489 RMSE=0.025757 | val (price) MSE=0.000569 MAE=0.016621 RMSE=0.023853
2025-08-25T22:23:01Z - INFO - [train_model] New best (price) val MSE=0.000569 at epoch 1; saved → /home/tbfs/Projects/finBert/output/20250825-182256/saved_weights/NFLX/NFLX_best-epoch001.pt
2025-08-25T22:23:01Z - INFO - [train_model] Epoch 002 | train (scaled) MSE: mean=0.998688 med=0.216291 std=3.145573 min=0.000000 max=51.265331 | val (scaled) MSE: mean=0.888477 med=0.200946 std=2.337768 min=0.000111 max=16.232733
2025-08-25T22:23:01Z - INFO - [train_model] Epoch 002 | train (price) MSE=0.000655 MAE=0.017466 RMSE=0.025588 | val (price) MSE=0.000582 MAE=0.016708 RMSE=0.024134
2025-08-25T22:23:02Z - INFO - [train_model] Epoch 003 | train (scaled) MSE: mean=0.982522 med=0.230636 std=3.129756 min=0.000000 max=51.319405 | val (scaled) MSE: mean=0.891344 med=0.201343 std=2.318763 min=0.000116 max=15.966125
2025-08-25T22:23:02Z - INFO - [train_model] Epoch 003 | train (price) MSE=0.000644 MAE=0.017298 RMSE=0.025380 | val (price) MSE=0.000584 MAE=0.016744 RMSE=0.024173
2025-08-25T22:23:02Z - INFO - [train_model] Epoch 004 | train (scaled) MSE: mean=0.952599 med=0.240934 std=3.039759 min=0.000002 max=49.754616 | val (scaled) MSE: mean=0.913531 med=0.224675 std=2.350057 min=0.002323 max=16.024412
2025-08-25T22:23:02Z - INFO - [train_model] Epoch 004 | train (price) MSE=0.000625 MAE=0.017016 RMSE=0.024990 | val (price) MSE=0.000599 MAE=0.017088 RMSE=0.024472
2025-08-25T22:23:02Z - INFO - [train_model] Epoch 005 | train (scaled) MSE: mean=0.924950 med=0.206765 std=2.977100 min=0.000000 max=48.959499 | val (scaled) MSE: mean=0.907645 med=0.214833 std=2.294224 min=0.000129 max=15.535272
2025-08-25T22:23:02Z - INFO - [train_model] Epoch 005 | train (price) MSE=0.000606 MAE=0.016718 RMSE=0.024625 | val (price) MSE=0.000595 MAE=0.016983 RMSE=0.024393
2025-08-25T22:23:03Z - INFO - [train_model] Epoch 006 | train (scaled) MSE: mean=0.896381 med=0.198519 std=2.913570 min=0.000000 max=48.421776 | val (scaled) MSE: mean=0.931203 med=0.234420 std=2.388984 min=0.004335 max=16.354538
2025-08-25T22:23:03Z - INFO - [train_model] Epoch 006 | train (price) MSE=0.000588 MAE=0.016466 RMSE=0.024241 | val (price) MSE=0.000610 MAE=0.017436 RMSE=0.024708
2025-08-25T22:23:03Z - INFO - [train_model] Epoch 007 | train (scaled) MSE: mean=0.878162 med=0.206228 std=2.859675 min=0.000028 max=47.910042 | val (scaled) MSE: mean=0.941958 med=0.249401 std=2.432842 min=0.004107 max=16.757145
2025-08-25T22:23:03Z - INFO - [train_model] Epoch 007 | train (price) MSE=0.000576 MAE=0.016396 RMSE=0.023994 | val (price) MSE=0.000618 MAE=0.017644 RMSE=0.024850
2025-08-25T22:23:03Z - INFO - [train_model] Epoch 008 | train (scaled) MSE: mean=0.834631 med=0.187315 std=2.840683 min=0.000000 max=48.369133 | val (scaled) MSE: mean=0.988866 med=0.319961 std=2.538045 min=0.000486 max=17.482119
2025-08-25T22:23:03Z - INFO - [train_model] Epoch 008 | train (price) MSE=0.000547 MAE=0.015894 RMSE=0.023392 | val (price) MSE=0.000648 MAE=0.018157 RMSE=0.025461
2025-08-25T22:23:04Z - INFO - [train_model] Epoch 009 | train (scaled) MSE: mean=0.802121 med=0.189059 std=2.823698 min=0.000000 max=48.943768 | val (scaled) MSE: mean=1.050456 med=0.342121 std=2.706411 min=0.000810 max=18.860765
2025-08-25T22:23:04Z - INFO - [train_model] Epoch 009 | train (price) MSE=0.000526 MAE=0.015646 RMSE=0.022932 | val (price) MSE=0.000689 MAE=0.018825 RMSE=0.026242
2025-08-25T22:23:04Z - INFO - [train_model] Epoch 010 | train (scaled) MSE: mean=0.768939 med=0.182334 std=2.772336 min=0.000001 max=48.827885 | val (scaled) MSE: mean=1.023360 med=0.314495 std=2.664159 min=0.000553 max=18.652153
2025-08-25T22:23:04Z - INFO - [train_model] Epoch 010 | train (price) MSE=0.000504 MAE=0.015350 RMSE=0.022452 | val (price) MSE=0.000671 MAE=0.018512 RMSE=0.025902
2025-08-25T22:23:04Z - INFO - [train_model] Epoch 011 | train (scaled) MSE: mean=0.743909 med=0.190525 std=2.726728 min=0.000000 max=48.405525 | val (scaled) MSE: mean=0.963398 med=0.298244 std=2.456499 min=0.000947 max=17.138348
2025-08-25T22:23:04Z - INFO - [train_model] Epoch 011 | train (price) MSE=0.000488 MAE=0.015127 RMSE=0.022084 | val (price) MSE=0.000632 MAE=0.017952 RMSE=0.025131
2025-08-25T22:23:05Z - INFO - [train_model] Epoch 012 | train (scaled) MSE: mean=0.699615 med=0.171374 std=2.640707 min=0.000040 max=47.465824 | val (scaled) MSE: mean=0.950648 med=0.250123 std=2.371652 min=0.000011 max=16.595999
2025-08-25T22:23:05Z - INFO - [train_model] Epoch 012 | train (price) MSE=0.000459 MAE=0.014728 RMSE=0.021416 | val (price) MSE=0.000623 MAE=0.017826 RMSE=0.024965
2025-08-25T22:23:05Z - INFO - [train_model] Epoch 013 | train (scaled) MSE: mean=0.657864 med=0.187738 std=2.512102 min=0.000001 max=44.904415 | val (scaled) MSE: mean=0.956491 med=0.240792 std=2.405083 min=0.000175 max=16.825459
2025-08-25T22:23:05Z - INFO - [train_model] Epoch 013 | train (price) MSE=0.000431 MAE=0.014372 RMSE=0.020767 | val (price) MSE=0.000627 MAE=0.017800 RMSE=0.025041
2025-08-25T22:23:05Z - INFO - [train_model] Epoch 014 | train (scaled) MSE: mean=0.625359 med=0.188395 std=2.362077 min=0.000001 max=42.020237 | val (scaled) MSE: mean=0.947210 med=0.252221 std=2.373372 min=0.000137 max=16.570107
2025-08-25T22:23:05Z - INFO - [train_model] Epoch 014 | train (price) MSE=0.000410 MAE=0.014062 RMSE=0.020248 | val (price) MSE=0.000621 MAE=0.017731 RMSE=0.024919
2025-08-25T22:23:06Z - INFO - [train_model] Epoch 015 | train (scaled) MSE: mean=0.655777 med=0.167779 std=2.232343 min=0.000000 max=37.688526 | val (scaled) MSE: mean=1.105330 med=0.289492 std=2.769384 min=0.002718 max=19.256561
2025-08-25T22:23:06Z - INFO - [train_model] Epoch 015 | train (price) MSE=0.000430 MAE=0.014505 RMSE=0.020734 | val (price) MSE=0.000725 MAE=0.019474 RMSE=0.026919
2025-08-25T22:23:06Z - INFO - [train_model] Epoch 016 | train (scaled) MSE: mean=0.633325 med=0.151526 std=2.345282 min=0.000007 max=39.869259 | val (scaled) MSE: mean=1.071671 med=0.196564 std=2.762023 min=0.000000 max=19.440235
2025-08-25T22:23:06Z - INFO - [train_model] Epoch 016 | train (price) MSE=0.000415 MAE=0.013995 RMSE=0.020376 | val (price) MSE=0.000703 MAE=0.018556 RMSE=0.026506
2025-08-25T22:23:06Z - INFO - [train_model] Epoch 017 | train (scaled) MSE: mean=0.647482 med=0.185759 std=2.264552 min=0.000000 max=38.832645 | val (scaled) MSE: mean=0.907829 med=0.305280 std=2.285708 min=0.001211 max=15.939611
2025-08-25T22:23:06Z - INFO - [train_model] Epoch 017 | train (price) MSE=0.000424 MAE=0.014311 RMSE=0.020603 | val (price) MSE=0.000595 MAE=0.017369 RMSE=0.024396
2025-08-25T22:23:06Z - INFO - [train_model] Epoch 018 | train (scaled) MSE: mean=0.639955 med=0.175536 std=2.442968 min=0.000000 max=43.013149 | val (scaled) MSE: mean=0.930617 med=0.301910 std=1.730428 min=0.000549 max=11.100813
2025-08-25T22:23:06Z - INFO - [train_model] Epoch 018 | train (price) MSE=0.000420 MAE=0.014391 RMSE=0.020483 | val (price) MSE=0.000610 MAE=0.019029 RMSE=0.024700
2025-08-25T22:23:07Z - INFO - [train_model] Epoch 019 | train (scaled) MSE: mean=0.556981 med=0.182716 std=1.862453 min=0.000001 max=29.527983 | val (scaled) MSE: mean=1.015526 med=0.316399 std=2.538848 min=0.000164 max=17.714558
2025-08-25T22:23:07Z - INFO - [train_model] Epoch 019 | train (price) MSE=0.000365 MAE=0.013624 RMSE=0.019109 | val (price) MSE=0.000666 MAE=0.018641 RMSE=0.025802
2025-08-25T22:23:07Z - INFO - [train_model] Epoch 020 | train (scaled) MSE: mean=0.535169 med=0.148997 std=1.881476 min=0.000006 max=28.998131 | val (scaled) MSE: mean=1.060288 med=0.204583 std=2.617781 min=0.000461 max=18.128420
2025-08-25T22:23:07Z - INFO - [train_model] Epoch 020 | train (price) MSE=0.000351 MAE=0.013062 RMSE=0.018731 | val (price) MSE=0.000695 MAE=0.018430 RMSE=0.026365
2025-08-25T22:23:07Z - INFO - [train_model] Epoch 021 | train (scaled) MSE: mean=0.494027 med=0.149049 std=1.700935 min=0.000003 max=27.964529 | val (scaled) MSE: mean=1.005405 med=0.185113 std=2.315157 min=0.000039 max=15.283375
2025-08-25T22:23:07Z - INFO - [train_model] Epoch 021 | train (price) MSE=0.000324 MAE=0.012723 RMSE=0.017997 | val (price) MSE=0.000659 MAE=0.017737 RMSE=0.025673
2025-08-25T22:23:08Z - INFO - [train_model] Epoch 022 | train (scaled) MSE: mean=0.482786 med=0.130818 std=2.170799 min=0.000007 max=37.814941 | val (scaled) MSE: mean=0.975597 med=0.373671 std=1.985687 min=0.000621 max=13.051963
2025-08-25T22:23:08Z - INFO - [train_model] Epoch 022 | train (price) MSE=0.000317 MAE=0.012120 RMSE=0.017791 | val (price) MSE=0.000640 MAE=0.018910 RMSE=0.025290
2025-08-25T22:23:08Z - INFO - [train_model] Epoch 023 | train (scaled) MSE: mean=0.461800 med=0.127794 std=2.025116 min=0.000004 max=33.620304 | val (scaled) MSE: mean=1.284173 med=0.554327 std=2.344976 min=0.000011 max=14.147721
2025-08-25T22:23:08Z - INFO - [train_model] Epoch 023 | train (price) MSE=0.000303 MAE=0.011918 RMSE=0.017400 | val (price) MSE=0.000842 MAE=0.022084 RMSE=0.029015
2025-08-25T22:23:08Z - INFO - [train_model] Epoch 024 | train (scaled) MSE: mean=0.446869 med=0.119117 std=1.825948 min=0.000000 max=30.008726 | val (scaled) MSE: mean=1.149079 med=0.475609 std=2.658595 min=0.000188 max=18.506191
2025-08-25T22:23:08Z - INFO - [train_model] Epoch 024 | train (price) MSE=0.000293 MAE=0.011750 RMSE=0.017116 | val (price) MSE=0.000753 MAE=0.020541 RMSE=0.027447
2025-08-25T22:23:09Z - INFO - [train_model] Epoch 025 | train (scaled) MSE: mean=0.475444 med=0.155613 std=1.440236 min=0.000001 max=21.475368 | val (scaled) MSE: mean=1.326883 med=0.553954 std=2.947289 min=0.003597 max=20.400845
2025-08-25T22:23:09Z - INFO - [train_model] Epoch 025 | train (price) MSE=0.000312 MAE=0.012803 RMSE=0.017655 | val (price) MSE=0.000870 MAE=0.022041 RMSE=0.029494
2025-08-25T22:23:09Z - INFO - [train_model] Epoch 026 | train (scaled) MSE: mean=0.489090 med=0.127056 std=2.003855 min=0.000013 max=34.484211 | val (scaled) MSE: mean=1.180961 med=0.642771 std=1.862037 min=0.000881 max=11.710578
2025-08-25T22:23:09Z - INFO - [train_model] Epoch 026 | train (price) MSE=0.000321 MAE=0.012363 RMSE=0.017906 | val (price) MSE=0.000774 MAE=0.022242 RMSE=0.027825
2025-08-25T22:23:09Z - INFO - [train_model] Epoch 027 | train (scaled) MSE: mean=0.431764 med=0.103742 std=1.933605 min=0.000000 max=33.823547 | val (scaled) MSE: mean=1.283343 med=0.463332 std=2.526103 min=0.000071 max=16.494091
2025-08-25T22:23:09Z - INFO - [train_model] Epoch 027 | train (price) MSE=0.000283 MAE=0.011505 RMSE=0.016824 | val (price) MSE=0.000841 MAE=0.021758 RMSE=0.029006
2025-08-25T22:23:10Z - INFO - [train_model] Epoch 028 | train (scaled) MSE: mean=0.421268 med=0.119941 std=1.332700 min=0.000000 max=20.294403 | val (scaled) MSE: mean=1.355858 med=0.370767 std=3.022842 min=0.000655 max=20.645666
2025-08-25T22:23:10Z - INFO - [train_model] Epoch 028 | train (price) MSE=0.000276 MAE=0.011808 RMSE=0.016619 | val (price) MSE=0.000889 MAE=0.021551 RMSE=0.029814
2025-08-25T22:23:10Z - INFO - [train_model] Epoch 029 | train (scaled) MSE: mean=0.360634 med=0.099118 std=1.300337 min=0.000002 max=21.477163 | val (scaled) MSE: mean=1.317240 med=0.306617 std=2.901444 min=0.000285 max=19.675125
2025-08-25T22:23:10Z - INFO - [train_model] Epoch 029 | train (price) MSE=0.000236 MAE=0.010836 RMSE=0.015376 | val (price) MSE=0.000864 MAE=0.021253 RMSE=0.029386
2025-08-25T22:23:10Z - INFO - [train_model] Epoch 030 | train (scaled) MSE: mean=0.408360 med=0.097449 std=1.778867 min=0.000000 max=30.139313 | val (scaled) MSE: mean=1.172745 med=0.340052 std=2.175605 min=0.002281 max=13.280316
2025-08-25T22:23:10Z - INFO - [train_model] Epoch 030 | train (price) MSE=0.000268 MAE=0.011012 RMSE=0.016362 | val (price) MSE=0.000769 MAE=0.020741 RMSE=0.027728
2025-08-25T22:23:11Z - INFO - [train_model] Epoch 031 | train (scaled) MSE: mean=0.352169 med=0.096077 std=1.290834 min=0.000001 max=21.228144 | val (scaled) MSE: mean=1.215030 med=0.374488 std=2.762886 min=0.000746 max=19.308678
2025-08-25T22:23:11Z - INFO - [train_model] Epoch 031 | train (price) MSE=0.000231 MAE=0.010626 RMSE=0.015195 | val (price) MSE=0.000797 MAE=0.020893 RMSE=0.028223
2025-08-25T22:23:11Z - INFO - [train_model] Epoch 032 | train (scaled) MSE: mean=0.408632 med=0.129194 std=1.166552 min=0.000002 max=20.858538 | val (scaled) MSE: mean=1.056361 med=0.341487 std=2.023812 min=0.000107 max=11.733091
2025-08-25T22:23:11Z - INFO - [train_model] Epoch 032 | train (price) MSE=0.000268 MAE=0.012043 RMSE=0.016367 | val (price) MSE=0.000693 MAE=0.019710 RMSE=0.026316
2025-08-25T22:23:11Z - INFO - [train_model] Epoch 033 | train (scaled) MSE: mean=0.364804 med=0.126029 std=1.040552 min=0.000000 max=19.080475 | val (scaled) MSE: mean=1.161495 med=0.460281 std=2.680445 min=0.000662 max=18.898169
2025-08-25T22:23:11Z - INFO - [train_model] Epoch 033 | train (price) MSE=0.000239 MAE=0.011479 RMSE=0.015465 | val (price) MSE=0.000761 MAE=0.020576 RMSE=0.027594
2025-08-25T22:23:11Z - INFO - [train_model] Epoch 034 | train (scaled) MSE: mean=0.342980 med=0.097663 std=0.951603 min=0.000030 max=16.367758 | val (scaled) MSE: mean=1.293318 med=0.475290 std=2.923522 min=0.000443 max=19.958235
2025-08-25T22:23:11Z - INFO - [train_model] Epoch 034 | train (price) MSE=0.000225 MAE=0.010664 RMSE=0.014995 | val (price) MSE=0.000848 MAE=0.021177 RMSE=0.029118
2025-08-25T22:23:12Z - INFO - [train_model] Epoch 035 | train (scaled) MSE: mean=0.256192 med=0.078464 std=0.890424 min=0.000003 max=17.084427 | val (scaled) MSE: mean=1.255106 med=0.393536 std=2.815845 min=0.000160 max=19.346672
2025-08-25T22:23:12Z - INFO - [train_model] Epoch 035 | train (price) MSE=0.000168 MAE=0.009278 RMSE=0.012960 | val (price) MSE=0.000823 MAE=0.020841 RMSE=0.028685
2025-08-25T22:23:12Z - INFO - [train_model] Epoch 036 | train (scaled) MSE: mean=0.254480 med=0.068516 std=0.883743 min=0.000000 max=16.636755 | val (scaled) MSE: mean=1.587201 med=0.353988 std=2.905486 min=0.000002 max=15.436514
2025-08-25T22:23:12Z - INFO - [train_model] Epoch 036 | train (price) MSE=0.000167 MAE=0.008967 RMSE=0.012916 | val (price) MSE=0.001041 MAE=0.022652 RMSE=0.032257
2025-08-25T22:23:12Z - INFO - [train_model] Epoch 037 | train (scaled) MSE: mean=0.230541 med=0.075814 std=0.853709 min=0.000000 max=16.811359 | val (scaled) MSE: mean=1.200254 med=0.425192 std=2.772861 min=0.000254 max=19.423323
2025-08-25T22:23:12Z - INFO - [train_model] Epoch 037 | train (price) MSE=0.000151 MAE=0.008817 RMSE=0.012294 | val (price) MSE=0.000787 MAE=0.020674 RMSE=0.028051
2025-08-25T22:23:13Z - INFO - [train_model] Epoch 038 | train (scaled) MSE: mean=0.239364 med=0.074438 std=0.801212 min=0.000000 max=15.547610 | val (scaled) MSE: mean=1.265976 med=0.316956 std=2.907483 min=0.000568 max=19.829952
2025-08-25T22:23:13Z - INFO - [train_model] Epoch 038 | train (price) MSE=0.000157 MAE=0.009147 RMSE=0.012527 | val (price) MSE=0.000830 MAE=0.020725 RMSE=0.028809
2025-08-25T22:23:13Z - INFO - [train_model] Epoch 039 | train (scaled) MSE: mean=0.265150 med=0.083400 std=0.665705 min=0.000005 max=8.524347 | val (scaled) MSE: mean=1.067963 med=0.303503 std=2.514057 min=0.002549 max=17.526978
2025-08-25T22:23:13Z - INFO - [train_model] Epoch 039 | train (price) MSE=0.000174 MAE=0.009446 RMSE=0.013184 | val (price) MSE=0.000700 MAE=0.019002 RMSE=0.026460
2025-08-25T22:23:13Z - INFO - [train_model] Epoch 040 | train (scaled) MSE: mean=0.288187 med=0.086880 std=0.755607 min=0.000009 max=12.479818 | val (scaled) MSE: mean=1.606807 med=0.349279 std=3.154387 min=0.000455 max=19.506287
2025-08-25T22:23:13Z - INFO - [train_model] Epoch 040 | train (price) MSE=0.000189 MAE=0.010140 RMSE=0.013745 | val (price) MSE=0.001053 MAE=0.023528 RMSE=0.032456
2025-08-25T22:23:14Z - INFO - [train_model] Epoch 041 | train (scaled) MSE: mean=0.340503 med=0.099061 std=0.853831 min=0.000000 max=10.789847 | val (scaled) MSE: mean=1.014604 med=0.342738 std=1.978876 min=0.000139 max=11.919169
2025-08-25T22:23:14Z - INFO - [train_model] Epoch 041 | train (price) MSE=0.000223 MAE=0.010669 RMSE=0.014941 | val (price) MSE=0.000665 MAE=0.019199 RMSE=0.025791
2025-08-25T22:23:14Z - INFO - [train_model] Early stopping at epoch 41 (best price val MSE=0.000569 @ epoch 1)
2025-08-25T22:23:14Z - INFO - [visualize_full_prediction] Saved full prediction plot for NFLX to output/20250825-182256/plots/NFLX_tabmlp_full_returns_prediction.png
2025-08-25T22:23:14Z - INFO - [visualize_sentiment] Saved sentiment plot for NFLX to output/20250825-182256/plots/NFLX_sentiment.png
2025-08-25T22:23:14Z - INFO - [train] [NFLX] Test (price) MSE=0.000378 | MAE=0.014719 | RMSE=0.019444 (scaled MSE=0.576687)
2025-08-25T22:23:14Z - INFO - [train] [NFLX] Final (price) Train MSE=0.000223 | Val MSE=0.000665 (scaled Train MSE=0.340503 | Val MSE=1.014604)
2025-08-25T22:23:14Z - INFO - [train] [NFLX] Best epoch=1 | Best (price) Train MSE=0.000663 | Best (price) Val MSE=0.000569 | Saved at=/home/tbfs/Projects/finBert/output/20250825-182256/saved_weights/NFLX/NFLX_best-epoch001.pt
2025-08-25T22:23:14Z - INFO - [train] Wrote evaluation summary → output/20250825-182256/evaluation.json
