2025-08-26T03:23:02Z - INFO - [Pipeline::__init__] Loaded news dataframe with columns=['title', 'date', 'stock'] shape=(1277896, 3).
2025-08-26T03:23:02Z - INFO - [SentimentGenerator::_load] Loaded precomputed sentiment from /home/tbfs/Projects/finBert/output/20250823-140342/sentiment_daily.csv
2025-08-26T03:23:02Z - INFO - [train] Training predictor for ticker: EBAY
2025-08-26T03:23:02Z - INFO - [train] Loaded prices for EBAY with columns=['date', 'open', 'high', 'low', 'close', 'adj close', 'volume'] shape=(2516, 7).
2025-08-26T03:23:02Z - INFO - [SequenceDataset::__init__] len(self.valid_indices)=716 out of len(df)=2515 samples are valid for lookback=60 with sentiment_col=SentimentScore
2025-08-26T03:23:02Z - INFO - [SequenceDataset::__init__] len(self.valid_indices)=80 out of len(df)=2515 samples are valid for lookback=60 with sentiment_col=SentimentScore
2025-08-26T03:23:02Z - INFO - [SequenceDataset::__init__] len(self.valid_indices)=89 out of len(df)=2515 samples are valid for lookback=60 with sentiment_col=SentimentScore
2025-08-26T03:23:04Z - INFO - [train_model] Epoch 001 | train (scaled) MSE: mean=0.020301 med=0.002450 std=0.062651 min=0.000000 max=0.519464 | val (scaled) MSE: mean=0.003104 med=0.000997 std=0.005485 min=0.000000 max=0.029206
2025-08-26T03:23:04Z - INFO - [train_model] Epoch 001 | train (price) MSE=0.001340 MAE=0.021603 RMSE=0.036610 | val (price) MSE=0.000205 MAE=0.010466 RMSE=0.014316
2025-08-26T03:23:04Z - INFO - [train_model] New best (price) val MSE=0.000205 at epoch 1; saved → /home/tbfs/Projects/finBert/output/20250825-232258/saved_weights/EBAY/EBAY_best-epoch001.pt
2025-08-26T03:23:04Z - INFO - [train_model] Epoch 002 | train (scaled) MSE: mean=0.008528 med=0.002055 std=0.026096 min=0.000000 max=0.291682 | val (scaled) MSE: mean=0.003100 med=0.001068 std=0.005257 min=0.000000 max=0.028474
2025-08-26T03:23:04Z - INFO - [train_model] Epoch 002 | train (price) MSE=0.000563 MAE=0.016130 RMSE=0.023728 | val (price) MSE=0.000205 MAE=0.010522 RMSE=0.014305
2025-08-26T03:23:04Z - INFO - [train_model] New best (price) val MSE=0.000205 at epoch 2; saved → /home/tbfs/Projects/finBert/output/20250825-232258/saved_weights/EBAY/EBAY_best-epoch002.pt
2025-08-26T03:23:05Z - INFO - [train_model] Epoch 003 | train (scaled) MSE: mean=0.007689 med=0.001974 std=0.023258 min=0.000000 max=0.279480 | val (scaled) MSE: mean=0.003052 med=0.001050 std=0.004899 min=0.000001 max=0.027132
2025-08-26T03:23:05Z - INFO - [train_model] Epoch 003 | train (price) MSE=0.000508 MAE=0.015473 RMSE=0.022531 | val (price) MSE=0.000201 MAE=0.010529 RMSE=0.014195
2025-08-26T03:23:05Z - INFO - [train_model] New best (price) val MSE=0.000201 at epoch 3; saved → /home/tbfs/Projects/finBert/output/20250825-232258/saved_weights/EBAY/EBAY_best-epoch003.pt
2025-08-26T03:23:06Z - INFO - [train_model] Epoch 004 | train (scaled) MSE: mean=0.007138 med=0.002064 std=0.020672 min=0.000000 max=0.268366 | val (scaled) MSE: mean=0.003507 med=0.001179 std=0.005361 min=0.000002 max=0.030161
2025-08-26T03:23:06Z - INFO - [train_model] Epoch 004 | train (price) MSE=0.000471 MAE=0.015233 RMSE=0.021708 | val (price) MSE=0.000232 MAE=0.011651 RMSE=0.015216
2025-08-26T03:23:07Z - INFO - [train_model] Epoch 005 | train (scaled) MSE: mean=0.006713 med=0.001819 std=0.019630 min=0.000000 max=0.258320 | val (scaled) MSE: mean=0.003466 med=0.001192 std=0.005149 min=0.000000 max=0.029528
2025-08-26T03:23:07Z - INFO - [train_model] Epoch 005 | train (price) MSE=0.000443 MAE=0.014851 RMSE=0.021053 | val (price) MSE=0.000229 MAE=0.011647 RMSE=0.015128
2025-08-26T03:23:08Z - INFO - [train_model] Epoch 006 | train (scaled) MSE: mean=0.006525 med=0.001846 std=0.018845 min=0.000000 max=0.251214 | val (scaled) MSE: mean=0.003240 med=0.001006 std=0.004774 min=0.000000 max=0.028028
2025-08-26T03:23:08Z - INFO - [train_model] Epoch 006 | train (price) MSE=0.000431 MAE=0.014769 RMSE=0.020755 | val (price) MSE=0.000214 MAE=0.011305 RMSE=0.014626
2025-08-26T03:23:08Z - INFO - [train_model] Epoch 007 | train (scaled) MSE: mean=0.006350 med=0.001842 std=0.019017 min=0.000000 max=0.257873 | val (scaled) MSE: mean=0.003308 med=0.001208 std=0.004802 min=0.000003 max=0.028673
2025-08-26T03:23:08Z - INFO - [train_model] Epoch 007 | train (price) MSE=0.000419 MAE=0.014434 RMSE=0.020476 | val (price) MSE=0.000218 MAE=0.011552 RMSE=0.014779
2025-08-26T03:23:09Z - INFO - [train_model] Epoch 008 | train (scaled) MSE: mean=0.006200 med=0.001794 std=0.018629 min=0.000000 max=0.245396 | val (scaled) MSE: mean=0.003156 med=0.001433 std=0.004636 min=0.000000 max=0.028054
2025-08-26T03:23:09Z - INFO - [train_model] Epoch 008 | train (price) MSE=0.000409 MAE=0.014231 RMSE=0.020233 | val (price) MSE=0.000208 MAE=0.011269 RMSE=0.014434
2025-08-26T03:23:10Z - INFO - [train_model] Epoch 009 | train (scaled) MSE: mean=0.006083 med=0.001779 std=0.018541 min=0.000000 max=0.246480 | val (scaled) MSE: mean=0.003009 med=0.001288 std=0.004556 min=0.000000 max=0.027997
2025-08-26T03:23:10Z - INFO - [train_model] Epoch 009 | train (price) MSE=0.000402 MAE=0.014126 RMSE=0.020040 | val (price) MSE=0.000199 MAE=0.010945 RMSE=0.014096
2025-08-26T03:23:10Z - INFO - [train_model] New best (price) val MSE=0.000199 at epoch 9; saved → /home/tbfs/Projects/finBert/output/20250825-232258/saved_weights/EBAY/EBAY_best-epoch009.pt
2025-08-26T03:23:11Z - INFO - [train_model] Epoch 010 | train (scaled) MSE: mean=0.006000 med=0.001769 std=0.019409 min=0.000000 max=0.268687 | val (scaled) MSE: mean=0.003043 med=0.001213 std=0.004828 min=0.000001 max=0.030358
2025-08-26T03:23:11Z - INFO - [train_model] Epoch 010 | train (price) MSE=0.000396 MAE=0.013852 RMSE=0.019903 | val (price) MSE=0.000201 MAE=0.011022 RMSE=0.014174
2025-08-26T03:23:11Z - INFO - [train_model] Epoch 011 | train (scaled) MSE: mean=0.005784 med=0.001570 std=0.019008 min=0.000000 max=0.269391 | val (scaled) MSE: mean=0.003041 med=0.001220 std=0.004913 min=0.000003 max=0.031046
2025-08-26T03:23:11Z - INFO - [train_model] Epoch 011 | train (price) MSE=0.000382 MAE=0.013546 RMSE=0.019541 | val (price) MSE=0.000201 MAE=0.011007 RMSE=0.014168
2025-08-26T03:23:12Z - INFO - [train_model] Epoch 012 | train (scaled) MSE: mean=0.005610 med=0.001548 std=0.018355 min=0.000000 max=0.259750 | val (scaled) MSE: mean=0.003047 med=0.001152 std=0.005056 min=0.000005 max=0.032120
2025-08-26T03:23:12Z - INFO - [train_model] Epoch 012 | train (price) MSE=0.000370 MAE=0.013333 RMSE=0.019246 | val (price) MSE=0.000201 MAE=0.010990 RMSE=0.014184
2025-08-26T03:23:13Z - INFO - [train_model] Epoch 013 | train (scaled) MSE: mean=0.005678 med=0.001608 std=0.018597 min=0.000000 max=0.264157 | val (scaled) MSE: mean=0.002948 med=0.001086 std=0.004968 min=0.000000 max=0.031581
2025-08-26T03:23:13Z - INFO - [train_model] Epoch 013 | train (price) MSE=0.000375 MAE=0.013452 RMSE=0.019361 | val (price) MSE=0.000195 MAE=0.010734 RMSE=0.013952
2025-08-26T03:23:13Z - INFO - [train_model] New best (price) val MSE=0.000195 at epoch 13; saved → /home/tbfs/Projects/finBert/output/20250825-232258/saved_weights/EBAY/EBAY_best-epoch013.pt
2025-08-26T03:23:14Z - INFO - [train_model] Epoch 014 | train (scaled) MSE: mean=0.005617 med=0.001565 std=0.018318 min=0.000000 max=0.262532 | val (scaled) MSE: mean=0.003124 med=0.001174 std=0.005379 min=0.000000 max=0.033725
2025-08-26T03:23:14Z - INFO - [train_model] Epoch 014 | train (price) MSE=0.000371 MAE=0.013483 RMSE=0.019257 | val (price) MSE=0.000206 MAE=0.011004 RMSE=0.014363
2025-08-26T03:23:15Z - INFO - [train_model] Epoch 015 | train (scaled) MSE: mean=0.005460 med=0.001431 std=0.018281 min=0.000000 max=0.265781 | val (scaled) MSE: mean=0.002766 med=0.001226 std=0.004813 min=0.000000 max=0.030307
2025-08-26T03:23:15Z - INFO - [train_model] Epoch 015 | train (price) MSE=0.000360 MAE=0.013205 RMSE=0.018987 | val (price) MSE=0.000183 MAE=0.010338 RMSE=0.013513
2025-08-26T03:23:15Z - INFO - [train_model] New best (price) val MSE=0.000183 at epoch 15; saved → /home/tbfs/Projects/finBert/output/20250825-232258/saved_weights/EBAY/EBAY_best-epoch015.pt
2025-08-26T03:23:15Z - INFO - [train_model] Epoch 016 | train (scaled) MSE: mean=0.005407 med=0.001422 std=0.017768 min=0.000000 max=0.246866 | val (scaled) MSE: mean=0.002708 med=0.001165 std=0.004623 min=0.000001 max=0.029012
2025-08-26T03:23:15Z - INFO - [train_model] Epoch 016 | train (price) MSE=0.000357 MAE=0.013089 RMSE=0.018894 | val (price) MSE=0.000179 MAE=0.010329 RMSE=0.013371
2025-08-26T03:23:15Z - INFO - [train_model] New best (price) val MSE=0.000179 at epoch 16; saved → /home/tbfs/Projects/finBert/output/20250825-232258/saved_weights/EBAY/EBAY_best-epoch016.pt
2025-08-26T03:23:16Z - INFO - [train_model] Epoch 017 | train (scaled) MSE: mean=0.005469 med=0.001468 std=0.017968 min=0.000000 max=0.255962 | val (scaled) MSE: mean=0.002686 med=0.001189 std=0.004621 min=0.000001 max=0.028964
2025-08-26T03:23:16Z - INFO - [train_model] Epoch 017 | train (price) MSE=0.000361 MAE=0.013152 RMSE=0.019002 | val (price) MSE=0.000177 MAE=0.010291 RMSE=0.013316
2025-08-26T03:23:16Z - INFO - [train_model] New best (price) val MSE=0.000177 at epoch 17; saved → /home/tbfs/Projects/finBert/output/20250825-232258/saved_weights/EBAY/EBAY_best-epoch017.pt
2025-08-26T03:23:17Z - INFO - [train_model] Epoch 018 | train (scaled) MSE: mean=0.005505 med=0.001524 std=0.018908 min=0.000000 max=0.258539 | val (scaled) MSE: mean=0.002665 med=0.001076 std=0.004786 min=0.000000 max=0.029822
2025-08-26T03:23:17Z - INFO - [train_model] Epoch 018 | train (price) MSE=0.000363 MAE=0.013212 RMSE=0.019065 | val (price) MSE=0.000176 MAE=0.010146 RMSE=0.013265
2025-08-26T03:23:17Z - INFO - [train_model] New best (price) val MSE=0.000176 at epoch 18; saved → /home/tbfs/Projects/finBert/output/20250825-232258/saved_weights/EBAY/EBAY_best-epoch018.pt
2025-08-26T03:23:18Z - INFO - [train_model] Epoch 019 | train (scaled) MSE: mean=0.005440 med=0.001489 std=0.018666 min=0.000000 max=0.266621 | val (scaled) MSE: mean=0.002608 med=0.001023 std=0.004649 min=0.000001 max=0.028531
2025-08-26T03:23:18Z - INFO - [train_model] Epoch 019 | train (price) MSE=0.000359 MAE=0.013091 RMSE=0.018952 | val (price) MSE=0.000172 MAE=0.010082 RMSE=0.013121
2025-08-26T03:23:18Z - INFO - [train_model] New best (price) val MSE=0.000172 at epoch 19; saved → /home/tbfs/Projects/finBert/output/20250825-232258/saved_weights/EBAY/EBAY_best-epoch019.pt
2025-08-26T03:23:18Z - INFO - [train_model] Epoch 020 | train (scaled) MSE: mean=0.005333 med=0.001381 std=0.018182 min=0.000000 max=0.240526 | val (scaled) MSE: mean=0.002599 med=0.000986 std=0.004718 min=0.000000 max=0.028897
2025-08-26T03:23:18Z - INFO - [train_model] Epoch 020 | train (price) MSE=0.000352 MAE=0.012909 RMSE=0.018765 | val (price) MSE=0.000172 MAE=0.010022 RMSE=0.013099
2025-08-26T03:23:18Z - INFO - [train_model] New best (price) val MSE=0.000172 at epoch 20; saved → /home/tbfs/Projects/finBert/output/20250825-232258/saved_weights/EBAY/EBAY_best-epoch020.pt
2025-08-26T03:23:19Z - INFO - [train_model] Epoch 021 | train (scaled) MSE: mean=0.005302 med=0.001430 std=0.018062 min=0.000000 max=0.246762 | val (scaled) MSE: mean=0.002636 med=0.001043 std=0.004926 min=0.000000 max=0.030415
2025-08-26T03:23:19Z - INFO - [train_model] Epoch 021 | train (price) MSE=0.000350 MAE=0.012973 RMSE=0.018709 | val (price) MSE=0.000174 MAE=0.010015 RMSE=0.013193
2025-08-26T03:23:20Z - INFO - [train_model] Epoch 022 | train (scaled) MSE: mean=0.005249 med=0.001365 std=0.017680 min=0.000000 max=0.242995 | val (scaled) MSE: mean=0.002676 med=0.001116 std=0.005052 min=0.000001 max=0.031319
2025-08-26T03:23:20Z - INFO - [train_model] Epoch 022 | train (price) MSE=0.000347 MAE=0.012886 RMSE=0.018616 | val (price) MSE=0.000177 MAE=0.010062 RMSE=0.013292
2025-08-26T03:23:21Z - INFO - [train_model] Epoch 023 | train (scaled) MSE: mean=0.005263 med=0.001431 std=0.017885 min=0.000000 max=0.244554 | val (scaled) MSE: mean=0.002608 med=0.000961 std=0.004873 min=0.000000 max=0.029899
2025-08-26T03:23:21Z - INFO - [train_model] Epoch 023 | train (price) MSE=0.000347 MAE=0.012870 RMSE=0.018640 | val (price) MSE=0.000172 MAE=0.009967 RMSE=0.013123
2025-08-26T03:23:22Z - INFO - [train_model] Epoch 024 | train (scaled) MSE: mean=0.005293 med=0.001439 std=0.018360 min=0.000000 max=0.255505 | val (scaled) MSE: mean=0.002786 med=0.000997 std=0.005425 min=0.000000 max=0.033374
2025-08-26T03:23:22Z - INFO - [train_model] Epoch 024 | train (price) MSE=0.000349 MAE=0.012908 RMSE=0.018694 | val (price) MSE=0.000184 MAE=0.010141 RMSE=0.013563
2025-08-26T03:23:22Z - INFO - [train_model] Epoch 025 | train (scaled) MSE: mean=0.005257 med=0.001487 std=0.018340 min=0.000000 max=0.246433 | val (scaled) MSE: mean=0.002678 med=0.001036 std=0.005258 min=0.000000 max=0.032007
2025-08-26T03:23:22Z - INFO - [train_model] Epoch 025 | train (price) MSE=0.000347 MAE=0.012838 RMSE=0.018630 | val (price) MSE=0.000177 MAE=0.009956 RMSE=0.013298
2025-08-26T03:23:23Z - INFO - [train_model] Epoch 026 | train (scaled) MSE: mean=0.005160 med=0.001371 std=0.017692 min=0.000000 max=0.243430 | val (scaled) MSE: mean=0.002978 med=0.000964 std=0.005841 min=0.000000 max=0.035373
2025-08-26T03:23:23Z - INFO - [train_model] Epoch 026 | train (price) MSE=0.000341 MAE=0.012809 RMSE=0.018457 | val (price) MSE=0.000197 MAE=0.010408 RMSE=0.014022
2025-08-26T03:23:24Z - INFO - [train_model] Epoch 027 | train (scaled) MSE: mean=0.005169 med=0.001421 std=0.017650 min=0.000000 max=0.249829 | val (scaled) MSE: mean=0.002874 med=0.000928 std=0.005681 min=0.000000 max=0.034411
2025-08-26T03:23:24Z - INFO - [train_model] Epoch 027 | train (price) MSE=0.000341 MAE=0.012782 RMSE=0.018474 | val (price) MSE=0.000190 MAE=0.010199 RMSE=0.013774
2025-08-26T03:23:25Z - INFO - [train_model] Epoch 028 | train (scaled) MSE: mean=0.005200 med=0.001460 std=0.017671 min=0.000000 max=0.249655 | val (scaled) MSE: mean=0.002630 med=0.000871 std=0.005123 min=0.000000 max=0.030798
2025-08-26T03:23:25Z - INFO - [train_model] Epoch 028 | train (price) MSE=0.000343 MAE=0.012871 RMSE=0.018529 | val (price) MSE=0.000174 MAE=0.009868 RMSE=0.013178
2025-08-26T03:23:25Z - INFO - [train_model] Epoch 029 | train (scaled) MSE: mean=0.005144 med=0.001493 std=0.017508 min=0.000000 max=0.239700 | val (scaled) MSE: mean=0.002659 med=0.000817 std=0.005230 min=0.000001 max=0.031446
2025-08-26T03:23:25Z - INFO - [train_model] Epoch 029 | train (price) MSE=0.000340 MAE=0.012788 RMSE=0.018429 | val (price) MSE=0.000176 MAE=0.009899 RMSE=0.013250
2025-08-26T03:23:26Z - INFO - [train_model] Epoch 030 | train (scaled) MSE: mean=0.005178 med=0.001391 std=0.017737 min=0.000000 max=0.241556 | val (scaled) MSE: mean=0.002723 med=0.000871 std=0.005412 min=0.000002 max=0.032520
2025-08-26T03:23:26Z - INFO - [train_model] Epoch 030 | train (price) MSE=0.000342 MAE=0.012805 RMSE=0.018490 | val (price) MSE=0.000180 MAE=0.009965 RMSE=0.013409
2025-08-26T03:23:27Z - INFO - [train_model] Epoch 031 | train (scaled) MSE: mean=0.005142 med=0.001455 std=0.017373 min=0.000000 max=0.241449 | val (scaled) MSE: mean=0.002754 med=0.000830 std=0.005450 min=0.000000 max=0.032775
2025-08-26T03:23:27Z - INFO - [train_model] Epoch 031 | train (price) MSE=0.000340 MAE=0.012798 RMSE=0.018426 | val (price) MSE=0.000182 MAE=0.010003 RMSE=0.013485
2025-08-26T03:23:28Z - INFO - [train_model] Epoch 032 | train (scaled) MSE: mean=0.005129 med=0.001386 std=0.017626 min=0.000000 max=0.240605 | val (scaled) MSE: mean=0.002739 med=0.000842 std=0.005441 min=0.000001 max=0.032671
2025-08-26T03:23:28Z - INFO - [train_model] Epoch 032 | train (price) MSE=0.000339 MAE=0.012742 RMSE=0.018403 | val (price) MSE=0.000181 MAE=0.009981 RMSE=0.013448
2025-08-26T03:23:28Z - INFO - [train_model] Epoch 033 | train (scaled) MSE: mean=0.005106 med=0.001415 std=0.017478 min=0.000000 max=0.240624 | val (scaled) MSE: mean=0.002585 med=0.000832 std=0.004998 min=0.000000 max=0.029680
2025-08-26T03:23:28Z - INFO - [train_model] Epoch 033 | train (price) MSE=0.000337 MAE=0.012729 RMSE=0.018361 | val (price) MSE=0.000171 MAE=0.009804 RMSE=0.013063
2025-08-26T03:23:28Z - INFO - [train_model] New best (price) val MSE=0.000171 at epoch 33; saved → /home/tbfs/Projects/finBert/output/20250825-232258/saved_weights/EBAY/EBAY_best-epoch033.pt
2025-08-26T03:23:29Z - INFO - [train_model] Epoch 034 | train (scaled) MSE: mean=0.005170 med=0.001341 std=0.017677 min=0.000000 max=0.243739 | val (scaled) MSE: mean=0.002619 med=0.000890 std=0.005137 min=0.000001 max=0.030817
2025-08-26T03:23:29Z - INFO - [train_model] Epoch 034 | train (price) MSE=0.000341 MAE=0.012752 RMSE=0.018475 | val (price) MSE=0.000173 MAE=0.009847 RMSE=0.013149
2025-08-26T03:23:30Z - INFO - [train_model] Epoch 035 | train (scaled) MSE: mean=0.005089 med=0.001445 std=0.017527 min=0.000000 max=0.241267 | val (scaled) MSE: mean=0.002652 med=0.000843 std=0.005219 min=0.000000 max=0.031396
2025-08-26T03:23:30Z - INFO - [train_model] Epoch 035 | train (price) MSE=0.000336 MAE=0.012684 RMSE=0.018330 | val (price) MSE=0.000175 MAE=0.009891 RMSE=0.013232
2025-08-26T03:23:31Z - INFO - [train_model] Epoch 036 | train (scaled) MSE: mean=0.005071 med=0.001416 std=0.017274 min=0.000000 max=0.242291 | val (scaled) MSE: mean=0.002633 med=0.000875 std=0.005180 min=0.000000 max=0.031047
2025-08-26T03:23:31Z - INFO - [train_model] Epoch 036 | train (price) MSE=0.000335 MAE=0.012706 RMSE=0.018298 | val (price) MSE=0.000174 MAE=0.009859 RMSE=0.013186
2025-08-26T03:23:32Z - INFO - [train_model] Epoch 037 | train (scaled) MSE: mean=0.005115 med=0.001390 std=0.017647 min=0.000000 max=0.244383 | val (scaled) MSE: mean=0.002708 med=0.000884 std=0.005412 min=0.000001 max=0.032527
2025-08-26T03:23:32Z - INFO - [train_model] Epoch 037 | train (price) MSE=0.000338 MAE=0.012701 RMSE=0.018377 | val (price) MSE=0.000179 MAE=0.009948 RMSE=0.013372
2025-08-26T03:23:32Z - INFO - [train_model] Epoch 038 | train (scaled) MSE: mean=0.005079 med=0.001335 std=0.017538 min=0.000000 max=0.243701 | val (scaled) MSE: mean=0.002667 med=0.000840 std=0.005347 min=0.000009 max=0.031884
2025-08-26T03:23:32Z - INFO - [train_model] Epoch 038 | train (price) MSE=0.000335 MAE=0.012682 RMSE=0.018312 | val (price) MSE=0.000176 MAE=0.009876 RMSE=0.013270
2025-08-26T03:23:33Z - INFO - [train_model] Epoch 039 | train (scaled) MSE: mean=0.005082 med=0.001322 std=0.017416 min=0.000000 max=0.246922 | val (scaled) MSE: mean=0.002671 med=0.000841 std=0.005370 min=0.000011 max=0.031989
2025-08-26T03:23:33Z - INFO - [train_model] Epoch 039 | train (price) MSE=0.000335 MAE=0.012717 RMSE=0.018317 | val (price) MSE=0.000176 MAE=0.009875 RMSE=0.013279
2025-08-26T03:23:34Z - INFO - [train_model] Epoch 040 | train (scaled) MSE: mean=0.005091 med=0.001350 std=0.017495 min=0.000000 max=0.244775 | val (scaled) MSE: mean=0.002963 med=0.000926 std=0.006027 min=0.000000 max=0.035652
2025-08-26T03:23:34Z - INFO - [train_model] Epoch 040 | train (price) MSE=0.000336 MAE=0.012689 RMSE=0.018334 | val (price) MSE=0.000196 MAE=0.010246 RMSE=0.013987
2025-08-26T03:23:35Z - INFO - [train_model] Epoch 041 | train (scaled) MSE: mean=0.005082 med=0.001392 std=0.017305 min=0.000000 max=0.245501 | val (scaled) MSE: mean=0.002606 med=0.000840 std=0.005194 min=0.000001 max=0.030439
2025-08-26T03:23:35Z - INFO - [train_model] Epoch 041 | train (price) MSE=0.000335 MAE=0.012696 RMSE=0.018317 | val (price) MSE=0.000172 MAE=0.009758 RMSE=0.013117
2025-08-26T03:23:36Z - INFO - [train_model] Epoch 042 | train (scaled) MSE: mean=0.005073 med=0.001341 std=0.017222 min=0.000000 max=0.243762 | val (scaled) MSE: mean=0.002644 med=0.000814 std=0.005337 min=0.000000 max=0.031473
2025-08-26T03:23:36Z - INFO - [train_model] Epoch 042 | train (price) MSE=0.000335 MAE=0.012711 RMSE=0.018301 | val (price) MSE=0.000175 MAE=0.009802 RMSE=0.013212
2025-08-26T03:23:36Z - INFO - [train_model] Epoch 043 | train (scaled) MSE: mean=0.005073 med=0.001381 std=0.017279 min=0.000000 max=0.244026 | val (scaled) MSE: mean=0.002785 med=0.000828 std=0.005706 min=0.000001 max=0.033790
2025-08-26T03:23:36Z - INFO - [train_model] Epoch 043 | train (price) MSE=0.000335 MAE=0.012672 RMSE=0.018300 | val (price) MSE=0.000184 MAE=0.009969 RMSE=0.013560
2025-08-26T03:23:37Z - INFO - [train_model] Epoch 044 | train (scaled) MSE: mean=0.005090 med=0.001392 std=0.017378 min=0.000000 max=0.244504 | val (scaled) MSE: mean=0.002687 med=0.000790 std=0.005497 min=0.000001 max=0.032375
2025-08-26T03:23:37Z - INFO - [train_model] Epoch 044 | train (price) MSE=0.000336 MAE=0.012703 RMSE=0.018332 | val (price) MSE=0.000177 MAE=0.009842 RMSE=0.013320
2025-08-26T03:23:38Z - INFO - [train_model] Epoch 045 | train (scaled) MSE: mean=0.005080 med=0.001398 std=0.017383 min=0.000000 max=0.242701 | val (scaled) MSE: mean=0.002736 med=0.000787 std=0.005642 min=0.000001 max=0.033207
2025-08-26T03:23:38Z - INFO - [train_model] Epoch 045 | train (price) MSE=0.000335 MAE=0.012678 RMSE=0.018314 | val (price) MSE=0.000181 MAE=0.009893 RMSE=0.013440
2025-08-26T03:23:39Z - INFO - [train_model] Epoch 046 | train (scaled) MSE: mean=0.005077 med=0.001394 std=0.017499 min=0.000000 max=0.246295 | val (scaled) MSE: mean=0.002706 med=0.000784 std=0.005573 min=0.000000 max=0.032646
2025-08-26T03:23:39Z - INFO - [train_model] Epoch 046 | train (price) MSE=0.000335 MAE=0.012674 RMSE=0.018308 | val (price) MSE=0.000179 MAE=0.009843 RMSE=0.013366
2025-08-26T03:23:39Z - INFO - [train_model] Epoch 047 | train (scaled) MSE: mean=0.005065 med=0.001336 std=0.017449 min=0.000000 max=0.246785 | val (scaled) MSE: mean=0.002678 med=0.000803 std=0.005511 min=0.000002 max=0.032363
2025-08-26T03:23:39Z - INFO - [train_model] Epoch 047 | train (price) MSE=0.000334 MAE=0.012644 RMSE=0.018287 | val (price) MSE=0.000177 MAE=0.009818 RMSE=0.013296
2025-08-26T03:23:40Z - INFO - [train_model] Epoch 048 | train (scaled) MSE: mean=0.005053 med=0.001281 std=0.017327 min=0.000000 max=0.246004 | val (scaled) MSE: mean=0.003026 med=0.000971 std=0.006234 min=0.000000 max=0.036415
2025-08-26T03:23:40Z - INFO - [train_model] Epoch 048 | train (price) MSE=0.000334 MAE=0.012644 RMSE=0.018265 | val (price) MSE=0.000200 MAE=0.010305 RMSE=0.014134
2025-08-26T03:23:41Z - INFO - [train_model] Epoch 049 | train (scaled) MSE: mean=0.005074 med=0.001355 std=0.017383 min=0.000000 max=0.249048 | val (scaled) MSE: mean=0.002680 med=0.000797 std=0.005532 min=0.000000 max=0.032332
2025-08-26T03:23:41Z - INFO - [train_model] Epoch 049 | train (price) MSE=0.000335 MAE=0.012672 RMSE=0.018304 | val (price) MSE=0.000177 MAE=0.009806 RMSE=0.013302
2025-08-26T03:23:42Z - INFO - [train_model] Epoch 050 | train (scaled) MSE: mean=0.005050 med=0.001281 std=0.017439 min=0.000000 max=0.251239 | val (scaled) MSE: mean=0.002683 med=0.000788 std=0.005539 min=0.000000 max=0.032358
2025-08-26T03:23:42Z - INFO - [train_model] Epoch 050 | train (price) MSE=0.000333 MAE=0.012615 RMSE=0.018259 | val (price) MSE=0.000177 MAE=0.009807 RMSE=0.013309
2025-08-26T03:23:42Z - INFO - [train_model] Epoch 051 | train (scaled) MSE: mean=0.005047 med=0.001304 std=0.017345 min=0.000000 max=0.247168 | val (scaled) MSE: mean=0.002847 med=0.000788 std=0.005932 min=0.000000 max=0.034701
2025-08-26T03:23:42Z - INFO - [train_model] Epoch 051 | train (price) MSE=0.000333 MAE=0.012657 RMSE=0.018255 | val (price) MSE=0.000188 MAE=0.009993 RMSE=0.013709
2025-08-26T03:23:43Z - INFO - [train_model] Epoch 052 | train (scaled) MSE: mean=0.005075 med=0.001285 std=0.017353 min=0.000000 max=0.245304 | val (scaled) MSE: mean=0.002756 med=0.000812 std=0.005735 min=0.000002 max=0.033530
2025-08-26T03:23:43Z - INFO - [train_model] Epoch 052 | train (price) MSE=0.000335 MAE=0.012692 RMSE=0.018305 | val (price) MSE=0.000182 MAE=0.009891 RMSE=0.013490
2025-08-26T03:23:44Z - INFO - [train_model] Epoch 053 | train (scaled) MSE: mean=0.005040 med=0.001332 std=0.017390 min=0.000000 max=0.247149 | val (scaled) MSE: mean=0.002709 med=0.000806 std=0.005624 min=0.000001 max=0.032774
2025-08-26T03:23:44Z - INFO - [train_model] Epoch 053 | train (price) MSE=0.000333 MAE=0.012608 RMSE=0.018242 | val (price) MSE=0.000179 MAE=0.009827 RMSE=0.013373
2025-08-26T03:23:45Z - INFO - [train_model] Epoch 054 | train (scaled) MSE: mean=0.005062 med=0.001327 std=0.017334 min=0.000000 max=0.245121 | val (scaled) MSE: mean=0.002690 med=0.000759 std=0.005575 min=0.000000 max=0.032392
2025-08-26T03:23:45Z - INFO - [train_model] Epoch 054 | train (price) MSE=0.000334 MAE=0.012636 RMSE=0.018282 | val (price) MSE=0.000178 MAE=0.009799 RMSE=0.013326
2025-08-26T03:23:45Z - INFO - [train_model] Epoch 055 | train (scaled) MSE: mean=0.005051 med=0.001320 std=0.017366 min=0.000000 max=0.246922 | val (scaled) MSE: mean=0.002709 med=0.000805 std=0.005640 min=0.000001 max=0.032771
2025-08-26T03:23:45Z - INFO - [train_model] Epoch 055 | train (price) MSE=0.000334 MAE=0.012641 RMSE=0.018262 | val (price) MSE=0.000179 MAE=0.009821 RMSE=0.013374
2025-08-26T03:23:46Z - INFO - [train_model] Epoch 056 | train (scaled) MSE: mean=0.005065 med=0.001326 std=0.017504 min=0.000000 max=0.249635 | val (scaled) MSE: mean=0.002803 med=0.000781 std=0.005855 min=0.000000 max=0.034008
2025-08-26T03:23:46Z - INFO - [train_model] Epoch 056 | train (price) MSE=0.000334 MAE=0.012644 RMSE=0.018287 | val (price) MSE=0.000185 MAE=0.009930 RMSE=0.013603
2025-08-26T03:23:47Z - INFO - [train_model] Epoch 057 | train (scaled) MSE: mean=0.005081 med=0.001362 std=0.017457 min=0.000000 max=0.255052 | val (scaled) MSE: mean=0.003138 med=0.001043 std=0.006458 min=0.000001 max=0.037318
2025-08-26T03:23:47Z - INFO - [train_model] Epoch 057 | train (price) MSE=0.000335 MAE=0.012678 RMSE=0.018315 | val (price) MSE=0.000207 MAE=0.010476 RMSE=0.014393
2025-08-26T03:23:48Z - INFO - [train_model] Epoch 058 | train (scaled) MSE: mean=0.005047 med=0.001318 std=0.017277 min=0.000000 max=0.244306 | val (scaled) MSE: mean=0.002691 med=0.000753 std=0.005599 min=0.000000 max=0.032400
2025-08-26T03:23:48Z - INFO - [train_model] Epoch 058 | train (price) MSE=0.000333 MAE=0.012625 RMSE=0.018254 | val (price) MSE=0.000178 MAE=0.009792 RMSE=0.013329
2025-08-26T03:23:48Z - INFO - [train_model] Epoch 059 | train (scaled) MSE: mean=0.005047 med=0.001379 std=0.017336 min=0.000000 max=0.246915 | val (scaled) MSE: mean=0.002702 med=0.000783 std=0.005635 min=0.000000 max=0.032617
2025-08-26T03:23:48Z - INFO - [train_model] Epoch 059 | train (price) MSE=0.000333 MAE=0.012620 RMSE=0.018255 | val (price) MSE=0.000178 MAE=0.009803 RMSE=0.013356
2025-08-26T03:23:49Z - INFO - [train_model] Epoch 060 | train (scaled) MSE: mean=0.005037 med=0.001275 std=0.017281 min=0.000000 max=0.248033 | val (scaled) MSE: mean=0.002725 med=0.000782 std=0.005702 min=0.000001 max=0.032959
2025-08-26T03:23:49Z - INFO - [train_model] Epoch 060 | train (price) MSE=0.000333 MAE=0.012628 RMSE=0.018236 | val (price) MSE=0.000180 MAE=0.009827 RMSE=0.013412
2025-08-26T03:23:50Z - INFO - [train_model] Epoch 061 | train (scaled) MSE: mean=0.005017 med=0.001306 std=0.017192 min=0.000000 max=0.247575 | val (scaled) MSE: mean=0.002920 med=0.000866 std=0.006106 min=0.000000 max=0.035171
2025-08-26T03:23:50Z - INFO - [train_model] Epoch 061 | train (price) MSE=0.000331 MAE=0.012604 RMSE=0.018201 | val (price) MSE=0.000193 MAE=0.010067 RMSE=0.013884
2025-08-26T03:23:51Z - INFO - [train_model] Epoch 062 | train (scaled) MSE: mean=0.005037 med=0.001305 std=0.017399 min=0.000000 max=0.251464 | val (scaled) MSE: mean=0.002849 med=0.000782 std=0.005990 min=0.000003 max=0.034583
2025-08-26T03:23:51Z - INFO - [train_model] Epoch 062 | train (price) MSE=0.000333 MAE=0.012586 RMSE=0.018237 | val (price) MSE=0.000188 MAE=0.009975 RMSE=0.013715
2025-08-26T03:23:51Z - INFO - [train_model] Epoch 063 | train (scaled) MSE: mean=0.005043 med=0.001294 std=0.017400 min=0.000000 max=0.249071 | val (scaled) MSE: mean=0.002707 med=0.000783 std=0.005662 min=0.000000 max=0.032638
2025-08-26T03:23:51Z - INFO - [train_model] Epoch 063 | train (price) MSE=0.000333 MAE=0.012601 RMSE=0.018247 | val (price) MSE=0.000179 MAE=0.009802 RMSE=0.013368
2025-08-26T03:23:52Z - INFO - [train_model] Epoch 064 | train (scaled) MSE: mean=0.005047 med=0.001350 std=0.017261 min=0.000000 max=0.248086 | val (scaled) MSE: mean=0.002811 med=0.000818 std=0.005912 min=0.000000 max=0.034048
2025-08-26T03:23:52Z - INFO - [train_model] Epoch 064 | train (price) MSE=0.000333 MAE=0.012643 RMSE=0.018255 | val (price) MSE=0.000186 MAE=0.009923 RMSE=0.013623
2025-08-26T03:23:53Z - INFO - [train_model] Epoch 065 | train (scaled) MSE: mean=0.005037 med=0.001343 std=0.017377 min=0.000000 max=0.251140 | val (scaled) MSE: mean=0.002944 med=0.000849 std=0.006185 min=0.000000 max=0.035616
2025-08-26T03:23:53Z - INFO - [train_model] Epoch 065 | train (price) MSE=0.000333 MAE=0.012594 RMSE=0.018237 | val (price) MSE=0.000194 MAE=0.010089 RMSE=0.013942
2025-08-26T03:23:54Z - INFO - [train_model] Epoch 066 | train (scaled) MSE: mean=0.005019 med=0.001299 std=0.017310 min=0.000000 max=0.247235 | val (scaled) MSE: mean=0.002871 med=0.000755 std=0.006042 min=0.000002 max=0.034767
2025-08-26T03:23:54Z - INFO - [train_model] Epoch 066 | train (price) MSE=0.000331 MAE=0.012578 RMSE=0.018204 | val (price) MSE=0.000190 MAE=0.009996 RMSE=0.013767
2025-08-26T03:23:54Z - INFO - [train_model] Epoch 067 | train (scaled) MSE: mean=0.005010 med=0.001315 std=0.017328 min=0.000000 max=0.248906 | val (scaled) MSE: mean=0.002755 med=0.000774 std=0.005793 min=0.000000 max=0.033322
2025-08-26T03:23:54Z - INFO - [train_model] Epoch 067 | train (price) MSE=0.000331 MAE=0.012547 RMSE=0.018187 | val (price) MSE=0.000182 MAE=0.009849 RMSE=0.013487
2025-08-26T03:23:55Z - INFO - [train_model] Epoch 068 | train (scaled) MSE: mean=0.005023 med=0.001324 std=0.017320 min=0.000000 max=0.248842 | val (scaled) MSE: mean=0.002776 med=0.000822 std=0.005844 min=0.000001 max=0.033590
2025-08-26T03:23:55Z - INFO - [train_model] Epoch 068 | train (price) MSE=0.000332 MAE=0.012594 RMSE=0.018211 | val (price) MSE=0.000183 MAE=0.009874 RMSE=0.013538
2025-08-26T03:23:56Z - INFO - [train_model] Epoch 069 | train (scaled) MSE: mean=0.005030 med=0.001321 std=0.017312 min=0.000000 max=0.249232 | val (scaled) MSE: mean=0.002697 med=0.000799 std=0.005641 min=0.000003 max=0.032381
2025-08-26T03:23:56Z - INFO - [train_model] Epoch 069 | train (price) MSE=0.000332 MAE=0.012614 RMSE=0.018223 | val (price) MSE=0.000178 MAE=0.009787 RMSE=0.013344
2025-08-26T03:23:57Z - INFO - [train_model] Epoch 070 | train (scaled) MSE: mean=0.005029 med=0.001320 std=0.017345 min=0.000000 max=0.249168 | val (scaled) MSE: mean=0.002739 med=0.000751 std=0.005759 min=0.000000 max=0.033081
2025-08-26T03:23:57Z - INFO - [train_model] Epoch 070 | train (price) MSE=0.000332 MAE=0.012575 RMSE=0.018222 | val (price) MSE=0.000181 MAE=0.009828 RMSE=0.013448
2025-08-26T03:23:57Z - INFO - [train_model] Epoch 071 | train (scaled) MSE: mean=0.005009 med=0.001289 std=0.017251 min=0.000000 max=0.248470 | val (scaled) MSE: mean=0.002714 med=0.000769 std=0.005689 min=0.000002 max=0.032613
2025-08-26T03:23:57Z - INFO - [train_model] Epoch 071 | train (price) MSE=0.000331 MAE=0.012562 RMSE=0.018185 | val (price) MSE=0.000179 MAE=0.009803 RMSE=0.013387
2025-08-26T03:23:58Z - INFO - [train_model] Epoch 072 | train (scaled) MSE: mean=0.005040 med=0.001330 std=0.017370 min=0.000000 max=0.252362 | val (scaled) MSE: mean=0.002703 med=0.000775 std=0.005649 min=0.000003 max=0.032319
2025-08-26T03:23:58Z - INFO - [train_model] Epoch 072 | train (price) MSE=0.000333 MAE=0.012607 RMSE=0.018241 | val (price) MSE=0.000178 MAE=0.009790 RMSE=0.013358
2025-08-26T03:23:59Z - INFO - [train_model] Epoch 073 | train (scaled) MSE: mean=0.005013 med=0.001324 std=0.017275 min=0.000000 max=0.248430 | val (scaled) MSE: mean=0.002905 med=0.000783 std=0.006128 min=0.000000 max=0.035157
2025-08-26T03:23:59Z - INFO - [train_model] Epoch 073 | train (price) MSE=0.000331 MAE=0.012550 RMSE=0.018193 | val (price) MSE=0.000192 MAE=0.010028 RMSE=0.013850
2025-08-26T03:23:59Z - INFO - [train_model] Early stopping at epoch 73 (best price val MSE=0.000171 @ epoch 33)
2025-08-26T03:23:59Z - INFO - [visualize_full_prediction] Saved full prediction plot for EBAY to output/20250825-232258/plots/EBAY_finbert-rnn_full_returns_prediction.png
2025-08-26T03:23:59Z - INFO - [visualize_sentiment] Saved sentiment plot for EBAY to output/20250825-232258/plots/EBAY_sentiment.png
2025-08-26T03:23:59Z - INFO - [train] [EBAY] Test (price) MSE=0.000476 | MAE=0.014668 | RMSE=0.021824 (scaled MSE=0.007214)
2025-08-26T03:23:59Z - INFO - [train] [EBAY] Final (price) Train MSE=0.000331 | Val MSE=0.000192 (scaled Train MSE=0.005013 | Val MSE=0.002905)
2025-08-26T03:23:59Z - INFO - [train] [EBAY] Best epoch=33 | Best (price) Train MSE=0.000337 | Best (price) Val MSE=0.000171 | Saved at=/home/tbfs/Projects/finBert/output/20250825-232258/saved_weights/EBAY/EBAY_best-epoch033.pt
2025-08-26T03:23:59Z - INFO - [train] Wrote evaluation summary → output/20250825-232258/evaluation.json
