2025-08-28T18:11:25Z - INFO - [Pipeline::__init__] Loaded news dataframe with columns=['title', 'date', 'stock'] shape=(1277896, 3).
2025-08-28T18:11:26Z - INFO - [SentimentGenerator::_load] Loaded precomputed sentiment from /home/tbfs/Projects/finBert/output/20250823-140342/sentiment_daily.csv
2025-08-28T18:11:26Z - INFO - [train] Training predictor for ticker: ['ACAM', 'BMY', 'EBAY', 'EWI', 'BABA', 'DAL', 'JNJ', 'NFLX', 'TSLA']
2025-08-28T18:11:26Z - WARNING - [process_ticker] Skipping ACAM: price file is empty after loading (/home/tbfs/Projects/finBert/yf/ACAM.csv)
2025-08-28T18:11:26Z - INFO - [process_ticker] Loaded prices for BABA with columns=['date', 'open', 'high', 'low', 'close', 'volume', 'Dividends', 'Stock Splits'] shape=(1330, 8).
2025-08-28T18:11:26Z - INFO - [process_ticker] Loaded prices for EBAY with columns=['date', 'open', 'high', 'low', 'close', 'volume', 'Dividends', 'Stock Splits'] shape=(2516, 8).
2025-08-28T18:11:26Z - INFO - [process_ticker] Loaded prices for BMY with columns=['date', 'open', 'high', 'low', 'close', 'volume', 'Dividends', 'Stock Splits'] shape=(2516, 8).
2025-08-28T18:11:26Z - INFO - [process_ticker] Loaded prices for DAL with columns=['date', 'open', 'high', 'low', 'close', 'volume', 'Dividends', 'Stock Splits'] shape=(2516, 8).
2025-08-28T18:11:26Z - INFO - [process_ticker] Loaded prices for EWI with columns=['date', 'open', 'high', 'low', 'close', 'volume', 'Dividends', 'Stock Splits', 'Capital Gains'] shape=(2516, 9).
2025-08-28T18:11:26Z - INFO - [process_ticker] Loaded prices for JNJ with columns=['date', 'open', 'high', 'low', 'close', 'volume', 'Dividends', 'Stock Splits'] shape=(2516, 8).
2025-08-28T18:11:26Z - INFO - [process_ticker] Loaded prices for NFLX with columns=['date', 'open', 'high', 'low', 'close', 'volume', 'Dividends', 'Stock Splits'] shape=(2516, 8).
2025-08-28T18:11:26Z - INFO - [process_ticker] Loaded prices for TSLA with columns=['date', 'open', 'high', 'low', 'close', 'volume', 'Dividends', 'Stock Splits'] shape=(2394, 8).
2025-08-28T18:11:26Z - INFO - [train] feat_cols=['Open', 'High', 'Low', 'Volume', 'Close']
2025-08-28T18:11:26Z - INFO - [train] Combined supervised dataframe shape: (18812, 14)
2025-08-28T18:11:26Z - INFO - [SequenceDataset::__init__] len(self.valid_indices)=12 out of len(df_)=18812 samples are valid for lookback=60 with sentiment_col=SentimentScore
2025-08-28T18:11:26Z - INFO - [SequenceDataset::__init__] len(self.valid_indices)=4 out of len(df_)=18812 samples are valid for lookback=60 with sentiment_col=SentimentScore
2025-08-28T18:11:26Z - INFO - [SequenceDataset::__init__] len(self.valid_indices)=5 out of len(df_)=18812 samples are valid for lookback=60 with sentiment_col=SentimentScore
2025-08-28T18:11:26Z - INFO - [train_model] Epoch 001 | train (scaled) MSE: mean=0.190937 med=0.074592 std=0.275319 min=0.006747 max=0.790008 | val (scaled) MSE: mean=0.001099 med=0.000725 std=0.000872 min=0.000360 max=0.002584
2025-08-28T18:11:26Z - INFO - [train_model] Epoch 001 | train (price) MSE=30.967339 MAE=4.350032 RMSE=5.564831 | val (price) MSE=0.178199 MAE=0.393505 RMSE=0.422136
2025-08-28T18:11:26Z - INFO - [train_model] New best (price) val MSE=0.178199 at epoch 1; saved → /home/tbfs/Projects/finBert/output/20250828-141121/saved_weights/all_tickers/all_tickers_best-epoch001.pt
2025-08-28T18:11:26Z - INFO - [train_model] Epoch 002 | train (scaled) MSE: mean=0.149417 med=0.043667 std=0.227338 min=0.026916 max=0.691397 | val (scaled) MSE: mean=0.008848 med=0.007977 std=0.002323 min=0.006679 max=0.012759
2025-08-28T18:11:26Z - INFO - [train_model] Epoch 002 | train (price) MSE=24.233391 MAE=3.994747 RMSE=4.922742 | val (price) MSE=1.435033 MAE=1.188509 RMSE=1.197929
2025-08-28T18:11:26Z - INFO - [train_model] Epoch 003 | train (scaled) MSE: mean=0.132612 med=0.062424 std=0.178539 min=0.018379 max=0.578902 | val (scaled) MSE: mean=0.022658 med=0.021332 std=0.003598 min=0.019258 max=0.028709
2025-08-28T18:11:26Z - INFO - [train_model] Epoch 003 | train (price) MSE=21.507858 MAE=3.935870 RMSE=4.637657 | val (price) MSE=3.674777 MAE=1.911293 RMSE=1.916971
2025-08-28T18:11:26Z - INFO - [train_model] Epoch 004 | train (scaled) MSE: mean=0.121196 med=0.081407 std=0.148455 min=0.010470 max=0.490178 | val (scaled) MSE: mean=0.031445 med=0.029904 std=0.004161 min=0.027522 max=0.038450
2025-08-28T18:11:26Z - INFO - [train_model] Epoch 004 | train (price) MSE=19.656357 MAE=3.776882 RMSE=4.433549 | val (price) MSE=5.099928 MAE=2.253618 RMSE=2.258302
2025-08-28T18:11:26Z - INFO - [train_model] Epoch 005 | train (scaled) MSE: mean=0.115856 med=0.089245 std=0.136236 min=0.006451 max=0.437016 | val (scaled) MSE: mean=0.034511 med=0.032894 std=0.004307 min=0.030484 max=0.041773
2025-08-28T18:11:26Z - INFO - [train_model] Epoch 005 | train (price) MSE=18.790258 MAE=3.677549 RMSE=4.334773 | val (price) MSE=5.597208 MAE=2.361470 RMSE=2.365842
2025-08-28T18:11:26Z - INFO - [train_model] Epoch 006 | train (scaled) MSE: mean=0.114260 med=0.100735 std=0.128379 min=0.003404 max=0.413200 | val (scaled) MSE: mean=0.042318 med=0.040537 std=0.004708 min=0.037936 max=0.050262
2025-08-28T18:11:26Z - INFO - [train_model] Epoch 006 | train (price) MSE=18.531366 MAE=3.612178 RMSE=4.304807 | val (price) MSE=6.863450 MAE=2.615953 RMSE=2.619819
2025-08-28T18:11:27Z - INFO - [train_model] Epoch 007 | train (scaled) MSE: mean=0.110180 med=0.107510 std=0.118089 min=0.002217 max=0.374265 | val (scaled) MSE: mean=0.041625 med=0.039852 std=0.004625 min=0.037355 max=0.049439
2025-08-28T18:11:27Z - INFO - [train_model] Epoch 007 | train (price) MSE=17.869680 MAE=3.536587 RMSE=4.227254 | val (price) MSE=6.750961 MAE=2.594438 RMSE=2.598261
2025-08-28T18:11:27Z - INFO - [train_model] Epoch 008 | train (scaled) MSE: mean=0.107693 med=0.103701 std=0.116362 min=0.002709 max=0.367287 | val (scaled) MSE: mean=0.037669 med=0.035972 std=0.004371 min=0.033673 max=0.045061
2025-08-28T18:11:27Z - INFO - [train_model] Epoch 008 | train (price) MSE=17.466230 MAE=3.504226 RMSE=4.179262 | val (price) MSE=6.109424 MAE=2.467769 RMSE=2.471725
2025-08-28T18:11:27Z - INFO - [train_model] Epoch 009 | train (scaled) MSE: mean=0.106223 med=0.103806 std=0.113185 min=0.002417 max=0.349538 | val (scaled) MSE: mean=0.039587 med=0.037840 std=0.004426 min=0.035587 max=0.047081
2025-08-28T18:11:27Z - INFO - [train_model] Epoch 009 | train (price) MSE=17.227831 MAE=3.484428 RMSE=4.150642 | val (price) MSE=6.420446 MAE=2.530090 RMSE=2.533860
2025-08-28T18:11:27Z - INFO - [train_model] Epoch 010 | train (scaled) MSE: mean=0.104977 med=0.092134 std=0.115419 min=0.002977 max=0.363633 | val (scaled) MSE: mean=0.031860 med=0.030275 std=0.003950 min=0.028334 max=0.038555
2025-08-28T18:11:27Z - INFO - [train_model] Epoch 010 | train (price) MSE=17.025772 MAE=3.463782 RMSE=4.126230 | val (price) MSE=5.167232 MAE=2.269016 RMSE=2.273155
2025-08-28T18:11:27Z - INFO - [train_model] Epoch 011 | train (scaled) MSE: mean=0.102227 med=0.094687 std=0.111810 min=0.002965 max=0.346182 | val (scaled) MSE: mean=0.033119 med=0.031496 std=0.003984 min=0.029610 max=0.039874
2025-08-28T18:11:27Z - INFO - [train_model] Epoch 011 | train (price) MSE=16.579844 MAE=3.422453 RMSE=4.071835 | val (price) MSE=5.371408 MAE=2.313655 RMSE=2.317630
2025-08-28T18:11:27Z - INFO - [train_model] Epoch 012 | train (scaled) MSE: mean=0.100043 med=0.098867 std=0.105018 min=0.001823 max=0.335864 | val (scaled) MSE: mean=0.036340 med=0.034629 std=0.004113 min=0.032787 max=0.043316
2025-08-28T18:11:27Z - INFO - [train_model] Epoch 012 | train (price) MSE=16.225592 MAE=3.376485 RMSE=4.028100 | val (price) MSE=5.893854 MAE=2.424031 RMSE=2.427726
2025-08-28T18:11:27Z - INFO - [train_model] Epoch 013 | train (scaled) MSE: mean=0.096891 med=0.097684 std=0.101903 min=0.002001 max=0.316676 | val (scaled) MSE: mean=0.035199 med=0.033502 std=0.004005 min=0.031799 max=0.041991
2025-08-28T18:11:27Z - INFO - [train_model] Epoch 013 | train (price) MSE=15.714356 MAE=3.319707 RMSE=3.964134 | val (price) MSE=5.708748 MAE=2.385623 RMSE=2.389299
2025-08-28T18:11:27Z - INFO - [train_model] Epoch 014 | train (scaled) MSE: mean=0.095680 med=0.098274 std=0.099733 min=0.001743 max=0.314297 | val (scaled) MSE: mean=0.035929 med=0.034217 std=0.003985 min=0.032603 max=0.042678
2025-08-28T18:11:27Z - INFO - [train_model] Epoch 014 | train (price) MSE=15.517917 MAE=3.296744 RMSE=3.939279 | val (price) MSE=5.827138 MAE=2.410414 RMSE=2.413947
2025-08-28T18:11:27Z - INFO - [train_model] Epoch 015 | train (scaled) MSE: mean=0.092797 med=0.095556 std=0.097795 min=0.001946 max=0.304522 | val (scaled) MSE: mean=0.032227 med=0.030593 std=0.003737 min=0.029174 max=0.038550
2025-08-28T18:11:27Z - INFO - [train_model] Epoch 015 | train (price) MSE=15.050401 MAE=3.234875 RMSE=3.879485 | val (price) MSE=5.226816 MAE=2.282573 RMSE=2.286223
2025-08-28T18:11:27Z - INFO - [train_model] Epoch 016 | train (scaled) MSE: mean=0.091790 med=0.085743 std=0.098422 min=0.003365 max=0.306718 | val (scaled) MSE: mean=0.028602 med=0.027048 std=0.003486 min=0.025823 max=0.034491
2025-08-28T18:11:27Z - INFO - [train_model] Epoch 016 | train (price) MSE=14.887069 MAE=3.251945 RMSE=3.858376 | val (price) MSE=4.638913 MAE=2.150021 RMSE=2.153814
2025-08-28T18:11:27Z - INFO - [train_model] Epoch 017 | train (scaled) MSE: mean=0.089472 med=0.080946 std=0.096682 min=0.003786 max=0.300816 | val (scaled) MSE: mean=0.026073 med=0.024580 std=0.003299 min=0.023499 max=0.031635
2025-08-28T18:11:27Z - INFO - [train_model] Epoch 017 | train (price) MSE=14.511149 MAE=3.230360 RMSE=3.809350 | val (price) MSE=4.228745 MAE=2.052493 RMSE=2.056391
2025-08-28T18:11:27Z - INFO - [train_model] Epoch 018 | train (scaled) MSE: mean=0.086414 med=0.080820 std=0.093175 min=0.003048 max=0.294692 | val (scaled) MSE: mean=0.026852 med=0.025325 std=0.003314 min=0.024333 max=0.032423
2025-08-28T18:11:27Z - INFO - [train_model] Epoch 018 | train (price) MSE=14.015170 MAE=3.162829 RMSE=3.743684 | val (price) MSE=4.354973 MAE=2.083084 RMSE=2.086857
2025-08-28T18:11:27Z - INFO - [train_model] Epoch 019 | train (scaled) MSE: mean=0.084999 med=0.080620 std=0.091421 min=0.002959 max=0.285487 | val (scaled) MSE: mean=0.024165 med=0.022794 std=0.003116 min=0.021692 max=0.029382
2025-08-28T18:11:27Z - INFO - [train_model] Epoch 019 | train (price) MSE=13.785583 MAE=3.137155 RMSE=3.712894 | val (price) MSE=3.919294 MAE=1.975817 RMSE=1.979721
2025-08-28T18:11:27Z - INFO - [train_model] Epoch 020 | train (scaled) MSE: mean=0.082144 med=0.082724 std=0.084347 min=0.001927 max=0.259625 | val (scaled) MSE: mean=0.027649 med=0.026285 std=0.003291 min=0.024895 max=0.033131
2025-08-28T18:11:27Z - INFO - [train_model] Epoch 020 | train (price) MSE=13.322589 MAE=3.081391 RMSE=3.650012 | val (price) MSE=4.484309 MAE=2.114041 RMSE=2.117619
2025-08-28T18:11:27Z - INFO - [train_model] Epoch 021 | train (scaled) MSE: mean=0.080990 med=0.084310 std=0.081530 min=0.001302 max=0.253272 | val (scaled) MSE: mean=0.027047 med=0.025791 std=0.003227 min=0.024215 max=0.032391
2025-08-28T18:11:27Z - INFO - [train_model] Epoch 021 | train (price) MSE=13.135387 MAE=3.013564 RMSE=3.624278 | val (price) MSE=4.386664 MAE=2.090876 RMSE=2.094437
2025-08-28T18:11:27Z - INFO - [train_model] Epoch 022 | train (scaled) MSE: mean=0.078675 med=0.079989 std=0.080160 min=0.001292 max=0.249489 | val (scaled) MSE: mean=0.021780 med=0.020718 std=0.002879 min=0.019160 max=0.026526
2025-08-28T18:11:27Z - INFO - [train_model] Epoch 022 | train (price) MSE=12.760068 MAE=2.995646 RMSE=3.572124 | val (price) MSE=3.532452 MAE=1.875568 RMSE=1.879482
2025-08-28T18:11:27Z - INFO - [train_model] Epoch 023 | train (scaled) MSE: mean=0.076019 med=0.071874 std=0.080799 min=0.002370 max=0.248425 | val (scaled) MSE: mean=0.022208 med=0.021246 std=0.002872 min=0.019444 max=0.026896
2025-08-28T18:11:27Z - INFO - [train_model] Epoch 023 | train (price) MSE=12.329265 MAE=2.960979 RMSE=3.511305 | val (price) MSE=3.601823 MAE=1.894047 RMSE=1.897847
2025-08-28T18:11:27Z - INFO - [train_model] Epoch 024 | train (scaled) MSE: mean=0.073963 med=0.067956 std=0.078597 min=0.002467 max=0.241411 | val (scaled) MSE: mean=0.018936 med=0.018111 std=0.002637 min=0.016309 max=0.023212
2025-08-28T18:11:27Z - INFO - [train_model] Epoch 024 | train (price) MSE=11.995791 MAE=2.917529 RMSE=3.463494 | val (price) MSE=3.071101 MAE=1.748387 RMSE=1.752456
2025-08-28T18:11:27Z - INFO - [train_model] Epoch 025 | train (scaled) MSE: mean=0.071234 med=0.064165 std=0.075411 min=0.002987 max=0.232571 | val (scaled) MSE: mean=0.017375 med=0.016667 std=0.002510 min=0.014762 max=0.021404
2025-08-28T18:11:27Z - INFO - [train_model] Epoch 025 | train (price) MSE=11.553130 MAE=2.883365 RMSE=3.398990 | val (price) MSE=2.817985 MAE=1.674477 RMSE=1.678686
2025-08-28T18:11:27Z - INFO - [train_model] Epoch 026 | train (scaled) MSE: mean=0.068720 med=0.065998 std=0.071093 min=0.001766 max=0.221120 | val (scaled) MSE: mean=0.018818 med=0.018202 std=0.002588 min=0.015964 max=0.022902
2025-08-28T18:11:27Z - INFO - [train_model] Epoch 026 | train (price) MSE=11.145470 MAE=2.810097 RMSE=3.338483 | val (price) MSE=3.051967 MAE=1.742989 RMSE=1.746988
2025-08-28T18:11:27Z - INFO - [train_model] Epoch 027 | train (scaled) MSE: mean=0.065699 med=0.062748 std=0.067533 min=0.002107 max=0.207529 | val (scaled) MSE: mean=0.016673 med=0.016158 std=0.002426 min=0.013913 max=0.020462
2025-08-28T18:11:27Z - INFO - [train_model] Epoch 027 | train (price) MSE=10.655534 MAE=2.752837 RMSE=3.264282 | val (price) MSE=2.704124 MAE=1.640193 RMSE=1.644422
2025-08-28T18:11:27Z - INFO - [train_model] Epoch 028 | train (scaled) MSE: mean=0.064567 med=0.058308 std=0.068141 min=0.001865 max=0.207088 | val (scaled) MSE: mean=0.012543 med=0.012132 std=0.002102 min=0.010105 max=0.015801
2025-08-28T18:11:27Z - INFO - [train_model] Epoch 028 | train (price) MSE=10.471867 MAE=2.727124 RMSE=3.236026 | val (price) MSE=2.034245 MAE=1.421398 RMSE=1.426269
2025-08-28T18:11:27Z - INFO - [train_model] Epoch 029 | train (scaled) MSE: mean=0.061575 med=0.054637 std=0.065204 min=0.002202 max=0.204249 | val (scaled) MSE: mean=0.012417 med=0.012104 std=0.002080 min=0.009888 max=0.015573
2025-08-28T18:11:27Z - INFO - [train_model] Epoch 029 | train (price) MSE=9.986613 MAE=2.677045 RMSE=3.160160 | val (price) MSE=2.013916 MAE=1.414238 RMSE=1.419125
2025-08-28T18:11:27Z - INFO - [train_model] Epoch 030 | train (scaled) MSE: mean=0.059709 med=0.055706 std=0.060945 min=0.001189 max=0.186297 | val (scaled) MSE: mean=0.012412 med=0.012190 std=0.002073 min=0.009783 max=0.015486
2025-08-28T18:11:27Z - INFO - [train_model] Epoch 030 | train (price) MSE=9.683942 MAE=2.622623 RMSE=3.111903 | val (price) MSE=2.013121 MAE=1.413940 RMSE=1.418845
2025-08-28T18:11:27Z - INFO - [train_model] Epoch 031 | train (scaled) MSE: mean=0.055781 med=0.050402 std=0.057048 min=0.001700 max=0.174059 | val (scaled) MSE: mean=0.011973 med=0.011835 std=0.002035 min=0.009299 max=0.014921
2025-08-28T18:11:27Z - INFO - [train_model] Epoch 031 | train (price) MSE=9.046901 MAE=2.544364 RMSE=3.007807 | val (price) MSE=1.941785 MAE=1.388443 RMSE=1.393479
2025-08-28T18:11:27Z - INFO - [train_model] Epoch 032 | train (scaled) MSE: mean=0.053604 med=0.048867 std=0.054541 min=0.001080 max=0.165161 | val (scaled) MSE: mean=0.011555 med=0.011506 std=0.001996 min=0.008842 max=0.014365
2025-08-28T18:11:27Z - INFO - [train_model] Epoch 032 | train (price) MSE=8.693833 MAE=2.484061 RMSE=2.948531 | val (price) MSE=1.874055 MAE=1.363797 RMSE=1.368961
2025-08-28T18:11:27Z - INFO - [train_model] Epoch 033 | train (scaled) MSE: mean=0.050991 med=0.046061 std=0.051338 min=0.000834 max=0.155021 | val (scaled) MSE: mean=0.009115 med=0.009134 std=0.001766 min=0.006651 max=0.011540
2025-08-28T18:11:27Z - INFO - [train_model] Epoch 033 | train (price) MSE=8.270094 MAE=2.431126 RMSE=2.875777 | val (price) MSE=1.478330 MAE=1.210014 RMSE=1.215866
2025-08-28T18:11:27Z - INFO - [train_model] Epoch 034 | train (scaled) MSE: mean=0.049955 med=0.039323 std=0.052362 min=0.001872 max=0.160150 | val (scaled) MSE: mean=0.006281 med=0.006333 std=0.001460 min=0.004210 max=0.008249
2025-08-28T18:11:27Z - INFO - [train_model] Epoch 034 | train (price) MSE=8.101960 MAE=2.434420 RMSE=2.846394 | val (price) MSE=1.018688 MAE=1.002175 RMSE=1.009301
2025-08-28T18:11:27Z - INFO - [train_model] Epoch 035 | train (scaled) MSE: mean=0.047321 med=0.040783 std=0.047685 min=0.000801 max=0.144127 | val (scaled) MSE: mean=0.010633 med=0.010878 std=0.001936 min=0.007727 max=0.013048
2025-08-28T18:11:27Z - INFO - [train_model] Epoch 035 | train (price) MSE=7.674855 MAE=2.316683 RMSE=2.770353 | val (price) MSE=1.724463 MAE=1.307457 RMSE=1.313188
2025-08-28T18:11:27Z - INFO - [train_model] Epoch 036 | train (scaled) MSE: mean=0.043257 med=0.043036 std=0.040196 min=0.000018 max=0.120005 | val (scaled) MSE: mean=0.008157 med=0.008412 std=0.001694 min=0.005581 max=0.010224
2025-08-28T18:11:27Z - INFO - [train_model] Epoch 036 | train (price) MSE=7.015604 MAE=2.187773 RMSE=2.648699 | val (price) MSE=1.322993 MAE=1.143564 RMSE=1.150214
2025-08-28T18:11:27Z - INFO - [train_model] Epoch 037 | train (scaled) MSE: mean=0.043026 med=0.034230 std=0.044341 min=0.001362 max=0.138545 | val (scaled) MSE: mean=0.002615 med=0.002730 std=0.000928 min=0.001224 max=0.003775
2025-08-28T18:11:27Z - INFO - [train_model] Epoch 037 | train (price) MSE=6.978166 MAE=2.260594 RMSE=2.641622 | val (price) MSE=0.424052 MAE=0.639312 RMSE=0.651193
2025-08-28T18:11:27Z - INFO - [train_model] Epoch 038 | train (scaled) MSE: mean=0.038477 med=0.029147 std=0.040360 min=0.000976 max=0.123054 | val (scaled) MSE: mean=0.003201 med=0.003402 std=0.001042 min=0.001583 max=0.004418
2025-08-28T18:11:27Z - INFO - [train_model] Epoch 038 | train (price) MSE=6.240507 MAE=2.143668 RMSE=2.498101 | val (price) MSE=0.519178 MAE=0.709350 RMSE=0.720540
2025-08-28T18:11:27Z - INFO - [train_model] Epoch 039 | train (scaled) MSE: mean=0.035366 med=0.026800 std=0.036325 min=0.000367 max=0.115200 | val (scaled) MSE: mean=0.003586 med=0.003885 std=0.001122 min=0.001787 max=0.004787
2025-08-28T18:11:27Z - INFO - [train_model] Epoch 039 | train (price) MSE=5.735940 MAE=2.023943 RMSE=2.394982 | val (price) MSE=0.581571 MAE=0.751444 RMSE=0.762608
2025-08-28T18:11:27Z - INFO - [train_model] Epoch 040 | train (scaled) MSE: mean=0.033219 med=0.027126 std=0.033178 min=0.000383 max=0.105447 | val (scaled) MSE: mean=0.001268 med=0.001469 std=0.000617 min=0.000261 max=0.001874
2025-08-28T18:11:27Z - INFO - [train_model] Epoch 040 | train (price) MSE=5.387688 MAE=1.974311 RMSE=2.321139 | val (price) MSE=0.205714 MAE=0.432894 RMSE=0.453557
2025-08-28T18:11:27Z - INFO - [train_model] Epoch 041 | train (scaled) MSE: mean=0.029065 med=0.020897 std=0.030240 min=0.000043 max=0.091726 | val (scaled) MSE: mean=0.001526 med=0.001817 std=0.000706 min=0.000346 max=0.002122
2025-08-28T18:11:27Z - INFO - [train_model] Epoch 041 | train (price) MSE=4.713957 MAE=1.802985 RMSE=2.171165 | val (price) MSE=0.247425 MAE=0.476941 RMSE=0.497418
2025-08-28T18:11:27Z - INFO - [train_model] Epoch 042 | train (scaled) MSE: mean=0.025302 med=0.019665 std=0.024960 min=0.000022 max=0.078804 | val (scaled) MSE: mean=0.000641 med=0.000802 std=0.000380 min=0.000010 max=0.000950
2025-08-28T18:11:27Z - INFO - [train_model] Epoch 042 | train (price) MSE=4.103564 MAE=1.704214 RMSE=2.025725 | val (price) MSE=0.103978 MAE=0.287801 RMSE=0.322456
2025-08-28T18:11:27Z - INFO - [train_model] New best (price) val MSE=0.103978 at epoch 42; saved → /home/tbfs/Projects/finBert/output/20250828-141121/saved_weights/all_tickers/all_tickers_best-epoch042.pt
2025-08-28T18:11:27Z - INFO - [train_model] Epoch 043 | train (scaled) MSE: mean=0.022540 med=0.017965 std=0.022110 min=0.000004 max=0.069991 | val (scaled) MSE: mean=0.000359 med=0.000433 std=0.000203 min=0.000029 max=0.000540
2025-08-28T18:11:27Z - INFO - [train_model] Epoch 043 | train (price) MSE=3.655742 MAE=1.615368 RMSE=1.911999 | val (price) MSE=0.058214 MAE=0.223099 RMSE=0.241277
2025-08-28T18:11:27Z - INFO - [train_model] New best (price) val MSE=0.058214 at epoch 43; saved → /home/tbfs/Projects/finBert/output/20250828-141121/saved_weights/all_tickers/all_tickers_best-epoch043.pt
2025-08-28T18:11:27Z - INFO - [train_model] Epoch 044 | train (scaled) MSE: mean=0.020362 med=0.015408 std=0.020413 min=0.000019 max=0.065659 | val (scaled) MSE: mean=0.000204 med=0.000006 std=0.000348 min=0.000000 max=0.000806
2025-08-28T18:11:27Z - INFO - [train_model] Epoch 044 | train (price) MSE=3.302380 MAE=1.536702 RMSE=1.817245 | val (price) MSE=0.033155 MAE=0.104243 RMSE=0.182085
2025-08-28T18:11:27Z - INFO - [train_model] New best (price) val MSE=0.033155 at epoch 44; saved → /home/tbfs/Projects/finBert/output/20250828-141121/saved_weights/all_tickers/all_tickers_best-epoch044.pt
2025-08-28T18:11:27Z - INFO - [train_model] Epoch 045 | train (scaled) MSE: mean=0.019442 med=0.014951 std=0.019115 min=0.000110 max=0.061651 | val (scaled) MSE: mean=0.000160 med=0.000090 std=0.000149 min=0.000044 max=0.000415
2025-08-28T18:11:27Z - INFO - [train_model] Epoch 045 | train (price) MSE=3.153298 MAE=1.499254 RMSE=1.775753 | val (price) MSE=0.025888 MAE=0.145775 RMSE=0.160896
2025-08-28T18:11:27Z - INFO - [train_model] New best (price) val MSE=0.025888 at epoch 45; saved → /home/tbfs/Projects/finBert/output/20250828-141121/saved_weights/all_tickers/all_tickers_best-epoch045.pt
2025-08-28T18:11:27Z - INFO - [train_model] Epoch 046 | train (scaled) MSE: mean=0.015992 med=0.012514 std=0.015652 min=0.000042 max=0.050543 | val (scaled) MSE: mean=0.000536 med=0.000173 std=0.000676 min=0.000093 max=0.001706
2025-08-28T18:11:27Z - INFO - [train_model] Epoch 046 | train (price) MSE=2.593715 MAE=1.360517 RMSE=1.610501 | val (price) MSE=0.086919 MAE=0.245786 RMSE=0.294821
2025-08-28T18:11:28Z - INFO - [train_model] Epoch 047 | train (scaled) MSE: mean=0.014686 med=0.009615 std=0.014738 min=0.000049 max=0.048627 | val (scaled) MSE: mean=0.000529 med=0.000157 std=0.000696 min=0.000071 max=0.001732
2025-08-28T18:11:28Z - INFO - [train_model] Epoch 047 | train (price) MSE=2.381821 MAE=1.293094 RMSE=1.543315 | val (price) MSE=0.085813 MAE=0.238964 RMSE=0.292939
2025-08-28T18:11:28Z - INFO - [train_model] Epoch 048 | train (scaled) MSE: mean=0.013282 med=0.009795 std=0.012048 min=0.000176 max=0.037562 | val (scaled) MSE: mean=0.001001 med=0.000495 std=0.000983 min=0.000317 max=0.002699
2025-08-28T18:11:28Z - INFO - [train_model] Epoch 048 | train (price) MSE=2.154154 MAE=1.265503 RMSE=1.467704 | val (price) MSE=0.162407 MAE=0.363688 RMSE=0.402997
2025-08-28T18:11:28Z - INFO - [train_model] Epoch 049 | train (scaled) MSE: mean=0.011434 med=0.007232 std=0.011618 min=0.000295 max=0.036847 | val (scaled) MSE: mean=0.002411 med=0.001659 std=0.001515 min=0.001304 max=0.005022
2025-08-28T18:11:28Z - INFO - [train_model] Epoch 049 | train (price) MSE=1.854487 MAE=1.149732 RMSE=1.361796 | val (price) MSE=0.390988 MAE=0.599849 RMSE=0.625291
2025-08-28T18:11:28Z - INFO - [train_model] Epoch 050 | train (scaled) MSE: mean=0.010134 med=0.005571 std=0.010292 min=0.000176 max=0.032292 | val (scaled) MSE: mean=0.002614 med=0.001819 std=0.001623 min=0.001411 max=0.005406
2025-08-28T18:11:28Z - INFO - [train_model] Epoch 050 | train (price) MSE=1.643577 MAE=1.085314 RMSE=1.282021 | val (price) MSE=0.423913 MAE=0.625107 RMSE=0.651086
2025-08-28T18:11:28Z - INFO - [train_model] Epoch 051 | train (scaled) MSE: mean=0.009858 med=0.008305 std=0.007749 min=0.000560 max=0.020281 | val (scaled) MSE: mean=0.000759 med=0.000279 std=0.000934 min=0.000108 max=0.002368
2025-08-28T18:11:28Z - INFO - [train_model] Epoch 051 | train (price) MSE=1.598792 MAE=1.130360 RMSE=1.264433 | val (price) MSE=0.123019 MAE=0.293173 RMSE=0.350741
2025-08-28T18:11:28Z - INFO - [train_model] Epoch 052 | train (scaled) MSE: mean=0.008012 med=0.007785 std=0.006756 min=0.000129 max=0.017617 | val (scaled) MSE: mean=0.002544 med=0.001733 std=0.001692 min=0.001265 max=0.005444
2025-08-28T18:11:28Z - INFO - [train_model] Epoch 052 | train (price) MSE=1.299467 MAE=0.991063 RMSE=1.139942 | val (price) MSE=0.412594 MAE=0.612783 RMSE=0.642335
2025-08-28T18:11:28Z - INFO - [train_model] Epoch 053 | train (scaled) MSE: mean=0.007141 med=0.004358 std=0.006833 min=0.000149 max=0.018135 | val (scaled) MSE: mean=0.004056 med=0.003055 std=0.002133 min=0.002410 max=0.007705
2025-08-28T18:11:28Z - INFO - [train_model] Epoch 053 | train (price) MSE=1.158194 MAE=0.913430 RMSE=1.076194 | val (price) MSE=0.657879 MAE=0.787312 RMSE=0.811098
2025-08-28T18:11:28Z - INFO - [train_model] Epoch 054 | train (scaled) MSE: mean=0.006233 med=0.003446 std=0.006340 min=0.000001 max=0.019107 | val (scaled) MSE: mean=0.005563 med=0.004402 std=0.002511 min=0.003600 max=0.009848
2025-08-28T18:11:28Z - INFO - [train_model] Epoch 054 | train (price) MSE=1.010955 MAE=0.839931 RMSE=1.005463 | val (price) MSE=0.902186 MAE=0.929013 RMSE=0.949835
2025-08-28T18:11:28Z - INFO - [train_model] Epoch 055 | train (scaled) MSE: mean=0.005889 med=0.003330 std=0.006512 min=0.000006 max=0.021636 | val (scaled) MSE: mean=0.006809 med=0.005532 std=0.002797 min=0.004599 max=0.011575
2025-08-28T18:11:28Z - INFO - [train_model] Epoch 055 | train (price) MSE=0.955058 MAE=0.786582 RMSE=0.977271 | val (price) MSE=1.104388 MAE=1.031622 RMSE=1.050899
2025-08-28T18:11:28Z - INFO - [train_model] Epoch 056 | train (scaled) MSE: mean=0.005231 med=0.002769 std=0.005732 min=0.000004 max=0.019058 | val (scaled) MSE: mean=0.006090 med=0.004858 std=0.002719 min=0.003930 max=0.010713
2025-08-28T18:11:28Z - INFO - [train_model] Epoch 056 | train (price) MSE=0.848416 MAE=0.744080 RMSE=0.921095 | val (price) MSE=0.987706 MAE=0.972365 RMSE=0.993834
2025-08-28T18:11:28Z - INFO - [train_model] Epoch 057 | train (scaled) MSE: mean=0.004774 med=0.003556 std=0.004843 min=0.000005 max=0.015950 | val (scaled) MSE: mean=0.005732 med=0.004522 std=0.002692 min=0.003584 max=0.010302
2025-08-28T18:11:28Z - INFO - [train_model] Epoch 057 | train (price) MSE=0.774216 MAE=0.729891 RMSE=0.879896 | val (price) MSE=0.929706 MAE=0.941188 RMSE=0.964212
2025-08-28T18:11:28Z - INFO - [train_model] Epoch 058 | train (scaled) MSE: mean=0.004675 med=0.003991 std=0.004263 min=0.000060 max=0.012864 | val (scaled) MSE: mean=0.004654 med=0.003532 std=0.002497 min=0.002664 max=0.008886
2025-08-28T18:11:28Z - INFO - [train_model] Epoch 058 | train (price) MSE=0.758170 MAE=0.743642 RMSE=0.870730 | val (price) MSE=0.754755 MAE=0.841843 RMSE=0.868767
2025-08-28T18:11:28Z - INFO - [train_model] Epoch 059 | train (scaled) MSE: mean=0.004012 med=0.003506 std=0.003966 min=0.000013 max=0.011985 | val (scaled) MSE: mean=0.007259 med=0.005899 std=0.003073 min=0.004781 max=0.012458
2025-08-28T18:11:28Z - INFO - [train_model] Epoch 059 | train (price) MSE=0.650721 MAE=0.675078 RMSE=0.806673 | val (price) MSE=1.177382 MAE=1.063782 RMSE=1.085072
2025-08-28T18:11:28Z - INFO - [train_model] Epoch 060 | train (scaled) MSE: mean=0.003605 med=0.002086 std=0.003937 min=0.000032 max=0.013515 | val (scaled) MSE: mean=0.010451 med=0.008846 std=0.003662 min=0.007472 max=0.016637
2025-08-28T18:11:28Z - INFO - [train_model] Epoch 060 | train (price) MSE=0.584723 MAE=0.644834 RMSE=0.764672 | val (price) MSE=1.694936 MAE=1.284136 RMSE=1.301897
2025-08-28T18:11:28Z - INFO - [train_model] Epoch 061 | train (scaled) MSE: mean=0.003627 med=0.001644 std=0.004524 min=0.000164 max=0.016975 | val (scaled) MSE: mean=0.008972 med=0.007462 std=0.003458 min=0.006158 max=0.014807
2025-08-28T18:11:28Z - INFO - [train_model] Epoch 061 | train (price) MSE=0.588265 MAE=0.650081 RMSE=0.766985 | val (price) MSE=1.455173 MAE=1.186503 RMSE=1.206306
2025-08-28T18:11:28Z - INFO - [train_model] Epoch 062 | train (scaled) MSE: mean=0.003425 med=0.001772 std=0.003890 min=0.000043 max=0.014080 | val (scaled) MSE: mean=0.009004 med=0.007481 std=0.003503 min=0.006147 max=0.014909
2025-08-28T18:11:28Z - INFO - [train_model] Epoch 062 | train (price) MSE=0.555415 MAE=0.632781 RMSE=0.745262 | val (price) MSE=1.460399 MAE=1.188240 RMSE=1.208470
2025-08-28T18:11:28Z - INFO - [train_model] Epoch 063 | train (scaled) MSE: mean=0.003109 med=0.001417 std=0.003704 min=0.000133 max=0.013376 | val (scaled) MSE: mean=0.010335 med=0.008713 std=0.003752 min=0.007263 max=0.016650
2025-08-28T18:11:28Z - INFO - [train_model] Epoch 063 | train (price) MSE=0.504186 MAE=0.602886 RMSE=0.710060 | val (price) MSE=1.676115 MAE=1.275668 RMSE=1.294649
2025-08-28T18:11:28Z - INFO - [train_model] Epoch 064 | train (scaled) MSE: mean=0.003351 med=0.001969 std=0.004514 min=0.000121 max=0.017137 | val (scaled) MSE: mean=0.013055 med=0.011385 std=0.003844 min=0.009910 max=0.019541
2025-08-28T18:11:28Z - INFO - [train_model] Epoch 064 | train (price) MSE=0.543492 MAE=0.617326 RMSE=0.737219 | val (price) MSE=2.117370 MAE=1.440920 RMSE=1.455119
2025-08-28T18:11:28Z - INFO - [train_model] Epoch 065 | train (scaled) MSE: mean=0.003415 med=0.001388 std=0.004050 min=0.000000 max=0.012689 | val (scaled) MSE: mean=0.007892 med=0.006431 std=0.003392 min=0.005114 max=0.013592
2025-08-28T18:11:28Z - INFO - [train_model] Epoch 065 | train (price) MSE=0.553944 MAE=0.594018 RMSE=0.744274 | val (price) MSE=1.279924 MAE=1.108274 RMSE=1.131337
2025-08-28T18:11:28Z - INFO - [train_model] Epoch 066 | train (scaled) MSE: mean=0.003252 med=0.000911 std=0.004540 min=0.000006 max=0.016199 | val (scaled) MSE: mean=0.014036 med=0.012343 std=0.003736 min=0.011066 max=0.020394
2025-08-28T18:11:28Z - INFO - [train_model] Epoch 066 | train (price) MSE=0.527381 MAE=0.566642 RMSE=0.726210 | val (price) MSE=2.276481 MAE=1.496768 RMSE=1.508801
2025-08-28T18:11:28Z - INFO - [train_model] Epoch 067 | train (scaled) MSE: mean=0.002942 med=0.001721 std=0.003798 min=0.000237 max=0.014455 | val (scaled) MSE: mean=0.010370 med=0.008881 std=0.003384 min=0.007627 max=0.016093
2025-08-28T18:11:28Z - INFO - [train_model] Epoch 067 | train (price) MSE=0.477120 MAE=0.589870 RMSE=0.690739 | val (price) MSE=1.681926 MAE=1.281492 RMSE=1.296891
2025-08-28T18:11:28Z - INFO - [train_model] Epoch 068 | train (scaled) MSE: mean=0.002651 med=0.000942 std=0.003465 min=0.000079 max=0.012257 | val (scaled) MSE: mean=0.011538 med=0.009962 std=0.003433 min=0.008838 max=0.017389
2025-08-28T18:11:28Z - INFO - [train_model] Epoch 068 | train (price) MSE=0.429915 MAE=0.543162 RMSE=0.655679 | val (price) MSE=1.871278 MAE=1.354444 RMSE=1.367947
2025-08-28T18:11:28Z - INFO - [train_model] Epoch 069 | train (scaled) MSE: mean=0.002855 med=0.000864 std=0.003435 min=0.000001 max=0.010900 | val (scaled) MSE: mean=0.011686 med=0.010117 std=0.003305 min=0.009161 max=0.017350
2025-08-28T18:11:28Z - INFO - [train_model] Epoch 069 | train (price) MSE=0.463034 MAE=0.552935 RMSE=0.680466 | val (price) MSE=1.895327 MAE=1.364446 RMSE=1.376709
2025-08-28T18:11:28Z - INFO - [train_model] Epoch 070 | train (scaled) MSE: mean=0.002403 med=0.001241 std=0.003325 min=0.000023 max=0.012574 | val (scaled) MSE: mean=0.013792 med=0.012117 std=0.003443 min=0.011223 max=0.019712
2025-08-28T18:11:28Z - INFO - [train_model] Epoch 070 | train (price) MSE=0.389664 MAE=0.519769 RMSE=0.624231 | val (price) MSE=2.236853 MAE=1.485153 RMSE=1.495611
2025-08-28T18:11:28Z - INFO - [train_model] Epoch 071 | train (scaled) MSE: mean=0.002482 med=0.001254 std=0.003629 min=0.000050 max=0.013930 | val (scaled) MSE: mean=0.014384 med=0.012669 std=0.003541 min=0.011729 max=0.020468
2025-08-28T18:11:28Z - INFO - [train_model] Epoch 071 | train (price) MSE=0.402603 MAE=0.527305 RMSE=0.634510 | val (price) MSE=2.332868 MAE=1.516968 RMSE=1.527373
2025-08-28T18:11:28Z - INFO - [train_model] Epoch 072 | train (scaled) MSE: mean=0.002675 med=0.000793 std=0.003210 min=0.000020 max=0.009395 | val (scaled) MSE: mean=0.010314 med=0.008806 std=0.003239 min=0.007803 max=0.015844
2025-08-28T18:11:28Z - INFO - [train_model] Epoch 072 | train (price) MSE=0.433811 MAE=0.544146 RMSE=0.658643 | val (price) MSE=1.672866 MAE=1.279259 RMSE=1.293393
2025-08-28T18:11:28Z - INFO - [train_model] Epoch 073 | train (scaled) MSE: mean=0.002433 med=0.000958 std=0.002924 min=0.000008 max=0.008495 | val (scaled) MSE: mean=0.013104 med=0.011480 std=0.003360 min=0.010575 max=0.018880
2025-08-28T18:11:28Z - INFO - [train_model] Epoch 073 | train (price) MSE=0.394596 MAE=0.502343 RMSE=0.628169 | val (price) MSE=2.125303 MAE=1.447112 RMSE=1.457842
2025-08-28T18:11:28Z - INFO - [train_model] Epoch 074 | train (scaled) MSE: mean=0.002456 med=0.001085 std=0.003561 min=0.000024 max=0.013548 | val (scaled) MSE: mean=0.015332 med=0.013637 std=0.003558 min=0.012606 max=0.021446
2025-08-28T18:11:28Z - INFO - [train_model] Epoch 074 | train (price) MSE=0.398339 MAE=0.516863 RMSE=0.631141 | val (price) MSE=2.486565 MAE=1.567299 RMSE=1.576885
2025-08-28T18:11:28Z - INFO - [train_model] Epoch 075 | train (scaled) MSE: mean=0.002543 med=0.001329 std=0.004033 min=0.000016 max=0.015447 | val (scaled) MSE: mean=0.013446 med=0.011851 std=0.003360 min=0.010863 max=0.019219
2025-08-28T18:11:28Z - INFO - [train_model] Epoch 075 | train (price) MSE=0.412433 MAE=0.512998 RMSE=0.642210 | val (price) MSE=2.180767 MAE=1.466388 RMSE=1.476742
2025-08-28T18:11:28Z - INFO - [train_model] Epoch 076 | train (scaled) MSE: mean=0.002299 med=0.000915 std=0.002843 min=0.000018 max=0.009292 | val (scaled) MSE: mean=0.011199 med=0.009643 std=0.003255 min=0.008730 max=0.016779
2025-08-28T18:11:28Z - INFO - [train_model] Epoch 076 | train (price) MSE=0.372816 MAE=0.498831 RMSE=0.610586 | val (price) MSE=1.816308 MAE=1.335062 RMSE=1.347705
2025-08-28T18:11:28Z - INFO - [train_model] Epoch 077 | train (scaled) MSE: mean=0.002332 med=0.000590 std=0.002913 min=0.000045 max=0.008382 | val (scaled) MSE: mean=0.011863 med=0.010280 std=0.003297 min=0.009373 max=0.017519
2025-08-28T18:11:28Z - INFO - [train_model] Epoch 077 | train (price) MSE=0.378274 MAE=0.491853 RMSE=0.615040 | val (price) MSE=1.924025 MAE=1.375156 RMSE=1.387092
2025-08-28T18:11:28Z - INFO - [train_model] Epoch 078 | train (scaled) MSE: mean=0.002254 med=0.001051 std=0.003208 min=0.000002 max=0.011087 | val (scaled) MSE: mean=0.014064 med=0.012405 std=0.003435 min=0.011474 max=0.019970
2025-08-28T18:11:28Z - INFO - [train_model] Epoch 078 | train (price) MSE=0.365639 MAE=0.481226 RMSE=0.604681 | val (price) MSE=2.280922 MAE=1.500144 RMSE=1.510272
2025-08-28T18:11:28Z - INFO - [train_model] Epoch 079 | train (scaled) MSE: mean=0.002305 med=0.001177 std=0.003083 min=0.000007 max=0.010901 | val (scaled) MSE: mean=0.014693 med=0.012958 std=0.003558 min=0.012045 max=0.020809
2025-08-28T18:11:28Z - INFO - [train_model] Epoch 079 | train (price) MSE=0.373866 MAE=0.498993 RMSE=0.611446 | val (price) MSE=2.382975 MAE=1.533509 RMSE=1.543689
2025-08-28T18:11:28Z - INFO - [train_model] Epoch 080 | train (scaled) MSE: mean=0.002232 med=0.001058 std=0.003194 min=0.000003 max=0.011878 | val (scaled) MSE: mean=0.014743 med=0.013081 std=0.003493 min=0.012064 max=0.020745
2025-08-28T18:11:28Z - INFO - [train_model] Epoch 080 | train (price) MSE=0.362039 MAE=0.488357 RMSE=0.601696 | val (price) MSE=2.391113 MAE=1.536538 RMSE=1.546322
2025-08-28T18:11:28Z - INFO - [train_model] Epoch 081 | train (scaled) MSE: mean=0.002401 med=0.001321 std=0.003211 min=0.000004 max=0.011875 | val (scaled) MSE: mean=0.014852 med=0.013194 std=0.003485 min=0.012180 max=0.020841
2025-08-28T18:11:28Z - INFO - [train_model] Epoch 081 | train (price) MSE=0.389456 MAE=0.517127 RMSE=0.624064 | val (price) MSE=2.408858 MAE=1.542412 RMSE=1.552050
2025-08-28T18:11:28Z - INFO - [train_model] Epoch 082 | train (scaled) MSE: mean=0.002344 med=0.000700 std=0.003383 min=0.000023 max=0.010807 | val (scaled) MSE: mean=0.012183 med=0.010566 std=0.003417 min=0.009566 max=0.018033
2025-08-28T18:11:28Z - INFO - [train_model] Epoch 082 | train (price) MSE=0.380183 MAE=0.478535 RMSE=0.616590 | val (price) MSE=1.975911 MAE=1.393335 RMSE=1.405671
2025-08-28T18:11:28Z - INFO - [train_model] Epoch 083 | train (scaled) MSE: mean=0.002256 med=0.000647 std=0.002878 min=0.000037 max=0.008999 | val (scaled) MSE: mean=0.013254 med=0.011588 std=0.003461 min=0.010646 max=0.019193
2025-08-28T18:11:28Z - INFO - [train_model] Epoch 083 | train (price) MSE=0.365816 MAE=0.489936 RMSE=0.604828 | val (price) MSE=2.149600 MAE=1.454961 RMSE=1.466151
2025-08-28T18:11:28Z - INFO - [train_model] Epoch 084 | train (scaled) MSE: mean=0.002457 med=0.001177 std=0.003700 min=0.000013 max=0.013964 | val (scaled) MSE: mean=0.016899 med=0.015157 std=0.003628 min=0.014144 max=0.023139
2025-08-28T18:11:28Z - INFO - [train_model] Epoch 084 | train (price) MSE=0.398537 MAE=0.510367 RMSE=0.631298 | val (price) MSE=2.740833 MAE=1.646886 RMSE=1.655546
2025-08-28T18:11:28Z - INFO - [train_model] Epoch 085 | train (scaled) MSE: mean=0.002609 med=0.001709 std=0.003184 min=0.000027 max=0.011316 | val (scaled) MSE: mean=0.011325 med=0.009806 std=0.003147 min=0.008956 max=0.016732
2025-08-28T18:11:28Z - INFO - [train_model] Epoch 085 | train (price) MSE=0.423194 MAE=0.529906 RMSE=0.650533 | val (price) MSE=1.836783 MAE=1.343634 RMSE=1.355280
2025-08-28T18:11:28Z - INFO - [train_model] Epoch 086 | train (scaled) MSE: mean=0.002160 med=0.000863 std=0.002693 min=0.000004 max=0.008055 | val (scaled) MSE: mean=0.015787 med=0.014070 std=0.003592 min=0.013047 max=0.021962
2025-08-28T18:11:28Z - INFO - [train_model] Epoch 086 | train (price) MSE=0.350324 MAE=0.466420 RMSE=0.591881 | val (price) MSE=2.560457 MAE=1.590778 RMSE=1.600143
2025-08-28T18:11:29Z - INFO - [train_model] Epoch 087 | train (scaled) MSE: mean=0.002327 med=0.001241 std=0.003527 min=0.000001 max=0.013367 | val (scaled) MSE: mean=0.015362 med=0.013659 std=0.003567 min=0.012636 max=0.021492
2025-08-28T18:11:29Z - INFO - [train_model] Epoch 087 | train (price) MSE=0.377404 MAE=0.484135 RMSE=0.614332 | val (price) MSE=2.491446 MAE=1.568825 RMSE=1.578431
2025-08-28T18:11:29Z - INFO - [train_model] Epoch 088 | train (scaled) MSE: mean=0.002436 med=0.000809 std=0.003153 min=0.000002 max=0.009435 | val (scaled) MSE: mean=0.012205 med=0.010696 std=0.003170 min=0.009775 max=0.017651
2025-08-28T18:11:29Z - INFO - [train_model] Epoch 088 | train (price) MSE=0.395073 MAE=0.489181 RMSE=0.628548 | val (price) MSE=1.979404 MAE=1.396295 RMSE=1.406913
2025-08-28T18:11:29Z - INFO - [train_model] Epoch 089 | train (scaled) MSE: mean=0.002252 med=0.001587 std=0.002445 min=0.000038 max=0.007842 | val (scaled) MSE: mean=0.016550 med=0.014828 std=0.003576 min=0.013840 max=0.022702
2025-08-28T18:11:29Z - INFO - [train_model] Epoch 089 | train (price) MSE=0.365191 MAE=0.509540 RMSE=0.604310 | val (price) MSE=2.684148 MAE=1.629657 RMSE=1.638337
2025-08-28T18:11:29Z - INFO - [train_model] Epoch 090 | train (scaled) MSE: mean=0.002073 med=0.001109 std=0.003291 min=0.000000 max=0.012537 | val (scaled) MSE: mean=0.014161 med=0.012548 std=0.003375 min=0.011586 max=0.019963
2025-08-28T18:11:29Z - INFO - [train_model] Epoch 090 | train (price) MSE=0.336264 MAE=0.459981 RMSE=0.579883 | val (price) MSE=2.296795 MAE=1.505822 RMSE=1.515518
2025-08-28T18:11:29Z - INFO - [train_model] Epoch 091 | train (scaled) MSE: mean=0.002104 med=0.000658 std=0.002898 min=0.000005 max=0.008562 | val (scaled) MSE: mean=0.012647 med=0.011052 std=0.003275 min=0.010205 max=0.018277
2025-08-28T18:11:29Z - INFO - [train_model] Epoch 091 | train (price) MSE=0.341160 MAE=0.456508 RMSE=0.584089 | val (price) MSE=2.051088 MAE=1.421417 RMSE=1.432162
2025-08-28T18:11:29Z - INFO - [train_model] Epoch 092 | train (scaled) MSE: mean=0.002159 med=0.000829 std=0.002886 min=0.000005 max=0.009346 | val (scaled) MSE: mean=0.013888 med=0.012301 std=0.003320 min=0.011355 max=0.019597
2025-08-28T18:11:29Z - INFO - [train_model] Epoch 092 | train (price) MSE=0.350118 MAE=0.474669 RMSE=0.591708 | val (price) MSE=2.252511 MAE=1.491178 RMSE=1.500837
2025-08-28T18:11:29Z - INFO - [train_model] Epoch 093 | train (scaled) MSE: mean=0.002202 med=0.001187 std=0.003154 min=0.000008 max=0.011875 | val (scaled) MSE: mean=0.015040 med=0.013420 std=0.003368 min=0.012485 max=0.020836
2025-08-28T18:11:29Z - INFO - [train_model] Epoch 093 | train (price) MSE=0.357110 MAE=0.481119 RMSE=0.597587 | val (price) MSE=2.439314 MAE=1.552968 RMSE=1.561830
2025-08-28T18:11:29Z - INFO - [train_model] Epoch 094 | train (scaled) MSE: mean=0.001949 med=0.001179 std=0.002516 min=0.000029 max=0.009379 | val (scaled) MSE: mean=0.012342 med=0.010850 std=0.003126 min=0.009951 max=0.017715
2025-08-28T18:11:29Z - INFO - [train_model] Epoch 094 | train (price) MSE=0.316172 MAE=0.472880 RMSE=0.562292 | val (price) MSE=2.001626 MAE=1.404615 RMSE=1.414788
2025-08-28T18:11:29Z - INFO - [train_model] Epoch 095 | train (scaled) MSE: mean=0.002516 med=0.000378 std=0.003265 min=0.000001 max=0.010649 | val (scaled) MSE: mean=0.011388 med=0.009860 std=0.003185 min=0.008984 max=0.016850
2025-08-28T18:11:29Z - INFO - [train_model] Epoch 095 | train (price) MSE=0.408126 MAE=0.485506 RMSE=0.638847 | val (price) MSE=1.847055 MAE=1.347228 RMSE=1.359064
2025-08-28T18:11:29Z - INFO - [train_model] Epoch 096 | train (scaled) MSE: mean=0.001749 med=0.000809 std=0.002236 min=0.000018 max=0.007031 | val (scaled) MSE: mean=0.017033 med=0.015301 std=0.003595 min=0.014313 max=0.023218
2025-08-28T18:11:29Z - INFO - [train_model] Epoch 096 | train (price) MSE=0.283583 MAE=0.424765 RMSE=0.532526 | val (price) MSE=2.762563 MAE=1.653683 RMSE=1.662096
2025-08-28T18:11:29Z - INFO - [train_model] Epoch 097 | train (scaled) MSE: mean=0.002399 med=0.001325 std=0.003529 min=0.000003 max=0.013127 | val (scaled) MSE: mean=0.013973 med=0.012400 std=0.003271 min=0.011493 max=0.019601
2025-08-28T18:11:29Z - INFO - [train_model] Epoch 097 | train (price) MSE=0.389042 MAE=0.489360 RMSE=0.623733 | val (price) MSE=2.266277 MAE=1.496115 RMSE=1.505416
2025-08-28T18:11:29Z - INFO - [train_model] Epoch 098 | train (scaled) MSE: mean=0.001947 med=0.001028 std=0.002621 min=0.000000 max=0.009473 | val (scaled) MSE: mean=0.014397 med=0.012814 std=0.003286 min=0.011908 max=0.020051
2025-08-28T18:11:29Z - INFO - [train_model] Epoch 098 | train (price) MSE=0.315699 MAE=0.458269 RMSE=0.561871 | val (price) MSE=2.334964 MAE=1.519068 RMSE=1.528059
2025-08-28T18:11:29Z - INFO - [train_model] Epoch 099 | train (scaled) MSE: mean=0.002025 med=0.000916 std=0.002620 min=0.000033 max=0.008429 | val (scaled) MSE: mean=0.012436 med=0.010948 std=0.003112 min=0.010060 max=0.017787
2025-08-28T18:11:29Z - INFO - [train_model] Epoch 099 | train (price) MSE=0.328375 MAE=0.467717 RMSE=0.573040 | val (price) MSE=2.016910 MAE=1.410202 RMSE=1.420179
2025-08-28T18:11:29Z - INFO - [train_model] Epoch 100 | train (scaled) MSE: mean=0.002062 med=0.000928 std=0.002771 min=0.000033 max=0.008689 | val (scaled) MSE: mean=0.014755 med=0.013157 std=0.003319 min=0.012238 max=0.020466
2025-08-28T18:11:29Z - INFO - [train_model] Epoch 100 | train (price) MSE=0.334416 MAE=0.460090 RMSE=0.578287 | val (price) MSE=2.393006 MAE=1.538083 RMSE=1.546934
2025-08-28T18:11:29Z - INFO - [train_model] Epoch 101 | train (scaled) MSE: mean=0.001995 med=0.001119 std=0.002871 min=0.000008 max=0.010623 | val (scaled) MSE: mean=0.013813 med=0.012260 std=0.003217 min=0.011381 max=0.019350
2025-08-28T18:11:29Z - INFO - [train_model] Epoch 101 | train (price) MSE=0.323490 MAE=0.459554 RMSE=0.568762 | val (price) MSE=2.240252 MAE=1.487593 RMSE=1.496747
2025-08-28T18:11:29Z - INFO - [train_model] Epoch 102 | train (scaled) MSE: mean=0.002228 med=0.000718 std=0.002871 min=0.000003 max=0.009383 | val (scaled) MSE: mean=0.011579 med=0.010045 std=0.003205 min=0.009151 max=0.017073
2025-08-28T18:11:29Z - INFO - [train_model] Epoch 102 | train (price) MSE=0.361335 MAE=0.479587 RMSE=0.601112 | val (price) MSE=1.877877 MAE=1.358646 RMSE=1.370356
2025-08-28T18:11:29Z - INFO - [train_model] Epoch 103 | train (scaled) MSE: mean=0.001837 med=0.000489 std=0.002398 min=0.000002 max=0.006881 | val (scaled) MSE: mean=0.014918 med=0.013240 std=0.003421 min=0.012384 max=0.020807
2025-08-28T18:11:29Z - INFO - [train_model] Epoch 103 | train (price) MSE=0.297884 MAE=0.428073 RMSE=0.545787 | val (price) MSE=2.419437 MAE=1.546224 RMSE=1.555454
2025-08-28T18:11:29Z - INFO - [train_model] Epoch 104 | train (scaled) MSE: mean=0.002215 med=0.001348 std=0.003298 min=0.000002 max=0.012146 | val (scaled) MSE: mean=0.016267 med=0.014577 std=0.003448 min=0.013708 max=0.022207
2025-08-28T18:11:29Z - INFO - [train_model] Epoch 104 | train (price) MSE=0.359205 MAE=0.470355 RMSE=0.599337 | val (price) MSE=2.638346 MAE=1.616016 RMSE=1.624299
2025-08-28T18:11:29Z - INFO - [train_model] Epoch 105 | train (scaled) MSE: mean=0.001821 med=0.000789 std=0.002347 min=0.000000 max=0.007620 | val (scaled) MSE: mean=0.013006 med=0.011487 std=0.003134 min=0.010649 max=0.018401
2025-08-28T18:11:29Z - INFO - [train_model] Epoch 105 | train (price) MSE=0.295415 MAE=0.432917 RMSE=0.543521 | val (price) MSE=2.109408 MAE=1.442898 RMSE=1.452380
2025-08-28T18:11:29Z - INFO - [train_model] Early stopping at epoch 105 (best price val MSE=0.025888 @ epoch 45)
2025-08-28T18:11:30Z - INFO - [visualize_full_prediction] Saved full prediction plot for ['ACAM', 'BMY', 'EBAY', 'EWI', 'BABA', 'DAL', 'JNJ', 'NFLX', 'TSLA'] to output/20250828-141121/plots/all_tickers_finbert-transformer_full_price_prediction.png
2025-08-28T18:11:30Z - INFO - [visualize_sentiment] Saved sentiment plot for all_tickers to output/20250828-141121/plots/all_tickers_sentiment.png
2025-08-28T18:11:30Z - INFO - [train] [all_tickers] Test (price) MSE=681.548400879 | MAE=16.202081680 | RMSE=26.106481971 (scaled MSE=4.202262878)
2025-08-28T18:11:30Z - INFO - [train] [all_tickers] Final (price) Train MSE=0.295415193 | Val MSE=2.109407902 (scaled Train MSE=0.001821456 | Val MSE=0.013006099)
2025-08-28T18:11:30Z - INFO - [train] [all_tickers] Best epoch=45 | Best (price) Train MSE=3.153298378 | Best (price) Val MSE=0.025887670 | Saved at=/home/tbfs/Projects/finBert/output/20250828-141121/saved_weights/all_tickers/all_tickers_best-epoch045.pt
2025-08-28T18:11:30Z - INFO - [train] Wrote evaluation summary → output/20250828-141121/evaluation.json
