2025-08-28T18:12:42Z - INFO - [Pipeline::__init__] Loaded news dataframe with columns=['title', 'date', 'stock'] shape=(1277896, 3).
2025-08-28T18:12:43Z - INFO - [SentimentGenerator::_load] Loaded precomputed sentiment from /home/tbfs/Projects/finBert/output/20250823-140342/sentiment_daily.csv
2025-08-28T18:12:43Z - INFO - [train] Training predictor for ticker: ['ACAM', 'BMY', 'EBAY', 'EWI', 'BABA', 'DAL', 'JNJ', 'NFLX', 'TSLA']
2025-08-28T18:12:43Z - WARNING - [process_ticker] Skipping ACAM: price file is empty after loading (/home/tbfs/Projects/finBert/yf/ACAM.csv)
2025-08-28T18:12:43Z - INFO - [process_ticker] Loaded prices for BABA with columns=['date', 'open', 'high', 'low', 'close', 'volume', 'Dividends', 'Stock Splits'] shape=(1330, 8).
2025-08-28T18:12:43Z - INFO - [process_ticker] Loaded prices for EBAY with columns=['date', 'open', 'high', 'low', 'close', 'volume', 'Dividends', 'Stock Splits'] shape=(2516, 8).
2025-08-28T18:12:43Z - INFO - [process_ticker] Loaded prices for BMY with columns=['date', 'open', 'high', 'low', 'close', 'volume', 'Dividends', 'Stock Splits'] shape=(2516, 8).
2025-08-28T18:12:43Z - INFO - [process_ticker] Loaded prices for DAL with columns=['date', 'open', 'high', 'low', 'close', 'volume', 'Dividends', 'Stock Splits'] shape=(2516, 8).
2025-08-28T18:12:43Z - INFO - [process_ticker] Loaded prices for TSLA with columns=['date', 'open', 'high', 'low', 'close', 'volume', 'Dividends', 'Stock Splits'] shape=(2394, 8).
2025-08-28T18:12:43Z - INFO - [process_ticker] Loaded prices for EWI with columns=['date', 'open', 'high', 'low', 'close', 'volume', 'Dividends', 'Stock Splits', 'Capital Gains'] shape=(2516, 9).
2025-08-28T18:12:43Z - INFO - [process_ticker] Loaded prices for NFLX with columns=['date', 'open', 'high', 'low', 'close', 'volume', 'Dividends', 'Stock Splits'] shape=(2516, 8).
2025-08-28T18:12:43Z - INFO - [process_ticker] Loaded prices for JNJ with columns=['date', 'open', 'high', 'low', 'close', 'volume', 'Dividends', 'Stock Splits'] shape=(2516, 8).
2025-08-28T18:12:43Z - INFO - [train] feat_cols=['Open', 'High', 'Low', 'Volume', 'Close']
2025-08-28T18:12:43Z - INFO - [train] Combined supervised dataframe shape: (18812, 14)
2025-08-28T18:12:43Z - INFO - [SequenceDataset::__init__] len(self.valid_indices)=12 out of len(df_)=18812 samples are valid for lookback=60 with sentiment_col=SentimentScore
2025-08-28T18:12:43Z - INFO - [SequenceDataset::__init__] len(self.valid_indices)=4 out of len(df_)=18812 samples are valid for lookback=60 with sentiment_col=SentimentScore
2025-08-28T18:12:43Z - INFO - [SequenceDataset::__init__] len(self.valid_indices)=5 out of len(df_)=18812 samples are valid for lookback=60 with sentiment_col=SentimentScore
2025-08-28T18:12:43Z - INFO - [train_model] Epoch 001 | train (scaled) MSE: mean=0.185114 med=0.095690 std=0.266498 min=0.006823 max=0.799124 | val (scaled) MSE: mean=0.001342 med=0.001442 std=0.000732 min=0.000225 max=0.002257
2025-08-28T18:12:43Z - INFO - [train_model] Epoch 001 | train (price) MSE=30.022890 MAE=4.245423 RMSE=5.479315 | val (price) MSE=0.217589 MAE=0.440591 RMSE=0.466464
2025-08-28T18:12:43Z - INFO - [train_model] New best (price) val MSE=0.217589 at epoch 1; saved → /home/tbfs/Projects/finBert/output/20250828-141238/saved_weights/all_tickers/all_tickers_best-epoch001.pt
2025-08-28T18:12:43Z - INFO - [train_model] Epoch 002 | train (scaled) MSE: mean=0.184312 med=0.094873 std=0.265624 min=0.007028 max=0.796897 | val (scaled) MSE: mean=0.001275 med=0.001369 std=0.000707 min=0.000199 max=0.002163
2025-08-28T18:12:43Z - INFO - [train_model] Epoch 002 | train (price) MSE=29.892828 MAE=4.239136 RMSE=5.467433 | val (price) MSE=0.206774 MAE=0.428265 RMSE=0.454724
2025-08-28T18:12:43Z - INFO - [train_model] New best (price) val MSE=0.206774 at epoch 2; saved → /home/tbfs/Projects/finBert/output/20250828-141238/saved_weights/all_tickers/all_tickers_best-epoch002.pt
2025-08-28T18:12:43Z - INFO - [train_model] Epoch 003 | train (scaled) MSE: mean=0.183426 med=0.094306 std=0.264376 min=0.007209 max=0.793091 | val (scaled) MSE: mean=0.001207 med=0.001295 std=0.000680 min=0.000174 max=0.002064
2025-08-28T18:12:43Z - INFO - [train_model] Epoch 003 | train (price) MSE=29.749130 MAE=4.233322 RMSE=5.454276 | val (price) MSE=0.195800 MAE=0.415542 RMSE=0.442493
2025-08-28T18:12:43Z - INFO - [train_model] New best (price) val MSE=0.195800 at epoch 3; saved → /home/tbfs/Projects/finBert/output/20250828-141238/saved_weights/all_tickers/all_tickers_best-epoch003.pt
2025-08-28T18:12:43Z - INFO - [train_model] Epoch 004 | train (scaled) MSE: mean=0.182634 med=0.093220 std=0.263538 min=0.007338 max=0.789378 | val (scaled) MSE: mean=0.001138 med=0.001219 std=0.000654 min=0.000147 max=0.001967
2025-08-28T18:12:43Z - INFO - [train_model] Epoch 004 | train (price) MSE=29.620735 MAE=4.226656 RMSE=5.442493 | val (price) MSE=0.184572 MAE=0.401866 RMSE=0.429619
2025-08-28T18:12:43Z - INFO - [train_model] New best (price) val MSE=0.184572 at epoch 4; saved → /home/tbfs/Projects/finBert/output/20250828-141238/saved_weights/all_tickers/all_tickers_best-epoch004.pt
2025-08-28T18:12:43Z - INFO - [train_model] Epoch 005 | train (scaled) MSE: mean=0.181804 med=0.092521 std=0.262558 min=0.007504 max=0.788487 | val (scaled) MSE: mean=0.001076 med=0.001150 std=0.000629 min=0.000124 max=0.001877
2025-08-28T18:12:43Z - INFO - [train_model] Epoch 005 | train (price) MSE=29.486115 MAE=4.220695 RMSE=5.430112 | val (price) MSE=0.174432 MAE=0.389151 RMSE=0.417650
2025-08-28T18:12:43Z - INFO - [train_model] New best (price) val MSE=0.174432 at epoch 5; saved → /home/tbfs/Projects/finBert/output/20250828-141238/saved_weights/all_tickers/all_tickers_best-epoch005.pt
2025-08-28T18:12:43Z - INFO - [train_model] Epoch 006 | train (scaled) MSE: mean=0.181065 med=0.091654 std=0.261523 min=0.007678 max=0.783363 | val (scaled) MSE: mean=0.001006 med=0.001074 std=0.000600 min=0.000101 max=0.001774
2025-08-28T18:12:43Z - INFO - [train_model] Epoch 006 | train (price) MSE=29.366243 MAE=4.216946 RMSE=5.419063 | val (price) MSE=0.163126 MAE=0.374493 RMSE=0.403889
2025-08-28T18:12:43Z - INFO - [train_model] New best (price) val MSE=0.163126 at epoch 6; saved → /home/tbfs/Projects/finBert/output/20250828-141238/saved_weights/all_tickers/all_tickers_best-epoch006.pt
2025-08-28T18:12:43Z - INFO - [train_model] Epoch 007 | train (scaled) MSE: mean=0.180194 med=0.090802 std=0.260401 min=0.007928 max=0.782269 | val (scaled) MSE: mean=0.000947 med=0.001009 std=0.000576 min=0.000082 max=0.001689
2025-08-28T18:12:43Z - INFO - [train_model] Epoch 007 | train (price) MSE=29.224989 MAE=4.210939 RMSE=5.406014 | val (price) MSE=0.153637 MAE=0.361712 RMSE=0.391966
2025-08-28T18:12:43Z - INFO - [train_model] New best (price) val MSE=0.153637 at epoch 7; saved → /home/tbfs/Projects/finBert/output/20250828-141238/saved_weights/all_tickers/all_tickers_best-epoch007.pt
2025-08-28T18:12:43Z - INFO - [train_model] Epoch 008 | train (scaled) MSE: mean=0.179503 med=0.090271 std=0.259509 min=0.008195 max=0.777848 | val (scaled) MSE: mean=0.000883 med=0.000937 std=0.000549 min=0.000063 max=0.001595
2025-08-28T18:12:43Z - INFO - [train_model] Epoch 008 | train (price) MSE=29.112869 MAE=4.207341 RMSE=5.395634 | val (price) MSE=0.143242 MAE=0.347151 RMSE=0.378473
2025-08-28T18:12:43Z - INFO - [train_model] New best (price) val MSE=0.143242 at epoch 8; saved → /home/tbfs/Projects/finBert/output/20250828-141238/saved_weights/all_tickers/all_tickers_best-epoch008.pt
2025-08-28T18:12:43Z - INFO - [train_model] Epoch 009 | train (scaled) MSE: mean=0.178724 med=0.089245 std=0.258603 min=0.008360 max=0.776181 | val (scaled) MSE: mean=0.000830 med=0.000878 std=0.000525 min=0.000049 max=0.001515
2025-08-28T18:12:43Z - INFO - [train_model] Epoch 009 | train (price) MSE=28.986549 MAE=4.201414 RMSE=5.383916 | val (price) MSE=0.134640 MAE=0.334627 RMSE=0.366934
2025-08-28T18:12:43Z - INFO - [train_model] New best (price) val MSE=0.134640 at epoch 9; saved → /home/tbfs/Projects/finBert/output/20250828-141238/saved_weights/all_tickers/all_tickers_best-epoch009.pt
2025-08-28T18:12:43Z - INFO - [train_model] Epoch 010 | train (scaled) MSE: mean=0.177862 med=0.088585 std=0.257352 min=0.008498 max=0.772420 | val (scaled) MSE: mean=0.000781 med=0.000823 std=0.000502 min=0.000037 max=0.001441
2025-08-28T18:12:43Z - INFO - [train_model] Epoch 010 | train (price) MSE=28.846796 MAE=4.195091 RMSE=5.370921 | val (price) MSE=0.126635 MAE=0.322537 RMSE=0.355858
2025-08-28T18:12:43Z - INFO - [train_model] New best (price) val MSE=0.126635 at epoch 10; saved → /home/tbfs/Projects/finBert/output/20250828-141238/saved_weights/all_tickers/all_tickers_best-epoch010.pt
2025-08-28T18:12:43Z - INFO - [train_model] Epoch 011 | train (scaled) MSE: mean=0.176991 med=0.087842 std=0.256170 min=0.008637 max=0.768982 | val (scaled) MSE: mean=0.000734 med=0.000770 std=0.000480 min=0.000026 max=0.001369
2025-08-28T18:12:43Z - INFO - [train_model] Epoch 011 | train (price) MSE=28.705530 MAE=4.188459 RMSE=5.357754 | val (price) MSE=0.119000 MAE=0.310572 RMSE=0.344963
2025-08-28T18:12:43Z - INFO - [train_model] New best (price) val MSE=0.119000 at epoch 11; saved → /home/tbfs/Projects/finBert/output/20250828-141238/saved_weights/all_tickers/all_tickers_best-epoch011.pt
2025-08-28T18:12:43Z - INFO - [train_model] Epoch 012 | train (scaled) MSE: mean=0.176011 med=0.087139 std=0.254719 min=0.008838 max=0.764926 | val (scaled) MSE: mean=0.000684 med=0.000715 std=0.000454 min=0.000017 max=0.001287
2025-08-28T18:12:43Z - INFO - [train_model] Epoch 012 | train (price) MSE=28.546530 MAE=4.181396 RMSE=5.342895 | val (price) MSE=0.110900 MAE=0.297431 RMSE=0.333016
2025-08-28T18:12:43Z - INFO - [train_model] New best (price) val MSE=0.110900 at epoch 12; saved → /home/tbfs/Projects/finBert/output/20250828-141238/saved_weights/all_tickers/all_tickers_best-epoch012.pt
2025-08-28T18:12:43Z - INFO - [train_model] Epoch 013 | train (scaled) MSE: mean=0.175213 med=0.085781 std=0.253722 min=0.009001 max=0.760892 | val (scaled) MSE: mean=0.000619 med=0.000642 std=0.000420 min=0.000008 max=0.001185
2025-08-28T18:12:43Z - INFO - [train_model] Epoch 013 | train (price) MSE=28.417139 MAE=4.176090 RMSE=5.330773 | val (price) MSE=0.100389 MAE=0.279376 RMSE=0.316842
2025-08-28T18:12:43Z - INFO - [train_model] New best (price) val MSE=0.100389 at epoch 13; saved → /home/tbfs/Projects/finBert/output/20250828-141238/saved_weights/all_tickers/all_tickers_best-epoch013.pt
2025-08-28T18:12:43Z - INFO - [train_model] Epoch 014 | train (scaled) MSE: mean=0.174264 med=0.085147 std=0.252507 min=0.009492 max=0.758881 | val (scaled) MSE: mean=0.000563 med=0.000577 std=0.000390 min=0.000002 max=0.001095
2025-08-28T18:12:43Z - INFO - [train_model] Epoch 014 | train (price) MSE=28.263182 MAE=4.170459 RMSE=5.316313 | val (price) MSE=0.091288 MAE=0.262764 RMSE=0.302140
2025-08-28T18:12:43Z - INFO - [train_model] New best (price) val MSE=0.091288 at epoch 14; saved → /home/tbfs/Projects/finBert/output/20250828-141238/saved_weights/all_tickers/all_tickers_best-epoch014.pt
2025-08-28T18:12:43Z - INFO - [train_model] Epoch 015 | train (scaled) MSE: mean=0.173453 med=0.083931 std=0.251749 min=0.009619 max=0.756323 | val (scaled) MSE: mean=0.000521 med=0.000528 std=0.000365 min=0.000000 max=0.001025
2025-08-28T18:12:43Z - INFO - [train_model] Epoch 015 | train (price) MSE=28.131721 MAE=4.162651 RMSE=5.303935 | val (price) MSE=0.084422 MAE=0.249488 RMSE=0.290554
2025-08-28T18:12:43Z - INFO - [train_model] New best (price) val MSE=0.084422 at epoch 15; saved → /home/tbfs/Projects/finBert/output/20250828-141238/saved_weights/all_tickers/all_tickers_best-epoch015.pt
2025-08-28T18:12:43Z - INFO - [train_model] Epoch 016 | train (scaled) MSE: mean=0.172838 med=0.083320 std=0.250667 min=0.009856 max=0.752827 | val (scaled) MSE: mean=0.000476 med=0.000476 std=0.000339 min=0.000000 max=0.000950
2025-08-28T18:12:43Z - INFO - [train_model] Epoch 016 | train (price) MSE=28.031977 MAE=4.161412 RMSE=5.294523 | val (price) MSE=0.077169 MAE=0.239026 RMSE=0.277793
2025-08-28T18:12:43Z - INFO - [train_model] New best (price) val MSE=0.077169 at epoch 16; saved → /home/tbfs/Projects/finBert/output/20250828-141238/saved_weights/all_tickers/all_tickers_best-epoch016.pt
2025-08-28T18:12:43Z - INFO - [train_model] Epoch 017 | train (scaled) MSE: mean=0.172105 med=0.082788 std=0.249693 min=0.010160 max=0.749963 | val (scaled) MSE: mean=0.000441 med=0.000435 std=0.000317 min=0.000003 max=0.000891
2025-08-28T18:12:43Z - INFO - [train_model] Epoch 017 | train (price) MSE=27.913040 MAE=4.156480 RMSE=5.283279 | val (price) MSE=0.071498 MAE=0.232782 RMSE=0.267390
2025-08-28T18:12:43Z - INFO - [train_model] New best (price) val MSE=0.071498 at epoch 17; saved → /home/tbfs/Projects/finBert/output/20250828-141238/saved_weights/all_tickers/all_tickers_best-epoch017.pt
2025-08-28T18:12:43Z - INFO - [train_model] Epoch 018 | train (scaled) MSE: mean=0.171474 med=0.082016 std=0.248948 min=0.010246 max=0.748021 | val (scaled) MSE: mean=0.000409 med=0.000396 std=0.000296 min=0.000007 max=0.000836
2025-08-28T18:12:43Z - INFO - [train_model] Epoch 018 | train (price) MSE=27.810646 MAE=4.151553 RMSE=5.273580 | val (price) MSE=0.066290 MAE=0.226706 RMSE=0.257468
2025-08-28T18:12:43Z - INFO - [train_model] New best (price) val MSE=0.066290 at epoch 18; saved → /home/tbfs/Projects/finBert/output/20250828-141238/saved_weights/all_tickers/all_tickers_best-epoch018.pt
2025-08-28T18:12:43Z - INFO - [train_model] Epoch 019 | train (scaled) MSE: mean=0.170879 med=0.080891 std=0.248369 min=0.010574 max=0.745611 | val (scaled) MSE: mean=0.000375 med=0.000355 std=0.000273 min=0.000013 max=0.000775
2025-08-28T18:12:43Z - INFO - [train_model] Epoch 019 | train (price) MSE=27.714224 MAE=4.146832 RMSE=5.264430 | val (price) MSE=0.060785 MAE=0.219906 RMSE=0.246546
2025-08-28T18:12:43Z - INFO - [train_model] New best (price) val MSE=0.060785 at epoch 19; saved → /home/tbfs/Projects/finBert/output/20250828-141238/saved_weights/all_tickers/all_tickers_best-epoch019.pt
2025-08-28T18:12:43Z - INFO - [train_model] Epoch 020 | train (scaled) MSE: mean=0.170177 med=0.080535 std=0.247360 min=0.010647 max=0.743698 | val (scaled) MSE: mean=0.000345 med=0.000320 std=0.000251 min=0.000021 max=0.000721
2025-08-28T18:12:43Z - INFO - [train_model] Epoch 020 | train (price) MSE=27.600319 MAE=4.142043 RMSE=5.253601 | val (price) MSE=0.055998 MAE=0.213587 RMSE=0.236639
2025-08-28T18:12:43Z - INFO - [train_model] New best (price) val MSE=0.055998 at epoch 20; saved → /home/tbfs/Projects/finBert/output/20250828-141238/saved_weights/all_tickers/all_tickers_best-epoch020.pt
2025-08-28T18:12:43Z - INFO - [train_model] Epoch 021 | train (scaled) MSE: mean=0.169716 med=0.079828 std=0.246784 min=0.011055 max=0.742080 | val (scaled) MSE: mean=0.000311 med=0.000277 std=0.000224 min=0.000034 max=0.000655
2025-08-28T18:12:43Z - INFO - [train_model] Epoch 021 | train (price) MSE=27.525633 MAE=4.141169 RMSE=5.246488 | val (price) MSE=0.050419 MAE=0.205659 RMSE=0.224541
2025-08-28T18:12:43Z - INFO - [train_model] New best (price) val MSE=0.050419 at epoch 21; saved → /home/tbfs/Projects/finBert/output/20250828-141238/saved_weights/all_tickers/all_tickers_best-epoch021.pt
2025-08-28T18:12:43Z - INFO - [train_model] Epoch 022 | train (scaled) MSE: mean=0.168933 med=0.079111 std=0.245707 min=0.011142 max=0.738675 | val (scaled) MSE: mean=0.000288 med=0.000249 std=0.000206 min=0.000044 max=0.000610
2025-08-28T18:12:43Z - INFO - [train_model] Epoch 022 | train (price) MSE=27.398512 MAE=4.134958 RMSE=5.234359 | val (price) MSE=0.046727 MAE=0.199970 RMSE=0.216164
2025-08-28T18:12:43Z - INFO - [train_model] New best (price) val MSE=0.046727 at epoch 22; saved → /home/tbfs/Projects/finBert/output/20250828-141238/saved_weights/all_tickers/all_tickers_best-epoch022.pt
2025-08-28T18:12:43Z - INFO - [train_model] Epoch 023 | train (scaled) MSE: mean=0.168426 med=0.078269 std=0.245170 min=0.011492 max=0.737976 | val (scaled) MSE: mean=0.000264 med=0.000218 std=0.000185 min=0.000059 max=0.000560
2025-08-28T18:12:43Z - INFO - [train_model] Epoch 023 | train (price) MSE=27.316317 MAE=4.131595 RMSE=5.226501 | val (price) MSE=0.042744 MAE=0.193338 RMSE=0.206747
2025-08-28T18:12:43Z - INFO - [train_model] New best (price) val MSE=0.042744 at epoch 23; saved → /home/tbfs/Projects/finBert/output/20250828-141238/saved_weights/all_tickers/all_tickers_best-epoch023.pt
2025-08-28T18:12:44Z - INFO - [train_model] Epoch 024 | train (scaled) MSE: mean=0.167809 med=0.077424 std=0.244496 min=0.011613 max=0.735454 | val (scaled) MSE: mean=0.000246 med=0.000195 std=0.000169 min=0.000071 max=0.000522
2025-08-28T18:12:44Z - INFO - [train_model] Epoch 024 | train (price) MSE=27.216337 MAE=4.125815 RMSE=5.216928 | val (price) MSE=0.039869 MAE=0.188144 RMSE=0.199672
2025-08-28T18:12:44Z - INFO - [train_model] New best (price) val MSE=0.039869 at epoch 24; saved → /home/tbfs/Projects/finBert/output/20250828-141238/saved_weights/all_tickers/all_tickers_best-epoch024.pt
2025-08-28T18:12:44Z - INFO - [train_model] Epoch 025 | train (scaled) MSE: mean=0.167191 med=0.077092 std=0.243427 min=0.011797 max=0.732581 | val (scaled) MSE: mean=0.000228 med=0.000172 std=0.000153 min=0.000086 max=0.000483
2025-08-28T18:12:44Z - INFO - [train_model] Epoch 025 | train (price) MSE=27.116104 MAE=4.122791 RMSE=5.207313 | val (price) MSE=0.037030 MAE=0.182612 RMSE=0.192433
2025-08-28T18:12:44Z - INFO - [train_model] New best (price) val MSE=0.037030 at epoch 25; saved → /home/tbfs/Projects/finBert/output/20250828-141238/saved_weights/all_tickers/all_tickers_best-epoch025.pt
2025-08-28T18:12:44Z - INFO - [train_model] Epoch 026 | train (scaled) MSE: mean=0.166621 med=0.076409 std=0.242660 min=0.012038 max=0.729110 | val (scaled) MSE: mean=0.000211 med=0.000149 std=0.000137 min=0.000103 max=0.000444
2025-08-28T18:12:44Z - INFO - [train_model] Epoch 026 | train (price) MSE=27.023621 MAE=4.118814 RMSE=5.198425 | val (price) MSE=0.034266 MAE=0.176734 RMSE=0.185110
2025-08-28T18:12:44Z - INFO - [train_model] New best (price) val MSE=0.034266 at epoch 26; saved → /home/tbfs/Projects/finBert/output/20250828-141238/saved_weights/all_tickers/all_tickers_best-epoch026.pt
2025-08-28T18:12:44Z - INFO - [train_model] Epoch 027 | train (scaled) MSE: mean=0.166064 med=0.075844 std=0.241893 min=0.012286 max=0.726925 | val (scaled) MSE: mean=0.000195 med=0.000139 std=0.000123 min=0.000099 max=0.000405
2025-08-28T18:12:44Z - INFO - [train_model] Epoch 027 | train (price) MSE=26.933212 MAE=4.115457 RMSE=5.189722 | val (price) MSE=0.031693 MAE=0.170668 RMSE=0.178025
2025-08-28T18:12:44Z - INFO - [train_model] New best (price) val MSE=0.031693 at epoch 27; saved → /home/tbfs/Projects/finBert/output/20250828-141238/saved_weights/all_tickers/all_tickers_best-epoch027.pt
2025-08-28T18:12:44Z - INFO - [train_model] Epoch 028 | train (scaled) MSE: mean=0.165480 med=0.075153 std=0.241169 min=0.012463 max=0.726192 | val (scaled) MSE: mean=0.000181 med=0.000138 std=0.000110 min=0.000082 max=0.000368
2025-08-28T18:12:44Z - INFO - [train_model] Epoch 028 | train (price) MSE=26.838556 MAE=4.111351 RMSE=5.180594 | val (price) MSE=0.029428 MAE=0.164678 RMSE=0.171546
2025-08-28T18:12:44Z - INFO - [train_model] New best (price) val MSE=0.029428 at epoch 28; saved → /home/tbfs/Projects/finBert/output/20250828-141238/saved_weights/all_tickers/all_tickers_best-epoch028.pt
2025-08-28T18:12:44Z - INFO - [train_model] Epoch 029 | train (scaled) MSE: mean=0.164851 med=0.074563 std=0.240202 min=0.012806 max=0.722147 | val (scaled) MSE: mean=0.000169 med=0.000139 std=0.000101 min=0.000066 max=0.000333
2025-08-28T18:12:44Z - INFO - [train_model] Epoch 029 | train (price) MSE=26.736612 MAE=4.107210 RMSE=5.170746 | val (price) MSE=0.027439 MAE=0.158661 RMSE=0.165646
2025-08-28T18:12:44Z - INFO - [train_model] New best (price) val MSE=0.027439 at epoch 29; saved → /home/tbfs/Projects/finBert/output/20250828-141238/saved_weights/all_tickers/all_tickers_best-epoch029.pt
2025-08-28T18:12:44Z - INFO - [train_model] Epoch 030 | train (scaled) MSE: mean=0.164216 med=0.073935 std=0.239480 min=0.012937 max=0.720360 | val (scaled) MSE: mean=0.000160 med=0.000141 std=0.000096 min=0.000055 max=0.000305
2025-08-28T18:12:44Z - INFO - [train_model] Epoch 030 | train (price) MSE=26.633537 MAE=4.101441 RMSE=5.160769 | val (price) MSE=0.026028 MAE=0.153800 RMSE=0.161333
2025-08-28T18:12:44Z - INFO - [train_model] New best (price) val MSE=0.026028 at epoch 30; saved → /home/tbfs/Projects/finBert/output/20250828-141238/saved_weights/all_tickers/all_tickers_best-epoch030.pt
2025-08-28T18:12:44Z - INFO - [train_model] Epoch 031 | train (scaled) MSE: mean=0.163654 med=0.073086 std=0.238675 min=0.013112 max=0.718349 | val (scaled) MSE: mean=0.000151 med=0.000145 std=0.000094 min=0.000042 max=0.000272
2025-08-28T18:12:44Z - INFO - [train_model] Epoch 031 | train (price) MSE=26.542360 MAE=4.097657 RMSE=5.151928 | val (price) MSE=0.024497 MAE=0.147607 RMSE=0.156515
2025-08-28T18:12:44Z - INFO - [train_model] New best (price) val MSE=0.024497 at epoch 31; saved → /home/tbfs/Projects/finBert/output/20250828-141238/saved_weights/all_tickers/all_tickers_best-epoch031.pt
2025-08-28T18:12:44Z - INFO - [train_model] Epoch 032 | train (scaled) MSE: mean=0.162977 med=0.072702 std=0.237586 min=0.013311 max=0.716134 | val (scaled) MSE: mean=0.000145 med=0.000150 std=0.000097 min=0.000033 max=0.000247
2025-08-28T18:12:44Z - INFO - [train_model] Epoch 032 | train (price) MSE=26.432665 MAE=4.093347 RMSE=5.141271 | val (price) MSE=0.023476 MAE=0.142587 RMSE=0.153217
2025-08-28T18:12:44Z - INFO - [train_model] New best (price) val MSE=0.023476 at epoch 32; saved → /home/tbfs/Projects/finBert/output/20250828-141238/saved_weights/all_tickers/all_tickers_best-epoch032.pt
2025-08-28T18:12:44Z - INFO - [train_model] Epoch 033 | train (scaled) MSE: mean=0.162426 med=0.072086 std=0.237052 min=0.013506 max=0.714334 | val (scaled) MSE: mean=0.000140 med=0.000139 std=0.000102 min=0.000025 max=0.000256
2025-08-28T18:12:44Z - INFO - [train_model] Epoch 033 | train (price) MSE=26.343210 MAE=4.087074 RMSE=5.132564 | val (price) MSE=0.022704 MAE=0.138009 RMSE=0.150679
2025-08-28T18:12:44Z - INFO - [train_model] New best (price) val MSE=0.022704 at epoch 33; saved → /home/tbfs/Projects/finBert/output/20250828-141238/saved_weights/all_tickers/all_tickers_best-epoch033.pt
2025-08-28T18:12:44Z - INFO - [train_model] Epoch 034 | train (scaled) MSE: mean=0.161854 med=0.071545 std=0.236237 min=0.013633 max=0.711510 | val (scaled) MSE: mean=0.000137 med=0.000127 std=0.000107 min=0.000020 max=0.000274
2025-08-28T18:12:44Z - INFO - [train_model] Epoch 034 | train (price) MSE=26.250429 MAE=4.081985 RMSE=5.123517 | val (price) MSE=0.022215 MAE=0.134439 RMSE=0.149046
2025-08-28T18:12:44Z - INFO - [train_model] New best (price) val MSE=0.022215 at epoch 34; saved → /home/tbfs/Projects/finBert/output/20250828-141238/saved_weights/all_tickers/all_tickers_best-epoch034.pt
2025-08-28T18:12:44Z - INFO - [train_model] Epoch 035 | train (scaled) MSE: mean=0.161330 med=0.070950 std=0.235594 min=0.013752 max=0.708969 | val (scaled) MSE: mean=0.000133 med=0.000108 std=0.000118 min=0.000013 max=0.000304
2025-08-28T18:12:44Z - INFO - [train_model] Epoch 035 | train (price) MSE=26.165556 MAE=4.077510 RMSE=5.115228 | val (price) MSE=0.021635 MAE=0.128622 RMSE=0.147090
2025-08-28T18:12:44Z - INFO - [train_model] New best (price) val MSE=0.021635 at epoch 35; saved → /home/tbfs/Projects/finBert/output/20250828-141238/saved_weights/all_tickers/all_tickers_best-epoch035.pt
2025-08-28T18:12:44Z - INFO - [train_model] Epoch 036 | train (scaled) MSE: mean=0.160787 med=0.070377 std=0.234817 min=0.013989 max=0.706791 | val (scaled) MSE: mean=0.000131 med=0.000091 std=0.000132 min=0.000008 max=0.000335
2025-08-28T18:12:44Z - INFO - [train_model] Epoch 036 | train (price) MSE=26.077469 MAE=4.073925 RMSE=5.106610 | val (price) MSE=0.021312 MAE=0.122677 RMSE=0.145988
2025-08-28T18:12:44Z - INFO - [train_model] New best (price) val MSE=0.021312 at epoch 36; saved → /home/tbfs/Projects/finBert/output/20250828-141238/saved_weights/all_tickers/all_tickers_best-epoch036.pt
2025-08-28T18:12:44Z - INFO - [train_model] Epoch 037 | train (scaled) MSE: mean=0.160196 med=0.069796 std=0.234121 min=0.014241 max=0.705611 | val (scaled) MSE: mean=0.000131 med=0.000077 std=0.000145 min=0.000004 max=0.000365
2025-08-28T18:12:44Z - INFO - [train_model] Epoch 037 | train (price) MSE=25.981565 MAE=4.068745 RMSE=5.097212 | val (price) MSE=0.021247 MAE=0.117405 RMSE=0.145764
2025-08-28T18:12:44Z - INFO - [train_model] New best (price) val MSE=0.021247 at epoch 37; saved → /home/tbfs/Projects/finBert/output/20250828-141238/saved_weights/all_tickers/all_tickers_best-epoch037.pt
2025-08-28T18:12:44Z - INFO - [train_model] Epoch 038 | train (scaled) MSE: mean=0.159664 med=0.068946 std=0.233185 min=0.014606 max=0.702337 | val (scaled) MSE: mean=0.000132 med=0.000063 std=0.000163 min=0.000001 max=0.000403
2025-08-28T18:12:44Z - INFO - [train_model] Epoch 038 | train (price) MSE=25.895239 MAE=4.066097 RMSE=5.088736 | val (price) MSE=0.021453 MAE=0.110998 RMSE=0.146467
2025-08-28T18:12:44Z - INFO - [train_model] Epoch 039 | train (scaled) MSE: mean=0.159080 med=0.068393 std=0.232424 min=0.014881 max=0.700193 | val (scaled) MSE: mean=0.000135 med=0.000051 std=0.000179 min=0.000000 max=0.000438
2025-08-28T18:12:44Z - INFO - [train_model] Epoch 039 | train (price) MSE=25.800636 MAE=4.061751 RMSE=5.079433 | val (price) MSE=0.021906 MAE=0.105242 RMSE=0.148008
2025-08-28T18:12:44Z - INFO - [train_model] Epoch 040 | train (scaled) MSE: mean=0.158451 med=0.068016 std=0.231527 min=0.015031 max=0.698482 | val (scaled) MSE: mean=0.000139 med=0.000042 std=0.000195 min=0.000000 max=0.000471
2025-08-28T18:12:44Z - INFO - [train_model] Epoch 040 | train (price) MSE=25.698463 MAE=4.056403 RMSE=5.069365 | val (price) MSE=0.022519 MAE=0.104191 RMSE=0.150063
2025-08-28T18:12:44Z - INFO - [train_model] Epoch 041 | train (scaled) MSE: mean=0.157936 med=0.067458 std=0.230846 min=0.015132 max=0.695985 | val (scaled) MSE: mean=0.000144 med=0.000035 std=0.000212 min=0.000000 max=0.000508
2025-08-28T18:12:44Z - INFO - [train_model] Epoch 041 | train (price) MSE=25.614960 MAE=4.052000 RMSE=5.061122 | val (price) MSE=0.023407 MAE=0.103953 RMSE=0.152993
2025-08-28T18:12:44Z - INFO - [train_model] Epoch 042 | train (scaled) MSE: mean=0.157404 med=0.066722 std=0.230200 min=0.015433 max=0.694220 | val (scaled) MSE: mean=0.000152 med=0.000029 std=0.000230 min=0.000000 max=0.000548
2025-08-28T18:12:44Z - INFO - [train_model] Epoch 042 | train (price) MSE=25.528755 MAE=4.047596 RMSE=5.052599 | val (price) MSE=0.024611 MAE=0.106662 RMSE=0.156877
2025-08-28T18:12:44Z - INFO - [train_model] Epoch 043 | train (scaled) MSE: mean=0.156869 med=0.066331 std=0.229459 min=0.015605 max=0.691540 | val (scaled) MSE: mean=0.000162 med=0.000025 std=0.000251 min=0.000002 max=0.000597
2025-08-28T18:12:44Z - INFO - [train_model] Epoch 043 | train (price) MSE=25.442009 MAE=4.044423 RMSE=5.044007 | val (price) MSE=0.026306 MAE=0.113061 RMSE=0.162190
2025-08-28T18:12:44Z - INFO - [train_model] Epoch 044 | train (scaled) MSE: mean=0.156140 med=0.065771 std=0.228258 min=0.015849 max=0.688136 | val (scaled) MSE: mean=0.000170 med=0.000023 std=0.000266 min=0.000005 max=0.000630
2025-08-28T18:12:44Z - INFO - [train_model] Epoch 044 | train (price) MSE=25.323732 MAE=4.038266 RMSE=5.032269 | val (price) MSE=0.027631 MAE=0.117341 RMSE=0.166224
2025-08-28T18:12:44Z - INFO - [train_model] Epoch 045 | train (scaled) MSE: mean=0.155657 med=0.064935 std=0.227650 min=0.016096 max=0.687669 | val (scaled) MSE: mean=0.000181 med=0.000023 std=0.000282 min=0.000009 max=0.000669
2025-08-28T18:12:44Z - INFO - [train_model] Epoch 045 | train (price) MSE=25.245438 MAE=4.034412 RMSE=5.024484 | val (price) MSE=0.029327 MAE=0.122195 RMSE=0.171251
2025-08-28T18:12:44Z - INFO - [train_model] Epoch 046 | train (scaled) MSE: mean=0.155051 med=0.064512 std=0.226719 min=0.016273 max=0.684595 | val (scaled) MSE: mean=0.000195 med=0.000024 std=0.000301 min=0.000014 max=0.000716
2025-08-28T18:12:44Z - INFO - [train_model] Epoch 046 | train (price) MSE=25.147055 MAE=4.029225 RMSE=5.014684 | val (price) MSE=0.031575 MAE=0.127922 RMSE=0.177695
2025-08-28T18:12:44Z - INFO - [train_model] Epoch 047 | train (scaled) MSE: mean=0.154424 med=0.064020 std=0.225761 min=0.016531 max=0.681742 | val (scaled) MSE: mean=0.000208 med=0.000032 std=0.000318 min=0.000009 max=0.000758
2025-08-28T18:12:44Z - INFO - [train_model] Epoch 047 | train (price) MSE=25.045481 MAE=4.024344 RMSE=5.004546 | val (price) MSE=0.033700 MAE=0.132771 RMSE=0.183575
2025-08-28T18:12:44Z - INFO - [train_model] Epoch 048 | train (scaled) MSE: mean=0.153866 med=0.063393 std=0.224846 min=0.016870 max=0.679340 | val (scaled) MSE: mean=0.000226 med=0.000044 std=0.000339 min=0.000004 max=0.000812
2025-08-28T18:12:44Z - INFO - [train_model] Epoch 048 | train (price) MSE=24.954933 MAE=4.021203 RMSE=4.995491 | val (price) MSE=0.036640 MAE=0.138848 RMSE=0.191416
2025-08-28T18:12:44Z - INFO - [train_model] Epoch 049 | train (scaled) MSE: mean=0.153170 med=0.062766 std=0.223847 min=0.017068 max=0.675555 | val (scaled) MSE: mean=0.000241 med=0.000054 std=0.000354 min=0.000001 max=0.000852
2025-08-28T18:12:44Z - INFO - [train_model] Epoch 049 | train (price) MSE=24.841986 MAE=4.014368 RMSE=4.984174 | val (price) MSE=0.039011 MAE=0.143323 RMSE=0.197511
2025-08-28T18:12:44Z - INFO - [train_model] Epoch 050 | train (scaled) MSE: mean=0.152582 med=0.062315 std=0.223079 min=0.017275 max=0.673914 | val (scaled) MSE: mean=0.000259 med=0.000067 std=0.000372 min=0.000000 max=0.000902
2025-08-28T18:12:44Z - INFO - [train_model] Epoch 050 | train (price) MSE=24.746597 MAE=4.009288 RMSE=4.974595 | val (price) MSE=0.042040 MAE=0.148632 RMSE=0.205036
2025-08-28T18:12:44Z - INFO - [train_model] Epoch 051 | train (scaled) MSE: mean=0.152049 med=0.061396 std=0.222309 min=0.017403 max=0.672079 | val (scaled) MSE: mean=0.000288 med=0.000089 std=0.000398 min=0.000001 max=0.000975
2025-08-28T18:12:44Z - INFO - [train_model] Epoch 051 | train (price) MSE=24.660307 MAE=4.005480 RMSE=4.965915 | val (price) MSE=0.046781 MAE=0.162338 RMSE=0.216290
2025-08-28T18:12:44Z - INFO - [train_model] Epoch 052 | train (scaled) MSE: mean=0.151298 med=0.060656 std=0.221169 min=0.017820 max=0.668919 | val (scaled) MSE: mean=0.000312 med=0.000107 std=0.000417 min=0.000004 max=0.001031
2025-08-28T18:12:44Z - INFO - [train_model] Epoch 052 | train (price) MSE=24.538467 MAE=3.999107 RMSE=4.953632 | val (price) MSE=0.050657 MAE=0.174011 RMSE=0.225070
2025-08-28T18:12:44Z - INFO - [train_model] Epoch 053 | train (scaled) MSE: mean=0.150627 med=0.060192 std=0.220295 min=0.018000 max=0.665642 | val (scaled) MSE: mean=0.000329 med=0.000120 std=0.000430 min=0.000006 max=0.001070
2025-08-28T18:12:44Z - INFO - [train_model] Epoch 053 | train (price) MSE=24.429594 MAE=3.991760 RMSE=4.942630 | val (price) MSE=0.053362 MAE=0.181733 RMSE=0.231002
2025-08-28T18:12:44Z - INFO - [train_model] Epoch 054 | train (scaled) MSE: mean=0.150199 med=0.059741 std=0.219704 min=0.018175 max=0.663965 | val (scaled) MSE: mean=0.000371 med=0.000153 std=0.000461 min=0.000016 max=0.001163
2025-08-28T18:12:44Z - INFO - [train_model] Epoch 054 | train (price) MSE=24.360109 MAE=3.989722 RMSE=4.935596 | val (price) MSE=0.060233 MAE=0.199926 RMSE=0.245423
2025-08-28T18:12:44Z - INFO - [train_model] Epoch 055 | train (scaled) MSE: mean=0.149329 med=0.058892 std=0.218264 min=0.018654 max=0.660041 | val (scaled) MSE: mean=0.000392 med=0.000170 std=0.000475 min=0.000022 max=0.001208
2025-08-28T18:12:44Z - INFO - [train_model] Epoch 055 | train (price) MSE=24.219088 MAE=3.981720 RMSE=4.921289 | val (price) MSE=0.063652 MAE=0.208424 RMSE=0.252293
2025-08-28T18:12:44Z - INFO - [train_model] Epoch 056 | train (scaled) MSE: mean=0.148740 med=0.058354 std=0.217504 min=0.018822 max=0.656734 | val (scaled) MSE: mean=0.000416 med=0.000189 std=0.000490 min=0.000029 max=0.001257
2025-08-28T18:12:44Z - INFO - [train_model] Epoch 056 | train (price) MSE=24.123549 MAE=3.975160 RMSE=4.911573 | val (price) MSE=0.067459 MAE=0.217484 RMSE=0.259729
2025-08-28T18:12:44Z - INFO - [train_model] Epoch 057 | train (scaled) MSE: mean=0.148202 med=0.057804 std=0.216765 min=0.019025 max=0.655902 | val (scaled) MSE: mean=0.000457 med=0.000223 std=0.000515 min=0.000044 max=0.001340
2025-08-28T18:12:44Z - INFO - [train_model] Epoch 057 | train (price) MSE=24.036322 MAE=3.971039 RMSE=4.902685 | val (price) MSE=0.074154 MAE=0.232514 RMSE=0.272312
2025-08-28T18:12:44Z - INFO - [train_model] Epoch 058 | train (scaled) MSE: mean=0.147580 med=0.057124 std=0.215881 min=0.019412 max=0.653194 | val (scaled) MSE: mean=0.000504 med=0.000261 std=0.000541 min=0.000062 max=0.001429
2025-08-28T18:12:44Z - INFO - [train_model] Epoch 058 | train (price) MSE=23.935417 MAE=3.966615 RMSE=4.892384 | val (price) MSE=0.081670 MAE=0.248345 RMSE=0.285780
2025-08-28T18:12:44Z - INFO - [train_model] Epoch 059 | train (scaled) MSE: mean=0.146773 med=0.056488 std=0.214486 min=0.019741 max=0.649555 | val (scaled) MSE: mean=0.000534 med=0.000287 std=0.000557 min=0.000075 max=0.001488
2025-08-28T18:12:44Z - INFO - [train_model] Epoch 059 | train (price) MSE=23.804502 MAE=3.960150 RMSE=4.878986 | val (price) MSE=0.086651 MAE=0.258269 RMSE=0.294366
2025-08-28T18:12:44Z - INFO - [train_model] Epoch 060 | train (scaled) MSE: mean=0.146204 med=0.055688 std=0.213498 min=0.020052 max=0.646734 | val (scaled) MSE: mean=0.000574 med=0.000321 std=0.000578 min=0.000094 max=0.001562
2025-08-28T18:12:44Z - INFO - [train_model] Epoch 060 | train (price) MSE=23.712317 MAE=3.955881 RMSE=4.869529 | val (price) MSE=0.093154 MAE=0.270679 RMSE=0.305212
2025-08-28T18:12:44Z - INFO - [train_model] Epoch 061 | train (scaled) MSE: mean=0.145641 med=0.055092 std=0.212915 min=0.020207 max=0.644455 | val (scaled) MSE: mean=0.000629 med=0.000368 std=0.000604 min=0.000120 max=0.001660
2025-08-28T18:12:44Z - INFO - [train_model] Epoch 061 | train (price) MSE=23.620962 MAE=3.950222 RMSE=4.860140 | val (price) MSE=0.102016 MAE=0.286719 RMSE=0.319399
2025-08-28T18:12:44Z - INFO - [train_model] Epoch 062 | train (scaled) MSE: mean=0.144750 med=0.054563 std=0.211394 min=0.020649 max=0.640327 | val (scaled) MSE: mean=0.000657 med=0.000392 std=0.000617 min=0.000135 max=0.001710
2025-08-28T18:12:44Z - INFO - [train_model] Epoch 062 | train (price) MSE=23.476393 MAE=3.941571 RMSE=4.845244 | val (price) MSE=0.106540 MAE=0.294584 RMSE=0.326405
2025-08-28T18:12:44Z - INFO - [train_model] Epoch 063 | train (scaled) MSE: mean=0.144203 med=0.053862 std=0.210627 min=0.020689 max=0.637087 | val (scaled) MSE: mean=0.000714 med=0.000441 std=0.000642 min=0.000165 max=0.001808
2025-08-28T18:12:44Z - INFO - [train_model] Epoch 063 | train (price) MSE=23.387703 MAE=3.936334 RMSE=4.836083 | val (price) MSE=0.115737 MAE=0.309923 RMSE=0.340201
2025-08-28T18:12:44Z - INFO - [train_model] Epoch 064 | train (scaled) MSE: mean=0.143573 med=0.053080 std=0.209605 min=0.021364 max=0.635659 | val (scaled) MSE: mean=0.000778 med=0.000497 std=0.000669 min=0.000201 max=0.001917
2025-08-28T18:12:44Z - INFO - [train_model] Epoch 064 | train (price) MSE=23.285538 MAE=3.932418 RMSE=4.825509 | val (price) MSE=0.126128 MAE=0.326377 RMSE=0.355145
2025-08-28T18:12:44Z - INFO - [train_model] Epoch 065 | train (scaled) MSE: mean=0.142753 med=0.052659 std=0.208400 min=0.021668 max=0.631906 | val (scaled) MSE: mean=0.000824 med=0.000537 std=0.000687 min=0.000228 max=0.001994
2025-08-28T18:12:44Z - INFO - [train_model] Epoch 065 | train (price) MSE=23.152563 MAE=3.924046 RMSE=4.811711 | val (price) MSE=0.133632 MAE=0.337751 RMSE=0.365557
2025-08-28T18:12:44Z - INFO - [train_model] Epoch 066 | train (scaled) MSE: mean=0.142147 med=0.051995 std=0.207380 min=0.021703 max=0.629277 | val (scaled) MSE: mean=0.000889 med=0.000595 std=0.000712 min=0.000267 max=0.002101
2025-08-28T18:12:44Z - INFO - [train_model] Epoch 066 | train (price) MSE=23.054319 MAE=3.919811 RMSE=4.801491 | val (price) MSE=0.144205 MAE=0.353160 RMSE=0.379743
2025-08-28T18:12:44Z - INFO - [train_model] Epoch 067 | train (scaled) MSE: mean=0.141380 med=0.051259 std=0.206380 min=0.022067 max=0.625857 | val (scaled) MSE: mean=0.000932 med=0.000633 std=0.000728 min=0.000293 max=0.002170
2025-08-28T18:12:44Z - INFO - [train_model] Epoch 067 | train (price) MSE=22.929846 MAE=3.910481 RMSE=4.788512 | val (price) MSE=0.151177 MAE=0.362980 RMSE=0.388815
2025-08-28T18:12:44Z - INFO - [train_model] Epoch 068 | train (scaled) MSE: mean=0.140702 med=0.050925 std=0.205182 min=0.022585 max=0.623338 | val (scaled) MSE: mean=0.000994 med=0.000688 std=0.000750 min=0.000332 max=0.002269
2025-08-28T18:12:44Z - INFO - [train_model] Epoch 068 | train (price) MSE=22.819832 MAE=3.906062 RMSE=4.777011 | val (price) MSE=0.161244 MAE=0.376653 RMSE=0.401551
2025-08-28T18:12:44Z - INFO - [train_model] Epoch 069 | train (scaled) MSE: mean=0.140047 med=0.050358 std=0.204117 min=0.022922 max=0.619295 | val (scaled) MSE: mean=0.001065 med=0.000751 std=0.000775 min=0.000378 max=0.002381
2025-08-28T18:12:44Z - INFO - [train_model] Epoch 069 | train (price) MSE=22.713598 MAE=3.899937 RMSE=4.765879 | val (price) MSE=0.172769 MAE=0.391746 RMSE=0.415654
2025-08-28T18:12:44Z - INFO - [train_model] Epoch 070 | train (scaled) MSE: mean=0.139339 med=0.049285 std=0.203044 min=0.023054 max=0.616282 | val (scaled) MSE: mean=0.001134 med=0.000813 std=0.000797 min=0.000424 max=0.002487
2025-08-28T18:12:44Z - INFO - [train_model] Epoch 070 | train (price) MSE=22.598785 MAE=3.892875 RMSE=4.753818 | val (price) MSE=0.183972 MAE=0.405901 RMSE=0.428919
2025-08-28T18:12:44Z - INFO - [train_model] Epoch 071 | train (scaled) MSE: mean=0.138461 med=0.048715 std=0.201595 min=0.023520 max=0.610413 | val (scaled) MSE: mean=0.001191 med=0.000864 std=0.000815 min=0.000462 max=0.002573
2025-08-28T18:12:44Z - INFO - [train_model] Epoch 071 | train (price) MSE=22.456388 MAE=3.884316 RMSE=4.738817 | val (price) MSE=0.193114 MAE=0.417083 RMSE=0.439447
2025-08-28T18:12:44Z - INFO - [train_model] Epoch 072 | train (scaled) MSE: mean=0.137799 med=0.048195 std=0.200764 min=0.023675 max=0.609799 | val (scaled) MSE: mean=0.001270 med=0.000936 std=0.000839 min=0.000516 max=0.002693
2025-08-28T18:12:44Z - INFO - [train_model] Epoch 072 | train (price) MSE=22.349150 MAE=3.877223 RMSE=4.727489 | val (price) MSE=0.205997 MAE=0.432325 RMSE=0.453869
2025-08-28T18:12:44Z - INFO - [train_model] Epoch 073 | train (scaled) MSE: mean=0.136855 med=0.047457 std=0.199135 min=0.024005 max=0.605307 | val (scaled) MSE: mean=0.001339 med=0.000998 std=0.000859 min=0.000564 max=0.002796
2025-08-28T18:12:44Z - INFO - [train_model] Epoch 073 | train (price) MSE=22.195923 MAE=3.867933 RMSE=4.711255 | val (price) MSE=0.217189 MAE=0.445157 RMSE=0.466035
2025-08-28T18:12:44Z - INFO - [train_model] Epoch 074 | train (scaled) MSE: mean=0.136015 med=0.046831 std=0.197487 min=0.024327 max=0.600227 | val (scaled) MSE: mean=0.001402 med=0.001056 std=0.000877 min=0.000609 max=0.002888
2025-08-28T18:12:44Z - INFO - [train_model] Epoch 074 | train (price) MSE=22.059700 MAE=3.861127 RMSE=4.696775 | val (price) MSE=0.227439 MAE=0.456598 RMSE=0.476905
2025-08-28T18:12:44Z - INFO - [train_model] Epoch 075 | train (scaled) MSE: mean=0.135333 med=0.046390 std=0.196489 min=0.025037 max=0.596466 | val (scaled) MSE: mean=0.001505 med=0.001149 std=0.000905 min=0.000682 max=0.003037
2025-08-28T18:12:44Z - INFO - [train_model] Epoch 075 | train (price) MSE=21.949066 MAE=3.854492 RMSE=4.684983 | val (price) MSE=0.244024 MAE=0.474505 RMSE=0.493988
2025-08-28T18:12:44Z - INFO - [train_model] Epoch 076 | train (scaled) MSE: mean=0.134592 med=0.045377 std=0.195385 min=0.025169 max=0.593544 | val (scaled) MSE: mean=0.001612 med=0.001248 std=0.000934 min=0.000761 max=0.003193
2025-08-28T18:12:44Z - INFO - [train_model] Epoch 076 | train (price) MSE=21.828959 MAE=3.847418 RMSE=4.672147 | val (price) MSE=0.261482 MAE=0.492645 RMSE=0.511353
2025-08-28T18:12:44Z - INFO - [train_model] Epoch 077 | train (scaled) MSE: mean=0.133408 med=0.044792 std=0.193444 min=0.025698 max=0.589042 | val (scaled) MSE: mean=0.001670 med=0.001301 std=0.000948 min=0.000805 max=0.003275
2025-08-28T18:12:44Z - INFO - [train_model] Epoch 077 | train (price) MSE=21.636995 MAE=3.834390 RMSE=4.651558 | val (price) MSE=0.270901 MAE=0.502174 RMSE=0.520482
2025-08-28T18:12:44Z - INFO - [train_model] Epoch 078 | train (scaled) MSE: mean=0.132532 med=0.044114 std=0.191809 min=0.025931 max=0.583409 | val (scaled) MSE: mean=0.001758 med=0.001382 std=0.000970 min=0.000871 max=0.003399
2025-08-28T18:12:44Z - INFO - [train_model] Epoch 078 | train (price) MSE=21.494764 MAE=3.826525 RMSE=4.636245 | val (price) MSE=0.285168 MAE=0.516256 RMSE=0.534011
2025-08-28T18:12:44Z - INFO - [train_model] Epoch 079 | train (scaled) MSE: mean=0.131776 med=0.042962 std=0.190769 min=0.026208 max=0.581749 | val (scaled) MSE: mean=0.001874 med=0.001489 std=0.000998 min=0.000959 max=0.003561
2025-08-28T18:12:44Z - INFO - [train_model] Epoch 079 | train (price) MSE=21.372190 MAE=3.817764 RMSE=4.623007 | val (price) MSE=0.303971 MAE=0.534241 RMSE=0.551336
2025-08-28T18:12:44Z - INFO - [train_model] Epoch 080 | train (scaled) MSE: mean=0.130815 med=0.042451 std=0.189141 min=0.027089 max=0.576936 | val (scaled) MSE: mean=0.002002 med=0.001607 std=0.001027 min=0.001056 max=0.003739
2025-08-28T18:12:44Z - INFO - [train_model] Epoch 080 | train (price) MSE=21.216398 MAE=3.808842 RMSE=4.606126 | val (price) MSE=0.324710 MAE=0.553385 RMSE=0.569833
2025-08-28T18:12:44Z - INFO - [train_model] Epoch 081 | train (scaled) MSE: mean=0.129704 med=0.041652 std=0.187562 min=0.027193 max=0.570920 | val (scaled) MSE: mean=0.002088 med=0.001686 std=0.001047 min=0.001123 max=0.003857
2025-08-28T18:12:44Z - INFO - [train_model] Epoch 081 | train (price) MSE=21.036259 MAE=3.794976 RMSE=4.586530 | val (price) MSE=0.338651 MAE=0.565889 RMSE=0.581937
2025-08-28T18:12:44Z - INFO - [train_model] Epoch 082 | train (scaled) MSE: mean=0.128755 med=0.040664 std=0.186246 min=0.027564 max=0.566372 | val (scaled) MSE: mean=0.002155 med=0.001749 std=0.001061 min=0.001176 max=0.003948
2025-08-28T18:12:44Z - INFO - [train_model] Epoch 082 | train (price) MSE=20.882301 MAE=3.782395 RMSE=4.569716 | val (price) MSE=0.349575 MAE=0.575511 RMSE=0.591249
2025-08-28T18:12:44Z - INFO - [train_model] Epoch 083 | train (scaled) MSE: mean=0.127902 med=0.039791 std=0.185096 min=0.027917 max=0.564932 | val (scaled) MSE: mean=0.002267 med=0.001851 std=0.001082 min=0.001271 max=0.004095
2025-08-28T18:12:44Z - INFO - [train_model] Epoch 083 | train (price) MSE=20.743969 MAE=3.770946 RMSE=4.554555 | val (price) MSE=0.367684 MAE=0.591204 RMSE=0.606370
2025-08-28T18:12:44Z - INFO - [train_model] Epoch 084 | train (scaled) MSE: mean=0.126970 med=0.039051 std=0.183079 min=0.028653 max=0.559315 | val (scaled) MSE: mean=0.002417 med=0.001992 std=0.001105 min=0.001400 max=0.004285
2025-08-28T18:12:44Z - INFO - [train_model] Epoch 084 | train (price) MSE=20.592834 MAE=3.764727 RMSE=4.537933 | val (price) MSE=0.392032 MAE=0.611723 RMSE=0.626125
2025-08-28T18:12:44Z - INFO - [train_model] Epoch 085 | train (scaled) MSE: mean=0.126188 med=0.038248 std=0.181894 min=0.029140 max=0.556792 | val (scaled) MSE: mean=0.002586 med=0.002150 std=0.001138 min=0.001537 max=0.004509
2025-08-28T18:12:44Z - INFO - [train_model] Epoch 085 | train (price) MSE=20.465960 MAE=3.756465 RMSE=4.523932 | val (price) MSE=0.419487 MAE=0.633850 RMSE=0.647678
2025-08-28T18:12:44Z - INFO - [train_model] Epoch 086 | train (scaled) MSE: mean=0.125100 med=0.037657 std=0.180283 min=0.029405 max=0.550916 | val (scaled) MSE: mean=0.002654 med=0.002212 std=0.001151 min=0.001593 max=0.004597
2025-08-28T18:12:44Z - INFO - [train_model] Epoch 086 | train (price) MSE=20.289516 MAE=3.742004 RMSE=4.504389 | val (price) MSE=0.430369 MAE=0.642416 RMSE=0.656025
2025-08-28T18:12:44Z - INFO - [train_model] Epoch 087 | train (scaled) MSE: mean=0.124315 med=0.036955 std=0.178887 min=0.029775 max=0.545322 | val (scaled) MSE: mean=0.002821 med=0.002369 std=0.001181 min=0.001730 max=0.004815
2025-08-28T18:12:44Z - INFO - [train_model] Epoch 087 | train (price) MSE=20.162237 MAE=3.733554 RMSE=4.490238 | val (price) MSE=0.457451 MAE=0.663239 RMSE=0.676351
2025-08-28T18:12:44Z - INFO - [train_model] Epoch 088 | train (scaled) MSE: mean=0.123431 med=0.036761 std=0.177400 min=0.030410 max=0.541763 | val (scaled) MSE: mean=0.002962 med=0.002501 std=0.001206 min=0.001848 max=0.004999
2025-08-28T18:12:44Z - INFO - [train_model] Epoch 088 | train (price) MSE=20.018829 MAE=3.724293 RMSE=4.474241 | val (price) MSE=0.480449 MAE=0.680414 RMSE=0.693145
2025-08-28T18:12:44Z - INFO - [train_model] Epoch 089 | train (scaled) MSE: mean=0.122846 med=0.036840 std=0.176027 min=0.031017 max=0.536853 | val (scaled) MSE: mean=0.003195 med=0.002720 std=0.001246 min=0.002042 max=0.005299
2025-08-28T18:12:44Z - INFO - [train_model] Epoch 089 | train (price) MSE=19.923861 MAE=3.721253 RMSE=4.463615 | val (price) MSE=0.518255 MAE=0.707731 RMSE=0.719900
2025-08-28T18:12:44Z - INFO - [train_model] Epoch 090 | train (scaled) MSE: mean=0.121644 med=0.037018 std=0.174209 min=0.031835 max=0.533397 | val (scaled) MSE: mean=0.003328 med=0.002845 std=0.001268 min=0.002153 max=0.005469
2025-08-28T18:12:44Z - INFO - [train_model] Epoch 090 | train (price) MSE=19.728970 MAE=3.705849 RMSE=4.441730 | val (price) MSE=0.539757 MAE=0.722808 RMSE=0.734681
2025-08-28T18:12:44Z - INFO - [train_model] Epoch 091 | train (scaled) MSE: mean=0.120814 med=0.037374 std=0.173104 min=0.031928 max=0.528954 | val (scaled) MSE: mean=0.003452 med=0.002962 std=0.001288 min=0.002259 max=0.005627
2025-08-28T18:12:44Z - INFO - [train_model] Epoch 091 | train (price) MSE=19.594271 MAE=3.694013 RMSE=4.426542 | val (price) MSE=0.559922 MAE=0.736672 RMSE=0.748279
2025-08-28T18:12:44Z - INFO - [train_model] Epoch 092 | train (scaled) MSE: mean=0.119987 med=0.038182 std=0.171286 min=0.032456 max=0.523313 | val (scaled) MSE: mean=0.003642 med=0.003140 std=0.001318 min=0.002420 max=0.005866
2025-08-28T18:12:44Z - INFO - [train_model] Epoch 092 | train (price) MSE=19.460211 MAE=3.687215 RMSE=4.411373 | val (price) MSE=0.590635 MAE=0.757288 RMSE=0.768528
2025-08-28T18:12:44Z - INFO - [train_model] Epoch 093 | train (scaled) MSE: mean=0.119121 med=0.038586 std=0.169924 min=0.031985 max=0.518888 | val (scaled) MSE: mean=0.003811 med=0.003300 std=0.001344 min=0.002565 max=0.006078
2025-08-28T18:12:44Z - INFO - [train_model] Epoch 093 | train (price) MSE=19.319727 MAE=3.676602 RMSE=4.395421 | val (price) MSE=0.618084 MAE=0.775257 RMSE=0.786183
2025-08-28T18:12:44Z - INFO - [train_model] Epoch 094 | train (scaled) MSE: mean=0.118563 med=0.039517 std=0.168948 min=0.030773 max=0.518169 | val (scaled) MSE: mean=0.004067 med=0.003542 std=0.001381 min=0.002786 max=0.006397
2025-08-28T18:12:44Z - INFO - [train_model] Epoch 094 | train (price) MSE=19.229223 MAE=3.670475 RMSE=4.385114 | val (price) MSE=0.659569 MAE=0.801636 RMSE=0.812138
2025-08-28T18:12:44Z - INFO - [train_model] Epoch 095 | train (scaled) MSE: mean=0.117260 med=0.039379 std=0.166783 min=0.030385 max=0.510635 | val (scaled) MSE: mean=0.004101 med=0.003575 std=0.001385 min=0.002818 max=0.006437
2025-08-28T18:12:44Z - INFO - [train_model] Epoch 095 | train (price) MSE=19.018005 MAE=3.653644 RMSE=4.360964 | val (price) MSE=0.665158 MAE=0.805144 RMSE=0.815572
2025-08-28T18:12:44Z - INFO - [train_model] Epoch 096 | train (scaled) MSE: mean=0.116680 med=0.039061 std=0.166161 min=0.029653 max=0.509062 | val (scaled) MSE: mean=0.004299 med=0.003762 std=0.001413 min=0.002989 max=0.006681
2025-08-28T18:12:44Z - INFO - [train_model] Epoch 096 | train (price) MSE=18.923937 MAE=3.643641 RMSE=4.350165 | val (price) MSE=0.697197 MAE=0.824857 RMSE=0.834983
2025-08-28T18:12:44Z - INFO - [train_model] Epoch 097 | train (scaled) MSE: mean=0.115770 med=0.039101 std=0.163907 min=0.029230 max=0.501512 | val (scaled) MSE: mean=0.004526 med=0.003978 std=0.001444 min=0.003187 max=0.006961
2025-08-28T18:12:44Z - INFO - [train_model] Epoch 097 | train (price) MSE=18.776304 MAE=3.637358 RMSE=4.333163 | val (price) MSE=0.734070 MAE=0.846962 RMSE=0.856779
2025-08-28T18:12:44Z - INFO - [train_model] Early stopping at epoch 97 (best price val MSE=0.021247 @ epoch 37)
2025-08-28T18:12:45Z - INFO - [visualize_full_prediction] Saved full prediction plot for ['ACAM', 'BMY', 'EBAY', 'EWI', 'BABA', 'DAL', 'JNJ', 'NFLX', 'TSLA'] to output/20250828-141238/plots/all_tickers_finbert-tabmlp_full_price_prediction.png
2025-08-28T18:12:45Z - INFO - [visualize_sentiment] Saved sentiment plot for all_tickers to output/20250828-141238/plots/all_tickers_sentiment.png
2025-08-28T18:12:45Z - INFO - [train] [all_tickers] Test (price) MSE=1079.602172852 | MAE=21.353946686 | RMSE=32.857300146 (scaled MSE=6.656565189)
2025-08-28T18:12:45Z - INFO - [train] [all_tickers] Final (price) Train MSE=18.776304245 | Val MSE=0.734070063 (scaled Train MSE=0.115770139 | Val MSE=0.004526100)
2025-08-28T18:12:45Z - INFO - [train] [all_tickers] Best epoch=37 | Best (price) Train MSE=25.981565475 | Best (price) Val MSE=0.021247230 | Saved at=/home/tbfs/Projects/finBert/output/20250828-141238/saved_weights/all_tickers/all_tickers_best-epoch037.pt
2025-08-28T18:12:45Z - INFO - [train] Wrote evaluation summary → output/20250828-141238/evaluation.json
