2025-08-28T18:18:08Z - INFO - [Pipeline::__init__] Loaded news dataframe with columns=['title', 'date', 'stock'] shape=(1277896, 3).
2025-08-28T18:18:08Z - INFO - [SentimentGenerator::_load] Loaded precomputed sentiment from /home/tbfs/Projects/finBert/output/20250823-140342/sentiment_daily.csv
2025-08-28T18:18:08Z - INFO - [train] Training predictor for ticker: ['ACAM', 'BMY', 'EBAY', 'EWI', 'BABA', 'DAL', 'JNJ', 'NFLX', 'TSLA']
2025-08-28T18:18:08Z - WARNING - [process_ticker] Skipping ACAM: price file is empty after loading (/home/tbfs/Projects/finBert/yf/ACAM.csv)
2025-08-28T18:18:08Z - INFO - [process_ticker] Loaded prices for EBAY with columns=['date', 'open', 'high', 'low', 'close', 'volume', 'Dividends', 'Stock Splits'] shape=(2516, 8).
2025-08-28T18:18:08Z - INFO - [process_ticker] Loaded prices for BMY with columns=['date', 'open', 'high', 'low', 'close', 'volume', 'Dividends', 'Stock Splits'] shape=(2516, 8).
2025-08-28T18:18:08Z - INFO - [process_ticker] Loaded prices for BABA with columns=['date', 'open', 'high', 'low', 'close', 'volume', 'Dividends', 'Stock Splits'] shape=(1330, 8).
2025-08-28T18:18:08Z - INFO - [process_ticker] Loaded prices for NFLX with columns=['date', 'open', 'high', 'low', 'close', 'volume', 'Dividends', 'Stock Splits'] shape=(2516, 8).
2025-08-28T18:18:08Z - INFO - [process_ticker] Loaded prices for EWI with columns=['date', 'open', 'high', 'low', 'close', 'volume', 'Dividends', 'Stock Splits', 'Capital Gains'] shape=(2516, 9).
2025-08-28T18:18:08Z - INFO - [process_ticker] Loaded prices for DAL with columns=['date', 'open', 'high', 'low', 'close', 'volume', 'Dividends', 'Stock Splits'] shape=(2516, 8).
2025-08-28T18:18:08Z - INFO - [process_ticker] Loaded prices for JNJ with columns=['date', 'open', 'high', 'low', 'close', 'volume', 'Dividends', 'Stock Splits'] shape=(2516, 8).
2025-08-28T18:18:08Z - INFO - [process_ticker] Loaded prices for TSLA with columns=['date', 'open', 'high', 'low', 'close', 'volume', 'Dividends', 'Stock Splits'] shape=(2394, 8).
2025-08-28T18:18:08Z - INFO - [train] feat_cols=['Open', 'High', 'Low', 'Volume', 'Close']
2025-08-28T18:18:08Z - INFO - [train] Combined supervised dataframe shape: (18812, 14)
2025-08-28T18:18:08Z - INFO - [SequenceDataset::__init__] len(self.valid_indices)=12 out of len(df_)=18812 samples are valid for lookback=60 with sentiment_col=SentimentScore
2025-08-28T18:18:08Z - INFO - [SequenceDataset::__init__] len(self.valid_indices)=4 out of len(df_)=18812 samples are valid for lookback=60 with sentiment_col=SentimentScore
2025-08-28T18:18:08Z - INFO - [SequenceDataset::__init__] len(self.valid_indices)=5 out of len(df_)=18812 samples are valid for lookback=60 with sentiment_col=SentimentScore
2025-08-28T18:18:09Z - INFO - [train_model] Epoch 001 | train (scaled) MSE: mean=0.170020 med=0.088216 std=0.239592 min=0.003879 max=0.885609 | val (scaled) MSE: mean=0.055686 med=0.040803 std=0.049190 min=0.004469 max=0.136670
2025-08-28T18:18:09Z - INFO - [train_model] Epoch 001 | train (price) MSE=0.001128 MAE=0.027386 RMSE=0.033585 | val (price) MSE=0.000369 MAE=0.017099 RMSE=0.019221
2025-08-28T18:18:09Z - INFO - [train_model] New best (price) val MSE=0.000369 at epoch 1; saved → /home/tbfs/Projects/finBert/output/20250828-141803/saved_weights/all_tickers/all_tickers_best-epoch001.pt
2025-08-28T18:18:09Z - INFO - [train_model] Epoch 002 | train (scaled) MSE: mean=0.165461 med=0.082599 std=0.236556 min=0.004640 max=0.872994 | val (scaled) MSE: mean=0.053459 med=0.038269 std=0.047380 min=0.005381 max=0.131917
2025-08-28T18:18:09Z - INFO - [train_model] Epoch 002 | train (price) MSE=0.001098 MAE=0.026894 RMSE=0.033131 | val (price) MSE=0.000355 MAE=0.016839 RMSE=0.018832
2025-08-28T18:18:09Z - INFO - [train_model] New best (price) val MSE=0.000355 at epoch 2; saved → /home/tbfs/Projects/finBert/output/20250828-141803/saved_weights/all_tickers/all_tickers_best-epoch002.pt
2025-08-28T18:18:09Z - INFO - [train_model] Epoch 003 | train (scaled) MSE: mean=0.161625 med=0.079842 std=0.232775 min=0.005710 max=0.858186 | val (scaled) MSE: mean=0.051609 med=0.036107 std=0.045926 min=0.006173 max=0.128049
2025-08-28T18:18:09Z - INFO - [train_model] Epoch 003 | train (price) MSE=0.001072 MAE=0.026524 RMSE=0.032745 | val (price) MSE=0.000342 MAE=0.016607 RMSE=0.018504
2025-08-28T18:18:09Z - INFO - [train_model] New best (price) val MSE=0.000342 at epoch 3; saved → /home/tbfs/Projects/finBert/output/20250828-141803/saved_weights/all_tickers/all_tickers_best-epoch003.pt
2025-08-28T18:18:09Z - INFO - [train_model] Epoch 004 | train (scaled) MSE: mean=0.158791 med=0.076575 std=0.232191 min=0.006475 max=0.854769 | val (scaled) MSE: mean=0.049970 med=0.034202 std=0.044555 min=0.007002 max=0.124475
2025-08-28T18:18:09Z - INFO - [train_model] Epoch 004 | train (price) MSE=0.001053 MAE=0.026135 RMSE=0.032457 | val (price) MSE=0.000332 MAE=0.016401 RMSE=0.018207
2025-08-28T18:18:09Z - INFO - [train_model] New best (price) val MSE=0.000332 at epoch 4; saved → /home/tbfs/Projects/finBert/output/20250828-141803/saved_weights/all_tickers/all_tickers_best-epoch004.pt
2025-08-28T18:18:09Z - INFO - [train_model] Epoch 005 | train (scaled) MSE: mean=0.155537 med=0.073487 std=0.229238 min=0.006290 max=0.842988 | val (scaled) MSE: mean=0.048503 med=0.032513 std=0.043277 min=0.007814 max=0.121172
2025-08-28T18:18:09Z - INFO - [train_model] Epoch 005 | train (price) MSE=0.001032 MAE=0.025766 RMSE=0.032122 | val (price) MSE=0.000322 MAE=0.016212 RMSE=0.017938
2025-08-28T18:18:09Z - INFO - [train_model] New best (price) val MSE=0.000322 at epoch 5; saved → /home/tbfs/Projects/finBert/output/20250828-141803/saved_weights/all_tickers/all_tickers_best-epoch005.pt
2025-08-28T18:18:09Z - INFO - [train_model] Epoch 006 | train (scaled) MSE: mean=0.152361 med=0.070800 std=0.227346 min=0.005801 max=0.837188 | val (scaled) MSE: mean=0.047266 med=0.031098 std=0.042164 min=0.008554 max=0.118316
2025-08-28T18:18:09Z - INFO - [train_model] Epoch 006 | train (price) MSE=0.001011 MAE=0.025421 RMSE=0.031793 | val (price) MSE=0.000314 MAE=0.016050 RMSE=0.017708
2025-08-28T18:18:09Z - INFO - [train_model] New best (price) val MSE=0.000314 at epoch 6; saved → /home/tbfs/Projects/finBert/output/20250828-141803/saved_weights/all_tickers/all_tickers_best-epoch006.pt
2025-08-28T18:18:09Z - INFO - [train_model] Epoch 007 | train (scaled) MSE: mean=0.149678 med=0.068289 std=0.224584 min=0.005075 max=0.826322 | val (scaled) MSE: mean=0.045961 med=0.029582 std=0.040994 min=0.009379 max=0.115300
2025-08-28T18:18:09Z - INFO - [train_model] Epoch 007 | train (price) MSE=0.000993 MAE=0.025134 RMSE=0.031512 | val (price) MSE=0.000305 MAE=0.015871 RMSE=0.017462
2025-08-28T18:18:09Z - INFO - [train_model] New best (price) val MSE=0.000305 at epoch 7; saved → /home/tbfs/Projects/finBert/output/20250828-141803/saved_weights/all_tickers/all_tickers_best-epoch007.pt
2025-08-28T18:18:09Z - INFO - [train_model] Epoch 008 | train (scaled) MSE: mean=0.146853 med=0.065817 std=0.223065 min=0.004343 max=0.820336 | val (scaled) MSE: mean=0.044765 med=0.028192 std=0.039888 min=0.010212 max=0.112465
2025-08-28T18:18:09Z - INFO - [train_model] Epoch 008 | train (price) MSE=0.000974 MAE=0.024789 RMSE=0.031213 | val (price) MSE=0.000297 MAE=0.015704 RMSE=0.017233
2025-08-28T18:18:09Z - INFO - [train_model] New best (price) val MSE=0.000297 at epoch 8; saved → /home/tbfs/Projects/finBert/output/20250828-141803/saved_weights/all_tickers/all_tickers_best-epoch008.pt
2025-08-28T18:18:09Z - INFO - [train_model] Epoch 009 | train (scaled) MSE: mean=0.144113 med=0.063187 std=0.220040 min=0.003834 max=0.807394 | val (scaled) MSE: mean=0.043585 med=0.026808 std=0.038787 min=0.011087 max=0.109638
2025-08-28T18:18:09Z - INFO - [train_model] Epoch 009 | train (price) MSE=0.000956 MAE=0.024458 RMSE=0.030920 | val (price) MSE=0.000289 MAE=0.015534 RMSE=0.017004
2025-08-28T18:18:09Z - INFO - [train_model] New best (price) val MSE=0.000289 at epoch 9; saved → /home/tbfs/Projects/finBert/output/20250828-141803/saved_weights/all_tickers/all_tickers_best-epoch009.pt
2025-08-28T18:18:09Z - INFO - [train_model] Epoch 010 | train (scaled) MSE: mean=0.141559 med=0.060892 std=0.218841 min=0.003125 max=0.803523 | val (scaled) MSE: mean=0.042366 med=0.025373 std=0.037625 min=0.012066 max=0.106655
2025-08-28T18:18:09Z - INFO - [train_model] Epoch 010 | train (price) MSE=0.000939 MAE=0.024129 RMSE=0.030645 | val (price) MSE=0.000281 MAE=0.015352 RMSE=0.016765
2025-08-28T18:18:09Z - INFO - [train_model] New best (price) val MSE=0.000281 at epoch 10; saved → /home/tbfs/Projects/finBert/output/20250828-141803/saved_weights/all_tickers/all_tickers_best-epoch010.pt
2025-08-28T18:18:09Z - INFO - [train_model] Epoch 011 | train (scaled) MSE: mean=0.138622 med=0.058329 std=0.215724 min=0.002755 max=0.791931 | val (scaled) MSE: mean=0.041265 med=0.024065 std=0.036567 min=0.013008 max=0.103924
2025-08-28T18:18:09Z - INFO - [train_model] Epoch 011 | train (price) MSE=0.000920 MAE=0.023800 RMSE=0.030326 | val (price) MSE=0.000274 MAE=0.015182 RMSE=0.016546
2025-08-28T18:18:09Z - INFO - [train_model] New best (price) val MSE=0.000274 at epoch 11; saved → /home/tbfs/Projects/finBert/output/20250828-141803/saved_weights/all_tickers/all_tickers_best-epoch011.pt
2025-08-28T18:18:09Z - INFO - [train_model] Epoch 012 | train (scaled) MSE: mean=0.136171 med=0.056848 std=0.213861 min=0.002332 max=0.784515 | val (scaled) MSE: mean=0.040120 med=0.022703 std=0.035436 min=0.014070 max=0.101006
2025-08-28T18:18:09Z - INFO - [train_model] Epoch 012 | train (price) MSE=0.000903 MAE=0.023498 RMSE=0.030056 | val (price) MSE=0.000266 MAE=0.015000 RMSE=0.016315
2025-08-28T18:18:09Z - INFO - [train_model] New best (price) val MSE=0.000266 at epoch 12; saved → /home/tbfs/Projects/finBert/output/20250828-141803/saved_weights/all_tickers/all_tickers_best-epoch012.pt
2025-08-28T18:18:09Z - INFO - [train_model] Epoch 013 | train (scaled) MSE: mean=0.133551 med=0.053552 std=0.211640 min=0.002075 max=0.776052 | val (scaled) MSE: mean=0.039043 med=0.021413 std=0.034355 min=0.015147 max=0.098201
2025-08-28T18:18:09Z - INFO - [train_model] Epoch 013 | train (price) MSE=0.000886 MAE=0.023171 RMSE=0.029766 | val (price) MSE=0.000259 MAE=0.014823 RMSE=0.016094
2025-08-28T18:18:09Z - INFO - [train_model] New best (price) val MSE=0.000259 at epoch 13; saved → /home/tbfs/Projects/finBert/output/20250828-141803/saved_weights/all_tickers/all_tickers_best-epoch013.pt
2025-08-28T18:18:09Z - INFO - [train_model] Epoch 014 | train (scaled) MSE: mean=0.131039 med=0.050982 std=0.210325 min=0.001545 max=0.770750 | val (scaled) MSE: mean=0.038006 med=0.020155 std=0.033303 min=0.016266 max=0.095448
2025-08-28T18:18:09Z - INFO - [train_model] Epoch 014 | train (price) MSE=0.000869 MAE=0.022816 RMSE=0.029484 | val (price) MSE=0.000252 MAE=0.014646 RMSE=0.015879
2025-08-28T18:18:09Z - INFO - [train_model] New best (price) val MSE=0.000252 at epoch 14; saved → /home/tbfs/Projects/finBert/output/20250828-141803/saved_weights/all_tickers/all_tickers_best-epoch014.pt
2025-08-28T18:18:09Z - INFO - [train_model] Epoch 015 | train (scaled) MSE: mean=0.128559 med=0.049450 std=0.207768 min=0.001049 max=0.762619 | val (scaled) MSE: mean=0.037044 med=0.019948 std=0.032321 min=0.015434 max=0.092845
2025-08-28T18:18:09Z - INFO - [train_model] Epoch 015 | train (price) MSE=0.000853 MAE=0.022503 RMSE=0.029204 | val (price) MSE=0.000246 MAE=0.014474 RMSE=0.015677
2025-08-28T18:18:09Z - INFO - [train_model] New best (price) val MSE=0.000246 at epoch 15; saved → /home/tbfs/Projects/finBert/output/20250828-141803/saved_weights/all_tickers/all_tickers_best-epoch015.pt
2025-08-28T18:18:09Z - INFO - [train_model] Epoch 016 | train (scaled) MSE: mean=0.126279 med=0.046763 std=0.206396 min=0.000692 max=0.757201 | val (scaled) MSE: mean=0.036035 med=0.019899 std=0.031268 min=0.014317 max=0.090026
2025-08-28T18:18:09Z - INFO - [train_model] Epoch 016 | train (price) MSE=0.000838 MAE=0.022156 RMSE=0.028944 | val (price) MSE=0.000239 MAE=0.014288 RMSE=0.015462
2025-08-28T18:18:09Z - INFO - [train_model] New best (price) val MSE=0.000239 at epoch 16; saved → /home/tbfs/Projects/finBert/output/20250828-141803/saved_weights/all_tickers/all_tickers_best-epoch016.pt
2025-08-28T18:18:09Z - INFO - [train_model] Epoch 017 | train (scaled) MSE: mean=0.123641 med=0.044883 std=0.204162 min=0.000548 max=0.749544 | val (scaled) MSE: mean=0.035148 med=0.019892 std=0.030331 min=0.013329 max=0.087476
2025-08-28T18:18:09Z - INFO - [train_model] Epoch 017 | train (price) MSE=0.000820 MAE=0.021829 RMSE=0.028640 | val (price) MSE=0.000233 MAE=0.014117 RMSE=0.015270
2025-08-28T18:18:09Z - INFO - [train_model] New best (price) val MSE=0.000233 at epoch 17; saved → /home/tbfs/Projects/finBert/output/20250828-141803/saved_weights/all_tickers/all_tickers_best-epoch017.pt
2025-08-28T18:18:09Z - INFO - [train_model] Epoch 018 | train (scaled) MSE: mean=0.121268 med=0.042609 std=0.201188 min=0.000448 max=0.737881 | val (scaled) MSE: mean=0.034260 med=0.019924 std=0.029387 min=0.012335 max=0.084856
2025-08-28T18:18:09Z - INFO - [train_model] Epoch 018 | train (price) MSE=0.000805 MAE=0.021537 RMSE=0.028364 | val (price) MSE=0.000227 MAE=0.013939 RMSE=0.015076
2025-08-28T18:18:09Z - INFO - [train_model] New best (price) val MSE=0.000227 at epoch 18; saved → /home/tbfs/Projects/finBert/output/20250828-141803/saved_weights/all_tickers/all_tickers_best-epoch018.pt
2025-08-28T18:18:09Z - INFO - [train_model] Epoch 019 | train (scaled) MSE: mean=0.118859 med=0.040184 std=0.199515 min=0.000262 max=0.731740 | val (scaled) MSE: mean=0.033407 med=0.019993 std=0.028478 min=0.011375 max=0.082264
2025-08-28T18:18:09Z - INFO - [train_model] Epoch 019 | train (price) MSE=0.000789 MAE=0.021187 RMSE=0.028081 | val (price) MSE=0.000222 MAE=0.013760 RMSE=0.014887
2025-08-28T18:18:09Z - INFO - [train_model] New best (price) val MSE=0.000222 at epoch 19; saved → /home/tbfs/Projects/finBert/output/20250828-141803/saved_weights/all_tickers/all_tickers_best-epoch019.pt
2025-08-28T18:18:09Z - INFO - [train_model] Epoch 020 | train (scaled) MSE: mean=0.116406 med=0.038887 std=0.197056 min=0.000115 max=0.722001 | val (scaled) MSE: mean=0.032604 med=0.020100 std=0.027621 min=0.010468 max=0.079746
2025-08-28T18:18:09Z - INFO - [train_model] Epoch 020 | train (price) MSE=0.000772 MAE=0.020823 RMSE=0.027789 | val (price) MSE=0.000216 MAE=0.013583 RMSE=0.014707
2025-08-28T18:18:09Z - INFO - [train_model] New best (price) val MSE=0.000216 at epoch 20; saved → /home/tbfs/Projects/finBert/output/20250828-141803/saved_weights/all_tickers/all_tickers_best-epoch020.pt
2025-08-28T18:18:09Z - INFO - [train_model] Epoch 021 | train (scaled) MSE: mean=0.114592 med=0.036957 std=0.196345 min=0.000005 max=0.719680 | val (scaled) MSE: mean=0.031634 med=0.020287 std=0.026602 min=0.009359 max=0.076602
2025-08-28T18:18:09Z - INFO - [train_model] Epoch 021 | train (price) MSE=0.000760 MAE=0.020464 RMSE=0.027572 | val (price) MSE=0.000210 MAE=0.013357 RMSE=0.014487
2025-08-28T18:18:09Z - INFO - [train_model] New best (price) val MSE=0.000210 at epoch 21; saved → /home/tbfs/Projects/finBert/output/20250828-141803/saved_weights/all_tickers/all_tickers_best-epoch021.pt
2025-08-28T18:18:09Z - INFO - [train_model] Epoch 022 | train (scaled) MSE: mean=0.111484 med=0.033489 std=0.193132 min=0.000014 max=0.708074 | val (scaled) MSE: mean=0.030897 med=0.020479 std=0.025850 min=0.008502 max=0.074130
2025-08-28T18:18:09Z - INFO - [train_model] Epoch 022 | train (price) MSE=0.000740 MAE=0.020062 RMSE=0.027196 | val (price) MSE=0.000205 MAE=0.013173 RMSE=0.014317
2025-08-28T18:18:09Z - INFO - [train_model] New best (price) val MSE=0.000205 at epoch 22; saved → /home/tbfs/Projects/finBert/output/20250828-141803/saved_weights/all_tickers/all_tickers_best-epoch022.pt
2025-08-28T18:18:09Z - INFO - [train_model] Epoch 023 | train (scaled) MSE: mean=0.108932 med=0.033580 std=0.190418 min=0.000033 max=0.698125 | val (scaled) MSE: mean=0.030121 med=0.020754 std=0.025055 min=0.007602 max=0.071375
2025-08-28T18:18:09Z - INFO - [train_model] Epoch 023 | train (price) MSE=0.000723 MAE=0.019739 RMSE=0.026883 | val (price) MSE=0.000200 MAE=0.012969 RMSE=0.014136
2025-08-28T18:18:09Z - INFO - [train_model] New best (price) val MSE=0.000200 at epoch 23; saved → /home/tbfs/Projects/finBert/output/20250828-141803/saved_weights/all_tickers/all_tickers_best-epoch023.pt
2025-08-28T18:18:09Z - INFO - [train_model] Epoch 024 | train (scaled) MSE: mean=0.106323 med=0.033493 std=0.187258 min=0.000247 max=0.687392 | val (scaled) MSE: mean=0.029422 med=0.021067 std=0.024366 min=0.006783 max=0.068772
2025-08-28T18:18:09Z - INFO - [train_model] Epoch 024 | train (price) MSE=0.000705 MAE=0.019472 RMSE=0.026559 | val (price) MSE=0.000195 MAE=0.012773 RMSE=0.013971
2025-08-28T18:18:09Z - INFO - [train_model] New best (price) val MSE=0.000195 at epoch 24; saved → /home/tbfs/Projects/finBert/output/20250828-141803/saved_weights/all_tickers/all_tickers_best-epoch024.pt
2025-08-28T18:18:09Z - INFO - [train_model] Epoch 025 | train (scaled) MSE: mean=0.104379 med=0.033253 std=0.186501 min=0.000292 max=0.683419 | val (scaled) MSE: mean=0.028612 med=0.021528 std=0.023615 min=0.005821 max=0.065570
2025-08-28T18:18:09Z - INFO - [train_model] Epoch 025 | train (price) MSE=0.000692 MAE=0.019108 RMSE=0.026315 | val (price) MSE=0.000190 MAE=0.012527 RMSE=0.013777
2025-08-28T18:18:09Z - INFO - [train_model] New best (price) val MSE=0.000190 at epoch 25; saved → /home/tbfs/Projects/finBert/output/20250828-141803/saved_weights/all_tickers/all_tickers_best-epoch025.pt
2025-08-28T18:18:09Z - INFO - [train_model] Epoch 026 | train (scaled) MSE: mean=0.101694 med=0.032344 std=0.183715 min=0.000170 max=0.673590 | val (scaled) MSE: mean=0.027962 med=0.021996 std=0.023070 min=0.005037 max=0.062818
2025-08-28T18:18:09Z - INFO - [train_model] Epoch 026 | train (price) MSE=0.000675 MAE=0.018764 RMSE=0.025974 | val (price) MSE=0.000186 MAE=0.012310 RMSE=0.013620
2025-08-28T18:18:09Z - INFO - [train_model] New best (price) val MSE=0.000186 at epoch 26; saved → /home/tbfs/Projects/finBert/output/20250828-141803/saved_weights/all_tickers/all_tickers_best-epoch026.pt
2025-08-28T18:18:09Z - INFO - [train_model] Epoch 027 | train (scaled) MSE: mean=0.099153 med=0.031534 std=0.181550 min=0.000054 max=0.666617 | val (scaled) MSE: mean=0.027420 med=0.022472 std=0.022674 min=0.004371 max=0.060363
2025-08-28T18:18:09Z - INFO - [train_model] Epoch 027 | train (price) MSE=0.000658 MAE=0.018402 RMSE=0.025648 | val (price) MSE=0.000182 MAE=0.012113 RMSE=0.013487
2025-08-28T18:18:09Z - INFO - [train_model] New best (price) val MSE=0.000182 at epoch 27; saved → /home/tbfs/Projects/finBert/output/20250828-141803/saved_weights/all_tickers/all_tickers_best-epoch027.pt
2025-08-28T18:18:09Z - INFO - [train_model] Epoch 028 | train (scaled) MSE: mean=0.097116 med=0.030438 std=0.179443 min=0.000006 max=0.658496 | val (scaled) MSE: mean=0.026868 med=0.023067 std=0.022352 min=0.003680 max=0.057659
2025-08-28T18:18:09Z - INFO - [train_model] Epoch 028 | train (price) MSE=0.000644 MAE=0.018089 RMSE=0.025383 | val (price) MSE=0.000178 MAE=0.011892 RMSE=0.013351
2025-08-28T18:18:09Z - INFO - [train_model] New best (price) val MSE=0.000178 at epoch 28; saved → /home/tbfs/Projects/finBert/output/20250828-141803/saved_weights/all_tickers/all_tickers_best-epoch028.pt
2025-08-28T18:18:09Z - INFO - [train_model] Epoch 029 | train (scaled) MSE: mean=0.094525 med=0.028064 std=0.175930 min=0.000013 max=0.646019 | val (scaled) MSE: mean=0.026427 med=0.023647 std=0.022177 min=0.003114 max=0.055301
2025-08-28T18:18:09Z - INFO - [train_model] Epoch 029 | train (price) MSE=0.000627 MAE=0.017807 RMSE=0.025042 | val (price) MSE=0.000175 MAE=0.011694 RMSE=0.013241
2025-08-28T18:18:09Z - INFO - [train_model] New best (price) val MSE=0.000175 at epoch 29; saved → /home/tbfs/Projects/finBert/output/20250828-141803/saved_weights/all_tickers/all_tickers_best-epoch029.pt
2025-08-28T18:18:09Z - INFO - [train_model] Epoch 030 | train (scaled) MSE: mean=0.092509 med=0.026998 std=0.173427 min=0.000011 max=0.637084 | val (scaled) MSE: mean=0.025902 med=0.024552 std=0.022107 min=0.002414 max=0.052090
2025-08-28T18:18:09Z - INFO - [train_model] Epoch 030 | train (price) MSE=0.000614 MAE=0.017578 RMSE=0.024773 | val (price) MSE=0.000172 MAE=0.011424 RMSE=0.013109
2025-08-28T18:18:09Z - INFO - [train_model] New best (price) val MSE=0.000172 at epoch 30; saved → /home/tbfs/Projects/finBert/output/20250828-141803/saved_weights/all_tickers/all_tickers_best-epoch030.pt
2025-08-28T18:18:09Z - INFO - [train_model] Epoch 031 | train (scaled) MSE: mean=0.089663 med=0.023186 std=0.170974 min=0.000048 max=0.629414 | val (scaled) MSE: mean=0.025496 med=0.025443 std=0.022238 min=0.001845 max=0.049253
2025-08-28T18:18:09Z - INFO - [train_model] Epoch 031 | train (price) MSE=0.000595 MAE=0.017282 RMSE=0.024389 | val (price) MSE=0.000169 MAE=0.011173 RMSE=0.013005
2025-08-28T18:18:09Z - INFO - [train_model] New best (price) val MSE=0.000169 at epoch 31; saved → /home/tbfs/Projects/finBert/output/20250828-141803/saved_weights/all_tickers/all_tickers_best-epoch031.pt
2025-08-28T18:18:09Z - INFO - [train_model] Epoch 032 | train (scaled) MSE: mean=0.087241 med=0.020522 std=0.167634 min=0.000203 max=0.615984 | val (scaled) MSE: mean=0.025170 med=0.025239 std=0.022542 min=0.001356 max=0.048844
2025-08-28T18:18:09Z - INFO - [train_model] Epoch 032 | train (price) MSE=0.000579 MAE=0.017012 RMSE=0.024058 | val (price) MSE=0.000167 MAE=0.010924 RMSE=0.012922
2025-08-28T18:18:09Z - INFO - [train_model] New best (price) val MSE=0.000167 at epoch 32; saved → /home/tbfs/Projects/finBert/output/20250828-141803/saved_weights/all_tickers/all_tickers_best-epoch032.pt
2025-08-28T18:18:09Z - INFO - [train_model] Epoch 033 | train (scaled) MSE: mean=0.085058 med=0.018892 std=0.165609 min=0.000413 max=0.610214 | val (scaled) MSE: mean=0.024918 med=0.023521 std=0.023020 min=0.000937 max=0.051691
2025-08-28T18:18:09Z - INFO - [train_model] Epoch 033 | train (price) MSE=0.000564 MAE=0.016820 RMSE=0.023755 | val (price) MSE=0.000165 MAE=0.010672 RMSE=0.012857
2025-08-28T18:18:09Z - INFO - [train_model] New best (price) val MSE=0.000165 at epoch 33; saved → /home/tbfs/Projects/finBert/output/20250828-141803/saved_weights/all_tickers/all_tickers_best-epoch033.pt
2025-08-28T18:18:09Z - INFO - [train_model] Epoch 034 | train (scaled) MSE: mean=0.082732 med=0.016975 std=0.161699 min=0.000643 max=0.596153 | val (scaled) MSE: mean=0.024762 med=0.022085 std=0.023567 min=0.000634 max=0.054242
2025-08-28T18:18:09Z - INFO - [train_model] Epoch 034 | train (price) MSE=0.000549 MAE=0.016628 RMSE=0.023428 | val (price) MSE=0.000164 MAE=0.010451 RMSE=0.012817
2025-08-28T18:18:09Z - INFO - [train_model] New best (price) val MSE=0.000164 at epoch 34; saved → /home/tbfs/Projects/finBert/output/20250828-141803/saved_weights/all_tickers/all_tickers_best-epoch034.pt
2025-08-28T18:18:09Z - INFO - [train_model] Epoch 035 | train (scaled) MSE: mean=0.080835 med=0.015151 std=0.158992 min=0.000937 max=0.586017 | val (scaled) MSE: mean=0.024667 med=0.020728 std=0.024219 min=0.000394 max=0.056818
2025-08-28T18:18:09Z - INFO - [train_model] Epoch 035 | train (price) MSE=0.000536 MAE=0.016401 RMSE=0.023158 | val (price) MSE=0.000164 MAE=0.010235 RMSE=0.012792
2025-08-28T18:18:09Z - INFO - [train_model] New best (price) val MSE=0.000164 at epoch 35; saved → /home/tbfs/Projects/finBert/output/20250828-141803/saved_weights/all_tickers/all_tickers_best-epoch035.pt
2025-08-28T18:18:09Z - INFO - [train_model] Epoch 036 | train (scaled) MSE: mean=0.078996 med=0.012948 std=0.156369 min=0.001495 max=0.576479 | val (scaled) MSE: mean=0.024630 med=0.019402 std=0.024990 min=0.000208 max=0.059511
2025-08-28T18:18:09Z - INFO - [train_model] Epoch 036 | train (price) MSE=0.000524 MAE=0.016180 RMSE=0.022893 | val (price) MSE=0.000163 MAE=0.010013 RMSE=0.012783
2025-08-28T18:18:09Z - INFO - [train_model] New best (price) val MSE=0.000163 at epoch 36; saved → /home/tbfs/Projects/finBert/output/20250828-141803/saved_weights/all_tickers/all_tickers_best-epoch036.pt
2025-08-28T18:18:09Z - INFO - [train_model] Epoch 037 | train (scaled) MSE: mean=0.077527 med=0.011645 std=0.154663 min=0.001426 max=0.570585 | val (scaled) MSE: mean=0.024667 med=0.017912 std=0.026028 min=0.000063 max=0.062781
2025-08-28T18:18:09Z - INFO - [train_model] Epoch 037 | train (price) MSE=0.000514 MAE=0.015974 RMSE=0.022679 | val (price) MSE=0.000164 MAE=0.009751 RMSE=0.012792
2025-08-28T18:18:09Z - INFO - [train_model] Epoch 038 | train (scaled) MSE: mean=0.075653 med=0.011437 std=0.151400 min=0.000986 max=0.558391 | val (scaled) MSE: mean=0.024754 med=0.016820 std=0.026913 min=0.000009 max=0.065366
2025-08-28T18:18:09Z - INFO - [train_model] Epoch 038 | train (price) MSE=0.000502 MAE=0.015762 RMSE=0.022403 | val (price) MSE=0.000164 MAE=0.009550 RMSE=0.012815
2025-08-28T18:18:09Z - INFO - [train_model] Epoch 039 | train (scaled) MSE: mean=0.074183 med=0.012414 std=0.148915 min=0.000719 max=0.550422 | val (scaled) MSE: mean=0.024880 med=0.015838 std=0.027803 min=0.000003 max=0.067839
2025-08-28T18:18:09Z - INFO - [train_model] Epoch 039 | train (price) MSE=0.000492 MAE=0.015629 RMSE=0.022184 | val (price) MSE=0.000165 MAE=0.009428 RMSE=0.012847
2025-08-28T18:18:09Z - INFO - [train_model] Epoch 040 | train (scaled) MSE: mean=0.073034 med=0.012468 std=0.146514 min=0.000390 max=0.541444 | val (scaled) MSE: mean=0.025096 med=0.014689 std=0.028970 min=0.000055 max=0.070949
2025-08-28T18:18:09Z - INFO - [train_model] Epoch 040 | train (price) MSE=0.000485 MAE=0.015458 RMSE=0.022012 | val (price) MSE=0.000166 MAE=0.009428 RMSE=0.012903
2025-08-28T18:18:09Z - INFO - [train_model] Epoch 041 | train (scaled) MSE: mean=0.071675 med=0.012346 std=0.144669 min=0.000124 max=0.535343 | val (scaled) MSE: mean=0.025344 med=0.013731 std=0.030060 min=0.000156 max=0.073756
2025-08-28T18:18:09Z - INFO - [train_model] Epoch 041 | train (price) MSE=0.000476 MAE=0.015270 RMSE=0.021806 | val (price) MSE=0.000168 MAE=0.009429 RMSE=0.012967
2025-08-28T18:18:09Z - INFO - [train_model] Epoch 042 | train (scaled) MSE: mean=0.070640 med=0.012355 std=0.142651 min=0.000058 max=0.527708 | val (scaled) MSE: mean=0.025655 med=0.012921 std=0.031235 min=0.000074 max=0.076704
2025-08-28T18:18:09Z - INFO - [train_model] Epoch 042 | train (price) MSE=0.000469 MAE=0.015064 RMSE=0.021648 | val (price) MSE=0.000170 MAE=0.009429 RMSE=0.013046
2025-08-28T18:18:09Z - INFO - [train_model] Epoch 043 | train (scaled) MSE: mean=0.069603 med=0.013233 std=0.141306 min=0.000000 max=0.523030 | val (scaled) MSE: mean=0.025991 med=0.012244 std=0.032355 min=0.000015 max=0.079461
2025-08-28T18:18:09Z - INFO - [train_model] Epoch 043 | train (price) MSE=0.000462 MAE=0.014858 RMSE=0.021489 | val (price) MSE=0.000172 MAE=0.009429 RMSE=0.013131
2025-08-28T18:18:09Z - INFO - [train_model] Epoch 044 | train (scaled) MSE: mean=0.068586 med=0.014260 std=0.138946 min=0.000032 max=0.514932 | val (scaled) MSE: mean=0.026310 med=0.011708 std=0.033327 min=0.000000 max=0.081825
2025-08-28T18:18:09Z - INFO - [train_model] Epoch 044 | train (price) MSE=0.000455 MAE=0.014775 RMSE=0.021331 | val (price) MSE=0.000175 MAE=0.009439 RMSE=0.013212
2025-08-28T18:18:09Z - INFO - [train_model] Epoch 045 | train (scaled) MSE: mean=0.067690 med=0.015419 std=0.136930 min=0.000074 max=0.507753 | val (scaled) MSE: mean=0.026618 med=0.011264 std=0.034199 min=0.000014 max=0.083929
2025-08-28T18:18:09Z - INFO - [train_model] Epoch 045 | train (price) MSE=0.000449 MAE=0.014692 RMSE=0.021191 | val (price) MSE=0.000177 MAE=0.009584 RMSE=0.013289
2025-08-28T18:18:09Z - INFO - [train_model] Epoch 046 | train (scaled) MSE: mean=0.067221 med=0.016172 std=0.136572 min=0.000185 max=0.506367 | val (scaled) MSE: mean=0.027089 med=0.010692 std=0.035438 min=0.000076 max=0.086897
2025-08-28T18:18:09Z - INFO - [train_model] Epoch 046 | train (price) MSE=0.000446 MAE=0.014575 RMSE=0.021118 | val (price) MSE=0.000180 MAE=0.009785 RMSE=0.013406
2025-08-28T18:18:09Z - INFO - [train_model] Epoch 047 | train (scaled) MSE: mean=0.066265 med=0.016830 std=0.134194 min=0.000328 max=0.498172 | val (scaled) MSE: mean=0.027388 med=0.010380 std=0.036176 min=0.000135 max=0.088655
2025-08-28T18:18:09Z - INFO - [train_model] Epoch 047 | train (price) MSE=0.000440 MAE=0.014521 RMSE=0.020967 | val (price) MSE=0.000182 MAE=0.009903 RMSE=0.013479
2025-08-28T18:18:09Z - INFO - [train_model] Epoch 048 | train (scaled) MSE: mean=0.065765 med=0.016470 std=0.132636 min=0.000136 max=0.492278 | val (scaled) MSE: mean=0.027788 med=0.010012 std=0.037118 min=0.000232 max=0.090895
2025-08-28T18:18:09Z - INFO - [train_model] Epoch 048 | train (price) MSE=0.000436 MAE=0.014437 RMSE=0.020888 | val (price) MSE=0.000184 MAE=0.010050 RMSE=0.013578
2025-08-28T18:18:09Z - INFO - [train_model] Epoch 049 | train (scaled) MSE: mean=0.065193 med=0.015801 std=0.131429 min=0.000088 max=0.487997 | val (scaled) MSE: mean=0.028210 med=0.009676 std=0.038061 min=0.000354 max=0.093133
2025-08-28T18:18:09Z - INFO - [train_model] Epoch 049 | train (price) MSE=0.000432 MAE=0.014341 RMSE=0.020797 | val (price) MSE=0.000187 MAE=0.010196 RMSE=0.013680
2025-08-28T18:18:09Z - INFO - [train_model] Epoch 050 | train (scaled) MSE: mean=0.064631 med=0.016170 std=0.129590 min=0.000042 max=0.481482 | val (scaled) MSE: mean=0.028499 med=0.009471 std=0.038682 min=0.000447 max=0.094605
2025-08-28T18:18:09Z - INFO - [train_model] Epoch 050 | train (price) MSE=0.000429 MAE=0.014295 RMSE=0.020707 | val (price) MSE=0.000189 MAE=0.010291 RMSE=0.013750
2025-08-28T18:18:09Z - INFO - [train_model] Epoch 051 | train (scaled) MSE: mean=0.064293 med=0.016321 std=0.128535 min=0.000012 max=0.477752 | val (scaled) MSE: mean=0.028874 med=0.009231 std=0.039462 min=0.000578 max=0.096455
2025-08-28T18:18:09Z - INFO - [train_model] Epoch 051 | train (price) MSE=0.000427 MAE=0.014241 RMSE=0.020653 | val (price) MSE=0.000192 MAE=0.010409 RMSE=0.013840
2025-08-28T18:18:10Z - INFO - [train_model] Epoch 052 | train (scaled) MSE: mean=0.063888 med=0.015594 std=0.127895 min=0.000002 max=0.475555 | val (scaled) MSE: mean=0.029309 med=0.008988 std=0.040332 min=0.000742 max=0.098518
2025-08-28T18:18:10Z - INFO - [train_model] Epoch 052 | train (price) MSE=0.000424 MAE=0.014172 RMSE=0.020587 | val (price) MSE=0.000194 MAE=0.010540 RMSE=0.013944
2025-08-28T18:18:10Z - INFO - [train_model] Epoch 053 | train (scaled) MSE: mean=0.063610 med=0.015944 std=0.126677 min=0.000000 max=0.471070 | val (scaled) MSE: mean=0.029572 med=0.008855 std=0.040843 min=0.000847 max=0.099732
2025-08-28T18:18:10Z - INFO - [train_model] Epoch 053 | train (price) MSE=0.000422 MAE=0.014163 RMSE=0.020543 | val (price) MSE=0.000196 MAE=0.010616 RMSE=0.014007
2025-08-28T18:18:10Z - INFO - [train_model] Epoch 054 | train (scaled) MSE: mean=0.063320 med=0.016191 std=0.125359 min=0.000013 max=0.466382 | val (scaled) MSE: mean=0.030129 med=0.008607 std=0.041888 min=0.001083 max=0.102217
2025-08-28T18:18:10Z - INFO - [train_model] Epoch 054 | train (price) MSE=0.000420 MAE=0.014221 RMSE=0.020496 | val (price) MSE=0.000200 MAE=0.010771 RMSE=0.014138
2025-08-28T18:18:10Z - INFO - [train_model] Epoch 055 | train (scaled) MSE: mean=0.062947 med=0.015954 std=0.124192 min=0.000063 max=0.462062 | val (scaled) MSE: mean=0.030350 med=0.008519 std=0.042294 min=0.001181 max=0.103181
2025-08-28T18:18:10Z - INFO - [train_model] Epoch 055 | train (price) MSE=0.000418 MAE=0.014252 RMSE=0.020435 | val (price) MSE=0.000201 MAE=0.010830 RMSE=0.014190
2025-08-28T18:18:10Z - INFO - [train_model] Epoch 056 | train (scaled) MSE: mean=0.062736 med=0.016516 std=0.123426 min=0.000092 max=0.459301 | val (scaled) MSE: mean=0.030667 med=0.008406 std=0.042860 min=0.001324 max=0.104531
2025-08-28T18:18:10Z - INFO - [train_model] Epoch 056 | train (price) MSE=0.000416 MAE=0.014270 RMSE=0.020401 | val (price) MSE=0.000203 MAE=0.010913 RMSE=0.014263
2025-08-28T18:18:10Z - INFO - [train_model] Epoch 057 | train (scaled) MSE: mean=0.062509 med=0.016958 std=0.122368 min=0.000156 max=0.455455 | val (scaled) MSE: mean=0.031085 med=0.008270 std=0.043593 min=0.001521 max=0.106280
2025-08-28T18:18:10Z - INFO - [train_model] Epoch 057 | train (price) MSE=0.000415 MAE=0.014314 RMSE=0.020364 | val (price) MSE=0.000206 MAE=0.011019 RMSE=0.014361
2025-08-28T18:18:10Z - INFO - [train_model] Epoch 058 | train (scaled) MSE: mean=0.062454 med=0.018054 std=0.121976 min=0.000236 max=0.454094 | val (scaled) MSE: mean=0.031518 med=0.008151 std=0.044327 min=0.001731 max=0.108039
2025-08-28T18:18:10Z - INFO - [train_model] Epoch 058 | train (price) MSE=0.000414 MAE=0.014349 RMSE=0.020355 | val (price) MSE=0.000209 MAE=0.011125 RMSE=0.014460
2025-08-28T18:18:10Z - INFO - [train_model] Epoch 059 | train (scaled) MSE: mean=0.062197 med=0.018239 std=0.121069 min=0.000221 max=0.450704 | val (scaled) MSE: mean=0.031694 med=0.008106 std=0.044623 min=0.001818 max=0.108746
2025-08-28T18:18:10Z - INFO - [train_model] Epoch 059 | train (price) MSE=0.000413 MAE=0.014355 RMSE=0.020313 | val (price) MSE=0.000210 MAE=0.011167 RMSE=0.014500
2025-08-28T18:18:10Z - INFO - [train_model] Epoch 060 | train (scaled) MSE: mean=0.062006 med=0.018780 std=0.120267 min=0.000152 max=0.447641 | val (scaled) MSE: mean=0.032058 med=0.008023 std=0.045221 min=0.002002 max=0.110184
2025-08-28T18:18:10Z - INFO - [train_model] Epoch 060 | train (price) MSE=0.000411 MAE=0.014369 RMSE=0.020282 | val (price) MSE=0.000213 MAE=0.011253 RMSE=0.014583
2025-08-28T18:18:10Z - INFO - [train_model] Epoch 061 | train (scaled) MSE: mean=0.061987 med=0.019430 std=0.119781 min=0.000081 max=0.445957 | val (scaled) MSE: mean=0.032576 med=0.007926 std=0.046050 min=0.002270 max=0.112180
2025-08-28T18:18:10Z - INFO - [train_model] Epoch 061 | train (price) MSE=0.000411 MAE=0.014429 RMSE=0.020279 | val (price) MSE=0.000216 MAE=0.011372 RMSE=0.014701
2025-08-28T18:18:10Z - INFO - [train_model] Epoch 062 | train (scaled) MSE: mean=0.061779 med=0.020120 std=0.118792 min=0.000041 max=0.442357 | val (scaled) MSE: mean=0.032618 med=0.007917 std=0.046119 min=0.002292 max=0.112345
2025-08-28T18:18:10Z - INFO - [train_model] Epoch 062 | train (price) MSE=0.000410 MAE=0.014441 RMSE=0.020245 | val (price) MSE=0.000216 MAE=0.011381 RMSE=0.014710
2025-08-28T18:18:10Z - INFO - [train_model] Epoch 063 | train (scaled) MSE: mean=0.061705 med=0.020427 std=0.118562 min=0.000018 max=0.441540 | val (scaled) MSE: mean=0.033000 med=0.007858 std=0.046717 min=0.002496 max=0.113789
2025-08-28T18:18:10Z - INFO - [train_model] Epoch 063 | train (price) MSE=0.000409 MAE=0.014442 RMSE=0.020233 | val (price) MSE=0.000219 MAE=0.011466 RMSE=0.014796
2025-08-28T18:18:10Z - INFO - [train_model] Epoch 064 | train (scaled) MSE: mean=0.061760 med=0.020591 std=0.118328 min=0.000023 max=0.440641 | val (scaled) MSE: mean=0.032829 med=0.007881 std=0.046454 min=0.002404 max=0.113152
2025-08-28T18:18:10Z - INFO - [train_model] Epoch 064 | train (price) MSE=0.000410 MAE=0.014464 RMSE=0.020242 | val (price) MSE=0.000218 MAE=0.011427 RMSE=0.014758
2025-08-28T18:18:10Z - INFO - [train_model] Epoch 065 | train (scaled) MSE: mean=0.061514 med=0.020497 std=0.117704 min=0.000021 max=0.438306 | val (scaled) MSE: mean=0.033203 med=0.007829 std=0.047032 min=0.002604 max=0.114549
2025-08-28T18:18:10Z - INFO - [train_model] Epoch 065 | train (price) MSE=0.000408 MAE=0.014466 RMSE=0.020201 | val (price) MSE=0.000220 MAE=0.011509 RMSE=0.014842
2025-08-28T18:18:10Z - INFO - [train_model] Epoch 066 | train (scaled) MSE: mean=0.061468 med=0.020417 std=0.117232 min=0.000008 max=0.436622 | val (scaled) MSE: mean=0.033461 med=0.007797 std=0.047426 min=0.002745 max=0.115504
2025-08-28T18:18:10Z - INFO - [train_model] Epoch 066 | train (price) MSE=0.000408 MAE=0.014488 RMSE=0.020194 | val (price) MSE=0.000222 MAE=0.011564 RMSE=0.014899
2025-08-28T18:18:10Z - INFO - [train_model] Epoch 067 | train (scaled) MSE: mean=0.061488 med=0.020469 std=0.116779 min=0.000002 max=0.435047 | val (scaled) MSE: mean=0.033926 med=0.007752 std=0.048124 min=0.003003 max=0.117200
2025-08-28T18:18:10Z - INFO - [train_model] Epoch 067 | train (price) MSE=0.000408 MAE=0.014541 RMSE=0.020197 | val (price) MSE=0.000225 MAE=0.011662 RMSE=0.015002
2025-08-28T18:18:10Z - INFO - [train_model] Epoch 068 | train (scaled) MSE: mean=0.061398 med=0.020417 std=0.116211 min=0.000008 max=0.432776 | val (scaled) MSE: mean=0.034115 med=0.007737 std=0.048403 min=0.003108 max=0.117879
2025-08-28T18:18:10Z - INFO - [train_model] Epoch 068 | train (price) MSE=0.000407 MAE=0.014572 RMSE=0.020182 | val (price) MSE=0.000226 MAE=0.011701 RMSE=0.015044
2025-08-28T18:18:10Z - INFO - [train_model] Epoch 069 | train (scaled) MSE: mean=0.061277 med=0.020241 std=0.115590 min=0.000012 max=0.430578 | val (scaled) MSE: mean=0.034313 med=0.007723 std=0.048694 min=0.003220 max=0.118587
2025-08-28T18:18:10Z - INFO - [train_model] Epoch 069 | train (price) MSE=0.000407 MAE=0.014606 RMSE=0.020162 | val (price) MSE=0.000228 MAE=0.011742 RMSE=0.015088
2025-08-28T18:18:10Z - INFO - [train_model] Epoch 070 | train (scaled) MSE: mean=0.061221 med=0.020438 std=0.115429 min=0.000016 max=0.429965 | val (scaled) MSE: mean=0.034291 med=0.007723 std=0.048662 min=0.003208 max=0.118509
2025-08-28T18:18:10Z - INFO - [train_model] Epoch 070 | train (price) MSE=0.000406 MAE=0.014607 RMSE=0.020153 | val (price) MSE=0.000227 MAE=0.011737 RMSE=0.015083
2025-08-28T18:18:10Z - INFO - [train_model] Epoch 071 | train (scaled) MSE: mean=0.061227 med=0.020318 std=0.115532 min=0.000014 max=0.430293 | val (scaled) MSE: mean=0.034192 med=0.007730 std=0.048517 min=0.003154 max=0.118156
2025-08-28T18:18:10Z - INFO - [train_model] Epoch 071 | train (price) MSE=0.000406 MAE=0.014601 RMSE=0.020154 | val (price) MSE=0.000227 MAE=0.011717 RMSE=0.015061
2025-08-28T18:18:10Z - INFO - [train_model] Epoch 072 | train (scaled) MSE: mean=0.061215 med=0.020362 std=0.115493 min=0.000017 max=0.430149 | val (scaled) MSE: mean=0.034397 med=0.007717 std=0.048816 min=0.003270 max=0.118886
2025-08-28T18:18:10Z - INFO - [train_model] Epoch 072 | train (price) MSE=0.000406 MAE=0.014602 RMSE=0.020152 | val (price) MSE=0.000228 MAE=0.011759 RMSE=0.015106
2025-08-28T18:18:10Z - INFO - [train_model] Epoch 073 | train (scaled) MSE: mean=0.061179 med=0.020143 std=0.114700 min=0.000066 max=0.427112 | val (scaled) MSE: mean=0.034864 med=0.007694 std=0.049492 min=0.003534 max=0.120535
2025-08-28T18:18:10Z - INFO - [train_model] Epoch 073 | train (price) MSE=0.000406 MAE=0.014675 RMSE=0.020146 | val (price) MSE=0.000231 MAE=0.011851 RMSE=0.015208
2025-08-28T18:18:10Z - INFO - [train_model] Epoch 074 | train (scaled) MSE: mean=0.061084 med=0.020325 std=0.114403 min=0.000068 max=0.426096 | val (scaled) MSE: mean=0.034868 med=0.007692 std=0.049499 min=0.003536 max=0.120552
2025-08-28T18:18:10Z - INFO - [train_model] Epoch 074 | train (price) MSE=0.000405 MAE=0.014691 RMSE=0.020131 | val (price) MSE=0.000231 MAE=0.011852 RMSE=0.015209
2025-08-28T18:18:10Z - INFO - [train_model] Epoch 075 | train (scaled) MSE: mean=0.061058 med=0.020340 std=0.114287 min=0.000070 max=0.425709 | val (scaled) MSE: mean=0.035002 med=0.007687 std=0.049691 min=0.003613 max=0.121022
2025-08-28T18:18:10Z - INFO - [train_model] Epoch 075 | train (price) MSE=0.000405 MAE=0.014698 RMSE=0.020126 | val (price) MSE=0.000232 MAE=0.011878 RMSE=0.015238
2025-08-28T18:18:10Z - INFO - [train_model] Epoch 076 | train (scaled) MSE: mean=0.061060 med=0.020469 std=0.113954 min=0.000079 max=0.424339 | val (scaled) MSE: mean=0.035235 med=0.007682 std=0.050019 min=0.003749 max=0.121825
2025-08-28T18:18:10Z - INFO - [train_model] Epoch 076 | train (price) MSE=0.000405 MAE=0.014721 RMSE=0.020127 | val (price) MSE=0.000234 MAE=0.011923 RMSE=0.015289
2025-08-28T18:18:10Z - INFO - [train_model] Epoch 077 | train (scaled) MSE: mean=0.061006 med=0.020334 std=0.113685 min=0.000114 max=0.423444 | val (scaled) MSE: mean=0.035172 med=0.007681 std=0.049934 min=0.003711 max=0.121615
2025-08-28T18:18:10Z - INFO - [train_model] Epoch 077 | train (price) MSE=0.000405 MAE=0.014746 RMSE=0.020118 | val (price) MSE=0.000233 MAE=0.011911 RMSE=0.015275
2025-08-28T18:18:10Z - INFO - [train_model] Epoch 078 | train (scaled) MSE: mean=0.060988 med=0.020296 std=0.113696 min=0.000102 max=0.423428 | val (scaled) MSE: mean=0.035335 med=0.007682 std=0.050157 min=0.003810 max=0.122166
2025-08-28T18:18:10Z - INFO - [train_model] Epoch 078 | train (price) MSE=0.000405 MAE=0.014741 RMSE=0.020115 | val (price) MSE=0.000234 MAE=0.011943 RMSE=0.015311
2025-08-28T18:18:10Z - INFO - [train_model] Epoch 079 | train (scaled) MSE: mean=0.061210 med=0.020420 std=0.113994 min=0.000084 max=0.424602 | val (scaled) MSE: mean=0.034990 med=0.007688 std=0.049671 min=0.003609 max=0.120975
2025-08-28T18:18:10Z - INFO - [train_model] Epoch 079 | train (price) MSE=0.000406 MAE=0.014774 RMSE=0.020151 | val (price) MSE=0.000232 MAE=0.011876 RMSE=0.015236
2025-08-28T18:18:10Z - INFO - [train_model] Epoch 080 | train (scaled) MSE: mean=0.060922 med=0.020334 std=0.113785 min=0.000110 max=0.423779 | val (scaled) MSE: mean=0.035327 med=0.007676 std=0.050154 min=0.003801 max=0.122154
2025-08-28T18:18:10Z - INFO - [train_model] Epoch 080 | train (price) MSE=0.000404 MAE=0.014725 RMSE=0.020104 | val (price) MSE=0.000234 MAE=0.011940 RMSE=0.015309
2025-08-28T18:18:10Z - INFO - [train_model] Epoch 081 | train (scaled) MSE: mean=0.060990 med=0.020358 std=0.113451 min=0.000124 max=0.422561 | val (scaled) MSE: mean=0.035384 med=0.007675 std=0.050236 min=0.003833 max=0.122353
2025-08-28T18:18:10Z - INFO - [train_model] Epoch 081 | train (price) MSE=0.000405 MAE=0.014770 RMSE=0.020115 | val (price) MSE=0.000235 MAE=0.011951 RMSE=0.015321
2025-08-28T18:18:10Z - INFO - [train_model] Epoch 082 | train (scaled) MSE: mean=0.061006 med=0.020302 std=0.113189 min=0.000154 max=0.421578 | val (scaled) MSE: mean=0.035773 med=0.007675 std=0.050775 min=0.004063 max=0.123679
2025-08-28T18:18:10Z - INFO - [train_model] Epoch 082 | train (price) MSE=0.000405 MAE=0.014808 RMSE=0.020118 | val (price) MSE=0.000237 MAE=0.012025 RMSE=0.015405
2025-08-28T18:18:10Z - INFO - [train_model] Epoch 083 | train (scaled) MSE: mean=0.060953 med=0.020287 std=0.112877 min=0.000182 max=0.420375 | val (scaled) MSE: mean=0.035746 med=0.007673 std=0.050739 min=0.004046 max=0.123590
2025-08-28T18:18:10Z - INFO - [train_model] Epoch 083 | train (price) MSE=0.000404 MAE=0.014818 RMSE=0.020109 | val (price) MSE=0.000237 MAE=0.012020 RMSE=0.015399
2025-08-28T18:18:10Z - INFO - [train_model] Epoch 084 | train (scaled) MSE: mean=0.060896 med=0.020327 std=0.112713 min=0.000176 max=0.419787 | val (scaled) MSE: mean=0.035732 med=0.007680 std=0.050711 min=0.004043 max=0.123527
2025-08-28T18:18:10Z - INFO - [train_model] Epoch 084 | train (price) MSE=0.000404 MAE=0.014817 RMSE=0.020100 | val (price) MSE=0.000237 MAE=0.012019 RMSE=0.015397
2025-08-28T18:18:10Z - INFO - [train_model] Epoch 085 | train (scaled) MSE: mean=0.060928 med=0.020428 std=0.112728 min=0.000165 max=0.419901 | val (scaled) MSE: mean=0.035654 med=0.007674 std=0.050608 min=0.003996 max=0.123270
2025-08-28T18:18:10Z - INFO - [train_model] Epoch 085 | train (price) MSE=0.000404 MAE=0.014825 RMSE=0.020105 | val (price) MSE=0.000237 MAE=0.012003 RMSE=0.015380
2025-08-28T18:18:10Z - INFO - [train_model] Epoch 086 | train (scaled) MSE: mean=0.060839 med=0.020346 std=0.112757 min=0.000171 max=0.419925 | val (scaled) MSE: mean=0.035810 med=0.007674 std=0.050827 min=0.004087 max=0.123808
2025-08-28T18:18:10Z - INFO - [train_model] Epoch 086 | train (price) MSE=0.000404 MAE=0.014802 RMSE=0.020090 | val (price) MSE=0.000238 MAE=0.012032 RMSE=0.015413
2025-08-28T18:18:10Z - INFO - [train_model] Epoch 087 | train (scaled) MSE: mean=0.061019 med=0.020621 std=0.112003 min=0.000212 max=0.417135 | val (scaled) MSE: mean=0.036235 med=0.007680 std=0.051410 min=0.004337 max=0.125243
2025-08-28T18:18:10Z - INFO - [train_model] Epoch 087 | train (price) MSE=0.000405 MAE=0.014898 RMSE=0.020120 | val (price) MSE=0.000240 MAE=0.012111 RMSE=0.015504
2025-08-28T18:18:10Z - INFO - [train_model] Epoch 088 | train (scaled) MSE: mean=0.060816 med=0.020300 std=0.111692 min=0.000254 max=0.415931 | val (scaled) MSE: mean=0.036064 med=0.007678 std=0.051173 min=0.004238 max=0.124660
2025-08-28T18:18:10Z - INFO - [train_model] Epoch 088 | train (price) MSE=0.000403 MAE=0.014890 RMSE=0.020086 | val (price) MSE=0.000239 MAE=0.012080 RMSE=0.015468
2025-08-28T18:18:10Z - INFO - [train_model] Epoch 089 | train (scaled) MSE: mean=0.060844 med=0.020369 std=0.112014 min=0.000245 max=0.417091 | val (scaled) MSE: mean=0.036217 med=0.007681 std=0.051381 min=0.004330 max=0.125174
2025-08-28T18:18:10Z - INFO - [train_model] Epoch 089 | train (price) MSE=0.000404 MAE=0.014868 RMSE=0.020091 | val (price) MSE=0.000240 MAE=0.012108 RMSE=0.015501
2025-08-28T18:18:10Z - INFO - [train_model] Epoch 090 | train (scaled) MSE: mean=0.060835 med=0.020372 std=0.112008 min=0.000223 max=0.417104 | val (scaled) MSE: mean=0.036018 med=0.007678 std=0.051110 min=0.004210 max=0.124506
2025-08-28T18:18:10Z - INFO - [train_model] Epoch 090 | train (price) MSE=0.000404 MAE=0.014865 RMSE=0.020090 | val (price) MSE=0.000239 MAE=0.012071 RMSE=0.015458
2025-08-28T18:18:10Z - INFO - [train_model] Epoch 091 | train (scaled) MSE: mean=0.060941 med=0.020398 std=0.111956 min=0.000294 max=0.417071 | val (scaled) MSE: mean=0.036305 med=0.007676 std=0.051513 min=0.004377 max=0.125491
2025-08-28T18:18:10Z - INFO - [train_model] Epoch 091 | train (price) MSE=0.000404 MAE=0.014921 RMSE=0.020107 | val (price) MSE=0.000241 MAE=0.012123 RMSE=0.015519
2025-08-28T18:18:10Z - INFO - [train_model] Epoch 092 | train (scaled) MSE: mean=0.061050 med=0.020233 std=0.112427 min=0.000219 max=0.418799 | val (scaled) MSE: mean=0.035824 med=0.007665 std=0.050858 min=0.004091 max=0.123875
2025-08-28T18:18:10Z - INFO - [train_model] Epoch 092 | train (price) MSE=0.000405 MAE=0.014895 RMSE=0.020125 | val (price) MSE=0.000238 MAE=0.012033 RMSE=0.015416
2025-08-28T18:18:10Z - INFO - [train_model] Epoch 093 | train (scaled) MSE: mean=0.060752 med=0.020413 std=0.112018 min=0.000204 max=0.417239 | val (scaled) MSE: mean=0.036073 med=0.007667 std=0.051203 min=0.004237 max=0.124723
2025-08-28T18:18:10Z - INFO - [train_model] Epoch 093 | train (price) MSE=0.000403 MAE=0.014851 RMSE=0.020076 | val (price) MSE=0.000239 MAE=0.012079 RMSE=0.015470
2025-08-28T18:18:10Z - INFO - [train_model] Epoch 094 | train (scaled) MSE: mean=0.060803 med=0.020323 std=0.111942 min=0.000245 max=0.416887 | val (scaled) MSE: mean=0.036167 med=0.007673 std=0.051323 min=0.004298 max=0.125025
2025-08-28T18:18:10Z - INFO - [train_model] Epoch 094 | train (price) MSE=0.000403 MAE=0.014876 RMSE=0.020084 | val (price) MSE=0.000240 MAE=0.012098 RMSE=0.015490
2025-08-28T18:18:10Z - INFO - [train_model] Epoch 095 | train (scaled) MSE: mean=0.060723 med=0.020313 std=0.111675 min=0.000257 max=0.415916 | val (scaled) MSE: mean=0.036197 med=0.007673 std=0.051364 min=0.004315 max=0.125125
2025-08-28T18:18:10Z - INFO - [train_model] Epoch 095 | train (price) MSE=0.000403 MAE=0.014877 RMSE=0.020071 | val (price) MSE=0.000240 MAE=0.012103 RMSE=0.015496
2025-08-28T18:18:10Z - INFO - [train_model] Epoch 096 | train (scaled) MSE: mean=0.060824 med=0.020386 std=0.112235 min=0.000212 max=0.418001 | val (scaled) MSE: mean=0.035916 med=0.007668 std=0.050983 min=0.004145 max=0.124183
2025-08-28T18:18:10Z - INFO - [train_model] Epoch 096 | train (price) MSE=0.000404 MAE=0.014849 RMSE=0.020088 | val (price) MSE=0.000238 MAE=0.012050 RMSE=0.015436
2025-08-28T18:18:10Z - INFO - [train_model] Early stopping at epoch 96 (best price val MSE=0.000163 @ epoch 36)
2025-08-28T18:18:11Z - INFO - [visualize_full_prediction] Saved full prediction plot for ['ACAM', 'BMY', 'EBAY', 'EWI', 'BABA', 'DAL', 'JNJ', 'NFLX', 'TSLA'] to output/20250828-141803/plots/all_tickers_finbert-rnn_full_returns_prediction.png
2025-08-28T18:18:11Z - INFO - [visualize_sentiment] Saved sentiment plot for all_tickers to output/20250828-141803/plots/all_tickers_sentiment.png
2025-08-28T18:18:11Z - INFO - [train] [all_tickers] Test (price) MSE=0.000111759 | MAE=0.008468089 | RMSE=0.010571611 (scaled MSE=0.016846010)
2025-08-28T18:18:11Z - INFO - [train] [all_tickers] Final (price) Train MSE=0.000403516 | Val MSE=0.000238273 (scaled Train MSE=0.060824107 | Val MSE=0.035916205)
2025-08-28T18:18:11Z - INFO - [train] [all_tickers] Best epoch=36 | Best (price) Train MSE=0.000524071 | Best (price) Val MSE=0.000163402 | Saved at=/home/tbfs/Projects/finBert/output/20250828-141803/saved_weights/all_tickers/all_tickers_best-epoch036.pt
2025-08-28T18:18:11Z - INFO - [train] Wrote evaluation summary → output/20250828-141803/evaluation.json
