2025-08-28T18:22:01Z - INFO - [Pipeline::__init__] Loaded news dataframe with columns=['title', 'date', 'stock'] shape=(1277896, 3).
2025-08-28T18:22:01Z - INFO - [SentimentGenerator::_load] Loaded precomputed sentiment from /home/tbfs/Projects/finBert/output/20250823-140342/sentiment_daily.csv
2025-08-28T18:22:01Z - INFO - [train] Training predictor for ticker: ['ACAM', 'BMY', 'EBAY', 'EWI', 'BABA', 'DAL', 'JNJ', 'NFLX', 'TSLA']
2025-08-28T18:22:01Z - WARNING - [process_ticker] Skipping ACAM: price file is empty after loading (/home/tbfs/Projects/finBert/yf/ACAM.csv)
2025-08-28T18:22:01Z - INFO - [process_ticker] Loaded prices for BABA with columns=['date', 'open', 'high', 'low', 'close', 'volume', 'Dividends', 'Stock Splits'] shape=(1330, 8).
2025-08-28T18:22:01Z - INFO - [process_ticker] Loaded prices for BMY with columns=['date', 'open', 'high', 'low', 'close', 'volume', 'Dividends', 'Stock Splits'] shape=(2516, 8).
2025-08-28T18:22:01Z - INFO - [process_ticker] Loaded prices for EBAY with columns=['date', 'open', 'high', 'low', 'close', 'volume', 'Dividends', 'Stock Splits'] shape=(2516, 8).
2025-08-28T18:22:01Z - INFO - [process_ticker] Loaded prices for JNJ with columns=['date', 'open', 'high', 'low', 'close', 'volume', 'Dividends', 'Stock Splits'] shape=(2516, 8).
2025-08-28T18:22:01Z - INFO - [process_ticker] Loaded prices for NFLX with columns=['date', 'open', 'high', 'low', 'close', 'volume', 'Dividends', 'Stock Splits'] shape=(2516, 8).
2025-08-28T18:22:01Z - INFO - [process_ticker] Loaded prices for DAL with columns=['date', 'open', 'high', 'low', 'close', 'volume', 'Dividends', 'Stock Splits'] shape=(2516, 8).
2025-08-28T18:22:01Z - INFO - [process_ticker] Loaded prices for EWI with columns=['date', 'open', 'high', 'low', 'close', 'volume', 'Dividends', 'Stock Splits', 'Capital Gains'] shape=(2516, 9).
2025-08-28T18:22:01Z - INFO - [process_ticker] Loaded prices for TSLA with columns=['date', 'open', 'high', 'low', 'close', 'volume', 'Dividends', 'Stock Splits'] shape=(2394, 8).
2025-08-28T18:22:01Z - INFO - [train] feat_cols=['Open', 'High', 'Low', 'Volume', 'Close']
2025-08-28T18:22:01Z - INFO - [train] Combined supervised dataframe shape: (18812, 14)
2025-08-28T18:22:01Z - INFO - [SequenceDataset::__init__] len(self.valid_indices)=28 out of len(df_)=18812 samples are valid for lookback=60 with sentiment_col=SentimentScore
2025-08-28T18:22:01Z - INFO - [SequenceDataset::__init__] len(self.valid_indices)=8 out of len(df_)=18812 samples are valid for lookback=60 with sentiment_col=SentimentScore
2025-08-28T18:22:01Z - INFO - [SequenceDataset::__init__] len(self.valid_indices)=10 out of len(df_)=18812 samples are valid for lookback=60 with sentiment_col=SentimentScore
2025-08-28T18:22:02Z - INFO - [train_model] Epoch 001 | train (scaled) MSE: mean=0.213486 med=0.153484 std=0.186040 min=0.004710 max=0.871778 | val (scaled) MSE: mean=0.165167 med=0.160864 std=0.088594 min=0.001056 max=0.305365
2025-08-28T18:22:02Z - INFO - [train_model] Epoch 001 | train (price) MSE=0.002294 MAE=0.043832 RMSE=0.047898 | val (price) MSE=0.001775 MAE=0.039179 RMSE=0.042130
2025-08-28T18:22:02Z - INFO - [train_model] New best (price) val MSE=0.001775 at epoch 1; saved → /home/tbfs/Projects/finBert/output/20250828-142156/saved_weights/all_tickers/all_tickers_best-epoch001.pt
2025-08-28T18:22:02Z - INFO - [train_model] Epoch 002 | train (scaled) MSE: mean=0.210745 med=0.152173 std=0.184855 min=0.005090 max=0.863933 | val (scaled) MSE: mean=0.161392 med=0.157378 std=0.087305 min=0.000865 max=0.301655
2025-08-28T18:22:02Z - INFO - [train_model] Epoch 002 | train (price) MSE=0.002265 MAE=0.043514 RMSE=0.047590 | val (price) MSE=0.001734 MAE=0.038678 RMSE=0.041646
2025-08-28T18:22:02Z - INFO - [train_model] New best (price) val MSE=0.001734 at epoch 2; saved → /home/tbfs/Projects/finBert/output/20250828-142156/saved_weights/all_tickers/all_tickers_best-epoch002.pt
2025-08-28T18:22:02Z - INFO - [train_model] Epoch 003 | train (scaled) MSE: mean=0.208052 med=0.149710 std=0.183583 min=0.005535 max=0.856218 | val (scaled) MSE: mean=0.157698 med=0.153951 std=0.086063 min=0.000692 max=0.297898
2025-08-28T18:22:02Z - INFO - [train_model] Epoch 003 | train (price) MSE=0.002236 MAE=0.043194 RMSE=0.047285 | val (price) MSE=0.001695 MAE=0.038179 RMSE=0.041167
2025-08-28T18:22:02Z - INFO - [train_model] New best (price) val MSE=0.001695 at epoch 3; saved → /home/tbfs/Projects/finBert/output/20250828-142156/saved_weights/all_tickers/all_tickers_best-epoch003.pt
2025-08-28T18:22:02Z - INFO - [train_model] Epoch 004 | train (scaled) MSE: mean=0.205319 med=0.147364 std=0.182793 min=0.005629 max=0.854243 | val (scaled) MSE: mean=0.154201 med=0.150735 std=0.084793 min=0.000535 max=0.293986
2025-08-28T18:22:02Z - INFO - [train_model] Epoch 004 | train (price) MSE=0.002206 MAE=0.042862 RMSE=0.046973 | val (price) MSE=0.001657 MAE=0.037701 RMSE=0.040708
2025-08-28T18:22:02Z - INFO - [train_model] New best (price) val MSE=0.001657 at epoch 4; saved → /home/tbfs/Projects/finBert/output/20250828-142156/saved_weights/all_tickers/all_tickers_best-epoch004.pt
2025-08-28T18:22:02Z - INFO - [train_model] Epoch 005 | train (scaled) MSE: mean=0.202588 med=0.143773 std=0.181718 min=0.006572 max=0.847572 | val (scaled) MSE: mean=0.150474 med=0.147313 std=0.083448 min=0.000391 max=0.289947
2025-08-28T18:22:02Z - INFO - [train_model] Epoch 005 | train (price) MSE=0.002177 MAE=0.042542 RMSE=0.046660 | val (price) MSE=0.001617 MAE=0.037185 RMSE=0.040213
2025-08-28T18:22:02Z - INFO - [train_model] New best (price) val MSE=0.001617 at epoch 5; saved → /home/tbfs/Projects/finBert/output/20250828-142156/saved_weights/all_tickers/all_tickers_best-epoch005.pt
2025-08-28T18:22:02Z - INFO - [train_model] Epoch 006 | train (scaled) MSE: mean=0.199780 med=0.140886 std=0.180685 min=0.007065 max=0.841354 | val (scaled) MSE: mean=0.146340 med=0.143605 std=0.082041 min=0.000272 max=0.285960
2025-08-28T18:22:02Z - INFO - [train_model] Epoch 006 | train (price) MSE=0.002147 MAE=0.042198 RMSE=0.046335 | val (price) MSE=0.001573 MAE=0.036609 RMSE=0.039657
2025-08-28T18:22:02Z - INFO - [train_model] New best (price) val MSE=0.001573 at epoch 6; saved → /home/tbfs/Projects/finBert/output/20250828-142156/saved_weights/all_tickers/all_tickers_best-epoch006.pt
2025-08-28T18:22:02Z - INFO - [train_model] Epoch 007 | train (scaled) MSE: mean=0.196938 med=0.138514 std=0.179008 min=0.007202 max=0.832063 | val (scaled) MSE: mean=0.141981 med=0.139764 std=0.080688 min=0.000181 max=0.282357
2025-08-28T18:22:02Z - INFO - [train_model] Epoch 007 | train (price) MSE=0.002116 MAE=0.041865 RMSE=0.046004 | val (price) MSE=0.001526 MAE=0.035993 RMSE=0.039062
2025-08-28T18:22:02Z - INFO - [train_model] New best (price) val MSE=0.001526 at epoch 7; saved → /home/tbfs/Projects/finBert/output/20250828-142156/saved_weights/all_tickers/all_tickers_best-epoch007.pt
2025-08-28T18:22:02Z - INFO - [train_model] Epoch 008 | train (scaled) MSE: mean=0.194226 med=0.135996 std=0.178255 min=0.007815 max=0.831129 | val (scaled) MSE: mean=0.136820 med=0.135211 std=0.079196 min=0.000099 max=0.278224
2025-08-28T18:22:02Z - INFO - [train_model] Epoch 008 | train (price) MSE=0.002087 MAE=0.041530 RMSE=0.045686 | val (price) MSE=0.001470 MAE=0.035249 RMSE=0.038345
2025-08-28T18:22:02Z - INFO - [train_model] New best (price) val MSE=0.001470 at epoch 8; saved → /home/tbfs/Projects/finBert/output/20250828-142156/saved_weights/all_tickers/all_tickers_best-epoch008.pt
2025-08-28T18:22:02Z - INFO - [train_model] Epoch 009 | train (scaled) MSE: mean=0.191230 med=0.132638 std=0.176912 min=0.008588 max=0.823346 | val (scaled) MSE: mean=0.131353 med=0.130353 std=0.077683 min=0.000041 max=0.273805
2025-08-28T18:22:02Z - INFO - [train_model] Epoch 009 | train (price) MSE=0.002055 MAE=0.041166 RMSE=0.045333 | val (price) MSE=0.001412 MAE=0.034443 RMSE=0.037571
2025-08-28T18:22:02Z - INFO - [train_model] New best (price) val MSE=0.001412 at epoch 9; saved → /home/tbfs/Projects/finBert/output/20250828-142156/saved_weights/all_tickers/all_tickers_best-epoch009.pt
2025-08-28T18:22:02Z - INFO - [train_model] Epoch 010 | train (scaled) MSE: mean=0.188036 med=0.131209 std=0.175169 min=0.009365 max=0.815347 | val (scaled) MSE: mean=0.125734 med=0.125549 std=0.076173 min=0.000007 max=0.269150
2025-08-28T18:22:02Z - INFO - [train_model] Epoch 010 | train (price) MSE=0.002021 MAE=0.040783 RMSE=0.044952 | val (price) MSE=0.001351 MAE=0.033594 RMSE=0.036759
2025-08-28T18:22:02Z - INFO - [train_model] New best (price) val MSE=0.001351 at epoch 10; saved → /home/tbfs/Projects/finBert/output/20250828-142156/saved_weights/all_tickers/all_tickers_best-epoch010.pt
2025-08-28T18:22:02Z - INFO - [train_model] Epoch 011 | train (scaled) MSE: mean=0.184702 med=0.128797 std=0.174344 min=0.009617 max=0.809252 | val (scaled) MSE: mean=0.119462 med=0.120042 std=0.074561 min=0.000002 max=0.263862
2025-08-28T18:22:02Z - INFO - [train_model] Epoch 011 | train (price) MSE=0.001985 MAE=0.040339 RMSE=0.044552 | val (price) MSE=0.001284 MAE=0.032654 RMSE=0.035830
2025-08-28T18:22:02Z - INFO - [train_model] New best (price) val MSE=0.001284 at epoch 11; saved → /home/tbfs/Projects/finBert/output/20250828-142156/saved_weights/all_tickers/all_tickers_best-epoch011.pt
2025-08-28T18:22:02Z - INFO - [train_model] Epoch 012 | train (scaled) MSE: mean=0.181025 med=0.125098 std=0.172382 min=0.011105 max=0.800579 | val (scaled) MSE: mean=0.112939 med=0.114399 std=0.072956 min=0.000032 max=0.258147
2025-08-28T18:22:02Z - INFO - [train_model] Epoch 012 | train (price) MSE=0.001945 MAE=0.039909 RMSE=0.044107 | val (price) MSE=0.001214 MAE=0.031714 RMSE=0.034838
2025-08-28T18:22:02Z - INFO - [train_model] New best (price) val MSE=0.001214 at epoch 12; saved → /home/tbfs/Projects/finBert/output/20250828-142156/saved_weights/all_tickers/all_tickers_best-epoch012.pt
2025-08-28T18:22:02Z - INFO - [train_model] Epoch 013 | train (scaled) MSE: mean=0.177161 med=0.121880 std=0.171187 min=0.010570 max=0.795579 | val (scaled) MSE: mean=0.105738 med=0.107918 std=0.071238 min=0.000108 max=0.251701
2025-08-28T18:22:02Z - INFO - [train_model] Epoch 013 | train (price) MSE=0.001904 MAE=0.039380 RMSE=0.043633 | val (price) MSE=0.001136 MAE=0.030634 RMSE=0.033709
2025-08-28T18:22:02Z - INFO - [train_model] New best (price) val MSE=0.001136 at epoch 13; saved → /home/tbfs/Projects/finBert/output/20250828-142156/saved_weights/all_tickers/all_tickers_best-epoch013.pt
2025-08-28T18:22:02Z - INFO - [train_model] Epoch 014 | train (scaled) MSE: mean=0.172835 med=0.118350 std=0.169481 min=0.010171 max=0.784344 | val (scaled) MSE: mean=0.098060 med=0.097414 std=0.069638 min=0.000237 max=0.245015
2025-08-28T18:22:02Z - INFO - [train_model] Epoch 014 | train (price) MSE=0.001857 MAE=0.038824 RMSE=0.043097 | val (price) MSE=0.001054 MAE=0.029417 RMSE=0.032462
2025-08-28T18:22:02Z - INFO - [train_model] New best (price) val MSE=0.001054 at epoch 14; saved → /home/tbfs/Projects/finBert/output/20250828-142156/saved_weights/all_tickers/all_tickers_best-epoch014.pt
2025-08-28T18:22:02Z - INFO - [train_model] Epoch 015 | train (scaled) MSE: mean=0.168242 med=0.114203 std=0.167493 min=0.009050 max=0.775491 | val (scaled) MSE: mean=0.089413 med=0.085346 std=0.068152 min=0.000444 max=0.237585
2025-08-28T18:22:02Z - INFO - [train_model] Epoch 015 | train (price) MSE=0.001808 MAE=0.038219 RMSE=0.042521 | val (price) MSE=0.000961 MAE=0.027951 RMSE=0.030998
2025-08-28T18:22:02Z - INFO - [train_model] New best (price) val MSE=0.000961 at epoch 15; saved → /home/tbfs/Projects/finBert/output/20250828-142156/saved_weights/all_tickers/all_tickers_best-epoch015.pt
2025-08-28T18:22:02Z - INFO - [train_model] Epoch 016 | train (scaled) MSE: mean=0.163509 med=0.112063 std=0.165793 min=0.007437 max=0.763471 | val (scaled) MSE: mean=0.079437 med=0.070979 std=0.067044 min=0.000746 max=0.229572
2025-08-28T18:22:02Z - INFO - [train_model] Epoch 016 | train (price) MSE=0.001757 MAE=0.037538 RMSE=0.041918 | val (price) MSE=0.000854 MAE=0.026084 RMSE=0.029218
2025-08-28T18:22:02Z - INFO - [train_model] New best (price) val MSE=0.000854 at epoch 16; saved → /home/tbfs/Projects/finBert/output/20250828-142156/saved_weights/all_tickers/all_tickers_best-epoch016.pt
2025-08-28T18:22:02Z - INFO - [train_model] Epoch 017 | train (scaled) MSE: mean=0.158410 med=0.106971 std=0.163562 min=0.007375 max=0.753286 | val (scaled) MSE: mean=0.069596 med=0.056371 std=0.066484 min=0.001126 max=0.221807
2025-08-28T18:22:02Z - INFO - [train_model] Epoch 017 | train (price) MSE=0.001702 MAE=0.036848 RMSE=0.041260 | val (price) MSE=0.000748 MAE=0.024001 RMSE=0.027348
2025-08-28T18:22:02Z - INFO - [train_model] New best (price) val MSE=0.000748 at epoch 17; saved → /home/tbfs/Projects/finBert/output/20250828-142156/saved_weights/all_tickers/all_tickers_best-epoch017.pt
2025-08-28T18:22:02Z - INFO - [train_model] Epoch 018 | train (scaled) MSE: mean=0.152948 med=0.103168 std=0.161019 min=0.005573 max=0.736399 | val (scaled) MSE: mean=0.059972 med=0.041829 std=0.066112 min=0.001606 max=0.213439
2025-08-28T18:22:02Z - INFO - [train_model] Epoch 018 | train (price) MSE=0.001644 MAE=0.036077 RMSE=0.040542 | val (price) MSE=0.000644 MAE=0.021638 RMSE=0.025387
2025-08-28T18:22:02Z - INFO - [train_model] New best (price) val MSE=0.000644 at epoch 18; saved → /home/tbfs/Projects/finBert/output/20250828-142156/saved_weights/all_tickers/all_tickers_best-epoch018.pt
2025-08-28T18:22:02Z - INFO - [train_model] Epoch 019 | train (scaled) MSE: mean=0.147299 med=0.097341 std=0.158900 min=0.004661 max=0.724487 | val (scaled) MSE: mean=0.049791 med=0.024467 std=0.065937 min=0.002252 max=0.203810
2025-08-28T18:22:02Z - INFO - [train_model] Epoch 019 | train (price) MSE=0.001583 MAE=0.035226 RMSE=0.039786 | val (price) MSE=0.000535 MAE=0.018484 RMSE=0.023132
2025-08-28T18:22:02Z - INFO - [train_model] New best (price) val MSE=0.000535 at epoch 19; saved → /home/tbfs/Projects/finBert/output/20250828-142156/saved_weights/all_tickers/all_tickers_best-epoch019.pt
2025-08-28T18:22:02Z - INFO - [train_model] Epoch 020 | train (scaled) MSE: mean=0.141030 med=0.086658 std=0.157733 min=0.004269 max=0.719208 | val (scaled) MSE: mean=0.041953 med=0.010792 std=0.064900 min=0.000027 max=0.193319
2025-08-28T18:22:02Z - INFO - [train_model] Epoch 020 | train (price) MSE=0.001516 MAE=0.034265 RMSE=0.038930 | val (price) MSE=0.000451 MAE=0.015092 RMSE=0.021233
2025-08-28T18:22:02Z - INFO - [train_model] New best (price) val MSE=0.000451 at epoch 20; saved → /home/tbfs/Projects/finBert/output/20250828-142156/saved_weights/all_tickers/all_tickers_best-epoch020.pt
2025-08-28T18:22:03Z - INFO - [train_model] Epoch 021 | train (scaled) MSE: mean=0.134212 med=0.083888 std=0.155419 min=0.002695 max=0.708475 | val (scaled) MSE: mean=0.036810 med=0.003712 std=0.062145 min=0.000422 max=0.180873
2025-08-28T18:22:03Z - INFO - [train_model] Epoch 021 | train (price) MSE=0.001442 MAE=0.033167 RMSE=0.037978 | val (price) MSE=0.000396 MAE=0.013673 RMSE=0.019889
2025-08-28T18:22:03Z - INFO - [train_model] New best (price) val MSE=0.000396 at epoch 21; saved → /home/tbfs/Projects/finBert/output/20250828-142156/saved_weights/all_tickers/all_tickers_best-epoch021.pt
2025-08-28T18:22:03Z - INFO - [train_model] Epoch 022 | train (scaled) MSE: mean=0.126481 med=0.077240 std=0.150143 min=0.002272 max=0.679491 | val (scaled) MSE: mean=0.036858 med=0.009351 std=0.056770 min=0.000132 max=0.167502
2025-08-28T18:22:03Z - INFO - [train_model] Epoch 022 | train (price) MSE=0.001359 MAE=0.032009 RMSE=0.036868 | val (price) MSE=0.000396 MAE=0.014265 RMSE=0.019902
2025-08-28T18:22:03Z - INFO - [train_model] Epoch 023 | train (scaled) MSE: mean=0.118323 med=0.071970 std=0.148587 min=0.001560 max=0.665584 | val (scaled) MSE: mean=0.043457 med=0.024124 std=0.048234 min=0.003653 max=0.152381
2025-08-28T18:22:03Z - INFO - [train_model] Epoch 023 | train (price) MSE=0.001272 MAE=0.030498 RMSE=0.035659 | val (price) MSE=0.000467 MAE=0.018563 RMSE=0.021611
2025-08-28T18:22:03Z - INFO - [train_model] Epoch 024 | train (scaled) MSE: mean=0.109845 med=0.062605 std=0.143930 min=0.000628 max=0.640213 | val (scaled) MSE: mean=0.060102 med=0.056877 std=0.038353 min=0.009629 max=0.135065
2025-08-28T18:22:03Z - INFO - [train_model] Epoch 024 | train (price) MSE=0.001180 MAE=0.028922 RMSE=0.034358 | val (price) MSE=0.000646 MAE=0.023950 RMSE=0.025414
2025-08-28T18:22:03Z - INFO - [train_model] Epoch 025 | train (scaled) MSE: mean=0.100469 med=0.053394 std=0.140470 min=0.000388 max=0.616647 | val (scaled) MSE: mean=0.083851 med=0.077943 std=0.038869 min=0.012237 max=0.140035
2025-08-28T18:22:03Z - INFO - [train_model] Epoch 025 | train (price) MSE=0.001080 MAE=0.027044 RMSE=0.032859 | val (price) MSE=0.000901 MAE=0.028895 RMSE=0.030018
2025-08-28T18:22:03Z - INFO - [train_model] Epoch 026 | train (scaled) MSE: mean=0.092021 med=0.044401 std=0.137940 min=0.000016 max=0.609637 | val (scaled) MSE: mean=0.120982 med=0.118122 std=0.060407 min=0.015757 max=0.218543
2025-08-28T18:22:03Z - INFO - [train_model] Epoch 026 | train (price) MSE=0.000989 MAE=0.025022 RMSE=0.031447 | val (price) MSE=0.001300 MAE=0.034543 RMSE=0.036057
2025-08-28T18:22:03Z - INFO - [train_model] Epoch 027 | train (scaled) MSE: mean=0.083386 med=0.039475 std=0.132962 min=0.000034 max=0.586092 | val (scaled) MSE: mean=0.162784 med=0.178944 std=0.093041 min=0.019333 max=0.302455
2025-08-28T18:22:03Z - INFO - [train_model] Epoch 027 | train (price) MSE=0.000896 MAE=0.023022 RMSE=0.029935 | val (price) MSE=0.001749 MAE=0.039535 RMSE=0.041825
2025-08-28T18:22:03Z - INFO - [train_model] Epoch 028 | train (scaled) MSE: mean=0.076572 med=0.027235 std=0.128987 min=0.000078 max=0.557045 | val (scaled) MSE: mean=0.221882 med=0.267986 std=0.141663 min=0.024446 max=0.416636
2025-08-28T18:22:03Z - INFO - [train_model] Epoch 028 | train (price) MSE=0.000823 MAE=0.021126 RMSE=0.028686 | val (price) MSE=0.002384 MAE=0.045315 RMSE=0.048831
2025-08-28T18:22:03Z - INFO - [train_model] Epoch 029 | train (scaled) MSE: mean=0.070177 med=0.020214 std=0.123238 min=0.000006 max=0.534934 | val (scaled) MSE: mean=0.273832 med=0.346645 std=0.184514 min=0.028987 max=0.514236
2025-08-28T18:22:03Z - INFO - [train_model] Epoch 029 | train (price) MSE=0.000754 MAE=0.019787 RMSE=0.027462 | val (price) MSE=0.002943 MAE=0.049649 RMSE=0.054247
2025-08-28T18:22:03Z - INFO - [train_model] Epoch 030 | train (scaled) MSE: mean=0.065650 med=0.016493 std=0.118082 min=0.000030 max=0.506113 | val (scaled) MSE: mean=0.316675 med=0.411770 std=0.219774 min=0.033173 max=0.593407
2025-08-28T18:22:03Z - INFO - [train_model] Epoch 030 | train (price) MSE=0.000706 MAE=0.018861 RMSE=0.026561 | val (price) MSE=0.003403 MAE=0.052854 RMSE=0.058336
2025-08-28T18:22:03Z - INFO - [train_model] Epoch 031 | train (scaled) MSE: mean=0.062739 med=0.013186 std=0.115048 min=0.000075 max=0.494176 | val (scaled) MSE: mean=0.369683 med=0.492424 std=0.262951 min=0.036916 max=0.690028
2025-08-28T18:22:03Z - INFO - [train_model] Epoch 031 | train (price) MSE=0.000674 MAE=0.018294 RMSE=0.025966 | val (price) MSE=0.003973 MAE=0.056486 RMSE=0.063030
2025-08-28T18:22:03Z - INFO - [train_model] Epoch 032 | train (scaled) MSE: mean=0.060425 med=0.012079 std=0.111017 min=0.000120 max=0.476156 | val (scaled) MSE: mean=0.390687 med=0.524514 std=0.280169 min=0.032357 max=0.727952
2025-08-28T18:22:03Z - INFO - [train_model] Epoch 032 | train (price) MSE=0.000649 MAE=0.017994 RMSE=0.025483 | val (price) MSE=0.004199 MAE=0.057816 RMSE=0.064796
2025-08-28T18:22:03Z - INFO - [train_model] Epoch 033 | train (scaled) MSE: mean=0.059336 med=0.013147 std=0.107438 min=0.000105 max=0.465366 | val (scaled) MSE: mean=0.425708 med=0.577849 std=0.308378 min=0.026851 max=0.790801
2025-08-28T18:22:03Z - INFO - [train_model] Epoch 033 | train (price) MSE=0.000638 MAE=0.018069 RMSE=0.025252 | val (price) MSE=0.004575 MAE=0.059974 RMSE=0.067638
2025-08-28T18:22:03Z - INFO - [train_model] Epoch 034 | train (scaled) MSE: mean=0.058194 med=0.014476 std=0.105357 min=0.000025 max=0.453918 | val (scaled) MSE: mean=0.447497 med=0.611106 std=0.325924 min=0.023238 max=0.829680
2025-08-28T18:22:03Z - INFO - [train_model] Epoch 034 | train (price) MSE=0.000625 MAE=0.017843 RMSE=0.025008 | val (price) MSE=0.004809 MAE=0.061249 RMSE=0.069347
2025-08-28T18:22:03Z - INFO - [train_model] Epoch 035 | train (scaled) MSE: mean=0.057516 med=0.015369 std=0.104223 min=0.000047 max=0.450966 | val (scaled) MSE: mean=0.436662 med=0.594777 std=0.317536 min=0.023137 max=0.810283
2025-08-28T18:22:03Z - INFO - [train_model] Epoch 035 | train (price) MSE=0.000618 MAE=0.017830 RMSE=0.024862 | val (price) MSE=0.004693 MAE=0.060565 RMSE=0.068502
2025-08-28T18:22:03Z - INFO - [train_model] Epoch 036 | train (scaled) MSE: mean=0.056982 med=0.015090 std=0.103184 min=0.000014 max=0.448080 | val (scaled) MSE: mean=0.440780 med=0.601146 std=0.320964 min=0.021685 max=0.817592
2025-08-28T18:22:03Z - INFO - [train_model] Epoch 036 | train (price) MSE=0.000612 MAE=0.017790 RMSE=0.024746 | val (price) MSE=0.004737 MAE=0.060779 RMSE=0.068825
2025-08-28T18:22:03Z - INFO - [train_model] Epoch 037 | train (scaled) MSE: mean=0.056238 med=0.015284 std=0.100775 min=0.000019 max=0.435241 | val (scaled) MSE: mean=0.449475 med=0.614472 std=0.328021 min=0.019703 max=0.833039
2025-08-28T18:22:03Z - INFO - [train_model] Epoch 037 | train (price) MSE=0.000604 MAE=0.017761 RMSE=0.024584 | val (price) MSE=0.004830 MAE=0.061256 RMSE=0.069500
2025-08-28T18:22:03Z - INFO - [train_model] Epoch 038 | train (scaled) MSE: mean=0.055919 med=0.015053 std=0.100013 min=0.000020 max=0.433179 | val (scaled) MSE: mean=0.451962 med=0.618410 std=0.330147 min=0.018385 max=0.837475
2025-08-28T18:22:03Z - INFO - [train_model] Epoch 038 | train (price) MSE=0.000601 MAE=0.017745 RMSE=0.024514 | val (price) MSE=0.004857 MAE=0.061363 RMSE=0.069692
2025-08-28T18:22:03Z - INFO - [train_model] Epoch 039 | train (scaled) MSE: mean=0.055695 med=0.014739 std=0.099140 min=0.000000 max=0.430609 | val (scaled) MSE: mean=0.439913 med=0.600257 std=0.320760 min=0.019031 max=0.816099
2025-08-28T18:22:03Z - INFO - [train_model] Epoch 039 | train (price) MSE=0.000599 MAE=0.017777 RMSE=0.024465 | val (price) MSE=0.004728 MAE=0.060627 RMSE=0.068757
2025-08-28T18:22:03Z - INFO - [train_model] Epoch 040 | train (scaled) MSE: mean=0.055349 med=0.013666 std=0.097949 min=0.000024 max=0.426285 | val (scaled) MSE: mean=0.452257 med=0.619183 std=0.330631 min=0.016904 max=0.838154
2025-08-28T18:22:03Z - INFO - [train_model] Epoch 040 | train (price) MSE=0.000595 MAE=0.017798 RMSE=0.024389 | val (price) MSE=0.004860 MAE=0.061320 RMSE=0.069715
2025-08-28T18:22:03Z - INFO - [train_model] Epoch 041 | train (scaled) MSE: mean=0.055042 med=0.013497 std=0.097416 min=0.000020 max=0.423646 | val (scaled) MSE: mean=0.444453 med=0.607491 std=0.324591 min=0.017115 max=0.824368
2025-08-28T18:22:03Z - INFO - [train_model] Epoch 041 | train (price) MSE=0.000592 MAE=0.017785 RMSE=0.024321 | val (price) MSE=0.004776 MAE=0.060836 RMSE=0.069111
2025-08-28T18:22:03Z - INFO - [train_model] Epoch 042 | train (scaled) MSE: mean=0.054870 med=0.013653 std=0.097408 min=0.000000 max=0.423007 | val (scaled) MSE: mean=0.435214 med=0.593674 std=0.317445 min=0.017221 max=0.808025
2025-08-28T18:22:03Z - INFO - [train_model] Epoch 042 | train (price) MSE=0.000590 MAE=0.017703 RMSE=0.024283 | val (price) MSE=0.004677 MAE=0.060254 RMSE=0.068389
2025-08-28T18:22:03Z - INFO - [train_model] Epoch 043 | train (scaled) MSE: mean=0.054682 med=0.013029 std=0.096320 min=0.000090 max=0.419780 | val (scaled) MSE: mean=0.449023 med=0.614770 std=0.328399 min=0.015223 max=0.832672
2025-08-28T18:22:03Z - INFO - [train_model] Epoch 043 | train (price) MSE=0.000588 MAE=0.017762 RMSE=0.024241 | val (price) MSE=0.004825 MAE=0.061042 RMSE=0.069465
2025-08-28T18:22:03Z - INFO - [train_model] Epoch 044 | train (scaled) MSE: mean=0.054308 med=0.012950 std=0.095218 min=0.000094 max=0.414561 | val (scaled) MSE: mean=0.441858 med=0.604053 std=0.322870 min=0.015234 max=0.819998
2025-08-28T18:22:03Z - INFO - [train_model] Epoch 044 | train (price) MSE=0.000584 MAE=0.017791 RMSE=0.024158 | val (price) MSE=0.004748 MAE=0.060590 RMSE=0.068909
2025-08-28T18:22:04Z - INFO - [train_model] Epoch 045 | train (scaled) MSE: mean=0.054294 med=0.013384 std=0.094903 min=0.000104 max=0.415072 | val (scaled) MSE: mean=0.439676 med=0.600900 std=0.321245 min=0.014810 max=0.816201
2025-08-28T18:22:04Z - INFO - [train_model] Epoch 045 | train (price) MSE=0.000583 MAE=0.017841 RMSE=0.024155 | val (price) MSE=0.004725 MAE=0.060432 RMSE=0.068738
2025-08-28T18:22:04Z - INFO - [train_model] Epoch 046 | train (scaled) MSE: mean=0.054130 med=0.012762 std=0.095504 min=0.000046 max=0.416257 | val (scaled) MSE: mean=0.422156 med=0.574511 std=0.307583 min=0.015877 max=0.785067
2025-08-28T18:22:04Z - INFO - [train_model] Epoch 046 | train (price) MSE=0.000582 MAE=0.017664 RMSE=0.024119 | val (price) MSE=0.004537 MAE=0.059354 RMSE=0.067355
2025-08-28T18:22:04Z - INFO - [train_model] Epoch 047 | train (scaled) MSE: mean=0.053787 med=0.012890 std=0.094772 min=0.000056 max=0.413686 | val (scaled) MSE: mean=0.420144 med=0.571596 std=0.306083 min=0.015505 max=0.781540
2025-08-28T18:22:04Z - INFO - [train_model] Epoch 047 | train (price) MSE=0.000578 MAE=0.017678 RMSE=0.024042 | val (price) MSE=0.004515 MAE=0.059206 RMSE=0.067194
2025-08-28T18:22:04Z - INFO - [train_model] Epoch 048 | train (scaled) MSE: mean=0.053691 med=0.013427 std=0.093934 min=0.000032 max=0.409670 | val (scaled) MSE: mean=0.422739 med=0.575656 std=0.308200 min=0.014594 max=0.786204
2025-08-28T18:22:04Z - INFO - [train_model] Epoch 048 | train (price) MSE=0.000577 MAE=0.017740 RMSE=0.024021 | val (price) MSE=0.004543 MAE=0.059333 RMSE=0.067402
2025-08-28T18:22:04Z - INFO - [train_model] Epoch 049 | train (scaled) MSE: mean=0.053411 med=0.013152 std=0.094006 min=0.000083 max=0.409981 | val (scaled) MSE: mean=0.413238 med=0.561371 std=0.300806 min=0.015104 max=0.769306
2025-08-28T18:22:04Z - INFO - [train_model] Epoch 049 | train (price) MSE=0.000574 MAE=0.017644 RMSE=0.023958 | val (price) MSE=0.004441 MAE=0.058736 RMSE=0.066640
2025-08-28T18:22:04Z - INFO - [train_model] Epoch 050 | train (scaled) MSE: mean=0.053212 med=0.013342 std=0.093643 min=0.000092 max=0.408713 | val (scaled) MSE: mean=0.415015 med=0.564173 std=0.302263 min=0.014390 max=0.772520
2025-08-28T18:22:04Z - INFO - [train_model] Epoch 050 | train (price) MSE=0.000572 MAE=0.017613 RMSE=0.023913 | val (price) MSE=0.004460 MAE=0.058819 RMSE=0.066783
2025-08-28T18:22:04Z - INFO - [train_model] Epoch 051 | train (scaled) MSE: mean=0.053043 med=0.013174 std=0.093221 min=0.000072 max=0.406906 | val (scaled) MSE: mean=0.404937 med=0.549031 std=0.294445 min=0.014671 max=0.754517
2025-08-28T18:22:04Z - INFO - [train_model] Epoch 051 | train (price) MSE=0.000570 MAE=0.017607 RMSE=0.023875 | val (price) MSE=0.004352 MAE=0.058168 RMSE=0.065967
2025-08-28T18:22:04Z - INFO - [train_model] Epoch 052 | train (scaled) MSE: mean=0.052850 med=0.013185 std=0.092941 min=0.000051 max=0.406017 | val (scaled) MSE: mean=0.401707 med=0.544237 std=0.291966 min=0.014521 max=0.748769
2025-08-28T18:22:04Z - INFO - [train_model] Epoch 052 | train (price) MSE=0.000568 MAE=0.017569 RMSE=0.023832 | val (price) MSE=0.004317 MAE=0.057947 RMSE=0.065703
2025-08-28T18:22:04Z - INFO - [train_model] Epoch 053 | train (scaled) MSE: mean=0.052758 med=0.012920 std=0.092502 min=0.000019 max=0.404508 | val (scaled) MSE: mean=0.403708 med=0.547357 std=0.293584 min=0.013870 max=0.752379
2025-08-28T18:22:04Z - INFO - [train_model] Epoch 053 | train (price) MSE=0.000567 MAE=0.017584 RMSE=0.023811 | val (price) MSE=0.004338 MAE=0.058048 RMSE=0.065867
2025-08-28T18:22:04Z - INFO - [train_model] Epoch 054 | train (scaled) MSE: mean=0.052683 med=0.012899 std=0.093060 min=0.000032 max=0.407049 | val (scaled) MSE: mean=0.385114 med=0.519302 std=0.279066 min=0.015242 max=0.719077
2025-08-28T18:22:04Z - INFO - [train_model] Epoch 054 | train (price) MSE=0.000566 MAE=0.017519 RMSE=0.023794 | val (price) MSE=0.004139 MAE=0.056862 RMSE=0.064332
2025-08-28T18:22:04Z - INFO - [train_model] Epoch 055 | train (scaled) MSE: mean=0.052588 med=0.013065 std=0.093387 min=0.000037 max=0.407978 | val (scaled) MSE: mean=0.382028 med=0.514721 std=0.276716 min=0.014934 max=0.713524
2025-08-28T18:22:04Z - INFO - [train_model] Epoch 055 | train (price) MSE=0.000565 MAE=0.017455 RMSE=0.023773 | val (price) MSE=0.004105 MAE=0.056637 RMSE=0.064074
2025-08-28T18:22:04Z - INFO - [train_model] Epoch 056 | train (scaled) MSE: mean=0.052265 med=0.012842 std=0.091961 min=0.000015 max=0.403222 | val (scaled) MSE: mean=0.387831 med=0.523572 std=0.281326 min=0.013766 max=0.723911
2025-08-28T18:22:04Z - INFO - [train_model] Epoch 056 | train (price) MSE=0.000562 MAE=0.017494 RMSE=0.023700 | val (price) MSE=0.004168 MAE=0.056976 RMSE=0.064559
2025-08-28T18:22:04Z - INFO - [train_model] Epoch 057 | train (scaled) MSE: mean=0.052222 med=0.012279 std=0.092255 min=0.000035 max=0.403913 | val (scaled) MSE: mean=0.374722 med=0.503814 std=0.271097 min=0.014687 max=0.700377
2025-08-28T18:22:04Z - INFO - [train_model] Epoch 057 | train (price) MSE=0.000561 MAE=0.017422 RMSE=0.023690 | val (price) MSE=0.004027 MAE=0.056123 RMSE=0.063458
2025-08-28T18:22:04Z - INFO - [train_model] Epoch 058 | train (scaled) MSE: mean=0.051914 med=0.012745 std=0.091429 min=0.000013 max=0.399791 | val (scaled) MSE: mean=0.378836 med=0.510098 std=0.274389 min=0.013641 max=0.707723
2025-08-28T18:22:04Z - INFO - [train_model] Epoch 058 | train (price) MSE=0.000558 MAE=0.017421 RMSE=0.023620 | val (price) MSE=0.004071 MAE=0.056355 RMSE=0.063806
2025-08-28T18:22:04Z - INFO - [train_model] Epoch 059 | train (scaled) MSE: mean=0.051719 med=0.012471 std=0.090863 min=0.000014 max=0.398102 | val (scaled) MSE: mean=0.373208 med=0.501650 std=0.270025 min=0.013759 max=0.697588
2025-08-28T18:22:04Z - INFO - [train_model] Epoch 059 | train (price) MSE=0.000556 MAE=0.017417 RMSE=0.023575 | val (price) MSE=0.004011 MAE=0.055973 RMSE=0.063330
2025-08-28T18:22:04Z - INFO - [train_model] Epoch 060 | train (scaled) MSE: mean=0.051882 med=0.012404 std=0.090763 min=0.000002 max=0.397777 | val (scaled) MSE: mean=0.377019 med=0.507466 std=0.273051 min=0.012910 max=0.704415
2025-08-28T18:22:04Z - INFO - [train_model] Epoch 060 | train (price) MSE=0.000558 MAE=0.017476 RMSE=0.023612 | val (price) MSE=0.004052 MAE=0.056192 RMSE=0.063652
2025-08-28T18:22:04Z - INFO - [train_model] Epoch 061 | train (scaled) MSE: mean=0.051395 med=0.012192 std=0.090094 min=0.000001 max=0.394888 | val (scaled) MSE: mean=0.366643 med=0.491848 std=0.264973 min=0.013543 max=0.685738
2025-08-28T18:22:04Z - INFO - [train_model] Epoch 061 | train (price) MSE=0.000552 MAE=0.017389 RMSE=0.023501 | val (price) MSE=0.003940 MAE=0.055504 RMSE=0.062770
2025-08-28T18:22:04Z - INFO - [train_model] Epoch 062 | train (scaled) MSE: mean=0.051407 med=0.012125 std=0.090778 min=0.000034 max=0.397859 | val (scaled) MSE: mean=0.354270 med=0.473213 std=0.255325 min=0.014391 max=0.663405
2025-08-28T18:22:04Z - INFO - [train_model] Epoch 062 | train (price) MSE=0.000552 MAE=0.017340 RMSE=0.023504 | val (price) MSE=0.003807 MAE=0.054674 RMSE=0.061702
2025-08-28T18:22:04Z - INFO - [train_model] Epoch 063 | train (scaled) MSE: mean=0.051250 med=0.012168 std=0.090628 min=0.000037 max=0.396958 | val (scaled) MSE: mean=0.354746 med=0.473984 std=0.255755 min=0.013695 max=0.664185
2025-08-28T18:22:04Z - INFO - [train_model] Epoch 063 | train (price) MSE=0.000551 MAE=0.017292 RMSE=0.023468 | val (price) MSE=0.003812 MAE=0.054673 RMSE=0.061744
2025-08-28T18:22:04Z - INFO - [train_model] Epoch 064 | train (scaled) MSE: mean=0.051098 med=0.011916 std=0.089732 min=0.000000 max=0.394425 | val (scaled) MSE: mean=0.352142 med=0.470099 std=0.253754 min=0.013487 max=0.659438
2025-08-28T18:22:04Z - INFO - [train_model] Epoch 064 | train (price) MSE=0.000549 MAE=0.017333 RMSE=0.023433 | val (price) MSE=0.003784 MAE=0.054477 RMSE=0.061517
2025-08-28T18:22:04Z - INFO - [train_model] Epoch 065 | train (scaled) MSE: mean=0.050920 med=0.011759 std=0.089376 min=0.000003 max=0.391634 | val (scaled) MSE: mean=0.350485 med=0.467631 std=0.252497 min=0.013184 max=0.656384
2025-08-28T18:22:04Z - INFO - [train_model] Epoch 065 | train (price) MSE=0.000547 MAE=0.017296 RMSE=0.023393 | val (price) MSE=0.003766 MAE=0.054343 RMSE=0.061372
2025-08-28T18:22:04Z - INFO - [train_model] Epoch 066 | train (scaled) MSE: mean=0.050763 med=0.011704 std=0.089311 min=0.000003 max=0.391790 | val (scaled) MSE: mean=0.342360 med=0.455415 std=0.246172 min=0.013639 max=0.641686
2025-08-28T18:22:04Z - INFO - [train_model] Epoch 066 | train (price) MSE=0.000546 MAE=0.017265 RMSE=0.023356 | val (price) MSE=0.003679 MAE=0.053781 RMSE=0.060656
2025-08-28T18:22:04Z - INFO - [train_model] Epoch 067 | train (scaled) MSE: mean=0.050768 med=0.011888 std=0.089929 min=0.000025 max=0.394890 | val (scaled) MSE: mean=0.333154 med=0.441566 std=0.239001 min=0.014207 max=0.625017
2025-08-28T18:22:04Z - INFO - [train_model] Epoch 067 | train (price) MSE=0.000546 MAE=0.017199 RMSE=0.023358 | val (price) MSE=0.003580 MAE=0.053138 RMSE=0.059835
2025-08-28T18:22:04Z - INFO - [train_model] Epoch 068 | train (scaled) MSE: mean=0.050483 med=0.011467 std=0.089296 min=0.000024 max=0.391711 | val (scaled) MSE: mean=0.333054 med=0.441435 std=0.238955 min=0.013772 max=0.624779
2025-08-28T18:22:04Z - INFO - [train_model] Epoch 068 | train (price) MSE=0.000543 MAE=0.017165 RMSE=0.023292 | val (price) MSE=0.003579 MAE=0.053110 RMSE=0.059826
2025-08-28T18:22:04Z - INFO - [train_model] Epoch 069 | train (scaled) MSE: mean=0.050743 med=0.011081 std=0.088855 min=0.000002 max=0.391334 | val (scaled) MSE: mean=0.337859 med=0.448702 std=0.242745 min=0.012784 max=0.633395
2025-08-28T18:22:04Z - INFO - [train_model] Epoch 069 | train (price) MSE=0.000545 MAE=0.017318 RMSE=0.023352 | val (price) MSE=0.003631 MAE=0.053410 RMSE=0.060256
2025-08-28T18:22:05Z - INFO - [train_model] Epoch 070 | train (scaled) MSE: mean=0.050224 med=0.011096 std=0.088370 min=0.000011 max=0.387438 | val (scaled) MSE: mean=0.326381 med=0.431417 std=0.233812 min=0.013542 max=0.612589
2025-08-28T18:22:05Z - INFO - [train_model] Epoch 070 | train (price) MSE=0.000540 MAE=0.017170 RMSE=0.023232 | val (price) MSE=0.003507 MAE=0.052605 RMSE=0.059224
2025-08-28T18:22:05Z - INFO - [train_model] Epoch 071 | train (scaled) MSE: mean=0.050189 med=0.010811 std=0.088428 min=0.000007 max=0.389183 | val (scaled) MSE: mean=0.327439 med=0.433026 std=0.234670 min=0.012965 max=0.614436
2025-08-28T18:22:05Z - INFO - [train_model] Epoch 071 | train (price) MSE=0.000539 MAE=0.017172 RMSE=0.023224 | val (price) MSE=0.003519 MAE=0.052653 RMSE=0.059320
2025-08-28T18:22:05Z - INFO - [train_model] Epoch 072 | train (scaled) MSE: mean=0.050003 med=0.010817 std=0.087835 min=0.000002 max=0.385436 | val (scaled) MSE: mean=0.322898 med=0.426205 std=0.231146 min=0.013049 max=0.606160
2025-08-28T18:22:05Z - INFO - [train_model] Epoch 072 | train (price) MSE=0.000537 MAE=0.017147 RMSE=0.023181 | val (price) MSE=0.003470 MAE=0.052320 RMSE=0.058907
2025-08-28T18:22:05Z - INFO - [train_model] Epoch 073 | train (scaled) MSE: mean=0.049966 med=0.010672 std=0.087833 min=0.000000 max=0.386410 | val (scaled) MSE: mean=0.319178 med=0.420617 std=0.228271 min=0.012946 max=0.599331
2025-08-28T18:22:05Z - INFO - [train_model] Epoch 073 | train (price) MSE=0.000537 MAE=0.017140 RMSE=0.023172 | val (price) MSE=0.003430 MAE=0.052036 RMSE=0.058567
2025-08-28T18:22:05Z - INFO - [train_model] Epoch 074 | train (scaled) MSE: mean=0.049733 med=0.010741 std=0.087914 min=0.000003 max=0.385907 | val (scaled) MSE: mean=0.311236 med=0.408686 std=0.222093 min=0.013410 max=0.584861
2025-08-28T18:22:05Z - INFO - [train_model] Epoch 074 | train (price) MSE=0.000534 MAE=0.017064 RMSE=0.023118 | val (price) MSE=0.003345 MAE=0.051459 RMSE=0.057833
2025-08-28T18:22:05Z - INFO - [train_model] Epoch 075 | train (scaled) MSE: mean=0.049639 med=0.010605 std=0.088029 min=0.000014 max=0.386146 | val (scaled) MSE: mean=0.309498 med=0.406087 std=0.220760 min=0.013234 max=0.581650
2025-08-28T18:22:05Z - INFO - [train_model] Epoch 075 | train (price) MSE=0.000533 MAE=0.017000 RMSE=0.023096 | val (price) MSE=0.003326 MAE=0.051317 RMSE=0.057672
2025-08-28T18:22:05Z - INFO - [train_model] Epoch 076 | train (scaled) MSE: mean=0.049708 med=0.010566 std=0.087335 min=0.000002 max=0.384827 | val (scaled) MSE: mean=0.310662 med=0.407823 std=0.221697 min=0.012563 max=0.583635
2025-08-28T18:22:05Z - INFO - [train_model] Epoch 076 | train (price) MSE=0.000534 MAE=0.017134 RMSE=0.023112 | val (price) MSE=0.003339 MAE=0.051371 RMSE=0.057780
2025-08-28T18:22:05Z - INFO - [train_model] Epoch 077 | train (scaled) MSE: mean=0.049499 med=0.010357 std=0.086858 min=0.000002 max=0.381551 | val (scaled) MSE: mean=0.308398 med=0.404417 std=0.219949 min=0.012439 max=0.579447
2025-08-28T18:22:05Z - INFO - [train_model] Epoch 077 | train (price) MSE=0.000532 MAE=0.017077 RMSE=0.023064 | val (price) MSE=0.003314 MAE=0.051191 RMSE=0.057569
2025-08-28T18:22:05Z - INFO - [train_model] Epoch 078 | train (scaled) MSE: mean=0.049348 med=0.010316 std=0.087346 min=0.000000 max=0.384345 | val (scaled) MSE: mean=0.300642 med=0.392782 std=0.213915 min=0.012987 max=0.565315
2025-08-28T18:22:05Z - INFO - [train_model] Epoch 078 | train (price) MSE=0.000530 MAE=0.016987 RMSE=0.023029 | val (price) MSE=0.003231 MAE=0.050623 RMSE=0.056841
2025-08-28T18:22:05Z - INFO - [train_model] Epoch 079 | train (scaled) MSE: mean=0.049266 med=0.010004 std=0.086762 min=0.000003 max=0.381964 | val (scaled) MSE: mean=0.300625 med=0.392734 std=0.213924 min=0.012484 max=0.565154
2025-08-28T18:22:05Z - INFO - [train_model] Epoch 079 | train (price) MSE=0.000529 MAE=0.017012 RMSE=0.023009 | val (price) MSE=0.003231 MAE=0.050595 RMSE=0.056839
2025-08-28T18:22:05Z - INFO - [train_model] Epoch 080 | train (scaled) MSE: mean=0.049177 med=0.010155 std=0.087028 min=0.000002 max=0.382594 | val (scaled) MSE: mean=0.293269 med=0.381681 std=0.208208 min=0.012821 max=0.551656
2025-08-28T18:22:05Z - INFO - [train_model] Epoch 080 | train (price) MSE=0.000528 MAE=0.016954 RMSE=0.022989 | val (price) MSE=0.003152 MAE=0.050040 RMSE=0.056139
2025-08-28T18:22:05Z - INFO - [train_model] Epoch 081 | train (scaled) MSE: mean=0.049173 med=0.010104 std=0.086298 min=0.000024 max=0.380331 | val (scaled) MSE: mean=0.296388 med=0.386350 std=0.210652 min=0.012149 max=0.557257
2025-08-28T18:22:05Z - INFO - [train_model] Epoch 081 | train (price) MSE=0.000528 MAE=0.017028 RMSE=0.022988 | val (price) MSE=0.003185 MAE=0.050247 RMSE=0.056437
2025-08-28T18:22:05Z - INFO - [train_model] Early stopping at epoch 81 (best price val MSE=0.000396 @ epoch 21)
2025-08-28T18:22:06Z - INFO - [visualize_full_prediction] Saved full prediction plot for ['ACAM', 'BMY', 'EBAY', 'EWI', 'BABA', 'DAL', 'JNJ', 'NFLX', 'TSLA'] to output/20250828-142156/plots/all_tickers_lstm_full_returns_prediction.png
2025-08-28T18:22:06Z - INFO - [visualize_sentiment] Saved sentiment plot for all_tickers to output/20250828-142156/plots/all_tickers_sentiment.png
2025-08-28T18:22:06Z - INFO - [train] [all_tickers] Test (price) MSE=0.000930082 | MAE=0.025364954 | RMSE=0.030497250 (scaled MSE=0.086547449)
2025-08-28T18:22:06Z - INFO - [train] [all_tickers] Final (price) Train MSE=0.000528437 | Val MSE=0.003185132 (scaled Train MSE=0.049172979 | Val MSE=0.296387792)
2025-08-28T18:22:06Z - INFO - [train] [all_tickers] Best epoch=21 | Best (price) Train MSE=0.001442308 | Best (price) Val MSE=0.000395580 | Saved at=/home/tbfs/Projects/finBert/output/20250828-142156/saved_weights/all_tickers/all_tickers_best-epoch021.pt
2025-08-28T18:22:06Z - INFO - [train] Wrote evaluation summary → output/20250828-142156/evaluation.json
