2025-08-26T03:14:35Z - INFO - [Pipeline::__init__] Loaded news dataframe with columns=['title', 'date', 'stock'] shape=(1277896, 3).
2025-08-26T03:14:36Z - INFO - [SentimentGenerator::_load] Loaded precomputed sentiment from /home/tbfs/Projects/finBert/output/20250823-140342/sentiment_daily.csv
2025-08-26T03:14:36Z - INFO - [train] Training predictor for ticker: BMY
2025-08-26T03:14:36Z - INFO - [train] Loaded prices for BMY with columns=['date', 'open', 'high', 'low', 'close', 'adj close', 'volume'] shape=(2516, 7).
2025-08-26T03:14:36Z - INFO - [SequenceDataset::__init__] len(self.valid_indices)=741 out of len(df)=2515 samples are valid for lookback=60 with sentiment_col=SentimentScore
2025-08-26T03:14:36Z - INFO - [SequenceDataset::__init__] len(self.valid_indices)=83 out of len(df)=2515 samples are valid for lookback=60 with sentiment_col=SentimentScore
2025-08-26T03:14:36Z - INFO - [SequenceDataset::__init__] len(self.valid_indices)=92 out of len(df)=2515 samples are valid for lookback=60 with sentiment_col=SentimentScore
2025-08-26T03:14:37Z - INFO - [train_model] Epoch 001 | train (scaled) MSE: mean=0.032909 med=0.003638 std=0.102145 min=0.000001 max=0.709425 | val (scaled) MSE: mean=0.012504 med=0.002787 std=0.021052 min=0.000002 max=0.097727
2025-08-26T03:14:37Z - INFO - [train_model] Epoch 001 | train (price) MSE=0.000989 MAE=0.018145 RMSE=0.031452 | val (price) MSE=0.000376 MAE=0.014115 RMSE=0.019387
2025-08-26T03:14:37Z - INFO - [train_model] New best (price) val MSE=0.000376 at epoch 1; saved → /home/tbfs/Projects/finBert/output/20250825-231431/saved_weights/BMY/BMY_best-epoch001.pt
2025-08-26T03:14:38Z - INFO - [train_model] Epoch 002 | train (scaled) MSE: mean=0.012969 med=0.003122 std=0.035797 min=0.000000 max=0.449383 | val (scaled) MSE: mean=0.012074 med=0.002467 std=0.019638 min=0.000000 max=0.095885
2025-08-26T03:14:38Z - INFO - [train_model] Epoch 002 | train (price) MSE=0.000390 MAE=0.013485 RMSE=0.019745 | val (price) MSE=0.000363 MAE=0.014196 RMSE=0.019051
2025-08-26T03:14:38Z - INFO - [train_model] New best (price) val MSE=0.000363 at epoch 2; saved → /home/tbfs/Projects/finBert/output/20250825-231431/saved_weights/BMY/BMY_best-epoch002.pt
2025-08-26T03:14:39Z - INFO - [train_model] Epoch 003 | train (scaled) MSE: mean=0.010858 med=0.003050 std=0.027695 min=0.000000 max=0.441779 | val (scaled) MSE: mean=0.012210 med=0.003800 std=0.019164 min=0.000000 max=0.096032
2025-08-26T03:14:39Z - INFO - [train_model] Epoch 003 | train (price) MSE=0.000326 MAE=0.012799 RMSE=0.018066 | val (price) MSE=0.000367 MAE=0.014593 RMSE=0.019158
2025-08-26T03:14:39Z - INFO - [train_model] Epoch 004 | train (scaled) MSE: mean=0.009885 med=0.002901 std=0.024385 min=0.000000 max=0.441146 | val (scaled) MSE: mean=0.012548 med=0.004674 std=0.020323 min=0.000010 max=0.108469
2025-08-26T03:14:39Z - INFO - [train_model] Epoch 004 | train (price) MSE=0.000297 MAE=0.012420 RMSE=0.017238 | val (price) MSE=0.000377 MAE=0.014830 RMSE=0.019421
2025-08-26T03:14:40Z - INFO - [train_model] Epoch 005 | train (scaled) MSE: mean=0.009272 med=0.002695 std=0.023383 min=0.000000 max=0.461549 | val (scaled) MSE: mean=0.012804 med=0.004953 std=0.019685 min=0.000000 max=0.105986
2025-08-26T03:14:40Z - INFO - [train_model] Epoch 005 | train (price) MSE=0.000279 MAE=0.012123 RMSE=0.016695 | val (price) MSE=0.000385 MAE=0.015343 RMSE=0.019618
2025-08-26T03:14:41Z - INFO - [train_model] Epoch 006 | train (scaled) MSE: mean=0.008989 med=0.002803 std=0.022988 min=0.000000 max=0.476605 | val (scaled) MSE: mean=0.013253 med=0.005575 std=0.020829 min=0.000000 max=0.116804
2025-08-26T03:14:41Z - INFO - [train_model] Epoch 006 | train (price) MSE=0.000270 MAE=0.011965 RMSE=0.016438 | val (price) MSE=0.000398 MAE=0.015606 RMSE=0.019959
2025-08-26T03:14:42Z - INFO - [train_model] Epoch 007 | train (scaled) MSE: mean=0.008785 med=0.002784 std=0.022846 min=0.000000 max=0.481957 | val (scaled) MSE: mean=0.013243 med=0.006111 std=0.019821 min=0.000000 max=0.110005
2025-08-26T03:14:42Z - INFO - [train_model] Epoch 007 | train (price) MSE=0.000264 MAE=0.011824 RMSE=0.016250 | val (price) MSE=0.000398 MAE=0.015930 RMSE=0.019952
2025-08-26T03:14:43Z - INFO - [train_model] Epoch 008 | train (scaled) MSE: mean=0.008572 med=0.002621 std=0.022197 min=0.000000 max=0.468831 | val (scaled) MSE: mean=0.013214 med=0.005617 std=0.020354 min=0.000001 max=0.117570
2025-08-26T03:14:43Z - INFO - [train_model] Epoch 008 | train (price) MSE=0.000258 MAE=0.011753 RMSE=0.016052 | val (price) MSE=0.000397 MAE=0.015801 RMSE=0.019930
2025-08-26T03:14:43Z - INFO - [train_model] Epoch 009 | train (scaled) MSE: mean=0.008329 med=0.002466 std=0.020830 min=0.000000 max=0.425444 | val (scaled) MSE: mean=0.013765 med=0.006375 std=0.019650 min=0.000015 max=0.107667
2025-08-26T03:14:43Z - INFO - [train_model] Epoch 009 | train (price) MSE=0.000250 MAE=0.011635 RMSE=0.015823 | val (price) MSE=0.000414 MAE=0.016453 RMSE=0.020341
2025-08-26T03:14:44Z - INFO - [train_model] Epoch 010 | train (scaled) MSE: mean=0.008317 med=0.002518 std=0.022129 min=0.000000 max=0.477704 | val (scaled) MSE: mean=0.013079 med=0.005214 std=0.019976 min=0.000001 max=0.117522
2025-08-26T03:14:44Z - INFO - [train_model] Epoch 010 | train (price) MSE=0.000250 MAE=0.011602 RMSE=0.015811 | val (price) MSE=0.000393 MAE=0.015782 RMSE=0.019828
2025-08-26T03:14:45Z - INFO - [train_model] Epoch 011 | train (scaled) MSE: mean=0.008148 med=0.002583 std=0.021121 min=0.000000 max=0.449769 | val (scaled) MSE: mean=0.013053 med=0.005618 std=0.019725 min=0.000001 max=0.116767
2025-08-26T03:14:45Z - INFO - [train_model] Epoch 011 | train (price) MSE=0.000245 MAE=0.011431 RMSE=0.015650 | val (price) MSE=0.000392 MAE=0.015808 RMSE=0.019808
2025-08-26T03:14:46Z - INFO - [train_model] Epoch 012 | train (scaled) MSE: mean=0.007922 med=0.002451 std=0.020508 min=0.000000 max=0.429373 | val (scaled) MSE: mean=0.012897 med=0.005148 std=0.019693 min=0.000001 max=0.118891
2025-08-26T03:14:46Z - INFO - [train_model] Epoch 012 | train (price) MSE=0.000238 MAE=0.011290 RMSE=0.015432 | val (price) MSE=0.000388 MAE=0.015671 RMSE=0.019689
2025-08-26T03:14:47Z - INFO - [train_model] Epoch 013 | train (scaled) MSE: mean=0.007988 med=0.002568 std=0.020222 min=0.000000 max=0.416998 | val (scaled) MSE: mean=0.012855 med=0.005495 std=0.019314 min=0.000006 max=0.115303
2025-08-26T03:14:47Z - INFO - [train_model] Epoch 013 | train (price) MSE=0.000240 MAE=0.011393 RMSE=0.015496 | val (price) MSE=0.000386 MAE=0.015708 RMSE=0.019657
2025-08-26T03:14:47Z - INFO - [train_model] Epoch 014 | train (scaled) MSE: mean=0.008016 med=0.002579 std=0.020878 min=0.000000 max=0.444216 | val (scaled) MSE: mean=0.012488 med=0.004473 std=0.019276 min=0.000004 max=0.118261
2025-08-26T03:14:47Z - INFO - [train_model] Epoch 014 | train (price) MSE=0.000241 MAE=0.011411 RMSE=0.015523 | val (price) MSE=0.000375 MAE=0.015343 RMSE=0.019375
2025-08-26T03:14:48Z - INFO - [train_model] Epoch 015 | train (scaled) MSE: mean=0.007760 med=0.002223 std=0.020506 min=0.000000 max=0.435716 | val (scaled) MSE: mean=0.012580 med=0.005426 std=0.018908 min=0.000000 max=0.112926
2025-08-26T03:14:48Z - INFO - [train_model] Epoch 015 | train (price) MSE=0.000233 MAE=0.011125 RMSE=0.015273 | val (price) MSE=0.000378 MAE=0.015509 RMSE=0.019446
2025-08-26T03:14:49Z - INFO - [train_model] Epoch 016 | train (scaled) MSE: mean=0.007648 med=0.002165 std=0.020348 min=0.000000 max=0.431659 | val (scaled) MSE: mean=0.012492 med=0.005684 std=0.018694 min=0.000009 max=0.110859
2025-08-26T03:14:49Z - INFO - [train_model] Epoch 016 | train (price) MSE=0.000230 MAE=0.011025 RMSE=0.015162 | val (price) MSE=0.000375 MAE=0.015467 RMSE=0.019378
2025-08-26T03:14:50Z - INFO - [train_model] Epoch 017 | train (scaled) MSE: mean=0.007543 med=0.002243 std=0.019657 min=0.000000 max=0.416987 | val (scaled) MSE: mean=0.012775 med=0.006059 std=0.018713 min=0.000041 max=0.107758
2025-08-26T03:14:50Z - INFO - [train_model] Epoch 017 | train (price) MSE=0.000227 MAE=0.011043 RMSE=0.015058 | val (price) MSE=0.000384 MAE=0.015697 RMSE=0.019596
2025-08-26T03:14:51Z - INFO - [train_model] Epoch 018 | train (scaled) MSE: mean=0.007750 med=0.002458 std=0.020399 min=0.000000 max=0.430639 | val (scaled) MSE: mean=0.012198 med=0.005120 std=0.018559 min=0.000000 max=0.112437
2025-08-26T03:14:51Z - INFO - [train_model] Epoch 018 | train (price) MSE=0.000233 MAE=0.011082 RMSE=0.015262 | val (price) MSE=0.000367 MAE=0.015200 RMSE=0.019148
2025-08-26T03:14:51Z - INFO - [train_model] Epoch 019 | train (scaled) MSE: mean=0.007560 med=0.002172 std=0.020353 min=0.000000 max=0.434692 | val (scaled) MSE: mean=0.012217 med=0.005405 std=0.018452 min=0.000003 max=0.111021
2025-08-26T03:14:51Z - INFO - [train_model] Epoch 019 | train (price) MSE=0.000227 MAE=0.010935 RMSE=0.015075 | val (price) MSE=0.000367 MAE=0.015232 RMSE=0.019163
2025-08-26T03:14:52Z - INFO - [train_model] Epoch 020 | train (scaled) MSE: mean=0.007664 med=0.002379 std=0.019969 min=0.000000 max=0.417513 | val (scaled) MSE: mean=0.012023 med=0.004908 std=0.018421 min=0.000001 max=0.113016
2025-08-26T03:14:52Z - INFO - [train_model] Epoch 020 | train (price) MSE=0.000230 MAE=0.011103 RMSE=0.015178 | val (price) MSE=0.000361 MAE=0.015043 RMSE=0.019010
2025-08-26T03:14:52Z - INFO - [train_model] New best (price) val MSE=0.000361 at epoch 20; saved → /home/tbfs/Projects/finBert/output/20250825-231431/saved_weights/BMY/BMY_best-epoch020.pt
2025-08-26T03:14:53Z - INFO - [train_model] Epoch 021 | train (scaled) MSE: mean=0.007500 med=0.002200 std=0.019653 min=0.000000 max=0.411079 | val (scaled) MSE: mean=0.012299 med=0.005639 std=0.018121 min=0.000006 max=0.104965
2025-08-26T03:14:53Z - INFO - [train_model] Epoch 021 | train (price) MSE=0.000225 MAE=0.010853 RMSE=0.015015 | val (price) MSE=0.000370 MAE=0.015291 RMSE=0.019228
2025-08-26T03:14:54Z - INFO - [train_model] Epoch 022 | train (scaled) MSE: mean=0.007344 med=0.002267 std=0.017761 min=0.000000 max=0.345564 | val (scaled) MSE: mean=0.012190 med=0.005304 std=0.018105 min=0.000017 max=0.106225
2025-08-26T03:14:54Z - INFO - [train_model] Epoch 022 | train (price) MSE=0.000221 MAE=0.010858 RMSE=0.014858 | val (price) MSE=0.000366 MAE=0.015198 RMSE=0.019142
2025-08-26T03:14:54Z - INFO - [train_model] Epoch 023 | train (scaled) MSE: mean=0.007420 med=0.002119 std=0.020444 min=0.000000 max=0.438296 | val (scaled) MSE: mean=0.011776 med=0.004694 std=0.017935 min=0.000037 max=0.108766
2025-08-26T03:14:54Z - INFO - [train_model] Epoch 023 | train (price) MSE=0.000223 MAE=0.010785 RMSE=0.014934 | val (price) MSE=0.000354 MAE=0.014842 RMSE=0.018814
2025-08-26T03:14:54Z - INFO - [train_model] New best (price) val MSE=0.000354 at epoch 23; saved → /home/tbfs/Projects/finBert/output/20250825-231431/saved_weights/BMY/BMY_best-epoch023.pt
2025-08-26T03:14:55Z - INFO - [train_model] Epoch 024 | train (scaled) MSE: mean=0.007442 med=0.002063 std=0.019975 min=0.000000 max=0.417916 | val (scaled) MSE: mean=0.011855 med=0.004849 std=0.017917 min=0.000015 max=0.107820
2025-08-26T03:14:55Z - INFO - [train_model] Epoch 024 | train (price) MSE=0.000224 MAE=0.010758 RMSE=0.014956 | val (price) MSE=0.000356 MAE=0.014898 RMSE=0.018877
2025-08-26T03:14:56Z - INFO - [train_model] Epoch 025 | train (scaled) MSE: mean=0.007331 med=0.002144 std=0.019557 min=0.000000 max=0.410996 | val (scaled) MSE: mean=0.011923 med=0.004848 std=0.017870 min=0.000002 max=0.106271
2025-08-26T03:14:56Z - INFO - [train_model] Epoch 025 | train (price) MSE=0.000220 MAE=0.010666 RMSE=0.014845 | val (price) MSE=0.000358 MAE=0.014956 RMSE=0.018931
2025-08-26T03:14:57Z - INFO - [train_model] Epoch 026 | train (scaled) MSE: mean=0.007359 med=0.002231 std=0.019965 min=0.000000 max=0.421838 | val (scaled) MSE: mean=0.012039 med=0.004744 std=0.017789 min=0.000000 max=0.103463
2025-08-26T03:14:57Z - INFO - [train_model] Epoch 026 | train (price) MSE=0.000221 MAE=0.010719 RMSE=0.014873 | val (price) MSE=0.000362 MAE=0.015034 RMSE=0.019023
2025-08-26T03:14:58Z - INFO - [train_model] Epoch 027 | train (scaled) MSE: mean=0.007331 med=0.002012 std=0.019287 min=0.000000 max=0.393974 | val (scaled) MSE: mean=0.011877 med=0.004660 std=0.017707 min=0.000000 max=0.104344
2025-08-26T03:14:58Z - INFO - [train_model] Epoch 027 | train (price) MSE=0.000220 MAE=0.010701 RMSE=0.014844 | val (price) MSE=0.000357 MAE=0.014898 RMSE=0.018895
2025-08-26T03:14:58Z - INFO - [train_model] Epoch 028 | train (scaled) MSE: mean=0.007363 med=0.002119 std=0.018824 min=0.000000 max=0.379824 | val (scaled) MSE: mean=0.011692 med=0.004673 std=0.017573 min=0.000000 max=0.104683
2025-08-26T03:14:58Z - INFO - [train_model] Epoch 028 | train (price) MSE=0.000221 MAE=0.010788 RMSE=0.014877 | val (price) MSE=0.000351 MAE=0.014732 RMSE=0.018747
2025-08-26T03:14:58Z - INFO - [train_model] New best (price) val MSE=0.000351 at epoch 28; saved → /home/tbfs/Projects/finBert/output/20250825-231431/saved_weights/BMY/BMY_best-epoch028.pt
2025-08-26T03:14:59Z - INFO - [train_model] Epoch 029 | train (scaled) MSE: mean=0.007327 med=0.002074 std=0.019352 min=0.000000 max=0.404121 | val (scaled) MSE: mean=0.011475 med=0.004205 std=0.017532 min=0.000003 max=0.106443
2025-08-26T03:14:59Z - INFO - [train_model] Epoch 029 | train (price) MSE=0.000220 MAE=0.010740 RMSE=0.014841 | val (price) MSE=0.000345 MAE=0.014521 RMSE=0.018572
2025-08-26T03:14:59Z - INFO - [train_model] New best (price) val MSE=0.000345 at epoch 29; saved → /home/tbfs/Projects/finBert/output/20250825-231431/saved_weights/BMY/BMY_best-epoch029.pt
2025-08-26T03:15:00Z - INFO - [train_model] Epoch 030 | train (scaled) MSE: mean=0.007203 med=0.002012 std=0.019184 min=0.000000 max=0.406261 | val (scaled) MSE: mean=0.011507 med=0.004350 std=0.017565 min=0.000005 max=0.106769
2025-08-26T03:15:00Z - INFO - [train_model] Epoch 030 | train (price) MSE=0.000217 MAE=0.010569 RMSE=0.014714 | val (price) MSE=0.000346 MAE=0.014549 RMSE=0.018598
2025-08-26T03:15:01Z - INFO - [train_model] Epoch 031 | train (scaled) MSE: mean=0.007244 med=0.001913 std=0.019894 min=0.000000 max=0.422697 | val (scaled) MSE: mean=0.011589 med=0.004478 std=0.017425 min=0.000000 max=0.103609
2025-08-26T03:15:01Z - INFO - [train_model] Epoch 031 | train (price) MSE=0.000218 MAE=0.010584 RMSE=0.014756 | val (price) MSE=0.000348 MAE=0.014629 RMSE=0.018664
2025-08-26T03:15:01Z - INFO - [train_model] Epoch 032 | train (scaled) MSE: mean=0.007340 med=0.002274 std=0.019597 min=0.000000 max=0.422860 | val (scaled) MSE: mean=0.011047 med=0.004173 std=0.017643 min=0.000005 max=0.111794
2025-08-26T03:15:01Z - INFO - [train_model] Epoch 032 | train (price) MSE=0.000221 MAE=0.010770 RMSE=0.014854 | val (price) MSE=0.000332 MAE=0.014044 RMSE=0.018223
2025-08-26T03:15:01Z - INFO - [train_model] New best (price) val MSE=0.000332 at epoch 32; saved → /home/tbfs/Projects/finBert/output/20250825-231431/saved_weights/BMY/BMY_best-epoch032.pt
2025-08-26T03:15:02Z - INFO - [train_model] Epoch 033 | train (scaled) MSE: mean=0.007335 med=0.002080 std=0.019793 min=0.000000 max=0.412215 | val (scaled) MSE: mean=0.011390 med=0.004116 std=0.017364 min=0.000000 max=0.104779
2025-08-26T03:15:02Z - INFO - [train_model] Epoch 033 | train (price) MSE=0.000220 MAE=0.010610 RMSE=0.014849 | val (price) MSE=0.000342 MAE=0.014425 RMSE=0.018503
2025-08-26T03:15:03Z - INFO - [train_model] Epoch 034 | train (scaled) MSE: mean=0.007140 med=0.001956 std=0.019366 min=0.000000 max=0.410377 | val (scaled) MSE: mean=0.011652 med=0.004062 std=0.017338 min=0.000001 max=0.101499
2025-08-26T03:15:03Z - INFO - [train_model] Epoch 034 | train (price) MSE=0.000215 MAE=0.010520 RMSE=0.014650 | val (price) MSE=0.000350 MAE=0.014701 RMSE=0.018715
2025-08-26T03:15:04Z - INFO - [train_model] Epoch 035 | train (scaled) MSE: mean=0.007320 med=0.001985 std=0.019454 min=0.000000 max=0.399018 | val (scaled) MSE: mean=0.011241 med=0.004165 std=0.017261 min=0.000000 max=0.104620
2025-08-26T03:15:04Z - INFO - [train_model] Epoch 035 | train (price) MSE=0.000220 MAE=0.010618 RMSE=0.014833 | val (price) MSE=0.000338 MAE=0.014263 RMSE=0.018382
2025-08-26T03:15:05Z - INFO - [train_model] Epoch 036 | train (scaled) MSE: mean=0.007328 med=0.002133 std=0.020094 min=0.000000 max=0.421796 | val (scaled) MSE: mean=0.011287 med=0.004193 std=0.017219 min=0.000000 max=0.103606
2025-08-26T03:15:05Z - INFO - [train_model] Epoch 036 | train (price) MSE=0.000220 MAE=0.010613 RMSE=0.014842 | val (price) MSE=0.000339 MAE=0.014320 RMSE=0.018420
2025-08-26T03:15:05Z - INFO - [train_model] Epoch 037 | train (scaled) MSE: mean=0.007114 med=0.001909 std=0.019364 min=0.000000 max=0.412087 | val (scaled) MSE: mean=0.011700 med=0.004113 std=0.017154 min=0.000005 max=0.097927
2025-08-26T03:15:05Z - INFO - [train_model] Epoch 037 | train (price) MSE=0.000214 MAE=0.010488 RMSE=0.014623 | val (price) MSE=0.000352 MAE=0.014818 RMSE=0.018753
2025-08-26T03:15:06Z - INFO - [train_model] Epoch 038 | train (scaled) MSE: mean=0.006985 med=0.001941 std=0.018723 min=0.000000 max=0.380289 | val (scaled) MSE: mean=0.011181 med=0.004008 std=0.017143 min=0.000000 max=0.103663
2025-08-26T03:15:06Z - INFO - [train_model] Epoch 038 | train (price) MSE=0.000210 MAE=0.010359 RMSE=0.014490 | val (price) MSE=0.000336 MAE=0.014193 RMSE=0.018332
2025-08-26T03:15:07Z - INFO - [train_model] Epoch 039 | train (scaled) MSE: mean=0.007171 med=0.002067 std=0.019958 min=0.000000 max=0.426172 | val (scaled) MSE: mean=0.011009 med=0.003970 std=0.017309 min=0.000000 max=0.107528
2025-08-26T03:15:07Z - INFO - [train_model] Epoch 039 | train (price) MSE=0.000216 MAE=0.010456 RMSE=0.014682 | val (price) MSE=0.000331 MAE=0.014010 RMSE=0.018191
2025-08-26T03:15:07Z - INFO - [train_model] New best (price) val MSE=0.000331 at epoch 39; saved → /home/tbfs/Projects/finBert/output/20250825-231431/saved_weights/BMY/BMY_best-epoch039.pt
2025-08-26T03:15:08Z - INFO - [train_model] Epoch 040 | train (scaled) MSE: mean=0.007055 med=0.001911 std=0.019056 min=0.000000 max=0.398440 | val (scaled) MSE: mean=0.011143 med=0.003991 std=0.017154 min=0.000000 max=0.104281
2025-08-26T03:15:08Z - INFO - [train_model] Epoch 040 | train (price) MSE=0.000212 MAE=0.010474 RMSE=0.014562 | val (price) MSE=0.000335 MAE=0.014152 RMSE=0.018302
2025-08-26T03:15:09Z - INFO - [train_model] Epoch 041 | train (scaled) MSE: mean=0.007163 med=0.001849 std=0.019805 min=0.000000 max=0.405249 | val (scaled) MSE: mean=0.011107 med=0.003966 std=0.017139 min=0.000001 max=0.104300
2025-08-26T03:15:09Z - INFO - [train_model] Epoch 041 | train (price) MSE=0.000215 MAE=0.010413 RMSE=0.014673 | val (price) MSE=0.000334 MAE=0.014113 RMSE=0.018272
2025-08-26T03:15:09Z - INFO - [train_model] Epoch 042 | train (scaled) MSE: mean=0.007026 med=0.002043 std=0.019489 min=0.000000 max=0.409615 | val (scaled) MSE: mean=0.011343 med=0.003805 std=0.017040 min=0.000004 max=0.100401
2025-08-26T03:15:09Z - INFO - [train_model] Epoch 042 | train (price) MSE=0.000211 MAE=0.010387 RMSE=0.014533 | val (price) MSE=0.000341 MAE=0.014430 RMSE=0.018465
2025-08-26T03:15:10Z - INFO - [train_model] Epoch 043 | train (scaled) MSE: mean=0.006994 med=0.001832 std=0.019133 min=0.000000 max=0.398486 | val (scaled) MSE: mean=0.011054 med=0.003878 std=0.016999 min=0.000000 max=0.102411
2025-08-26T03:15:10Z - INFO - [train_model] Epoch 043 | train (price) MSE=0.000210 MAE=0.010332 RMSE=0.014499 | val (price) MSE=0.000332 MAE=0.014081 RMSE=0.018228
2025-08-26T03:15:11Z - INFO - [train_model] Epoch 044 | train (scaled) MSE: mean=0.007130 med=0.001855 std=0.019802 min=0.000000 max=0.419083 | val (scaled) MSE: mean=0.011130 med=0.003688 std=0.016985 min=0.000000 max=0.101629
2025-08-26T03:15:11Z - INFO - [train_model] Epoch 044 | train (price) MSE=0.000214 MAE=0.010455 RMSE=0.014640 | val (price) MSE=0.000335 MAE=0.014176 RMSE=0.018291
2025-08-26T03:15:12Z - INFO - [train_model] Epoch 045 | train (scaled) MSE: mean=0.006958 med=0.002067 std=0.019283 min=0.000000 max=0.407920 | val (scaled) MSE: mean=0.011292 med=0.003625 std=0.016944 min=0.000002 max=0.099499
2025-08-26T03:15:12Z - INFO - [train_model] Epoch 045 | train (price) MSE=0.000209 MAE=0.010327 RMSE=0.014462 | val (price) MSE=0.000339 MAE=0.014397 RMSE=0.018424
2025-08-26T03:15:12Z - INFO - [train_model] Epoch 046 | train (scaled) MSE: mean=0.006989 med=0.001909 std=0.018717 min=0.000000 max=0.386553 | val (scaled) MSE: mean=0.011108 med=0.003449 std=0.016894 min=0.000001 max=0.100456
2025-08-26T03:15:12Z - INFO - [train_model] Epoch 046 | train (price) MSE=0.000210 MAE=0.010454 RMSE=0.014494 | val (price) MSE=0.000334 MAE=0.014185 RMSE=0.018273
2025-08-26T03:15:13Z - INFO - [train_model] Epoch 047 | train (scaled) MSE: mean=0.006919 med=0.001880 std=0.019371 min=0.000000 max=0.413342 | val (scaled) MSE: mean=0.011352 med=0.003813 std=0.016907 min=0.000003 max=0.098403
2025-08-26T03:15:13Z - INFO - [train_model] Epoch 047 | train (price) MSE=0.000208 MAE=0.010251 RMSE=0.014422 | val (price) MSE=0.000341 MAE=0.014479 RMSE=0.018472
2025-08-26T03:15:14Z - INFO - [train_model] Epoch 048 | train (scaled) MSE: mean=0.007037 med=0.001998 std=0.018755 min=0.000000 max=0.381553 | val (scaled) MSE: mean=0.010968 med=0.003684 std=0.016924 min=0.000000 max=0.102217
2025-08-26T03:15:14Z - INFO - [train_model] Epoch 048 | train (price) MSE=0.000212 MAE=0.010365 RMSE=0.014544 | val (price) MSE=0.000330 MAE=0.014001 RMSE=0.018157
2025-08-26T03:15:14Z - INFO - [train_model] New best (price) val MSE=0.000330 at epoch 48; saved → /home/tbfs/Projects/finBert/output/20250825-231431/saved_weights/BMY/BMY_best-epoch048.pt
2025-08-26T03:15:15Z - INFO - [train_model] Epoch 049 | train (scaled) MSE: mean=0.007042 med=0.001880 std=0.019457 min=0.000000 max=0.410597 | val (scaled) MSE: mean=0.011078 med=0.003505 std=0.016867 min=0.000003 max=0.100450
2025-08-26T03:15:15Z - INFO - [train_model] Epoch 049 | train (price) MSE=0.000212 MAE=0.010397 RMSE=0.014550 | val (price) MSE=0.000333 MAE=0.014158 RMSE=0.018248
2025-08-26T03:15:16Z - INFO - [train_model] Epoch 050 | train (scaled) MSE: mean=0.006986 med=0.001935 std=0.018829 min=0.000000 max=0.385726 | val (scaled) MSE: mean=0.010909 med=0.003488 std=0.016857 min=0.000000 max=0.101632
2025-08-26T03:15:16Z - INFO - [train_model] Epoch 050 | train (price) MSE=0.000210 MAE=0.010354 RMSE=0.014491 | val (price) MSE=0.000328 MAE=0.013957 RMSE=0.018108
2025-08-26T03:15:16Z - INFO - [train_model] New best (price) val MSE=0.000328 at epoch 50; saved → /home/tbfs/Projects/finBert/output/20250825-231431/saved_weights/BMY/BMY_best-epoch050.pt
2025-08-26T03:15:16Z - INFO - [train_model] Epoch 051 | train (scaled) MSE: mean=0.007038 med=0.002134 std=0.019685 min=0.000000 max=0.416307 | val (scaled) MSE: mean=0.011090 med=0.003714 std=0.016738 min=0.000000 max=0.097986
2025-08-26T03:15:16Z - INFO - [train_model] Epoch 051 | train (price) MSE=0.000212 MAE=0.010364 RMSE=0.014545 | val (price) MSE=0.000333 MAE=0.014217 RMSE=0.018258
2025-08-26T03:15:17Z - INFO - [train_model] Epoch 052 | train (scaled) MSE: mean=0.006993 med=0.002088 std=0.019480 min=0.000000 max=0.413076 | val (scaled) MSE: mean=0.011037 med=0.003685 std=0.016709 min=0.000000 max=0.098034
2025-08-26T03:15:17Z - INFO - [train_model] Epoch 052 | train (price) MSE=0.000210 MAE=0.010361 RMSE=0.014498 | val (price) MSE=0.000332 MAE=0.014166 RMSE=0.018214
2025-08-26T03:15:18Z - INFO - [train_model] Epoch 053 | train (scaled) MSE: mean=0.006930 med=0.002023 std=0.019204 min=0.000000 max=0.403201 | val (scaled) MSE: mean=0.010929 med=0.003559 std=0.016766 min=0.000001 max=0.100062
2025-08-26T03:15:18Z - INFO - [train_model] Epoch 053 | train (price) MSE=0.000208 MAE=0.010316 RMSE=0.014432 | val (price) MSE=0.000329 MAE=0.014014 RMSE=0.018125
2025-08-26T03:15:19Z - INFO - [train_model] Epoch 054 | train (scaled) MSE: mean=0.006938 med=0.001998 std=0.019365 min=0.000000 max=0.409078 | val (scaled) MSE: mean=0.010895 med=0.003567 std=0.016728 min=0.000001 max=0.099305
2025-08-26T03:15:19Z - INFO - [train_model] Epoch 054 | train (price) MSE=0.000209 MAE=0.010300 RMSE=0.014442 | val (price) MSE=0.000328 MAE=0.013981 RMSE=0.018097
2025-08-26T03:15:19Z - INFO - [train_model] New best (price) val MSE=0.000328 at epoch 54; saved → /home/tbfs/Projects/finBert/output/20250825-231431/saved_weights/BMY/BMY_best-epoch054.pt
2025-08-26T03:15:20Z - INFO - [train_model] Epoch 055 | train (scaled) MSE: mean=0.006999 med=0.002053 std=0.019519 min=0.000000 max=0.411361 | val (scaled) MSE: mean=0.010967 med=0.003767 std=0.016667 min=0.000000 max=0.097758
2025-08-26T03:15:20Z - INFO - [train_model] Epoch 055 | train (price) MSE=0.000210 MAE=0.010313 RMSE=0.014505 | val (price) MSE=0.000330 MAE=0.014092 RMSE=0.018157
2025-08-26T03:15:20Z - INFO - [train_model] Epoch 056 | train (scaled) MSE: mean=0.006946 med=0.001902 std=0.019036 min=0.000000 max=0.398785 | val (scaled) MSE: mean=0.010815 med=0.003510 std=0.016771 min=0.000000 max=0.100155
2025-08-26T03:15:20Z - INFO - [train_model] Epoch 056 | train (price) MSE=0.000209 MAE=0.010342 RMSE=0.014449 | val (price) MSE=0.000325 MAE=0.013859 RMSE=0.018030
2025-08-26T03:15:20Z - INFO - [train_model] New best (price) val MSE=0.000325 at epoch 56; saved → /home/tbfs/Projects/finBert/output/20250825-231431/saved_weights/BMY/BMY_best-epoch056.pt
2025-08-26T03:15:21Z - INFO - [train_model] Epoch 057 | train (scaled) MSE: mean=0.006922 med=0.001976 std=0.019525 min=0.000000 max=0.414316 | val (scaled) MSE: mean=0.010935 med=0.003737 std=0.016653 min=0.000001 max=0.097574
2025-08-26T03:15:21Z - INFO - [train_model] Epoch 057 | train (price) MSE=0.000208 MAE=0.010304 RMSE=0.014424 | val (price) MSE=0.000329 MAE=0.014056 RMSE=0.018130
2025-08-26T03:15:22Z - INFO - [train_model] Epoch 058 | train (scaled) MSE: mean=0.006864 med=0.001948 std=0.019314 min=0.000000 max=0.407176 | val (scaled) MSE: mean=0.010805 med=0.003560 std=0.016748 min=0.000000 max=0.099939
2025-08-26T03:15:22Z - INFO - [train_model] Epoch 058 | train (price) MSE=0.000206 MAE=0.010218 RMSE=0.014364 | val (price) MSE=0.000325 MAE=0.013855 RMSE=0.018022
2025-08-26T03:15:22Z - INFO - [train_model] New best (price) val MSE=0.000325 at epoch 58; saved → /home/tbfs/Projects/finBert/output/20250825-231431/saved_weights/BMY/BMY_best-epoch058.pt
2025-08-26T03:15:23Z - INFO - [train_model] Epoch 059 | train (scaled) MSE: mean=0.006992 med=0.001974 std=0.019581 min=0.000000 max=0.412917 | val (scaled) MSE: mean=0.010837 med=0.003477 std=0.016687 min=0.000000 max=0.098523
2025-08-26T03:15:23Z - INFO - [train_model] Epoch 059 | train (price) MSE=0.000210 MAE=0.010346 RMSE=0.014498 | val (price) MSE=0.000326 MAE=0.013910 RMSE=0.018049
2025-08-26T03:15:24Z - INFO - [train_model] Epoch 060 | train (scaled) MSE: mean=0.006878 med=0.001915 std=0.019032 min=0.000000 max=0.392978 | val (scaled) MSE: mean=0.010752 med=0.003580 std=0.016764 min=0.000002 max=0.100384
2025-08-26T03:15:24Z - INFO - [train_model] Epoch 060 | train (price) MSE=0.000207 MAE=0.010217 RMSE=0.014378 | val (price) MSE=0.000323 MAE=0.013782 RMSE=0.017977
2025-08-26T03:15:24Z - INFO - [train_model] New best (price) val MSE=0.000323 at epoch 60; saved → /home/tbfs/Projects/finBert/output/20250825-231431/saved_weights/BMY/BMY_best-epoch060.pt
2025-08-26T03:15:24Z - INFO - [train_model] Epoch 061 | train (scaled) MSE: mean=0.006844 med=0.001882 std=0.019346 min=0.000000 max=0.407292 | val (scaled) MSE: mean=0.010694 med=0.003696 std=0.016808 min=0.000010 max=0.101419
2025-08-26T03:15:24Z - INFO - [train_model] Epoch 061 | train (price) MSE=0.000206 MAE=0.010187 RMSE=0.014343 | val (price) MSE=0.000321 MAE=0.013696 RMSE=0.017929
2025-08-26T03:15:24Z - INFO - [train_model] New best (price) val MSE=0.000321 at epoch 61; saved → /home/tbfs/Projects/finBert/output/20250825-231431/saved_weights/BMY/BMY_best-epoch061.pt
2025-08-26T03:15:25Z - INFO - [train_model] Epoch 062 | train (scaled) MSE: mean=0.006853 med=0.001864 std=0.019328 min=0.000000 max=0.409577 | val (scaled) MSE: mean=0.010732 med=0.003631 std=0.016722 min=0.000004 max=0.099983
2025-08-26T03:15:25Z - INFO - [train_model] Epoch 062 | train (price) MSE=0.000206 MAE=0.010239 RMSE=0.014352 | val (price) MSE=0.000323 MAE=0.013771 RMSE=0.017960
2025-08-26T03:15:26Z - INFO - [train_model] Epoch 063 | train (scaled) MSE: mean=0.006869 med=0.002009 std=0.019317 min=0.000000 max=0.408533 | val (scaled) MSE: mean=0.010742 med=0.003561 std=0.016688 min=0.000001 max=0.099311
2025-08-26T03:15:26Z - INFO - [train_model] Epoch 063 | train (price) MSE=0.000206 MAE=0.010239 RMSE=0.014369 | val (price) MSE=0.000323 MAE=0.013791 RMSE=0.017969
2025-08-26T03:15:27Z - INFO - [train_model] Epoch 064 | train (scaled) MSE: mean=0.006947 med=0.001984 std=0.019361 min=0.000000 max=0.409989 | val (scaled) MSE: mean=0.010751 med=0.003532 std=0.016658 min=0.000000 max=0.098377
2025-08-26T03:15:27Z - INFO - [train_model] Epoch 064 | train (price) MSE=0.000209 MAE=0.010350 RMSE=0.014450 | val (price) MSE=0.000323 MAE=0.013797 RMSE=0.017976
2025-08-26T03:15:28Z - INFO - [train_model] Epoch 065 | train (scaled) MSE: mean=0.006811 med=0.002007 std=0.019440 min=0.000000 max=0.410332 | val (scaled) MSE: mean=0.010751 med=0.003600 std=0.016640 min=0.000000 max=0.098027
2025-08-26T03:15:28Z - INFO - [train_model] Epoch 065 | train (price) MSE=0.000205 MAE=0.010181 RMSE=0.014309 | val (price) MSE=0.000323 MAE=0.013802 RMSE=0.017977
2025-08-26T03:15:28Z - INFO - [train_model] Epoch 066 | train (scaled) MSE: mean=0.006787 med=0.001992 std=0.019331 min=0.000000 max=0.407771 | val (scaled) MSE: mean=0.010698 med=0.003496 std=0.016686 min=0.000000 max=0.098962
2025-08-26T03:15:28Z - INFO - [train_model] Epoch 066 | train (price) MSE=0.000204 MAE=0.010153 RMSE=0.014283 | val (price) MSE=0.000322 MAE=0.013717 RMSE=0.017932
2025-08-26T03:15:29Z - INFO - [train_model] Epoch 067 | train (scaled) MSE: mean=0.006792 med=0.001837 std=0.019334 min=0.000000 max=0.408282 | val (scaled) MSE: mean=0.010726 med=0.003699 std=0.016613 min=0.000001 max=0.098078
2025-08-26T03:15:29Z - INFO - [train_model] Epoch 067 | train (price) MSE=0.000204 MAE=0.010180 RMSE=0.014288 | val (price) MSE=0.000322 MAE=0.013787 RMSE=0.017956
2025-08-26T03:15:30Z - INFO - [train_model] Epoch 068 | train (scaled) MSE: mean=0.006845 med=0.001951 std=0.019414 min=0.000000 max=0.409064 | val (scaled) MSE: mean=0.010699 med=0.003591 std=0.016623 min=0.000001 max=0.098412
2025-08-26T03:15:30Z - INFO - [train_model] Epoch 068 | train (price) MSE=0.000206 MAE=0.010184 RMSE=0.014344 | val (price) MSE=0.000322 MAE=0.013748 RMSE=0.017933
2025-08-26T03:15:31Z - INFO - [train_model] Epoch 069 | train (scaled) MSE: mean=0.006776 med=0.001958 std=0.019368 min=0.000000 max=0.407641 | val (scaled) MSE: mean=0.010700 med=0.003609 std=0.016607 min=0.000002 max=0.098298
2025-08-26T03:15:31Z - INFO - [train_model] Epoch 069 | train (price) MSE=0.000204 MAE=0.010124 RMSE=0.014271 | val (price) MSE=0.000322 MAE=0.013758 RMSE=0.017934
2025-08-26T03:15:32Z - INFO - [train_model] Epoch 070 | train (scaled) MSE: mean=0.006821 med=0.001968 std=0.019427 min=0.000000 max=0.406927 | val (scaled) MSE: mean=0.010635 med=0.003608 std=0.016675 min=0.000000 max=0.099579
2025-08-26T03:15:32Z - INFO - [train_model] Epoch 070 | train (price) MSE=0.000205 MAE=0.010163 RMSE=0.014319 | val (price) MSE=0.000320 MAE=0.013646 RMSE=0.017880
2025-08-26T03:15:32Z - INFO - [train_model] New best (price) val MSE=0.000320 at epoch 70; saved → /home/tbfs/Projects/finBert/output/20250825-231431/saved_weights/BMY/BMY_best-epoch070.pt
2025-08-26T03:15:32Z - INFO - [train_model] Epoch 071 | train (scaled) MSE: mean=0.006800 med=0.001849 std=0.019191 min=0.000000 max=0.399628 | val (scaled) MSE: mean=0.010694 med=0.003577 std=0.016577 min=0.000004 max=0.097700
2025-08-26T03:15:32Z - INFO - [train_model] Epoch 071 | train (price) MSE=0.000204 MAE=0.010166 RMSE=0.014297 | val (price) MSE=0.000321 MAE=0.013754 RMSE=0.017929
2025-08-26T03:15:33Z - INFO - [train_model] Epoch 072 | train (scaled) MSE: mean=0.006712 med=0.001842 std=0.019210 min=0.000000 max=0.404756 | val (scaled) MSE: mean=0.010637 med=0.003735 std=0.016631 min=0.000000 max=0.099037
2025-08-26T03:15:33Z - INFO - [train_model] Epoch 072 | train (price) MSE=0.000202 MAE=0.010110 RMSE=0.014204 | val (price) MSE=0.000320 MAE=0.013663 RMSE=0.017881
2025-08-26T03:15:34Z - INFO - [train_model] Epoch 073 | train (scaled) MSE: mean=0.006780 med=0.001931 std=0.019447 min=0.000000 max=0.411691 | val (scaled) MSE: mean=0.010722 med=0.003550 std=0.016529 min=0.000001 max=0.096675
2025-08-26T03:15:34Z - INFO - [train_model] Epoch 073 | train (price) MSE=0.000204 MAE=0.010151 RMSE=0.014276 | val (price) MSE=0.000322 MAE=0.013801 RMSE=0.017952
2025-08-26T03:15:35Z - INFO - [train_model] Epoch 074 | train (scaled) MSE: mean=0.006749 med=0.001992 std=0.019297 min=0.000000 max=0.406869 | val (scaled) MSE: mean=0.010691 med=0.003584 std=0.016538 min=0.000004 max=0.097185
2025-08-26T03:15:35Z - INFO - [train_model] Epoch 074 | train (price) MSE=0.000203 MAE=0.010131 RMSE=0.014243 | val (price) MSE=0.000321 MAE=0.013761 RMSE=0.017926
2025-08-26T03:15:36Z - INFO - [train_model] Epoch 075 | train (scaled) MSE: mean=0.006736 med=0.001867 std=0.019306 min=0.000000 max=0.408410 | val (scaled) MSE: mean=0.010629 med=0.003852 std=0.016600 min=0.000004 max=0.098363
2025-08-26T03:15:36Z - INFO - [train_model] Epoch 075 | train (price) MSE=0.000202 MAE=0.010162 RMSE=0.014230 | val (price) MSE=0.000319 MAE=0.013653 RMSE=0.017875
2025-08-26T03:15:36Z - INFO - [train_model] New best (price) val MSE=0.000319 at epoch 75; saved → /home/tbfs/Projects/finBert/output/20250825-231431/saved_weights/BMY/BMY_best-epoch075.pt
2025-08-26T03:15:36Z - INFO - [train_model] Epoch 076 | train (scaled) MSE: mean=0.006783 med=0.001910 std=0.019450 min=0.000000 max=0.411068 | val (scaled) MSE: mean=0.010665 med=0.003652 std=0.016556 min=0.000005 max=0.097206
2025-08-26T03:15:36Z - INFO - [train_model] Epoch 076 | train (price) MSE=0.000204 MAE=0.010158 RMSE=0.014279 | val (price) MSE=0.000321 MAE=0.013708 RMSE=0.017904
2025-08-26T03:15:37Z - INFO - [train_model] Epoch 077 | train (scaled) MSE: mean=0.006706 med=0.001994 std=0.019029 min=0.000000 max=0.398122 | val (scaled) MSE: mean=0.010648 med=0.003746 std=0.016546 min=0.000005 max=0.097437
2025-08-26T03:15:37Z - INFO - [train_model] Epoch 077 | train (price) MSE=0.000202 MAE=0.010079 RMSE=0.014197 | val (price) MSE=0.000320 MAE=0.013693 RMSE=0.017890
2025-08-26T03:15:38Z - INFO - [train_model] Epoch 078 | train (scaled) MSE: mean=0.006768 med=0.001844 std=0.019513 min=0.000000 max=0.410161 | val (scaled) MSE: mean=0.010643 med=0.003739 std=0.016542 min=0.000002 max=0.097241
2025-08-26T03:15:38Z - INFO - [train_model] Epoch 078 | train (price) MSE=0.000203 MAE=0.010091 RMSE=0.014263 | val (price) MSE=0.000320 MAE=0.013681 RMSE=0.017886
2025-08-26T03:15:39Z - INFO - [train_model] Epoch 079 | train (scaled) MSE: mean=0.006760 med=0.001840 std=0.019467 min=0.000000 max=0.411037 | val (scaled) MSE: mean=0.010612 med=0.003876 std=0.016568 min=0.000000 max=0.097760
2025-08-26T03:15:39Z - INFO - [train_model] Epoch 079 | train (price) MSE=0.000203 MAE=0.010117 RMSE=0.014255 | val (price) MSE=0.000319 MAE=0.013625 RMSE=0.017860
2025-08-26T03:15:39Z - INFO - [train_model] New best (price) val MSE=0.000319 at epoch 79; saved → /home/tbfs/Projects/finBert/output/20250825-231431/saved_weights/BMY/BMY_best-epoch079.pt
2025-08-26T03:15:40Z - INFO - [train_model] Epoch 080 | train (scaled) MSE: mean=0.006673 med=0.001845 std=0.019024 min=0.000000 max=0.396150 | val (scaled) MSE: mean=0.010582 med=0.003699 std=0.016592 min=0.000001 max=0.098418
2025-08-26T03:15:40Z - INFO - [train_model] Epoch 080 | train (price) MSE=0.000201 MAE=0.010046 RMSE=0.014163 | val (price) MSE=0.000318 MAE=0.013580 RMSE=0.017835
2025-08-26T03:15:40Z - INFO - [train_model] New best (price) val MSE=0.000318 at epoch 80; saved → /home/tbfs/Projects/finBert/output/20250825-231431/saved_weights/BMY/BMY_best-epoch080.pt
2025-08-26T03:15:40Z - INFO - [train_model] Epoch 081 | train (scaled) MSE: mean=0.006749 med=0.001854 std=0.019577 min=0.000000 max=0.414275 | val (scaled) MSE: mean=0.010623 med=0.003799 std=0.016529 min=0.000000 max=0.096998
2025-08-26T03:15:40Z - INFO - [train_model] Epoch 081 | train (price) MSE=0.000203 MAE=0.010101 RMSE=0.014243 | val (price) MSE=0.000319 MAE=0.013649 RMSE=0.017870
2025-08-26T03:15:41Z - INFO - [train_model] Epoch 082 | train (scaled) MSE: mean=0.006707 med=0.001883 std=0.019334 min=0.000000 max=0.405258 | val (scaled) MSE: mean=0.010578 med=0.003698 std=0.016571 min=0.000004 max=0.098071
2025-08-26T03:15:41Z - INFO - [train_model] Epoch 082 | train (price) MSE=0.000202 MAE=0.010040 RMSE=0.014199 | val (price) MSE=0.000318 MAE=0.013577 RMSE=0.017831
2025-08-26T03:15:41Z - INFO - [train_model] New best (price) val MSE=0.000318 at epoch 82; saved → /home/tbfs/Projects/finBert/output/20250825-231431/saved_weights/BMY/BMY_best-epoch082.pt
2025-08-26T03:15:42Z - INFO - [train_model] Epoch 083 | train (scaled) MSE: mean=0.006705 med=0.001779 std=0.019557 min=0.000000 max=0.413220 | val (scaled) MSE: mean=0.010596 med=0.003809 std=0.016528 min=0.000002 max=0.097348
2025-08-26T03:15:42Z - INFO - [train_model] Epoch 083 | train (price) MSE=0.000202 MAE=0.010043 RMSE=0.014197 | val (price) MSE=0.000319 MAE=0.013613 RMSE=0.017847
2025-08-26T03:15:43Z - INFO - [train_model] Epoch 084 | train (scaled) MSE: mean=0.006689 med=0.001844 std=0.019487 min=0.000000 max=0.412026 | val (scaled) MSE: mean=0.010545 med=0.003517 std=0.016588 min=0.000004 max=0.098637
2025-08-26T03:15:43Z - INFO - [train_model] Epoch 084 | train (price) MSE=0.000201 MAE=0.010026 RMSE=0.014180 | val (price) MSE=0.000317 MAE=0.013525 RMSE=0.017804
2025-08-26T03:15:43Z - INFO - [train_model] New best (price) val MSE=0.000317 at epoch 84; saved → /home/tbfs/Projects/finBert/output/20250825-231431/saved_weights/BMY/BMY_best-epoch084.pt
2025-08-26T03:15:44Z - INFO - [train_model] Epoch 085 | train (scaled) MSE: mean=0.006677 med=0.001879 std=0.019063 min=0.000000 max=0.395779 | val (scaled) MSE: mean=0.010538 med=0.003504 std=0.016596 min=0.000001 max=0.098639
2025-08-26T03:15:44Z - INFO - [train_model] Epoch 085 | train (price) MSE=0.000201 MAE=0.010052 RMSE=0.014166 | val (price) MSE=0.000317 MAE=0.013506 RMSE=0.017798
2025-08-26T03:15:44Z - INFO - [train_model] New best (price) val MSE=0.000317 at epoch 85; saved → /home/tbfs/Projects/finBert/output/20250825-231431/saved_weights/BMY/BMY_best-epoch085.pt
2025-08-26T03:15:44Z - INFO - [train_model] Epoch 086 | train (scaled) MSE: mean=0.006702 med=0.001815 std=0.019602 min=0.000000 max=0.414934 | val (scaled) MSE: mean=0.010558 med=0.003613 std=0.016579 min=0.000001 max=0.097863
2025-08-26T03:15:44Z - INFO - [train_model] Epoch 086 | train (price) MSE=0.000201 MAE=0.010032 RMSE=0.014193 | val (price) MSE=0.000317 MAE=0.013531 RMSE=0.017815
2025-08-26T03:15:45Z - INFO - [train_model] Epoch 087 | train (scaled) MSE: mean=0.006695 med=0.001844 std=0.019608 min=0.000000 max=0.414477 | val (scaled) MSE: mean=0.010545 med=0.003571 std=0.016575 min=0.000000 max=0.098131
2025-08-26T03:15:45Z - INFO - [train_model] Epoch 087 | train (price) MSE=0.000201 MAE=0.010031 RMSE=0.014186 | val (price) MSE=0.000317 MAE=0.013516 RMSE=0.017804
2025-08-26T03:15:46Z - INFO - [train_model] Epoch 088 | train (scaled) MSE: mean=0.006663 med=0.001774 std=0.019240 min=0.000000 max=0.403207 | val (scaled) MSE: mean=0.010541 med=0.003566 std=0.016586 min=0.000000 max=0.098165
2025-08-26T03:15:46Z - INFO - [train_model] Epoch 088 | train (price) MSE=0.000200 MAE=0.010028 RMSE=0.014152 | val (price) MSE=0.000317 MAE=0.013503 RMSE=0.017800
2025-08-26T03:15:47Z - INFO - [train_model] Epoch 089 | train (scaled) MSE: mean=0.006691 med=0.001805 std=0.019559 min=0.000000 max=0.415014 | val (scaled) MSE: mean=0.010546 med=0.003572 std=0.016589 min=0.000001 max=0.097906
2025-08-26T03:15:47Z - INFO - [train_model] Epoch 089 | train (price) MSE=0.000201 MAE=0.010037 RMSE=0.014182 | val (price) MSE=0.000317 MAE=0.013504 RMSE=0.017805
2025-08-26T03:15:48Z - INFO - [train_model] Epoch 090 | train (scaled) MSE: mean=0.006686 med=0.001815 std=0.019507 min=0.000000 max=0.411858 | val (scaled) MSE: mean=0.010530 med=0.003496 std=0.016598 min=0.000002 max=0.098303
2025-08-26T03:15:48Z - INFO - [train_model] Epoch 090 | train (price) MSE=0.000201 MAE=0.010035 RMSE=0.014177 | val (price) MSE=0.000317 MAE=0.013483 RMSE=0.017791
2025-08-26T03:15:48Z - INFO - [train_model] New best (price) val MSE=0.000317 at epoch 90; saved → /home/tbfs/Projects/finBert/output/20250825-231431/saved_weights/BMY/BMY_best-epoch090.pt
2025-08-26T03:15:49Z - INFO - [train_model] Epoch 091 | train (scaled) MSE: mean=0.006711 med=0.001785 std=0.019616 min=0.000000 max=0.415048 | val (scaled) MSE: mean=0.010525 med=0.003468 std=0.016608 min=0.000005 max=0.098374
2025-08-26T03:15:49Z - INFO - [train_model] Epoch 091 | train (price) MSE=0.000202 MAE=0.010060 RMSE=0.014204 | val (price) MSE=0.000316 MAE=0.013471 RMSE=0.017787
2025-08-26T03:15:49Z - INFO - [train_model] New best (price) val MSE=0.000316 at epoch 91; saved → /home/tbfs/Projects/finBert/output/20250825-231431/saved_weights/BMY/BMY_best-epoch091.pt
2025-08-26T03:15:49Z - INFO - [train_model] Epoch 092 | train (scaled) MSE: mean=0.006709 med=0.001768 std=0.019642 min=0.000000 max=0.415666 | val (scaled) MSE: mean=0.010513 med=0.003400 std=0.016637 min=0.000011 max=0.098778
2025-08-26T03:15:49Z - INFO - [train_model] Epoch 092 | train (price) MSE=0.000202 MAE=0.010056 RMSE=0.014201 | val (price) MSE=0.000316 MAE=0.013442 RMSE=0.017777
2025-08-26T03:15:49Z - INFO - [train_model] New best (price) val MSE=0.000316 at epoch 92; saved → /home/tbfs/Projects/finBert/output/20250825-231431/saved_weights/BMY/BMY_best-epoch092.pt
2025-08-26T03:15:50Z - INFO - [train_model] Epoch 093 | train (scaled) MSE: mean=0.006662 med=0.001780 std=0.019632 min=0.000000 max=0.417071 | val (scaled) MSE: mean=0.010563 med=0.003617 std=0.016532 min=0.000001 max=0.096999
2025-08-26T03:15:50Z - INFO - [train_model] Epoch 093 | train (price) MSE=0.000200 MAE=0.010003 RMSE=0.014151 | val (price) MSE=0.000318 MAE=0.013542 RMSE=0.017819
2025-08-26T03:15:51Z - INFO - [train_model] Epoch 094 | train (scaled) MSE: mean=0.006667 med=0.001785 std=0.019582 min=0.000000 max=0.415570 | val (scaled) MSE: mean=0.010511 med=0.003420 std=0.016597 min=0.000011 max=0.098569
2025-08-26T03:15:51Z - INFO - [train_model] Epoch 094 | train (price) MSE=0.000200 MAE=0.010026 RMSE=0.014156 | val (price) MSE=0.000316 MAE=0.013458 RMSE=0.017775
2025-08-26T03:15:51Z - INFO - [train_model] New best (price) val MSE=0.000316 at epoch 94; saved → /home/tbfs/Projects/finBert/output/20250825-231431/saved_weights/BMY/BMY_best-epoch094.pt
2025-08-26T03:15:52Z - INFO - [train_model] Epoch 095 | train (scaled) MSE: mean=0.006682 med=0.001854 std=0.019631 min=0.000000 max=0.415794 | val (scaled) MSE: mean=0.010515 med=0.003387 std=0.016604 min=0.000008 max=0.098380
2025-08-26T03:15:52Z - INFO - [train_model] Epoch 095 | train (price) MSE=0.000201 MAE=0.010032 RMSE=0.014172 | val (price) MSE=0.000316 MAE=0.013456 RMSE=0.017779
2025-08-26T03:15:53Z - INFO - [train_model] Epoch 096 | train (scaled) MSE: mean=0.006686 med=0.001840 std=0.019704 min=0.000000 max=0.416442 | val (scaled) MSE: mean=0.010517 med=0.003397 std=0.016602 min=0.000007 max=0.098269
2025-08-26T03:15:53Z - INFO - [train_model] Epoch 096 | train (price) MSE=0.000201 MAE=0.010024 RMSE=0.014176 | val (price) MSE=0.000316 MAE=0.013457 RMSE=0.017780
2025-08-26T03:15:53Z - INFO - [train_model] Epoch 097 | train (scaled) MSE: mean=0.006688 med=0.001906 std=0.019703 min=0.000000 max=0.418215 | val (scaled) MSE: mean=0.010526 med=0.003338 std=0.016608 min=0.000005 max=0.097967
2025-08-26T03:15:53Z - INFO - [train_model] Epoch 097 | train (price) MSE=0.000201 MAE=0.010042 RMSE=0.014179 | val (price) MSE=0.000316 MAE=0.013460 RMSE=0.017787
2025-08-26T03:15:54Z - INFO - [train_model] Epoch 098 | train (scaled) MSE: mean=0.006644 med=0.001825 std=0.019456 min=0.000000 max=0.410351 | val (scaled) MSE: mean=0.010481 med=0.003398 std=0.016674 min=0.000000 max=0.099563
2025-08-26T03:15:54Z - INFO - [train_model] Epoch 098 | train (price) MSE=0.000200 MAE=0.010009 RMSE=0.014132 | val (price) MSE=0.000315 MAE=0.013379 RMSE=0.017749
2025-08-26T03:15:54Z - INFO - [train_model] New best (price) val MSE=0.000315 at epoch 98; saved → /home/tbfs/Projects/finBert/output/20250825-231431/saved_weights/BMY/BMY_best-epoch098.pt
2025-08-26T03:15:55Z - INFO - [train_model] Epoch 099 | train (scaled) MSE: mean=0.006650 med=0.001813 std=0.019645 min=0.000000 max=0.417406 | val (scaled) MSE: mean=0.010502 med=0.003346 std=0.016637 min=0.000001 max=0.098689
2025-08-26T03:15:55Z - INFO - [train_model] Epoch 099 | train (price) MSE=0.000200 MAE=0.010009 RMSE=0.014138 | val (price) MSE=0.000316 MAE=0.013419 RMSE=0.017767
2025-08-26T03:15:56Z - INFO - [train_model] Epoch 100 | train (scaled) MSE: mean=0.006677 med=0.001819 std=0.019692 min=0.000000 max=0.418288 | val (scaled) MSE: mean=0.010510 med=0.003359 std=0.016623 min=0.000000 max=0.098307
2025-08-26T03:15:56Z - INFO - [train_model] Epoch 100 | train (price) MSE=0.000201 MAE=0.010031 RMSE=0.014167 | val (price) MSE=0.000316 MAE=0.013432 RMSE=0.017774
2025-08-26T03:15:57Z - INFO - [train_model] Epoch 101 | train (scaled) MSE: mean=0.006677 med=0.001796 std=0.019685 min=0.000000 max=0.417558 | val (scaled) MSE: mean=0.010489 med=0.003401 std=0.016663 min=0.000000 max=0.099073
2025-08-26T03:15:57Z - INFO - [train_model] Epoch 101 | train (price) MSE=0.000201 MAE=0.010009 RMSE=0.014167 | val (price) MSE=0.000315 MAE=0.013391 RMSE=0.017757
2025-08-26T03:15:57Z - INFO - [train_model] Epoch 102 | train (scaled) MSE: mean=0.006661 med=0.001836 std=0.019723 min=0.000000 max=0.418849 | val (scaled) MSE: mean=0.010495 med=0.003380 std=0.016649 min=0.000000 max=0.098794
2025-08-26T03:15:57Z - INFO - [train_model] Epoch 102 | train (price) MSE=0.000200 MAE=0.010027 RMSE=0.014150 | val (price) MSE=0.000315 MAE=0.013401 RMSE=0.017761
2025-08-26T03:15:58Z - INFO - [train_model] Epoch 103 | train (scaled) MSE: mean=0.006669 med=0.001818 std=0.019736 min=0.000000 max=0.419282 | val (scaled) MSE: mean=0.010494 med=0.003438 std=0.016668 min=0.000002 max=0.098878
2025-08-26T03:15:58Z - INFO - [train_model] Epoch 103 | train (price) MSE=0.000200 MAE=0.010015 RMSE=0.014158 | val (price) MSE=0.000315 MAE=0.013391 RMSE=0.017760
2025-08-26T03:15:59Z - INFO - [train_model] Epoch 104 | train (scaled) MSE: mean=0.006676 med=0.001811 std=0.019702 min=0.000000 max=0.416727 | val (scaled) MSE: mean=0.010467 med=0.003513 std=0.016739 min=0.000005 max=0.100063
2025-08-26T03:15:59Z - INFO - [train_model] Epoch 104 | train (price) MSE=0.000201 MAE=0.010021 RMSE=0.014166 | val (price) MSE=0.000315 MAE=0.013331 RMSE=0.017738
2025-08-26T03:15:59Z - INFO - [train_model] New best (price) val MSE=0.000315 at epoch 104; saved → /home/tbfs/Projects/finBert/output/20250825-231431/saved_weights/BMY/BMY_best-epoch104.pt
2025-08-26T03:16:00Z - INFO - [train_model] Epoch 105 | train (scaled) MSE: mean=0.006632 med=0.001786 std=0.019689 min=0.000000 max=0.419333 | val (scaled) MSE: mean=0.010460 med=0.003432 std=0.016756 min=0.000003 max=0.100376
2025-08-26T03:16:00Z - INFO - [train_model] Epoch 105 | train (price) MSE=0.000199 MAE=0.010005 RMSE=0.014119 | val (price) MSE=0.000314 MAE=0.013315 RMSE=0.017732
2025-08-26T03:16:00Z - INFO - [train_model] New best (price) val MSE=0.000314 at epoch 105; saved → /home/tbfs/Projects/finBert/output/20250825-231431/saved_weights/BMY/BMY_best-epoch105.pt
2025-08-26T03:16:01Z - INFO - [train_model] Epoch 106 | train (scaled) MSE: mean=0.006643 med=0.001785 std=0.019791 min=0.000000 max=0.421303 | val (scaled) MSE: mean=0.010468 med=0.003482 std=0.016720 min=0.000007 max=0.099832
2025-08-26T03:16:01Z - INFO - [train_model] Epoch 106 | train (price) MSE=0.000200 MAE=0.010009 RMSE=0.014131 | val (price) MSE=0.000315 MAE=0.013340 RMSE=0.017739
2025-08-26T03:16:01Z - INFO - [train_model] Epoch 107 | train (scaled) MSE: mean=0.006646 med=0.001740 std=0.019736 min=0.000000 max=0.419869 | val (scaled) MSE: mean=0.010468 med=0.003401 std=0.016749 min=0.000006 max=0.100020
2025-08-26T03:16:01Z - INFO - [train_model] Epoch 107 | train (price) MSE=0.000200 MAE=0.009993 RMSE=0.014134 | val (price) MSE=0.000315 MAE=0.013325 RMSE=0.017739
2025-08-26T03:16:02Z - INFO - [train_model] Epoch 108 | train (scaled) MSE: mean=0.006642 med=0.001761 std=0.019730 min=0.000000 max=0.419951 | val (scaled) MSE: mean=0.010465 med=0.003320 std=0.016775 min=0.000004 max=0.100272
2025-08-26T03:16:02Z - INFO - [train_model] Epoch 108 | train (price) MSE=0.000200 MAE=0.010010 RMSE=0.014130 | val (price) MSE=0.000315 MAE=0.013308 RMSE=0.017736
2025-08-26T03:16:03Z - INFO - [train_model] Epoch 109 | train (scaled) MSE: mean=0.006630 med=0.001766 std=0.019695 min=0.000000 max=0.417669 | val (scaled) MSE: mean=0.010461 med=0.003265 std=0.016789 min=0.000003 max=0.100491
2025-08-26T03:16:03Z - INFO - [train_model] Epoch 109 | train (price) MSE=0.000199 MAE=0.009993 RMSE=0.014117 | val (price) MSE=0.000314 MAE=0.013296 RMSE=0.017732
2025-08-26T03:16:04Z - INFO - [train_model] Epoch 110 | train (scaled) MSE: mean=0.006656 med=0.001838 std=0.019785 min=0.000000 max=0.420636 | val (scaled) MSE: mean=0.010461 med=0.003204 std=0.016811 min=0.000002 max=0.100606
2025-08-26T03:16:04Z - INFO - [train_model] Epoch 110 | train (price) MSE=0.000200 MAE=0.010009 RMSE=0.014145 | val (price) MSE=0.000314 MAE=0.013285 RMSE=0.017733
2025-08-26T03:16:05Z - INFO - [train_model] Epoch 111 | train (scaled) MSE: mean=0.006637 med=0.001804 std=0.019735 min=0.000000 max=0.420170 | val (scaled) MSE: mean=0.010454 med=0.003072 std=0.016861 min=0.000000 max=0.101224
2025-08-26T03:16:05Z - INFO - [train_model] Epoch 111 | train (price) MSE=0.000199 MAE=0.009995 RMSE=0.014124 | val (price) MSE=0.000314 MAE=0.013252 RMSE=0.017727
2025-08-26T03:16:05Z - INFO - [train_model] New best (price) val MSE=0.000314 at epoch 111; saved → /home/tbfs/Projects/finBert/output/20250825-231431/saved_weights/BMY/BMY_best-epoch111.pt
2025-08-26T03:16:05Z - INFO - [train_model] Epoch 112 | train (scaled) MSE: mean=0.006636 med=0.001750 std=0.019604 min=0.000000 max=0.414764 | val (scaled) MSE: mean=0.010452 med=0.003039 std=0.016866 min=0.000000 max=0.101323
2025-08-26T03:16:05Z - INFO - [train_model] Epoch 112 | train (price) MSE=0.000199 MAE=0.010001 RMSE=0.014123 | val (price) MSE=0.000314 MAE=0.013246 RMSE=0.017725
2025-08-26T03:16:05Z - INFO - [train_model] New best (price) val MSE=0.000314 at epoch 112; saved → /home/tbfs/Projects/finBert/output/20250825-231431/saved_weights/BMY/BMY_best-epoch112.pt
2025-08-26T03:16:06Z - INFO - [train_model] Epoch 113 | train (scaled) MSE: mean=0.006640 med=0.001738 std=0.019782 min=0.000000 max=0.420856 | val (scaled) MSE: mean=0.010450 med=0.003037 std=0.016866 min=0.000000 max=0.101392
2025-08-26T03:16:06Z - INFO - [train_model] Epoch 113 | train (price) MSE=0.000200 MAE=0.010000 RMSE=0.014127 | val (price) MSE=0.000314 MAE=0.013243 RMSE=0.017723
2025-08-26T03:16:06Z - INFO - [train_model] New best (price) val MSE=0.000314 at epoch 113; saved → /home/tbfs/Projects/finBert/output/20250825-231431/saved_weights/BMY/BMY_best-epoch113.pt
2025-08-26T03:16:07Z - INFO - [train_model] Epoch 114 | train (scaled) MSE: mean=0.006633 med=0.001751 std=0.019942 min=0.000000 max=0.427169 | val (scaled) MSE: mean=0.010453 med=0.003038 std=0.016847 min=0.000001 max=0.101115
2025-08-26T03:16:07Z - INFO - [train_model] Epoch 114 | train (price) MSE=0.000199 MAE=0.009991 RMSE=0.014120 | val (price) MSE=0.000314 MAE=0.013255 RMSE=0.017726
2025-08-26T03:16:08Z - INFO - [train_model] Epoch 115 | train (scaled) MSE: mean=0.006650 med=0.001732 std=0.019806 min=0.000000 max=0.420794 | val (scaled) MSE: mean=0.010446 med=0.003087 std=0.016921 min=0.000000 max=0.101971
2025-08-26T03:16:08Z - INFO - [train_model] Epoch 115 | train (price) MSE=0.000200 MAE=0.009993 RMSE=0.014138 | val (price) MSE=0.000314 MAE=0.013211 RMSE=0.017720
2025-08-26T03:16:08Z - INFO - [train_model] New best (price) val MSE=0.000314 at epoch 115; saved → /home/tbfs/Projects/finBert/output/20250825-231431/saved_weights/BMY/BMY_best-epoch115.pt
2025-08-26T03:16:09Z - INFO - [train_model] Epoch 116 | train (scaled) MSE: mean=0.006615 med=0.001753 std=0.019731 min=0.000000 max=0.420607 | val (scaled) MSE: mean=0.010444 med=0.003094 std=0.016912 min=0.000000 max=0.101948
2025-08-26T03:16:09Z - INFO - [train_model] Epoch 116 | train (price) MSE=0.000199 MAE=0.009988 RMSE=0.014101 | val (price) MSE=0.000314 MAE=0.013213 RMSE=0.017719
2025-08-26T03:16:09Z - INFO - [train_model] New best (price) val MSE=0.000314 at epoch 116; saved → /home/tbfs/Projects/finBert/output/20250825-231431/saved_weights/BMY/BMY_best-epoch116.pt
2025-08-26T03:16:09Z - INFO - [train_model] Epoch 117 | train (scaled) MSE: mean=0.006621 med=0.001744 std=0.019781 min=0.000000 max=0.421380 | val (scaled) MSE: mean=0.010454 med=0.003074 std=0.016852 min=0.000001 max=0.101065
2025-08-26T03:16:09Z - INFO - [train_model] Epoch 117 | train (price) MSE=0.000199 MAE=0.009993 RMSE=0.014107 | val (price) MSE=0.000314 MAE=0.013253 RMSE=0.017727
2025-08-26T03:16:10Z - INFO - [train_model] Epoch 118 | train (scaled) MSE: mean=0.006648 med=0.001793 std=0.019787 min=0.000000 max=0.421444 | val (scaled) MSE: mean=0.010451 med=0.003109 std=0.016860 min=0.000001 max=0.101235
2025-08-26T03:16:10Z - INFO - [train_model] Epoch 118 | train (price) MSE=0.000200 MAE=0.010005 RMSE=0.014136 | val (price) MSE=0.000314 MAE=0.013245 RMSE=0.017724
2025-08-26T03:16:11Z - INFO - [train_model] Epoch 119 | train (scaled) MSE: mean=0.006625 med=0.001787 std=0.019817 min=0.000000 max=0.422038 | val (scaled) MSE: mean=0.010446 med=0.003023 std=0.016936 min=0.000000 max=0.102093
2025-08-26T03:16:11Z - INFO - [train_model] Epoch 119 | train (price) MSE=0.000199 MAE=0.009989 RMSE=0.014111 | val (price) MSE=0.000314 MAE=0.013201 RMSE=0.017720
2025-08-26T03:16:12Z - INFO - [train_model] Epoch 120 | train (scaled) MSE: mean=0.006632 med=0.001736 std=0.019850 min=0.000000 max=0.422760 | val (scaled) MSE: mean=0.010459 med=0.003087 std=0.016847 min=0.000002 max=0.100847
2025-08-26T03:16:12Z - INFO - [train_model] Epoch 120 | train (price) MSE=0.000199 MAE=0.009989 RMSE=0.014120 | val (price) MSE=0.000314 MAE=0.013259 RMSE=0.017731
2025-08-26T03:16:13Z - INFO - [train_model] Epoch 121 | train (scaled) MSE: mean=0.006629 med=0.001721 std=0.019807 min=0.000000 max=0.422012 | val (scaled) MSE: mean=0.010449 med=0.003138 std=0.016862 min=0.000001 max=0.101295
2025-08-26T03:16:13Z - INFO - [train_model] Epoch 121 | train (price) MSE=0.000199 MAE=0.009993 RMSE=0.014116 | val (price) MSE=0.000314 MAE=0.013241 RMSE=0.017723
2025-08-26T03:16:14Z - INFO - [train_model] Epoch 122 | train (scaled) MSE: mean=0.006619 med=0.001766 std=0.019819 min=0.000000 max=0.422110 | val (scaled) MSE: mean=0.010443 med=0.003102 std=0.016997 min=0.000000 max=0.102792
2025-08-26T03:16:14Z - INFO - [train_model] Epoch 122 | train (price) MSE=0.000199 MAE=0.009975 RMSE=0.014106 | val (price) MSE=0.000314 MAE=0.013167 RMSE=0.017718
2025-08-26T03:16:14Z - INFO - [train_model] New best (price) val MSE=0.000314 at epoch 122; saved → /home/tbfs/Projects/finBert/output/20250825-231431/saved_weights/BMY/BMY_best-epoch122.pt
2025-08-26T03:16:14Z - INFO - [train_model] Epoch 123 | train (scaled) MSE: mean=0.006609 med=0.001739 std=0.019612 min=0.000000 max=0.415516 | val (scaled) MSE: mean=0.010442 med=0.003093 std=0.016988 min=0.000000 max=0.102742
2025-08-26T03:16:14Z - INFO - [train_model] Epoch 123 | train (price) MSE=0.000199 MAE=0.009987 RMSE=0.014095 | val (price) MSE=0.000314 MAE=0.013170 RMSE=0.017717
2025-08-26T03:16:14Z - INFO - [train_model] New best (price) val MSE=0.000314 at epoch 123; saved → /home/tbfs/Projects/finBert/output/20250825-231431/saved_weights/BMY/BMY_best-epoch123.pt
2025-08-26T03:16:15Z - INFO - [train_model] Epoch 124 | train (scaled) MSE: mean=0.006605 med=0.001764 std=0.019815 min=0.000000 max=0.422692 | val (scaled) MSE: mean=0.010449 med=0.002980 std=0.016954 min=0.000000 max=0.102129
2025-08-26T03:16:15Z - INFO - [train_model] Epoch 124 | train (price) MSE=0.000199 MAE=0.009972 RMSE=0.014090 | val (price) MSE=0.000314 MAE=0.013193 RMSE=0.017723
2025-08-26T03:16:16Z - INFO - [train_model] Epoch 125 | train (scaled) MSE: mean=0.006647 med=0.001775 std=0.019808 min=0.000000 max=0.422365 | val (scaled) MSE: mean=0.010447 med=0.003251 std=0.017086 min=0.000000 max=0.103656
2025-08-26T03:16:16Z - INFO - [train_model] Epoch 125 | train (price) MSE=0.000200 MAE=0.010038 RMSE=0.014135 | val (price) MSE=0.000314 MAE=0.013130 RMSE=0.017720
2025-08-26T03:16:17Z - INFO - [train_model] Epoch 126 | train (scaled) MSE: mean=0.006621 med=0.001752 std=0.019849 min=0.000000 max=0.422666 | val (scaled) MSE: mean=0.010446 med=0.003130 std=0.017023 min=0.000000 max=0.102980
2025-08-26T03:16:17Z - INFO - [train_model] Epoch 126 | train (price) MSE=0.000199 MAE=0.009979 RMSE=0.014108 | val (price) MSE=0.000314 MAE=0.013156 RMSE=0.017720
2025-08-26T03:16:18Z - INFO - [train_model] Epoch 127 | train (scaled) MSE: mean=0.006607 med=0.001753 std=0.019835 min=0.000000 max=0.421909 | val (scaled) MSE: mean=0.010448 med=0.003081 std=0.017005 min=0.000000 max=0.102717
2025-08-26T03:16:18Z - INFO - [train_model] Epoch 127 | train (price) MSE=0.000199 MAE=0.009967 RMSE=0.014093 | val (price) MSE=0.000314 MAE=0.013166 RMSE=0.017721
2025-08-26T03:16:19Z - INFO - [train_model] Epoch 128 | train (scaled) MSE: mean=0.006616 med=0.001701 std=0.019782 min=0.000000 max=0.420499 | val (scaled) MSE: mean=0.010449 med=0.003022 std=0.016977 min=0.000000 max=0.102386
2025-08-26T03:16:19Z - INFO - [train_model] Epoch 128 | train (price) MSE=0.000199 MAE=0.009980 RMSE=0.014102 | val (price) MSE=0.000314 MAE=0.013180 RMSE=0.017722
2025-08-26T03:16:19Z - INFO - [train_model] Epoch 129 | train (scaled) MSE: mean=0.006623 med=0.001748 std=0.019832 min=0.000000 max=0.422651 | val (scaled) MSE: mean=0.010446 med=0.003192 std=0.017055 min=0.000000 max=0.103334
2025-08-26T03:16:19Z - INFO - [train_model] Epoch 129 | train (price) MSE=0.000199 MAE=0.009996 RMSE=0.014110 | val (price) MSE=0.000314 MAE=0.013141 RMSE=0.017720
2025-08-26T03:16:20Z - INFO - [train_model] Epoch 130 | train (scaled) MSE: mean=0.006600 med=0.001768 std=0.019847 min=0.000000 max=0.423098 | val (scaled) MSE: mean=0.010448 med=0.003201 std=0.017067 min=0.000000 max=0.103394
2025-08-26T03:16:20Z - INFO - [train_model] Epoch 130 | train (price) MSE=0.000198 MAE=0.009961 RMSE=0.014085 | val (price) MSE=0.000314 MAE=0.013138 RMSE=0.017721
2025-08-26T03:16:21Z - INFO - [train_model] Epoch 131 | train (scaled) MSE: mean=0.006604 med=0.001776 std=0.019852 min=0.000000 max=0.422814 | val (scaled) MSE: mean=0.010446 med=0.003234 std=0.017076 min=0.000000 max=0.103565
2025-08-26T03:16:21Z - INFO - [train_model] Epoch 131 | train (price) MSE=0.000198 MAE=0.009964 RMSE=0.014089 | val (price) MSE=0.000314 MAE=0.013133 RMSE=0.017720
2025-08-26T03:16:22Z - INFO - [train_model] Epoch 132 | train (scaled) MSE: mean=0.006639 med=0.001760 std=0.019846 min=0.000000 max=0.423039 | val (scaled) MSE: mean=0.010470 med=0.003163 std=0.016812 min=0.000006 max=0.100166
2025-08-26T03:16:22Z - INFO - [train_model] Epoch 132 | train (price) MSE=0.000200 MAE=0.010026 RMSE=0.014126 | val (price) MSE=0.000315 MAE=0.013286 RMSE=0.017741
2025-08-26T03:16:23Z - INFO - [train_model] Epoch 133 | train (scaled) MSE: mean=0.006601 med=0.001714 std=0.019853 min=0.000000 max=0.423215 | val (scaled) MSE: mean=0.010448 med=0.003195 std=0.017068 min=0.000000 max=0.103370
2025-08-26T03:16:23Z - INFO - [train_model] Epoch 133 | train (price) MSE=0.000198 MAE=0.009954 RMSE=0.014086 | val (price) MSE=0.000314 MAE=0.013138 RMSE=0.017722
2025-08-26T03:16:23Z - INFO - [train_model] Epoch 134 | train (scaled) MSE: mean=0.006594 med=0.001747 std=0.019849 min=0.000000 max=0.423337 | val (scaled) MSE: mean=0.010448 med=0.003292 std=0.017109 min=0.000000 max=0.103892
2025-08-26T03:16:23Z - INFO - [train_model] Epoch 134 | train (price) MSE=0.000198 MAE=0.009959 RMSE=0.014079 | val (price) MSE=0.000314 MAE=0.013123 RMSE=0.017721
2025-08-26T03:16:24Z - INFO - [train_model] Epoch 135 | train (scaled) MSE: mean=0.006597 med=0.001758 std=0.019812 min=0.000000 max=0.421784 | val (scaled) MSE: mean=0.010445 med=0.003262 std=0.017086 min=0.000000 max=0.103717
2025-08-26T03:16:24Z - INFO - [train_model] Epoch 135 | train (price) MSE=0.000198 MAE=0.009959 RMSE=0.014082 | val (price) MSE=0.000314 MAE=0.013128 RMSE=0.017719
2025-08-26T03:16:25Z - INFO - [train_model] Epoch 136 | train (scaled) MSE: mean=0.006602 med=0.001725 std=0.019852 min=0.000000 max=0.423312 | val (scaled) MSE: mean=0.010448 med=0.003191 std=0.017065 min=0.000000 max=0.103345
2025-08-26T03:16:25Z - INFO - [train_model] Epoch 136 | train (price) MSE=0.000198 MAE=0.009968 RMSE=0.014087 | val (price) MSE=0.000314 MAE=0.013139 RMSE=0.017722
2025-08-26T03:16:26Z - INFO - [train_model] Epoch 137 | train (scaled) MSE: mean=0.006615 med=0.001769 std=0.019834 min=0.000000 max=0.423308 | val (scaled) MSE: mean=0.010451 med=0.003108 std=0.017035 min=0.000000 max=0.102911
2025-08-26T03:16:26Z - INFO - [train_model] Epoch 137 | train (price) MSE=0.000199 MAE=0.009999 RMSE=0.014102 | val (price) MSE=0.000314 MAE=0.013155 RMSE=0.017724
2025-08-26T03:16:27Z - INFO - [train_model] Epoch 138 | train (scaled) MSE: mean=0.006595 med=0.001775 std=0.019843 min=0.000000 max=0.423474 | val (scaled) MSE: mean=0.010446 med=0.003313 std=0.017112 min=0.000000 max=0.103999
2025-08-26T03:16:27Z - INFO - [train_model] Epoch 138 | train (price) MSE=0.000198 MAE=0.009958 RMSE=0.014080 | val (price) MSE=0.000314 MAE=0.013121 RMSE=0.017720
2025-08-26T03:16:28Z - INFO - [train_model] Epoch 139 | train (scaled) MSE: mean=0.006597 med=0.001778 std=0.019856 min=0.000000 max=0.423488 | val (scaled) MSE: mean=0.010447 med=0.003293 std=0.017107 min=0.000000 max=0.103896
2025-08-26T03:16:28Z - INFO - [train_model] Epoch 139 | train (price) MSE=0.000198 MAE=0.009961 RMSE=0.014082 | val (price) MSE=0.000314 MAE=0.013123 RMSE=0.017721
2025-08-26T03:16:28Z - INFO - [train_model] Epoch 140 | train (scaled) MSE: mean=0.006592 med=0.001765 std=0.019867 min=0.000000 max=0.423349 | val (scaled) MSE: mean=0.010446 med=0.003326 std=0.017119 min=0.000000 max=0.104070
2025-08-26T03:16:28Z - INFO - [train_model] Epoch 140 | train (price) MSE=0.000198 MAE=0.009949 RMSE=0.014076 | val (price) MSE=0.000314 MAE=0.013120 RMSE=0.017720
2025-08-26T03:16:29Z - INFO - [train_model] Epoch 141 | train (scaled) MSE: mean=0.006587 med=0.001760 std=0.019854 min=0.000000 max=0.423513 | val (scaled) MSE: mean=0.010446 med=0.003346 std=0.017128 min=0.000000 max=0.104178
2025-08-26T03:16:29Z - INFO - [train_model] Epoch 141 | train (price) MSE=0.000198 MAE=0.009947 RMSE=0.014071 | val (price) MSE=0.000314 MAE=0.013117 RMSE=0.017720
2025-08-26T03:16:30Z - INFO - [train_model] Epoch 142 | train (scaled) MSE: mean=0.006620 med=0.001759 std=0.019864 min=0.000000 max=0.423548 | val (scaled) MSE: mean=0.010452 med=0.003020 std=0.016990 min=0.000000 max=0.102420
2025-08-26T03:16:30Z - INFO - [train_model] Epoch 142 | train (price) MSE=0.000199 MAE=0.009998 RMSE=0.014106 | val (price) MSE=0.000314 MAE=0.013176 RMSE=0.017725
2025-08-26T03:16:31Z - INFO - [train_model] Epoch 143 | train (scaled) MSE: mean=0.006588 med=0.001755 std=0.019861 min=0.000000 max=0.423576 | val (scaled) MSE: mean=0.010445 med=0.003342 std=0.017122 min=0.000000 max=0.104149
2025-08-26T03:16:31Z - INFO - [train_model] Epoch 143 | train (price) MSE=0.000198 MAE=0.009943 RMSE=0.014072 | val (price) MSE=0.000314 MAE=0.013118 RMSE=0.017719
2025-08-26T03:16:32Z - INFO - [train_model] Epoch 144 | train (scaled) MSE: mean=0.006583 med=0.001752 std=0.019862 min=0.000000 max=0.423628 | val (scaled) MSE: mean=0.010445 med=0.003343 std=0.017121 min=0.000000 max=0.104152
2025-08-26T03:16:32Z - INFO - [train_model] Epoch 144 | train (price) MSE=0.000198 MAE=0.009941 RMSE=0.014067 | val (price) MSE=0.000314 MAE=0.013118 RMSE=0.017719
2025-08-26T03:16:32Z - INFO - [train_model] Epoch 145 | train (scaled) MSE: mean=0.006610 med=0.001779 std=0.019868 min=0.000000 max=0.424030 | val (scaled) MSE: mean=0.010454 med=0.003016 std=0.016996 min=0.000000 max=0.102409
2025-08-26T03:16:32Z - INFO - [train_model] Epoch 145 | train (price) MSE=0.000199 MAE=0.009987 RMSE=0.014095 | val (price) MSE=0.000314 MAE=0.013174 RMSE=0.017726
2025-08-26T03:16:33Z - INFO - [train_model] Epoch 146 | train (scaled) MSE: mean=0.006587 med=0.001768 std=0.019855 min=0.000000 max=0.423368 | val (scaled) MSE: mean=0.010445 med=0.003370 std=0.017133 min=0.000000 max=0.104298
2025-08-26T03:16:33Z - INFO - [train_model] Epoch 146 | train (price) MSE=0.000198 MAE=0.009945 RMSE=0.014071 | val (price) MSE=0.000314 MAE=0.013115 RMSE=0.017719
2025-08-26T03:16:34Z - INFO - [train_model] Epoch 147 | train (scaled) MSE: mean=0.006579 med=0.001744 std=0.019858 min=0.000000 max=0.423677 | val (scaled) MSE: mean=0.010445 med=0.003388 std=0.017143 min=0.000000 max=0.104395
2025-08-26T03:16:34Z - INFO - [train_model] Epoch 147 | train (price) MSE=0.000198 MAE=0.009939 RMSE=0.014063 | val (price) MSE=0.000314 MAE=0.013113 RMSE=0.017719
2025-08-26T03:16:35Z - INFO - [train_model] Epoch 148 | train (scaled) MSE: mean=0.006576 med=0.001744 std=0.019853 min=0.000000 max=0.423790 | val (scaled) MSE: mean=0.010444 med=0.003368 std=0.017129 min=0.000000 max=0.104282
2025-08-26T03:16:35Z - INFO - [train_model] Epoch 148 | train (price) MSE=0.000198 MAE=0.009938 RMSE=0.014059 | val (price) MSE=0.000314 MAE=0.013115 RMSE=0.017718
2025-08-26T03:16:36Z - INFO - [train_model] Epoch 149 | train (scaled) MSE: mean=0.006642 med=0.001776 std=0.019826 min=0.000000 max=0.423643 | val (scaled) MSE: mean=0.010471 med=0.003051 std=0.016907 min=0.000001 max=0.100935
2025-08-26T03:16:36Z - INFO - [train_model] Epoch 149 | train (price) MSE=0.000200 MAE=0.010044 RMSE=0.014130 | val (price) MSE=0.000315 MAE=0.013239 RMSE=0.017741
2025-08-26T03:16:36Z - INFO - [train_model] Epoch 150 | train (scaled) MSE: mean=0.006596 med=0.001763 std=0.019830 min=0.000000 max=0.422680 | val (scaled) MSE: mean=0.010447 med=0.003399 std=0.017154 min=0.000000 max=0.104461
2025-08-26T03:16:36Z - INFO - [train_model] Epoch 150 | train (price) MSE=0.000198 MAE=0.009945 RMSE=0.014080 | val (price) MSE=0.000314 MAE=0.013111 RMSE=0.017721
2025-08-26T03:16:37Z - INFO - [train_model] Epoch 151 | train (scaled) MSE: mean=0.006580 med=0.001738 std=0.019873 min=0.000000 max=0.423850 | val (scaled) MSE: mean=0.010444 med=0.003388 std=0.017138 min=0.000000 max=0.104390
2025-08-26T03:16:37Z - INFO - [train_model] Epoch 151 | train (price) MSE=0.000198 MAE=0.009935 RMSE=0.014064 | val (price) MSE=0.000314 MAE=0.013113 RMSE=0.017718
2025-08-26T03:16:38Z - INFO - [train_model] Epoch 152 | train (scaled) MSE: mean=0.006579 med=0.001739 std=0.019876 min=0.000000 max=0.424038 | val (scaled) MSE: mean=0.010444 med=0.003394 std=0.017141 min=0.000000 max=0.104420
2025-08-26T03:16:38Z - INFO - [train_model] Epoch 152 | train (price) MSE=0.000198 MAE=0.009937 RMSE=0.014063 | val (price) MSE=0.000314 MAE=0.013112 RMSE=0.017718
2025-08-26T03:16:39Z - INFO - [train_model] Epoch 153 | train (scaled) MSE: mean=0.006578 med=0.001755 std=0.019876 min=0.000000 max=0.424014 | val (scaled) MSE: mean=0.010443 med=0.003376 std=0.017131 min=0.000000 max=0.104322
2025-08-26T03:16:39Z - INFO - [train_model] Epoch 153 | train (price) MSE=0.000198 MAE=0.009936 RMSE=0.014062 | val (price) MSE=0.000314 MAE=0.013115 RMSE=0.017718
2025-08-26T03:16:40Z - INFO - [train_model] Epoch 154 | train (scaled) MSE: mean=0.006613 med=0.001749 std=0.019818 min=0.000000 max=0.421928 | val (scaled) MSE: mean=0.010447 med=0.003337 std=0.017127 min=0.000000 max=0.104130
2025-08-26T03:16:40Z - INFO - [train_model] Epoch 154 | train (price) MSE=0.000199 MAE=0.009954 RMSE=0.014099 | val (price) MSE=0.000314 MAE=0.013118 RMSE=0.017721
2025-08-26T03:16:40Z - INFO - [train_model] Epoch 155 | train (scaled) MSE: mean=0.006581 med=0.001771 std=0.019842 min=0.000000 max=0.423105 | val (scaled) MSE: mean=0.010444 med=0.003398 std=0.017143 min=0.000000 max=0.104442
2025-08-26T03:16:40Z - INFO - [train_model] Epoch 155 | train (price) MSE=0.000198 MAE=0.009941 RMSE=0.014065 | val (price) MSE=0.000314 MAE=0.013112 RMSE=0.017719
2025-08-26T03:16:41Z - INFO - [train_model] Epoch 156 | train (scaled) MSE: mean=0.006574 med=0.001732 std=0.019879 min=0.000000 max=0.424166 | val (scaled) MSE: mean=0.010444 med=0.003400 std=0.017144 min=0.000000 max=0.104452
2025-08-26T03:16:41Z - INFO - [train_model] Epoch 156 | train (price) MSE=0.000198 MAE=0.009931 RMSE=0.014057 | val (price) MSE=0.000314 MAE=0.013112 RMSE=0.017719
2025-08-26T03:16:42Z - INFO - [train_model] Epoch 157 | train (scaled) MSE: mean=0.006573 med=0.001731 std=0.019876 min=0.000000 max=0.424112 | val (scaled) MSE: mean=0.010444 med=0.003392 std=0.017139 min=0.000000 max=0.104407
2025-08-26T03:16:42Z - INFO - [train_model] Epoch 157 | train (price) MSE=0.000198 MAE=0.009931 RMSE=0.014056 | val (price) MSE=0.000314 MAE=0.013113 RMSE=0.017718
2025-08-26T03:16:43Z - INFO - [train_model] Epoch 158 | train (scaled) MSE: mean=0.006576 med=0.001742 std=0.019876 min=0.000000 max=0.424021 | val (scaled) MSE: mean=0.010444 med=0.003391 std=0.017139 min=0.000000 max=0.104407
2025-08-26T03:16:43Z - INFO - [train_model] Epoch 158 | train (price) MSE=0.000198 MAE=0.009934 RMSE=0.014059 | val (price) MSE=0.000314 MAE=0.013113 RMSE=0.017718
2025-08-26T03:16:44Z - INFO - [train_model] Epoch 159 | train (scaled) MSE: mean=0.006587 med=0.001767 std=0.019875 min=0.000000 max=0.424151 | val (scaled) MSE: mean=0.010447 med=0.003152 std=0.017042 min=0.000000 max=0.103140
2025-08-26T03:16:44Z - INFO - [train_model] Epoch 159 | train (price) MSE=0.000198 MAE=0.009955 RMSE=0.014072 | val (price) MSE=0.000314 MAE=0.013147 RMSE=0.017721
2025-08-26T03:16:44Z - INFO - [train_model] Epoch 160 | train (scaled) MSE: mean=0.006578 med=0.001754 std=0.019877 min=0.000000 max=0.424059 | val (scaled) MSE: mean=0.010444 med=0.003379 std=0.017133 min=0.000000 max=0.104337
2025-08-26T03:16:44Z - INFO - [train_model] Epoch 160 | train (price) MSE=0.000198 MAE=0.009934 RMSE=0.014062 | val (price) MSE=0.000314 MAE=0.013114 RMSE=0.017718
2025-08-26T03:16:45Z - INFO - [train_model] Epoch 161 | train (scaled) MSE: mean=0.006604 med=0.001762 std=0.019869 min=0.000000 max=0.424126 | val (scaled) MSE: mean=0.010468 med=0.003335 std=0.017323 min=0.000000 max=0.105888
2025-08-26T03:16:45Z - INFO - [train_model] Epoch 161 | train (price) MSE=0.000199 MAE=0.009985 RMSE=0.014090 | val (price) MSE=0.000315 MAE=0.013083 RMSE=0.017739
2025-08-26T03:16:46Z - INFO - [train_model] Epoch 162 | train (scaled) MSE: mean=0.006576 med=0.001763 std=0.019880 min=0.000000 max=0.424124 | val (scaled) MSE: mean=0.010445 med=0.003405 std=0.017148 min=0.000000 max=0.104484
2025-08-26T03:16:46Z - INFO - [train_model] Epoch 162 | train (price) MSE=0.000198 MAE=0.009932 RMSE=0.014060 | val (price) MSE=0.000314 MAE=0.013111 RMSE=0.017719
2025-08-26T03:16:47Z - INFO - [train_model] Epoch 163 | train (scaled) MSE: mean=0.006572 med=0.001725 std=0.019881 min=0.000000 max=0.424255 | val (scaled) MSE: mean=0.010445 med=0.003405 std=0.017147 min=0.000000 max=0.104479
2025-08-26T03:16:47Z - INFO - [train_model] Epoch 163 | train (price) MSE=0.000198 MAE=0.009928 RMSE=0.014055 | val (price) MSE=0.000314 MAE=0.013111 RMSE=0.017719
2025-08-26T03:16:47Z - INFO - [train_model] Early stopping at epoch 163 (best price val MSE=0.000314 @ epoch 123)
2025-08-26T03:16:47Z - INFO - [visualize_full_prediction] Saved full prediction plot for BMY to output/20250825-231431/plots/BMY_finbert-rnn_full_returns_prediction.png
2025-08-26T03:16:47Z - INFO - [visualize_sentiment] Saved sentiment plot for BMY to output/20250825-231431/plots/BMY_sentiment.png
2025-08-26T03:16:47Z - INFO - [train] [BMY] Test (price) MSE=0.000184 | MAE=0.010740 | RMSE=0.013561 (scaled MSE=0.006118)
2025-08-26T03:16:47Z - INFO - [train] [BMY] Final (price) Train MSE=0.000198 | Val MSE=0.000314 (scaled Train MSE=0.006572 | Val MSE=0.010445)
2025-08-26T03:16:47Z - INFO - [train] [BMY] Best epoch=123 | Best (price) Train MSE=0.000199 | Best (price) Val MSE=0.000314 | Saved at=/home/tbfs/Projects/finBert/output/20250825-231431/saved_weights/BMY/BMY_best-epoch123.pt
2025-08-26T03:16:47Z - INFO - [train] Wrote evaluation summary → output/20250825-231431/evaluation.json
