2025-08-26T11:34:29Z - INFO - [Pipeline::__init__] Loaded news dataframe with columns=['title', 'date', 'stock'] shape=(1277896, 3).
2025-08-26T11:34:29Z - INFO - [SentimentGenerator::_load] Loaded precomputed sentiment from /home/tbfs/Projects/finBert/output/20250823-140342/sentiment_daily.csv
2025-08-26T11:34:29Z - INFO - [train] Training predictor for ticker: EWI
2025-08-26T11:34:29Z - INFO - [train] Loaded prices for EWI with columns=['date', 'volume', 'open', 'high', 'low', 'close', 'adj close'] shape=(2516, 7).
2025-08-26T11:34:29Z - INFO - [SequenceDataset::__init__] len(self.valid_indices)=701 out of len(df)=2515 samples are valid for lookback=60 with sentiment_col=SentimentScore
2025-08-26T11:34:29Z - INFO - [SequenceDataset::__init__] len(self.valid_indices)=78 out of len(df)=2515 samples are valid for lookback=60 with sentiment_col=SentimentScore
2025-08-26T11:34:29Z - INFO - [SequenceDataset::__init__] len(self.valid_indices)=87 out of len(df)=2515 samples are valid for lookback=60 with sentiment_col=SentimentScore
2025-08-26T11:34:30Z - INFO - [train_model] Epoch 001 | train (scaled) MSE: mean=0.043515 med=0.007570 std=0.098891 min=0.000000 max=0.663426 | val (scaled) MSE: mean=0.035298 med=0.014328 std=0.094784 min=0.000291 max=0.822076
2025-08-26T11:34:30Z - INFO - [train_model] Epoch 001 | train (price) MSE=0.001388 MAE=0.024879 RMSE=0.037262 | val (price) MSE=0.001126 MAE=0.025471 RMSE=0.033560
2025-08-26T11:34:30Z - INFO - [train_model] New best (price) val MSE=0.001126 at epoch 1; saved → /home/tbfs/Projects/finBert/output/20250826-073425/saved_weights/EWI/EWI_best-epoch001.pt
2025-08-26T11:34:31Z - INFO - [train_model] Epoch 002 | train (scaled) MSE: mean=0.021409 med=0.006139 std=0.046777 min=0.000000 max=0.529127 | val (scaled) MSE: mean=0.040036 med=0.016508 std=0.102092 min=0.000012 max=0.882768
2025-08-26T11:34:31Z - INFO - [train_model] Epoch 002 | train (price) MSE=0.000683 MAE=0.019050 RMSE=0.026137 | val (price) MSE=0.001277 MAE=0.027133 RMSE=0.035742
2025-08-26T11:34:31Z - INFO - [train_model] Epoch 003 | train (scaled) MSE: mean=0.023934 med=0.007220 std=0.049574 min=0.000000 max=0.517510 | val (scaled) MSE: mean=0.046455 med=0.019149 std=0.108330 min=0.000003 max=0.934084
2025-08-26T11:34:31Z - INFO - [train_model] Epoch 003 | train (price) MSE=0.000764 MAE=0.020441 RMSE=0.027635 | val (price) MSE=0.001482 MAE=0.029948 RMSE=0.038501
2025-08-26T11:34:32Z - INFO - [train_model] Epoch 004 | train (scaled) MSE: mean=0.025799 med=0.008724 std=0.052146 min=0.000000 max=0.528729 | val (scaled) MSE: mean=0.050204 med=0.023517 std=0.110476 min=0.000001 max=0.951561
2025-08-26T11:34:32Z - INFO - [train_model] Epoch 004 | train (price) MSE=0.000823 MAE=0.021442 RMSE=0.028692 | val (price) MSE=0.001602 MAE=0.031756 RMSE=0.040024
2025-08-26T11:34:32Z - INFO - [train_model] Epoch 005 | train (scaled) MSE: mean=0.025871 med=0.009060 std=0.052120 min=0.000000 max=0.516233 | val (scaled) MSE: mean=0.049121 med=0.023312 std=0.108279 min=0.000018 max=0.933341
2025-08-26T11:34:32Z - INFO - [train_model] Epoch 005 | train (price) MSE=0.000825 MAE=0.021539 RMSE=0.028731 | val (price) MSE=0.001567 MAE=0.031370 RMSE=0.039590
2025-08-26T11:34:33Z - INFO - [train_model] Epoch 006 | train (scaled) MSE: mean=0.023639 med=0.007779 std=0.049108 min=0.000000 max=0.488446 | val (scaled) MSE: mean=0.043320 med=0.019599 std=0.101915 min=0.000004 max=0.879836
2025-08-26T11:34:33Z - INFO - [train_model] Epoch 006 | train (price) MSE=0.000754 MAE=0.020461 RMSE=0.027464 | val (price) MSE=0.001382 MAE=0.028750 RMSE=0.037179
2025-08-26T11:34:33Z - INFO - [train_model] Epoch 007 | train (scaled) MSE: mean=0.021464 med=0.007191 std=0.044652 min=0.000000 max=0.455485 | val (scaled) MSE: mean=0.038357 med=0.016404 std=0.096851 min=0.000018 max=0.837693
2025-08-26T11:34:33Z - INFO - [train_model] Epoch 007 | train (price) MSE=0.000685 MAE=0.019552 RMSE=0.026170 | val (price) MSE=0.001224 MAE=0.026507 RMSE=0.034984
2025-08-26T11:34:34Z - INFO - [train_model] Epoch 008 | train (scaled) MSE: mean=0.019979 med=0.006581 std=0.042104 min=0.000000 max=0.434029 | val (scaled) MSE: mean=0.034995 med=0.013701 std=0.093048 min=0.000009 max=0.806211
2025-08-26T11:34:34Z - INFO - [train_model] Epoch 008 | train (price) MSE=0.000637 MAE=0.018821 RMSE=0.025249 | val (price) MSE=0.001117 MAE=0.024959 RMSE=0.033416
2025-08-26T11:34:34Z - INFO - [train_model] New best (price) val MSE=0.001117 at epoch 8; saved → /home/tbfs/Projects/finBert/output/20250826-073425/saved_weights/EWI/EWI_best-epoch008.pt
2025-08-26T11:34:34Z - INFO - [train_model] Epoch 009 | train (scaled) MSE: mean=0.019068 med=0.006514 std=0.040192 min=0.000000 max=0.417452 | val (scaled) MSE: mean=0.032642 med=0.011727 std=0.090193 min=0.000000 max=0.782485
2025-08-26T11:34:34Z - INFO - [train_model] Epoch 009 | train (price) MSE=0.000608 MAE=0.018346 RMSE=0.024666 | val (price) MSE=0.001042 MAE=0.023849 RMSE=0.032273
2025-08-26T11:34:34Z - INFO - [train_model] New best (price) val MSE=0.001042 at epoch 9; saved → /home/tbfs/Projects/finBert/output/20250826-073425/saved_weights/EWI/EWI_best-epoch009.pt
2025-08-26T11:34:35Z - INFO - [train_model] Epoch 010 | train (scaled) MSE: mean=0.018348 med=0.006193 std=0.038858 min=0.000000 max=0.404515 | val (scaled) MSE: mean=0.030705 med=0.011042 std=0.087552 min=0.000001 max=0.760453
2025-08-26T11:34:35Z - INFO - [train_model] Epoch 010 | train (price) MSE=0.000585 MAE=0.017941 RMSE=0.024196 | val (price) MSE=0.000980 MAE=0.022958 RMSE=0.031300
2025-08-26T11:34:35Z - INFO - [train_model] New best (price) val MSE=0.000980 at epoch 10; saved → /home/tbfs/Projects/finBert/output/20250826-073425/saved_weights/EWI/EWI_best-epoch010.pt
2025-08-26T11:34:35Z - INFO - [train_model] Epoch 011 | train (scaled) MSE: mean=0.017711 med=0.006081 std=0.037656 min=0.000000 max=0.394509 | val (scaled) MSE: mean=0.029175 med=0.010047 std=0.085469 min=0.000000 max=0.743069
2025-08-26T11:34:35Z - INFO - [train_model] Epoch 011 | train (price) MSE=0.000565 MAE=0.017596 RMSE=0.023772 | val (price) MSE=0.000931 MAE=0.022218 RMSE=0.030511
2025-08-26T11:34:35Z - INFO - [train_model] New best (price) val MSE=0.000931 at epoch 11; saved → /home/tbfs/Projects/finBert/output/20250826-073425/saved_weights/EWI/EWI_best-epoch011.pt
2025-08-26T11:34:36Z - INFO - [train_model] Epoch 012 | train (scaled) MSE: mean=0.017243 med=0.006039 std=0.036789 min=0.000000 max=0.387000 | val (scaled) MSE: mean=0.027687 med=0.009369 std=0.083306 min=0.000000 max=0.725038
2025-08-26T11:34:36Z - INFO - [train_model] Epoch 012 | train (price) MSE=0.000550 MAE=0.017339 RMSE=0.023456 | val (price) MSE=0.000883 MAE=0.021546 RMSE=0.029723
2025-08-26T11:34:36Z - INFO - [train_model] New best (price) val MSE=0.000883 at epoch 12; saved → /home/tbfs/Projects/finBert/output/20250826-073425/saved_weights/EWI/EWI_best-epoch012.pt
2025-08-26T11:34:36Z - INFO - [train_model] Epoch 013 | train (scaled) MSE: mean=0.016792 med=0.005529 std=0.035902 min=0.000000 max=0.380874 | val (scaled) MSE: mean=0.026238 med=0.008739 std=0.081026 min=0.000006 max=0.705986
2025-08-26T11:34:36Z - INFO - [train_model] Epoch 013 | train (price) MSE=0.000536 MAE=0.017102 RMSE=0.023147 | val (price) MSE=0.000837 MAE=0.020911 RMSE=0.028935
2025-08-26T11:34:36Z - INFO - [train_model] New best (price) val MSE=0.000837 at epoch 13; saved → /home/tbfs/Projects/finBert/output/20250826-073425/saved_weights/EWI/EWI_best-epoch013.pt
2025-08-26T11:34:37Z - INFO - [train_model] Epoch 014 | train (scaled) MSE: mean=0.016472 med=0.005590 std=0.035249 min=0.000000 max=0.376519 | val (scaled) MSE: mean=0.025517 med=0.008784 std=0.079571 min=0.000000 max=0.693471
2025-08-26T11:34:37Z - INFO - [train_model] Epoch 014 | train (price) MSE=0.000526 MAE=0.016924 RMSE=0.022926 | val (price) MSE=0.000814 MAE=0.020586 RMSE=0.028534
2025-08-26T11:34:37Z - INFO - [train_model] New best (price) val MSE=0.000814 at epoch 14; saved → /home/tbfs/Projects/finBert/output/20250826-073425/saved_weights/EWI/EWI_best-epoch014.pt
2025-08-26T11:34:37Z - INFO - [train_model] Epoch 015 | train (scaled) MSE: mean=0.016004 med=0.005282 std=0.034504 min=0.000000 max=0.368788 | val (scaled) MSE: mean=0.024483 med=0.008834 std=0.077736 min=0.000001 max=0.678098
2025-08-26T11:34:37Z - INFO - [train_model] Epoch 015 | train (price) MSE=0.000511 MAE=0.016635 RMSE=0.022598 | val (price) MSE=0.000781 MAE=0.020080 RMSE=0.027950
2025-08-26T11:34:37Z - INFO - [train_model] New best (price) val MSE=0.000781 at epoch 15; saved → /home/tbfs/Projects/finBert/output/20250826-073425/saved_weights/EWI/EWI_best-epoch015.pt
2025-08-26T11:34:38Z - INFO - [train_model] Epoch 016 | train (scaled) MSE: mean=0.015702 med=0.005248 std=0.033795 min=0.000000 max=0.357268 | val (scaled) MSE: mean=0.023434 med=0.008196 std=0.075662 min=0.000000 max=0.660389
2025-08-26T11:34:38Z - INFO - [train_model] Epoch 016 | train (price) MSE=0.000501 MAE=0.016479 RMSE=0.022384 | val (price) MSE=0.000748 MAE=0.019525 RMSE=0.027345
2025-08-26T11:34:38Z - INFO - [train_model] New best (price) val MSE=0.000748 at epoch 16; saved → /home/tbfs/Projects/finBert/output/20250826-073425/saved_weights/EWI/EWI_best-epoch016.pt
2025-08-26T11:34:38Z - INFO - [train_model] Epoch 017 | train (scaled) MSE: mean=0.015270 med=0.004689 std=0.033196 min=0.000000 max=0.350688 | val (scaled) MSE: mean=0.022718 med=0.008425 std=0.074249 min=0.000001 max=0.648286
2025-08-26T11:34:38Z - INFO - [train_model] Epoch 017 | train (price) MSE=0.000487 MAE=0.016211 RMSE=0.022073 | val (price) MSE=0.000725 MAE=0.019145 RMSE=0.026923
2025-08-26T11:34:38Z - INFO - [train_model] New best (price) val MSE=0.000725 at epoch 17; saved → /home/tbfs/Projects/finBert/output/20250826-073425/saved_weights/EWI/EWI_best-epoch017.pt
2025-08-26T11:34:39Z - INFO - [train_model] Epoch 018 | train (scaled) MSE: mean=0.015001 med=0.004618 std=0.032717 min=0.000000 max=0.342892 | val (scaled) MSE: mean=0.022147 med=0.007863 std=0.072890 min=0.000002 max=0.636710
2025-08-26T11:34:39Z - INFO - [train_model] Epoch 018 | train (price) MSE=0.000479 MAE=0.016062 RMSE=0.021878 | val (price) MSE=0.000707 MAE=0.018863 RMSE=0.026583
2025-08-26T11:34:39Z - INFO - [train_model] New best (price) val MSE=0.000707 at epoch 18; saved → /home/tbfs/Projects/finBert/output/20250826-073425/saved_weights/EWI/EWI_best-epoch018.pt
2025-08-26T11:34:39Z - INFO - [train_model] Epoch 019 | train (scaled) MSE: mean=0.014616 med=0.004699 std=0.032034 min=0.000000 max=0.330658 | val (scaled) MSE: mean=0.021278 med=0.007266 std=0.070688 min=0.000003 max=0.617502
2025-08-26T11:34:39Z - INFO - [train_model] Epoch 019 | train (price) MSE=0.000466 MAE=0.015838 RMSE=0.021596 | val (price) MSE=0.000679 MAE=0.018407 RMSE=0.026056
2025-08-26T11:34:39Z - INFO - [train_model] New best (price) val MSE=0.000679 at epoch 19; saved → /home/tbfs/Projects/finBert/output/20250826-073425/saved_weights/EWI/EWI_best-epoch019.pt
2025-08-26T11:34:40Z - INFO - [train_model] Epoch 020 | train (scaled) MSE: mean=0.014153 med=0.004514 std=0.031421 min=0.000000 max=0.315592 | val (scaled) MSE: mean=0.021035 med=0.007390 std=0.069851 min=0.000002 max=0.610665
2025-08-26T11:34:40Z - INFO - [train_model] Epoch 020 | train (price) MSE=0.000452 MAE=0.015542 RMSE=0.021251 | val (price) MSE=0.000671 MAE=0.018282 RMSE=0.025907
2025-08-26T11:34:40Z - INFO - [train_model] New best (price) val MSE=0.000671 at epoch 20; saved → /home/tbfs/Projects/finBert/output/20250826-073425/saved_weights/EWI/EWI_best-epoch020.pt
2025-08-26T11:34:40Z - INFO - [train_model] Epoch 021 | train (scaled) MSE: mean=0.013854 med=0.004252 std=0.030961 min=0.000000 max=0.314353 | val (scaled) MSE: mean=0.020276 med=0.007367 std=0.067420 min=0.000001 max=0.588604
2025-08-26T11:34:40Z - INFO - [train_model] Epoch 021 | train (price) MSE=0.000442 MAE=0.015379 RMSE=0.021025 | val (price) MSE=0.000647 MAE=0.017831 RMSE=0.025436
2025-08-26T11:34:40Z - INFO - [train_model] New best (price) val MSE=0.000647 at epoch 21; saved → /home/tbfs/Projects/finBert/output/20250826-073425/saved_weights/EWI/EWI_best-epoch021.pt
2025-08-26T11:34:41Z - INFO - [train_model] Epoch 022 | train (scaled) MSE: mean=0.013605 med=0.004322 std=0.030577 min=0.000000 max=0.318558 | val (scaled) MSE: mean=0.020102 med=0.007176 std=0.066594 min=0.000000 max=0.581893
2025-08-26T11:34:41Z - INFO - [train_model] Epoch 022 | train (price) MSE=0.000434 MAE=0.015211 RMSE=0.020835 | val (price) MSE=0.000641 MAE=0.017729 RMSE=0.025326
2025-08-26T11:34:41Z - INFO - [train_model] New best (price) val MSE=0.000641 at epoch 22; saved → /home/tbfs/Projects/finBert/output/20250826-073425/saved_weights/EWI/EWI_best-epoch022.pt
2025-08-26T11:34:42Z - INFO - [train_model] Epoch 023 | train (scaled) MSE: mean=0.013334 med=0.004081 std=0.030056 min=0.000000 max=0.313735 | val (scaled) MSE: mean=0.019544 med=0.006190 std=0.064829 min=0.000000 max=0.566489
2025-08-26T11:34:42Z - INFO - [train_model] Epoch 023 | train (price) MSE=0.000425 MAE=0.015044 RMSE=0.020626 | val (price) MSE=0.000624 MAE=0.017433 RMSE=0.024972
2025-08-26T11:34:42Z - INFO - [train_model] New best (price) val MSE=0.000624 at epoch 23; saved → /home/tbfs/Projects/finBert/output/20250826-073425/saved_weights/EWI/EWI_best-epoch023.pt
2025-08-26T11:34:42Z - INFO - [train_model] Epoch 024 | train (scaled) MSE: mean=0.013140 med=0.004017 std=0.029548 min=0.000000 max=0.309192 | val (scaled) MSE: mean=0.019432 med=0.006217 std=0.062535 min=0.000000 max=0.544889
2025-08-26T11:34:42Z - INFO - [train_model] Epoch 024 | train (price) MSE=0.000419 MAE=0.014921 RMSE=0.020476 | val (price) MSE=0.000620 MAE=0.017447 RMSE=0.024900
2025-08-26T11:34:42Z - INFO - [train_model] New best (price) val MSE=0.000620 at epoch 24; saved → /home/tbfs/Projects/finBert/output/20250826-073425/saved_weights/EWI/EWI_best-epoch024.pt
2025-08-26T11:34:42Z - INFO - [train_model] Epoch 025 | train (scaled) MSE: mean=0.013084 med=0.004232 std=0.029375 min=0.000000 max=0.303714 | val (scaled) MSE: mean=0.019591 med=0.006602 std=0.063368 min=0.000000 max=0.553826
2025-08-26T11:34:42Z - INFO - [train_model] Epoch 025 | train (price) MSE=0.000417 MAE=0.014895 RMSE=0.020433 | val (price) MSE=0.000625 MAE=0.017530 RMSE=0.025002
2025-08-26T11:34:43Z - INFO - [train_model] Epoch 026 | train (scaled) MSE: mean=0.012939 med=0.003942 std=0.028978 min=0.000000 max=0.296638 | val (scaled) MSE: mean=0.019417 med=0.006888 std=0.062515 min=0.000000 max=0.545535
2025-08-26T11:34:43Z - INFO - [train_model] Epoch 026 | train (price) MSE=0.000413 MAE=0.014834 RMSE=0.020319 | val (price) MSE=0.000620 MAE=0.017326 RMSE=0.024891
2025-08-26T11:34:43Z - INFO - [train_model] New best (price) val MSE=0.000620 at epoch 26; saved → /home/tbfs/Projects/finBert/output/20250826-073425/saved_weights/EWI/EWI_best-epoch026.pt
2025-08-26T11:34:43Z - INFO - [train_model] Epoch 027 | train (scaled) MSE: mean=0.012780 med=0.004005 std=0.028513 min=0.000000 max=0.286813 | val (scaled) MSE: mean=0.019119 med=0.006595 std=0.061780 min=0.000000 max=0.539550
2025-08-26T11:34:43Z - INFO - [train_model] Epoch 027 | train (price) MSE=0.000408 MAE=0.014753 RMSE=0.020193 | val (price) MSE=0.000610 MAE=0.017167 RMSE=0.024699
2025-08-26T11:34:43Z - INFO - [train_model] New best (price) val MSE=0.000610 at epoch 27; saved → /home/tbfs/Projects/finBert/output/20250826-073425/saved_weights/EWI/EWI_best-epoch027.pt
2025-08-26T11:34:44Z - INFO - [train_model] Epoch 028 | train (scaled) MSE: mean=0.012752 med=0.003960 std=0.028263 min=0.000000 max=0.287901 | val (scaled) MSE: mean=0.019118 med=0.006408 std=0.062498 min=0.000016 max=0.546612
2025-08-26T11:34:44Z - INFO - [train_model] Epoch 028 | train (price) MSE=0.000407 MAE=0.014754 RMSE=0.020172 | val (price) MSE=0.000610 MAE=0.017114 RMSE=0.024699
2025-08-26T11:34:44Z - INFO - [train_model] New best (price) val MSE=0.000610 at epoch 28; saved → /home/tbfs/Projects/finBert/output/20250826-073425/saved_weights/EWI/EWI_best-epoch028.pt
2025-08-26T11:34:45Z - INFO - [train_model] Epoch 029 | train (scaled) MSE: mean=0.012603 med=0.003935 std=0.027837 min=0.000000 max=0.286021 | val (scaled) MSE: mean=0.018998 med=0.006570 std=0.061148 min=0.000009 max=0.533832
2025-08-26T11:34:45Z - INFO - [train_model] Epoch 029 | train (price) MSE=0.000402 MAE=0.014667 RMSE=0.020054 | val (price) MSE=0.000606 MAE=0.017020 RMSE=0.024621
2025-08-26T11:34:45Z - INFO - [train_model] New best (price) val MSE=0.000606 at epoch 29; saved → /home/tbfs/Projects/finBert/output/20250826-073425/saved_weights/EWI/EWI_best-epoch029.pt
2025-08-26T11:34:45Z - INFO - [train_model] Epoch 030 | train (scaled) MSE: mean=0.012533 med=0.003962 std=0.027274 min=0.000000 max=0.284742 | val (scaled) MSE: mean=0.018935 med=0.006131 std=0.061373 min=0.000004 max=0.536688
2025-08-26T11:34:45Z - INFO - [train_model] Epoch 030 | train (price) MSE=0.000400 MAE=0.014635 RMSE=0.019998 | val (price) MSE=0.000604 MAE=0.017036 RMSE=0.024580
2025-08-26T11:34:45Z - INFO - [train_model] New best (price) val MSE=0.000604 at epoch 30; saved → /home/tbfs/Projects/finBert/output/20250826-073425/saved_weights/EWI/EWI_best-epoch030.pt
2025-08-26T11:34:45Z - INFO - [train_model] Epoch 031 | train (scaled) MSE: mean=0.012418 med=0.003808 std=0.027062 min=0.000000 max=0.282320 | val (scaled) MSE: mean=0.019285 med=0.006193 std=0.063917 min=0.000007 max=0.561500
2025-08-26T11:34:45Z - INFO - [train_model] Epoch 031 | train (price) MSE=0.000396 MAE=0.014544 RMSE=0.019906 | val (price) MSE=0.000615 MAE=0.017316 RMSE=0.024806
2025-08-26T11:34:46Z - INFO - [train_model] Epoch 032 | train (scaled) MSE: mean=0.012350 med=0.003872 std=0.026382 min=0.000000 max=0.267905 | val (scaled) MSE: mean=0.019155 med=0.006149 std=0.062963 min=0.000009 max=0.552188
2025-08-26T11:34:46Z - INFO - [train_model] Epoch 032 | train (price) MSE=0.000394 MAE=0.014562 RMSE=0.019851 | val (price) MSE=0.000611 MAE=0.017188 RMSE=0.024722
2025-08-26T11:34:46Z - INFO - [train_model] Epoch 033 | train (scaled) MSE: mean=0.012348 med=0.003708 std=0.026451 min=0.000000 max=0.272821 | val (scaled) MSE: mean=0.018670 med=0.005918 std=0.062191 min=0.000011 max=0.545359
2025-08-26T11:34:46Z - INFO - [train_model] Epoch 033 | train (price) MSE=0.000394 MAE=0.014540 RMSE=0.019849 | val (price) MSE=0.000596 MAE=0.016826 RMSE=0.024407
2025-08-26T11:34:46Z - INFO - [train_model] New best (price) val MSE=0.000596 at epoch 33; saved → /home/tbfs/Projects/finBert/output/20250826-073425/saved_weights/EWI/EWI_best-epoch033.pt
2025-08-26T11:34:47Z - INFO - [train_model] Epoch 034 | train (scaled) MSE: mean=0.012319 med=0.003737 std=0.026125 min=0.000000 max=0.263905 | val (scaled) MSE: mean=0.018945 med=0.005924 std=0.062289 min=0.000001 max=0.546647
2025-08-26T11:34:47Z - INFO - [train_model] Epoch 034 | train (price) MSE=0.000393 MAE=0.014547 RMSE=0.019826 | val (price) MSE=0.000605 MAE=0.017043 RMSE=0.024587
2025-08-26T11:34:47Z - INFO - [train_model] Epoch 035 | train (scaled) MSE: mean=0.012288 med=0.003949 std=0.025557 min=0.000000 max=0.251236 | val (scaled) MSE: mean=0.018418 med=0.005611 std=0.061386 min=0.000003 max=0.538324
2025-08-26T11:34:47Z - INFO - [train_model] Epoch 035 | train (price) MSE=0.000392 MAE=0.014523 RMSE=0.019801 | val (price) MSE=0.000588 MAE=0.016624 RMSE=0.024242
2025-08-26T11:34:47Z - INFO - [train_model] New best (price) val MSE=0.000588 at epoch 35; saved → /home/tbfs/Projects/finBert/output/20250826-073425/saved_weights/EWI/EWI_best-epoch035.pt
2025-08-26T11:34:48Z - INFO - [train_model] Epoch 036 | train (scaled) MSE: mean=0.012189 med=0.003665 std=0.025511 min=0.000000 max=0.253502 | val (scaled) MSE: mean=0.018876 med=0.005630 std=0.061463 min=0.000000 max=0.537890
2025-08-26T11:34:48Z - INFO - [train_model] Epoch 036 | train (price) MSE=0.000389 MAE=0.014486 RMSE=0.019721 | val (price) MSE=0.000602 MAE=0.016867 RMSE=0.024541
2025-08-26T11:34:48Z - INFO - [train_model] Epoch 037 | train (scaled) MSE: mean=0.012238 med=0.003800 std=0.025344 min=0.000000 max=0.246924 | val (scaled) MSE: mean=0.018361 med=0.005593 std=0.061184 min=0.000001 max=0.536144
2025-08-26T11:34:48Z - INFO - [train_model] Epoch 037 | train (price) MSE=0.000390 MAE=0.014536 RMSE=0.019761 | val (price) MSE=0.000586 MAE=0.016539 RMSE=0.024204
2025-08-26T11:34:48Z - INFO - [train_model] New best (price) val MSE=0.000586 at epoch 37; saved → /home/tbfs/Projects/finBert/output/20250826-073425/saved_weights/EWI/EWI_best-epoch037.pt
2025-08-26T11:34:49Z - INFO - [train_model] Epoch 038 | train (scaled) MSE: mean=0.012098 med=0.003895 std=0.025127 min=0.000000 max=0.245837 | val (scaled) MSE: mean=0.018463 med=0.005824 std=0.061898 min=0.000001 max=0.543091
2025-08-26T11:34:49Z - INFO - [train_model] Epoch 038 | train (price) MSE=0.000386 MAE=0.014438 RMSE=0.019647 | val (price) MSE=0.000589 MAE=0.016668 RMSE=0.024272
2025-08-26T11:34:49Z - INFO - [train_model] Epoch 039 | train (scaled) MSE: mean=0.012024 med=0.003831 std=0.024854 min=0.000000 max=0.243796 | val (scaled) MSE: mean=0.018390 med=0.005445 std=0.060871 min=0.000000 max=0.532400
2025-08-26T11:34:49Z - INFO - [train_model] Epoch 039 | train (price) MSE=0.000384 MAE=0.014419 RMSE=0.019587 | val (price) MSE=0.000587 MAE=0.016487 RMSE=0.024224
2025-08-26T11:34:50Z - INFO - [train_model] Epoch 040 | train (scaled) MSE: mean=0.012088 med=0.003891 std=0.024998 min=0.000000 max=0.242620 | val (scaled) MSE: mean=0.018133 med=0.005032 std=0.060341 min=0.000000 max=0.526882
2025-08-26T11:34:50Z - INFO - [train_model] Epoch 040 | train (price) MSE=0.000386 MAE=0.014453 RMSE=0.019640 | val (price) MSE=0.000579 MAE=0.016262 RMSE=0.024054
2025-08-26T11:34:50Z - INFO - [train_model] New best (price) val MSE=0.000579 at epoch 40; saved → /home/tbfs/Projects/finBert/output/20250826-073425/saved_weights/EWI/EWI_best-epoch040.pt
2025-08-26T11:34:50Z - INFO - [train_model] Epoch 041 | train (scaled) MSE: mean=0.011883 med=0.003834 std=0.024454 min=0.000000 max=0.238959 | val (scaled) MSE: mean=0.018794 med=0.005792 std=0.061859 min=0.000001 max=0.541241
2025-08-26T11:34:50Z - INFO - [train_model] Epoch 041 | train (price) MSE=0.000379 MAE=0.014377 RMSE=0.019472 | val (price) MSE=0.000600 MAE=0.016785 RMSE=0.024488
2025-08-26T11:34:51Z - INFO - [train_model] Epoch 042 | train (scaled) MSE: mean=0.011839 med=0.003751 std=0.024904 min=0.000000 max=0.261028 | val (scaled) MSE: mean=0.018748 med=0.006099 std=0.062156 min=0.000002 max=0.544134
2025-08-26T11:34:51Z - INFO - [train_model] Epoch 042 | train (price) MSE=0.000378 MAE=0.014294 RMSE=0.019436 | val (price) MSE=0.000598 MAE=0.016755 RMSE=0.024458
2025-08-26T11:34:51Z - INFO - [train_model] Epoch 043 | train (scaled) MSE: mean=0.011793 med=0.003868 std=0.024801 min=0.000000 max=0.261508 | val (scaled) MSE: mean=0.018834 med=0.006078 std=0.062339 min=0.000004 max=0.546198
2025-08-26T11:34:51Z - INFO - [train_model] Epoch 043 | train (price) MSE=0.000376 MAE=0.014303 RMSE=0.019398 | val (price) MSE=0.000601 MAE=0.016879 RMSE=0.024515
2025-08-26T11:34:52Z - INFO - [train_model] Epoch 044 | train (scaled) MSE: mean=0.011646 med=0.003583 std=0.024286 min=0.000000 max=0.252727 | val (scaled) MSE: mean=0.018574 med=0.004234 std=0.060096 min=0.000000 max=0.522086
2025-08-26T11:34:52Z - INFO - [train_model] Epoch 044 | train (price) MSE=0.000372 MAE=0.014188 RMSE=0.019277 | val (price) MSE=0.000593 MAE=0.016476 RMSE=0.024344
2025-08-26T11:34:52Z - INFO - [train_model] Epoch 045 | train (scaled) MSE: mean=0.011571 med=0.003730 std=0.024099 min=0.000000 max=0.246897 | val (scaled) MSE: mean=0.018411 med=0.005031 std=0.061788 min=0.000000 max=0.541745
2025-08-26T11:34:52Z - INFO - [train_model] Epoch 045 | train (price) MSE=0.000369 MAE=0.014223 RMSE=0.019215 | val (price) MSE=0.000587 MAE=0.016550 RMSE=0.024238
2025-08-26T11:34:53Z - INFO - [train_model] Epoch 046 | train (scaled) MSE: mean=0.011613 med=0.003818 std=0.024107 min=0.000000 max=0.253211 | val (scaled) MSE: mean=0.018472 med=0.004494 std=0.060032 min=0.000000 max=0.522185
2025-08-26T11:34:53Z - INFO - [train_model] Epoch 046 | train (price) MSE=0.000371 MAE=0.014268 RMSE=0.019250 | val (price) MSE=0.000589 MAE=0.016482 RMSE=0.024278
2025-08-26T11:34:53Z - INFO - [train_model] Epoch 047 | train (scaled) MSE: mean=0.011573 med=0.003877 std=0.023800 min=0.000000 max=0.247642 | val (scaled) MSE: mean=0.018336 med=0.005088 std=0.063583 min=0.000001 max=0.560676
2025-08-26T11:34:53Z - INFO - [train_model] Epoch 047 | train (price) MSE=0.000369 MAE=0.014259 RMSE=0.019217 | val (price) MSE=0.000585 MAE=0.016691 RMSE=0.024188
2025-08-26T11:34:54Z - INFO - [train_model] Epoch 048 | train (scaled) MSE: mean=0.011509 med=0.004038 std=0.023644 min=0.000000 max=0.250396 | val (scaled) MSE: mean=0.018200 med=0.004345 std=0.059124 min=0.000001 max=0.515287
2025-08-26T11:34:54Z - INFO - [train_model] Epoch 048 | train (price) MSE=0.000367 MAE=0.014219 RMSE=0.019163 | val (price) MSE=0.000581 MAE=0.016361 RMSE=0.024098
2025-08-26T11:34:54Z - INFO - [train_model] Epoch 049 | train (scaled) MSE: mean=0.011174 med=0.003508 std=0.023790 min=0.000000 max=0.260743 | val (scaled) MSE: mean=0.018745 med=0.005149 std=0.062077 min=0.000010 max=0.544984
2025-08-26T11:34:54Z - INFO - [train_model] Epoch 049 | train (price) MSE=0.000357 MAE=0.013931 RMSE=0.018882 | val (price) MSE=0.000598 MAE=0.016900 RMSE=0.024456
2025-08-26T11:34:55Z - INFO - [train_model] Epoch 050 | train (scaled) MSE: mean=0.011087 med=0.003849 std=0.023480 min=0.000000 max=0.261971 | val (scaled) MSE: mean=0.017847 med=0.004278 std=0.059496 min=0.000000 max=0.518428
2025-08-26T11:34:55Z - INFO - [train_model] Epoch 050 | train (price) MSE=0.000354 MAE=0.013887 RMSE=0.018809 | val (price) MSE=0.000569 MAE=0.015988 RMSE=0.023864
2025-08-26T11:34:55Z - INFO - [train_model] New best (price) val MSE=0.000569 at epoch 50; saved → /home/tbfs/Projects/finBert/output/20250826-073425/saved_weights/EWI/EWI_best-epoch050.pt
2025-08-26T11:34:55Z - INFO - [train_model] Epoch 051 | train (scaled) MSE: mean=0.011219 med=0.003705 std=0.024260 min=0.000000 max=0.270685 | val (scaled) MSE: mean=0.017862 med=0.005180 std=0.060639 min=0.000002 max=0.532596
2025-08-26T11:34:55Z - INFO - [train_model] Epoch 051 | train (price) MSE=0.000358 MAE=0.013950 RMSE=0.018920 | val (price) MSE=0.000570 MAE=0.016256 RMSE=0.023874
2025-08-26T11:34:56Z - INFO - [train_model] Epoch 052 | train (scaled) MSE: mean=0.010974 med=0.003762 std=0.023600 min=0.000000 max=0.267305 | val (scaled) MSE: mean=0.018234 med=0.004756 std=0.060019 min=0.000001 max=0.524540
2025-08-26T11:34:56Z - INFO - [train_model] Epoch 052 | train (price) MSE=0.000350 MAE=0.013792 RMSE=0.018712 | val (price) MSE=0.000582 MAE=0.016394 RMSE=0.024121
2025-08-26T11:34:56Z - INFO - [train_model] Epoch 053 | train (scaled) MSE: mean=0.010944 med=0.003499 std=0.023948 min=0.000000 max=0.278773 | val (scaled) MSE: mean=0.017872 med=0.004560 std=0.059855 min=0.000000 max=0.524586
2025-08-26T11:34:56Z - INFO - [train_model] Epoch 053 | train (price) MSE=0.000349 MAE=0.013718 RMSE=0.018687 | val (price) MSE=0.000570 MAE=0.016307 RMSE=0.023880
2025-08-26T11:34:57Z - INFO - [train_model] Epoch 054 | train (scaled) MSE: mean=0.011050 med=0.003804 std=0.022819 min=0.000000 max=0.252953 | val (scaled) MSE: mean=0.016436 med=0.003611 std=0.058568 min=0.000000 max=0.514176
2025-08-26T11:34:57Z - INFO - [train_model] Epoch 054 | train (price) MSE=0.000353 MAE=0.013984 RMSE=0.018777 | val (price) MSE=0.000524 MAE=0.015243 RMSE=0.022901
2025-08-26T11:34:57Z - INFO - [train_model] New best (price) val MSE=0.000524 at epoch 54; saved → /home/tbfs/Projects/finBert/output/20250826-073425/saved_weights/EWI/EWI_best-epoch054.pt
2025-08-26T11:34:57Z - INFO - [train_model] Epoch 055 | train (scaled) MSE: mean=0.010630 med=0.003535 std=0.022755 min=0.000000 max=0.254287 | val (scaled) MSE: mean=0.017418 med=0.003401 std=0.051626 min=0.000003 max=0.441056
2025-08-26T11:34:57Z - INFO - [train_model] Epoch 055 | train (price) MSE=0.000339 MAE=0.013633 RMSE=0.018417 | val (price) MSE=0.000556 MAE=0.016426 RMSE=0.023575
2025-08-26T11:34:58Z - INFO - [train_model] Epoch 056 | train (scaled) MSE: mean=0.010905 med=0.003892 std=0.023366 min=0.000000 max=0.270098 | val (scaled) MSE: mean=0.018708 med=0.003596 std=0.062192 min=0.000003 max=0.539300
2025-08-26T11:34:58Z - INFO - [train_model] Epoch 056 | train (price) MSE=0.000348 MAE=0.013942 RMSE=0.018654 | val (price) MSE=0.000597 MAE=0.016317 RMSE=0.024432
2025-08-26T11:34:58Z - INFO - [train_model] Epoch 057 | train (scaled) MSE: mean=0.010901 med=0.003511 std=0.023461 min=0.000000 max=0.284389 | val (scaled) MSE: mean=0.018002 med=0.004127 std=0.059845 min=0.000000 max=0.522450
2025-08-26T11:34:58Z - INFO - [train_model] Epoch 057 | train (price) MSE=0.000348 MAE=0.013843 RMSE=0.018651 | val (price) MSE=0.000574 MAE=0.016154 RMSE=0.023967
2025-08-26T11:34:59Z - INFO - [train_model] Epoch 058 | train (scaled) MSE: mean=0.010513 med=0.003436 std=0.022493 min=0.000000 max=0.264363 | val (scaled) MSE: mean=0.018146 med=0.003800 std=0.059742 min=0.000001 max=0.519851
2025-08-26T11:34:59Z - INFO - [train_model] Epoch 058 | train (price) MSE=0.000335 MAE=0.013686 RMSE=0.018315 | val (price) MSE=0.000579 MAE=0.016208 RMSE=0.024062
2025-08-26T11:34:59Z - INFO - [train_model] Epoch 059 | train (scaled) MSE: mean=0.010477 med=0.003371 std=0.022326 min=0.000000 max=0.259634 | val (scaled) MSE: mean=0.017334 med=0.003225 std=0.057316 min=0.000002 max=0.495434
2025-08-26T11:34:59Z - INFO - [train_model] Epoch 059 | train (price) MSE=0.000334 MAE=0.013648 RMSE=0.018284 | val (price) MSE=0.000553 MAE=0.015675 RMSE=0.023518
2025-08-26T11:35:00Z - INFO - [train_model] Epoch 060 | train (scaled) MSE: mean=0.010503 med=0.003413 std=0.021959 min=0.000000 max=0.255723 | val (scaled) MSE: mean=0.016453 med=0.002598 std=0.053863 min=0.000000 max=0.466988
2025-08-26T11:35:00Z - INFO - [train_model] Epoch 060 | train (price) MSE=0.000335 MAE=0.013687 RMSE=0.018307 | val (price) MSE=0.000525 MAE=0.015377 RMSE=0.022913
2025-08-26T11:35:00Z - INFO - [train_model] Epoch 061 | train (scaled) MSE: mean=0.010513 med=0.003654 std=0.022207 min=0.000000 max=0.258076 | val (scaled) MSE: mean=0.016031 med=0.003241 std=0.054497 min=0.000001 max=0.475880
2025-08-26T11:35:00Z - INFO - [train_model] Epoch 061 | train (price) MSE=0.000335 MAE=0.013679 RMSE=0.018315 | val (price) MSE=0.000512 MAE=0.015095 RMSE=0.022617
2025-08-26T11:35:00Z - INFO - [train_model] New best (price) val MSE=0.000512 at epoch 61; saved → /home/tbfs/Projects/finBert/output/20250826-073425/saved_weights/EWI/EWI_best-epoch061.pt
2025-08-26T11:35:01Z - INFO - [train_model] Epoch 062 | train (scaled) MSE: mean=0.010354 med=0.003185 std=0.022144 min=0.000000 max=0.252810 | val (scaled) MSE: mean=0.017454 med=0.002746 std=0.055114 min=0.000011 max=0.470788
2025-08-26T11:35:01Z - INFO - [train_model] Epoch 062 | train (price) MSE=0.000330 MAE=0.013468 RMSE=0.018176 | val (price) MSE=0.000557 MAE=0.015903 RMSE=0.023599
2025-08-26T11:35:01Z - INFO - [train_model] Epoch 063 | train (scaled) MSE: mean=0.010333 med=0.003525 std=0.022014 min=0.000000 max=0.258296 | val (scaled) MSE: mean=0.019380 med=0.003536 std=0.058386 min=0.000000 max=0.484581
2025-08-26T11:35:01Z - INFO - [train_model] Epoch 063 | train (price) MSE=0.000330 MAE=0.013563 RMSE=0.018158 | val (price) MSE=0.000618 MAE=0.016590 RMSE=0.024867
2025-08-26T11:35:02Z - INFO - [train_model] Epoch 064 | train (scaled) MSE: mean=0.010336 med=0.003596 std=0.022348 min=0.000000 max=0.260549 | val (scaled) MSE: mean=0.020091 med=0.003624 std=0.058092 min=0.000010 max=0.478277
2025-08-26T11:35:02Z - INFO - [train_model] Epoch 064 | train (price) MSE=0.000330 MAE=0.013546 RMSE=0.018161 | val (price) MSE=0.000641 MAE=0.017014 RMSE=0.025319
2025-08-26T11:35:03Z - INFO - [train_model] Epoch 065 | train (scaled) MSE: mean=0.010134 med=0.003383 std=0.022322 min=0.000001 max=0.266079 | val (scaled) MSE: mean=0.018874 med=0.003334 std=0.058701 min=0.000003 max=0.504021
2025-08-26T11:35:03Z - INFO - [train_model] Epoch 065 | train (price) MSE=0.000323 MAE=0.013387 RMSE=0.017982 | val (price) MSE=0.000602 MAE=0.016643 RMSE=0.024541
2025-08-26T11:35:03Z - INFO - [train_model] Epoch 066 | train (scaled) MSE: mean=0.010053 med=0.003283 std=0.022038 min=0.000000 max=0.269096 | val (scaled) MSE: mean=0.017480 med=0.003437 std=0.055567 min=0.000004 max=0.475098
2025-08-26T11:35:03Z - INFO - [train_model] Epoch 066 | train (price) MSE=0.000321 MAE=0.013311 RMSE=0.017910 | val (price) MSE=0.000558 MAE=0.015706 RMSE=0.023617
2025-08-26T11:35:04Z - INFO - [train_model] Epoch 067 | train (scaled) MSE: mean=0.010043 med=0.003322 std=0.022310 min=0.000000 max=0.263286 | val (scaled) MSE: mean=0.017597 med=0.003504 std=0.054662 min=0.000003 max=0.464915
2025-08-26T11:35:04Z - INFO - [train_model] Epoch 067 | train (price) MSE=0.000320 MAE=0.013282 RMSE=0.017901 | val (price) MSE=0.000561 MAE=0.015909 RMSE=0.023696
2025-08-26T11:35:04Z - INFO - [train_model] Epoch 068 | train (scaled) MSE: mean=0.009876 med=0.003156 std=0.021032 min=0.000000 max=0.240888 | val (scaled) MSE: mean=0.017758 med=0.003067 std=0.054454 min=0.000001 max=0.463346
2025-08-26T11:35:04Z - INFO - [train_model] Epoch 068 | train (price) MSE=0.000315 MAE=0.013186 RMSE=0.017751 | val (price) MSE=0.000567 MAE=0.016170 RMSE=0.023804
2025-08-26T11:35:05Z - INFO - [train_model] Epoch 069 | train (scaled) MSE: mean=0.009905 med=0.003353 std=0.021044 min=0.000000 max=0.233250 | val (scaled) MSE: mean=0.016865 med=0.003254 std=0.054948 min=0.000005 max=0.474443
2025-08-26T11:35:05Z - INFO - [train_model] Epoch 069 | train (price) MSE=0.000316 MAE=0.013227 RMSE=0.017778 | val (price) MSE=0.000538 MAE=0.015473 RMSE=0.023197
2025-08-26T11:35:05Z - INFO - [train_model] Epoch 070 | train (scaled) MSE: mean=0.009673 med=0.003165 std=0.020875 min=0.000000 max=0.235501 | val (scaled) MSE: mean=0.018479 med=0.003424 std=0.055335 min=0.000001 max=0.460594
2025-08-26T11:35:05Z - INFO - [train_model] Epoch 070 | train (price) MSE=0.000309 MAE=0.013026 RMSE=0.017569 | val (price) MSE=0.000590 MAE=0.016243 RMSE=0.024283
2025-08-26T11:35:06Z - INFO - [train_model] Epoch 071 | train (scaled) MSE: mean=0.009766 med=0.003061 std=0.021138 min=0.000000 max=0.238413 | val (scaled) MSE: mean=0.018023 med=0.002882 std=0.055514 min=0.000000 max=0.467674
2025-08-26T11:35:06Z - INFO - [train_model] Epoch 071 | train (price) MSE=0.000312 MAE=0.013104 RMSE=0.017652 | val (price) MSE=0.000575 MAE=0.015992 RMSE=0.023981
2025-08-26T11:35:06Z - INFO - [train_model] Epoch 072 | train (scaled) MSE: mean=0.009510 med=0.003220 std=0.020620 min=0.000000 max=0.234457 | val (scaled) MSE: mean=0.018826 med=0.003795 std=0.057273 min=0.000002 max=0.483604
2025-08-26T11:35:06Z - INFO - [train_model] Epoch 072 | train (price) MSE=0.000303 MAE=0.012991 RMSE=0.017420 | val (price) MSE=0.000601 MAE=0.016517 RMSE=0.024509
2025-08-26T11:35:07Z - INFO - [train_model] Epoch 073 | train (scaled) MSE: mean=0.009443 med=0.003143 std=0.020412 min=0.000000 max=0.235495 | val (scaled) MSE: mean=0.019575 med=0.003489 std=0.056909 min=0.000000 max=0.469389
2025-08-26T11:35:07Z - INFO - [train_model] Epoch 073 | train (price) MSE=0.000301 MAE=0.012972 RMSE=0.017358 | val (price) MSE=0.000625 MAE=0.016863 RMSE=0.024992
2025-08-26T11:35:07Z - INFO - [train_model] Epoch 074 | train (scaled) MSE: mean=0.009311 med=0.003191 std=0.020766 min=0.000000 max=0.247456 | val (scaled) MSE: mean=0.018967 med=0.004765 std=0.059003 min=0.000001 max=0.503316
2025-08-26T11:35:07Z - INFO - [train_model] Epoch 074 | train (price) MSE=0.000297 MAE=0.012703 RMSE=0.017236 | val (price) MSE=0.000605 MAE=0.016613 RMSE=0.024601
2025-08-26T11:35:08Z - INFO - [train_model] Epoch 075 | train (scaled) MSE: mean=0.009422 med=0.002766 std=0.020821 min=0.000000 max=0.256814 | val (scaled) MSE: mean=0.017938 med=0.003554 std=0.056516 min=0.000000 max=0.479638
2025-08-26T11:35:08Z - INFO - [train_model] Epoch 075 | train (price) MSE=0.000301 MAE=0.012758 RMSE=0.017339 | val (price) MSE=0.000572 MAE=0.015878 RMSE=0.023924
2025-08-26T11:35:08Z - INFO - [train_model] Epoch 076 | train (scaled) MSE: mean=0.009272 med=0.002955 std=0.020234 min=0.000000 max=0.236289 | val (scaled) MSE: mean=0.019500 med=0.003696 std=0.056507 min=0.000001 max=0.466852
2025-08-26T11:35:08Z - INFO - [train_model] Epoch 076 | train (price) MSE=0.000296 MAE=0.012677 RMSE=0.017200 | val (price) MSE=0.000622 MAE=0.016694 RMSE=0.024944
2025-08-26T11:35:09Z - INFO - [train_model] Epoch 077 | train (scaled) MSE: mean=0.009714 med=0.003009 std=0.021229 min=0.000000 max=0.250381 | val (scaled) MSE: mean=0.016953 med=0.003251 std=0.056497 min=0.000003 max=0.486849
2025-08-26T11:35:09Z - INFO - [train_model] Epoch 077 | train (price) MSE=0.000310 MAE=0.012980 RMSE=0.017605 | val (price) MSE=0.000541 MAE=0.015377 RMSE=0.023258
2025-08-26T11:35:09Z - INFO - [train_model] Epoch 078 | train (scaled) MSE: mean=0.009339 med=0.003208 std=0.020585 min=0.000000 max=0.234038 | val (scaled) MSE: mean=0.018281 med=0.004745 std=0.055088 min=0.000000 max=0.457651
2025-08-26T11:35:09Z - INFO - [train_model] Epoch 078 | train (price) MSE=0.000298 MAE=0.012787 RMSE=0.017262 | val (price) MSE=0.000583 MAE=0.016291 RMSE=0.024152
2025-08-26T11:35:10Z - INFO - [train_model] Epoch 079 | train (scaled) MSE: mean=0.009332 med=0.003233 std=0.020647 min=0.000000 max=0.234504 | val (scaled) MSE: mean=0.022874 med=0.004722 std=0.060430 min=0.000002 max=0.468751
2025-08-26T11:35:10Z - INFO - [train_model] Epoch 079 | train (price) MSE=0.000298 MAE=0.012758 RMSE=0.017256 | val (price) MSE=0.000730 MAE=0.018604 RMSE=0.027016
2025-08-26T11:35:10Z - INFO - [train_model] Epoch 080 | train (scaled) MSE: mean=0.009302 med=0.003085 std=0.020923 min=0.000000 max=0.248371 | val (scaled) MSE: mean=0.019233 med=0.003134 std=0.055040 min=0.000002 max=0.443383
2025-08-26T11:35:10Z - INFO - [train_model] Epoch 080 | train (price) MSE=0.000297 MAE=0.012655 RMSE=0.017228 | val (price) MSE=0.000614 MAE=0.016636 RMSE=0.024773
2025-08-26T11:35:10Z - INFO - [train_model] Epoch 081 | train (scaled) MSE: mean=0.009356 med=0.003027 std=0.020513 min=0.000000 max=0.237885 | val (scaled) MSE: mean=0.018403 med=0.003561 std=0.053919 min=0.000000 max=0.446983
2025-08-26T11:35:10Z - INFO - [train_model] Epoch 081 | train (price) MSE=0.000299 MAE=0.012709 RMSE=0.017278 | val (price) MSE=0.000587 MAE=0.016194 RMSE=0.024233
2025-08-26T11:35:11Z - INFO - [train_model] Epoch 082 | train (scaled) MSE: mean=0.009448 med=0.003027 std=0.021655 min=0.000000 max=0.270239 | val (scaled) MSE: mean=0.019127 med=0.004439 std=0.058601 min=0.000018 max=0.498641
2025-08-26T11:35:11Z - INFO - [train_model] Epoch 082 | train (price) MSE=0.000301 MAE=0.012678 RMSE=0.017363 | val (price) MSE=0.000610 MAE=0.016993 RMSE=0.024704
2025-08-26T11:35:11Z - INFO - [train_model] Epoch 083 | train (scaled) MSE: mean=0.009270 med=0.003014 std=0.021264 min=0.000000 max=0.250920 | val (scaled) MSE: mean=0.019911 med=0.004422 std=0.058388 min=0.000002 max=0.480165
2025-08-26T11:35:11Z - INFO - [train_model] Epoch 083 | train (price) MSE=0.000296 MAE=0.012598 RMSE=0.017198 | val (price) MSE=0.000635 MAE=0.017012 RMSE=0.025205
2025-08-26T11:35:12Z - INFO - [train_model] Epoch 084 | train (scaled) MSE: mean=0.009205 med=0.002965 std=0.020658 min=0.000000 max=0.241931 | val (scaled) MSE: mean=0.018307 med=0.003658 std=0.057630 min=0.000007 max=0.492524
2025-08-26T11:35:12Z - INFO - [train_model] Epoch 084 | train (price) MSE=0.000294 MAE=0.012638 RMSE=0.017138 | val (price) MSE=0.000584 MAE=0.016434 RMSE=0.024169
2025-08-26T11:35:12Z - INFO - [train_model] Epoch 085 | train (scaled) MSE: mean=0.009111 med=0.003074 std=0.020066 min=0.000000 max=0.235685 | val (scaled) MSE: mean=0.018937 med=0.003344 std=0.054373 min=0.000001 max=0.445590
2025-08-26T11:35:12Z - INFO - [train_model] Epoch 085 | train (price) MSE=0.000291 MAE=0.012632 RMSE=0.017050 | val (price) MSE=0.000604 MAE=0.016597 RMSE=0.024582
2025-08-26T11:35:13Z - INFO - [train_model] Epoch 086 | train (scaled) MSE: mean=0.009099 med=0.003053 std=0.019975 min=0.000000 max=0.232935 | val (scaled) MSE: mean=0.017972 med=0.003816 std=0.058660 min=0.000000 max=0.502114
2025-08-26T11:35:13Z - INFO - [train_model] Epoch 086 | train (price) MSE=0.000290 MAE=0.012624 RMSE=0.017039 | val (price) MSE=0.000573 MAE=0.016002 RMSE=0.023947
2025-08-26T11:35:13Z - INFO - [train_model] Epoch 087 | train (scaled) MSE: mean=0.009304 med=0.003450 std=0.020168 min=0.000000 max=0.245865 | val (scaled) MSE: mean=0.017589 med=0.004310 std=0.057734 min=0.000003 max=0.501311
2025-08-26T11:35:13Z - INFO - [train_model] Epoch 087 | train (price) MSE=0.000297 MAE=0.012863 RMSE=0.017230 | val (price) MSE=0.000561 MAE=0.016293 RMSE=0.023690
2025-08-26T11:35:14Z - INFO - [train_model] Epoch 088 | train (scaled) MSE: mean=0.009913 med=0.003700 std=0.020448 min=0.000000 max=0.230082 | val (scaled) MSE: mean=0.017035 med=0.004273 std=0.055357 min=0.000000 max=0.471778
2025-08-26T11:35:14Z - INFO - [train_model] Epoch 088 | train (price) MSE=0.000316 MAE=0.013385 RMSE=0.017785 | val (price) MSE=0.000544 MAE=0.015648 RMSE=0.023314
2025-08-26T11:35:14Z - INFO - [train_model] Epoch 089 | train (scaled) MSE: mean=0.009675 med=0.003205 std=0.020577 min=0.000000 max=0.233037 | val (scaled) MSE: mean=0.018942 med=0.004257 std=0.053749 min=0.000000 max=0.433898
2025-08-26T11:35:14Z - INFO - [train_model] Epoch 089 | train (price) MSE=0.000309 MAE=0.013134 RMSE=0.017570 | val (price) MSE=0.000604 MAE=0.016611 RMSE=0.024585
2025-08-26T11:35:15Z - INFO - [train_model] Epoch 090 | train (scaled) MSE: mean=0.009759 med=0.003234 std=0.020857 min=0.000000 max=0.233318 | val (scaled) MSE: mean=0.022938 med=0.004082 std=0.059608 min=0.000007 max=0.426668
2025-08-26T11:35:15Z - INFO - [train_model] Epoch 090 | train (price) MSE=0.000311 MAE=0.013126 RMSE=0.017646 | val (price) MSE=0.000732 MAE=0.018129 RMSE=0.027054
2025-08-26T11:35:15Z - INFO - [train_model] Epoch 091 | train (scaled) MSE: mean=0.009620 med=0.003469 std=0.021377 min=0.000000 max=0.261608 | val (scaled) MSE: mean=0.022792 med=0.004346 std=0.059656 min=0.000033 max=0.445996
2025-08-26T11:35:15Z - INFO - [train_model] Epoch 091 | train (price) MSE=0.000307 MAE=0.013093 RMSE=0.017520 | val (price) MSE=0.000727 MAE=0.018314 RMSE=0.026967
2025-08-26T11:35:16Z - INFO - [train_model] Epoch 092 | train (scaled) MSE: mean=0.009835 med=0.003312 std=0.022327 min=0.000000 max=0.269394 | val (scaled) MSE: mean=0.019524 med=0.006341 std=0.061614 min=0.000000 max=0.531141
2025-08-26T11:35:16Z - INFO - [train_model] Epoch 092 | train (price) MSE=0.000314 MAE=0.013073 RMSE=0.017715 | val (price) MSE=0.000623 MAE=0.017423 RMSE=0.024959
2025-08-26T11:35:16Z - INFO - [train_model] Epoch 093 | train (scaled) MSE: mean=0.009162 med=0.003295 std=0.019863 min=0.000000 max=0.225199 | val (scaled) MSE: mean=0.018416 med=0.006037 std=0.059499 min=0.000002 max=0.515464
2025-08-26T11:35:16Z - INFO - [train_model] Epoch 093 | train (price) MSE=0.000292 MAE=0.012766 RMSE=0.017098 | val (price) MSE=0.000588 MAE=0.016720 RMSE=0.024241
2025-08-26T11:35:17Z - INFO - [train_model] Epoch 094 | train (scaled) MSE: mean=0.009117 med=0.003277 std=0.019260 min=0.000000 max=0.217035 | val (scaled) MSE: mean=0.018921 med=0.005539 std=0.060244 min=0.000001 max=0.524419
2025-08-26T11:35:17Z - INFO - [train_model] Epoch 094 | train (price) MSE=0.000291 MAE=0.012773 RMSE=0.017056 | val (price) MSE=0.000604 MAE=0.016981 RMSE=0.024571
2025-08-26T11:35:17Z - INFO - [train_model] Epoch 095 | train (scaled) MSE: mean=0.009005 med=0.003176 std=0.019627 min=0.000000 max=0.223341 | val (scaled) MSE: mean=0.017715 med=0.004764 std=0.058933 min=0.000000 max=0.514137
2025-08-26T11:35:17Z - INFO - [train_model] Epoch 095 | train (price) MSE=0.000287 MAE=0.012632 RMSE=0.016950 | val (price) MSE=0.000565 MAE=0.016296 RMSE=0.023775
2025-08-26T11:35:18Z - INFO - [train_model] Epoch 096 | train (scaled) MSE: mean=0.008992 med=0.002828 std=0.020333 min=0.000000 max=0.236987 | val (scaled) MSE: mean=0.018469 med=0.005879 std=0.060783 min=0.000006 max=0.534079
2025-08-26T11:35:18Z - INFO - [train_model] Epoch 096 | train (price) MSE=0.000287 MAE=0.012563 RMSE=0.016938 | val (price) MSE=0.000589 MAE=0.017303 RMSE=0.024276
2025-08-26T11:35:18Z - INFO - [train_model] Epoch 097 | train (scaled) MSE: mean=0.008905 med=0.003153 std=0.020394 min=0.000000 max=0.253042 | val (scaled) MSE: mean=0.018619 med=0.005130 std=0.057692 min=0.000002 max=0.497545
2025-08-26T11:35:18Z - INFO - [train_model] Epoch 097 | train (price) MSE=0.000284 MAE=0.012536 RMSE=0.016856 | val (price) MSE=0.000594 MAE=0.016784 RMSE=0.024374
2025-08-26T11:35:19Z - INFO - [train_model] Epoch 098 | train (scaled) MSE: mean=0.009062 med=0.002978 std=0.020647 min=0.000000 max=0.247671 | val (scaled) MSE: mean=0.021299 med=0.006226 std=0.058500 min=0.000000 max=0.500310
2025-08-26T11:35:19Z - INFO - [train_model] Epoch 098 | train (price) MSE=0.000289 MAE=0.012557 RMSE=0.017004 | val (price) MSE=0.000680 MAE=0.018938 RMSE=0.026069
2025-08-26T11:35:19Z - INFO - [train_model] Epoch 099 | train (scaled) MSE: mean=0.009144 med=0.003236 std=0.021115 min=0.000000 max=0.268186 | val (scaled) MSE: mean=0.018605 med=0.005931 std=0.058882 min=0.000009 max=0.515581
2025-08-26T11:35:19Z - INFO - [train_model] Epoch 099 | train (price) MSE=0.000292 MAE=0.012662 RMSE=0.017081 | val (price) MSE=0.000594 MAE=0.017337 RMSE=0.024365
2025-08-26T11:35:20Z - INFO - [train_model] Epoch 100 | train (scaled) MSE: mean=0.009020 med=0.003304 std=0.019776 min=0.000000 max=0.235889 | val (scaled) MSE: mean=0.020322 med=0.007090 std=0.060685 min=0.000015 max=0.529074
2025-08-26T11:35:20Z - INFO - [train_model] Epoch 100 | train (price) MSE=0.000288 MAE=0.012726 RMSE=0.016965 | val (price) MSE=0.000648 MAE=0.018469 RMSE=0.025464
2025-08-26T11:35:20Z - INFO - [train_model] Epoch 101 | train (scaled) MSE: mean=0.008837 med=0.003150 std=0.018718 min=0.000000 max=0.204145 | val (scaled) MSE: mean=0.019813 med=0.005971 std=0.055942 min=0.000011 max=0.479731
2025-08-26T11:35:20Z - INFO - [train_model] Epoch 101 | train (price) MSE=0.000282 MAE=0.012444 RMSE=0.016792 | val (price) MSE=0.000632 MAE=0.017976 RMSE=0.025143
2025-08-26T11:35:20Z - INFO - [train_model] Early stopping at epoch 101 (best price val MSE=0.000512 @ epoch 61)
2025-08-26T11:35:21Z - INFO - [visualize_full_prediction] Saved full prediction plot for EWI to output/20250826-073425/plots/EWI_tabmlp_full_returns_prediction.png
2025-08-26T11:35:21Z - INFO - [visualize_sentiment] Saved sentiment plot for EWI to output/20250826-073425/plots/EWI_sentiment.png
2025-08-26T11:35:21Z - INFO - [train] [EWI] Test (price) MSE=0.000576 | MAE=0.019685 | RMSE=0.023993 (scaled MSE=0.018042)
2025-08-26T11:35:21Z - INFO - [train] [EWI] Final (price) Train MSE=0.000282 | Val MSE=0.000632 (scaled Train MSE=0.008837 | Val MSE=0.019813)
2025-08-26T11:35:21Z - INFO - [train] [EWI] Best epoch=61 | Best (price) Train MSE=0.000335 | Best (price) Val MSE=0.000512 | Saved at=/home/tbfs/Projects/finBert/output/20250826-073425/saved_weights/EWI/EWI_best-epoch061.pt
2025-08-26T11:35:21Z - INFO - [train] Wrote evaluation summary → output/20250826-073425/evaluation.json
