2025-08-26T11:27:21Z - INFO - [Pipeline::__init__] Loaded news dataframe with columns=['title', 'date', 'stock'] shape=(1277896, 3).
2025-08-26T11:27:21Z - INFO - [SentimentGenerator::_load] Loaded precomputed sentiment from /home/tbfs/Projects/finBert/output/20250823-140342/sentiment_daily.csv
2025-08-26T11:27:21Z - INFO - [train] Training predictor for ticker: EBAY
2025-08-26T11:27:21Z - INFO - [train] Loaded prices for EBAY with columns=['date', 'open', 'high', 'low', 'close', 'adj close', 'volume'] shape=(2516, 7).
2025-08-26T11:27:22Z - INFO - [SequenceDataset::__init__] len(self.valid_indices)=716 out of len(df)=2515 samples are valid for lookback=60 with sentiment_col=SentimentScore
2025-08-26T11:27:22Z - INFO - [SequenceDataset::__init__] len(self.valid_indices)=80 out of len(df)=2515 samples are valid for lookback=60 with sentiment_col=SentimentScore
2025-08-26T11:27:22Z - INFO - [SequenceDataset::__init__] len(self.valid_indices)=89 out of len(df)=2515 samples are valid for lookback=60 with sentiment_col=SentimentScore
2025-08-26T11:27:22Z - INFO - [train_model] Epoch 001 | train (scaled) MSE: mean=0.042495 med=0.003456 std=0.110963 min=0.000000 max=0.979881 | val (scaled) MSE: mean=0.013147 med=0.006966 std=0.014669 min=0.000009 max=0.055333
2025-08-26T11:27:22Z - INFO - [train_model] Epoch 001 | train (price) MSE=0.002806 MAE=0.030732 RMSE=0.052969 | val (price) MSE=0.000868 MAE=0.024412 RMSE=0.029462
2025-08-26T11:27:22Z - INFO - [train_model] New best (price) val MSE=0.000868 at epoch 1; saved → /home/tbfs/Projects/finBert/output/20250826-072716/saved_weights/EBAY/EBAY_best-epoch001.pt
2025-08-26T11:27:23Z - INFO - [train_model] Epoch 002 | train (scaled) MSE: mean=0.021119 med=0.003144 std=0.057557 min=0.000000 max=0.451790 | val (scaled) MSE: mean=0.010591 med=0.005696 std=0.012491 min=0.000020 max=0.045618
2025-08-26T11:27:23Z - INFO - [train_model] Epoch 002 | train (price) MSE=0.001394 MAE=0.023077 RMSE=0.037341 | val (price) MSE=0.000699 MAE=0.021702 RMSE=0.026443
2025-08-26T11:27:23Z - INFO - [train_model] New best (price) val MSE=0.000699 at epoch 2; saved → /home/tbfs/Projects/finBert/output/20250826-072716/saved_weights/EBAY/EBAY_best-epoch002.pt
2025-08-26T11:27:23Z - INFO - [train_model] Epoch 003 | train (scaled) MSE: mean=0.013612 med=0.002932 std=0.034893 min=0.000000 max=0.305713 | val (scaled) MSE: mean=0.008545 med=0.004090 std=0.010597 min=0.000001 max=0.039325
2025-08-26T11:27:23Z - INFO - [train_model] Epoch 003 | train (price) MSE=0.000899 MAE=0.020054 RMSE=0.029978 | val (price) MSE=0.000564 MAE=0.019247 RMSE=0.023752
2025-08-26T11:27:23Z - INFO - [train_model] New best (price) val MSE=0.000564 at epoch 3; saved → /home/tbfs/Projects/finBert/output/20250826-072716/saved_weights/EBAY/EBAY_best-epoch003.pt
2025-08-26T11:27:24Z - INFO - [train_model] Epoch 004 | train (scaled) MSE: mean=0.008688 med=0.002690 std=0.021120 min=0.000000 max=0.242317 | val (scaled) MSE: mean=0.008935 med=0.004003 std=0.010916 min=0.000008 max=0.042417
2025-08-26T11:27:24Z - INFO - [train_model] Epoch 004 | train (price) MSE=0.000574 MAE=0.017403 RMSE=0.023950 | val (price) MSE=0.000590 MAE=0.019711 RMSE=0.024289
2025-08-26T11:27:24Z - INFO - [train_model] Epoch 005 | train (scaled) MSE: mean=0.007535 med=0.002435 std=0.019602 min=0.000000 max=0.262835 | val (scaled) MSE: mean=0.009897 med=0.004572 std=0.011812 min=0.000006 max=0.046289
2025-08-26T11:27:24Z - INFO - [train_model] Epoch 005 | train (price) MSE=0.000497 MAE=0.016351 RMSE=0.022304 | val (price) MSE=0.000653 MAE=0.020921 RMSE=0.025562
2025-08-26T11:27:25Z - INFO - [train_model] Epoch 006 | train (scaled) MSE: mean=0.007757 med=0.002386 std=0.020363 min=0.000000 max=0.280299 | val (scaled) MSE: mean=0.010860 med=0.005707 std=0.012688 min=0.000000 max=0.049147
2025-08-26T11:27:25Z - INFO - [train_model] Epoch 006 | train (price) MSE=0.000512 MAE=0.016552 RMSE=0.022630 | val (price) MSE=0.000717 MAE=0.022042 RMSE=0.026777
2025-08-26T11:27:25Z - INFO - [train_model] Epoch 007 | train (scaled) MSE: mean=0.008123 med=0.002301 std=0.021319 min=0.000000 max=0.295356 | val (scaled) MSE: mean=0.012368 med=0.005881 std=0.013970 min=0.000032 max=0.053482
2025-08-26T11:27:25Z - INFO - [train_model] Epoch 007 | train (price) MSE=0.000536 MAE=0.016814 RMSE=0.023159 | val (price) MSE=0.000817 MAE=0.023858 RMSE=0.028576
2025-08-26T11:27:26Z - INFO - [train_model] Epoch 008 | train (scaled) MSE: mean=0.008246 med=0.002287 std=0.021848 min=0.000000 max=0.301205 | val (scaled) MSE: mean=0.013728 med=0.006868 std=0.015009 min=0.000002 max=0.057075
2025-08-26T11:27:26Z - INFO - [train_model] Epoch 008 | train (price) MSE=0.000544 MAE=0.016849 RMSE=0.023333 | val (price) MSE=0.000906 MAE=0.025400 RMSE=0.030106
2025-08-26T11:27:26Z - INFO - [train_model] Epoch 009 | train (scaled) MSE: mean=0.008250 med=0.002273 std=0.022138 min=0.000000 max=0.308424 | val (scaled) MSE: mean=0.014597 med=0.007823 std=0.015520 min=0.000001 max=0.058887
2025-08-26T11:27:26Z - INFO - [train_model] Epoch 009 | train (price) MSE=0.000545 MAE=0.016779 RMSE=0.023339 | val (price) MSE=0.000964 MAE=0.026415 RMSE=0.031044
2025-08-26T11:27:27Z - INFO - [train_model] Epoch 010 | train (scaled) MSE: mean=0.008186 med=0.002175 std=0.022236 min=0.000000 max=0.312657 | val (scaled) MSE: mean=0.015032 med=0.008478 std=0.015676 min=0.000013 max=0.058955
2025-08-26T11:27:27Z - INFO - [train_model] Epoch 010 | train (price) MSE=0.000540 MAE=0.016627 RMSE=0.023248 | val (price) MSE=0.000992 MAE=0.027008 RMSE=0.031503
2025-08-26T11:27:27Z - INFO - [train_model] Epoch 011 | train (scaled) MSE: mean=0.008082 med=0.002116 std=0.022222 min=0.000000 max=0.316408 | val (scaled) MSE: mean=0.014925 med=0.008456 std=0.015475 min=0.000043 max=0.058334
2025-08-26T11:27:27Z - INFO - [train_model] Epoch 011 | train (price) MSE=0.000534 MAE=0.016458 RMSE=0.023100 | val (price) MSE=0.000985 MAE=0.026992 RMSE=0.031391
2025-08-26T11:27:28Z - INFO - [train_model] Epoch 012 | train (scaled) MSE: mean=0.007977 med=0.002119 std=0.022217 min=0.000000 max=0.318535 | val (scaled) MSE: mean=0.014898 med=0.008552 std=0.015310 min=0.000105 max=0.057596
2025-08-26T11:27:28Z - INFO - [train_model] Epoch 012 | train (price) MSE=0.000527 MAE=0.016296 RMSE=0.022949 | val (price) MSE=0.000984 MAE=0.027065 RMSE=0.031362
2025-08-26T11:27:28Z - INFO - [train_model] Epoch 013 | train (scaled) MSE: mean=0.007864 med=0.001997 std=0.022129 min=0.000000 max=0.320141 | val (scaled) MSE: mean=0.014599 med=0.008561 std=0.014986 min=0.000147 max=0.057816
2025-08-26T11:27:28Z - INFO - [train_model] Epoch 013 | train (price) MSE=0.000519 MAE=0.016141 RMSE=0.022786 | val (price) MSE=0.000964 MAE=0.026821 RMSE=0.031046
2025-08-26T11:27:29Z - INFO - [train_model] Epoch 014 | train (scaled) MSE: mean=0.007735 med=0.001950 std=0.022026 min=0.000000 max=0.320076 | val (scaled) MSE: mean=0.014213 med=0.008567 std=0.014617 min=0.000157 max=0.057718
2025-08-26T11:27:29Z - INFO - [train_model] Epoch 014 | train (price) MSE=0.000511 MAE=0.015953 RMSE=0.022598 | val (price) MSE=0.000938 MAE=0.026472 RMSE=0.030633
2025-08-26T11:27:29Z - INFO - [train_model] Epoch 015 | train (scaled) MSE: mean=0.007612 med=0.001953 std=0.021907 min=0.000000 max=0.319682 | val (scaled) MSE: mean=0.013747 med=0.008494 std=0.014214 min=0.000129 max=0.057519
2025-08-26T11:27:29Z - INFO - [train_model] Epoch 015 | train (price) MSE=0.000503 MAE=0.015786 RMSE=0.022418 | val (price) MSE=0.000908 MAE=0.026017 RMSE=0.030127
2025-08-26T11:27:30Z - INFO - [train_model] Epoch 016 | train (scaled) MSE: mean=0.007487 med=0.001868 std=0.021817 min=0.000000 max=0.320794 | val (scaled) MSE: mean=0.013274 med=0.008149 std=0.013842 min=0.000120 max=0.057171
2025-08-26T11:27:30Z - INFO - [train_model] Epoch 016 | train (price) MSE=0.000494 MAE=0.015617 RMSE=0.022234 | val (price) MSE=0.000876 MAE=0.025516 RMSE=0.029604
2025-08-26T11:27:30Z - INFO - [train_model] Epoch 017 | train (scaled) MSE: mean=0.007407 med=0.001839 std=0.021723 min=0.000000 max=0.320094 | val (scaled) MSE: mean=0.012974 med=0.008066 std=0.013587 min=0.000094 max=0.056998
2025-08-26T11:27:30Z - INFO - [train_model] Epoch 017 | train (price) MSE=0.000489 MAE=0.015516 RMSE=0.022114 | val (price) MSE=0.000857 MAE=0.025209 RMSE=0.029267
2025-08-26T11:27:30Z - INFO - [train_model] Epoch 018 | train (scaled) MSE: mean=0.007311 med=0.001768 std=0.021667 min=0.000000 max=0.320273 | val (scaled) MSE: mean=0.012502 med=0.007628 std=0.013211 min=0.000061 max=0.056506
2025-08-26T11:27:30Z - INFO - [train_model] Epoch 018 | train (price) MSE=0.000483 MAE=0.015371 RMSE=0.021971 | val (price) MSE=0.000825 MAE=0.024703 RMSE=0.028731
2025-08-26T11:27:31Z - INFO - [train_model] Epoch 019 | train (scaled) MSE: mean=0.007201 med=0.001768 std=0.021542 min=0.000000 max=0.320077 | val (scaled) MSE: mean=0.012196 med=0.007418 std=0.012960 min=0.000048 max=0.056047
2025-08-26T11:27:31Z - INFO - [train_model] Epoch 019 | train (price) MSE=0.000475 MAE=0.015226 RMSE=0.021804 | val (price) MSE=0.000805 MAE=0.024370 RMSE=0.028376
2025-08-26T11:27:31Z - INFO - [train_model] Epoch 020 | train (scaled) MSE: mean=0.007095 med=0.001764 std=0.021375 min=0.000000 max=0.314581 | val (scaled) MSE: mean=0.011633 med=0.006959 std=0.012522 min=0.000020 max=0.055134
2025-08-26T11:27:31Z - INFO - [train_model] Epoch 020 | train (price) MSE=0.000468 MAE=0.015108 RMSE=0.021644 | val (price) MSE=0.000768 MAE=0.023733 RMSE=0.027714
2025-08-26T11:27:32Z - INFO - [train_model] Epoch 021 | train (scaled) MSE: mean=0.007072 med=0.001745 std=0.021454 min=0.000000 max=0.317898 | val (scaled) MSE: mean=0.011196 med=0.006611 std=0.012181 min=0.000008 max=0.054489
2025-08-26T11:27:32Z - INFO - [train_model] Epoch 021 | train (price) MSE=0.000467 MAE=0.015043 RMSE=0.021608 | val (price) MSE=0.000739 MAE=0.023225 RMSE=0.027188
2025-08-26T11:27:32Z - INFO - [train_model] Epoch 022 | train (scaled) MSE: mean=0.006981 med=0.001738 std=0.021306 min=0.000000 max=0.315237 | val (scaled) MSE: mean=0.010730 med=0.006282 std=0.011817 min=0.000000 max=0.053522
2025-08-26T11:27:32Z - INFO - [train_model] Epoch 022 | train (price) MSE=0.000461 MAE=0.014928 RMSE=0.021469 | val (price) MSE=0.000708 MAE=0.022673 RMSE=0.026617
2025-08-26T11:27:33Z - INFO - [train_model] Epoch 023 | train (scaled) MSE: mean=0.006890 med=0.001703 std=0.021271 min=0.000000 max=0.316928 | val (scaled) MSE: mean=0.010143 med=0.005916 std=0.011370 min=0.000002 max=0.052394
2025-08-26T11:27:33Z - INFO - [train_model] Epoch 023 | train (price) MSE=0.000455 MAE=0.014811 RMSE=0.021329 | val (price) MSE=0.000670 MAE=0.021962 RMSE=0.025878
2025-08-26T11:27:33Z - INFO - [train_model] Epoch 024 | train (scaled) MSE: mean=0.006815 med=0.001687 std=0.021172 min=0.000000 max=0.316887 | val (scaled) MSE: mean=0.009657 med=0.005676 std=0.011006 min=0.000018 max=0.051556
2025-08-26T11:27:33Z - INFO - [train_model] Epoch 024 | train (price) MSE=0.000450 MAE=0.014715 RMSE=0.021213 | val (price) MSE=0.000638 MAE=0.021376 RMSE=0.025251
2025-08-26T11:27:34Z - INFO - [train_model] Epoch 025 | train (scaled) MSE: mean=0.006743 med=0.001666 std=0.021044 min=0.000000 max=0.311351 | val (scaled) MSE: mean=0.009228 med=0.005460 std=0.010686 min=0.000037 max=0.050847
2025-08-26T11:27:34Z - INFO - [train_model] Epoch 025 | train (price) MSE=0.000445 MAE=0.014618 RMSE=0.021099 | val (price) MSE=0.000609 MAE=0.020814 RMSE=0.024683
2025-08-26T11:27:34Z - INFO - [train_model] Epoch 026 | train (scaled) MSE: mean=0.006695 med=0.001670 std=0.021058 min=0.000000 max=0.314195 | val (scaled) MSE: mean=0.008897 med=0.005184 std=0.010431 min=0.000037 max=0.050319
2025-08-26T11:27:34Z - INFO - [train_model] Epoch 026 | train (price) MSE=0.000442 MAE=0.014532 RMSE=0.021024 | val (price) MSE=0.000587 MAE=0.020374 RMSE=0.024236
2025-08-26T11:27:35Z - INFO - [train_model] Epoch 027 | train (scaled) MSE: mean=0.006617 med=0.001656 std=0.020963 min=0.000000 max=0.312506 | val (scaled) MSE: mean=0.008563 med=0.004915 std=0.010165 min=0.000031 max=0.049499
2025-08-26T11:27:35Z - INFO - [train_model] Epoch 027 | train (price) MSE=0.000437 MAE=0.014426 RMSE=0.020901 | val (price) MSE=0.000565 MAE=0.019927 RMSE=0.023777
2025-08-26T11:27:35Z - INFO - [train_model] Epoch 028 | train (scaled) MSE: mean=0.006525 med=0.001653 std=0.020838 min=0.000000 max=0.309875 | val (scaled) MSE: mean=0.008226 med=0.004681 std=0.009905 min=0.000021 max=0.048930
2025-08-26T11:27:35Z - INFO - [train_model] Epoch 028 | train (price) MSE=0.000431 MAE=0.014321 RMSE=0.020756 | val (price) MSE=0.000543 MAE=0.019467 RMSE=0.023305
2025-08-26T11:27:35Z - INFO - [train_model] New best (price) val MSE=0.000543 at epoch 28; saved → /home/tbfs/Projects/finBert/output/20250826-072716/saved_weights/EBAY/EBAY_best-epoch028.pt
2025-08-26T11:27:36Z - INFO - [train_model] Epoch 029 | train (scaled) MSE: mean=0.006445 med=0.001638 std=0.020741 min=0.000000 max=0.308596 | val (scaled) MSE: mean=0.007793 med=0.004411 std=0.009589 min=0.000004 max=0.048113
2025-08-26T11:27:36Z - INFO - [train_model] Epoch 029 | train (price) MSE=0.000425 MAE=0.014222 RMSE=0.020627 | val (price) MSE=0.000515 MAE=0.018838 RMSE=0.022683
2025-08-26T11:27:36Z - INFO - [train_model] New best (price) val MSE=0.000515 at epoch 29; saved → /home/tbfs/Projects/finBert/output/20250826-072716/saved_weights/EBAY/EBAY_best-epoch029.pt
2025-08-26T11:27:36Z - INFO - [train_model] Epoch 030 | train (scaled) MSE: mean=0.006359 med=0.001600 std=0.020607 min=0.000000 max=0.305597 | val (scaled) MSE: mean=0.007524 med=0.004233 std=0.009376 min=0.000000 max=0.047644
2025-08-26T11:27:36Z - INFO - [train_model] Epoch 030 | train (price) MSE=0.000420 MAE=0.014111 RMSE=0.020489 | val (price) MSE=0.000497 MAE=0.018451 RMSE=0.022289
2025-08-26T11:27:36Z - INFO - [train_model] New best (price) val MSE=0.000497 at epoch 30; saved → /home/tbfs/Projects/finBert/output/20250826-072716/saved_weights/EBAY/EBAY_best-epoch030.pt
2025-08-26T11:27:37Z - INFO - [train_model] Epoch 031 | train (scaled) MSE: mean=0.006280 med=0.001564 std=0.020488 min=0.000000 max=0.303154 | val (scaled) MSE: mean=0.007170 med=0.003912 std=0.009107 min=0.000002 max=0.046893
2025-08-26T11:27:37Z - INFO - [train_model] Epoch 031 | train (price) MSE=0.000415 MAE=0.014011 RMSE=0.020362 | val (price) MSE=0.000473 MAE=0.017931 RMSE=0.021757
2025-08-26T11:27:37Z - INFO - [train_model] New best (price) val MSE=0.000473 at epoch 31; saved → /home/tbfs/Projects/finBert/output/20250826-072716/saved_weights/EBAY/EBAY_best-epoch031.pt
2025-08-26T11:27:37Z - INFO - [train_model] Epoch 032 | train (scaled) MSE: mean=0.006198 med=0.001565 std=0.020381 min=0.000000 max=0.302127 | val (scaled) MSE: mean=0.006848 med=0.003570 std=0.008867 min=0.000000 max=0.046135
2025-08-26T11:27:37Z - INFO - [train_model] Epoch 032 | train (price) MSE=0.000409 MAE=0.013910 RMSE=0.020228 | val (price) MSE=0.000452 MAE=0.017444 RMSE=0.021264
2025-08-26T11:27:37Z - INFO - [train_model] New best (price) val MSE=0.000452 at epoch 32; saved → /home/tbfs/Projects/finBert/output/20250826-072716/saved_weights/EBAY/EBAY_best-epoch032.pt
2025-08-26T11:27:38Z - INFO - [train_model] Epoch 033 | train (scaled) MSE: mean=0.006116 med=0.001512 std=0.020211 min=0.000000 max=0.297238 | val (scaled) MSE: mean=0.006515 med=0.003166 std=0.008623 min=0.000000 max=0.045556
2025-08-26T11:27:38Z - INFO - [train_model] Epoch 033 | train (price) MSE=0.000404 MAE=0.013802 RMSE=0.020095 | val (price) MSE=0.000430 MAE=0.016921 RMSE=0.020740
2025-08-26T11:27:38Z - INFO - [train_model] New best (price) val MSE=0.000430 at epoch 33; saved → /home/tbfs/Projects/finBert/output/20250826-072716/saved_weights/EBAY/EBAY_best-epoch033.pt
2025-08-26T11:27:38Z - INFO - [train_model] Epoch 034 | train (scaled) MSE: mean=0.006024 med=0.001555 std=0.020010 min=0.000000 max=0.294467 | val (scaled) MSE: mean=0.006538 med=0.003139 std=0.008655 min=0.000000 max=0.045770
2025-08-26T11:27:38Z - INFO - [train_model] Epoch 034 | train (price) MSE=0.000398 MAE=0.013696 RMSE=0.019943 | val (price) MSE=0.000432 MAE=0.016964 RMSE=0.020777
2025-08-26T11:27:39Z - INFO - [train_model] Epoch 035 | train (scaled) MSE: mean=0.005944 med=0.001546 std=0.019896 min=0.000000 max=0.291962 | val (scaled) MSE: mean=0.006160 med=0.002801 std=0.008354 min=0.000000 max=0.044806
2025-08-26T11:27:39Z - INFO - [train_model] Epoch 035 | train (price) MSE=0.000392 MAE=0.013604 RMSE=0.019810 | val (price) MSE=0.000407 MAE=0.016358 RMSE=0.020167
2025-08-26T11:27:39Z - INFO - [train_model] New best (price) val MSE=0.000407 at epoch 35; saved → /home/tbfs/Projects/finBert/output/20250826-072716/saved_weights/EBAY/EBAY_best-epoch035.pt
2025-08-26T11:27:39Z - INFO - [train_model] Epoch 036 | train (scaled) MSE: mean=0.005881 med=0.001488 std=0.019814 min=0.000000 max=0.290270 | val (scaled) MSE: mean=0.005927 med=0.002658 std=0.008178 min=0.000001 max=0.044369
2025-08-26T11:27:39Z - INFO - [train_model] Epoch 036 | train (price) MSE=0.000388 MAE=0.013514 RMSE=0.019706 | val (price) MSE=0.000391 MAE=0.015999 RMSE=0.019781
2025-08-26T11:27:39Z - INFO - [train_model] New best (price) val MSE=0.000391 at epoch 36; saved → /home/tbfs/Projects/finBert/output/20250826-072716/saved_weights/EBAY/EBAY_best-epoch036.pt
2025-08-26T11:27:40Z - INFO - [train_model] Epoch 037 | train (scaled) MSE: mean=0.005797 med=0.001473 std=0.019697 min=0.000000 max=0.288639 | val (scaled) MSE: mean=0.005703 med=0.002507 std=0.008020 min=0.000005 max=0.044057
2025-08-26T11:27:40Z - INFO - [train_model] Epoch 037 | train (price) MSE=0.000383 MAE=0.013414 RMSE=0.019564 | val (price) MSE=0.000377 MAE=0.015634 RMSE=0.019405
2025-08-26T11:27:40Z - INFO - [train_model] New best (price) val MSE=0.000377 at epoch 37; saved → /home/tbfs/Projects/finBert/output/20250826-072716/saved_weights/EBAY/EBAY_best-epoch037.pt
2025-08-26T11:27:40Z - INFO - [train_model] Epoch 038 | train (scaled) MSE: mean=0.005705 med=0.001392 std=0.019519 min=0.000000 max=0.285044 | val (scaled) MSE: mean=0.005526 med=0.002311 std=0.007892 min=0.000006 max=0.043626
2025-08-26T11:27:40Z - INFO - [train_model] Epoch 038 | train (price) MSE=0.000377 MAE=0.013311 RMSE=0.019409 | val (price) MSE=0.000365 MAE=0.015341 RMSE=0.019101
2025-08-26T11:27:40Z - INFO - [train_model] New best (price) val MSE=0.000365 at epoch 38; saved → /home/tbfs/Projects/finBert/output/20250826-072716/saved_weights/EBAY/EBAY_best-epoch038.pt
2025-08-26T11:27:41Z - INFO - [train_model] Epoch 039 | train (scaled) MSE: mean=0.005627 med=0.001385 std=0.019370 min=0.000000 max=0.281608 | val (scaled) MSE: mean=0.005343 med=0.002176 std=0.007756 min=0.000009 max=0.043342
2025-08-26T11:27:41Z - INFO - [train_model] Epoch 039 | train (price) MSE=0.000371 MAE=0.013198 RMSE=0.019274 | val (price) MSE=0.000353 MAE=0.015029 RMSE=0.018781
2025-08-26T11:27:41Z - INFO - [train_model] New best (price) val MSE=0.000353 at epoch 39; saved → /home/tbfs/Projects/finBert/output/20250826-072716/saved_weights/EBAY/EBAY_best-epoch039.pt
2025-08-26T11:27:41Z - INFO - [train_model] Epoch 040 | train (scaled) MSE: mean=0.005558 med=0.001348 std=0.019252 min=0.000000 max=0.278090 | val (scaled) MSE: mean=0.005229 med=0.002151 std=0.007635 min=0.000003 max=0.042905
2025-08-26T11:27:41Z - INFO - [train_model] Epoch 040 | train (price) MSE=0.000367 MAE=0.013123 RMSE=0.019156 | val (price) MSE=0.000345 MAE=0.014835 RMSE=0.018581
2025-08-26T11:27:41Z - INFO - [train_model] New best (price) val MSE=0.000345 at epoch 40; saved → /home/tbfs/Projects/finBert/output/20250826-072716/saved_weights/EBAY/EBAY_best-epoch040.pt
2025-08-26T11:27:42Z - INFO - [train_model] Epoch 041 | train (scaled) MSE: mean=0.005475 med=0.001411 std=0.019145 min=0.000000 max=0.276879 | val (scaled) MSE: mean=0.005084 med=0.002069 std=0.007545 min=0.000002 max=0.042746
2025-08-26T11:27:42Z - INFO - [train_model] Epoch 041 | train (price) MSE=0.000361 MAE=0.012998 RMSE=0.019012 | val (price) MSE=0.000336 MAE=0.014570 RMSE=0.018320
2025-08-26T11:27:42Z - INFO - [train_model] New best (price) val MSE=0.000336 at epoch 41; saved → /home/tbfs/Projects/finBert/output/20250826-072716/saved_weights/EBAY/EBAY_best-epoch041.pt
2025-08-26T11:27:42Z - INFO - [train_model] Epoch 042 | train (scaled) MSE: mean=0.005398 med=0.001359 std=0.019026 min=0.000000 max=0.274948 | val (scaled) MSE: mean=0.004925 med=0.001955 std=0.007437 min=0.000000 max=0.042511
2025-08-26T11:27:42Z - INFO - [train_model] Epoch 042 | train (price) MSE=0.000356 MAE=0.012902 RMSE=0.018879 | val (price) MSE=0.000325 MAE=0.014273 RMSE=0.018033
2025-08-26T11:27:42Z - INFO - [train_model] New best (price) val MSE=0.000325 at epoch 42; saved → /home/tbfs/Projects/finBert/output/20250826-072716/saved_weights/EBAY/EBAY_best-epoch042.pt
2025-08-26T11:27:43Z - INFO - [train_model] Epoch 043 | train (scaled) MSE: mean=0.005334 med=0.001414 std=0.018916 min=0.000000 max=0.273715 | val (scaled) MSE: mean=0.004761 med=0.001775 std=0.007326 min=0.000000 max=0.042196
2025-08-26T11:27:43Z - INFO - [train_model] Epoch 043 | train (price) MSE=0.000352 MAE=0.012829 RMSE=0.018765 | val (price) MSE=0.000314 MAE=0.013960 RMSE=0.017729
2025-08-26T11:27:43Z - INFO - [train_model] New best (price) val MSE=0.000314 at epoch 43; saved → /home/tbfs/Projects/finBert/output/20250826-072716/saved_weights/EBAY/EBAY_best-epoch043.pt
2025-08-26T11:27:43Z - INFO - [train_model] Epoch 044 | train (scaled) MSE: mean=0.005264 med=0.001419 std=0.018774 min=0.000000 max=0.271614 | val (scaled) MSE: mean=0.004646 med=0.001605 std=0.007319 min=0.000000 max=0.042105
2025-08-26T11:27:43Z - INFO - [train_model] Epoch 044 | train (price) MSE=0.000348 MAE=0.012764 RMSE=0.018642 | val (price) MSE=0.000307 MAE=0.013705 RMSE=0.017513
2025-08-26T11:27:43Z - INFO - [train_model] New best (price) val MSE=0.000307 at epoch 44; saved → /home/tbfs/Projects/finBert/output/20250826-072716/saved_weights/EBAY/EBAY_best-epoch044.pt
2025-08-26T11:27:44Z - INFO - [train_model] Epoch 045 | train (scaled) MSE: mean=0.005199 med=0.001389 std=0.018660 min=0.000000 max=0.270508 | val (scaled) MSE: mean=0.004554 med=0.001562 std=0.007271 min=0.000003 max=0.042083
2025-08-26T11:27:44Z - INFO - [train_model] Epoch 045 | train (price) MSE=0.000343 MAE=0.012698 RMSE=0.018526 | val (price) MSE=0.000301 MAE=0.013520 RMSE=0.017340
2025-08-26T11:27:44Z - INFO - [train_model] New best (price) val MSE=0.000301 at epoch 45; saved → /home/tbfs/Projects/finBert/output/20250826-072716/saved_weights/EBAY/EBAY_best-epoch045.pt
2025-08-26T11:27:44Z - INFO - [train_model] Epoch 046 | train (scaled) MSE: mean=0.005150 med=0.001412 std=0.018546 min=0.000000 max=0.269451 | val (scaled) MSE: mean=0.004449 med=0.001514 std=0.007205 min=0.000002 max=0.041882
2025-08-26T11:27:44Z - INFO - [train_model] Epoch 046 | train (price) MSE=0.000340 MAE=0.012640 RMSE=0.018439 | val (price) MSE=0.000294 MAE=0.013309 RMSE=0.017139
2025-08-26T11:27:44Z - INFO - [train_model] New best (price) val MSE=0.000294 at epoch 46; saved → /home/tbfs/Projects/finBert/output/20250826-072716/saved_weights/EBAY/EBAY_best-epoch046.pt
2025-08-26T11:27:45Z - INFO - [train_model] Epoch 047 | train (scaled) MSE: mean=0.005107 med=0.001384 std=0.018446 min=0.000000 max=0.267739 | val (scaled) MSE: mean=0.004351 med=0.001501 std=0.007142 min=0.000000 max=0.041783
2025-08-26T11:27:45Z - INFO - [train_model] Epoch 047 | train (price) MSE=0.000337 MAE=0.012594 RMSE=0.018363 | val (price) MSE=0.000287 MAE=0.013105 RMSE=0.016950
2025-08-26T11:27:45Z - INFO - [train_model] New best (price) val MSE=0.000287 at epoch 47; saved → /home/tbfs/Projects/finBert/output/20250826-072716/saved_weights/EBAY/EBAY_best-epoch047.pt
2025-08-26T11:27:45Z - INFO - [train_model] Epoch 048 | train (scaled) MSE: mean=0.005077 med=0.001375 std=0.018386 min=0.000000 max=0.267362 | val (scaled) MSE: mean=0.004283 med=0.001539 std=0.007104 min=0.000000 max=0.041654
2025-08-26T11:27:45Z - INFO - [train_model] Epoch 048 | train (price) MSE=0.000335 MAE=0.012550 RMSE=0.018309 | val (price) MSE=0.000283 MAE=0.012958 RMSE=0.016816
2025-08-26T11:27:45Z - INFO - [train_model] New best (price) val MSE=0.000283 at epoch 48; saved → /home/tbfs/Projects/finBert/output/20250826-072716/saved_weights/EBAY/EBAY_best-epoch048.pt
2025-08-26T11:27:46Z - INFO - [train_model] Epoch 049 | train (scaled) MSE: mean=0.005040 med=0.001375 std=0.018318 min=0.000000 max=0.266343 | val (scaled) MSE: mean=0.004205 med=0.001584 std=0.007062 min=0.000000 max=0.041535
2025-08-26T11:27:46Z - INFO - [train_model] Epoch 049 | train (price) MSE=0.000333 MAE=0.012496 RMSE=0.018241 | val (price) MSE=0.000278 MAE=0.012787 RMSE=0.016662
2025-08-26T11:27:46Z - INFO - [train_model] New best (price) val MSE=0.000278 at epoch 49; saved → /home/tbfs/Projects/finBert/output/20250826-072716/saved_weights/EBAY/EBAY_best-epoch049.pt
2025-08-26T11:27:46Z - INFO - [train_model] Epoch 050 | train (scaled) MSE: mean=0.005019 med=0.001343 std=0.018290 min=0.000000 max=0.267115 | val (scaled) MSE: mean=0.004137 med=0.001558 std=0.007027 min=0.000001 max=0.041401
2025-08-26T11:27:46Z - INFO - [train_model] Epoch 050 | train (price) MSE=0.000331 MAE=0.012463 RMSE=0.018203 | val (price) MSE=0.000273 MAE=0.012634 RMSE=0.016527
2025-08-26T11:27:46Z - INFO - [train_model] New best (price) val MSE=0.000273 at epoch 50; saved → /home/tbfs/Projects/finBert/output/20250826-072716/saved_weights/EBAY/EBAY_best-epoch050.pt
2025-08-26T11:27:47Z - INFO - [train_model] Epoch 051 | train (scaled) MSE: mean=0.004995 med=0.001355 std=0.018281 min=0.000000 max=0.268521 | val (scaled) MSE: mean=0.004095 med=0.001556 std=0.007032 min=0.000000 max=0.041465
2025-08-26T11:27:47Z - INFO - [train_model] Epoch 051 | train (price) MSE=0.000330 MAE=0.012424 RMSE=0.018160 | val (price) MSE=0.000270 MAE=0.012524 RMSE=0.016442
2025-08-26T11:27:47Z - INFO - [train_model] New best (price) val MSE=0.000270 at epoch 51; saved → /home/tbfs/Projects/finBert/output/20250826-072716/saved_weights/EBAY/EBAY_best-epoch051.pt
2025-08-26T11:27:47Z - INFO - [train_model] Epoch 052 | train (scaled) MSE: mean=0.004978 med=0.001342 std=0.018248 min=0.000000 max=0.269589 | val (scaled) MSE: mean=0.004065 med=0.001497 std=0.007031 min=0.000000 max=0.041357
2025-08-26T11:27:47Z - INFO - [train_model] Epoch 052 | train (price) MSE=0.000329 MAE=0.012393 RMSE=0.018129 | val (price) MSE=0.000268 MAE=0.012455 RMSE=0.016383
2025-08-26T11:27:47Z - INFO - [train_model] New best (price) val MSE=0.000268 at epoch 52; saved → /home/tbfs/Projects/finBert/output/20250826-072716/saved_weights/EBAY/EBAY_best-epoch052.pt
2025-08-26T11:27:47Z - INFO - [train_model] Epoch 053 | train (scaled) MSE: mean=0.004950 med=0.001330 std=0.018216 min=0.000000 max=0.270413 | val (scaled) MSE: mean=0.004025 med=0.001506 std=0.007013 min=0.000000 max=0.041322
2025-08-26T11:27:47Z - INFO - [train_model] Epoch 053 | train (price) MSE=0.000327 MAE=0.012343 RMSE=0.018079 | val (price) MSE=0.000266 MAE=0.012368 RMSE=0.016301
2025-08-26T11:27:47Z - INFO - [train_model] New best (price) val MSE=0.000266 at epoch 53; saved → /home/tbfs/Projects/finBert/output/20250826-072716/saved_weights/EBAY/EBAY_best-epoch053.pt
2025-08-26T11:27:48Z - INFO - [train_model] Epoch 054 | train (scaled) MSE: mean=0.004926 med=0.001306 std=0.018144 min=0.000000 max=0.268214 | val (scaled) MSE: mean=0.003988 med=0.001511 std=0.007007 min=0.000000 max=0.041342
2025-08-26T11:27:48Z - INFO - [train_model] Epoch 054 | train (price) MSE=0.000325 MAE=0.012280 RMSE=0.018033 | val (price) MSE=0.000263 MAE=0.012295 RMSE=0.016226
2025-08-26T11:27:48Z - INFO - [train_model] New best (price) val MSE=0.000263 at epoch 54; saved → /home/tbfs/Projects/finBert/output/20250826-072716/saved_weights/EBAY/EBAY_best-epoch054.pt
2025-08-26T11:27:48Z - INFO - [train_model] Epoch 055 | train (scaled) MSE: mean=0.004901 med=0.001271 std=0.018134 min=0.000000 max=0.268639 | val (scaled) MSE: mean=0.003979 med=0.001495 std=0.007021 min=0.000000 max=0.041428
2025-08-26T11:27:48Z - INFO - [train_model] Epoch 055 | train (price) MSE=0.000324 MAE=0.012209 RMSE=0.017988 | val (price) MSE=0.000263 MAE=0.012276 RMSE=0.016207
2025-08-26T11:27:48Z - INFO - [train_model] New best (price) val MSE=0.000263 at epoch 55; saved → /home/tbfs/Projects/finBert/output/20250826-072716/saved_weights/EBAY/EBAY_best-epoch055.pt
2025-08-26T11:27:49Z - INFO - [train_model] Epoch 056 | train (scaled) MSE: mean=0.004871 med=0.001291 std=0.018076 min=0.000000 max=0.267286 | val (scaled) MSE: mean=0.003971 med=0.001522 std=0.007051 min=0.000000 max=0.041534
2025-08-26T11:27:49Z - INFO - [train_model] Epoch 056 | train (price) MSE=0.000322 MAE=0.012170 RMSE=0.017934 | val (price) MSE=0.000262 MAE=0.012252 RMSE=0.016192
2025-08-26T11:27:49Z - INFO - [train_model] New best (price) val MSE=0.000262 at epoch 56; saved → /home/tbfs/Projects/finBert/output/20250826-072716/saved_weights/EBAY/EBAY_best-epoch056.pt
2025-08-26T11:27:49Z - INFO - [train_model] Epoch 057 | train (scaled) MSE: mean=0.004842 med=0.001266 std=0.018067 min=0.000000 max=0.268088 | val (scaled) MSE: mean=0.003939 med=0.001514 std=0.007032 min=0.000000 max=0.041435
2025-08-26T11:27:49Z - INFO - [train_model] Epoch 057 | train (price) MSE=0.000320 MAE=0.012118 RMSE=0.017879 | val (price) MSE=0.000260 MAE=0.012192 RMSE=0.016126
2025-08-26T11:27:49Z - INFO - [train_model] New best (price) val MSE=0.000260 at epoch 57; saved → /home/tbfs/Projects/finBert/output/20250826-072716/saved_weights/EBAY/EBAY_best-epoch057.pt
2025-08-26T11:27:50Z - INFO - [train_model] Epoch 058 | train (scaled) MSE: mean=0.004825 med=0.001242 std=0.018018 min=0.000000 max=0.267510 | val (scaled) MSE: mean=0.003955 med=0.001421 std=0.007115 min=0.000000 max=0.041402
2025-08-26T11:27:50Z - INFO - [train_model] Epoch 058 | train (price) MSE=0.000319 MAE=0.012105 RMSE=0.017848 | val (price) MSE=0.000261 MAE=0.012185 RMSE=0.016160
2025-08-26T11:27:50Z - INFO - [train_model] Epoch 059 | train (scaled) MSE: mean=0.004779 med=0.001255 std=0.017841 min=0.000000 max=0.262306 | val (scaled) MSE: mean=0.003940 med=0.001388 std=0.007139 min=0.000000 max=0.041577
2025-08-26T11:27:50Z - INFO - [train_model] Epoch 059 | train (price) MSE=0.000315 MAE=0.012050 RMSE=0.017762 | val (price) MSE=0.000260 MAE=0.012153 RMSE=0.016129
2025-08-26T11:27:51Z - INFO - [train_model] Epoch 060 | train (scaled) MSE: mean=0.004749 med=0.001272 std=0.017750 min=0.000000 max=0.258827 | val (scaled) MSE: mean=0.003855 med=0.001347 std=0.007055 min=0.000000 max=0.041065
2025-08-26T11:27:51Z - INFO - [train_model] Epoch 060 | train (price) MSE=0.000314 MAE=0.012012 RMSE=0.017707 | val (price) MSE=0.000255 MAE=0.011973 RMSE=0.015954
2025-08-26T11:27:51Z - INFO - [train_model] New best (price) val MSE=0.000255 at epoch 60; saved → /home/tbfs/Projects/finBert/output/20250826-072716/saved_weights/EBAY/EBAY_best-epoch060.pt
2025-08-26T11:27:51Z - INFO - [train_model] Epoch 061 | train (scaled) MSE: mean=0.004719 med=0.001208 std=0.017654 min=0.000000 max=0.255530 | val (scaled) MSE: mean=0.003808 med=0.001353 std=0.007032 min=0.000000 max=0.041049
2025-08-26T11:27:51Z - INFO - [train_model] Epoch 061 | train (price) MSE=0.000312 MAE=0.011972 RMSE=0.017651 | val (price) MSE=0.000251 MAE=0.011884 RMSE=0.015857
2025-08-26T11:27:51Z - INFO - [train_model] New best (price) val MSE=0.000251 at epoch 61; saved → /home/tbfs/Projects/finBert/output/20250826-072716/saved_weights/EBAY/EBAY_best-epoch061.pt
2025-08-26T11:27:52Z - INFO - [train_model] Epoch 062 | train (scaled) MSE: mean=0.004683 med=0.001189 std=0.017522 min=0.000000 max=0.251489 | val (scaled) MSE: mean=0.003768 med=0.001352 std=0.007000 min=0.000000 max=0.040867
2025-08-26T11:27:52Z - INFO - [train_model] Epoch 062 | train (price) MSE=0.000309 MAE=0.011928 RMSE=0.017583 | val (price) MSE=0.000249 MAE=0.011798 RMSE=0.015773
2025-08-26T11:27:52Z - INFO - [train_model] New best (price) val MSE=0.000249 at epoch 62; saved → /home/tbfs/Projects/finBert/output/20250826-072716/saved_weights/EBAY/EBAY_best-epoch062.pt
2025-08-26T11:27:52Z - INFO - [train_model] Epoch 063 | train (scaled) MSE: mean=0.004659 med=0.001190 std=0.017478 min=0.000000 max=0.248136 | val (scaled) MSE: mean=0.003713 med=0.001351 std=0.006968 min=0.000000 max=0.040661
2025-08-26T11:27:52Z - INFO - [train_model] Epoch 063 | train (price) MSE=0.000308 MAE=0.011882 RMSE=0.017538 | val (price) MSE=0.000245 MAE=0.011678 RMSE=0.015658
2025-08-26T11:27:52Z - INFO - [train_model] New best (price) val MSE=0.000245 at epoch 63; saved → /home/tbfs/Projects/finBert/output/20250826-072716/saved_weights/EBAY/EBAY_best-epoch063.pt
2025-08-26T11:27:53Z - INFO - [train_model] Epoch 064 | train (scaled) MSE: mean=0.004620 med=0.001214 std=0.017305 min=0.000000 max=0.244172 | val (scaled) MSE: mean=0.003675 med=0.001350 std=0.006932 min=0.000000 max=0.040437
2025-08-26T11:27:53Z - INFO - [train_model] Epoch 064 | train (price) MSE=0.000305 MAE=0.011825 RMSE=0.017465 | val (price) MSE=0.000243 MAE=0.011596 RMSE=0.015578
2025-08-26T11:27:53Z - INFO - [train_model] New best (price) val MSE=0.000243 at epoch 64; saved → /home/tbfs/Projects/finBert/output/20250826-072716/saved_weights/EBAY/EBAY_best-epoch064.pt
2025-08-26T11:27:53Z - INFO - [train_model] Epoch 065 | train (scaled) MSE: mean=0.004585 med=0.001211 std=0.017178 min=0.000000 max=0.239431 | val (scaled) MSE: mean=0.003619 med=0.001297 std=0.006905 min=0.000000 max=0.040263
2025-08-26T11:27:53Z - INFO - [train_model] Epoch 065 | train (price) MSE=0.000303 MAE=0.011775 RMSE=0.017400 | val (price) MSE=0.000239 MAE=0.011477 RMSE=0.015459
2025-08-26T11:27:53Z - INFO - [train_model] New best (price) val MSE=0.000239 at epoch 65; saved → /home/tbfs/Projects/finBert/output/20250826-072716/saved_weights/EBAY/EBAY_best-epoch065.pt
2025-08-26T11:27:54Z - INFO - [train_model] Epoch 066 | train (scaled) MSE: mean=0.004574 med=0.001172 std=0.017120 min=0.000000 max=0.235993 | val (scaled) MSE: mean=0.003583 med=0.001245 std=0.006872 min=0.000000 max=0.039959
2025-08-26T11:27:54Z - INFO - [train_model] Epoch 066 | train (price) MSE=0.000302 MAE=0.011742 RMSE=0.017377 | val (price) MSE=0.000237 MAE=0.011392 RMSE=0.015380
2025-08-26T11:27:54Z - INFO - [train_model] New best (price) val MSE=0.000237 at epoch 66; saved → /home/tbfs/Projects/finBert/output/20250826-072716/saved_weights/EBAY/EBAY_best-epoch066.pt
2025-08-26T11:27:54Z - INFO - [train_model] Epoch 067 | train (scaled) MSE: mean=0.004530 med=0.001257 std=0.016961 min=0.000000 max=0.229605 | val (scaled) MSE: mean=0.003563 med=0.001232 std=0.006849 min=0.000000 max=0.039696
2025-08-26T11:27:54Z - INFO - [train_model] Epoch 067 | train (price) MSE=0.000299 MAE=0.011686 RMSE=0.017293 | val (price) MSE=0.000235 MAE=0.011349 RMSE=0.015337
2025-08-26T11:27:54Z - INFO - [train_model] New best (price) val MSE=0.000235 at epoch 67; saved → /home/tbfs/Projects/finBert/output/20250826-072716/saved_weights/EBAY/EBAY_best-epoch067.pt
2025-08-26T11:27:55Z - INFO - [train_model] Epoch 068 | train (scaled) MSE: mean=0.004499 med=0.001237 std=0.016834 min=0.000000 max=0.225477 | val (scaled) MSE: mean=0.003417 med=0.001210 std=0.006784 min=0.000000 max=0.038756
2025-08-26T11:27:55Z - INFO - [train_model] Epoch 068 | train (price) MSE=0.000297 MAE=0.011658 RMSE=0.017235 | val (price) MSE=0.000226 MAE=0.010982 RMSE=0.015020
2025-08-26T11:27:55Z - INFO - [train_model] New best (price) val MSE=0.000226 at epoch 68; saved → /home/tbfs/Projects/finBert/output/20250826-072716/saved_weights/EBAY/EBAY_best-epoch068.pt
2025-08-26T11:27:55Z - INFO - [train_model] Epoch 069 | train (scaled) MSE: mean=0.004538 med=0.001233 std=0.016947 min=0.000000 max=0.226451 | val (scaled) MSE: mean=0.003290 med=0.001364 std=0.006507 min=0.000000 max=0.037373
2025-08-26T11:27:55Z - INFO - [train_model] Epoch 069 | train (price) MSE=0.000300 MAE=0.011716 RMSE=0.017310 | val (price) MSE=0.000217 MAE=0.010742 RMSE=0.014739
2025-08-26T11:27:55Z - INFO - [train_model] New best (price) val MSE=0.000217 at epoch 69; saved → /home/tbfs/Projects/finBert/output/20250826-072716/saved_weights/EBAY/EBAY_best-epoch069.pt
2025-08-26T11:27:56Z - INFO - [train_model] Epoch 070 | train (scaled) MSE: mean=0.004489 med=0.001196 std=0.016779 min=0.000000 max=0.221074 | val (scaled) MSE: mean=0.003305 med=0.001128 std=0.006592 min=0.000001 max=0.037913
2025-08-26T11:27:56Z - INFO - [train_model] Epoch 070 | train (price) MSE=0.000296 MAE=0.011616 RMSE=0.017215 | val (price) MSE=0.000218 MAE=0.010763 RMSE=0.014773
2025-08-26T11:27:56Z - INFO - [train_model] Epoch 071 | train (scaled) MSE: mean=0.004455 med=0.001154 std=0.016675 min=0.000000 max=0.221614 | val (scaled) MSE: mean=0.003302 med=0.001071 std=0.006621 min=0.000000 max=0.038046
2025-08-26T11:27:56Z - INFO - [train_model] Epoch 071 | train (price) MSE=0.000294 MAE=0.011571 RMSE=0.017150 | val (price) MSE=0.000218 MAE=0.010752 RMSE=0.014766
2025-08-26T11:27:57Z - INFO - [train_model] Epoch 072 | train (scaled) MSE: mean=0.004421 med=0.001112 std=0.016537 min=0.000000 max=0.222373 | val (scaled) MSE: mean=0.003238 med=0.000949 std=0.006571 min=0.000003 max=0.037702
2025-08-26T11:27:57Z - INFO - [train_model] Epoch 072 | train (price) MSE=0.000292 MAE=0.011543 RMSE=0.017085 | val (price) MSE=0.000214 MAE=0.010621 RMSE=0.014620
2025-08-26T11:27:57Z - INFO - [train_model] New best (price) val MSE=0.000214 at epoch 72; saved → /home/tbfs/Projects/finBert/output/20250826-072716/saved_weights/EBAY/EBAY_best-epoch072.pt
2025-08-26T11:27:57Z - INFO - [train_model] Epoch 073 | train (scaled) MSE: mean=0.004398 med=0.001114 std=0.016392 min=0.000000 max=0.223392 | val (scaled) MSE: mean=0.003249 med=0.000935 std=0.006637 min=0.000006 max=0.037899
2025-08-26T11:27:57Z - INFO - [train_model] Epoch 073 | train (price) MSE=0.000290 MAE=0.011510 RMSE=0.017041 | val (price) MSE=0.000214 MAE=0.010639 RMSE=0.014645
2025-08-26T11:27:58Z - INFO - [train_model] Epoch 074 | train (scaled) MSE: mean=0.004385 med=0.001136 std=0.016323 min=0.000000 max=0.223316 | val (scaled) MSE: mean=0.003170 med=0.001033 std=0.006548 min=0.000001 max=0.037356
2025-08-26T11:27:58Z - INFO - [train_model] Epoch 074 | train (price) MSE=0.000289 MAE=0.011504 RMSE=0.017014 | val (price) MSE=0.000209 MAE=0.010479 RMSE=0.014467
2025-08-26T11:27:58Z - INFO - [train_model] New best (price) val MSE=0.000209 at epoch 74; saved → /home/tbfs/Projects/finBert/output/20250826-072716/saved_weights/EBAY/EBAY_best-epoch074.pt
2025-08-26T11:27:58Z - INFO - [train_model] Epoch 075 | train (scaled) MSE: mean=0.004355 med=0.001105 std=0.016194 min=0.000000 max=0.224165 | val (scaled) MSE: mean=0.003160 med=0.000986 std=0.006539 min=0.000001 max=0.037312
2025-08-26T11:27:58Z - INFO - [train_model] Epoch 075 | train (price) MSE=0.000288 MAE=0.011466 RMSE=0.016957 | val (price) MSE=0.000209 MAE=0.010456 RMSE=0.014444
2025-08-26T11:27:58Z - INFO - [train_model] New best (price) val MSE=0.000209 at epoch 75; saved → /home/tbfs/Projects/finBert/output/20250826-072716/saved_weights/EBAY/EBAY_best-epoch075.pt
2025-08-26T11:27:59Z - INFO - [train_model] Epoch 076 | train (scaled) MSE: mean=0.004336 med=0.001081 std=0.016200 min=0.000000 max=0.223213 | val (scaled) MSE: mean=0.003112 med=0.000990 std=0.006481 min=0.000000 max=0.037000
2025-08-26T11:27:59Z - INFO - [train_model] Epoch 076 | train (price) MSE=0.000286 MAE=0.011435 RMSE=0.016920 | val (price) MSE=0.000205 MAE=0.010348 RMSE=0.014334
2025-08-26T11:27:59Z - INFO - [train_model] New best (price) val MSE=0.000205 at epoch 76; saved → /home/tbfs/Projects/finBert/output/20250826-072716/saved_weights/EBAY/EBAY_best-epoch076.pt
2025-08-26T11:27:59Z - INFO - [train_model] Epoch 077 | train (scaled) MSE: mean=0.004314 med=0.001072 std=0.016107 min=0.000000 max=0.225291 | val (scaled) MSE: mean=0.003114 med=0.000988 std=0.006487 min=0.000000 max=0.037044
2025-08-26T11:27:59Z - INFO - [train_model] Epoch 077 | train (price) MSE=0.000285 MAE=0.011415 RMSE=0.016877 | val (price) MSE=0.000206 MAE=0.010353 RMSE=0.014339
2025-08-26T11:28:00Z - INFO - [train_model] Epoch 078 | train (scaled) MSE: mean=0.004308 med=0.001088 std=0.016003 min=0.000000 max=0.223976 | val (scaled) MSE: mean=0.003091 med=0.000984 std=0.006459 min=0.000000 max=0.036891
2025-08-26T11:28:00Z - INFO - [train_model] Epoch 078 | train (price) MSE=0.000284 MAE=0.011416 RMSE=0.016865 | val (price) MSE=0.000204 MAE=0.010306 RMSE=0.014285
2025-08-26T11:28:00Z - INFO - [train_model] New best (price) val MSE=0.000204 at epoch 78; saved → /home/tbfs/Projects/finBert/output/20250826-072716/saved_weights/EBAY/EBAY_best-epoch078.pt
2025-08-26T11:28:00Z - INFO - [train_model] Epoch 079 | train (scaled) MSE: mean=0.004285 med=0.001105 std=0.016050 min=0.000000 max=0.222800 | val (scaled) MSE: mean=0.003075 med=0.000978 std=0.006438 min=0.000000 max=0.036790
2025-08-26T11:28:00Z - INFO - [train_model] Epoch 079 | train (price) MSE=0.000283 MAE=0.011355 RMSE=0.016819 | val (price) MSE=0.000203 MAE=0.010276 RMSE=0.014248
2025-08-26T11:28:00Z - INFO - [train_model] New best (price) val MSE=0.000203 at epoch 79; saved → /home/tbfs/Projects/finBert/output/20250826-072716/saved_weights/EBAY/EBAY_best-epoch079.pt
2025-08-26T11:28:01Z - INFO - [train_model] Epoch 080 | train (scaled) MSE: mean=0.004273 med=0.001101 std=0.015949 min=0.000000 max=0.224425 | val (scaled) MSE: mean=0.003072 med=0.000976 std=0.006439 min=0.000000 max=0.036814
2025-08-26T11:28:01Z - INFO - [train_model] Epoch 080 | train (price) MSE=0.000282 MAE=0.011345 RMSE=0.016796 | val (price) MSE=0.000203 MAE=0.010271 RMSE=0.014242
2025-08-26T11:28:01Z - INFO - [train_model] New best (price) val MSE=0.000203 at epoch 80; saved → /home/tbfs/Projects/finBert/output/20250826-072716/saved_weights/EBAY/EBAY_best-epoch080.pt
2025-08-26T11:28:01Z - INFO - [train_model] Epoch 081 | train (scaled) MSE: mean=0.004270 med=0.001063 std=0.015969 min=0.000000 max=0.225143 | val (scaled) MSE: mean=0.003045 med=0.000958 std=0.006395 min=0.000000 max=0.036576
2025-08-26T11:28:01Z - INFO - [train_model] Epoch 081 | train (price) MSE=0.000282 MAE=0.011353 RMSE=0.016790 | val (price) MSE=0.000201 MAE=0.010219 RMSE=0.014178
2025-08-26T11:28:01Z - INFO - [train_model] New best (price) val MSE=0.000201 at epoch 81; saved → /home/tbfs/Projects/finBert/output/20250826-072716/saved_weights/EBAY/EBAY_best-epoch081.pt
2025-08-26T11:28:02Z - INFO - [train_model] Epoch 082 | train (scaled) MSE: mean=0.004259 med=0.001105 std=0.015838 min=0.000000 max=0.224388 | val (scaled) MSE: mean=0.003069 med=0.000975 std=0.006434 min=0.000000 max=0.036770
2025-08-26T11:28:02Z - INFO - [train_model] Epoch 082 | train (price) MSE=0.000281 MAE=0.011330 RMSE=0.016769 | val (price) MSE=0.000203 MAE=0.010265 RMSE=0.014234
2025-08-26T11:28:02Z - INFO - [train_model] Epoch 083 | train (scaled) MSE: mean=0.004244 med=0.001170 std=0.015797 min=0.000000 max=0.224087 | val (scaled) MSE: mean=0.003048 med=0.000947 std=0.006407 min=0.000000 max=0.036598
2025-08-26T11:28:02Z - INFO - [train_model] Epoch 083 | train (price) MSE=0.000280 MAE=0.011329 RMSE=0.016739 | val (price) MSE=0.000201 MAE=0.010224 RMSE=0.014186
2025-08-26T11:28:03Z - INFO - [train_model] Epoch 084 | train (scaled) MSE: mean=0.004238 med=0.001083 std=0.015775 min=0.000000 max=0.225148 | val (scaled) MSE: mean=0.003043 med=0.000943 std=0.006402 min=0.000000 max=0.036597
2025-08-26T11:28:03Z - INFO - [train_model] Epoch 084 | train (price) MSE=0.000280 MAE=0.011290 RMSE=0.016727 | val (price) MSE=0.000201 MAE=0.010211 RMSE=0.014174
2025-08-26T11:28:03Z - INFO - [train_model] New best (price) val MSE=0.000201 at epoch 84; saved → /home/tbfs/Projects/finBert/output/20250826-072716/saved_weights/EBAY/EBAY_best-epoch084.pt
2025-08-26T11:28:03Z - INFO - [train_model] Epoch 085 | train (scaled) MSE: mean=0.004216 med=0.001065 std=0.015728 min=0.000000 max=0.225420 | val (scaled) MSE: mean=0.003044 med=0.000949 std=0.006397 min=0.000000 max=0.036587
2025-08-26T11:28:03Z - INFO - [train_model] Epoch 085 | train (price) MSE=0.000278 MAE=0.011244 RMSE=0.016684 | val (price) MSE=0.000201 MAE=0.010220 RMSE=0.014177
2025-08-26T11:28:04Z - INFO - [train_model] Epoch 086 | train (scaled) MSE: mean=0.004219 med=0.001094 std=0.015699 min=0.000000 max=0.224694 | val (scaled) MSE: mean=0.003056 med=0.000955 std=0.006417 min=0.000000 max=0.036697
2025-08-26T11:28:04Z - INFO - [train_model] Epoch 086 | train (price) MSE=0.000279 MAE=0.011249 RMSE=0.016691 | val (price) MSE=0.000202 MAE=0.010241 RMSE=0.014204
2025-08-26T11:28:04Z - INFO - [train_model] Epoch 087 | train (scaled) MSE: mean=0.004190 med=0.001087 std=0.015604 min=0.000000 max=0.224941 | val (scaled) MSE: mean=0.003044 med=0.000934 std=0.006394 min=0.000000 max=0.036570
2025-08-26T11:28:04Z - INFO - [train_model] Epoch 087 | train (price) MSE=0.000277 MAE=0.011208 RMSE=0.016633 | val (price) MSE=0.000201 MAE=0.010222 RMSE=0.014177
2025-08-26T11:28:05Z - INFO - [train_model] Epoch 088 | train (scaled) MSE: mean=0.004180 med=0.001109 std=0.015611 min=0.000000 max=0.226455 | val (scaled) MSE: mean=0.003045 med=0.000944 std=0.006394 min=0.000000 max=0.036572
2025-08-26T11:28:05Z - INFO - [train_model] Epoch 088 | train (price) MSE=0.000276 MAE=0.011191 RMSE=0.016613 | val (price) MSE=0.000201 MAE=0.010221 RMSE=0.014178
2025-08-26T11:28:05Z - INFO - [train_model] Epoch 089 | train (scaled) MSE: mean=0.004186 med=0.001043 std=0.015628 min=0.000000 max=0.225538 | val (scaled) MSE: mean=0.003042 med=0.000927 std=0.006383 min=0.000000 max=0.036500
2025-08-26T11:28:05Z - INFO - [train_model] Epoch 089 | train (price) MSE=0.000276 MAE=0.011177 RMSE=0.016625 | val (price) MSE=0.000201 MAE=0.010224 RMSE=0.014173
2025-08-26T11:28:05Z - INFO - [train_model] New best (price) val MSE=0.000201 at epoch 89; saved → /home/tbfs/Projects/finBert/output/20250826-072716/saved_weights/EBAY/EBAY_best-epoch089.pt
2025-08-26T11:28:06Z - INFO - [train_model] Epoch 090 | train (scaled) MSE: mean=0.004182 med=0.001073 std=0.015464 min=0.000000 max=0.227070 | val (scaled) MSE: mean=0.003000 med=0.000898 std=0.006317 min=0.000000 max=0.036159
2025-08-26T11:28:06Z - INFO - [train_model] Epoch 090 | train (price) MSE=0.000276 MAE=0.011259 RMSE=0.016617 | val (price) MSE=0.000198 MAE=0.010150 RMSE=0.014074
2025-08-26T11:28:06Z - INFO - [train_model] New best (price) val MSE=0.000198 at epoch 90; saved → /home/tbfs/Projects/finBert/output/20250826-072716/saved_weights/EBAY/EBAY_best-epoch090.pt
2025-08-26T11:28:06Z - INFO - [train_model] Epoch 091 | train (scaled) MSE: mean=0.004176 med=0.001035 std=0.015468 min=0.000000 max=0.224756 | val (scaled) MSE: mean=0.003072 med=0.000995 std=0.006420 min=0.000000 max=0.036674
2025-08-26T11:28:06Z - INFO - [train_model] Epoch 091 | train (price) MSE=0.000276 MAE=0.011192 RMSE=0.016604 | val (price) MSE=0.000203 MAE=0.010279 RMSE=0.014242
2025-08-26T11:28:07Z - INFO - [train_model] Epoch 092 | train (scaled) MSE: mean=0.004158 med=0.001052 std=0.015395 min=0.000000 max=0.225517 | val (scaled) MSE: mean=0.003041 med=0.000950 std=0.006388 min=0.000000 max=0.036554
2025-08-26T11:28:07Z - INFO - [train_model] Epoch 092 | train (price) MSE=0.000275 MAE=0.011148 RMSE=0.016568 | val (price) MSE=0.000201 MAE=0.010219 RMSE=0.014171
2025-08-26T11:28:07Z - INFO - [train_model] Epoch 093 | train (scaled) MSE: mean=0.004153 med=0.001011 std=0.015383 min=0.000000 max=0.225674 | val (scaled) MSE: mean=0.003017 med=0.000915 std=0.006337 min=0.000000 max=0.036393
2025-08-26T11:28:07Z - INFO - [train_model] Epoch 093 | train (price) MSE=0.000274 MAE=0.011143 RMSE=0.016558 | val (price) MSE=0.000199 MAE=0.010181 RMSE=0.014114
2025-08-26T11:28:08Z - INFO - [train_model] Epoch 094 | train (scaled) MSE: mean=0.004129 med=0.001006 std=0.015326 min=0.000000 max=0.225456 | val (scaled) MSE: mean=0.003018 med=0.000915 std=0.006339 min=0.000000 max=0.036305
2025-08-26T11:28:08Z - INFO - [train_model] Epoch 094 | train (price) MSE=0.000273 MAE=0.011086 RMSE=0.016511 | val (price) MSE=0.000199 MAE=0.010184 RMSE=0.014116
2025-08-26T11:28:08Z - INFO - [train_model] Epoch 095 | train (scaled) MSE: mean=0.004124 med=0.001035 std=0.015290 min=0.000000 max=0.226982 | val (scaled) MSE: mean=0.002986 med=0.000885 std=0.006279 min=0.000001 max=0.035972
2025-08-26T11:28:08Z - INFO - [train_model] Epoch 095 | train (price) MSE=0.000272 MAE=0.011097 RMSE=0.016502 | val (price) MSE=0.000197 MAE=0.010138 RMSE=0.014040
2025-08-26T11:28:08Z - INFO - [train_model] New best (price) val MSE=0.000197 at epoch 95; saved → /home/tbfs/Projects/finBert/output/20250826-072716/saved_weights/EBAY/EBAY_best-epoch095.pt
2025-08-26T11:28:09Z - INFO - [train_model] Epoch 096 | train (scaled) MSE: mean=0.004103 med=0.001043 std=0.015206 min=0.000000 max=0.228519 | val (scaled) MSE: mean=0.002970 med=0.000875 std=0.006255 min=0.000000 max=0.035853
2025-08-26T11:28:09Z - INFO - [train_model] Epoch 096 | train (price) MSE=0.000271 MAE=0.011089 RMSE=0.016458 | val (price) MSE=0.000196 MAE=0.010114 RMSE=0.014003
2025-08-26T11:28:09Z - INFO - [train_model] New best (price) val MSE=0.000196 at epoch 96; saved → /home/tbfs/Projects/finBert/output/20250826-072716/saved_weights/EBAY/EBAY_best-epoch096.pt
2025-08-26T11:28:09Z - INFO - [train_model] Epoch 097 | train (scaled) MSE: mean=0.004120 med=0.001115 std=0.015191 min=0.000000 max=0.225735 | val (scaled) MSE: mean=0.002892 med=0.000788 std=0.006101 min=0.000001 max=0.035003
2025-08-26T11:28:09Z - INFO - [train_model] Epoch 097 | train (price) MSE=0.000272 MAE=0.011146 RMSE=0.016493 | val (price) MSE=0.000191 MAE=0.010021 RMSE=0.013818
2025-08-26T11:28:09Z - INFO - [train_model] New best (price) val MSE=0.000191 at epoch 97; saved → /home/tbfs/Projects/finBert/output/20250826-072716/saved_weights/EBAY/EBAY_best-epoch097.pt
2025-08-26T11:28:10Z - INFO - [train_model] Epoch 098 | train (scaled) MSE: mean=0.004114 med=0.001050 std=0.015222 min=0.000000 max=0.229628 | val (scaled) MSE: mean=0.003021 med=0.000938 std=0.006334 min=0.000000 max=0.036330
2025-08-26T11:28:10Z - INFO - [train_model] Epoch 098 | train (price) MSE=0.000272 MAE=0.011109 RMSE=0.016481 | val (price) MSE=0.000199 MAE=0.010202 RMSE=0.014122
2025-08-26T11:28:10Z - INFO - [train_model] Epoch 099 | train (scaled) MSE: mean=0.004102 med=0.001073 std=0.015143 min=0.000000 max=0.228794 | val (scaled) MSE: mean=0.002977 med=0.000887 std=0.006267 min=0.000001 max=0.035969
2025-08-26T11:28:10Z - INFO - [train_model] Epoch 099 | train (price) MSE=0.000271 MAE=0.011120 RMSE=0.016457 | val (price) MSE=0.000197 MAE=0.010119 RMSE=0.014019
2025-08-26T11:28:11Z - INFO - [train_model] Epoch 100 | train (scaled) MSE: mean=0.004166 med=0.001080 std=0.015154 min=0.000000 max=0.225126 | val (scaled) MSE: mean=0.003058 med=0.000957 std=0.006398 min=0.000000 max=0.036669
2025-08-26T11:28:11Z - INFO - [train_model] Epoch 100 | train (price) MSE=0.000275 MAE=0.011262 RMSE=0.016585 | val (price) MSE=0.000202 MAE=0.010261 RMSE=0.014210
2025-08-26T11:28:11Z - INFO - [train_model] Epoch 101 | train (scaled) MSE: mean=0.004226 med=0.001118 std=0.015047 min=0.000000 max=0.225080 | val (scaled) MSE: mean=0.002955 med=0.000878 std=0.006223 min=0.000000 max=0.035688
2025-08-26T11:28:11Z - INFO - [train_model] Epoch 101 | train (price) MSE=0.000279 MAE=0.011407 RMSE=0.016704 | val (price) MSE=0.000195 MAE=0.010093 RMSE=0.013967
2025-08-26T11:28:12Z - INFO - [train_model] Epoch 102 | train (scaled) MSE: mean=0.004312 med=0.001142 std=0.015018 min=0.000000 max=0.222307 | val (scaled) MSE: mean=0.002941 med=0.000910 std=0.006138 min=0.000001 max=0.035096
2025-08-26T11:28:12Z - INFO - [train_model] Epoch 102 | train (price) MSE=0.000285 MAE=0.011589 RMSE=0.016874 | val (price) MSE=0.000194 MAE=0.010142 RMSE=0.013936
2025-08-26T11:28:12Z - INFO - [train_model] Epoch 103 | train (scaled) MSE: mean=0.004230 med=0.001175 std=0.015056 min=0.000000 max=0.226757 | val (scaled) MSE: mean=0.002933 med=0.000857 std=0.006180 min=0.000000 max=0.035395
2025-08-26T11:28:12Z - INFO - [train_model] Epoch 103 | train (price) MSE=0.000279 MAE=0.011479 RMSE=0.016712 | val (price) MSE=0.000194 MAE=0.010063 RMSE=0.013916
2025-08-26T11:28:13Z - INFO - [train_model] Epoch 104 | train (scaled) MSE: mean=0.004209 med=0.001087 std=0.015248 min=0.000000 max=0.228682 | val (scaled) MSE: mean=0.002941 med=0.000883 std=0.006187 min=0.000000 max=0.035429
2025-08-26T11:28:13Z - INFO - [train_model] Epoch 104 | train (price) MSE=0.000278 MAE=0.011374 RMSE=0.016670 | val (price) MSE=0.000194 MAE=0.010081 RMSE=0.013934
2025-08-26T11:28:13Z - INFO - [train_model] Epoch 105 | train (scaled) MSE: mean=0.004144 med=0.001104 std=0.015148 min=0.000000 max=0.226760 | val (scaled) MSE: mean=0.003048 med=0.000976 std=0.006390 min=0.000000 max=0.036564
2025-08-26T11:28:13Z - INFO - [train_model] Epoch 105 | train (price) MSE=0.000274 MAE=0.011231 RMSE=0.016541 | val (price) MSE=0.000201 MAE=0.010238 RMSE=0.014187
2025-08-26T11:28:14Z - INFO - [train_model] Epoch 106 | train (scaled) MSE: mean=0.004173 med=0.001110 std=0.015122 min=0.000000 max=0.225700 | val (scaled) MSE: mean=0.002939 med=0.000842 std=0.006198 min=0.000000 max=0.035550
2025-08-26T11:28:14Z - INFO - [train_model] Epoch 106 | train (price) MSE=0.000276 MAE=0.011279 RMSE=0.016599 | val (price) MSE=0.000194 MAE=0.010065 RMSE=0.013930
2025-08-26T11:28:14Z - INFO - [train_model] Epoch 107 | train (scaled) MSE: mean=0.004113 med=0.001117 std=0.015015 min=0.000000 max=0.228198 | val (scaled) MSE: mean=0.002966 med=0.000902 std=0.006237 min=0.000000 max=0.035783
2025-08-26T11:28:14Z - INFO - [train_model] Epoch 107 | train (price) MSE=0.000272 MAE=0.011159 RMSE=0.016479 | val (price) MSE=0.000196 MAE=0.010112 RMSE=0.013994
2025-08-26T11:28:15Z - INFO - [train_model] Epoch 108 | train (scaled) MSE: mean=0.004080 med=0.001089 std=0.015014 min=0.000000 max=0.230246 | val (scaled) MSE: mean=0.002970 med=0.000895 std=0.006242 min=0.000000 max=0.035768
2025-08-26T11:28:15Z - INFO - [train_model] Epoch 108 | train (price) MSE=0.000269 MAE=0.011121 RMSE=0.016412 | val (price) MSE=0.000196 MAE=0.010119 RMSE=0.014002
2025-08-26T11:28:15Z - INFO - [train_model] Epoch 109 | train (scaled) MSE: mean=0.004093 med=0.001091 std=0.014957 min=0.000000 max=0.229129 | val (scaled) MSE: mean=0.002918 med=0.000858 std=0.006139 min=0.000000 max=0.035203
2025-08-26T11:28:15Z - INFO - [train_model] Epoch 109 | train (price) MSE=0.000270 MAE=0.011115 RMSE=0.016438 | val (price) MSE=0.000193 MAE=0.010052 RMSE=0.013880
2025-08-26T11:28:16Z - INFO - [train_model] Epoch 110 | train (scaled) MSE: mean=0.004045 med=0.001047 std=0.014884 min=0.000000 max=0.227999 | val (scaled) MSE: mean=0.002989 med=0.000891 std=0.006283 min=0.000000 max=0.036063
2025-08-26T11:28:16Z - INFO - [train_model] Epoch 110 | train (price) MSE=0.000267 MAE=0.011010 RMSE=0.016343 | val (price) MSE=0.000197 MAE=0.010142 RMSE=0.014047
2025-08-26T11:28:16Z - INFO - [train_model] Epoch 111 | train (scaled) MSE: mean=0.004019 med=0.000957 std=0.014878 min=0.000000 max=0.225782 | val (scaled) MSE: mean=0.002967 med=0.000925 std=0.006222 min=0.000000 max=0.035700
2025-08-26T11:28:16Z - INFO - [train_model] Epoch 111 | train (price) MSE=0.000265 MAE=0.010902 RMSE=0.016289 | val (price) MSE=0.000196 MAE=0.010124 RMSE=0.013996
2025-08-26T11:28:17Z - INFO - [train_model] Epoch 112 | train (scaled) MSE: mean=0.004004 med=0.000959 std=0.014878 min=0.000000 max=0.227696 | val (scaled) MSE: mean=0.003085 med=0.000955 std=0.006426 min=0.000000 max=0.036981
2025-08-26T11:28:17Z - INFO - [train_model] Epoch 112 | train (price) MSE=0.000264 MAE=0.010861 RMSE=0.016260 | val (price) MSE=0.000204 MAE=0.010317 RMSE=0.014271
2025-08-26T11:28:17Z - INFO - [train_model] Epoch 113 | train (scaled) MSE: mean=0.004004 med=0.000951 std=0.014908 min=0.000000 max=0.226616 | val (scaled) MSE: mean=0.002924 med=0.000868 std=0.006152 min=0.000000 max=0.035305
2025-08-26T11:28:17Z - INFO - [train_model] Epoch 113 | train (price) MSE=0.000264 MAE=0.010854 RMSE=0.016259 | val (price) MSE=0.000193 MAE=0.010059 RMSE=0.013895
2025-08-26T11:28:18Z - INFO - [train_model] Epoch 114 | train (scaled) MSE: mean=0.004002 med=0.000966 std=0.014909 min=0.000000 max=0.229652 | val (scaled) MSE: mean=0.002983 med=0.000875 std=0.006274 min=0.000000 max=0.036102
2025-08-26T11:28:18Z - INFO - [train_model] Epoch 114 | train (price) MSE=0.000264 MAE=0.010859 RMSE=0.016255 | val (price) MSE=0.000197 MAE=0.010138 RMSE=0.014034
2025-08-26T11:28:18Z - INFO - [train_model] Epoch 115 | train (scaled) MSE: mean=0.004040 med=0.001044 std=0.014940 min=0.000000 max=0.226729 | val (scaled) MSE: mean=0.003007 med=0.000854 std=0.006342 min=0.000000 max=0.036218
2025-08-26T11:28:18Z - INFO - [train_model] Epoch 115 | train (price) MSE=0.000267 MAE=0.011031 RMSE=0.016333 | val (price) MSE=0.000199 MAE=0.010153 RMSE=0.014091
2025-08-26T11:28:19Z - INFO - [train_model] Epoch 116 | train (scaled) MSE: mean=0.004072 med=0.001012 std=0.014961 min=0.000000 max=0.229155 | val (scaled) MSE: mean=0.002980 med=0.000890 std=0.006259 min=0.000001 max=0.035867
2025-08-26T11:28:19Z - INFO - [train_model] Epoch 116 | train (price) MSE=0.000269 MAE=0.011097 RMSE=0.016397 | val (price) MSE=0.000197 MAE=0.010137 RMSE=0.014028
2025-08-26T11:28:19Z - INFO - [train_model] Epoch 117 | train (scaled) MSE: mean=0.004089 med=0.001065 std=0.014864 min=0.000000 max=0.228094 | val (scaled) MSE: mean=0.002921 med=0.000801 std=0.006155 min=0.000000 max=0.035436
2025-08-26T11:28:19Z - INFO - [train_model] Epoch 117 | train (price) MSE=0.000270 MAE=0.011161 RMSE=0.016431 | val (price) MSE=0.000193 MAE=0.010060 RMSE=0.013887
2025-08-26T11:28:20Z - INFO - [train_model] Epoch 118 | train (scaled) MSE: mean=0.004218 med=0.001143 std=0.014799 min=0.000000 max=0.228409 | val (scaled) MSE: mean=0.002944 med=0.000913 std=0.006155 min=0.000000 max=0.035393
2025-08-26T11:28:20Z - INFO - [train_model] Epoch 118 | train (price) MSE=0.000278 MAE=0.011507 RMSE=0.016687 | val (price) MSE=0.000194 MAE=0.010133 RMSE=0.013942
2025-08-26T11:28:20Z - INFO - [train_model] Epoch 119 | train (scaled) MSE: mean=0.004210 med=0.001128 std=0.014859 min=0.000000 max=0.229322 | val (scaled) MSE: mean=0.002949 med=0.000854 std=0.006227 min=0.000000 max=0.035760
2025-08-26T11:28:20Z - INFO - [train_model] Epoch 119 | train (price) MSE=0.000278 MAE=0.011516 RMSE=0.016672 | val (price) MSE=0.000195 MAE=0.010071 RMSE=0.013955
2025-08-26T11:28:21Z - INFO - [train_model] Epoch 120 | train (scaled) MSE: mean=0.004192 med=0.001108 std=0.014968 min=0.000000 max=0.228748 | val (scaled) MSE: mean=0.002933 med=0.000832 std=0.006197 min=0.000000 max=0.035618
2025-08-26T11:28:21Z - INFO - [train_model] Epoch 120 | train (price) MSE=0.000277 MAE=0.011414 RMSE=0.016637 | val (price) MSE=0.000194 MAE=0.010045 RMSE=0.013916
2025-08-26T11:28:21Z - INFO - [train_model] Epoch 121 | train (scaled) MSE: mean=0.004192 med=0.001110 std=0.015014 min=0.000000 max=0.228726 | val (scaled) MSE: mean=0.002958 med=0.000839 std=0.006251 min=0.000000 max=0.035835
2025-08-26T11:28:21Z - INFO - [train_model] Epoch 121 | train (price) MSE=0.000277 MAE=0.011388 RMSE=0.016636 | val (price) MSE=0.000195 MAE=0.010080 RMSE=0.013974
2025-08-26T11:28:22Z - INFO - [train_model] Epoch 122 | train (scaled) MSE: mean=0.004155 med=0.001074 std=0.014976 min=0.000000 max=0.228652 | val (scaled) MSE: mean=0.002950 med=0.000858 std=0.006227 min=0.000000 max=0.035770
2025-08-26T11:28:22Z - INFO - [train_model] Epoch 122 | train (price) MSE=0.000274 MAE=0.011294 RMSE=0.016563 | val (price) MSE=0.000195 MAE=0.010070 RMSE=0.013955
2025-08-26T11:28:22Z - INFO - [train_model] Epoch 123 | train (scaled) MSE: mean=0.004055 med=0.001016 std=0.014837 min=0.000000 max=0.230142 | val (scaled) MSE: mean=0.002965 med=0.000851 std=0.006261 min=0.000000 max=0.035890
2025-08-26T11:28:22Z - INFO - [train_model] Epoch 123 | train (price) MSE=0.000268 MAE=0.011085 RMSE=0.016362 | val (price) MSE=0.000196 MAE=0.010093 RMSE=0.013992
2025-08-26T11:28:23Z - INFO - [train_model] Epoch 124 | train (scaled) MSE: mean=0.004035 med=0.001071 std=0.014740 min=0.000000 max=0.229377 | val (scaled) MSE: mean=0.002962 med=0.000864 std=0.006246 min=0.000000 max=0.035818
2025-08-26T11:28:23Z - INFO - [train_model] Epoch 124 | train (price) MSE=0.000266 MAE=0.011105 RMSE=0.016321 | val (price) MSE=0.000196 MAE=0.010097 RMSE=0.013984
2025-08-26T11:28:23Z - INFO - [train_model] Epoch 125 | train (scaled) MSE: mean=0.003988 med=0.001019 std=0.014819 min=0.000000 max=0.231064 | val (scaled) MSE: mean=0.003000 med=0.000866 std=0.006323 min=0.000000 max=0.036204
2025-08-26T11:28:23Z - INFO - [train_model] Epoch 125 | train (price) MSE=0.000263 MAE=0.010946 RMSE=0.016227 | val (price) MSE=0.000198 MAE=0.010143 RMSE=0.014073
2025-08-26T11:28:24Z - INFO - [train_model] Epoch 126 | train (scaled) MSE: mean=0.003955 med=0.000977 std=0.014676 min=0.000000 max=0.229273 | val (scaled) MSE: mean=0.002947 med=0.000843 std=0.006227 min=0.000000 max=0.035750
2025-08-26T11:28:24Z - INFO - [train_model] Epoch 126 | train (price) MSE=0.000261 MAE=0.010855 RMSE=0.016160 | val (price) MSE=0.000195 MAE=0.010064 RMSE=0.013950
2025-08-26T11:28:24Z - INFO - [train_model] Epoch 127 | train (scaled) MSE: mean=0.003930 med=0.000974 std=0.014646 min=0.000000 max=0.229226 | val (scaled) MSE: mean=0.002915 med=0.000795 std=0.006159 min=0.000000 max=0.035421
2025-08-26T11:28:24Z - INFO - [train_model] Epoch 127 | train (price) MSE=0.000259 MAE=0.010799 RMSE=0.016107 | val (price) MSE=0.000192 MAE=0.010029 RMSE=0.013873
2025-08-26T11:28:25Z - INFO - [train_model] Epoch 128 | train (scaled) MSE: mean=0.003894 med=0.000971 std=0.014647 min=0.000000 max=0.228094 | val (scaled) MSE: mean=0.002931 med=0.000820 std=0.006192 min=0.000000 max=0.035635
2025-08-26T11:28:25Z - INFO - [train_model] Epoch 128 | train (price) MSE=0.000257 MAE=0.010714 RMSE=0.016034 | val (price) MSE=0.000193 MAE=0.010043 RMSE=0.013910
2025-08-26T11:28:25Z - INFO - [train_model] Epoch 129 | train (scaled) MSE: mean=0.003901 med=0.000941 std=0.014629 min=0.000000 max=0.228624 | val (scaled) MSE: mean=0.002982 med=0.000847 std=0.006287 min=0.000000 max=0.036121
2025-08-26T11:28:25Z - INFO - [train_model] Epoch 129 | train (price) MSE=0.000258 MAE=0.010738 RMSE=0.016048 | val (price) MSE=0.000197 MAE=0.010125 RMSE=0.014032
2025-08-26T11:28:26Z - INFO - [train_model] Epoch 130 | train (scaled) MSE: mean=0.003892 med=0.000921 std=0.014668 min=0.000000 max=0.230029 | val (scaled) MSE: mean=0.002989 med=0.000852 std=0.006297 min=0.000000 max=0.036170
2025-08-26T11:28:26Z - INFO - [train_model] Epoch 130 | train (price) MSE=0.000257 MAE=0.010685 RMSE=0.016030 | val (price) MSE=0.000197 MAE=0.010139 RMSE=0.014048
2025-08-26T11:28:26Z - INFO - [train_model] Epoch 131 | train (scaled) MSE: mean=0.003892 med=0.000921 std=0.014587 min=0.000000 max=0.226777 | val (scaled) MSE: mean=0.002963 med=0.000852 std=0.006258 min=0.000000 max=0.035958
2025-08-26T11:28:26Z - INFO - [train_model] Epoch 131 | train (price) MSE=0.000257 MAE=0.010716 RMSE=0.016030 | val (price) MSE=0.000196 MAE=0.010089 RMSE=0.013988
2025-08-26T11:28:27Z - INFO - [train_model] Epoch 132 | train (scaled) MSE: mean=0.003872 med=0.000899 std=0.014613 min=0.000000 max=0.229026 | val (scaled) MSE: mean=0.002950 med=0.000820 std=0.006250 min=0.000000 max=0.035900
2025-08-26T11:28:27Z - INFO - [train_model] Epoch 132 | train (price) MSE=0.000256 MAE=0.010697 RMSE=0.015989 | val (price) MSE=0.000195 MAE=0.010054 RMSE=0.013956
2025-08-26T11:28:27Z - INFO - [train_model] Epoch 133 | train (scaled) MSE: mean=0.003882 med=0.000965 std=0.014534 min=0.000000 max=0.228560 | val (scaled) MSE: mean=0.002952 med=0.000840 std=0.006238 min=0.000000 max=0.035834
2025-08-26T11:28:27Z - INFO - [train_model] Epoch 133 | train (price) MSE=0.000256 MAE=0.010788 RMSE=0.016010 | val (price) MSE=0.000195 MAE=0.010070 RMSE=0.013960
2025-08-26T11:28:28Z - INFO - [train_model] Epoch 134 | train (scaled) MSE: mean=0.003900 med=0.000995 std=0.014509 min=0.000000 max=0.228448 | val (scaled) MSE: mean=0.002955 med=0.000823 std=0.006261 min=0.000000 max=0.035950
2025-08-26T11:28:28Z - INFO - [train_model] Epoch 134 | train (price) MSE=0.000258 MAE=0.010893 RMSE=0.016047 | val (price) MSE=0.000195 MAE=0.010058 RMSE=0.013968
2025-08-26T11:28:28Z - INFO - [train_model] Epoch 135 | train (scaled) MSE: mean=0.003903 med=0.001022 std=0.014518 min=0.000000 max=0.230185 | val (scaled) MSE: mean=0.002961 med=0.000866 std=0.006248 min=0.000000 max=0.035892
2025-08-26T11:28:28Z - INFO - [train_model] Epoch 135 | train (price) MSE=0.000258 MAE=0.010894 RMSE=0.016053 | val (price) MSE=0.000196 MAE=0.010096 RMSE=0.013983
2025-08-26T11:28:29Z - INFO - [train_model] Epoch 136 | train (scaled) MSE: mean=0.003924 med=0.001001 std=0.014564 min=0.000000 max=0.229021 | val (scaled) MSE: mean=0.002930 med=0.000804 std=0.006230 min=0.000000 max=0.035770
2025-08-26T11:28:29Z - INFO - [train_model] Epoch 136 | train (price) MSE=0.000259 MAE=0.010952 RMSE=0.016097 | val (price) MSE=0.000193 MAE=0.010018 RMSE=0.013908
2025-08-26T11:28:29Z - INFO - [train_model] Epoch 137 | train (scaled) MSE: mean=0.003965 med=0.001050 std=0.014566 min=0.000000 max=0.227468 | val (scaled) MSE: mean=0.002974 med=0.000848 std=0.006282 min=0.000000 max=0.036078
2025-08-26T11:28:29Z - INFO - [train_model] Epoch 137 | train (price) MSE=0.000262 MAE=0.011050 RMSE=0.016180 | val (price) MSE=0.000196 MAE=0.010102 RMSE=0.014013
2025-08-26T11:28:29Z - INFO - [train_model] Early stopping at epoch 137 (best price val MSE=0.000191 @ epoch 97)
2025-08-26T11:28:29Z - INFO - [visualize_full_prediction] Saved full prediction plot for EBAY to output/20250826-072716/plots/EBAY_tabmlp_full_returns_prediction.png
2025-08-26T11:28:29Z - INFO - [visualize_sentiment] Saved sentiment plot for EBAY to output/20250826-072716/plots/EBAY_sentiment.png
2025-08-26T11:28:29Z - INFO - [train] [EBAY] Test (price) MSE=0.000465 | MAE=0.014632 | RMSE=0.021559 (scaled MSE=0.007040)
2025-08-26T11:28:29Z - INFO - [train] [EBAY] Final (price) Train MSE=0.000262 | Val MSE=0.000196 (scaled Train MSE=0.003965 | Val MSE=0.002974)
2025-08-26T11:28:29Z - INFO - [train] [EBAY] Best epoch=97 | Best (price) Train MSE=0.000272 | Best (price) Val MSE=0.000191 | Saved at=/home/tbfs/Projects/finBert/output/20250826-072716/saved_weights/EBAY/EBAY_best-epoch097.pt
2025-08-26T11:28:29Z - INFO - [train] Wrote evaluation summary → output/20250826-072716/evaluation.json
