2025-08-28T18:15:30Z - INFO - [Pipeline::__init__] Loaded news dataframe with columns=['title', 'date', 'stock'] shape=(1277896, 3).
2025-08-28T18:15:30Z - INFO - [SentimentGenerator::_load] Loaded precomputed sentiment from /home/tbfs/Projects/finBert/output/20250823-140342/sentiment_daily.csv
2025-08-28T18:15:30Z - INFO - [train] Training predictor for ticker: ['ACAM', 'BMY', 'EBAY', 'EWI', 'BABA', 'DAL', 'JNJ', 'NFLX', 'TSLA']
2025-08-28T18:15:30Z - WARNING - [process_ticker] Skipping ACAM: price file is empty after loading (/home/tbfs/Projects/finBert/yf/ACAM.csv)
2025-08-28T18:15:30Z - INFO - [process_ticker] Loaded prices for BMY with columns=['date', 'open', 'high', 'low', 'close', 'volume', 'Dividends', 'Stock Splits'] shape=(2516, 8).
2025-08-28T18:15:30Z - INFO - [process_ticker] Loaded prices for EWI with columns=['date', 'open', 'high', 'low', 'close', 'volume', 'Dividends', 'Stock Splits', 'Capital Gains'] shape=(2516, 9).
2025-08-28T18:15:30Z - INFO - [process_ticker] Loaded prices for BABA with columns=['date', 'open', 'high', 'low', 'close', 'volume', 'Dividends', 'Stock Splits'] shape=(1330, 8).
2025-08-28T18:15:30Z - INFO - [process_ticker] Loaded prices for JNJ with columns=['date', 'open', 'high', 'low', 'close', 'volume', 'Dividends', 'Stock Splits'] shape=(2516, 8).
2025-08-28T18:15:30Z - INFO - [process_ticker] Loaded prices for EBAY with columns=['date', 'open', 'high', 'low', 'close', 'volume', 'Dividends', 'Stock Splits'] shape=(2516, 8).
2025-08-28T18:15:30Z - INFO - [process_ticker] Loaded prices for DAL with columns=['date', 'open', 'high', 'low', 'close', 'volume', 'Dividends', 'Stock Splits'] shape=(2516, 8).
2025-08-28T18:15:30Z - INFO - [process_ticker] Loaded prices for NFLX with columns=['date', 'open', 'high', 'low', 'close', 'volume', 'Dividends', 'Stock Splits'] shape=(2516, 8).
2025-08-28T18:15:31Z - INFO - [process_ticker] Loaded prices for TSLA with columns=['date', 'open', 'high', 'low', 'close', 'volume', 'Dividends', 'Stock Splits'] shape=(2394, 8).
2025-08-28T18:15:31Z - INFO - [train] feat_cols=['Open', 'High', 'Low', 'Volume', 'Close']
2025-08-28T18:15:31Z - INFO - [train] Combined supervised dataframe shape: (18812, 14)
2025-08-28T18:15:31Z - INFO - [SequenceDataset::__init__] len(self.valid_indices)=12 out of len(df_)=18812 samples are valid for lookback=60 with sentiment_col=SentimentScore
2025-08-28T18:15:31Z - INFO - [SequenceDataset::__init__] len(self.valid_indices)=4 out of len(df_)=18812 samples are valid for lookback=60 with sentiment_col=SentimentScore
2025-08-28T18:15:31Z - INFO - [SequenceDataset::__init__] len(self.valid_indices)=5 out of len(df_)=18812 samples are valid for lookback=60 with sentiment_col=SentimentScore
2025-08-28T18:15:31Z - INFO - [train_model] Epoch 001 | train (scaled) MSE: mean=0.167014 med=0.083969 std=0.237164 min=0.004319 max=0.873001 | val (scaled) MSE: mean=0.054943 med=0.039887 std=0.048713 min=0.004686 max=0.135311
2025-08-28T18:15:31Z - INFO - [train_model] Epoch 001 | train (price) MSE=0.001108 MAE=0.027046 RMSE=0.033287 | val (price) MSE=0.000364 MAE=0.017000 RMSE=0.019092
2025-08-28T18:15:31Z - INFO - [train_model] New best (price) val MSE=0.000364 at epoch 1; saved → /home/tbfs/Projects/finBert/output/20250828-141526/saved_weights/all_tickers/all_tickers_best-epoch001.pt
2025-08-28T18:15:31Z - INFO - [train_model] Epoch 002 | train (scaled) MSE: mean=0.166308 med=0.083678 std=0.236452 min=0.004433 max=0.870567 | val (scaled) MSE: mean=0.054578 med=0.039471 std=0.048420 min=0.004831 max=0.134538
2025-08-28T18:15:31Z - INFO - [train_model] Epoch 002 | train (price) MSE=0.001103 MAE=0.026976 RMSE=0.033216 | val (price) MSE=0.000362 MAE=0.016958 RMSE=0.019028
2025-08-28T18:15:31Z - INFO - [train_model] New best (price) val MSE=0.000362 at epoch 2; saved → /home/tbfs/Projects/finBert/output/20250828-141526/saved_weights/all_tickers/all_tickers_best-epoch002.pt
2025-08-28T18:15:31Z - INFO - [train_model] Epoch 003 | train (scaled) MSE: mean=0.165650 med=0.082824 std=0.236059 min=0.004641 max=0.868960 | val (scaled) MSE: mean=0.054196 med=0.039035 std=0.048113 min=0.004986 max=0.133729
2025-08-28T18:15:31Z - INFO - [train_model] Epoch 003 | train (price) MSE=0.001099 MAE=0.026904 RMSE=0.033150 | val (price) MSE=0.000360 MAE=0.016913 RMSE=0.018962
2025-08-28T18:15:31Z - INFO - [train_model] New best (price) val MSE=0.000360 at epoch 3; saved → /home/tbfs/Projects/finBert/output/20250828-141526/saved_weights/all_tickers/all_tickers_best-epoch003.pt
2025-08-28T18:15:31Z - INFO - [train_model] Epoch 004 | train (scaled) MSE: mean=0.164937 med=0.082169 std=0.235479 min=0.004746 max=0.866492 | val (scaled) MSE: mean=0.053827 med=0.038613 std=0.047814 min=0.005140 max=0.132941
2025-08-28T18:15:31Z - INFO - [train_model] Epoch 004 | train (price) MSE=0.001094 MAE=0.026826 RMSE=0.033079 | val (price) MSE=0.000357 MAE=0.016869 RMSE=0.018897
2025-08-28T18:15:31Z - INFO - [train_model] New best (price) val MSE=0.000357 at epoch 4; saved → /home/tbfs/Projects/finBert/output/20250828-141526/saved_weights/all_tickers/all_tickers_best-epoch004.pt
2025-08-28T18:15:31Z - INFO - [train_model] Epoch 005 | train (scaled) MSE: mean=0.164234 med=0.081781 std=0.235020 min=0.004870 max=0.864687 | val (scaled) MSE: mean=0.053465 med=0.038200 std=0.047520 min=0.005293 max=0.132169
2025-08-28T18:15:31Z - INFO - [train_model] Epoch 005 | train (price) MSE=0.001090 MAE=0.026750 RMSE=0.033008 | val (price) MSE=0.000355 MAE=0.016826 RMSE=0.018833
2025-08-28T18:15:31Z - INFO - [train_model] New best (price) val MSE=0.000355 at epoch 5; saved → /home/tbfs/Projects/finBert/output/20250828-141526/saved_weights/all_tickers/all_tickers_best-epoch005.pt
2025-08-28T18:15:31Z - INFO - [train_model] Epoch 006 | train (scaled) MSE: mean=0.163554 med=0.081088 std=0.234448 min=0.005123 max=0.862471 | val (scaled) MSE: mean=0.053096 med=0.037778 std=0.047218 min=0.005453 max=0.131377
2025-08-28T18:15:31Z - INFO - [train_model] Epoch 006 | train (price) MSE=0.001085 MAE=0.026684 RMSE=0.032940 | val (price) MSE=0.000352 MAE=0.016782 RMSE=0.018768
2025-08-28T18:15:31Z - INFO - [train_model] New best (price) val MSE=0.000352 at epoch 6; saved → /home/tbfs/Projects/finBert/output/20250828-141526/saved_weights/all_tickers/all_tickers_best-epoch006.pt
2025-08-28T18:15:31Z - INFO - [train_model] Epoch 007 | train (scaled) MSE: mean=0.162807 med=0.080477 std=0.233912 min=0.005161 max=0.860475 | val (scaled) MSE: mean=0.052767 med=0.037401 std=0.046948 min=0.005598 max=0.130669
2025-08-28T18:15:31Z - INFO - [train_model] Epoch 007 | train (price) MSE=0.001080 MAE=0.026602 RMSE=0.032865 | val (price) MSE=0.000350 MAE=0.016742 RMSE=0.018710
2025-08-28T18:15:31Z - INFO - [train_model] New best (price) val MSE=0.000350 at epoch 7; saved → /home/tbfs/Projects/finBert/output/20250828-141526/saved_weights/all_tickers/all_tickers_best-epoch007.pt
2025-08-28T18:15:31Z - INFO - [train_model] Epoch 008 | train (scaled) MSE: mean=0.162159 med=0.079532 std=0.233463 min=0.005315 max=0.858473 | val (scaled) MSE: mean=0.052407 med=0.036988 std=0.046651 min=0.005761 max=0.129891
2025-08-28T18:15:31Z - INFO - [train_model] Epoch 008 | train (price) MSE=0.001076 MAE=0.026529 RMSE=0.032799 | val (price) MSE=0.000348 MAE=0.016699 RMSE=0.018646
2025-08-28T18:15:31Z - INFO - [train_model] New best (price) val MSE=0.000348 at epoch 8; saved → /home/tbfs/Projects/finBert/output/20250828-141526/saved_weights/all_tickers/all_tickers_best-epoch008.pt
2025-08-28T18:15:31Z - INFO - [train_model] Epoch 009 | train (scaled) MSE: mean=0.161450 med=0.078952 std=0.232949 min=0.005473 max=0.856822 | val (scaled) MSE: mean=0.052062 med=0.036592 std=0.046366 min=0.005919 max=0.129146
2025-08-28T18:15:31Z - INFO - [train_model] Epoch 009 | train (price) MSE=0.001071 MAE=0.026455 RMSE=0.032727 | val (price) MSE=0.000345 MAE=0.016657 RMSE=0.018585
2025-08-28T18:15:31Z - INFO - [train_model] New best (price) val MSE=0.000345 at epoch 9; saved → /home/tbfs/Projects/finBert/output/20250828-141526/saved_weights/all_tickers/all_tickers_best-epoch009.pt
2025-08-28T18:15:31Z - INFO - [train_model] Epoch 010 | train (scaled) MSE: mean=0.160750 med=0.078401 std=0.232221 min=0.005655 max=0.853915 | val (scaled) MSE: mean=0.051724 med=0.036204 std=0.046084 min=0.006078 max=0.128411
2025-08-28T18:15:31Z - INFO - [train_model] Epoch 010 | train (price) MSE=0.001066 MAE=0.026384 RMSE=0.032656 | val (price) MSE=0.000343 MAE=0.016615 RMSE=0.018524
2025-08-28T18:15:31Z - INFO - [train_model] New best (price) val MSE=0.000343 at epoch 10; saved → /home/tbfs/Projects/finBert/output/20250828-141526/saved_weights/all_tickers/all_tickers_best-epoch010.pt
2025-08-28T18:15:31Z - INFO - [train_model] Epoch 011 | train (scaled) MSE: mean=0.160146 med=0.078125 std=0.232021 min=0.005933 max=0.853352 | val (scaled) MSE: mean=0.051333 med=0.035755 std=0.045757 min=0.006265 max=0.127557
2025-08-28T18:15:31Z - INFO - [train_model] Epoch 011 | train (price) MSE=0.001062 MAE=0.026315 RMSE=0.032595 | val (price) MSE=0.000341 MAE=0.016567 RMSE=0.018454
2025-08-28T18:15:31Z - INFO - [train_model] New best (price) val MSE=0.000341 at epoch 11; saved → /home/tbfs/Projects/finBert/output/20250828-141526/saved_weights/all_tickers/all_tickers_best-epoch011.pt
2025-08-28T18:15:31Z - INFO - [train_model] Epoch 012 | train (scaled) MSE: mean=0.159368 med=0.077367 std=0.231317 min=0.005947 max=0.850430 | val (scaled) MSE: mean=0.050991 med=0.035362 std=0.045469 min=0.006432 max=0.126808
2025-08-28T18:15:31Z - INFO - [train_model] Epoch 012 | train (price) MSE=0.001057 MAE=0.026224 RMSE=0.032516 | val (price) MSE=0.000338 MAE=0.016524 RMSE=0.018392
2025-08-28T18:15:31Z - INFO - [train_model] New best (price) val MSE=0.000338 at epoch 12; saved → /home/tbfs/Projects/finBert/output/20250828-141526/saved_weights/all_tickers/all_tickers_best-epoch012.pt
2025-08-28T18:15:31Z - INFO - [train_model] Epoch 013 | train (scaled) MSE: mean=0.158647 med=0.076786 std=0.230689 min=0.006150 max=0.848087 | val (scaled) MSE: mean=0.050671 med=0.034994 std=0.045199 min=0.006592 max=0.126103
2025-08-28T18:15:31Z - INFO - [train_model] Epoch 013 | train (price) MSE=0.001052 MAE=0.026155 RMSE=0.032442 | val (price) MSE=0.000336 MAE=0.016484 RMSE=0.018335
2025-08-28T18:15:31Z - INFO - [train_model] New best (price) val MSE=0.000336 at epoch 13; saved → /home/tbfs/Projects/finBert/output/20250828-141526/saved_weights/all_tickers/all_tickers_best-epoch013.pt
2025-08-28T18:15:31Z - INFO - [train_model] Epoch 014 | train (scaled) MSE: mean=0.158145 med=0.075996 std=0.230660 min=0.006423 max=0.847504 | val (scaled) MSE: mean=0.050264 med=0.034526 std=0.044853 min=0.006799 max=0.125205
2025-08-28T18:15:31Z - INFO - [train_model] Epoch 014 | train (price) MSE=0.001049 MAE=0.026081 RMSE=0.032391 | val (price) MSE=0.000333 MAE=0.016433 RMSE=0.018261
2025-08-28T18:15:31Z - INFO - [train_model] New best (price) val MSE=0.000333 at epoch 14; saved → /home/tbfs/Projects/finBert/output/20250828-141526/saved_weights/all_tickers/all_tickers_best-epoch014.pt
2025-08-28T18:15:31Z - INFO - [train_model] Epoch 015 | train (scaled) MSE: mean=0.157290 med=0.075534 std=0.229817 min=0.006563 max=0.844730 | val (scaled) MSE: mean=0.049939 med=0.034152 std=0.044576 min=0.006968 max=0.124485
2025-08-28T18:15:31Z - INFO - [train_model] Epoch 015 | train (price) MSE=0.001043 MAE=0.025997 RMSE=0.032303 | val (price) MSE=0.000331 MAE=0.016392 RMSE=0.018202
2025-08-28T18:15:31Z - INFO - [train_model] New best (price) val MSE=0.000331 at epoch 15; saved → /home/tbfs/Projects/finBert/output/20250828-141526/saved_weights/all_tickers/all_tickers_best-epoch015.pt
2025-08-28T18:15:31Z - INFO - [train_model] Epoch 016 | train (scaled) MSE: mean=0.156654 med=0.074655 std=0.229443 min=0.006793 max=0.843151 | val (scaled) MSE: mean=0.049587 med=0.033746 std=0.044274 min=0.007155 max=0.123701
2025-08-28T18:15:31Z - INFO - [train_model] Epoch 016 | train (price) MSE=0.001039 MAE=0.025927 RMSE=0.032238 | val (price) MSE=0.000329 MAE=0.016347 RMSE=0.018137
2025-08-28T18:15:31Z - INFO - [train_model] New best (price) val MSE=0.000329 at epoch 16; saved → /home/tbfs/Projects/finBert/output/20250828-141526/saved_weights/all_tickers/all_tickers_best-epoch016.pt
2025-08-28T18:15:31Z - INFO - [train_model] Epoch 017 | train (scaled) MSE: mean=0.155909 med=0.074065 std=0.228659 min=0.006804 max=0.839878 | val (scaled) MSE: mean=0.049268 med=0.033378 std=0.043999 min=0.007328 max=0.122988
2025-08-28T18:15:31Z - INFO - [train_model] Epoch 017 | train (price) MSE=0.001034 MAE=0.025845 RMSE=0.032161 | val (price) MSE=0.000327 MAE=0.016306 RMSE=0.018079
2025-08-28T18:15:31Z - INFO - [train_model] New best (price) val MSE=0.000327 at epoch 17; saved → /home/tbfs/Projects/finBert/output/20250828-141526/saved_weights/all_tickers/all_tickers_best-epoch017.pt
2025-08-28T18:15:31Z - INFO - [train_model] Epoch 018 | train (scaled) MSE: mean=0.155246 med=0.073476 std=0.228381 min=0.006745 max=0.839049 | val (scaled) MSE: mean=0.048923 med=0.032979 std=0.043700 min=0.007518 max=0.122213
2025-08-28T18:15:31Z - INFO - [train_model] Epoch 018 | train (price) MSE=0.001030 MAE=0.025771 RMSE=0.032092 | val (price) MSE=0.000325 MAE=0.016261 RMSE=0.018016
2025-08-28T18:15:31Z - INFO - [train_model] New best (price) val MSE=0.000325 at epoch 18; saved → /home/tbfs/Projects/finBert/output/20250828-141526/saved_weights/all_tickers/all_tickers_best-epoch018.pt
2025-08-28T18:15:31Z - INFO - [train_model] Epoch 019 | train (scaled) MSE: mean=0.154616 med=0.072980 std=0.227772 min=0.006368 max=0.836370 | val (scaled) MSE: mean=0.048551 med=0.032550 std=0.043376 min=0.007728 max=0.121376
2025-08-28T18:15:31Z - INFO - [train_model] Epoch 019 | train (price) MSE=0.001026 MAE=0.025691 RMSE=0.032027 | val (price) MSE=0.000322 MAE=0.016212 RMSE=0.017947
2025-08-28T18:15:31Z - INFO - [train_model] New best (price) val MSE=0.000322 at epoch 19; saved → /home/tbfs/Projects/finBert/output/20250828-141526/saved_weights/all_tickers/all_tickers_best-epoch019.pt
2025-08-28T18:15:31Z - INFO - [train_model] Epoch 020 | train (scaled) MSE: mean=0.153817 med=0.072404 std=0.227171 min=0.006327 max=0.834421 | val (scaled) MSE: mean=0.048240 med=0.032189 std=0.043104 min=0.007907 max=0.120673
2025-08-28T18:15:31Z - INFO - [train_model] Epoch 020 | train (price) MSE=0.001020 MAE=0.025611 RMSE=0.031944 | val (price) MSE=0.000320 MAE=0.016172 RMSE=0.017889
2025-08-28T18:15:32Z - INFO - [train_model] New best (price) val MSE=0.000320 at epoch 20; saved → /home/tbfs/Projects/finBert/output/20250828-141526/saved_weights/all_tickers/all_tickers_best-epoch020.pt
2025-08-28T18:15:32Z - INFO - [train_model] Epoch 021 | train (scaled) MSE: mean=0.153173 med=0.071788 std=0.226612 min=0.006170 max=0.831999 | val (scaled) MSE: mean=0.047919 med=0.031819 std=0.042822 min=0.008094 max=0.119945
2025-08-28T18:15:32Z - INFO - [train_model] Epoch 021 | train (price) MSE=0.001016 MAE=0.025534 RMSE=0.031877 | val (price) MSE=0.000318 MAE=0.016129 RMSE=0.017830
2025-08-28T18:15:32Z - INFO - [train_model] New best (price) val MSE=0.000318 at epoch 21; saved → /home/tbfs/Projects/finBert/output/20250828-141526/saved_weights/all_tickers/all_tickers_best-epoch021.pt
2025-08-28T18:15:32Z - INFO - [train_model] Epoch 022 | train (scaled) MSE: mean=0.152523 med=0.071087 std=0.226035 min=0.005866 max=0.829650 | val (scaled) MSE: mean=0.047595 med=0.031444 std=0.042537 min=0.008287 max=0.119207
2025-08-28T18:15:32Z - INFO - [train_model] Epoch 022 | train (price) MSE=0.001012 MAE=0.025457 RMSE=0.031810 | val (price) MSE=0.000316 MAE=0.016086 RMSE=0.017770
2025-08-28T18:15:32Z - INFO - [train_model] New best (price) val MSE=0.000316 at epoch 22; saved → /home/tbfs/Projects/finBert/output/20250828-141526/saved_weights/all_tickers/all_tickers_best-epoch022.pt
2025-08-28T18:15:32Z - INFO - [train_model] Epoch 023 | train (scaled) MSE: mean=0.151838 med=0.070564 std=0.225667 min=0.005812 max=0.828674 | val (scaled) MSE: mean=0.047277 med=0.031074 std=0.042255 min=0.008481 max=0.118479
2025-08-28T18:15:32Z - INFO - [train_model] Epoch 023 | train (price) MSE=0.001007 MAE=0.025383 RMSE=0.031738 | val (price) MSE=0.000314 MAE=0.016044 RMSE=0.017710
2025-08-28T18:15:32Z - INFO - [train_model] New best (price) val MSE=0.000314 at epoch 23; saved → /home/tbfs/Projects/finBert/output/20250828-141526/saved_weights/all_tickers/all_tickers_best-epoch023.pt
2025-08-28T18:15:32Z - INFO - [train_model] Epoch 024 | train (scaled) MSE: mean=0.151165 med=0.070078 std=0.224978 min=0.005579 max=0.825814 | val (scaled) MSE: mean=0.046969 med=0.030717 std=0.041980 min=0.008671 max=0.117771
2025-08-28T18:15:32Z - INFO - [train_model] Epoch 024 | train (price) MSE=0.001003 MAE=0.025304 RMSE=0.031668 | val (price) MSE=0.000312 MAE=0.016002 RMSE=0.017652
2025-08-28T18:15:32Z - INFO - [train_model] New best (price) val MSE=0.000312 at epoch 24; saved → /home/tbfs/Projects/finBert/output/20250828-141526/saved_weights/all_tickers/all_tickers_best-epoch024.pt
2025-08-28T18:15:32Z - INFO - [train_model] Epoch 025 | train (scaled) MSE: mean=0.150538 med=0.069250 std=0.224767 min=0.005422 max=0.824966 | val (scaled) MSE: mean=0.046628 med=0.030320 std=0.041675 min=0.008887 max=0.116984
2025-08-28T18:15:32Z - INFO - [train_model] Epoch 025 | train (price) MSE=0.000999 MAE=0.025224 RMSE=0.031602 | val (price) MSE=0.000309 MAE=0.015956 RMSE=0.017588
2025-08-28T18:15:32Z - INFO - [train_model] New best (price) val MSE=0.000309 at epoch 25; saved → /home/tbfs/Projects/finBert/output/20250828-141526/saved_weights/all_tickers/all_tickers_best-epoch025.pt
2025-08-28T18:15:32Z - INFO - [train_model] Epoch 026 | train (scaled) MSE: mean=0.149858 med=0.068419 std=0.224239 min=0.005262 max=0.822854 | val (scaled) MSE: mean=0.046307 med=0.029948 std=0.041385 min=0.009093 max=0.116239
2025-08-28T18:15:32Z - INFO - [train_model] Epoch 026 | train (price) MSE=0.000994 MAE=0.025150 RMSE=0.031531 | val (price) MSE=0.000307 MAE=0.015912 RMSE=0.017527
2025-08-28T18:15:32Z - INFO - [train_model] New best (price) val MSE=0.000307 at epoch 26; saved → /home/tbfs/Projects/finBert/output/20250828-141526/saved_weights/all_tickers/all_tickers_best-epoch026.pt
2025-08-28T18:15:32Z - INFO - [train_model] Epoch 027 | train (scaled) MSE: mean=0.149193 med=0.067873 std=0.223792 min=0.005152 max=0.821220 | val (scaled) MSE: mean=0.045987 med=0.029576 std=0.041096 min=0.009303 max=0.115494
2025-08-28T18:15:32Z - INFO - [train_model] Epoch 027 | train (price) MSE=0.000990 MAE=0.025073 RMSE=0.031461 | val (price) MSE=0.000305 MAE=0.015868 RMSE=0.017467
2025-08-28T18:15:32Z - INFO - [train_model] New best (price) val MSE=0.000305 at epoch 27; saved → /home/tbfs/Projects/finBert/output/20250828-141526/saved_weights/all_tickers/all_tickers_best-epoch027.pt
2025-08-28T18:15:32Z - INFO - [train_model] Epoch 028 | train (scaled) MSE: mean=0.148535 med=0.067486 std=0.223234 min=0.004891 max=0.819168 | val (scaled) MSE: mean=0.045664 med=0.029200 std=0.040802 min=0.009518 max=0.114738
2025-08-28T18:15:32Z - INFO - [train_model] Epoch 028 | train (price) MSE=0.000985 MAE=0.024993 RMSE=0.031391 | val (price) MSE=0.000303 MAE=0.015823 RMSE=0.017405
2025-08-28T18:15:32Z - INFO - [train_model] New best (price) val MSE=0.000303 at epoch 28; saved → /home/tbfs/Projects/finBert/output/20250828-141526/saved_weights/all_tickers/all_tickers_best-epoch028.pt
2025-08-28T18:15:32Z - INFO - [train_model] Epoch 029 | train (scaled) MSE: mean=0.147766 med=0.066740 std=0.222445 min=0.004720 max=0.815982 | val (scaled) MSE: mean=0.045384 med=0.028874 std=0.040546 min=0.009709 max=0.114080
2025-08-28T18:15:32Z - INFO - [train_model] Epoch 029 | train (price) MSE=0.000980 MAE=0.024910 RMSE=0.031310 | val (price) MSE=0.000301 MAE=0.015784 RMSE=0.017352
2025-08-28T18:15:32Z - INFO - [train_model] New best (price) val MSE=0.000301 at epoch 29; saved → /home/tbfs/Projects/finBert/output/20250828-141526/saved_weights/all_tickers/all_tickers_best-epoch029.pt
2025-08-28T18:15:32Z - INFO - [train_model] Epoch 030 | train (scaled) MSE: mean=0.147112 med=0.066389 std=0.221847 min=0.004640 max=0.813843 | val (scaled) MSE: mean=0.045075 med=0.028514 std=0.040261 min=0.009923 max=0.113348
2025-08-28T18:15:32Z - INFO - [train_model] Epoch 030 | train (price) MSE=0.000976 MAE=0.024838 RMSE=0.031240 | val (price) MSE=0.000299 MAE=0.015740 RMSE=0.017293
2025-08-28T18:15:32Z - INFO - [train_model] New best (price) val MSE=0.000299 at epoch 30; saved → /home/tbfs/Projects/finBert/output/20250828-141526/saved_weights/all_tickers/all_tickers_best-epoch030.pt
2025-08-28T18:15:32Z - INFO - [train_model] Epoch 031 | train (scaled) MSE: mean=0.146452 med=0.065492 std=0.221696 min=0.004441 max=0.813458 | val (scaled) MSE: mean=0.044732 med=0.028114 std=0.039945 min=0.010165 max=0.112535
2025-08-28T18:15:32Z - INFO - [train_model] Epoch 031 | train (price) MSE=0.000972 MAE=0.024745 RMSE=0.031170 | val (price) MSE=0.000297 MAE=0.015692 RMSE=0.017227
2025-08-28T18:15:32Z - INFO - [train_model] New best (price) val MSE=0.000297 at epoch 31; saved → /home/tbfs/Projects/finBert/output/20250828-141526/saved_weights/all_tickers/all_tickers_best-epoch031.pt
2025-08-28T18:15:32Z - INFO - [train_model] Epoch 032 | train (scaled) MSE: mean=0.145760 med=0.064641 std=0.221157 min=0.004197 max=0.811037 | val (scaled) MSE: mean=0.044380 med=0.027703 std=0.039619 min=0.010419 max=0.111697
2025-08-28T18:15:32Z - INFO - [train_model] Epoch 032 | train (price) MSE=0.000967 MAE=0.024664 RMSE=0.031097 | val (price) MSE=0.000294 MAE=0.015641 RMSE=0.017159
2025-08-28T18:15:32Z - INFO - [train_model] New best (price) val MSE=0.000294 at epoch 32; saved → /home/tbfs/Projects/finBert/output/20250828-141526/saved_weights/all_tickers/all_tickers_best-epoch032.pt
2025-08-28T18:15:32Z - INFO - [train_model] Epoch 033 | train (scaled) MSE: mean=0.144932 med=0.064165 std=0.220504 min=0.004122 max=0.808968 | val (scaled) MSE: mean=0.044076 med=0.027346 std=0.039334 min=0.010643 max=0.110967
2025-08-28T18:15:32Z - INFO - [train_model] Epoch 033 | train (price) MSE=0.000961 MAE=0.024569 RMSE=0.031008 | val (price) MSE=0.000292 MAE=0.015598 RMSE=0.017100
2025-08-28T18:15:32Z - INFO - [train_model] New best (price) val MSE=0.000292 at epoch 33; saved → /home/tbfs/Projects/finBert/output/20250828-141526/saved_weights/all_tickers/all_tickers_best-epoch033.pt
2025-08-28T18:15:32Z - INFO - [train_model] Epoch 034 | train (scaled) MSE: mean=0.144233 med=0.063352 std=0.220044 min=0.003977 max=0.807123 | val (scaled) MSE: mean=0.043741 med=0.026953 std=0.039021 min=0.010895 max=0.110162
2025-08-28T18:15:32Z - INFO - [train_model] Epoch 034 | train (price) MSE=0.000957 MAE=0.024480 RMSE=0.030933 | val (price) MSE=0.000290 MAE=0.015549 RMSE=0.017035
2025-08-28T18:15:32Z - INFO - [train_model] New best (price) val MSE=0.000290 at epoch 34; saved → /home/tbfs/Projects/finBert/output/20250828-141526/saved_weights/all_tickers/all_tickers_best-epoch034.pt
2025-08-28T18:15:32Z - INFO - [train_model] Epoch 035 | train (scaled) MSE: mean=0.143469 med=0.063101 std=0.219261 min=0.003726 max=0.804182 | val (scaled) MSE: mean=0.043422 med=0.026579 std=0.038720 min=0.011140 max=0.109390
2025-08-28T18:15:32Z - INFO - [train_model] Epoch 035 | train (price) MSE=0.000952 MAE=0.024395 RMSE=0.030851 | val (price) MSE=0.000288 MAE=0.015502 RMSE=0.016973
2025-08-28T18:15:32Z - INFO - [train_model] New best (price) val MSE=0.000288 at epoch 35; saved → /home/tbfs/Projects/finBert/output/20250828-141526/saved_weights/all_tickers/all_tickers_best-epoch035.pt
2025-08-28T18:15:32Z - INFO - [train_model] Epoch 036 | train (scaled) MSE: mean=0.142663 med=0.062377 std=0.218530 min=0.003675 max=0.801580 | val (scaled) MSE: mean=0.043125 med=0.026230 std=0.038440 min=0.011371 max=0.108670
2025-08-28T18:15:32Z - INFO - [train_model] Epoch 036 | train (price) MSE=0.000946 MAE=0.024306 RMSE=0.030764 | val (price) MSE=0.000286 MAE=0.015458 RMSE=0.016914
2025-08-28T18:15:32Z - INFO - [train_model] New best (price) val MSE=0.000286 at epoch 36; saved → /home/tbfs/Projects/finBert/output/20250828-141526/saved_weights/all_tickers/all_tickers_best-epoch036.pt
2025-08-28T18:15:32Z - INFO - [train_model] Epoch 037 | train (scaled) MSE: mean=0.141959 med=0.061609 std=0.217987 min=0.003537 max=0.799319 | val (scaled) MSE: mean=0.042786 med=0.025832 std=0.038117 min=0.011641 max=0.107841
2025-08-28T18:15:32Z - INFO - [train_model] Epoch 037 | train (price) MSE=0.000942 MAE=0.024215 RMSE=0.030688 | val (price) MSE=0.000284 MAE=0.015408 RMSE=0.016848
2025-08-28T18:15:32Z - INFO - [train_model] New best (price) val MSE=0.000284 at epoch 37; saved → /home/tbfs/Projects/finBert/output/20250828-141526/saved_weights/all_tickers/all_tickers_best-epoch037.pt
2025-08-28T18:15:32Z - INFO - [train_model] Epoch 038 | train (scaled) MSE: mean=0.141172 med=0.060707 std=0.217558 min=0.003321 max=0.797867 | val (scaled) MSE: mean=0.042431 med=0.025414 std=0.037776 min=0.011931 max=0.106965
2025-08-28T18:15:32Z - INFO - [train_model] Epoch 038 | train (price) MSE=0.000937 MAE=0.024120 RMSE=0.030603 | val (price) MSE=0.000281 MAE=0.015354 RMSE=0.016778
2025-08-28T18:15:32Z - INFO - [train_model] New best (price) val MSE=0.000281 at epoch 38; saved → /home/tbfs/Projects/finBert/output/20250828-141526/saved_weights/all_tickers/all_tickers_best-epoch038.pt
2025-08-28T18:15:32Z - INFO - [train_model] Epoch 039 | train (scaled) MSE: mean=0.140410 med=0.060233 std=0.217089 min=0.003045 max=0.795885 | val (scaled) MSE: mean=0.042073 med=0.024994 std=0.037431 min=0.012229 max=0.106078
2025-08-28T18:15:32Z - INFO - [train_model] Epoch 039 | train (price) MSE=0.000932 MAE=0.024009 RMSE=0.030521 | val (price) MSE=0.000279 MAE=0.015300 RMSE=0.016707
2025-08-28T18:15:32Z - INFO - [train_model] New best (price) val MSE=0.000279 at epoch 39; saved → /home/tbfs/Projects/finBert/output/20250828-141526/saved_weights/all_tickers/all_tickers_best-epoch039.pt
2025-08-28T18:15:32Z - INFO - [train_model] Epoch 040 | train (scaled) MSE: mean=0.139485 med=0.059240 std=0.216168 min=0.003009 max=0.792617 | val (scaled) MSE: mean=0.041760 med=0.024625 std=0.037127 min=0.012495 max=0.105297
2025-08-28T18:15:32Z - INFO - [train_model] Epoch 040 | train (price) MSE=0.000925 MAE=0.023919 RMSE=0.030420 | val (price) MSE=0.000277 MAE=0.015252 RMSE=0.016645
2025-08-28T18:15:32Z - INFO - [train_model] New best (price) val MSE=0.000277 at epoch 40; saved → /home/tbfs/Projects/finBert/output/20250828-141526/saved_weights/all_tickers/all_tickers_best-epoch040.pt
2025-08-28T18:15:32Z - INFO - [train_model] Epoch 041 | train (scaled) MSE: mean=0.138777 med=0.058690 std=0.215577 min=0.002730 max=0.790328 | val (scaled) MSE: mean=0.041391 med=0.024189 std=0.036767 min=0.012817 max=0.104370
2025-08-28T18:15:32Z - INFO - [train_model] Epoch 041 | train (price) MSE=0.000921 MAE=0.023817 RMSE=0.030342 | val (price) MSE=0.000275 MAE=0.015195 RMSE=0.016571
2025-08-28T18:15:32Z - INFO - [train_model] New best (price) val MSE=0.000275 at epoch 41; saved → /home/tbfs/Projects/finBert/output/20250828-141526/saved_weights/all_tickers/all_tickers_best-epoch041.pt
2025-08-28T18:15:32Z - INFO - [train_model] Epoch 042 | train (scaled) MSE: mean=0.137852 med=0.057551 std=0.214983 min=0.002578 max=0.788350 | val (scaled) MSE: mean=0.041046 med=0.023782 std=0.036428 min=0.013124 max=0.103498
2025-08-28T18:15:32Z - INFO - [train_model] Epoch 042 | train (price) MSE=0.000915 MAE=0.023700 RMSE=0.030241 | val (price) MSE=0.000272 MAE=0.015142 RMSE=0.016502
2025-08-28T18:15:32Z - INFO - [train_model] New best (price) val MSE=0.000272 at epoch 42; saved → /home/tbfs/Projects/finBert/output/20250828-141526/saved_weights/all_tickers/all_tickers_best-epoch042.pt
2025-08-28T18:15:32Z - INFO - [train_model] Epoch 043 | train (scaled) MSE: mean=0.136994 med=0.056828 std=0.214285 min=0.002428 max=0.785394 | val (scaled) MSE: mean=0.040692 med=0.023362 std=0.036077 min=0.013447 max=0.102595
2025-08-28T18:15:32Z - INFO - [train_model] Epoch 043 | train (price) MSE=0.000909 MAE=0.023590 RMSE=0.030147 | val (price) MSE=0.000270 MAE=0.015086 RMSE=0.016430
2025-08-28T18:15:32Z - INFO - [train_model] New best (price) val MSE=0.000270 at epoch 43; saved → /home/tbfs/Projects/finBert/output/20250828-141526/saved_weights/all_tickers/all_tickers_best-epoch043.pt
2025-08-28T18:15:32Z - INFO - [train_model] Epoch 044 | train (scaled) MSE: mean=0.136076 med=0.056137 std=0.213541 min=0.002331 max=0.782725 | val (scaled) MSE: mean=0.040355 med=0.022963 std=0.035744 min=0.013761 max=0.101734
2025-08-28T18:15:32Z - INFO - [train_model] Epoch 044 | train (price) MSE=0.000903 MAE=0.023483 RMSE=0.030046 | val (price) MSE=0.000268 MAE=0.015032 RMSE=0.016362
2025-08-28T18:15:32Z - INFO - [train_model] New best (price) val MSE=0.000268 at epoch 44; saved → /home/tbfs/Projects/finBert/output/20250828-141526/saved_weights/all_tickers/all_tickers_best-epoch044.pt
2025-08-28T18:15:32Z - INFO - [train_model] Epoch 045 | train (scaled) MSE: mean=0.135157 med=0.055182 std=0.212821 min=0.002094 max=0.780369 | val (scaled) MSE: mean=0.040029 med=0.022576 std=0.035419 min=0.014070 max=0.100895
2025-08-28T18:15:32Z - INFO - [train_model] Epoch 045 | train (price) MSE=0.000897 MAE=0.023362 RMSE=0.029944 | val (price) MSE=0.000266 MAE=0.014979 RMSE=0.016296
2025-08-28T18:15:32Z - INFO - [train_model] New best (price) val MSE=0.000266 at epoch 45; saved → /home/tbfs/Projects/finBert/output/20250828-141526/saved_weights/all_tickers/all_tickers_best-epoch045.pt
2025-08-28T18:15:32Z - INFO - [train_model] Epoch 046 | train (scaled) MSE: mean=0.134332 med=0.054514 std=0.212360 min=0.001967 max=0.778824 | val (scaled) MSE: mean=0.039665 med=0.022142 std=0.035054 min=0.014426 max=0.099950
2025-08-28T18:15:32Z - INFO - [train_model] Epoch 046 | train (price) MSE=0.000891 MAE=0.023251 RMSE=0.029853 | val (price) MSE=0.000263 MAE=0.014920 RMSE=0.016222
2025-08-28T18:15:32Z - INFO - [train_model] New best (price) val MSE=0.000263 at epoch 46; saved → /home/tbfs/Projects/finBert/output/20250828-141526/saved_weights/all_tickers/all_tickers_best-epoch046.pt
2025-08-28T18:15:32Z - INFO - [train_model] Epoch 047 | train (scaled) MSE: mean=0.133378 med=0.053487 std=0.211597 min=0.001780 max=0.775888 | val (scaled) MSE: mean=0.039308 med=0.021716 std=0.034694 min=0.014784 max=0.099016
2025-08-28T18:15:32Z - INFO - [train_model] Epoch 047 | train (price) MSE=0.000885 MAE=0.023127 RMSE=0.029746 | val (price) MSE=0.000261 MAE=0.014861 RMSE=0.016148
2025-08-28T18:15:32Z - INFO - [train_model] New best (price) val MSE=0.000261 at epoch 47; saved → /home/tbfs/Projects/finBert/output/20250828-141526/saved_weights/all_tickers/all_tickers_best-epoch047.pt
2025-08-28T18:15:32Z - INFO - [train_model] Epoch 048 | train (scaled) MSE: mean=0.132349 med=0.052856 std=0.210473 min=0.001734 max=0.771855 | val (scaled) MSE: mean=0.038991 med=0.021337 std=0.034374 min=0.015106 max=0.098184
2025-08-28T18:15:32Z - INFO - [train_model] Epoch 048 | train (price) MSE=0.000878 MAE=0.023018 RMSE=0.029631 | val (price) MSE=0.000259 MAE=0.014808 RMSE=0.016083
2025-08-28T18:15:32Z - INFO - [train_model] New best (price) val MSE=0.000259 at epoch 48; saved → /home/tbfs/Projects/finBert/output/20250828-141526/saved_weights/all_tickers/all_tickers_best-epoch048.pt
2025-08-28T18:15:32Z - INFO - [train_model] Epoch 049 | train (scaled) MSE: mean=0.131467 med=0.052293 std=0.209712 min=0.001637 max=0.768787 | val (scaled) MSE: mean=0.038643 med=0.020920 std=0.034022 min=0.015467 max=0.097266
2025-08-28T18:15:32Z - INFO - [train_model] Epoch 049 | train (price) MSE=0.000872 MAE=0.022901 RMSE=0.029533 | val (price) MSE=0.000256 MAE=0.014750 RMSE=0.016011
2025-08-28T18:15:32Z - INFO - [train_model] New best (price) val MSE=0.000256 at epoch 49; saved → /home/tbfs/Projects/finBert/output/20250828-141526/saved_weights/all_tickers/all_tickers_best-epoch049.pt
2025-08-28T18:15:32Z - INFO - [train_model] Epoch 050 | train (scaled) MSE: mean=0.130618 med=0.051228 std=0.209083 min=0.001409 max=0.766249 | val (scaled) MSE: mean=0.038251 med=0.020449 std=0.033620 min=0.015888 max=0.096215
2025-08-28T18:15:32Z - INFO - [train_model] Epoch 050 | train (price) MSE=0.000867 MAE=0.022783 RMSE=0.029437 | val (price) MSE=0.000254 MAE=0.014683 RMSE=0.015930
2025-08-28T18:15:32Z - INFO - [train_model] New best (price) val MSE=0.000254 at epoch 50; saved → /home/tbfs/Projects/finBert/output/20250828-141526/saved_weights/all_tickers/all_tickers_best-epoch050.pt
2025-08-28T18:15:32Z - INFO - [train_model] Epoch 051 | train (scaled) MSE: mean=0.129592 med=0.049984 std=0.208460 min=0.001346 max=0.764118 | val (scaled) MSE: mean=0.037888 med=0.020015 std=0.033245 min=0.016289 max=0.095235
2025-08-28T18:15:32Z - INFO - [train_model] Epoch 051 | train (price) MSE=0.000860 MAE=0.022635 RMSE=0.029321 | val (price) MSE=0.000251 MAE=0.014620 RMSE=0.015854
2025-08-28T18:15:32Z - INFO - [train_model] New best (price) val MSE=0.000251 at epoch 51; saved → /home/tbfs/Projects/finBert/output/20250828-141526/saved_weights/all_tickers/all_tickers_best-epoch051.pt
2025-08-28T18:15:32Z - INFO - [train_model] Epoch 052 | train (scaled) MSE: mean=0.128524 med=0.049384 std=0.207558 min=0.001146 max=0.761122 | val (scaled) MSE: mean=0.037565 med=0.019954 std=0.032909 min=0.016001 max=0.094353
2025-08-28T18:15:32Z - INFO - [train_model] Epoch 052 | train (price) MSE=0.000853 MAE=0.022508 RMSE=0.029200 | val (price) MSE=0.000249 MAE=0.014563 RMSE=0.015786
2025-08-28T18:15:32Z - INFO - [train_model] New best (price) val MSE=0.000249 at epoch 52; saved → /home/tbfs/Projects/finBert/output/20250828-141526/saved_weights/all_tickers/all_tickers_best-epoch052.pt
2025-08-28T18:15:32Z - INFO - [train_model] Epoch 053 | train (scaled) MSE: mean=0.127634 med=0.048690 std=0.206515 min=0.000974 max=0.757148 | val (scaled) MSE: mean=0.037189 med=0.019925 std=0.032515 min=0.015591 max=0.093317
2025-08-28T18:15:32Z - INFO - [train_model] Epoch 053 | train (price) MSE=0.000847 MAE=0.022390 RMSE=0.029099 | val (price) MSE=0.000247 MAE=0.014497 RMSE=0.015707
2025-08-28T18:15:32Z - INFO - [train_model] New best (price) val MSE=0.000247 at epoch 53; saved → /home/tbfs/Projects/finBert/output/20250828-141526/saved_weights/all_tickers/all_tickers_best-epoch053.pt
2025-08-28T18:15:32Z - INFO - [train_model] Epoch 054 | train (scaled) MSE: mean=0.126799 med=0.047259 std=0.206359 min=0.000877 max=0.756298 | val (scaled) MSE: mean=0.036771 med=0.019898 std=0.032076 min=0.015133 max=0.092155
2025-08-28T18:15:32Z - INFO - [train_model] Epoch 054 | train (price) MSE=0.000841 MAE=0.022249 RMSE=0.029004 | val (price) MSE=0.000244 MAE=0.014421 RMSE=0.015619
2025-08-28T18:15:32Z - INFO - [train_model] New best (price) val MSE=0.000244 at epoch 54; saved → /home/tbfs/Projects/finBert/output/20250828-141526/saved_weights/all_tickers/all_tickers_best-epoch054.pt
2025-08-28T18:15:32Z - INFO - [train_model] Epoch 055 | train (scaled) MSE: mean=0.125653 med=0.047060 std=0.205233 min=0.000728 max=0.752455 | val (scaled) MSE: mean=0.036415 med=0.019881 std=0.031700 min=0.014744 max=0.091155
2025-08-28T18:15:32Z - INFO - [train_model] Epoch 055 | train (price) MSE=0.000834 MAE=0.022101 RMSE=0.028872 | val (price) MSE=0.000242 MAE=0.014356 RMSE=0.015543
2025-08-28T18:15:32Z - INFO - [train_model] New best (price) val MSE=0.000242 at epoch 55; saved → /home/tbfs/Projects/finBert/output/20250828-141526/saved_weights/all_tickers/all_tickers_best-epoch055.pt
2025-08-28T18:15:32Z - INFO - [train_model] Epoch 056 | train (scaled) MSE: mean=0.124585 med=0.045744 std=0.204221 min=0.000696 max=0.748800 | val (scaled) MSE: mean=0.036088 med=0.019868 std=0.031357 min=0.014383 max=0.090233
2025-08-28T18:15:32Z - INFO - [train_model] Epoch 056 | train (price) MSE=0.000827 MAE=0.021970 RMSE=0.028749 | val (price) MSE=0.000239 MAE=0.014295 RMSE=0.015473
2025-08-28T18:15:32Z - INFO - [train_model] New best (price) val MSE=0.000239 at epoch 56; saved → /home/tbfs/Projects/finBert/output/20250828-141526/saved_weights/all_tickers/all_tickers_best-epoch056.pt
2025-08-28T18:15:32Z - INFO - [train_model] Epoch 057 | train (scaled) MSE: mean=0.123659 med=0.045174 std=0.203270 min=0.000568 max=0.745129 | val (scaled) MSE: mean=0.035735 med=0.019860 std=0.030984 min=0.013993 max=0.089228
2025-08-28T18:15:32Z - INFO - [train_model] Epoch 057 | train (price) MSE=0.000820 MAE=0.021850 RMSE=0.028642 | val (price) MSE=0.000237 MAE=0.014229 RMSE=0.015397
2025-08-28T18:15:32Z - INFO - [train_model] New best (price) val MSE=0.000237 at epoch 57; saved → /home/tbfs/Projects/finBert/output/20250828-141526/saved_weights/all_tickers/all_tickers_best-epoch057.pt
2025-08-28T18:15:32Z - INFO - [train_model] Epoch 058 | train (scaled) MSE: mean=0.122587 med=0.044328 std=0.202430 min=0.000474 max=0.741811 | val (scaled) MSE: mean=0.035414 med=0.019859 std=0.030640 min=0.013640 max=0.088297
2025-08-28T18:15:32Z - INFO - [train_model] Epoch 058 | train (price) MSE=0.000813 MAE=0.021696 RMSE=0.028518 | val (price) MSE=0.000235 MAE=0.014167 RMSE=0.015328
2025-08-28T18:15:32Z - INFO - [train_model] New best (price) val MSE=0.000235 at epoch 58; saved → /home/tbfs/Projects/finBert/output/20250828-141526/saved_weights/all_tickers/all_tickers_best-epoch058.pt
2025-08-28T18:15:32Z - INFO - [train_model] Epoch 059 | train (scaled) MSE: mean=0.121597 med=0.043575 std=0.201774 min=0.000419 max=0.739920 | val (scaled) MSE: mean=0.035077 med=0.019864 std=0.030277 min=0.013268 max=0.087311
2025-08-28T18:15:32Z - INFO - [train_model] Epoch 059 | train (price) MSE=0.000807 MAE=0.021561 RMSE=0.028402 | val (price) MSE=0.000233 MAE=0.014102 RMSE=0.015255
2025-08-28T18:15:32Z - INFO - [train_model] New best (price) val MSE=0.000233 at epoch 59; saved → /home/tbfs/Projects/finBert/output/20250828-141526/saved_weights/all_tickers/all_tickers_best-epoch059.pt
2025-08-28T18:15:32Z - INFO - [train_model] Epoch 060 | train (scaled) MSE: mean=0.120690 med=0.042483 std=0.200742 min=0.000351 max=0.735896 | val (scaled) MSE: mean=0.034717 med=0.019868 std=0.029900 min=0.012867 max=0.086266
2025-08-28T18:15:32Z - INFO - [train_model] Epoch 060 | train (price) MSE=0.000801 MAE=0.021428 RMSE=0.028296 | val (price) MSE=0.000230 MAE=0.014030 RMSE=0.015176
2025-08-28T18:15:32Z - INFO - [train_model] New best (price) val MSE=0.000230 at epoch 60; saved → /home/tbfs/Projects/finBert/output/20250828-141526/saved_weights/all_tickers/all_tickers_best-epoch060.pt
2025-08-28T18:15:32Z - INFO - [train_model] Epoch 061 | train (scaled) MSE: mean=0.119623 med=0.041271 std=0.199983 min=0.000225 max=0.733078 | val (scaled) MSE: mean=0.034380 med=0.019881 std=0.029541 min=0.012492 max=0.085267
2025-08-28T18:15:32Z - INFO - [train_model] Epoch 061 | train (price) MSE=0.000794 MAE=0.021272 RMSE=0.028171 | val (price) MSE=0.000228 MAE=0.013963 RMSE=0.015102
2025-08-28T18:15:32Z - INFO - [train_model] New best (price) val MSE=0.000228 at epoch 61; saved → /home/tbfs/Projects/finBert/output/20250828-141526/saved_weights/all_tickers/all_tickers_best-epoch061.pt
2025-08-28T18:15:32Z - INFO - [train_model] Epoch 062 | train (scaled) MSE: mean=0.118648 med=0.040522 std=0.199517 min=0.000204 max=0.731462 | val (scaled) MSE: mean=0.034032 med=0.019905 std=0.029163 min=0.012107 max=0.084213
2025-08-28T18:15:32Z - INFO - [train_model] Epoch 062 | train (price) MSE=0.000787 MAE=0.021127 RMSE=0.028056 | val (price) MSE=0.000226 MAE=0.013892 RMSE=0.015026
2025-08-28T18:15:32Z - INFO - [train_model] New best (price) val MSE=0.000226 at epoch 62; saved → /home/tbfs/Projects/finBert/output/20250828-141526/saved_weights/all_tickers/all_tickers_best-epoch062.pt
2025-08-28T18:15:33Z - INFO - [train_model] Epoch 063 | train (scaled) MSE: mean=0.117592 med=0.039520 std=0.198615 min=0.000154 max=0.728107 | val (scaled) MSE: mean=0.033703 med=0.019934 std=0.028803 min=0.011742 max=0.083200
2025-08-28T18:15:33Z - INFO - [train_model] Epoch 063 | train (price) MSE=0.000780 MAE=0.020971 RMSE=0.027931 | val (price) MSE=0.000224 MAE=0.013823 RMSE=0.014953
2025-08-28T18:15:33Z - INFO - [train_model] New best (price) val MSE=0.000224 at epoch 63; saved → /home/tbfs/Projects/finBert/output/20250828-141526/saved_weights/all_tickers/all_tickers_best-epoch063.pt
2025-08-28T18:15:33Z - INFO - [train_model] Epoch 064 | train (scaled) MSE: mean=0.116663 med=0.038490 std=0.197715 min=0.000090 max=0.724931 | val (scaled) MSE: mean=0.033331 med=0.019975 std=0.028398 min=0.011330 max=0.082045
2025-08-28T18:15:33Z - INFO - [train_model] Epoch 064 | train (price) MSE=0.000774 MAE=0.020828 RMSE=0.027820 | val (price) MSE=0.000221 MAE=0.013745 RMSE=0.014870
2025-08-28T18:15:33Z - INFO - [train_model] New best (price) val MSE=0.000221 at epoch 64; saved → /home/tbfs/Projects/finBert/output/20250828-141526/saved_weights/all_tickers/all_tickers_best-epoch064.pt
2025-08-28T18:15:33Z - INFO - [train_model] Epoch 065 | train (scaled) MSE: mean=0.115422 med=0.038021 std=0.196312 min=0.000044 max=0.720026 | val (scaled) MSE: mean=0.033024 med=0.020015 std=0.028064 min=0.010988 max=0.081080
2025-08-28T18:15:33Z - INFO - [train_model] Epoch 065 | train (price) MSE=0.000766 MAE=0.020673 RMSE=0.027672 | val (price) MSE=0.000219 MAE=0.013679 RMSE=0.014802
2025-08-28T18:15:33Z - INFO - [train_model] New best (price) val MSE=0.000219 at epoch 65; saved → /home/tbfs/Projects/finBert/output/20250828-141526/saved_weights/all_tickers/all_tickers_best-epoch065.pt
2025-08-28T18:15:33Z - INFO - [train_model] Epoch 066 | train (scaled) MSE: mean=0.114380 med=0.036714 std=0.195879 min=0.000026 max=0.718557 | val (scaled) MSE: mean=0.032700 med=0.020064 std=0.027711 min=0.010626 max=0.080047
2025-08-28T18:15:33Z - INFO - [train_model] Epoch 066 | train (price) MSE=0.000759 MAE=0.020505 RMSE=0.027547 | val (price) MSE=0.000217 MAE=0.013608 RMSE=0.014729
2025-08-28T18:15:33Z - INFO - [train_model] New best (price) val MSE=0.000217 at epoch 66; saved → /home/tbfs/Projects/finBert/output/20250828-141526/saved_weights/all_tickers/all_tickers_best-epoch066.pt
2025-08-28T18:15:33Z - INFO - [train_model] Epoch 067 | train (scaled) MSE: mean=0.113348 med=0.036027 std=0.194948 min=0.000004 max=0.715383 | val (scaled) MSE: mean=0.032362 med=0.020124 std=0.027343 min=0.010247 max=0.078953
2025-08-28T18:15:33Z - INFO - [train_model] Epoch 067 | train (price) MSE=0.000752 MAE=0.020345 RMSE=0.027422 | val (price) MSE=0.000215 MAE=0.013532 RMSE=0.014652
2025-08-28T18:15:33Z - INFO - [train_model] New best (price) val MSE=0.000215 at epoch 67; saved → /home/tbfs/Projects/finBert/output/20250828-141526/saved_weights/all_tickers/all_tickers_best-epoch067.pt
2025-08-28T18:15:33Z - INFO - [train_model] Epoch 068 | train (scaled) MSE: mean=0.112252 med=0.034787 std=0.194018 min=0.000000 max=0.711790 | val (scaled) MSE: mean=0.032032 med=0.020190 std=0.026988 min=0.009874 max=0.077876
2025-08-28T18:15:33Z - INFO - [train_model] Epoch 068 | train (price) MSE=0.000745 MAE=0.020180 RMSE=0.027289 | val (price) MSE=0.000213 MAE=0.013456 RMSE=0.014578
2025-08-28T18:15:33Z - INFO - [train_model] New best (price) val MSE=0.000213 at epoch 68; saved → /home/tbfs/Projects/finBert/output/20250828-141526/saved_weights/all_tickers/all_tickers_best-epoch068.pt
2025-08-28T18:15:33Z - INFO - [train_model] Epoch 069 | train (scaled) MSE: mean=0.111222 med=0.034132 std=0.192714 min=0.000013 max=0.706831 | val (scaled) MSE: mean=0.031694 med=0.020259 std=0.026633 min=0.009489 max=0.076770
2025-08-28T18:15:33Z - INFO - [train_model] Epoch 069 | train (price) MSE=0.000738 MAE=0.020059 RMSE=0.027164 | val (price) MSE=0.000210 MAE=0.013376 RMSE=0.014501
2025-08-28T18:15:33Z - INFO - [train_model] New best (price) val MSE=0.000210 at epoch 69; saved → /home/tbfs/Projects/finBert/output/20250828-141526/saved_weights/all_tickers/all_tickers_best-epoch069.pt
2025-08-28T18:15:33Z - INFO - [train_model] Epoch 070 | train (scaled) MSE: mean=0.109952 med=0.032514 std=0.192021 min=0.000021 max=0.704748 | val (scaled) MSE: mean=0.031399 med=0.020329 std=0.026323 min=0.009152 max=0.075785
2025-08-28T18:15:33Z - INFO - [train_model] Epoch 070 | train (price) MSE=0.000729 MAE=0.019884 RMSE=0.027008 | val (price) MSE=0.000208 MAE=0.013305 RMSE=0.014433
2025-08-28T18:15:33Z - INFO - [train_model] New best (price) val MSE=0.000208 at epoch 70; saved → /home/tbfs/Projects/finBert/output/20250828-141526/saved_weights/all_tickers/all_tickers_best-epoch070.pt
2025-08-28T18:15:33Z - INFO - [train_model] Epoch 071 | train (scaled) MSE: mean=0.109000 med=0.032167 std=0.191397 min=0.000057 max=0.702202 | val (scaled) MSE: mean=0.031056 med=0.020430 std=0.025953 min=0.008763 max=0.074601
2025-08-28T18:15:33Z - INFO - [train_model] Epoch 071 | train (price) MSE=0.000723 MAE=0.019738 RMSE=0.026891 | val (price) MSE=0.000206 MAE=0.013221 RMSE=0.014354
2025-08-28T18:15:33Z - INFO - [train_model] New best (price) val MSE=0.000206 at epoch 71; saved → /home/tbfs/Projects/finBert/output/20250828-141526/saved_weights/all_tickers/all_tickers_best-epoch071.pt
2025-08-28T18:15:33Z - INFO - [train_model] Epoch 072 | train (scaled) MSE: mean=0.107669 med=0.031928 std=0.189672 min=0.000120 max=0.695929 | val (scaled) MSE: mean=0.030769 med=0.020522 std=0.025647 min=0.008437 max=0.073594
2025-08-28T18:15:33Z - INFO - [train_model] Epoch 072 | train (price) MSE=0.000714 MAE=0.019608 RMSE=0.026726 | val (price) MSE=0.000204 MAE=0.013149 RMSE=0.014287
2025-08-28T18:15:33Z - INFO - [train_model] New best (price) val MSE=0.000204 at epoch 72; saved → /home/tbfs/Projects/finBert/output/20250828-141526/saved_weights/all_tickers/all_tickers_best-epoch072.pt
2025-08-28T18:15:33Z - INFO - [train_model] Epoch 073 | train (scaled) MSE: mean=0.106480 med=0.031407 std=0.188513 min=0.000190 max=0.692106 | val (scaled) MSE: mean=0.030471 med=0.020627 std=0.025334 min=0.008095 max=0.072534
2025-08-28T18:15:33Z - INFO - [train_model] Epoch 073 | train (price) MSE=0.000706 MAE=0.019466 RMSE=0.026578 | val (price) MSE=0.000202 MAE=0.013073 RMSE=0.014218
2025-08-28T18:15:33Z - INFO - [train_model] New best (price) val MSE=0.000202 at epoch 73; saved → /home/tbfs/Projects/finBert/output/20250828-141526/saved_weights/all_tickers/all_tickers_best-epoch073.pt
2025-08-28T18:15:33Z - INFO - [train_model] Epoch 074 | train (scaled) MSE: mean=0.105255 med=0.030780 std=0.187492 min=0.000223 max=0.688538 | val (scaled) MSE: mean=0.030174 med=0.020741 std=0.025026 min=0.007754 max=0.071460
2025-08-28T18:15:33Z - INFO - [train_model] Epoch 074 | train (price) MSE=0.000698 MAE=0.019291 RMSE=0.026425 | val (price) MSE=0.000200 MAE=0.012994 RMSE=0.014148
2025-08-28T18:15:33Z - INFO - [train_model] New best (price) val MSE=0.000200 at epoch 74; saved → /home/tbfs/Projects/finBert/output/20250828-141526/saved_weights/all_tickers/all_tickers_best-epoch074.pt
2025-08-28T18:15:33Z - INFO - [train_model] Epoch 075 | train (scaled) MSE: mean=0.104009 med=0.030773 std=0.186490 min=0.000324 max=0.685311 | val (scaled) MSE: mean=0.029883 med=0.020863 std=0.024729 min=0.007419 max=0.070389
2025-08-28T18:15:33Z - INFO - [train_model] Epoch 075 | train (price) MSE=0.000690 MAE=0.019135 RMSE=0.026268 | val (price) MSE=0.000198 MAE=0.012916 RMSE=0.014080
2025-08-28T18:15:33Z - INFO - [train_model] New best (price) val MSE=0.000198 at epoch 75; saved → /home/tbfs/Projects/finBert/output/20250828-141526/saved_weights/all_tickers/all_tickers_best-epoch075.pt
2025-08-28T18:15:33Z - INFO - [train_model] Epoch 076 | train (scaled) MSE: mean=0.102971 med=0.030558 std=0.185880 min=0.000452 max=0.683137 | val (scaled) MSE: mean=0.029531 med=0.021028 std=0.024373 min=0.007010 max=0.069056
2025-08-28T18:15:33Z - INFO - [train_model] Epoch 076 | train (price) MSE=0.000683 MAE=0.018992 RMSE=0.026137 | val (price) MSE=0.000196 MAE=0.012817 RMSE=0.013997
2025-08-28T18:15:33Z - INFO - [train_model] New best (price) val MSE=0.000196 at epoch 76; saved → /home/tbfs/Projects/finBert/output/20250828-141526/saved_weights/all_tickers/all_tickers_best-epoch076.pt
2025-08-28T18:15:33Z - INFO - [train_model] Epoch 077 | train (scaled) MSE: mean=0.101582 med=0.029496 std=0.184928 min=0.000429 max=0.679787 | val (scaled) MSE: mean=0.029232 med=0.021185 std=0.024076 min=0.006663 max=0.067893
2025-08-28T18:15:33Z - INFO - [train_model] Epoch 077 | train (price) MSE=0.000674 MAE=0.018789 RMSE=0.025960 | val (price) MSE=0.000194 MAE=0.012732 RMSE=0.013926
2025-08-28T18:15:33Z - INFO - [train_model] New best (price) val MSE=0.000194 at epoch 77; saved → /home/tbfs/Projects/finBert/output/20250828-141526/saved_weights/all_tickers/all_tickers_best-epoch077.pt
2025-08-28T18:15:33Z - INFO - [train_model] Epoch 078 | train (scaled) MSE: mean=0.100344 med=0.029221 std=0.183741 min=0.000330 max=0.675517 | val (scaled) MSE: mean=0.028935 med=0.021355 std=0.023791 min=0.006315 max=0.066715
2025-08-28T18:15:33Z - INFO - [train_model] Epoch 078 | train (price) MSE=0.000666 MAE=0.018604 RMSE=0.025801 | val (price) MSE=0.000192 MAE=0.012644 RMSE=0.013855
2025-08-28T18:15:33Z - INFO - [train_model] New best (price) val MSE=0.000192 at epoch 78; saved → /home/tbfs/Projects/finBert/output/20250828-141526/saved_weights/all_tickers/all_tickers_best-epoch078.pt
2025-08-28T18:15:33Z - INFO - [train_model] Epoch 079 | train (scaled) MSE: mean=0.099179 med=0.028703 std=0.182918 min=0.000241 max=0.672265 | val (scaled) MSE: mean=0.028638 med=0.021538 std=0.023517 min=0.005965 max=0.065512
2025-08-28T18:15:33Z - INFO - [train_model] Epoch 079 | train (price) MSE=0.000658 MAE=0.018422 RMSE=0.025651 | val (price) MSE=0.000190 MAE=0.012552 RMSE=0.013784
2025-08-28T18:15:33Z - INFO - [train_model] New best (price) val MSE=0.000190 at epoch 79; saved → /home/tbfs/Projects/finBert/output/20250828-141526/saved_weights/all_tickers/all_tickers_best-epoch079.pt
2025-08-28T18:15:33Z - INFO - [train_model] Epoch 080 | train (scaled) MSE: mean=0.097855 med=0.028640 std=0.181154 min=0.000217 max=0.665920 | val (scaled) MSE: mean=0.028359 med=0.021728 std=0.023268 min=0.005634 max=0.064348
2025-08-28T18:15:33Z - INFO - [train_model] Epoch 080 | train (price) MSE=0.000649 MAE=0.018243 RMSE=0.025479 | val (price) MSE=0.000188 MAE=0.012463 RMSE=0.013716
2025-08-28T18:15:33Z - INFO - [train_model] New best (price) val MSE=0.000188 at epoch 80; saved → /home/tbfs/Projects/finBert/output/20250828-141526/saved_weights/all_tickers/all_tickers_best-epoch080.pt
2025-08-28T18:15:33Z - INFO - [train_model] Epoch 081 | train (scaled) MSE: mean=0.096586 med=0.028024 std=0.180067 min=0.000124 max=0.662437 | val (scaled) MSE: mean=0.028086 med=0.021934 std=0.023033 min=0.005309 max=0.063167
2025-08-28T18:15:33Z - INFO - [train_model] Epoch 081 | train (price) MSE=0.000641 MAE=0.018069 RMSE=0.025313 | val (price) MSE=0.000186 MAE=0.012373 RMSE=0.013650
2025-08-28T18:15:33Z - INFO - [train_model] New best (price) val MSE=0.000186 at epoch 81; saved → /home/tbfs/Projects/finBert/output/20250828-141526/saved_weights/all_tickers/all_tickers_best-epoch081.pt
2025-08-28T18:15:33Z - INFO - [train_model] Epoch 082 | train (scaled) MSE: mean=0.095258 med=0.027326 std=0.179154 min=0.000092 max=0.659537 | val (scaled) MSE: mean=0.027830 med=0.022145 std=0.022823 min=0.005001 max=0.062028
2025-08-28T18:15:33Z - INFO - [train_model] Epoch 082 | train (price) MSE=0.000632 MAE=0.017879 RMSE=0.025139 | val (price) MSE=0.000185 MAE=0.012286 RMSE=0.013588
2025-08-28T18:15:33Z - INFO - [train_model] New best (price) val MSE=0.000185 at epoch 82; saved → /home/tbfs/Projects/finBert/output/20250828-141526/saved_weights/all_tickers/all_tickers_best-epoch082.pt
2025-08-28T18:15:33Z - INFO - [train_model] Epoch 083 | train (scaled) MSE: mean=0.094032 med=0.025979 std=0.177401 min=0.000043 max=0.652776 | val (scaled) MSE: mean=0.027579 med=0.022374 std=0.022631 min=0.004695 max=0.060871
2025-08-28T18:15:33Z - INFO - [train_model] Epoch 083 | train (price) MSE=0.000624 MAE=0.017674 RMSE=0.024976 | val (price) MSE=0.000183 MAE=0.012196 RMSE=0.013526
2025-08-28T18:15:33Z - INFO - [train_model] New best (price) val MSE=0.000183 at epoch 83; saved → /home/tbfs/Projects/finBert/output/20250828-141526/saved_weights/all_tickers/all_tickers_best-epoch083.pt
2025-08-28T18:15:33Z - INFO - [train_model] Epoch 084 | train (scaled) MSE: mean=0.092882 med=0.023844 std=0.177009 min=0.000009 max=0.651724 | val (scaled) MSE: mean=0.027306 med=0.022638 std=0.022445 min=0.004359 max=0.059587
2025-08-28T18:15:33Z - INFO - [train_model] Epoch 084 | train (price) MSE=0.000616 MAE=0.017464 RMSE=0.024823 | val (price) MSE=0.000181 MAE=0.012094 RMSE=0.013459
2025-08-28T18:15:33Z - INFO - [train_model] New best (price) val MSE=0.000181 at epoch 84; saved → /home/tbfs/Projects/finBert/output/20250828-141526/saved_weights/all_tickers/all_tickers_best-epoch084.pt
2025-08-28T18:15:33Z - INFO - [train_model] Epoch 085 | train (scaled) MSE: mean=0.091359 med=0.022717 std=0.175671 min=0.000005 max=0.647453 | val (scaled) MSE: mean=0.027079 med=0.022877 std=0.022307 min=0.004078 max=0.058484
2025-08-28T18:15:33Z - INFO - [train_model] Epoch 085 | train (price) MSE=0.000606 MAE=0.017250 RMSE=0.024619 | val (price) MSE=0.000180 MAE=0.012006 RMSE=0.013403
2025-08-28T18:15:33Z - INFO - [train_model] New best (price) val MSE=0.000180 at epoch 85; saved → /home/tbfs/Projects/finBert/output/20250828-141526/saved_weights/all_tickers/all_tickers_best-epoch085.pt
2025-08-28T18:15:33Z - INFO - [train_model] Epoch 086 | train (scaled) MSE: mean=0.090017 med=0.021650 std=0.173757 min=0.000003 max=0.640220 | val (scaled) MSE: mean=0.026884 med=0.023102 std=0.022199 min=0.003834 max=0.057497
2025-08-28T18:15:33Z - INFO - [train_model] Epoch 086 | train (price) MSE=0.000597 MAE=0.017098 RMSE=0.024437 | val (price) MSE=0.000178 MAE=0.011926 RMSE=0.013355
2025-08-28T18:15:33Z - INFO - [train_model] New best (price) val MSE=0.000178 at epoch 86; saved → /home/tbfs/Projects/finBert/output/20250828-141526/saved_weights/all_tickers/all_tickers_best-epoch086.pt
2025-08-28T18:15:33Z - INFO - [train_model] Epoch 087 | train (scaled) MSE: mean=0.088950 med=0.019590 std=0.173492 min=0.000001 max=0.639822 | val (scaled) MSE: mean=0.026629 med=0.023421 std=0.022084 min=0.003510 max=0.056163
2025-08-28T18:15:33Z - INFO - [train_model] Epoch 087 | train (price) MSE=0.000590 MAE=0.016955 RMSE=0.024292 | val (price) MSE=0.000177 MAE=0.011817 RMSE=0.013291
2025-08-28T18:15:33Z - INFO - [train_model] New best (price) val MSE=0.000177 at epoch 87; saved → /home/tbfs/Projects/finBert/output/20250828-141526/saved_weights/all_tickers/all_tickers_best-epoch087.pt
2025-08-28T18:15:33Z - INFO - [train_model] Epoch 088 | train (scaled) MSE: mean=0.087404 med=0.018480 std=0.171402 min=0.000011 max=0.632497 | val (scaled) MSE: mean=0.026437 med=0.023686 std=0.022016 min=0.003265 max=0.055112
2025-08-28T18:15:33Z - INFO - [train_model] Epoch 088 | train (price) MSE=0.000580 MAE=0.016792 RMSE=0.024080 | val (price) MSE=0.000175 MAE=0.011731 RMSE=0.013243
2025-08-28T18:15:33Z - INFO - [train_model] New best (price) val MSE=0.000175 at epoch 88; saved → /home/tbfs/Projects/finBert/output/20250828-141526/saved_weights/all_tickers/all_tickers_best-epoch088.pt
2025-08-28T18:15:33Z - INFO - [train_model] Epoch 089 | train (scaled) MSE: mean=0.086368 med=0.016695 std=0.170472 min=0.000037 max=0.628550 | val (scaled) MSE: mean=0.026210 med=0.024034 std=0.021962 min=0.002968 max=0.053804
2025-08-28T18:15:33Z - INFO - [train_model] Epoch 089 | train (price) MSE=0.000573 MAE=0.016658 RMSE=0.023937 | val (price) MSE=0.000174 MAE=0.011622 RMSE=0.013186
2025-08-28T18:15:33Z - INFO - [train_model] New best (price) val MSE=0.000174 at epoch 89; saved → /home/tbfs/Projects/finBert/output/20250828-141526/saved_weights/all_tickers/all_tickers_best-epoch089.pt
2025-08-28T18:15:33Z - INFO - [train_model] Epoch 090 | train (scaled) MSE: mean=0.085011 med=0.015137 std=0.169544 min=0.000047 max=0.626025 | val (scaled) MSE: mean=0.026001 med=0.024398 std=0.021939 min=0.002693 max=0.052516
2025-08-28T18:15:33Z - INFO - [train_model] Epoch 090 | train (price) MSE=0.000564 MAE=0.016506 RMSE=0.023748 | val (price) MSE=0.000172 MAE=0.011516 RMSE=0.013134
2025-08-28T18:15:33Z - INFO - [train_model] New best (price) val MSE=0.000172 at epoch 90; saved → /home/tbfs/Projects/finBert/output/20250828-141526/saved_weights/all_tickers/all_tickers_best-epoch090.pt
2025-08-28T18:15:33Z - INFO - [train_model] Epoch 091 | train (scaled) MSE: mean=0.083494 med=0.014323 std=0.167340 min=0.000094 max=0.618088 | val (scaled) MSE: mean=0.025851 med=0.024698 std=0.021944 min=0.002491 max=0.051516
2025-08-28T18:15:33Z - INFO - [train_model] Epoch 091 | train (price) MSE=0.000554 MAE=0.016376 RMSE=0.023535 | val (price) MSE=0.000171 MAE=0.011435 RMSE=0.013096
2025-08-28T18:15:33Z - INFO - [train_model] New best (price) val MSE=0.000171 at epoch 91; saved → /home/tbfs/Projects/finBert/output/20250828-141526/saved_weights/all_tickers/all_tickers_best-epoch091.pt
2025-08-28T18:15:33Z - INFO - [train_model] Epoch 092 | train (scaled) MSE: mean=0.082297 med=0.013540 std=0.166455 min=0.000155 max=0.615204 | val (scaled) MSE: mean=0.025680 med=0.025058 std=0.021982 min=0.002256 max=0.050349
2025-08-28T18:15:33Z - INFO - [train_model] Epoch 092 | train (price) MSE=0.000546 MAE=0.016216 RMSE=0.023366 | val (price) MSE=0.000170 MAE=0.011336 RMSE=0.013052
2025-08-28T18:15:33Z - INFO - [train_model] New best (price) val MSE=0.000170 at epoch 92; saved → /home/tbfs/Projects/finBert/output/20250828-141526/saved_weights/all_tickers/all_tickers_best-epoch092.pt
2025-08-28T18:15:33Z - INFO - [train_model] Epoch 093 | train (scaled) MSE: mean=0.081165 med=0.012423 std=0.164667 min=0.000184 max=0.608299 | val (scaled) MSE: mean=0.025511 med=0.025461 std=0.022056 min=0.002017 max=0.049104
2025-08-28T18:15:33Z - INFO - [train_model] Epoch 093 | train (price) MSE=0.000538 MAE=0.016070 RMSE=0.023205 | val (price) MSE=0.000169 MAE=0.011230 RMSE=0.013009
2025-08-28T18:15:33Z - INFO - [train_model] New best (price) val MSE=0.000169 at epoch 93; saved → /home/tbfs/Projects/finBert/output/20250828-141526/saved_weights/all_tickers/all_tickers_best-epoch093.pt
2025-08-28T18:15:33Z - INFO - [train_model] Epoch 094 | train (scaled) MSE: mean=0.079953 med=0.011553 std=0.164396 min=0.000311 max=0.607863 | val (scaled) MSE: mean=0.025349 med=0.025896 std=0.022171 min=0.001781 max=0.047824
2025-08-28T18:15:33Z - INFO - [train_model] Epoch 094 | train (price) MSE=0.000530 MAE=0.015913 RMSE=0.023031 | val (price) MSE=0.000168 MAE=0.011119 RMSE=0.012968
2025-08-28T18:15:33Z - INFO - [train_model] New best (price) val MSE=0.000168 at epoch 94; saved → /home/tbfs/Projects/finBert/output/20250828-141526/saved_weights/all_tickers/all_tickers_best-epoch094.pt
2025-08-28T18:15:33Z - INFO - [train_model] Epoch 095 | train (scaled) MSE: mean=0.078850 med=0.010308 std=0.163086 min=0.000396 max=0.602812 | val (scaled) MSE: mean=0.025202 med=0.025402 std=0.022325 min=0.001558 max=0.048447
2025-08-28T18:15:33Z - INFO - [train_model] Epoch 095 | train (price) MSE=0.000523 MAE=0.015732 RMSE=0.022871 | val (price) MSE=0.000167 MAE=0.011007 RMSE=0.012930
2025-08-28T18:15:33Z - INFO - [train_model] New best (price) val MSE=0.000167 at epoch 95; saved → /home/tbfs/Projects/finBert/output/20250828-141526/saved_weights/all_tickers/all_tickers_best-epoch095.pt
2025-08-28T18:15:33Z - INFO - [train_model] Epoch 096 | train (scaled) MSE: mean=0.077489 med=0.010158 std=0.161231 min=0.000428 max=0.596632 | val (scaled) MSE: mean=0.025088 med=0.024707 std=0.022487 min=0.001378 max=0.049561
2025-08-28T18:15:33Z - INFO - [train_model] Epoch 096 | train (price) MSE=0.000514 MAE=0.015555 RMSE=0.022673 | val (price) MSE=0.000166 MAE=0.010911 RMSE=0.012901
2025-08-28T18:15:33Z - INFO - [train_model] New best (price) val MSE=0.000166 at epoch 96; saved → /home/tbfs/Projects/finBert/output/20250828-141526/saved_weights/all_tickers/all_tickers_best-epoch096.pt
2025-08-28T18:15:33Z - INFO - [train_model] Epoch 097 | train (scaled) MSE: mean=0.076449 med=0.009650 std=0.159507 min=0.000597 max=0.590094 | val (scaled) MSE: mean=0.024983 med=0.023998 std=0.022685 min=0.001203 max=0.050733
2025-08-28T18:15:33Z - INFO - [train_model] Epoch 097 | train (price) MSE=0.000507 MAE=0.015436 RMSE=0.022520 | val (price) MSE=0.000166 MAE=0.010811 RMSE=0.012874
2025-08-28T18:15:33Z - INFO - [train_model] New best (price) val MSE=0.000166 at epoch 97; saved → /home/tbfs/Projects/finBert/output/20250828-141526/saved_weights/all_tickers/all_tickers_best-epoch097.pt
2025-08-28T18:15:33Z - INFO - [train_model] Epoch 098 | train (scaled) MSE: mean=0.075225 med=0.009805 std=0.158239 min=0.000649 max=0.585816 | val (scaled) MSE: mean=0.024909 med=0.023446 std=0.022861 min=0.001072 max=0.051671
2025-08-28T18:15:33Z - INFO - [train_model] Epoch 098 | train (price) MSE=0.000499 MAE=0.015273 RMSE=0.022340 | val (price) MSE=0.000165 MAE=0.010732 RMSE=0.012855
2025-08-28T18:15:33Z - INFO - [train_model] New best (price) val MSE=0.000165 at epoch 98; saved → /home/tbfs/Projects/finBert/output/20250828-141526/saved_weights/all_tickers/all_tickers_best-epoch098.pt
2025-08-28T18:15:33Z - INFO - [train_model] Epoch 099 | train (scaled) MSE: mean=0.074301 med=0.009564 std=0.157372 min=0.000759 max=0.583114 | val (scaled) MSE: mean=0.024821 med=0.022715 std=0.023127 min=0.000908 max=0.052947
2025-08-28T18:15:33Z - INFO - [train_model] Epoch 099 | train (price) MSE=0.000493 MAE=0.015116 RMSE=0.022202 | val (price) MSE=0.000165 MAE=0.010625 RMSE=0.012832
2025-08-28T18:15:33Z - INFO - [train_model] New best (price) val MSE=0.000165 at epoch 99; saved → /home/tbfs/Projects/finBert/output/20250828-141526/saved_weights/all_tickers/all_tickers_best-epoch099.pt
2025-08-28T18:15:33Z - INFO - [train_model] Epoch 100 | train (scaled) MSE: mean=0.073385 med=0.009716 std=0.155507 min=0.000775 max=0.576158 | val (scaled) MSE: mean=0.024748 med=0.021994 std=0.023425 min=0.000758 max=0.054247
2025-08-28T18:15:33Z - INFO - [train_model] Epoch 100 | train (price) MSE=0.000487 MAE=0.015021 RMSE=0.022065 | val (price) MSE=0.000164 MAE=0.010518 RMSE=0.012813
2025-08-28T18:15:33Z - INFO - [train_model] New best (price) val MSE=0.000164 at epoch 100; saved → /home/tbfs/Projects/finBert/output/20250828-141526/saved_weights/all_tickers/all_tickers_best-epoch100.pt
2025-08-28T18:15:33Z - INFO - [train_model] Epoch 101 | train (scaled) MSE: mean=0.072297 med=0.009958 std=0.154907 min=0.000415 max=0.574431 | val (scaled) MSE: mean=0.024694 med=0.021336 std=0.023730 min=0.000629 max=0.055473
2025-08-28T18:15:33Z - INFO - [train_model] Epoch 101 | train (price) MSE=0.000480 MAE=0.014816 RMSE=0.021900 | val (price) MSE=0.000164 MAE=0.010418 RMSE=0.012799
2025-08-28T18:15:33Z - INFO - [train_model] New best (price) val MSE=0.000164 at epoch 101; saved → /home/tbfs/Projects/finBert/output/20250828-141526/saved_weights/all_tickers/all_tickers_best-epoch101.pt
2025-08-28T18:15:33Z - INFO - [train_model] Epoch 102 | train (scaled) MSE: mean=0.071395 med=0.010025 std=0.153673 min=0.000231 max=0.570140 | val (scaled) MSE: mean=0.024652 med=0.020692 std=0.024060 min=0.000513 max=0.056711
2025-08-28T18:15:33Z - INFO - [train_model] Epoch 102 | train (price) MSE=0.000474 MAE=0.014659 RMSE=0.021763 | val (price) MSE=0.000164 MAE=0.010319 RMSE=0.012788
2025-08-28T18:15:33Z - INFO - [train_model] New best (price) val MSE=0.000164 at epoch 102; saved → /home/tbfs/Projects/finBert/output/20250828-141526/saved_weights/all_tickers/all_tickers_best-epoch102.pt
2025-08-28T18:15:33Z - INFO - [train_model] Epoch 103 | train (scaled) MSE: mean=0.070701 med=0.010596 std=0.152444 min=0.000148 max=0.565545 | val (scaled) MSE: mean=0.024621 med=0.019995 std=0.024451 min=0.000399 max=0.058094
2025-08-28T18:15:33Z - INFO - [train_model] Epoch 103 | train (price) MSE=0.000469 MAE=0.014525 RMSE=0.021657 | val (price) MSE=0.000163 MAE=0.010209 RMSE=0.012780
2025-08-28T18:15:33Z - INFO - [train_model] New best (price) val MSE=0.000163 at epoch 103; saved → /home/tbfs/Projects/finBert/output/20250828-141526/saved_weights/all_tickers/all_tickers_best-epoch103.pt
2025-08-28T18:15:33Z - INFO - [train_model] Epoch 104 | train (scaled) MSE: mean=0.069645 med=0.011288 std=0.151176 min=0.000093 max=0.561153 | val (scaled) MSE: mean=0.024607 med=0.019451 std=0.024783 min=0.000318 max=0.059209
2025-08-28T18:15:33Z - INFO - [train_model] Epoch 104 | train (price) MSE=0.000462 MAE=0.014334 RMSE=0.021495 | val (price) MSE=0.000163 MAE=0.010121 RMSE=0.012777
2025-08-28T18:15:33Z - INFO - [train_model] New best (price) val MSE=0.000163 at epoch 104; saved → /home/tbfs/Projects/finBert/output/20250828-141526/saved_weights/all_tickers/all_tickers_best-epoch104.pt
2025-08-28T18:15:34Z - INFO - [train_model] Epoch 105 | train (scaled) MSE: mean=0.069003 med=0.012454 std=0.149809 min=0.000024 max=0.556491 | val (scaled) MSE: mean=0.024604 med=0.018843 std=0.025183 min=0.000237 max=0.060491
2025-08-28T18:15:34Z - INFO - [train_model] Epoch 105 | train (price) MSE=0.000458 MAE=0.014248 RMSE=0.021396 | val (price) MSE=0.000163 MAE=0.010021 RMSE=0.012776
2025-08-28T18:15:34Z - INFO - [train_model] New best (price) val MSE=0.000163 at epoch 105; saved → /home/tbfs/Projects/finBert/output/20250828-141526/saved_weights/all_tickers/all_tickers_best-epoch105.pt
2025-08-28T18:15:34Z - INFO - [train_model] Epoch 106 | train (scaled) MSE: mean=0.068034 med=0.012860 std=0.148558 min=0.000001 max=0.551974 | val (scaled) MSE: mean=0.024608 med=0.018490 std=0.025428 min=0.000195 max=0.061255
2025-08-28T18:15:34Z - INFO - [train_model] Epoch 106 | train (price) MSE=0.000451 MAE=0.014034 RMSE=0.021245 | val (price) MSE=0.000163 MAE=0.009963 RMSE=0.012777
2025-08-28T18:15:34Z - INFO - [train_model] Epoch 107 | train (scaled) MSE: mean=0.067428 med=0.013321 std=0.147537 min=0.000003 max=0.548282 | val (scaled) MSE: mean=0.024619 med=0.018066 std=0.025738 min=0.000149 max=0.062194
2025-08-28T18:15:34Z - INFO - [train_model] Epoch 107 | train (price) MSE=0.000447 MAE=0.013959 RMSE=0.021150 | val (price) MSE=0.000163 MAE=0.009892 RMSE=0.012780
2025-08-28T18:15:34Z - INFO - [train_model] Epoch 108 | train (scaled) MSE: mean=0.066917 med=0.014317 std=0.146520 min=0.000071 max=0.544559 | val (scaled) MSE: mean=0.024646 med=0.017485 std=0.026187 min=0.000096 max=0.063517
2025-08-28T18:15:34Z - INFO - [train_model] Epoch 108 | train (price) MSE=0.000444 MAE=0.013986 RMSE=0.021070 | val (price) MSE=0.000164 MAE=0.009791 RMSE=0.012787
2025-08-28T18:15:34Z - INFO - [train_model] Epoch 109 | train (scaled) MSE: mean=0.066387 med=0.015599 std=0.145937 min=0.000142 max=0.542778 | val (scaled) MSE: mean=0.024688 med=0.016878 std=0.026689 min=0.000051 max=0.064947
2025-08-28T18:15:34Z - INFO - [train_model] Epoch 109 | train (price) MSE=0.000440 MAE=0.013961 RMSE=0.020986 | val (price) MSE=0.000164 MAE=0.009684 RMSE=0.012798
2025-08-28T18:15:34Z - INFO - [train_model] Epoch 110 | train (scaled) MSE: mean=0.065759 med=0.016906 std=0.144567 min=0.000285 max=0.538078 | val (scaled) MSE: mean=0.024734 med=0.016398 std=0.027109 min=0.000025 max=0.066113
2025-08-28T18:15:34Z - INFO - [train_model] Epoch 110 | train (price) MSE=0.000436 MAE=0.014010 RMSE=0.020887 | val (price) MSE=0.000164 MAE=0.009597 RMSE=0.012810
2025-08-28T18:15:34Z - INFO - [train_model] Epoch 111 | train (scaled) MSE: mean=0.065222 med=0.016154 std=0.143691 min=0.000339 max=0.534739 | val (scaled) MSE: mean=0.024780 med=0.015999 std=0.027476 min=0.000011 max=0.067112
2025-08-28T18:15:34Z - INFO - [train_model] Epoch 111 | train (price) MSE=0.000433 MAE=0.013940 RMSE=0.020801 | val (price) MSE=0.000164 MAE=0.009524 RMSE=0.012822
2025-08-28T18:15:34Z - INFO - [train_model] Epoch 112 | train (scaled) MSE: mean=0.064691 med=0.015970 std=0.142543 min=0.000551 max=0.530721 | val (scaled) MSE: mean=0.024823 med=0.015679 std=0.027780 min=0.000003 max=0.067928
2025-08-28T18:15:34Z - INFO - [train_model] Epoch 112 | train (price) MSE=0.000429 MAE=0.013958 RMSE=0.020716 | val (price) MSE=0.000165 MAE=0.009464 RMSE=0.012833
2025-08-28T18:15:34Z - INFO - [train_model] Epoch 113 | train (scaled) MSE: mean=0.064334 med=0.015807 std=0.141932 min=0.000339 max=0.528594 | val (scaled) MSE: mean=0.024881 med=0.015298 std=0.028158 min=0.000000 max=0.068926
2025-08-28T18:15:34Z - INFO - [train_model] Epoch 113 | train (price) MSE=0.000427 MAE=0.013931 RMSE=0.020659 | val (price) MSE=0.000165 MAE=0.009392 RMSE=0.012848
2025-08-28T18:15:34Z - INFO - [train_model] Epoch 114 | train (scaled) MSE: mean=0.063970 med=0.015926 std=0.140646 min=0.000304 max=0.524021 | val (scaled) MSE: mean=0.024944 med=0.014933 std=0.028534 min=0.000003 max=0.069907
2025-08-28T18:15:34Z - INFO - [train_model] Epoch 114 | train (price) MSE=0.000424 MAE=0.013956 RMSE=0.020601 | val (price) MSE=0.000165 MAE=0.009390 RMSE=0.012864
2025-08-28T18:15:34Z - INFO - [train_model] Epoch 115 | train (scaled) MSE: mean=0.063548 med=0.015899 std=0.139948 min=0.000159 max=0.521540 | val (scaled) MSE: mean=0.024980 med=0.014738 std=0.028739 min=0.000007 max=0.070438
2025-08-28T18:15:34Z - INFO - [train_model] Epoch 115 | train (price) MSE=0.000422 MAE=0.013917 RMSE=0.020533 | val (price) MSE=0.000166 MAE=0.009390 RMSE=0.012873
2025-08-28T18:15:34Z - INFO - [train_model] Epoch 116 | train (scaled) MSE: mean=0.063301 med=0.016019 std=0.139375 min=0.000081 max=0.519596 | val (scaled) MSE: mean=0.025047 med=0.014412 std=0.029094 min=0.000018 max=0.071348
2025-08-28T18:15:34Z - INFO - [train_model] Epoch 116 | train (price) MSE=0.000420 MAE=0.013924 RMSE=0.020493 | val (price) MSE=0.000166 MAE=0.009390 RMSE=0.012891
2025-08-28T18:15:34Z - INFO - [train_model] Epoch 117 | train (scaled) MSE: mean=0.063013 med=0.015770 std=0.138712 min=0.000043 max=0.517184 | val (scaled) MSE: mean=0.025098 med=0.014184 std=0.029349 min=0.000028 max=0.071995
2025-08-28T18:15:34Z - INFO - [train_model] Epoch 117 | train (price) MSE=0.000418 MAE=0.013896 RMSE=0.020446 | val (price) MSE=0.000167 MAE=0.009389 RMSE=0.012904
2025-08-28T18:15:34Z - INFO - [train_model] Epoch 118 | train (scaled) MSE: mean=0.062756 med=0.015604 std=0.137775 min=0.000009 max=0.513887 | val (scaled) MSE: mean=0.025187 med=0.013813 std=0.029777 min=0.000051 max=0.073072
2025-08-28T18:15:34Z - INFO - [train_model] Epoch 118 | train (price) MSE=0.000416 MAE=0.013904 RMSE=0.020404 | val (price) MSE=0.000167 MAE=0.009389 RMSE=0.012927
2025-08-28T18:15:34Z - INFO - [train_model] Epoch 119 | train (scaled) MSE: mean=0.062628 med=0.015406 std=0.137387 min=0.000006 max=0.512658 | val (scaled) MSE: mean=0.025293 med=0.013420 std=0.030249 min=0.000084 max=0.074249
2025-08-28T18:15:34Z - INFO - [train_model] Epoch 119 | train (price) MSE=0.000415 MAE=0.013948 RMSE=0.020383 | val (price) MSE=0.000168 MAE=0.009388 RMSE=0.012954
2025-08-28T18:15:34Z - INFO - [train_model] Epoch 120 | train (scaled) MSE: mean=0.062338 med=0.015838 std=0.136474 min=0.000040 max=0.509463 | val (scaled) MSE: mean=0.025380 med=0.013126 std=0.030615 min=0.000114 max=0.075152
2025-08-28T18:15:34Z - INFO - [train_model] Epoch 120 | train (price) MSE=0.000414 MAE=0.014007 RMSE=0.020336 | val (price) MSE=0.000168 MAE=0.009388 RMSE=0.012976
2025-08-28T18:15:34Z - INFO - [train_model] Epoch 121 | train (scaled) MSE: mean=0.062090 med=0.015387 std=0.135605 min=0.000066 max=0.506307 | val (scaled) MSE: mean=0.025448 med=0.012909 std=0.030893 min=0.000139 max=0.075836
2025-08-28T18:15:34Z - INFO - [train_model] Epoch 121 | train (price) MSE=0.000412 MAE=0.014019 RMSE=0.020296 | val (price) MSE=0.000169 MAE=0.009387 RMSE=0.012993
2025-08-28T18:15:34Z - INFO - [train_model] Epoch 122 | train (scaled) MSE: mean=0.061921 med=0.015649 std=0.135224 min=0.000103 max=0.504987 | val (scaled) MSE: mean=0.025454 med=0.012891 std=0.030916 min=0.000140 max=0.075893
2025-08-28T18:15:34Z - INFO - [train_model] Epoch 122 | train (price) MSE=0.000411 MAE=0.014033 RMSE=0.020268 | val (price) MSE=0.000169 MAE=0.009387 RMSE=0.012995
2025-08-28T18:15:34Z - INFO - [train_model] Epoch 123 | train (scaled) MSE: mean=0.061765 med=0.015757 std=0.134784 min=0.000131 max=0.503420 | val (scaled) MSE: mean=0.025528 med=0.012674 std=0.031208 min=0.000158 max=0.076606
2025-08-28T18:15:34Z - INFO - [train_model] Epoch 123 | train (price) MSE=0.000410 MAE=0.014040 RMSE=0.020243 | val (price) MSE=0.000169 MAE=0.009387 RMSE=0.013014
2025-08-28T18:15:34Z - INFO - [train_model] Epoch 124 | train (scaled) MSE: mean=0.061640 med=0.015499 std=0.134187 min=0.000180 max=0.501327 | val (scaled) MSE: mean=0.025614 med=0.012462 std=0.031538 min=0.000127 max=0.077407
2025-08-28T18:15:34Z - INFO - [train_model] Epoch 124 | train (price) MSE=0.000409 MAE=0.014072 RMSE=0.020222 | val (price) MSE=0.000170 MAE=0.009387 RMSE=0.013036
2025-08-28T18:15:34Z - INFO - [train_model] Epoch 125 | train (scaled) MSE: mean=0.061516 med=0.015647 std=0.133866 min=0.000267 max=0.500205 | val (scaled) MSE: mean=0.025664 med=0.012344 std=0.031724 min=0.000111 max=0.077858
2025-08-28T18:15:34Z - INFO - [train_model] Epoch 125 | train (price) MSE=0.000408 MAE=0.014099 RMSE=0.020202 | val (price) MSE=0.000170 MAE=0.009386 RMSE=0.013048
2025-08-28T18:15:34Z - INFO - [train_model] Epoch 126 | train (scaled) MSE: mean=0.061464 med=0.015672 std=0.133462 min=0.000417 max=0.498863 | val (scaled) MSE: mean=0.025746 med=0.012156 std=0.032026 min=0.000087 max=0.078586
2025-08-28T18:15:34Z - INFO - [train_model] Epoch 126 | train (price) MSE=0.000408 MAE=0.014162 RMSE=0.020193 | val (price) MSE=0.000171 MAE=0.009386 RMSE=0.013069
2025-08-28T18:15:34Z - INFO - [train_model] Epoch 127 | train (scaled) MSE: mean=0.061265 med=0.015722 std=0.132731 min=0.000436 max=0.496206 | val (scaled) MSE: mean=0.025794 med=0.012052 std=0.032198 min=0.000075 max=0.078998
2025-08-28T18:15:34Z - INFO - [train_model] Epoch 127 | train (price) MSE=0.000406 MAE=0.014159 RMSE=0.020160 | val (price) MSE=0.000171 MAE=0.009385 RMSE=0.013081
2025-08-28T18:15:34Z - INFO - [train_model] Epoch 128 | train (scaled) MSE: mean=0.061175 med=0.015811 std=0.132319 min=0.000541 max=0.494776 | val (scaled) MSE: mean=0.025848 med=0.011940 std=0.032387 min=0.000062 max=0.079451
2025-08-28T18:15:34Z - INFO - [train_model] Epoch 128 | train (price) MSE=0.000406 MAE=0.014181 RMSE=0.020146 | val (price) MSE=0.000171 MAE=0.009385 RMSE=0.013095
2025-08-28T18:15:34Z - INFO - [train_model] Epoch 129 | train (scaled) MSE: mean=0.061231 med=0.015984 std=0.132072 min=0.000604 max=0.493980 | val (scaled) MSE: mean=0.025959 med=0.011723 std=0.032761 min=0.000041 max=0.080348
2025-08-28T18:15:34Z - INFO - [train_model] Epoch 129 | train (price) MSE=0.000406 MAE=0.014243 RMSE=0.020155 | val (price) MSE=0.000172 MAE=0.009385 RMSE=0.013123
2025-08-28T18:15:34Z - INFO - [train_model] Epoch 130 | train (scaled) MSE: mean=0.061008 med=0.015831 std=0.131458 min=0.000557 max=0.491750 | val (scaled) MSE: mean=0.025975 med=0.011693 std=0.032814 min=0.000039 max=0.080474
2025-08-28T18:15:34Z - INFO - [train_model] Epoch 130 | train (price) MSE=0.000405 MAE=0.014235 RMSE=0.020118 | val (price) MSE=0.000172 MAE=0.009385 RMSE=0.013127
2025-08-28T18:15:34Z - INFO - [train_model] Epoch 131 | train (scaled) MSE: mean=0.060940 med=0.015963 std=0.130951 min=0.000522 max=0.489970 | val (scaled) MSE: mean=0.026022 med=0.011601 std=0.032974 min=0.000031 max=0.080854
2025-08-28T18:15:34Z - INFO - [train_model] Epoch 131 | train (price) MSE=0.000404 MAE=0.014258 RMSE=0.020107 | val (price) MSE=0.000173 MAE=0.009384 RMSE=0.013139
2025-08-28T18:15:34Z - INFO - [train_model] Epoch 132 | train (scaled) MSE: mean=0.060892 med=0.016310 std=0.130696 min=0.000479 max=0.489066 | val (scaled) MSE: mean=0.026091 med=0.011475 std=0.033199 min=0.000023 max=0.081389
2025-08-28T18:15:34Z - INFO - [train_model] Epoch 132 | train (price) MSE=0.000404 MAE=0.014268 RMSE=0.020099 | val (price) MSE=0.000173 MAE=0.009384 RMSE=0.013156
2025-08-28T18:15:34Z - INFO - [train_model] Epoch 133 | train (scaled) MSE: mean=0.060834 med=0.016594 std=0.130486 min=0.000461 max=0.488349 | val (scaled) MSE: mean=0.026125 med=0.011414 std=0.033310 min=0.000019 max=0.081654
2025-08-28T18:15:34Z - INFO - [train_model] Epoch 133 | train (price) MSE=0.000404 MAE=0.014288 RMSE=0.020089 | val (price) MSE=0.000173 MAE=0.009384 RMSE=0.013165
2025-08-28T18:15:34Z - INFO - [train_model] Epoch 134 | train (scaled) MSE: mean=0.060824 med=0.016923 std=0.130260 min=0.000432 max=0.487575 | val (scaled) MSE: mean=0.026122 med=0.011418 std=0.033301 min=0.000019 max=0.081631
2025-08-28T18:15:34Z - INFO - [train_model] Epoch 134 | train (price) MSE=0.000404 MAE=0.014304 RMSE=0.020088 | val (price) MSE=0.000173 MAE=0.009384 RMSE=0.013164
2025-08-28T18:15:34Z - INFO - [train_model] Epoch 135 | train (scaled) MSE: mean=0.060731 med=0.016994 std=0.130007 min=0.000423 max=0.486630 | val (scaled) MSE: mean=0.026168 med=0.011338 std=0.033449 min=0.000015 max=0.081982
2025-08-28T18:15:34Z - INFO - [train_model] Epoch 135 | train (price) MSE=0.000403 MAE=0.014295 RMSE=0.020072 | val (price) MSE=0.000174 MAE=0.009384 RMSE=0.013176
2025-08-28T18:15:34Z - INFO - [train_model] Epoch 136 | train (scaled) MSE: mean=0.060827 med=0.017535 std=0.129856 min=0.000351 max=0.486209 | val (scaled) MSE: mean=0.026286 med=0.011141 std=0.033818 min=0.000006 max=0.082855
2025-08-28T18:15:34Z - INFO - [train_model] Epoch 136 | train (price) MSE=0.000404 MAE=0.014349 RMSE=0.020088 | val (price) MSE=0.000174 MAE=0.009383 RMSE=0.013205
2025-08-28T18:15:34Z - INFO - [train_model] Epoch 137 | train (scaled) MSE: mean=0.060665 med=0.018041 std=0.129259 min=0.000328 max=0.484030 | val (scaled) MSE: mean=0.026334 med=0.011063 std=0.033967 min=0.000004 max=0.083206
2025-08-28T18:15:34Z - INFO - [train_model] Epoch 137 | train (price) MSE=0.000402 MAE=0.014347 RMSE=0.020061 | val (price) MSE=0.000175 MAE=0.009383 RMSE=0.013218
2025-08-28T18:15:34Z - INFO - [train_model] Epoch 138 | train (scaled) MSE: mean=0.060645 med=0.018619 std=0.128808 min=0.000308 max=0.482481 | val (scaled) MSE: mean=0.026390 med=0.010977 std=0.034136 min=0.000002 max=0.083605
2025-08-28T18:15:34Z - INFO - [train_model] Epoch 138 | train (price) MSE=0.000402 MAE=0.014373 RMSE=0.020058 | val (price) MSE=0.000175 MAE=0.009383 RMSE=0.013232
2025-08-28T18:15:34Z - INFO - [train_model] Epoch 139 | train (scaled) MSE: mean=0.060633 med=0.018490 std=0.128908 min=0.000309 max=0.482815 | val (scaled) MSE: mean=0.026370 med=0.011007 std=0.034076 min=0.000002 max=0.083463
2025-08-28T18:15:34Z - INFO - [train_model] Epoch 139 | train (price) MSE=0.000402 MAE=0.014369 RMSE=0.020056 | val (price) MSE=0.000175 MAE=0.009383 RMSE=0.013227
2025-08-28T18:15:34Z - INFO - [train_model] Epoch 140 | train (scaled) MSE: mean=0.060561 med=0.018533 std=0.128832 min=0.000309 max=0.482503 | val (scaled) MSE: mean=0.026388 med=0.010979 std=0.034131 min=0.000002 max=0.083594
2025-08-28T18:15:34Z - INFO - [train_model] Epoch 140 | train (price) MSE=0.000402 MAE=0.014356 RMSE=0.020044 | val (price) MSE=0.000175 MAE=0.009383 RMSE=0.013231
2025-08-28T18:15:34Z - INFO - [train_model] Epoch 141 | train (scaled) MSE: mean=0.060680 med=0.019144 std=0.128609 min=0.000272 max=0.481785 | val (scaled) MSE: mean=0.026504 med=0.010806 std=0.034475 min=0.000000 max=0.084405
2025-08-28T18:15:34Z - INFO - [train_model] Epoch 141 | train (price) MSE=0.000403 MAE=0.014398 RMSE=0.020064 | val (price) MSE=0.000176 MAE=0.009382 RMSE=0.013260
2025-08-28T18:15:34Z - INFO - [train_model] Epoch 142 | train (scaled) MSE: mean=0.060527 med=0.019258 std=0.128217 min=0.000266 max=0.480372 | val (scaled) MSE: mean=0.026461 med=0.010868 std=0.034350 min=0.000000 max=0.084110
2025-08-28T18:15:34Z - INFO - [train_model] Epoch 142 | train (price) MSE=0.000402 MAE=0.014400 RMSE=0.020039 | val (price) MSE=0.000176 MAE=0.009382 RMSE=0.013250
2025-08-28T18:15:34Z - INFO - [train_model] Epoch 143 | train (scaled) MSE: mean=0.060505 med=0.019389 std=0.128233 min=0.000248 max=0.480429 | val (scaled) MSE: mean=0.026519 med=0.010784 std=0.034519 min=0.000000 max=0.084508
2025-08-28T18:15:34Z - INFO - [train_model] Epoch 143 | train (price) MSE=0.000401 MAE=0.014393 RMSE=0.020035 | val (price) MSE=0.000176 MAE=0.009389 RMSE=0.013264
2025-08-28T18:15:34Z - INFO - [train_model] Epoch 144 | train (scaled) MSE: mean=0.060501 med=0.019577 std=0.127977 min=0.000243 max=0.479508 | val (scaled) MSE: mean=0.026550 med=0.010739 std=0.034609 min=0.000000 max=0.084719
2025-08-28T18:15:34Z - INFO - [train_model] Epoch 144 | train (price) MSE=0.000401 MAE=0.014407 RMSE=0.020034 | val (price) MSE=0.000176 MAE=0.009403 RMSE=0.013272
2025-08-28T18:15:34Z - INFO - [train_model] Epoch 145 | train (scaled) MSE: mean=0.060460 med=0.019859 std=0.127740 min=0.000230 max=0.478674 | val (scaled) MSE: mean=0.026575 med=0.010704 std=0.034682 min=0.000001 max=0.084890
2025-08-28T18:15:34Z - INFO - [train_model] Epoch 145 | train (price) MSE=0.000401 MAE=0.014416 RMSE=0.020027 | val (price) MSE=0.000176 MAE=0.009413 RMSE=0.013278
2025-08-28T18:15:34Z - INFO - [train_model] Epoch 146 | train (scaled) MSE: mean=0.060437 med=0.019845 std=0.127718 min=0.000225 max=0.478586 | val (scaled) MSE: mean=0.026559 med=0.010725 std=0.034638 min=0.000000 max=0.084786
2025-08-28T18:15:34Z - INFO - [train_model] Epoch 146 | train (price) MSE=0.000401 MAE=0.014411 RMSE=0.020024 | val (price) MSE=0.000176 MAE=0.009406 RMSE=0.013274
2025-08-28T18:15:34Z - INFO - [train_model] Epoch 147 | train (scaled) MSE: mean=0.060402 med=0.019920 std=0.127587 min=0.000223 max=0.478108 | val (scaled) MSE: mean=0.026592 med=0.010678 std=0.034734 min=0.000001 max=0.085013
2025-08-28T18:15:34Z - INFO - [train_model] Epoch 147 | train (price) MSE=0.000401 MAE=0.014411 RMSE=0.020018 | val (price) MSE=0.000176 MAE=0.009421 RMSE=0.013282
2025-08-28T18:15:34Z - INFO - [train_model] Epoch 148 | train (scaled) MSE: mean=0.060413 med=0.020169 std=0.127457 min=0.000209 max=0.477657 | val (scaled) MSE: mean=0.026638 med=0.010614 std=0.034866 min=0.000002 max=0.085323
2025-08-28T18:15:34Z - INFO - [train_model] Epoch 148 | train (price) MSE=0.000401 MAE=0.014421 RMSE=0.020020 | val (price) MSE=0.000177 MAE=0.009441 RMSE=0.013294
2025-08-28T18:15:34Z - INFO - [train_model] Epoch 149 | train (scaled) MSE: mean=0.060376 med=0.020190 std=0.127355 min=0.000201 max=0.477272 | val (scaled) MSE: mean=0.026634 med=0.010620 std=0.034854 min=0.000002 max=0.085295
2025-08-28T18:15:34Z - INFO - [train_model] Epoch 149 | train (price) MSE=0.000401 MAE=0.014420 RMSE=0.020014 | val (price) MSE=0.000177 MAE=0.009439 RMSE=0.013293
2025-08-28T18:15:34Z - INFO - [train_model] Epoch 150 | train (scaled) MSE: mean=0.060400 med=0.020199 std=0.127386 min=0.000200 max=0.477396 | val (scaled) MSE: mean=0.026621 med=0.010638 std=0.034816 min=0.000002 max=0.085204
2025-08-28T18:15:34Z - INFO - [train_model] Epoch 150 | train (price) MSE=0.000401 MAE=0.014424 RMSE=0.020018 | val (price) MSE=0.000177 MAE=0.009433 RMSE=0.013289
2025-08-28T18:15:34Z - INFO - [train_model] Epoch 151 | train (scaled) MSE: mean=0.060346 med=0.020189 std=0.127313 min=0.000200 max=0.477094 | val (scaled) MSE: mean=0.026660 med=0.010584 std=0.034928 min=0.000003 max=0.085469
2025-08-28T18:15:34Z - INFO - [train_model] Epoch 151 | train (price) MSE=0.000400 MAE=0.014412 RMSE=0.020009 | val (price) MSE=0.000177 MAE=0.009450 RMSE=0.013299
2025-08-28T18:15:34Z - INFO - [train_model] Epoch 152 | train (scaled) MSE: mean=0.060343 med=0.020384 std=0.127084 min=0.000185 max=0.476298 | val (scaled) MSE: mean=0.026696 med=0.010535 std=0.035032 min=0.000004 max=0.085712
2025-08-28T18:15:34Z - INFO - [train_model] Epoch 152 | train (price) MSE=0.000400 MAE=0.014425 RMSE=0.020008 | val (price) MSE=0.000177 MAE=0.009466 RMSE=0.013308
2025-08-28T18:15:34Z - INFO - [train_model] Epoch 153 | train (scaled) MSE: mean=0.060390 med=0.021119 std=0.126892 min=0.000164 max=0.475709 | val (scaled) MSE: mean=0.026772 med=0.010435 std=0.035244 min=0.000008 max=0.086209
2025-08-28T18:15:34Z - INFO - [train_model] Epoch 153 | train (price) MSE=0.000401 MAE=0.014459 RMSE=0.020016 | val (price) MSE=0.000178 MAE=0.009497 RMSE=0.013327
2025-08-28T18:15:34Z - INFO - [train_model] Epoch 154 | train (scaled) MSE: mean=0.060311 med=0.021127 std=0.126596 min=0.000155 max=0.474590 | val (scaled) MSE: mean=0.026784 med=0.010419 std=0.035277 min=0.000009 max=0.086287
2025-08-28T18:15:34Z - INFO - [train_model] Epoch 154 | train (price) MSE=0.000400 MAE=0.014453 RMSE=0.020003 | val (price) MSE=0.000178 MAE=0.009502 RMSE=0.013330
2025-08-28T18:15:34Z - INFO - [train_model] Epoch 155 | train (scaled) MSE: mean=0.060405 med=0.021463 std=0.126433 min=0.000150 max=0.474082 | val (scaled) MSE: mean=0.026847 med=0.010339 std=0.035452 min=0.000013 max=0.086696
2025-08-28T18:15:34Z - INFO - [train_model] Epoch 155 | train (price) MSE=0.000401 MAE=0.014487 RMSE=0.020018 | val (price) MSE=0.000178 MAE=0.009529 RMSE=0.013346
2025-08-28T18:15:34Z - INFO - [train_model] Epoch 156 | train (scaled) MSE: mean=0.060352 med=0.021297 std=0.126510 min=0.000138 max=0.474297 | val (scaled) MSE: mean=0.026808 med=0.010388 std=0.035346 min=0.000010 max=0.086447
2025-08-28T18:15:34Z - INFO - [train_model] Epoch 156 | train (price) MSE=0.000400 MAE=0.014464 RMSE=0.020010 | val (price) MSE=0.000178 MAE=0.009513 RMSE=0.013336
2025-08-28T18:15:34Z - INFO - [train_model] Epoch 157 | train (scaled) MSE: mean=0.060320 med=0.021152 std=0.126574 min=0.000153 max=0.474521 | val (scaled) MSE: mean=0.026783 med=0.010420 std=0.035275 min=0.000009 max=0.086282
2025-08-28T18:15:34Z - INFO - [train_model] Epoch 157 | train (price) MSE=0.000400 MAE=0.014456 RMSE=0.020004 | val (price) MSE=0.000178 MAE=0.009502 RMSE=0.013330
2025-08-28T18:15:34Z - INFO - [train_model] Epoch 158 | train (scaled) MSE: mean=0.060316 med=0.021431 std=0.126478 min=0.000140 max=0.474155 | val (scaled) MSE: mean=0.026846 med=0.010340 std=0.035450 min=0.000013 max=0.086691
2025-08-28T18:15:34Z - INFO - [train_model] Epoch 158 | train (price) MSE=0.000400 MAE=0.014455 RMSE=0.020004 | val (price) MSE=0.000178 MAE=0.009528 RMSE=0.013345
2025-08-28T18:15:34Z - INFO - [train_model] Epoch 159 | train (scaled) MSE: mean=0.060266 med=0.021474 std=0.126219 min=0.000133 max=0.473240 | val (scaled) MSE: mean=0.026860 med=0.010322 std=0.035488 min=0.000014 max=0.086780
2025-08-28T18:15:34Z - INFO - [train_model] Epoch 159 | train (price) MSE=0.000400 MAE=0.014464 RMSE=0.019995 | val (price) MSE=0.000178 MAE=0.009534 RMSE=0.013349
2025-08-28T18:15:34Z - INFO - [train_model] Epoch 160 | train (scaled) MSE: mean=0.060267 med=0.021685 std=0.126086 min=0.000128 max=0.472780 | val (scaled) MSE: mean=0.026853 med=0.010330 std=0.035470 min=0.000014 max=0.086738
2025-08-28T18:15:34Z - INFO - [train_model] Epoch 160 | train (price) MSE=0.000400 MAE=0.014471 RMSE=0.019995 | val (price) MSE=0.000178 MAE=0.009531 RMSE=0.013347
2025-08-28T18:15:34Z - INFO - [train_model] Epoch 161 | train (scaled) MSE: mean=0.060301 med=0.021523 std=0.126394 min=0.000140 max=0.473875 | val (scaled) MSE: mean=0.026805 med=0.010390 std=0.035338 min=0.000010 max=0.086430
2025-08-28T18:15:34Z - INFO - [train_model] Epoch 161 | train (price) MSE=0.000400 MAE=0.014456 RMSE=0.020001 | val (price) MSE=0.000178 MAE=0.009511 RMSE=0.013335
2025-08-28T18:15:35Z - INFO - [train_model] Epoch 162 | train (scaled) MSE: mean=0.060237 med=0.021176 std=0.126396 min=0.000143 max=0.473830 | val (scaled) MSE: mean=0.026802 med=0.010394 std=0.035331 min=0.000010 max=0.086412
2025-08-28T18:15:35Z - INFO - [train_model] Epoch 162 | train (price) MSE=0.000400 MAE=0.014442 RMSE=0.019991 | val (price) MSE=0.000178 MAE=0.009510 RMSE=0.013335
2025-08-28T18:15:35Z - INFO - [train_model] Epoch 163 | train (scaled) MSE: mean=0.060269 med=0.021428 std=0.126280 min=0.000128 max=0.473454 | val (scaled) MSE: mean=0.026886 med=0.010289 std=0.035560 min=0.000016 max=0.086949
2025-08-28T18:15:35Z - INFO - [train_model] Epoch 163 | train (price) MSE=0.000400 MAE=0.014455 RMSE=0.019996 | val (price) MSE=0.000178 MAE=0.009544 RMSE=0.013355
2025-08-28T18:15:35Z - INFO - [train_model] Epoch 164 | train (scaled) MSE: mean=0.060215 med=0.021775 std=0.125966 min=0.000118 max=0.472318 | val (scaled) MSE: mean=0.026897 med=0.010274 std=0.035592 min=0.000017 max=0.087024
2025-08-28T18:15:35Z - INFO - [train_model] Epoch 164 | train (price) MSE=0.000399 MAE=0.014463 RMSE=0.019987 | val (price) MSE=0.000178 MAE=0.009549 RMSE=0.013358
2025-08-28T18:15:35Z - INFO - [train_model] Epoch 165 | train (scaled) MSE: mean=0.060319 med=0.022218 std=0.125817 min=0.000118 max=0.471867 | val (scaled) MSE: mean=0.026963 med=0.010194 std=0.035770 min=0.000023 max=0.087441
2025-08-28T18:15:35Z - INFO - [train_model] Epoch 165 | train (price) MSE=0.000400 MAE=0.014503 RMSE=0.020004 | val (price) MSE=0.000179 MAE=0.009575 RMSE=0.013374
2025-08-28T18:15:35Z - INFO - [train_model] Early stopping at epoch 165 (best price val MSE=0.000163 @ epoch 105)
2025-08-28T18:15:35Z - INFO - [visualize_full_prediction] Saved full prediction plot for ['ACAM', 'BMY', 'EBAY', 'EWI', 'BABA', 'DAL', 'JNJ', 'NFLX', 'TSLA'] to output/20250828-141526/plots/all_tickers_lstm_full_returns_prediction.png
2025-08-28T18:15:35Z - INFO - [visualize_sentiment] Saved sentiment plot for all_tickers to output/20250828-141526/plots/all_tickers_sentiment.png
2025-08-28T18:15:35Z - INFO - [train] [all_tickers] Test (price) MSE=0.001012101 | MAE=0.024848934 | RMSE=0.031813538 (scaled MSE=0.152559310)
2025-08-28T18:15:35Z - INFO - [train] [all_tickers] Final (price) Train MSE=0.000400166 | Val MSE=0.000178876 (scaled Train MSE=0.060319174 | Val MSE=0.026962951)
2025-08-28T18:15:35Z - INFO - [train] [all_tickers] Best epoch=105 | Best (price) Train MSE=0.000457779 | Best (price) Val MSE=0.000163224 | Saved at=/home/tbfs/Projects/finBert/output/20250828-141526/saved_weights/all_tickers/all_tickers_best-epoch105.pt
2025-08-28T18:15:35Z - INFO - [train] Wrote evaluation summary → output/20250828-141526/evaluation.json
