2025-08-26T03:38:33Z - INFO - [Pipeline::__init__] Loaded news dataframe with columns=['title', 'date', 'stock'] shape=(1277896, 3).
2025-08-26T03:38:33Z - INFO - [SentimentGenerator::_load] Loaded precomputed sentiment from /home/tbfs/Projects/finBert/output/20250823-140342/sentiment_daily.csv
2025-08-26T03:38:33Z - INFO - [train] Training predictor for ticker: EWI
2025-08-26T03:38:34Z - INFO - [train] Loaded prices for EWI with columns=['date', 'volume', 'open', 'high', 'low', 'close', 'adj close'] shape=(2516, 7).
2025-08-26T03:38:34Z - INFO - [SequenceDataset::__init__] len(self.valid_indices)=701 out of len(df)=2515 samples are valid for lookback=60 with sentiment_col=SentimentScore
2025-08-26T03:38:34Z - INFO - [SequenceDataset::__init__] len(self.valid_indices)=78 out of len(df)=2515 samples are valid for lookback=60 with sentiment_col=SentimentScore
2025-08-26T03:38:34Z - INFO - [SequenceDataset::__init__] len(self.valid_indices)=87 out of len(df)=2515 samples are valid for lookback=60 with sentiment_col=SentimentScore
2025-08-26T03:38:35Z - INFO - [train_model] Epoch 001 | train (scaled) MSE: mean=0.021739 med=0.004838 std=0.054366 min=0.000000 max=0.519442 | val (scaled) MSE: mean=0.021907 med=0.006259 std=0.076331 min=0.000000 max=0.670978
2025-08-26T03:38:35Z - INFO - [train_model] Epoch 001 | train (price) MSE=0.000694 MAE=0.018113 RMSE=0.026337 | val (price) MSE=0.000699 MAE=0.018261 RMSE=0.026439
2025-08-26T03:38:35Z - INFO - [train_model] New best (price) val MSE=0.000699 at epoch 1; saved → /home/tbfs/Projects/finBert/output/20250825-233829/saved_weights/EWI/EWI_best-epoch001.pt
2025-08-26T03:38:36Z - INFO - [train_model] Epoch 002 | train (scaled) MSE: mean=0.015493 med=0.004735 std=0.034518 min=0.000000 max=0.393431 | val (scaled) MSE: mean=0.023567 med=0.006702 std=0.081027 min=0.000000 max=0.710533
2025-08-26T03:38:36Z - INFO - [train_model] Epoch 002 | train (price) MSE=0.000494 MAE=0.016261 RMSE=0.022234 | val (price) MSE=0.000752 MAE=0.018818 RMSE=0.027422
2025-08-26T03:38:36Z - INFO - [train_model] Epoch 003 | train (scaled) MSE: mean=0.016867 med=0.005952 std=0.036222 min=0.000000 max=0.397925 | val (scaled) MSE: mean=0.023936 med=0.006252 std=0.083245 min=0.000001 max=0.730262
2025-08-26T03:38:36Z - INFO - [train_model] Epoch 003 | train (price) MSE=0.000538 MAE=0.017259 RMSE=0.023199 | val (price) MSE=0.000764 MAE=0.018779 RMSE=0.027636
2025-08-26T03:38:37Z - INFO - [train_model] Epoch 004 | train (scaled) MSE: mean=0.018160 med=0.005826 std=0.039010 min=0.000000 max=0.393260 | val (scaled) MSE: mean=0.021565 med=0.005484 std=0.078067 min=0.000000 max=0.687184
2025-08-26T03:38:37Z - INFO - [train_model] Epoch 004 | train (price) MSE=0.000579 MAE=0.017898 RMSE=0.024071 | val (price) MSE=0.000688 MAE=0.017782 RMSE=0.026232
2025-08-26T03:38:37Z - INFO - [train_model] New best (price) val MSE=0.000688 at epoch 4; saved → /home/tbfs/Projects/finBert/output/20250825-233829/saved_weights/EWI/EWI_best-epoch004.pt
2025-08-26T03:38:38Z - INFO - [train_model] Epoch 005 | train (scaled) MSE: mean=0.017163 med=0.005781 std=0.037519 min=0.000000 max=0.372076 | val (scaled) MSE: mean=0.018073 med=0.004751 std=0.070384 min=0.000014 max=0.622737
2025-08-26T03:38:38Z - INFO - [train_model] Epoch 005 | train (price) MSE=0.000548 MAE=0.017295 RMSE=0.023402 | val (price) MSE=0.000577 MAE=0.016228 RMSE=0.024014
2025-08-26T03:38:38Z - INFO - [train_model] New best (price) val MSE=0.000577 at epoch 5; saved → /home/tbfs/Projects/finBert/output/20250825-233829/saved_weights/EWI/EWI_best-epoch005.pt
2025-08-26T03:38:39Z - INFO - [train_model] Epoch 006 | train (scaled) MSE: mean=0.015932 med=0.005583 std=0.035487 min=0.000000 max=0.349802 | val (scaled) MSE: mean=0.017460 med=0.004895 std=0.068057 min=0.000014 max=0.602685
2025-08-26T03:38:39Z - INFO - [train_model] Epoch 006 | train (price) MSE=0.000508 MAE=0.016673 RMSE=0.022547 | val (price) MSE=0.000557 MAE=0.016005 RMSE=0.023603
2025-08-26T03:38:39Z - INFO - [train_model] New best (price) val MSE=0.000557 at epoch 6; saved → /home/tbfs/Projects/finBert/output/20250825-233829/saved_weights/EWI/EWI_best-epoch006.pt
2025-08-26T03:38:39Z - INFO - [train_model] Epoch 007 | train (scaled) MSE: mean=0.015407 med=0.005408 std=0.035054 min=0.000000 max=0.348674 | val (scaled) MSE: mean=0.016188 med=0.004533 std=0.064212 min=0.000003 max=0.569974
2025-08-26T03:38:39Z - INFO - [train_model] Epoch 007 | train (price) MSE=0.000492 MAE=0.016328 RMSE=0.022172 | val (price) MSE=0.000517 MAE=0.015424 RMSE=0.022727
2025-08-26T03:38:39Z - INFO - [train_model] New best (price) val MSE=0.000517 at epoch 7; saved → /home/tbfs/Projects/finBert/output/20250825-233829/saved_weights/EWI/EWI_best-epoch007.pt
2025-08-26T03:38:40Z - INFO - [train_model] Epoch 008 | train (scaled) MSE: mean=0.014843 med=0.005041 std=0.033993 min=0.000000 max=0.344038 | val (scaled) MSE: mean=0.015698 med=0.004389 std=0.062237 min=0.000001 max=0.552965
2025-08-26T03:38:40Z - INFO - [train_model] Epoch 008 | train (price) MSE=0.000474 MAE=0.015985 RMSE=0.021763 | val (price) MSE=0.000501 MAE=0.015197 RMSE=0.022380
2025-08-26T03:38:40Z - INFO - [train_model] New best (price) val MSE=0.000501 at epoch 8; saved → /home/tbfs/Projects/finBert/output/20250825-233829/saved_weights/EWI/EWI_best-epoch008.pt
2025-08-26T03:38:41Z - INFO - [train_model] Epoch 009 | train (scaled) MSE: mean=0.014522 med=0.004833 std=0.033378 min=0.000000 max=0.328812 | val (scaled) MSE: mean=0.015356 med=0.004952 std=0.060588 min=0.000000 max=0.538668
2025-08-26T03:38:41Z - INFO - [train_model] Epoch 009 | train (price) MSE=0.000463 MAE=0.015737 RMSE=0.021526 | val (price) MSE=0.000490 MAE=0.015135 RMSE=0.022136
2025-08-26T03:38:41Z - INFO - [train_model] New best (price) val MSE=0.000490 at epoch 9; saved → /home/tbfs/Projects/finBert/output/20250825-233829/saved_weights/EWI/EWI_best-epoch009.pt
2025-08-26T03:38:42Z - INFO - [train_model] Epoch 010 | train (scaled) MSE: mean=0.014403 med=0.004808 std=0.033028 min=0.000000 max=0.336391 | val (scaled) MSE: mean=0.015177 med=0.004924 std=0.059624 min=0.000003 max=0.530265
2025-08-26T03:38:42Z - INFO - [train_model] Epoch 010 | train (price) MSE=0.000460 MAE=0.015668 RMSE=0.021437 | val (price) MSE=0.000484 MAE=0.015100 RMSE=0.022006
2025-08-26T03:38:42Z - INFO - [train_model] New best (price) val MSE=0.000484 at epoch 10; saved → /home/tbfs/Projects/finBert/output/20250825-233829/saved_weights/EWI/EWI_best-epoch010.pt
2025-08-26T03:38:42Z - INFO - [train_model] Epoch 011 | train (scaled) MSE: mean=0.014254 med=0.004680 std=0.032226 min=0.000000 max=0.311757 | val (scaled) MSE: mean=0.015014 med=0.004893 std=0.058731 min=0.000010 max=0.522462
2025-08-26T03:38:42Z - INFO - [train_model] Epoch 011 | train (price) MSE=0.000455 MAE=0.015606 RMSE=0.021327 | val (price) MSE=0.000479 MAE=0.015061 RMSE=0.021888
2025-08-26T03:38:42Z - INFO - [train_model] New best (price) val MSE=0.000479 at epoch 11; saved → /home/tbfs/Projects/finBert/output/20250825-233829/saved_weights/EWI/EWI_best-epoch011.pt
2025-08-26T03:38:43Z - INFO - [train_model] Epoch 012 | train (scaled) MSE: mean=0.014077 med=0.004418 std=0.032184 min=0.000000 max=0.309995 | val (scaled) MSE: mean=0.014889 med=0.004539 std=0.058130 min=0.000020 max=0.517240
2025-08-26T03:38:43Z - INFO - [train_model] Epoch 012 | train (price) MSE=0.000449 MAE=0.015465 RMSE=0.021193 | val (price) MSE=0.000475 MAE=0.015022 RMSE=0.021796
2025-08-26T03:38:43Z - INFO - [train_model] New best (price) val MSE=0.000475 at epoch 12; saved → /home/tbfs/Projects/finBert/output/20250825-233829/saved_weights/EWI/EWI_best-epoch012.pt
2025-08-26T03:38:44Z - INFO - [train_model] Epoch 013 | train (scaled) MSE: mean=0.013924 med=0.004266 std=0.031785 min=0.000000 max=0.310546 | val (scaled) MSE: mean=0.014742 med=0.004478 std=0.056946 min=0.000007 max=0.506852
2025-08-26T03:38:44Z - INFO - [train_model] Epoch 013 | train (price) MSE=0.000444 MAE=0.015387 RMSE=0.021078 | val (price) MSE=0.000470 MAE=0.014990 RMSE=0.021688
2025-08-26T03:38:44Z - INFO - [train_model] New best (price) val MSE=0.000470 at epoch 13; saved → /home/tbfs/Projects/finBert/output/20250825-233829/saved_weights/EWI/EWI_best-epoch013.pt
2025-08-26T03:38:45Z - INFO - [train_model] Epoch 014 | train (scaled) MSE: mean=0.013758 med=0.004510 std=0.031681 min=0.000000 max=0.298773 | val (scaled) MSE: mean=0.014629 med=0.004471 std=0.055930 min=0.000001 max=0.497906
2025-08-26T03:38:45Z - INFO - [train_model] Epoch 014 | train (price) MSE=0.000439 MAE=0.015289 RMSE=0.020952 | val (price) MSE=0.000467 MAE=0.014965 RMSE=0.021605
2025-08-26T03:38:45Z - INFO - [train_model] New best (price) val MSE=0.000467 at epoch 14; saved → /home/tbfs/Projects/finBert/output/20250825-233829/saved_weights/EWI/EWI_best-epoch014.pt
2025-08-26T03:38:45Z - INFO - [train_model] Epoch 015 | train (scaled) MSE: mean=0.013984 med=0.004478 std=0.031867 min=0.000000 max=0.313097 | val (scaled) MSE: mean=0.014593 med=0.004605 std=0.055191 min=0.000011 max=0.491332
2025-08-26T03:38:45Z - INFO - [train_model] Epoch 015 | train (price) MSE=0.000446 MAE=0.015452 RMSE=0.021124 | val (price) MSE=0.000466 MAE=0.014989 RMSE=0.021578
2025-08-26T03:38:45Z - INFO - [train_model] New best (price) val MSE=0.000466 at epoch 15; saved → /home/tbfs/Projects/finBert/output/20250825-233829/saved_weights/EWI/EWI_best-epoch015.pt
2025-08-26T03:38:46Z - INFO - [train_model] Epoch 016 | train (scaled) MSE: mean=0.013798 med=0.004612 std=0.031539 min=0.000000 max=0.328242 | val (scaled) MSE: mean=0.014570 med=0.004579 std=0.054343 min=0.000006 max=0.483747
2025-08-26T03:38:46Z - INFO - [train_model] Epoch 016 | train (price) MSE=0.000440 MAE=0.015373 RMSE=0.020983 | val (price) MSE=0.000465 MAE=0.015026 RMSE=0.021561
2025-08-26T03:38:46Z - INFO - [train_model] New best (price) val MSE=0.000465 at epoch 16; saved → /home/tbfs/Projects/finBert/output/20250825-233829/saved_weights/EWI/EWI_best-epoch016.pt
2025-08-26T03:38:47Z - INFO - [train_model] Epoch 017 | train (scaled) MSE: mean=0.013724 med=0.004371 std=0.031510 min=0.000000 max=0.297253 | val (scaled) MSE: mean=0.014574 med=0.004962 std=0.053438 min=0.000000 max=0.475607
2025-08-26T03:38:47Z - INFO - [train_model] Epoch 017 | train (price) MSE=0.000438 MAE=0.015262 RMSE=0.020926 | val (price) MSE=0.000465 MAE=0.015067 RMSE=0.021564
2025-08-26T03:38:48Z - INFO - [train_model] Epoch 018 | train (scaled) MSE: mean=0.013559 med=0.004514 std=0.030806 min=0.000000 max=0.285770 | val (scaled) MSE: mean=0.014697 med=0.005356 std=0.052228 min=0.000000 max=0.464500
2025-08-26T03:38:48Z - INFO - [train_model] Epoch 018 | train (price) MSE=0.000433 MAE=0.015213 RMSE=0.020800 | val (price) MSE=0.000469 MAE=0.015278 RMSE=0.021655
2025-08-26T03:38:48Z - INFO - [train_model] Epoch 019 | train (scaled) MSE: mean=0.013656 med=0.004188 std=0.030840 min=0.000000 max=0.283618 | val (scaled) MSE: mean=0.014591 med=0.005236 std=0.052237 min=0.000001 max=0.464744
2025-08-26T03:38:48Z - INFO - [train_model] Epoch 019 | train (price) MSE=0.000436 MAE=0.015223 RMSE=0.020874 | val (price) MSE=0.000466 MAE=0.015194 RMSE=0.021577
2025-08-26T03:38:49Z - INFO - [train_model] Epoch 020 | train (scaled) MSE: mean=0.013604 med=0.004247 std=0.031250 min=0.000000 max=0.290967 | val (scaled) MSE: mean=0.014708 med=0.005688 std=0.051478 min=0.000006 max=0.457680
2025-08-26T03:38:49Z - INFO - [train_model] Epoch 020 | train (price) MSE=0.000434 MAE=0.015248 RMSE=0.020835 | val (price) MSE=0.000469 MAE=0.015367 RMSE=0.021664
2025-08-26T03:38:50Z - INFO - [train_model] Epoch 021 | train (scaled) MSE: mean=0.013623 med=0.004144 std=0.030931 min=0.000000 max=0.294770 | val (scaled) MSE: mean=0.014503 med=0.004925 std=0.052003 min=0.000000 max=0.462745
2025-08-26T03:38:50Z - INFO - [train_model] Epoch 021 | train (price) MSE=0.000435 MAE=0.015254 RMSE=0.020849 | val (price) MSE=0.000463 MAE=0.015157 RMSE=0.021512
2025-08-26T03:38:50Z - INFO - [train_model] New best (price) val MSE=0.000463 at epoch 21; saved → /home/tbfs/Projects/finBert/output/20250825-233829/saved_weights/EWI/EWI_best-epoch021.pt
2025-08-26T03:38:50Z - INFO - [train_model] Epoch 022 | train (scaled) MSE: mean=0.013355 med=0.004243 std=0.029953 min=0.000000 max=0.271456 | val (scaled) MSE: mean=0.014699 med=0.005705 std=0.050946 min=0.000007 max=0.452873
2025-08-26T03:38:50Z - INFO - [train_model] Epoch 022 | train (price) MSE=0.000426 MAE=0.015190 RMSE=0.020643 | val (price) MSE=0.000469 MAE=0.015417 RMSE=0.021657
2025-08-26T03:38:51Z - INFO - [train_model] Epoch 023 | train (scaled) MSE: mean=0.013147 med=0.004069 std=0.029757 min=0.000000 max=0.280015 | val (scaled) MSE: mean=0.014814 med=0.005872 std=0.050370 min=0.000000 max=0.447427
2025-08-26T03:38:51Z - INFO - [train_model] Epoch 023 | train (price) MSE=0.000419 MAE=0.014987 RMSE=0.020481 | val (price) MSE=0.000473 MAE=0.015563 RMSE=0.021741
2025-08-26T03:38:52Z - INFO - [train_model] Epoch 024 | train (scaled) MSE: mean=0.013321 med=0.004216 std=0.030198 min=0.000000 max=0.286910 | val (scaled) MSE: mean=0.014714 med=0.005666 std=0.050402 min=0.000000 max=0.447872
2025-08-26T03:38:52Z - INFO - [train_model] Epoch 024 | train (price) MSE=0.000425 MAE=0.015038 RMSE=0.020617 | val (price) MSE=0.000469 MAE=0.015482 RMSE=0.021668
2025-08-26T03:38:53Z - INFO - [train_model] Epoch 025 | train (scaled) MSE: mean=0.013406 med=0.003856 std=0.030414 min=0.000000 max=0.302209 | val (scaled) MSE: mean=0.015174 med=0.006636 std=0.049038 min=0.000002 max=0.434625
2025-08-26T03:38:53Z - INFO - [train_model] Epoch 025 | train (price) MSE=0.000428 MAE=0.015167 RMSE=0.020682 | val (price) MSE=0.000484 MAE=0.016006 RMSE=0.022004
2025-08-26T03:38:53Z - INFO - [train_model] Epoch 026 | train (scaled) MSE: mean=0.013250 med=0.004062 std=0.030205 min=0.000000 max=0.289086 | val (scaled) MSE: mean=0.014731 med=0.005920 std=0.049855 min=0.000001 max=0.442848
2025-08-26T03:38:53Z - INFO - [train_model] Epoch 026 | train (price) MSE=0.000423 MAE=0.014946 RMSE=0.020561 | val (price) MSE=0.000470 MAE=0.015558 RMSE=0.021680
2025-08-26T03:38:54Z - INFO - [train_model] Epoch 027 | train (scaled) MSE: mean=0.013213 med=0.004197 std=0.029696 min=0.000000 max=0.284711 | val (scaled) MSE: mean=0.015195 med=0.006980 std=0.048429 min=0.000005 max=0.428955
2025-08-26T03:38:54Z - INFO - [train_model] Epoch 027 | train (price) MSE=0.000422 MAE=0.014998 RMSE=0.020533 | val (price) MSE=0.000485 MAE=0.016076 RMSE=0.022019
2025-08-26T03:38:55Z - INFO - [train_model] Epoch 028 | train (scaled) MSE: mean=0.013210 med=0.003630 std=0.029717 min=0.000000 max=0.273836 | val (scaled) MSE: mean=0.015145 med=0.006814 std=0.048560 min=0.000004 max=0.430204
2025-08-26T03:38:55Z - INFO - [train_model] Epoch 028 | train (price) MSE=0.000421 MAE=0.014926 RMSE=0.020530 | val (price) MSE=0.000483 MAE=0.016024 RMSE=0.021983
2025-08-26T03:38:56Z - INFO - [train_model] Epoch 029 | train (scaled) MSE: mean=0.013357 med=0.004006 std=0.029676 min=0.000000 max=0.261141 | val (scaled) MSE: mean=0.015013 med=0.006452 std=0.048820 min=0.000000 max=0.432797
2025-08-26T03:38:56Z - INFO - [train_model] Epoch 029 | train (price) MSE=0.000426 MAE=0.015125 RMSE=0.020645 | val (price) MSE=0.000479 MAE=0.015887 RMSE=0.021887
2025-08-26T03:38:56Z - INFO - [train_model] Epoch 030 | train (scaled) MSE: mean=0.013043 med=0.004131 std=0.029024 min=0.000000 max=0.283203 | val (scaled) MSE: mean=0.015049 med=0.006784 std=0.048504 min=0.000000 max=0.429822
2025-08-26T03:38:56Z - INFO - [train_model] Epoch 030 | train (price) MSE=0.000416 MAE=0.014912 RMSE=0.020400 | val (price) MSE=0.000480 MAE=0.015944 RMSE=0.021913
2025-08-26T03:38:57Z - INFO - [train_model] Epoch 031 | train (scaled) MSE: mean=0.013351 med=0.003914 std=0.030063 min=0.000000 max=0.282640 | val (scaled) MSE: mean=0.014876 med=0.006379 std=0.048902 min=0.000003 max=0.433750
2025-08-26T03:38:57Z - INFO - [train_model] Epoch 031 | train (price) MSE=0.000426 MAE=0.015132 RMSE=0.020640 | val (price) MSE=0.000475 MAE=0.015768 RMSE=0.021787
2025-08-26T03:38:58Z - INFO - [train_model] Epoch 032 | train (scaled) MSE: mean=0.013224 med=0.004114 std=0.029595 min=0.000000 max=0.285310 | val (scaled) MSE: mean=0.015186 med=0.006903 std=0.048087 min=0.000007 max=0.425687
2025-08-26T03:38:58Z - INFO - [train_model] Epoch 032 | train (price) MSE=0.000422 MAE=0.014965 RMSE=0.020541 | val (price) MSE=0.000485 MAE=0.016096 RMSE=0.022013
2025-08-26T03:38:59Z - INFO - [train_model] Epoch 033 | train (scaled) MSE: mean=0.013036 med=0.004054 std=0.028853 min=0.000000 max=0.282685 | val (scaled) MSE: mean=0.015191 med=0.006799 std=0.047933 min=0.000005 max=0.424236
2025-08-26T03:38:59Z - INFO - [train_model] Epoch 033 | train (price) MSE=0.000416 MAE=0.014997 RMSE=0.020395 | val (price) MSE=0.000485 MAE=0.016110 RMSE=0.022016
2025-08-26T03:38:59Z - INFO - [train_model] Epoch 034 | train (scaled) MSE: mean=0.013171 med=0.003941 std=0.030446 min=0.000000 max=0.300895 | val (scaled) MSE: mean=0.015142 med=0.006731 std=0.047932 min=0.000001 max=0.424299
2025-08-26T03:38:59Z - INFO - [train_model] Epoch 034 | train (price) MSE=0.000420 MAE=0.014875 RMSE=0.020500 | val (price) MSE=0.000483 MAE=0.016069 RMSE=0.021981
2025-08-26T03:39:00Z - INFO - [train_model] Epoch 035 | train (scaled) MSE: mean=0.013080 med=0.004031 std=0.029364 min=0.000000 max=0.284641 | val (scaled) MSE: mean=0.015235 med=0.006797 std=0.047527 min=0.000005 max=0.420377
2025-08-26T03:39:00Z - INFO - [train_model] Epoch 035 | train (price) MSE=0.000417 MAE=0.014908 RMSE=0.020429 | val (price) MSE=0.000486 MAE=0.016175 RMSE=0.022048
2025-08-26T03:39:01Z - INFO - [train_model] Epoch 036 | train (scaled) MSE: mean=0.013224 med=0.003891 std=0.029765 min=0.000000 max=0.286587 | val (scaled) MSE: mean=0.015438 med=0.007253 std=0.047238 min=0.000001 max=0.417273
2025-08-26T03:39:01Z - INFO - [train_model] Epoch 036 | train (price) MSE=0.000422 MAE=0.014987 RMSE=0.020541 | val (price) MSE=0.000493 MAE=0.016355 RMSE=0.022195
2025-08-26T03:39:02Z - INFO - [train_model] Epoch 037 | train (scaled) MSE: mean=0.013065 med=0.004086 std=0.030003 min=0.000001 max=0.311812 | val (scaled) MSE: mean=0.014655 med=0.005931 std=0.048710 min=0.000000 max=0.432268
2025-08-26T03:39:02Z - INFO - [train_model] Epoch 037 | train (price) MSE=0.000417 MAE=0.014879 RMSE=0.020418 | val (price) MSE=0.000468 MAE=0.015599 RMSE=0.021624
2025-08-26T03:39:02Z - INFO - [train_model] Epoch 038 | train (scaled) MSE: mean=0.012923 med=0.004087 std=0.028815 min=0.000000 max=0.276232 | val (scaled) MSE: mean=0.014806 med=0.006084 std=0.048319 min=0.000003 max=0.428394
2025-08-26T03:39:02Z - INFO - [train_model] Epoch 038 | train (price) MSE=0.000412 MAE=0.014855 RMSE=0.020306 | val (price) MSE=0.000472 MAE=0.015761 RMSE=0.021736
2025-08-26T03:39:03Z - INFO - [train_model] Epoch 039 | train (scaled) MSE: mean=0.013059 med=0.003908 std=0.029017 min=0.000000 max=0.292476 | val (scaled) MSE: mean=0.015521 med=0.007234 std=0.046915 min=0.000001 max=0.414012
2025-08-26T03:39:03Z - INFO - [train_model] Epoch 039 | train (price) MSE=0.000417 MAE=0.014943 RMSE=0.020413 | val (price) MSE=0.000495 MAE=0.016440 RMSE=0.022254
2025-08-26T03:39:04Z - INFO - [train_model] Epoch 040 | train (scaled) MSE: mean=0.013031 med=0.004093 std=0.029359 min=0.000000 max=0.283301 | val (scaled) MSE: mean=0.014940 med=0.006398 std=0.047849 min=0.000002 max=0.423768
2025-08-26T03:39:04Z - INFO - [train_model] Epoch 040 | train (price) MSE=0.000416 MAE=0.014910 RMSE=0.020391 | val (price) MSE=0.000477 MAE=0.015906 RMSE=0.021834
2025-08-26T03:39:05Z - INFO - [train_model] Epoch 041 | train (scaled) MSE: mean=0.013122 med=0.003987 std=0.029768 min=0.000000 max=0.286317 | val (scaled) MSE: mean=0.015672 med=0.007517 std=0.046380 min=0.000006 max=0.408711
2025-08-26T03:39:05Z - INFO - [train_model] Epoch 041 | train (price) MSE=0.000419 MAE=0.014841 RMSE=0.020462 | val (price) MSE=0.000500 MAE=0.016597 RMSE=0.022362
2025-08-26T03:39:05Z - INFO - [train_model] Epoch 042 | train (scaled) MSE: mean=0.012898 med=0.003878 std=0.028973 min=0.000000 max=0.297100 | val (scaled) MSE: mean=0.015287 med=0.006932 std=0.046955 min=0.000005 max=0.414813
2025-08-26T03:39:05Z - INFO - [train_model] Epoch 042 | train (price) MSE=0.000412 MAE=0.014829 RMSE=0.020287 | val (price) MSE=0.000488 MAE=0.016251 RMSE=0.022085
2025-08-26T03:39:06Z - INFO - [train_model] Epoch 043 | train (scaled) MSE: mean=0.012950 med=0.004048 std=0.029489 min=0.000000 max=0.286552 | val (scaled) MSE: mean=0.015398 med=0.007242 std=0.046843 min=0.000000 max=0.413489
2025-08-26T03:39:06Z - INFO - [train_model] Epoch 043 | train (price) MSE=0.000413 MAE=0.014785 RMSE=0.020327 | val (price) MSE=0.000491 MAE=0.016342 RMSE=0.022166
2025-08-26T03:39:07Z - INFO - [train_model] Epoch 044 | train (scaled) MSE: mean=0.012867 med=0.003887 std=0.029156 min=0.000000 max=0.272995 | val (scaled) MSE: mean=0.014904 med=0.006082 std=0.047450 min=0.000001 max=0.420092
2025-08-26T03:39:07Z - INFO - [train_model] Epoch 044 | train (price) MSE=0.000411 MAE=0.014781 RMSE=0.020262 | val (price) MSE=0.000476 MAE=0.015907 RMSE=0.021807
2025-08-26T03:39:08Z - INFO - [train_model] Epoch 045 | train (scaled) MSE: mean=0.012947 med=0.004059 std=0.029381 min=0.000000 max=0.305117 | val (scaled) MSE: mean=0.015227 med=0.006834 std=0.046843 min=0.000002 max=0.413787
2025-08-26T03:39:08Z - INFO - [train_model] Epoch 045 | train (price) MSE=0.000413 MAE=0.014881 RMSE=0.020325 | val (price) MSE=0.000486 MAE=0.016207 RMSE=0.022042
2025-08-26T03:39:08Z - INFO - [train_model] Epoch 046 | train (scaled) MSE: mean=0.012928 med=0.003976 std=0.029058 min=0.000000 max=0.282604 | val (scaled) MSE: mean=0.015395 med=0.007183 std=0.046457 min=0.000000 max=0.409833
2025-08-26T03:39:08Z - INFO - [train_model] Epoch 046 | train (price) MSE=0.000412 MAE=0.014800 RMSE=0.020310 | val (price) MSE=0.000491 MAE=0.016359 RMSE=0.022163
2025-08-26T03:39:09Z - INFO - [train_model] Epoch 047 | train (scaled) MSE: mean=0.012989 med=0.003833 std=0.029410 min=0.000000 max=0.284483 | val (scaled) MSE: mean=0.015615 med=0.007371 std=0.046265 min=0.000003 max=0.407538
2025-08-26T03:39:09Z - INFO - [train_model] Epoch 047 | train (price) MSE=0.000414 MAE=0.014822 RMSE=0.020358 | val (price) MSE=0.000498 MAE=0.016554 RMSE=0.022322
2025-08-26T03:39:10Z - INFO - [train_model] Epoch 048 | train (scaled) MSE: mean=0.012795 med=0.004019 std=0.028900 min=0.000000 max=0.294904 | val (scaled) MSE: mean=0.014911 med=0.006171 std=0.047394 min=0.000007 max=0.419443
2025-08-26T03:39:10Z - INFO - [train_model] Epoch 048 | train (price) MSE=0.000408 MAE=0.014748 RMSE=0.020206 | val (price) MSE=0.000476 MAE=0.015911 RMSE=0.021812
2025-08-26T03:39:11Z - INFO - [train_model] Epoch 049 | train (scaled) MSE: mean=0.013050 med=0.004397 std=0.029966 min=0.000000 max=0.297587 | val (scaled) MSE: mean=0.015497 med=0.007263 std=0.046476 min=0.000000 max=0.409700
2025-08-26T03:39:11Z - INFO - [train_model] Epoch 049 | train (price) MSE=0.000416 MAE=0.014871 RMSE=0.020406 | val (price) MSE=0.000494 MAE=0.016442 RMSE=0.022237
2025-08-26T03:39:11Z - INFO - [train_model] Epoch 050 | train (scaled) MSE: mean=0.013068 med=0.003720 std=0.029180 min=0.000000 max=0.288279 | val (scaled) MSE: mean=0.014895 med=0.006250 std=0.047695 min=0.000006 max=0.422187
2025-08-26T03:39:11Z - INFO - [train_model] Epoch 050 | train (price) MSE=0.000417 MAE=0.014889 RMSE=0.020420 | val (price) MSE=0.000475 MAE=0.015869 RMSE=0.021801
2025-08-26T03:39:12Z - INFO - [train_model] Epoch 051 | train (scaled) MSE: mean=0.012924 med=0.003809 std=0.029121 min=0.000000 max=0.289634 | val (scaled) MSE: mean=0.015267 med=0.007042 std=0.046907 min=0.000000 max=0.414124
2025-08-26T03:39:12Z - INFO - [train_model] Epoch 051 | train (price) MSE=0.000412 MAE=0.014878 RMSE=0.020307 | val (price) MSE=0.000487 MAE=0.016225 RMSE=0.022071
2025-08-26T03:39:13Z - INFO - [train_model] Epoch 052 | train (scaled) MSE: mean=0.012813 med=0.003959 std=0.028895 min=0.000000 max=0.298041 | val (scaled) MSE: mean=0.014715 med=0.005991 std=0.047949 min=0.000000 max=0.424852
2025-08-26T03:39:13Z - INFO - [train_model] Epoch 052 | train (price) MSE=0.000409 MAE=0.014775 RMSE=0.020220 | val (price) MSE=0.000470 MAE=0.015691 RMSE=0.021668
2025-08-26T03:39:14Z - INFO - [train_model] Epoch 053 | train (scaled) MSE: mean=0.012759 med=0.003839 std=0.028654 min=0.000000 max=0.298661 | val (scaled) MSE: mean=0.014780 med=0.006194 std=0.047769 min=0.000003 max=0.423074
2025-08-26T03:39:14Z - INFO - [train_model] Epoch 053 | train (price) MSE=0.000407 MAE=0.014714 RMSE=0.020177 | val (price) MSE=0.000472 MAE=0.015764 RMSE=0.021716
2025-08-26T03:39:14Z - INFO - [train_model] Epoch 054 | train (scaled) MSE: mean=0.012905 med=0.004284 std=0.029369 min=0.000000 max=0.290932 | val (scaled) MSE: mean=0.015149 med=0.006732 std=0.046995 min=0.000001 max=0.415181
2025-08-26T03:39:14Z - INFO - [train_model] Epoch 054 | train (price) MSE=0.000412 MAE=0.014792 RMSE=0.020292 | val (price) MSE=0.000483 MAE=0.016123 RMSE=0.021986
2025-08-26T03:39:15Z - INFO - [train_model] Epoch 055 | train (scaled) MSE: mean=0.012847 med=0.003690 std=0.028890 min=0.000000 max=0.293881 | val (scaled) MSE: mean=0.015335 med=0.007135 std=0.046663 min=0.000002 max=0.411685
2025-08-26T03:39:15Z - INFO - [train_model] Epoch 055 | train (price) MSE=0.000410 MAE=0.014777 RMSE=0.020246 | val (price) MSE=0.000489 MAE=0.016296 RMSE=0.022121
2025-08-26T03:39:16Z - INFO - [train_model] Epoch 056 | train (scaled) MSE: mean=0.012922 med=0.004042 std=0.028941 min=0.000000 max=0.286940 | val (scaled) MSE: mean=0.014983 med=0.006268 std=0.047385 min=0.000002 max=0.419051
2025-08-26T03:39:16Z - INFO - [train_model] Epoch 056 | train (price) MSE=0.000412 MAE=0.014779 RMSE=0.020305 | val (price) MSE=0.000478 MAE=0.015957 RMSE=0.021865
2025-08-26T03:39:17Z - INFO - [train_model] Epoch 057 | train (scaled) MSE: mean=0.012803 med=0.003911 std=0.028827 min=0.000000 max=0.284630 | val (scaled) MSE: mean=0.015027 med=0.006389 std=0.047241 min=0.000001 max=0.417654
2025-08-26T03:39:17Z - INFO - [train_model] Epoch 057 | train (price) MSE=0.000409 MAE=0.014733 RMSE=0.020212 | val (price) MSE=0.000479 MAE=0.016003 RMSE=0.021897
2025-08-26T03:39:17Z - INFO - [train_model] Epoch 058 | train (scaled) MSE: mean=0.012802 med=0.003791 std=0.029089 min=0.000000 max=0.293245 | val (scaled) MSE: mean=0.015035 med=0.006372 std=0.047214 min=0.000001 max=0.417371
2025-08-26T03:39:17Z - INFO - [train_model] Epoch 058 | train (price) MSE=0.000408 MAE=0.014698 RMSE=0.020211 | val (price) MSE=0.000480 MAE=0.016011 RMSE=0.021903
2025-08-26T03:39:18Z - INFO - [train_model] Epoch 059 | train (scaled) MSE: mean=0.012928 med=0.003870 std=0.029080 min=0.000000 max=0.293331 | val (scaled) MSE: mean=0.015292 med=0.007006 std=0.046984 min=0.000003 max=0.414686
2025-08-26T03:39:18Z - INFO - [train_model] Epoch 059 | train (price) MSE=0.000412 MAE=0.014762 RMSE=0.020310 | val (price) MSE=0.000488 MAE=0.016237 RMSE=0.022089
2025-08-26T03:39:19Z - INFO - [train_model] Epoch 060 | train (scaled) MSE: mean=0.012785 med=0.003887 std=0.028996 min=0.000000 max=0.286592 | val (scaled) MSE: mean=0.014919 med=0.006337 std=0.047628 min=0.000004 max=0.421389
2025-08-26T03:39:19Z - INFO - [train_model] Epoch 060 | train (price) MSE=0.000408 MAE=0.014701 RMSE=0.020198 | val (price) MSE=0.000476 MAE=0.015881 RMSE=0.021818
2025-08-26T03:39:20Z - INFO - [train_model] Epoch 061 | train (scaled) MSE: mean=0.012830 med=0.004059 std=0.029154 min=0.000000 max=0.287809 | val (scaled) MSE: mean=0.014736 med=0.006171 std=0.047908 min=0.000005 max=0.424358
2025-08-26T03:39:20Z - INFO - [train_model] Epoch 061 | train (price) MSE=0.000409 MAE=0.014731 RMSE=0.020233 | val (price) MSE=0.000470 MAE=0.015706 RMSE=0.021684
2025-08-26T03:39:20Z - INFO - [train_model] Early stopping at epoch 61 (best price val MSE=0.000463 @ epoch 21)
2025-08-26T03:39:20Z - INFO - [visualize_full_prediction] Saved full prediction plot for EWI to output/20250825-233829/plots/EWI_finbert-rnn_full_returns_prediction.png
2025-08-26T03:39:20Z - INFO - [visualize_sentiment] Saved sentiment plot for EWI to output/20250825-233829/plots/EWI_sentiment.png
2025-08-26T03:39:20Z - INFO - [train] [EWI] Test (price) MSE=0.000290 | MAE=0.012573 | RMSE=0.017025 (scaled MSE=0.009083)
2025-08-26T03:39:20Z - INFO - [train] [EWI] Final (price) Train MSE=0.000409 | Val MSE=0.000470 (scaled Train MSE=0.012830 | Val MSE=0.014736)
2025-08-26T03:39:20Z - INFO - [train] [EWI] Best epoch=21 | Best (price) Train MSE=0.000435 | Best (price) Val MSE=0.000463 | Saved at=/home/tbfs/Projects/finBert/output/20250825-233829/saved_weights/EWI/EWI_best-epoch021.pt
2025-08-26T03:39:20Z - INFO - [train] Wrote evaluation summary → output/20250825-233829/evaluation.json
