2025-08-28T02:13:45Z - INFO - [Pipeline::__init__] Loaded news dataframe with columns=['title', 'date', 'stock'] shape=(1277896, 3).
2025-08-28T02:13:45Z - INFO - [SentimentGenerator::_load] Loaded precomputed sentiment from /home/tbfs/Projects/finBert/output/20250823-140342/sentiment_daily.csv
2025-08-28T02:13:45Z - INFO - [train] Training predictor for ticker: ['ACAM', 'BMY', 'EBAY', 'EWI', 'BABA', 'DAL', 'JNJ', 'NFLX', 'TSLA']
2025-08-28T02:13:45Z - WARNING - [process_ticker] Skipping ACAM: price file is empty after loading (/home/tbfs/Projects/finBert/yf/ACAM.csv)
2025-08-28T02:13:45Z - INFO - [process_ticker] Loaded prices for BMY with columns=['date', 'open', 'high', 'low', 'close', 'volume', 'Dividends', 'Stock Splits'] shape=(2516, 8).
2025-08-28T02:13:45Z - INFO - [process_ticker] Loaded prices for BABA with columns=['date', 'open', 'high', 'low', 'close', 'volume', 'Dividends', 'Stock Splits'] shape=(1330, 8).
2025-08-28T02:13:45Z - INFO - [process_ticker] Loaded prices for JNJ with columns=['date', 'open', 'high', 'low', 'close', 'volume', 'Dividends', 'Stock Splits'] shape=(2516, 8).
2025-08-28T02:13:45Z - INFO - [process_ticker] Loaded prices for DAL with columns=['date', 'open', 'high', 'low', 'close', 'volume', 'Dividends', 'Stock Splits'] shape=(2516, 8).
2025-08-28T02:13:45Z - INFO - [process_ticker] Loaded prices for EWI with columns=['date', 'open', 'high', 'low', 'close', 'volume', 'Dividends', 'Stock Splits', 'Capital Gains'] shape=(2516, 9).
2025-08-28T02:13:45Z - INFO - [process_ticker] Loaded prices for NFLX with columns=['date', 'open', 'high', 'low', 'close', 'volume', 'Dividends', 'Stock Splits'] shape=(2516, 8).
2025-08-28T02:13:45Z - INFO - [process_ticker] Loaded prices for EBAY with columns=['date', 'open', 'high', 'low', 'close', 'volume', 'Dividends', 'Stock Splits'] shape=(2516, 8).
2025-08-28T02:13:45Z - INFO - [process_ticker] Loaded prices for TSLA with columns=['date', 'open', 'high', 'low', 'close', 'volume', 'Dividends', 'Stock Splits'] shape=(2394, 8).
2025-08-28T02:13:45Z - INFO - [train] feat_cols=['Open', 'High', 'Low', 'Volume', 'Close']
2025-08-28T02:13:45Z - INFO - [train] Combined supervised dataframe shape: (18812, 14)
2025-08-28T02:13:45Z - INFO - [SequenceDataset::__init__] len(self.valid_indices)=28 out of len(df_)=18812 samples are valid for lookback=60 with sentiment_col=SentimentScore
2025-08-28T02:13:45Z - INFO - [SequenceDataset::__init__] len(self.valid_indices)=8 out of len(df_)=18812 samples are valid for lookback=60 with sentiment_col=SentimentScore
2025-08-28T02:13:45Z - INFO - [SequenceDataset::__init__] len(self.valid_indices)=10 out of len(df_)=18812 samples are valid for lookback=60 with sentiment_col=SentimentScore
2025-08-28T02:13:45Z - INFO - [train_model] Epoch 001 | train (scaled) MSE: mean=0.428629 med=0.323737 std=0.328326 min=0.006533 max=1.187061 | val (scaled) MSE: mean=0.049178 med=0.062335 std=0.023971 min=0.015014 max=0.075642
2025-08-28T02:13:45Z - INFO - [train_model] Epoch 001 | train (price) MSE=104.248573 MAE=9.286125 RMSE=10.210219 | val (price) MSE=11.960682 MAE=3.328483 RMSE=3.458422
2025-08-28T02:13:45Z - INFO - [train_model] New best (price) val MSE=11.960682 at epoch 1; saved → /home/tbfs/Projects/finBert/output/20250827-221340/saved_weights/all_tickers/all_tickers_best-epoch001.pt
2025-08-28T02:13:45Z - INFO - [train_model] Epoch 002 | train (scaled) MSE: mean=0.384737 med=0.286888 std=0.301419 min=0.002577 max=1.057754 | val (scaled) MSE: mean=0.041336 med=0.052990 std=0.021539 min=0.010760 max=0.065691
2025-08-28T02:13:45Z - INFO - [train_model] Epoch 002 | train (price) MSE=93.573326 MAE=8.740861 RMSE=9.673331 | val (price) MSE=10.053469 MAE=3.030580 RMSE=3.170721
2025-08-28T02:13:45Z - INFO - [train_model] New best (price) val MSE=10.053469 at epoch 2; saved → /home/tbfs/Projects/finBert/output/20250827-221340/saved_weights/all_tickers/all_tickers_best-epoch002.pt
2025-08-28T02:13:45Z - INFO - [train_model] Epoch 003 | train (scaled) MSE: mean=0.366328 med=0.267022 std=0.294198 min=0.001622 max=1.044160 | val (scaled) MSE: mean=0.037984 med=0.048961 std=0.020491 min=0.008945 max=0.061366
2025-08-28T02:13:45Z - INFO - [train_model] Epoch 003 | train (price) MSE=89.096169 MAE=8.484709 RMSE=9.439077 | val (price) MSE=9.238350 MAE=2.892892 RMSE=3.039465
2025-08-28T02:13:45Z - INFO - [train_model] New best (price) val MSE=9.238350 at epoch 3; saved → /home/tbfs/Projects/finBert/output/20250827-221340/saved_weights/all_tickers/all_tickers_best-epoch003.pt
2025-08-28T02:13:46Z - INFO - [train_model] Epoch 004 | train (scaled) MSE: mean=0.354695 med=0.259065 std=0.286206 min=0.000943 max=1.012054 | val (scaled) MSE: mean=0.035426 med=0.045818 std=0.019636 min=0.007669 max=0.058068
2025-08-28T02:13:46Z - INFO - [train_model] Epoch 004 | train (price) MSE=86.266769 MAE=8.331124 RMSE=9.287991 | val (price) MSE=8.616041 MAE=2.783679 RMSE=2.935309
2025-08-28T02:13:46Z - INFO - [train_model] New best (price) val MSE=8.616041 at epoch 4; saved → /home/tbfs/Projects/finBert/output/20250827-221340/saved_weights/all_tickers/all_tickers_best-epoch004.pt
2025-08-28T02:13:46Z - INFO - [train_model] Epoch 005 | train (scaled) MSE: mean=0.343304 med=0.246122 std=0.280206 min=0.000452 max=0.988005 | val (scaled) MSE: mean=0.032774 med=0.042560 std=0.018711 min=0.006408 max=0.054507
2025-08-28T02:13:46Z - INFO - [train_model] Epoch 005 | train (price) MSE=83.496284 MAE=8.170870 RMSE=9.137630 | val (price) MSE=7.971121 MAE=2.665832 RMSE=2.823317
2025-08-28T02:13:46Z - INFO - [train_model] New best (price) val MSE=7.971121 at epoch 5; saved → /home/tbfs/Projects/finBert/output/20250827-221340/saved_weights/all_tickers/all_tickers_best-epoch005.pt
2025-08-28T02:13:46Z - INFO - [train_model] Epoch 006 | train (scaled) MSE: mean=0.331472 med=0.235771 std=0.273411 min=0.000253 max=0.965837 | val (scaled) MSE: mean=0.030122 med=0.039179 std=0.017739 min=0.005200 max=0.050986
2025-08-28T02:13:46Z - INFO - [train_model] Epoch 006 | train (price) MSE=80.618584 MAE=8.003166 RMSE=8.978785 | val (price) MSE=7.326010 MAE=2.542764 RMSE=2.706660
2025-08-28T02:13:46Z - INFO - [train_model] New best (price) val MSE=7.326010 at epoch 6; saved → /home/tbfs/Projects/finBert/output/20250827-221340/saved_weights/all_tickers/all_tickers_best-epoch006.pt
2025-08-28T02:13:46Z - INFO - [train_model] Epoch 007 | train (scaled) MSE: mean=0.318198 med=0.221694 std=0.264794 min=0.000063 max=0.936235 | val (scaled) MSE: mean=0.025856 med=0.033838 std=0.016074 min=0.003412 max=0.045273
2025-08-28T02:13:46Z - INFO - [train_model] Epoch 007 | train (price) MSE=77.390297 MAE=7.817087 RMSE=8.797176 | val (price) MSE=6.288501 MAE=2.331584 RMSE=2.507688
2025-08-28T02:13:46Z - INFO - [train_model] New best (price) val MSE=6.288501 at epoch 7; saved → /home/tbfs/Projects/finBert/output/20250827-221340/saved_weights/all_tickers/all_tickers_best-epoch007.pt
2025-08-28T02:13:46Z - INFO - [train_model] Epoch 008 | train (scaled) MSE: mean=0.277184 med=0.179663 std=0.247521 min=0.001013 max=0.893219 | val (scaled) MSE: mean=0.014749 med=0.019337 std=0.010932 min=0.000249 max=0.029141
2025-08-28T02:13:46Z - INFO - [train_model] Epoch 008 | train (price) MSE=67.415024 MAE=7.204341 RMSE=8.210665 | val (price) MSE=3.587086 MAE=1.659814 RMSE=1.893960
2025-08-28T02:13:46Z - INFO - [train_model] New best (price) val MSE=3.587086 at epoch 8; saved → /home/tbfs/Projects/finBert/output/20250827-221340/saved_weights/all_tickers/all_tickers_best-epoch008.pt
2025-08-28T02:13:46Z - INFO - [train_model] Epoch 009 | train (scaled) MSE: mean=0.209974 med=0.136787 std=0.191148 min=0.000153 max=0.602527 | val (scaled) MSE: mean=0.007094 med=0.008492 std=0.005742 min=0.000003 max=0.016005
2025-08-28T02:13:46Z - INFO - [train_model] Epoch 009 | train (price) MSE=51.068638 MAE=6.173443 RMSE=7.146232 | val (price) MSE=1.725350 MAE=1.089990 RMSE=1.313526
2025-08-28T02:13:46Z - INFO - [train_model] New best (price) val MSE=1.725350 at epoch 9; saved → /home/tbfs/Projects/finBert/output/20250827-221340/saved_weights/all_tickers/all_tickers_best-epoch009.pt
2025-08-28T02:13:46Z - INFO - [train_model] Epoch 010 | train (scaled) MSE: mean=0.157679 med=0.082675 std=0.158354 min=0.000058 max=0.534994 | val (scaled) MSE: mean=0.003585 med=0.003129 std=0.001754 min=0.001606 max=0.006938
2025-08-28T02:13:46Z - INFO - [train_model] Epoch 010 | train (price) MSE=38.349846 MAE=5.304044 RMSE=6.192725 | val (price) MSE=0.872039 MAE=0.907020 RMSE=0.933830
2025-08-28T02:13:46Z - INFO - [train_model] New best (price) val MSE=0.872039 at epoch 10; saved → /home/tbfs/Projects/finBert/output/20250827-221340/saved_weights/all_tickers/all_tickers_best-epoch010.pt
2025-08-28T02:13:46Z - INFO - [train_model] Epoch 011 | train (scaled) MSE: mean=0.115702 med=0.056813 std=0.119471 min=0.003108 max=0.429095 | val (scaled) MSE: mean=0.003719 med=0.001414 std=0.004318 min=0.000002 max=0.012703
2025-08-28T02:13:46Z - INFO - [train_model] Epoch 011 | train (price) MSE=28.140432 MAE=4.622023 RMSE=5.304756 | val (price) MSE=0.904604 MAE=0.749627 RMSE=0.951107
2025-08-28T02:13:46Z - INFO - [train_model] Epoch 012 | train (scaled) MSE: mean=0.084279 med=0.036909 std=0.093792 min=0.008125 max=0.344983 | val (scaled) MSE: mean=0.006635 med=0.001056 std=0.008266 min=0.000092 max=0.022421
2025-08-28T02:13:46Z - INFO - [train_model] Epoch 012 | train (price) MSE=20.497828 MAE=3.939700 RMSE=4.527453 | val (price) MSE=1.613796 MAE=0.951677 RMSE=1.270353
2025-08-28T02:13:46Z - INFO - [train_model] Epoch 013 | train (scaled) MSE: mean=0.061018 med=0.025109 std=0.070864 min=0.005629 max=0.270540 | val (scaled) MSE: mean=0.012052 med=0.004827 std=0.012123 min=0.000626 max=0.034421
2025-08-28T02:13:46Z - INFO - [train_model] Epoch 013 | train (price) MSE=14.840520 MAE=3.293430 RMSE=3.852340 | val (price) MSE=2.931285 MAE=1.470912 RMSE=1.712100
2025-08-28T02:13:46Z - INFO - [train_model] Epoch 014 | train (scaled) MSE: mean=0.045049 med=0.023767 std=0.053124 min=0.001277 max=0.191703 | val (scaled) MSE: mean=0.017313 med=0.009130 std=0.014761 min=0.002415 max=0.044213
2025-08-28T02:13:46Z - INFO - [train_model] Epoch 014 | train (price) MSE=10.956530 MAE=2.722837 RMSE=3.310065 | val (price) MSE=4.210697 MAE=1.858048 RMSE=2.051998
2025-08-28T02:13:46Z - INFO - [train_model] Epoch 015 | train (scaled) MSE: mean=0.036564 med=0.017939 std=0.040794 min=0.000003 max=0.139162 | val (scaled) MSE: mean=0.022810 med=0.013979 std=0.016972 min=0.004849 max=0.053534
2025-08-28T02:13:46Z - INFO - [train_model] Epoch 015 | train (price) MSE=8.892816 MAE=2.324500 RMSE=2.982082 | val (price) MSE=5.547779 MAE=2.190654 RMSE=2.355372
2025-08-28T02:13:46Z - INFO - [train_model] Epoch 016 | train (scaled) MSE: mean=0.031691 med=0.008947 std=0.036056 min=0.000000 max=0.115019 | val (scaled) MSE: mean=0.026927 med=0.017658 std=0.018442 min=0.006936 max=0.060209
2025-08-28T02:13:46Z - INFO - [train_model] Epoch 016 | train (price) MSE=7.707749 MAE=2.092192 RMSE=2.776283 | val (price) MSE=6.549133 MAE=2.409337 RMSE=2.559127
2025-08-28T02:13:46Z - INFO - [train_model] Epoch 017 | train (scaled) MSE: mean=0.028939 med=0.005314 std=0.033521 min=0.000273 max=0.104734 | val (scaled) MSE: mean=0.029935 med=0.020414 std=0.019423 min=0.008551 max=0.064930
2025-08-28T02:13:46Z - INFO - [train_model] Epoch 017 | train (price) MSE=7.038467 MAE=2.036663 RMSE=2.653011 | val (price) MSE=7.280705 MAE=2.557351 RMSE=2.698278
2025-08-28T02:13:46Z - INFO - [train_model] Epoch 018 | train (scaled) MSE: mean=0.027727 med=0.004384 std=0.032110 min=0.000078 max=0.106862 | val (scaled) MSE: mean=0.031999 med=0.022328 std=0.020054 min=0.009695 max=0.068100
2025-08-28T02:13:46Z - INFO - [train_model] Epoch 018 | train (price) MSE=6.743615 MAE=2.008631 RMSE=2.596847 | val (price) MSE=7.782520 MAE=2.654166 RMSE=2.789717
2025-08-28T02:13:46Z - INFO - [train_model] Epoch 019 | train (scaled) MSE: mean=0.027238 med=0.004764 std=0.032929 min=0.000001 max=0.115751 | val (scaled) MSE: mean=0.034610 med=0.024760 std=0.020829 min=0.011184 max=0.072072
2025-08-28T02:13:46Z - INFO - [train_model] Epoch 019 | train (price) MSE=6.624739 MAE=2.004816 RMSE=2.573857 | val (price) MSE=8.417686 MAE=2.771719 RMSE=2.901325
2025-08-28T02:13:46Z - INFO - [train_model] Epoch 020 | train (scaled) MSE: mean=0.026622 med=0.005220 std=0.032602 min=0.000004 max=0.116218 | val (scaled) MSE: mean=0.035349 med=0.025490 std=0.021023 min=0.011604 max=0.073157
2025-08-28T02:13:46Z - INFO - [train_model] Epoch 020 | train (price) MSE=6.474830 MAE=1.970537 RMSE=2.544569 | val (price) MSE=8.597445 MAE=2.804278 RMSE=2.932140
2025-08-28T02:13:46Z - INFO - [train_model] Epoch 021 | train (scaled) MSE: mean=0.026262 med=0.004798 std=0.032521 min=0.000012 max=0.119087 | val (scaled) MSE: mean=0.035449 med=0.025628 std=0.021034 min=0.011651 max=0.073281
2025-08-28T02:13:46Z - INFO - [train_model] Epoch 021 | train (price) MSE=6.387269 MAE=1.973174 RMSE=2.527305 | val (price) MSE=8.621785 MAE=2.808800 RMSE=2.936288
2025-08-28T02:13:46Z - INFO - [train_model] Epoch 022 | train (scaled) MSE: mean=0.026094 med=0.004728 std=0.032267 min=0.000000 max=0.118918 | val (scaled) MSE: mean=0.034352 med=0.024654 std=0.020689 min=0.011004 max=0.071584
2025-08-28T02:13:46Z - INFO - [train_model] Epoch 022 | train (price) MSE=6.346515 MAE=1.962354 RMSE=2.519229 | val (price) MSE=8.354868 MAE=2.760980 RMSE=2.890479
2025-08-28T02:13:46Z - INFO - [train_model] Epoch 023 | train (scaled) MSE: mean=0.025851 med=0.004920 std=0.032178 min=0.000001 max=0.118243 | val (scaled) MSE: mean=0.035514 med=0.025765 std=0.021012 min=0.011670 max=0.073318
2025-08-28T02:13:46Z - INFO - [train_model] Epoch 023 | train (price) MSE=6.287387 MAE=1.960949 RMSE=2.507466 | val (price) MSE=8.637601 MAE=2.812019 RMSE=2.938980
2025-08-28T02:13:46Z - INFO - [train_model] Epoch 024 | train (scaled) MSE: mean=0.025561 med=0.004628 std=0.031943 min=0.000046 max=0.117604 | val (scaled) MSE: mean=0.035550 med=0.025841 std=0.021001 min=0.011681 max=0.073340
2025-08-28T02:13:46Z - INFO - [train_model] Epoch 024 | train (price) MSE=6.216679 MAE=1.948389 RMSE=2.493327 | val (price) MSE=8.646250 MAE=2.813773 RMSE=2.940451
2025-08-28T02:13:46Z - INFO - [train_model] Epoch 025 | train (scaled) MSE: mean=0.025450 med=0.005339 std=0.032208 min=0.000062 max=0.120527 | val (scaled) MSE: mean=0.035096 med=0.025457 std=0.020854 min=0.011409 max=0.072632
2025-08-28T02:13:46Z - INFO - [train_model] Epoch 025 | train (price) MSE=6.189834 MAE=1.946519 RMSE=2.487938 | val (price) MSE=8.535748 MAE=2.794151 RMSE=2.921600
2025-08-28T02:13:46Z - INFO - [train_model] Epoch 026 | train (scaled) MSE: mean=0.025161 med=0.004930 std=0.031811 min=0.000099 max=0.117942 | val (scaled) MSE: mean=0.035398 med=0.025778 std=0.020922 min=0.011575 max=0.073060
2025-08-28T02:13:46Z - INFO - [train_model] Epoch 026 | train (price) MSE=6.119445 MAE=1.935632 RMSE=2.473751 | val (price) MSE=8.609369 MAE=2.807537 RMSE=2.934173
2025-08-28T02:13:46Z - INFO - [train_model] Epoch 027 | train (scaled) MSE: mean=0.025277 med=0.004678 std=0.031712 min=0.000001 max=0.117876 | val (scaled) MSE: mean=0.034861 med=0.025324 std=0.020742 min=0.011252 max=0.072213
2025-08-28T02:13:46Z - INFO - [train_model] Epoch 027 | train (price) MSE=6.147648 MAE=1.931254 RMSE=2.479445 | val (price) MSE=8.478669 MAE=2.784328 RMSE=2.911815
2025-08-28T02:13:46Z - INFO - [train_model] Epoch 028 | train (scaled) MSE: mean=0.024992 med=0.004770 std=0.031589 min=0.000071 max=0.117119 | val (scaled) MSE: mean=0.034712 med=0.025223 std=0.020681 min=0.011157 max=0.071964
2025-08-28T02:13:46Z - INFO - [train_model] Epoch 028 | train (price) MSE=6.078303 MAE=1.918653 RMSE=2.465422 | val (price) MSE=8.442379 MAE=2.777951 RMSE=2.905577
2025-08-28T02:13:46Z - INFO - [train_model] Epoch 029 | train (scaled) MSE: mean=0.024723 med=0.006054 std=0.031714 min=0.000061 max=0.118648 | val (scaled) MSE: mean=0.035527 med=0.025990 std=0.020928 min=0.011645 max=0.073215
2025-08-28T02:13:46Z - INFO - [train_model] Epoch 029 | train (price) MSE=6.013067 MAE=1.928225 RMSE=2.452156 | val (price) MSE=8.640773 MAE=2.813429 RMSE=2.939519
2025-08-28T02:13:46Z - INFO - [train_model] Epoch 030 | train (scaled) MSE: mean=0.024592 med=0.005084 std=0.031375 min=0.000038 max=0.117606 | val (scaled) MSE: mean=0.034364 med=0.024968 std=0.020540 min=0.010934 max=0.071382
2025-08-28T02:13:46Z - INFO - [train_model] Epoch 030 | train (price) MSE=5.981075 MAE=1.908270 RMSE=2.445624 | val (price) MSE=8.357893 MAE=2.763057 RMSE=2.891002
2025-08-28T02:13:46Z - INFO - [train_model] Epoch 031 | train (scaled) MSE: mean=0.024733 med=0.004602 std=0.030504 min=0.000006 max=0.109742 | val (scaled) MSE: mean=0.031495 med=0.022352 std=0.019653 min=0.009298 max=0.066966
2025-08-28T02:13:46Z - INFO - [train_model] Epoch 031 | train (price) MSE=6.015398 MAE=1.906862 RMSE=2.452631 | val (price) MSE=7.660090 MAE=2.633642 RMSE=2.767687
2025-08-28T02:13:46Z - INFO - [train_model] Epoch 032 | train (scaled) MSE: mean=0.024035 med=0.005614 std=0.030496 min=0.000030 max=0.111225 | val (scaled) MSE: mean=0.034148 med=0.024847 std=0.020435 min=0.010789 max=0.070991
2025-08-28T02:13:46Z - INFO - [train_model] Epoch 032 | train (price) MSE=5.845567 MAE=1.881624 RMSE=2.417761 | val (price) MSE=8.305166 MAE=2.753896 RMSE=2.881869
2025-08-28T02:13:46Z - INFO - [train_model] Epoch 033 | train (scaled) MSE: mean=0.024088 med=0.005955 std=0.031021 min=0.000005 max=0.115320 | val (scaled) MSE: mean=0.035187 med=0.025852 std=0.020720 min=0.011381 max=0.072536
2025-08-28T02:13:46Z - INFO - [train_model] Epoch 033 | train (price) MSE=5.858470 MAE=1.896734 RMSE=2.420428 | val (price) MSE=8.558015 MAE=2.799726 RMSE=2.925408
2025-08-28T02:13:46Z - INFO - [train_model] Epoch 034 | train (scaled) MSE: mean=0.023679 med=0.005582 std=0.030149 min=0.000021 max=0.113717 | val (scaled) MSE: mean=0.032294 med=0.023204 std=0.019840 min=0.009718 max=0.068107
2025-08-28T02:13:46Z - INFO - [train_model] Epoch 034 | train (price) MSE=5.759174 MAE=1.879564 RMSE=2.399828 | val (price) MSE=7.854469 MAE=2.671007 RMSE=2.802583
2025-08-28T02:13:46Z - INFO - [train_model] Epoch 035 | train (scaled) MSE: mean=0.023447 med=0.004839 std=0.030027 min=0.000056 max=0.113025 | val (scaled) MSE: mean=0.032671 med=0.023588 std=0.019937 min=0.009920 max=0.068659
2025-08-28T02:13:46Z - INFO - [train_model] Epoch 035 | train (price) MSE=5.702713 MAE=1.856438 RMSE=2.388035 | val (price) MSE=7.945950 MAE=2.688299 RMSE=2.818856
2025-08-28T02:13:47Z - INFO - [train_model] Epoch 036 | train (scaled) MSE: mean=0.023351 med=0.004765 std=0.029521 min=0.000000 max=0.110278 | val (scaled) MSE: mean=0.031027 med=0.022109 std=0.019411 min=0.008993 max=0.066102
2025-08-28T02:13:47Z - INFO - [train_model] Epoch 036 | train (price) MSE=5.679206 MAE=1.848776 RMSE=2.383108 | val (price) MSE=7.546247 MAE=2.612946 RMSE=2.747043
2025-08-28T02:13:47Z - INFO - [train_model] Epoch 037 | train (scaled) MSE: mean=0.023200 med=0.004989 std=0.029626 min=0.000007 max=0.111674 | val (scaled) MSE: mean=0.032230 med=0.023261 std=0.019761 min=0.009654 max=0.067920
2025-08-28T02:13:47Z - INFO - [train_model] Epoch 037 | train (price) MSE=5.642532 MAE=1.847267 RMSE=2.375401 | val (price) MSE=7.838895 MAE=2.668712 RMSE=2.799803
2025-08-28T02:13:47Z - INFO - [train_model] Epoch 038 | train (scaled) MSE: mean=0.022915 med=0.005943 std=0.029938 min=0.000018 max=0.114120 | val (scaled) MSE: mean=0.032432 med=0.023488 std=0.019802 min=0.009758 max=0.068196
2025-08-28T02:13:47Z - INFO - [train_model] Epoch 038 | train (price) MSE=5.573262 MAE=1.840403 RMSE=2.360776 | val (price) MSE=7.887833 MAE=2.678098 RMSE=2.808529
2025-08-28T02:13:47Z - INFO - [train_model] Epoch 039 | train (scaled) MSE: mean=0.022683 med=0.004938 std=0.029272 min=0.000059 max=0.111518 | val (scaled) MSE: mean=0.030626 med=0.021853 std=0.019228 min=0.008747 max=0.065393
2025-08-28T02:13:47Z - INFO - [train_model] Epoch 039 | train (price) MSE=5.516846 MAE=1.820813 RMSE=2.348797 | val (price) MSE=7.448739 MAE=2.594816 RMSE=2.729238
2025-08-28T02:13:47Z - INFO - [train_model] Epoch 040 | train (scaled) MSE: mean=0.022615 med=0.005072 std=0.029442 min=0.000071 max=0.111802 | val (scaled) MSE: mean=0.031622 med=0.022810 std=0.019517 min=0.009287 max=0.066899
2025-08-28T02:13:47Z - INFO - [train_model] Epoch 040 | train (price) MSE=5.500304 MAE=1.821508 RMSE=2.345273 | val (price) MSE=7.690964 MAE=2.641395 RMSE=2.773259
2025-08-28T02:13:47Z - INFO - [train_model] Epoch 041 | train (scaled) MSE: mean=0.022461 med=0.004562 std=0.028526 min=0.000015 max=0.107248 | val (scaled) MSE: mean=0.029423 med=0.020814 std=0.018809 min=0.008074 max=0.063472
2025-08-28T02:13:47Z - INFO - [train_model] Epoch 041 | train (price) MSE=5.462821 MAE=1.812731 RMSE=2.337268 | val (price) MSE=7.156188 MAE=2.538105 RMSE=2.675105
2025-08-28T02:13:47Z - INFO - [train_model] Epoch 042 | train (scaled) MSE: mean=0.022269 med=0.004464 std=0.028223 min=0.000000 max=0.105206 | val (scaled) MSE: mean=0.029673 med=0.021088 std=0.018866 min=0.008199 max=0.063824
2025-08-28T02:13:47Z - INFO - [train_model] Epoch 042 | train (price) MSE=5.416104 MAE=1.799396 RMSE=2.327252 | val (price) MSE=7.216957 MAE=2.550340 RMSE=2.686439
2025-08-28T02:13:47Z - INFO - [train_model] Epoch 043 | train (scaled) MSE: mean=0.022053 med=0.005927 std=0.028967 min=0.000009 max=0.111331 | val (scaled) MSE: mean=0.030892 med=0.022254 std=0.019231 min=0.008856 max=0.065684
2025-08-28T02:13:47Z - INFO - [train_model] Epoch 043 | train (price) MSE=5.363548 MAE=1.796259 RMSE=2.315933 | val (price) MSE=7.513303 MAE=2.608122 RMSE=2.741040
2025-08-28T02:13:47Z - INFO - [train_model] Epoch 044 | train (scaled) MSE: mean=0.021765 med=0.005567 std=0.028404 min=0.000013 max=0.107396 | val (scaled) MSE: mean=0.029747 med=0.021228 std=0.018857 min=0.008235 max=0.063888
2025-08-28T02:13:47Z - INFO - [train_model] Epoch 044 | train (price) MSE=5.293581 MAE=1.789136 RMSE=2.300778 | val (price) MSE=7.234957 MAE=2.554253 RMSE=2.689787
2025-08-28T02:13:47Z - INFO - [train_model] Epoch 045 | train (scaled) MSE: mean=0.021699 med=0.004595 std=0.028217 min=0.000005 max=0.107295 | val (scaled) MSE: mean=0.028882 med=0.020469 std=0.018558 min=0.007761 max=0.062506
2025-08-28T02:13:47Z - INFO - [train_model] Epoch 045 | train (price) MSE=5.277394 MAE=1.771128 RMSE=2.297258 | val (price) MSE=7.024465 MAE=2.512866 RMSE=2.650371
2025-08-28T02:13:47Z - INFO - [train_model] Epoch 046 | train (scaled) MSE: mean=0.021556 med=0.005275 std=0.028112 min=0.000012 max=0.108049 | val (scaled) MSE: mean=0.029402 med=0.020993 std=0.018704 min=0.008030 max=0.063288
2025-08-28T02:13:47Z - INFO - [train_model] Epoch 046 | train (price) MSE=5.242772 MAE=1.775418 RMSE=2.289710 | val (price) MSE=7.151084 MAE=2.538239 RMSE=2.674151
2025-08-28T02:13:47Z - INFO - [train_model] Epoch 047 | train (scaled) MSE: mean=0.021295 med=0.005468 std=0.028104 min=0.000000 max=0.109115 | val (scaled) MSE: mean=0.029000 med=0.020658 std=0.018555 min=0.007806 max=0.062630
2025-08-28T02:13:47Z - INFO - [train_model] Epoch 047 | train (price) MSE=5.179360 MAE=1.766495 RMSE=2.275821 | val (price) MSE=7.053110 MAE=2.519046 RMSE=2.655769
2025-08-28T02:13:47Z - INFO - [train_model] Epoch 048 | train (scaled) MSE: mean=0.021352 med=0.003879 std=0.027076 min=0.000000 max=0.099308 | val (scaled) MSE: mean=0.027075 med=0.018919 std=0.017907 min=0.006784 max=0.059579
2025-08-28T02:13:47Z - INFO - [train_model] Epoch 048 | train (price) MSE=5.193044 MAE=1.747675 RMSE=2.278825 | val (price) MSE=6.584943 MAE=2.424326 RMSE=2.566114
2025-08-28T02:13:47Z - INFO - [train_model] Epoch 049 | train (scaled) MSE: mean=0.021523 med=0.006547 std=0.028357 min=0.000112 max=0.109049 | val (scaled) MSE: mean=0.028952 med=0.020698 std=0.018497 min=0.007761 max=0.062488
2025-08-28T02:13:47Z - INFO - [train_model] Epoch 049 | train (price) MSE=5.234799 MAE=1.791890 RMSE=2.287968 | val (price) MSE=7.041558 MAE=2.517243 RMSE=2.653593
2025-08-28T02:13:47Z - INFO - [train_model] Epoch 050 | train (scaled) MSE: mean=0.020715 med=0.004829 std=0.026676 min=0.000009 max=0.102070 | val (scaled) MSE: mean=0.027103 med=0.019025 std=0.017873 min=0.006783 max=0.059556
2025-08-28T02:13:47Z - INFO - [train_model] Epoch 050 | train (price) MSE=5.038209 MAE=1.733673 RMSE=2.244596 | val (price) MSE=6.591929 MAE=2.426315 RMSE=2.567475
2025-08-28T02:13:47Z - INFO - [train_model] Epoch 051 | train (scaled) MSE: mean=0.020418 med=0.004624 std=0.026750 min=0.000010 max=0.103858 | val (scaled) MSE: mean=0.028299 med=0.020175 std=0.018242 min=0.007397 max=0.061397
2025-08-28T02:13:47Z - INFO - [train_model] Epoch 051 | train (price) MSE=4.965859 MAE=1.717942 RMSE=2.228421 | val (price) MSE=6.882631 MAE=2.485915 RMSE=2.623477
2025-08-28T02:13:47Z - INFO - [train_model] Epoch 052 | train (scaled) MSE: mean=0.020320 med=0.004532 std=0.026330 min=0.000001 max=0.100268 | val (scaled) MSE: mean=0.026851 med=0.018876 std=0.017745 min=0.006634 max=0.059089
2025-08-28T02:13:47Z - INFO - [train_model] Epoch 052 | train (price) MSE=4.942005 MAE=1.712031 RMSE=2.223062 | val (price) MSE=6.530471 MAE=2.414120 RMSE=2.555479
2025-08-28T02:13:47Z - INFO - [train_model] Epoch 053 | train (scaled) MSE: mean=0.020641 med=0.004884 std=0.026720 min=0.000008 max=0.102769 | val (scaled) MSE: mean=0.025346 med=0.017529 std=0.017214 min=0.005864 max=0.056666
2025-08-28T02:13:47Z - INFO - [train_model] Epoch 053 | train (price) MSE=5.020286 MAE=1.723840 RMSE=2.240599 | val (price) MSE=6.164459 MAE=2.337156 RMSE=2.482833
2025-08-28T02:13:47Z - INFO - [train_model] Epoch 054 | train (scaled) MSE: mean=0.019904 med=0.006026 std=0.026437 min=0.000001 max=0.103740 | val (scaled) MSE: mean=0.028173 med=0.020186 std=0.018135 min=0.007303 max=0.061095
2025-08-28T02:13:47Z - INFO - [train_model] Epoch 054 | train (price) MSE=4.841023 MAE=1.704292 RMSE=2.200232 | val (price) MSE=6.852157 MAE=2.480546 RMSE=2.617662
2025-08-28T02:13:47Z - INFO - [train_model] Epoch 055 | train (scaled) MSE: mean=0.019551 med=0.005336 std=0.026031 min=0.000019 max=0.100544 | val (scaled) MSE: mean=0.025987 med=0.018202 std=0.017389 min=0.006169 max=0.057618
2025-08-28T02:13:47Z - INFO - [train_model] Epoch 055 | train (price) MSE=4.755157 MAE=1.682532 RMSE=2.180632 | val (price) MSE=6.320293 MAE=2.370913 RMSE=2.514019
2025-08-28T02:13:47Z - INFO - [train_model] Epoch 056 | train (scaled) MSE: mean=0.019518 med=0.004688 std=0.025932 min=0.000000 max=0.100874 | val (scaled) MSE: mean=0.025453 med=0.017752 std=0.017184 min=0.005892 max=0.056733
2025-08-28T02:13:47Z - INFO - [train_model] Epoch 056 | train (price) MSE=4.747041 MAE=1.674869 RMSE=2.178770 | val (price) MSE=6.190537 MAE=2.343608 RMSE=2.488079
2025-08-28T02:13:47Z - INFO - [train_model] Epoch 057 | train (scaled) MSE: mean=0.019320 med=0.004575 std=0.025472 min=0.000005 max=0.098718 | val (scaled) MSE: mean=0.024829 med=0.017219 std=0.016946 min=0.005575 max=0.055698
2025-08-28T02:13:47Z - INFO - [train_model] Epoch 057 | train (price) MSE=4.698796 MAE=1.656034 RMSE=2.167671 | val (price) MSE=6.038831 MAE=2.311243 RMSE=2.457403
2025-08-28T02:13:47Z - INFO - [train_model] Epoch 058 | train (scaled) MSE: mean=0.018949 med=0.004910 std=0.024911 min=0.000000 max=0.096876 | val (scaled) MSE: mean=0.025391 med=0.017781 std=0.017116 min=0.005844 max=0.056558
2025-08-28T02:13:47Z - INFO - [train_model] Epoch 058 | train (price) MSE=4.608575 MAE=1.642011 RMSE=2.146759 | val (price) MSE=6.175400 MAE=2.340977 RMSE=2.485035
2025-08-28T02:13:47Z - INFO - [train_model] Epoch 059 | train (scaled) MSE: mean=0.018822 med=0.005276 std=0.025309 min=0.000013 max=0.098387 | val (scaled) MSE: mean=0.025229 med=0.017673 std=0.017039 min=0.005756 max=0.056266
2025-08-28T02:13:47Z - INFO - [train_model] Epoch 059 | train (price) MSE=4.577785 MAE=1.642768 RMSE=2.139576 | val (price) MSE=6.136062 MAE=2.332820 RMSE=2.477108
2025-08-28T02:13:47Z - INFO - [train_model] Epoch 060 | train (scaled) MSE: mean=0.018642 med=0.005398 std=0.024983 min=0.000007 max=0.097089 | val (scaled) MSE: mean=0.024435 med=0.016980 std=0.016742 min=0.005359 max=0.054958
2025-08-28T02:13:47Z - INFO - [train_model] Epoch 060 | train (price) MSE=4.533962 MAE=1.634305 RMSE=2.129310 | val (price) MSE=5.943040 MAE=2.291276 RMSE=2.437835
2025-08-28T02:13:47Z - INFO - [train_model] Epoch 061 | train (scaled) MSE: mean=0.018478 med=0.005337 std=0.024424 min=0.000004 max=0.094167 | val (scaled) MSE: mean=0.023644 med=0.016285 std=0.016446 min=0.004970 max=0.053658
2025-08-28T02:13:47Z - INFO - [train_model] Epoch 061 | train (price) MSE=4.494174 MAE=1.629444 RMSE=2.119947 | val (price) MSE=5.750646 MAE=2.249010 RMSE=2.398050
2025-08-28T02:13:47Z - INFO - [train_model] Epoch 062 | train (scaled) MSE: mean=0.018305 med=0.005431 std=0.024406 min=0.000000 max=0.096036 | val (scaled) MSE: mean=0.023948 med=0.016615 std=0.016526 min=0.005107 max=0.054105
2025-08-28T02:13:47Z - INFO - [train_model] Epoch 062 | train (price) MSE=4.451996 MAE=1.613450 RMSE=2.109975 | val (price) MSE=5.824408 MAE=2.265780 RMSE=2.413381
2025-08-28T02:13:47Z - INFO - [train_model] Epoch 063 | train (scaled) MSE: mean=0.018252 med=0.005120 std=0.024426 min=0.000007 max=0.095708 | val (scaled) MSE: mean=0.024068 med=0.016766 std=0.016546 min=0.005157 max=0.054259
2025-08-28T02:13:47Z - INFO - [train_model] Epoch 063 | train (price) MSE=4.439216 MAE=1.612210 RMSE=2.106945 | val (price) MSE=5.853560 MAE=2.272527 RMSE=2.419413
2025-08-28T02:13:47Z - INFO - [train_model] Epoch 064 | train (scaled) MSE: mean=0.017955 med=0.004907 std=0.023700 min=0.000007 max=0.091209 | val (scaled) MSE: mean=0.023142 med=0.015949 std=0.016197 min=0.004709 max=0.052732
2025-08-28T02:13:47Z - INFO - [train_model] Epoch 064 | train (price) MSE=4.367007 MAE=1.595643 RMSE=2.089739 | val (price) MSE=5.628380 MAE=2.222576 RMSE=2.372421
2025-08-28T02:13:47Z - INFO - [train_model] Epoch 065 | train (scaled) MSE: mean=0.017814 med=0.005015 std=0.023981 min=0.000000 max=0.094544 | val (scaled) MSE: mean=0.023500 med=0.016323 std=0.016302 min=0.004871 max=0.053275
2025-08-28T02:13:47Z - INFO - [train_model] Epoch 065 | train (price) MSE=4.332501 MAE=1.586026 RMSE=2.081466 | val (price) MSE=5.715636 MAE=2.242493 RMSE=2.390740
2025-08-28T02:13:47Z - INFO - [train_model] Epoch 066 | train (scaled) MSE: mean=0.017732 med=0.004384 std=0.023189 min=0.000006 max=0.090085 | val (scaled) MSE: mean=0.021982 med=0.014969 std=0.015726 min=0.004158 max=0.050763
2025-08-28T02:13:47Z - INFO - [train_model] Epoch 066 | train (price) MSE=4.312593 MAE=1.581839 RMSE=2.076678 | val (price) MSE=5.346289 MAE=2.158735 RMSE=2.312204
2025-08-28T02:13:47Z - INFO - [train_model] Epoch 067 | train (scaled) MSE: mean=0.017361 med=0.005064 std=0.023450 min=0.000005 max=0.092035 | val (scaled) MSE: mean=0.022914 med=0.015874 std=0.016042 min=0.004579 max=0.052244
2025-08-28T02:13:47Z - INFO - [train_model] Epoch 067 | train (price) MSE=4.222488 MAE=1.566510 RMSE=2.054869 | val (price) MSE=5.572988 MAE=2.211089 RMSE=2.360718
2025-08-28T02:13:48Z - INFO - [train_model] Epoch 068 | train (scaled) MSE: mean=0.017171 med=0.005518 std=0.022795 min=0.000000 max=0.089550 | val (scaled) MSE: mean=0.022098 med=0.015159 std=0.015724 min=0.004197 max=0.050880
2025-08-28T02:13:48Z - INFO - [train_model] Epoch 068 | train (price) MSE=4.176229 MAE=1.560449 RMSE=2.043582 | val (price) MSE=5.374608 MAE=2.165965 RMSE=2.318320
2025-08-28T02:13:48Z - INFO - [train_model] Epoch 069 | train (scaled) MSE: mean=0.016909 med=0.005180 std=0.022700 min=0.000004 max=0.089426 | val (scaled) MSE: mean=0.021679 med=0.014809 std=0.015550 min=0.004000 max=0.050162
2025-08-28T02:13:48Z - INFO - [train_model] Epoch 069 | train (price) MSE=4.112469 MAE=1.547335 RMSE=2.027922 | val (price) MSE=5.272551 MAE=2.142502 RMSE=2.296204
2025-08-28T02:13:48Z - INFO - [train_model] Epoch 070 | train (scaled) MSE: mean=0.017074 med=0.005642 std=0.022881 min=0.000002 max=0.090910 | val (scaled) MSE: mean=0.020612 med=0.013872 std=0.015125 min=0.003521 max=0.048362
2025-08-28T02:13:48Z - INFO - [train_model] Epoch 070 | train (price) MSE=4.152716 MAE=1.559556 RMSE=2.037821 | val (price) MSE=5.013188 MAE=2.081303 RMSE=2.239015
2025-08-28T02:13:48Z - INFO - [train_model] Early stopping at epoch 70 (best price val MSE=0.872039 @ epoch 10)
2025-08-28T02:13:48Z - INFO - [visualize_full_prediction] Saved full prediction plot for ['ACAM', 'BMY', 'EBAY', 'EWI', 'BABA', 'DAL', 'JNJ', 'NFLX', 'TSLA'] to output/20250827-221340/plots/all_tickers_rnn_full_price_prediction.png
2025-08-28T02:13:48Z - INFO - [visualize_sentiment] Saved sentiment plot for all_tickers to output/20250827-221340/plots/all_tickers_sentiment.png
2025-08-28T02:13:48Z - INFO - [train] [all_tickers] Test (price) MSE=806.851440430 | MAE=19.940610886 | RMSE=28.405130530 (scaled MSE=3.317454576)
2025-08-28T02:13:48Z - INFO - [train] [all_tickers] Final (price) Train MSE=4.152715683 | Val MSE=5.013188362 (scaled Train MSE=0.017074328 | Val MSE=0.020612249)
2025-08-28T02:13:48Z - INFO - [train] [all_tickers] Best epoch=10 | Best (price) Train MSE=38.349845886 | Best (price) Val MSE=0.872039139 | Saved at=/home/tbfs/Projects/finBert/output/20250827-221340/saved_weights/all_tickers/all_tickers_best-epoch010.pt
2025-08-28T02:13:48Z - INFO - [train] Wrote evaluation summary → output/20250827-221340/evaluation.json
