2025-08-26T12:23:37Z - INFO - [Pipeline::__init__] Loaded news dataframe with columns=['title', 'date', 'stock'] shape=(1277896, 3).
2025-08-26T12:23:37Z - INFO - [SentimentGenerator::_load] Loaded precomputed sentiment from /home/tbfs/Projects/finBert/output/20250823-140342/sentiment_daily.csv
2025-08-26T12:23:37Z - INFO - [train] Training predictor for ticker: BMY
2025-08-26T12:23:38Z - INFO - [train] Loaded prices for BMY with columns=['date', 'open', 'high', 'low', 'close', 'adj close', 'volume'] shape=(2516, 7).
2025-08-26T12:23:38Z - INFO - [SequenceDataset::__init__] len(self.valid_indices)=741 out of len(df)=2515 samples are valid for lookback=60 with sentiment_col=SentimentScore
2025-08-26T12:23:38Z - INFO - [SequenceDataset::__init__] len(self.valid_indices)=83 out of len(df)=2515 samples are valid for lookback=60 with sentiment_col=SentimentScore
2025-08-26T12:23:38Z - INFO - [SequenceDataset::__init__] len(self.valid_indices)=92 out of len(df)=2515 samples are valid for lookback=60 with sentiment_col=SentimentScore
2025-08-26T12:23:39Z - INFO - [train_model] Epoch 001 | train (scaled) MSE: mean=0.001771 med=0.000399 std=0.004087 min=0.000000 max=0.060291 | val (scaled) MSE: mean=0.024188 med=0.026105 std=0.019522 min=0.000046 max=0.070934
2025-08-26T12:23:39Z - INFO - [train_model] Epoch 001 | train (price) MSE=4.511559 MAE=1.512220 RMSE=2.124043 | val (price) MSE=61.618109 MAE=6.787067 RMSE=7.849720
2025-08-26T12:23:39Z - INFO - [train_model] New best (price) val MSE=61.618109 at epoch 1; saved → /home/tbfs/Projects/finBert/output/20250826-082333/saved_weights/BMY/BMY_best-epoch001.pt
2025-08-26T12:23:39Z - INFO - [train_model] Epoch 002 | train (scaled) MSE: mean=0.002800 med=0.000488 std=0.009219 min=0.000000 max=0.124183 | val (scaled) MSE: mean=0.023495 med=0.024792 std=0.019090 min=0.000029 max=0.068310
2025-08-26T12:23:39Z - INFO - [train_model] Epoch 002 | train (price) MSE=7.132879 MAE=1.743785 RMSE=2.670745 | val (price) MSE=59.851969 MAE=6.661469 RMSE=7.736405
2025-08-26T12:23:39Z - INFO - [train_model] New best (price) val MSE=59.851969 at epoch 2; saved → /home/tbfs/Projects/finBert/output/20250826-082333/saved_weights/BMY/BMY_best-epoch002.pt
2025-08-26T12:23:40Z - INFO - [train_model] Epoch 003 | train (scaled) MSE: mean=0.002481 med=0.000787 std=0.005364 min=0.000000 max=0.089783 | val (scaled) MSE: mean=0.021769 med=0.023122 std=0.017734 min=0.000000 max=0.065987
2025-08-26T12:23:40Z - INFO - [train_model] Epoch 003 | train (price) MSE=6.320486 MAE=1.871970 RMSE=2.514058 | val (price) MSE=55.455857 MAE=6.375025 RMSE=7.446869
2025-08-26T12:23:40Z - INFO - [train_model] New best (price) val MSE=55.455857 at epoch 3; saved → /home/tbfs/Projects/finBert/output/20250826-082333/saved_weights/BMY/BMY_best-epoch003.pt
2025-08-26T12:23:41Z - INFO - [train_model] Epoch 004 | train (scaled) MSE: mean=0.002825 med=0.000987 std=0.005756 min=0.000000 max=0.094159 | val (scaled) MSE: mean=0.024581 med=0.027141 std=0.019789 min=0.000015 max=0.071211
2025-08-26T12:23:41Z - INFO - [train_model] Epoch 004 | train (price) MSE=7.195390 MAE=2.009592 RMSE=2.682422 | val (price) MSE=62.620786 MAE=6.813990 RMSE=7.913330
2025-08-26T12:23:42Z - INFO - [train_model] Epoch 005 | train (scaled) MSE: mean=0.002731 med=0.000743 std=0.006128 min=0.000000 max=0.081222 | val (scaled) MSE: mean=0.024011 med=0.026479 std=0.019324 min=0.000001 max=0.070704
2025-08-26T12:23:42Z - INFO - [train_model] Epoch 005 | train (price) MSE=6.957255 MAE=1.885488 RMSE=2.637661 | val (price) MSE=61.167886 MAE=6.728626 RMSE=7.820990
2025-08-26T12:23:42Z - INFO - [train_model] Epoch 006 | train (scaled) MSE: mean=0.002812 med=0.000683 std=0.006682 min=0.000000 max=0.083582 | val (scaled) MSE: mean=0.021403 med=0.023045 std=0.017593 min=0.000000 max=0.060358
2025-08-26T12:23:42Z - INFO - [train_model] Epoch 006 | train (price) MSE=7.163633 MAE=1.871114 RMSE=2.676496 | val (price) MSE=54.522836 MAE=6.199985 RMSE=7.383958
2025-08-26T12:23:42Z - INFO - [train_model] New best (price) val MSE=54.522836 at epoch 6; saved → /home/tbfs/Projects/finBert/output/20250826-082333/saved_weights/BMY/BMY_best-epoch006.pt
2025-08-26T12:23:43Z - INFO - [train_model] Epoch 007 | train (scaled) MSE: mean=0.002308 med=0.000615 std=0.005393 min=0.000000 max=0.079173 | val (scaled) MSE: mean=0.024694 med=0.027886 std=0.019951 min=0.000001 max=0.070332
2025-08-26T12:23:43Z - INFO - [train_model] Epoch 007 | train (price) MSE=5.878440 MAE=1.724838 RMSE=2.424549 | val (price) MSE=62.906601 MAE=6.771079 RMSE=7.931368
2025-08-26T12:23:44Z - INFO - [train_model] Epoch 008 | train (scaled) MSE: mean=0.002691 med=0.000735 std=0.006937 min=0.000000 max=0.101488 | val (scaled) MSE: mean=0.018141 med=0.019120 std=0.014676 min=0.000043 max=0.050703
2025-08-26T12:23:44Z - INFO - [train_model] Epoch 008 | train (price) MSE=6.855956 MAE=1.865713 RMSE=2.618388 | val (price) MSE=46.214591 MAE=5.837374 RMSE=6.798131
2025-08-26T12:23:44Z - INFO - [train_model] New best (price) val MSE=46.214591 at epoch 8; saved → /home/tbfs/Projects/finBert/output/20250826-082333/saved_weights/BMY/BMY_best-epoch008.pt
2025-08-26T12:23:44Z - INFO - [train_model] Epoch 009 | train (scaled) MSE: mean=0.002865 med=0.001001 std=0.005574 min=0.000000 max=0.081736 | val (scaled) MSE: mean=0.024772 med=0.028543 std=0.019973 min=0.000000 max=0.070602
2025-08-26T12:23:44Z - INFO - [train_model] Epoch 009 | train (price) MSE=7.297490 MAE=2.064258 RMSE=2.701387 | val (price) MSE=63.105876 MAE=6.756709 RMSE=7.943921
2025-08-26T12:23:45Z - INFO - [train_model] Epoch 010 | train (scaled) MSE: mean=0.002418 med=0.000771 std=0.005412 min=0.000000 max=0.081658 | val (scaled) MSE: mean=0.024601 med=0.028177 std=0.019854 min=0.000001 max=0.069867
2025-08-26T12:23:45Z - INFO - [train_model] Epoch 010 | train (price) MSE=6.158820 MAE=1.851764 RMSE=2.481697 | val (price) MSE=62.670929 MAE=6.738673 RMSE=7.916497
2025-08-26T12:23:46Z - INFO - [train_model] Epoch 011 | train (scaled) MSE: mean=0.002847 med=0.000784 std=0.007858 min=0.000000 max=0.094303 | val (scaled) MSE: mean=0.023722 med=0.027523 std=0.019207 min=0.000005 max=0.067607
2025-08-26T12:23:46Z - INFO - [train_model] Epoch 011 | train (price) MSE=7.251852 MAE=1.892669 RMSE=2.692926 | val (price) MSE=60.431268 MAE=6.568363 RMSE=7.773755
2025-08-26T12:23:47Z - INFO - [train_model] Epoch 012 | train (scaled) MSE: mean=0.002483 med=0.000552 std=0.006193 min=0.000000 max=0.073117 | val (scaled) MSE: mean=0.023744 med=0.027573 std=0.019259 min=0.000004 max=0.068597
2025-08-26T12:23:47Z - INFO - [train_model] Epoch 012 | train (price) MSE=6.326335 MAE=1.747805 RMSE=2.515221 | val (price) MSE=60.486214 MAE=6.569155 RMSE=7.777288
2025-08-26T12:23:47Z - INFO - [train_model] Epoch 013 | train (scaled) MSE: mean=0.002728 med=0.000764 std=0.006960 min=0.000000 max=0.093670 | val (scaled) MSE: mean=0.024867 med=0.029735 std=0.020141 min=0.000000 max=0.070704
2025-08-26T12:23:47Z - INFO - [train_model] Epoch 013 | train (price) MSE=6.949237 MAE=1.871943 RMSE=2.636140 | val (price) MSE=63.347076 MAE=6.706161 RMSE=7.959088
2025-08-26T12:23:48Z - INFO - [train_model] Epoch 014 | train (scaled) MSE: mean=0.003628 med=0.000678 std=0.008802 min=0.000000 max=0.080782 | val (scaled) MSE: mean=0.017065 med=0.017181 std=0.014136 min=0.000000 max=0.056789
2025-08-26T12:23:48Z - INFO - [train_model] Epoch 014 | train (price) MSE=9.241586 MAE=2.052870 RMSE=3.039998 | val (price) MSE=43.472386 MAE=5.663523 RMSE=6.593359
2025-08-26T12:23:48Z - INFO - [train_model] New best (price) val MSE=43.472386 at epoch 14; saved → /home/tbfs/Projects/finBert/output/20250826-082333/saved_weights/BMY/BMY_best-epoch014.pt
2025-08-26T12:23:49Z - INFO - [train_model] Epoch 015 | train (scaled) MSE: mean=0.003727 med=0.000460 std=0.019485 min=0.000000 max=0.299522 | val (scaled) MSE: mean=0.022452 med=0.024949 std=0.018604 min=0.000001 max=0.071326
2025-08-26T12:23:49Z - INFO - [train_model] Epoch 015 | train (price) MSE=9.495677 MAE=1.777922 RMSE=3.081506 | val (price) MSE=57.196437 MAE=6.441688 RMSE=7.562833
2025-08-26T12:23:49Z - INFO - [train_model] Epoch 016 | train (scaled) MSE: mean=0.004984 med=0.000547 std=0.028752 min=0.000000 max=0.432761 | val (scaled) MSE: mean=0.019401 med=0.020916 std=0.015913 min=0.000000 max=0.062412
2025-08-26T12:23:49Z - INFO - [train_model] Epoch 016 | train (price) MSE=12.697075 MAE=1.922555 RMSE=3.563296 | val (price) MSE=49.422996 MAE=6.011418 RMSE=7.030149
2025-08-26T12:23:50Z - INFO - [train_model] Epoch 017 | train (scaled) MSE: mean=0.004582 med=0.000731 std=0.018721 min=0.000000 max=0.305138 | val (scaled) MSE: mean=0.017919 med=0.018576 std=0.014699 min=0.000001 max=0.058376
2025-08-26T12:23:50Z - INFO - [train_model] Epoch 017 | train (price) MSE=11.672507 MAE=2.128928 RMSE=3.416505 | val (price) MSE=45.649255 MAE=5.797191 RMSE=6.756423
2025-08-26T12:23:51Z - INFO - [train_model] Epoch 018 | train (scaled) MSE: mean=0.003517 med=0.000667 std=0.012746 min=0.000000 max=0.172519 | val (scaled) MSE: mean=0.019527 med=0.020701 std=0.016022 min=0.000000 max=0.062514
2025-08-26T12:23:51Z - INFO - [train_model] Epoch 018 | train (price) MSE=8.959061 MAE=1.910218 RMSE=2.993169 | val (price) MSE=49.745593 MAE=6.036020 RMSE=7.053056
2025-08-26T12:23:51Z - INFO - [train_model] Epoch 019 | train (scaled) MSE: mean=0.004605 med=0.001243 std=0.010370 min=0.000000 max=0.125079 | val (scaled) MSE: mean=0.016771 med=0.016737 std=0.013797 min=0.000000 max=0.055692
2025-08-26T12:23:51Z - INFO - [train_model] Epoch 019 | train (price) MSE=11.731847 MAE=2.470086 RMSE=3.425178 | val (price) MSE=42.723597 MAE=5.629192 RMSE=6.536329
2025-08-26T12:23:51Z - INFO - [train_model] New best (price) val MSE=42.723597 at epoch 19; saved → /home/tbfs/Projects/finBert/output/20250826-082333/saved_weights/BMY/BMY_best-epoch019.pt
2025-08-26T12:23:52Z - INFO - [train_model] Epoch 020 | train (scaled) MSE: mean=0.003117 med=0.000648 std=0.006963 min=0.000000 max=0.059680 | val (scaled) MSE: mean=0.017200 med=0.017362 std=0.014149 min=0.000000 max=0.056749
2025-08-26T12:23:52Z - INFO - [train_model] Epoch 020 | train (price) MSE=7.941232 MAE=1.940055 RMSE=2.818019 | val (price) MSE=43.815607 MAE=5.690656 RMSE=6.619336
2025-08-26T12:23:53Z - INFO - [train_model] Epoch 021 | train (scaled) MSE: mean=0.003651 med=0.000856 std=0.008439 min=0.000000 max=0.112791 | val (scaled) MSE: mean=0.018874 med=0.019671 std=0.015499 min=0.000000 max=0.061033
2025-08-26T12:23:53Z - INFO - [train_model] Epoch 021 | train (price) MSE=9.301868 MAE=2.128848 RMSE=3.049896 | val (price) MSE=48.080599 MAE=5.938981 RMSE=6.934018
2025-08-26T12:23:54Z - INFO - [train_model] Epoch 022 | train (scaled) MSE: mean=0.003831 med=0.000830 std=0.007862 min=0.000000 max=0.066614 | val (scaled) MSE: mean=0.020356 med=0.021753 std=0.016646 min=0.000000 max=0.064629
2025-08-26T12:23:54Z - INFO - [train_model] Epoch 022 | train (price) MSE=9.758576 MAE=2.199123 RMSE=3.123872 | val (price) MSE=51.857577 MAE=6.175632 RMSE=7.201221
2025-08-26T12:23:54Z - INFO - [train_model] Epoch 023 | train (scaled) MSE: mean=0.003718 med=0.000976 std=0.007514 min=0.000000 max=0.068299 | val (scaled) MSE: mean=0.020764 med=0.022322 std=0.016947 min=0.000002 max=0.065555
2025-08-26T12:23:54Z - INFO - [train_model] Epoch 023 | train (price) MSE=9.471615 MAE=2.237799 RMSE=3.077599 | val (price) MSE=52.896008 MAE=6.242886 RMSE=7.272964
2025-08-26T12:23:55Z - INFO - [train_model] Epoch 024 | train (scaled) MSE: mean=0.002670 med=0.000658 std=0.006771 min=0.000000 max=0.085093 | val (scaled) MSE: mean=0.024459 med=0.027148 std=0.019457 min=0.000045 max=0.072057
2025-08-26T12:23:55Z - INFO - [train_model] Epoch 024 | train (price) MSE=6.803049 MAE=1.823457 RMSE=2.608266 | val (price) MSE=62.307941 MAE=6.871453 RMSE=7.893538
2025-08-26T12:23:56Z - INFO - [train_model] Epoch 025 | train (scaled) MSE: mean=0.005280 med=0.000786 std=0.033301 min=0.000000 max=0.500367 | val (scaled) MSE: mean=0.021277 med=0.023438 std=0.017157 min=0.000000 max=0.065094
2025-08-26T12:23:56Z - INFO - [train_model] Epoch 025 | train (price) MSE=13.451971 MAE=2.025739 RMSE=3.667693 | val (price) MSE=54.202526 MAE=6.304619 RMSE=7.362236
2025-08-26T12:23:56Z - INFO - [train_model] Epoch 026 | train (scaled) MSE: mean=0.005358 med=0.000663 std=0.027307 min=0.000000 max=0.467576 | val (scaled) MSE: mean=0.016652 med=0.016740 std=0.013614 min=0.000001 max=0.055109
2025-08-26T12:23:56Z - INFO - [train_model] Epoch 026 | train (price) MSE=13.649161 MAE=2.148500 RMSE=3.694477 | val (price) MSE=42.419975 MAE=5.619541 RMSE=6.513062
2025-08-26T12:23:56Z - INFO - [train_model] New best (price) val MSE=42.419975 at epoch 26; saved → /home/tbfs/Projects/finBert/output/20250826-082333/saved_weights/BMY/BMY_best-epoch026.pt
2025-08-26T12:23:57Z - INFO - [train_model] Epoch 027 | train (scaled) MSE: mean=0.004211 med=0.000610 std=0.014454 min=0.000000 max=0.190090 | val (scaled) MSE: mean=0.017811 med=0.018322 std=0.014771 min=0.000000 max=0.059095
2025-08-26T12:23:57Z - INFO - [train_model] Epoch 027 | train (price) MSE=10.726473 MAE=2.055625 RMSE=3.275130 | val (price) MSE=45.371950 MAE=5.774106 RMSE=6.735870
2025-08-26T12:23:58Z - INFO - [train_model] Epoch 028 | train (scaled) MSE: mean=0.005739 med=0.000691 std=0.026462 min=0.000000 max=0.346758 | val (scaled) MSE: mean=0.016659 med=0.016543 std=0.013728 min=0.000000 max=0.055548
2025-08-26T12:23:58Z - INFO - [train_model] Epoch 028 | train (price) MSE=14.620669 MAE=2.225542 RMSE=3.823698 | val (price) MSE=42.437375 MAE=5.611199 RMSE=6.514398
2025-08-26T12:23:58Z - INFO - [train_model] Epoch 029 | train (scaled) MSE: mean=0.005864 med=0.001358 std=0.016345 min=0.000000 max=0.194574 | val (scaled) MSE: mean=0.018892 med=0.019750 std=0.015475 min=0.000001 max=0.060891
2025-08-26T12:23:58Z - INFO - [train_model] Epoch 029 | train (price) MSE=14.939601 MAE=2.659783 RMSE=3.865178 | val (price) MSE=48.125973 MAE=5.943472 RMSE=6.937289
2025-08-26T12:23:59Z - INFO - [train_model] Epoch 030 | train (scaled) MSE: mean=0.005421 med=0.001967 std=0.008799 min=0.000000 max=0.080775 | val (scaled) MSE: mean=0.016930 med=0.017020 std=0.013905 min=0.000000 max=0.056041
2025-08-26T12:23:59Z - INFO - [train_model] Epoch 030 | train (price) MSE=13.810490 MAE=2.864298 RMSE=3.716247 | val (price) MSE=43.127754 MAE=5.654400 RMSE=6.567172
2025-08-26T12:24:00Z - INFO - [train_model] Epoch 031 | train (scaled) MSE: mean=0.004478 med=0.001232 std=0.007103 min=0.000000 max=0.058247 | val (scaled) MSE: mean=0.018327 med=0.018977 std=0.015082 min=0.000001 max=0.059852
2025-08-26T12:24:00Z - INFO - [train_model] Epoch 031 | train (price) MSE=11.407900 MAE=2.555522 RMSE=3.377558 | val (price) MSE=46.686531 MAE=5.858147 RMSE=6.832754
2025-08-26T12:24:01Z - INFO - [train_model] Epoch 032 | train (scaled) MSE: mean=0.003507 med=0.000701 std=0.010310 min=0.000000 max=0.122995 | val (scaled) MSE: mean=0.017415 med=0.017708 std=0.014329 min=0.000000 max=0.057523
2025-08-26T12:24:01Z - INFO - [train_model] Epoch 032 | train (price) MSE=8.934598 MAE=1.981212 RMSE=2.989080 | val (price) MSE=44.364614 MAE=5.725599 RMSE=6.660677
2025-08-26T12:24:01Z - INFO - [train_model] Epoch 033 | train (scaled) MSE: mean=0.012312 med=0.002094 std=0.048689 min=0.000000 max=0.579054 | val (scaled) MSE: mean=0.024297 med=0.027734 std=0.019397 min=0.000001 max=0.072680
2025-08-26T12:24:01Z - INFO - [train_model] Epoch 033 | train (price) MSE=31.365466 MAE=3.367222 RMSE=5.600488 | val (price) MSE=61.895017 MAE=6.789741 RMSE=7.867339
2025-08-26T12:24:02Z - INFO - [train_model] Epoch 034 | train (scaled) MSE: mean=0.007269 med=0.002204 std=0.016203 min=0.000000 max=0.212688 | val (scaled) MSE: mean=0.016959 med=0.017128 std=0.013914 min=0.000000 max=0.056089
2025-08-26T12:24:02Z - INFO - [train_model] Epoch 034 | train (price) MSE=18.516423 MAE=3.142744 RMSE=4.303071 | val (price) MSE=43.201981 MAE=5.660085 RMSE=6.572821
2025-08-26T12:24:03Z - INFO - [train_model] Epoch 035 | train (scaled) MSE: mean=0.005427 med=0.001916 std=0.007905 min=0.000000 max=0.059712 | val (scaled) MSE: mean=0.017061 med=0.017264 std=0.013984 min=0.000001 max=0.056259
2025-08-26T12:24:03Z - INFO - [train_model] Epoch 035 | train (price) MSE=13.826362 MAE=2.908680 RMSE=3.718382 | val (price) MSE=43.461486 MAE=5.676548 RMSE=6.592533
2025-08-26T12:24:03Z - INFO - [train_model] Epoch 036 | train (scaled) MSE: mean=0.004604 med=0.001424 std=0.007347 min=0.000000 max=0.058253 | val (scaled) MSE: mean=0.017131 med=0.017395 std=0.014031 min=0.000001 max=0.056392
2025-08-26T12:24:03Z - INFO - [train_model] Epoch 036 | train (price) MSE=11.728363 MAE=2.615198 RMSE=3.424670 | val (price) MSE=43.641211 MAE=5.687546 RMSE=6.606149
2025-08-26T12:24:04Z - INFO - [train_model] Epoch 037 | train (scaled) MSE: mean=0.004245 med=0.001499 std=0.007245 min=0.000000 max=0.058673 | val (scaled) MSE: mean=0.017907 med=0.018536 std=0.014673 min=0.000003 max=0.058425
2025-08-26T12:24:04Z - INFO - [train_model] Epoch 037 | train (price) MSE=10.815054 MAE=2.531463 RMSE=3.288625 | val (price) MSE=45.618050 MAE=5.800747 RMSE=6.754114
2025-08-26T12:24:05Z - INFO - [train_model] Epoch 038 | train (scaled) MSE: mean=0.003210 med=0.001073 std=0.007259 min=0.000000 max=0.084415 | val (scaled) MSE: mean=0.022050 med=0.026181 std=0.017515 min=0.000003 max=0.060134
2025-08-26T12:24:05Z - INFO - [train_model] Epoch 038 | train (price) MSE=8.178070 MAE=2.099699 RMSE=2.859732 | val (price) MSE=56.172425 MAE=6.403533 RMSE=7.494827
2025-08-26T12:24:05Z - INFO - [train_model] Epoch 039 | train (scaled) MSE: mean=0.003811 med=0.001115 std=0.007580 min=0.000000 max=0.058852 | val (scaled) MSE: mean=0.017261 med=0.017522 std=0.014174 min=0.000000 max=0.056910
2025-08-26T12:24:05Z - INFO - [train_model] Epoch 039 | train (price) MSE=9.707287 MAE=2.265666 RMSE=3.115652 | val (price) MSE=43.971475 MAE=5.703752 RMSE=6.631099
2025-08-26T12:24:06Z - INFO - [train_model] Epoch 040 | train (scaled) MSE: mean=0.003942 med=0.001463 std=0.007306 min=0.000000 max=0.058087 | val (scaled) MSE: mean=0.017741 med=0.018267 std=0.014552 min=0.000004 max=0.058084
2025-08-26T12:24:06Z - INFO - [train_model] Epoch 040 | train (price) MSE=10.041405 MAE=2.369793 RMSE=3.168818 | val (price) MSE=45.194745 MAE=5.775539 RMSE=6.722704
2025-08-26T12:24:07Z - INFO - [train_model] Epoch 041 | train (scaled) MSE: mean=0.002962 med=0.000760 std=0.007149 min=0.000000 max=0.088111 | val (scaled) MSE: mean=0.016828 med=0.016841 std=0.013826 min=0.000000 max=0.055823
2025-08-26T12:24:07Z - INFO - [train_model] Epoch 041 | train (price) MSE=7.545083 MAE=1.907546 RMSE=2.746831 | val (price) MSE=42.869312 MAE=5.640478 RMSE=6.547466
2025-08-26T12:24:08Z - INFO - [train_model] Epoch 042 | train (scaled) MSE: mean=0.014130 med=0.002530 std=0.050951 min=0.000000 max=0.580587 | val (scaled) MSE: mean=0.017376 med=0.017681 std=0.014271 min=0.000000 max=0.057216
2025-08-26T12:24:08Z - INFO - [train_model] Epoch 042 | train (price) MSE=35.994681 MAE=3.663035 RMSE=5.999557 | val (price) MSE=44.264209 MAE=5.720607 RMSE=6.653135
2025-08-26T12:24:08Z - INFO - [train_model] Epoch 043 | train (scaled) MSE: mean=0.099733 med=0.069676 std=0.102193 min=0.000000 max=0.484083 | val (scaled) MSE: mean=0.075037 med=0.046728 std=0.055326 min=0.011949 max=0.243324
2025-08-26T12:24:08Z - INFO - [train_model] Epoch 043 | train (price) MSE=254.068391 MAE=13.287981 RMSE=15.939523 | val (price) MSE=191.154960 MAE=12.971943 RMSE=13.825880
2025-08-26T12:24:09Z - INFO - [train_model] Epoch 044 | train (scaled) MSE: mean=0.082283 med=0.063384 std=0.065697 min=0.000008 max=0.311641 | val (scaled) MSE: mean=0.048443 med=0.024902 std=0.044430 min=0.002596 max=0.189151
2025-08-26T12:24:09Z - INFO - [train_model] Epoch 044 | train (price) MSE=209.614220 MAE=13.129098 RMSE=14.478060 | val (price) MSE=123.407563 MAE=10.026162 RMSE=11.108896
2025-08-26T12:24:10Z - INFO - [train_model] Epoch 045 | train (scaled) MSE: mean=0.083641 med=0.067191 std=0.067598 min=0.000000 max=0.279419 | val (scaled) MSE: mean=0.039591 med=0.017985 std=0.040032 min=0.000743 max=0.169103
2025-08-26T12:24:10Z - INFO - [train_model] Epoch 045 | train (price) MSE=213.072936 MAE=13.063773 RMSE=14.597018 | val (price) MSE=100.857235 MAE=8.830265 RMSE=10.042770
2025-08-26T12:24:10Z - INFO - [train_model] Epoch 046 | train (scaled) MSE: mean=0.085084 med=0.070661 std=0.071124 min=0.000002 max=0.265986 | val (scaled) MSE: mean=0.036054 med=0.015300 std=0.038106 min=0.000283 max=0.160644
2025-08-26T12:24:10Z - INFO - [train_model] Epoch 046 | train (price) MSE=216.749158 MAE=13.051002 RMSE=14.722403 | val (price) MSE=91.848131 MAE=8.304486 RMSE=9.583743
2025-08-26T12:24:11Z - INFO - [train_model] Epoch 047 | train (scaled) MSE: mean=0.085895 med=0.073033 std=0.073169 min=0.000000 max=0.267167 | val (scaled) MSE: mean=0.034530 med=0.014159 std=0.037238 min=0.000147 max=0.156898
2025-08-26T12:24:11Z - INFO - [train_model] Epoch 047 | train (price) MSE=218.817058 MAE=13.051171 RMSE=14.792466 | val (price) MSE=87.964411 MAE=8.067265 RMSE=9.378934
2025-08-26T12:24:12Z - INFO - [train_model] Epoch 048 | train (scaled) MSE: mean=0.086299 med=0.073539 std=0.074187 min=0.000009 max=0.272019 | val (scaled) MSE: mean=0.033850 med=0.013654 std=0.036843 min=0.000100 max=0.155206
2025-08-26T12:24:12Z - INFO - [train_model] Epoch 048 | train (price) MSE=219.844212 MAE=13.051371 RMSE=14.827144 | val (price) MSE=86.231211 MAE=7.959118 RMSE=9.286076
2025-08-26T12:24:13Z - INFO - [train_model] Epoch 049 | train (scaled) MSE: mean=0.086491 med=0.073766 std=0.074671 min=0.000003 max=0.274246 | val (scaled) MSE: mean=0.033541 med=0.013426 std=0.036662 min=0.000081 max=0.154434
2025-08-26T12:24:13Z - INFO - [train_model] Epoch 049 | train (price) MSE=220.333051 MAE=13.051348 RMSE=14.843620 | val (price) MSE=85.446079 MAE=7.909642 RMSE=9.243705
2025-08-26T12:24:13Z - INFO - [train_model] Epoch 050 | train (scaled) MSE: mean=0.086580 med=0.073671 std=0.074896 min=0.000001 max=0.275267 | val (scaled) MSE: mean=0.033401 med=0.013322 std=0.036580 min=0.000073 max=0.154081
2025-08-26T12:24:13Z - INFO - [train_model] Epoch 050 | train (price) MSE=220.561436 MAE=13.051316 RMSE=14.851311 | val (price) MSE=85.088018 MAE=7.886975 RMSE=9.224317
2025-08-26T12:24:14Z - INFO - [train_model] Epoch 051 | train (scaled) MSE: mean=0.086622 med=0.073553 std=0.075001 min=0.000000 max=0.275736 | val (scaled) MSE: mean=0.033336 med=0.013274 std=0.036542 min=0.000070 max=0.153920
2025-08-26T12:24:14Z - INFO - [train_model] Epoch 051 | train (price) MSE=220.667222 MAE=13.051293 RMSE=14.854872 | val (price) MSE=84.924035 MAE=7.876572 RMSE=9.215424
2025-08-26T12:24:15Z - INFO - [train_model] Epoch 052 | train (scaled) MSE: mean=0.086641 med=0.073486 std=0.075049 min=0.000000 max=0.275951 | val (scaled) MSE: mean=0.033307 med=0.013252 std=0.036524 min=0.000068 max=0.153845
2025-08-26T12:24:15Z - INFO - [train_model] Epoch 052 | train (price) MSE=220.716108 MAE=13.051281 RMSE=14.856517 | val (price) MSE=84.848761 MAE=7.871792 RMSE=9.211339
2025-08-26T12:24:16Z - INFO - [train_model] Epoch 053 | train (scaled) MSE: mean=0.086650 med=0.073452 std=0.075071 min=0.000000 max=0.276050 | val (scaled) MSE: mean=0.033293 med=0.013242 std=0.036516 min=0.000068 max=0.153811
2025-08-26T12:24:16Z - INFO - [train_model] Epoch 053 | train (price) MSE=220.738733 MAE=13.051277 RMSE=14.857279 | val (price) MSE=84.814353 MAE=7.869606 RMSE=9.209471
2025-08-26T12:24:16Z - INFO - [train_model] Epoch 054 | train (scaled) MSE: mean=0.086654 med=0.073436 std=0.075081 min=0.000000 max=0.276096 | val (scaled) MSE: mean=0.033287 med=0.013238 std=0.036513 min=0.000067 max=0.153796
2025-08-26T12:24:16Z - INFO - [train_model] Epoch 054 | train (price) MSE=220.749170 MAE=13.051276 RMSE=14.857630 | val (price) MSE=84.798803 MAE=7.868618 RMSE=9.208627
2025-08-26T12:24:17Z - INFO - [train_model] Epoch 055 | train (scaled) MSE: mean=0.086656 med=0.073440 std=0.075086 min=0.000000 max=0.276116 | val (scaled) MSE: mean=0.033284 med=0.013236 std=0.036511 min=0.000067 max=0.153789
2025-08-26T12:24:17Z - INFO - [train_model] Epoch 055 | train (price) MSE=220.753865 MAE=13.051275 RMSE=14.857788 | val (price) MSE=84.791539 MAE=7.868157 RMSE=9.208232
2025-08-26T12:24:18Z - INFO - [train_model] Epoch 056 | train (scaled) MSE: mean=0.086657 med=0.073444 std=0.075088 min=0.000000 max=0.276126 | val (scaled) MSE: mean=0.033283 med=0.013235 std=0.036510 min=0.000067 max=0.153786
2025-08-26T12:24:18Z - INFO - [train_model] Epoch 056 | train (price) MSE=220.755948 MAE=13.051269 RMSE=14.857858 | val (price) MSE=84.788178 MAE=7.867943 RMSE=9.208050
2025-08-26T12:24:18Z - INFO - [train_model] Epoch 057 | train (scaled) MSE: mean=0.086657 med=0.073447 std=0.075089 min=0.000000 max=0.276130 | val (scaled) MSE: mean=0.033283 med=0.013234 std=0.036510 min=0.000067 max=0.153784
2025-08-26T12:24:18Z - INFO - [train_model] Epoch 057 | train (price) MSE=220.757142 MAE=13.051277 RMSE=14.857898 | val (price) MSE=84.786857 MAE=7.867859 RMSE=9.207978
2025-08-26T12:24:19Z - INFO - [train_model] Epoch 058 | train (scaled) MSE: mean=0.086657 med=0.073447 std=0.075089 min=0.000000 max=0.276132 | val (scaled) MSE: mean=0.033282 med=0.013234 std=0.036510 min=0.000067 max=0.153784
2025-08-26T12:24:19Z - INFO - [train_model] Epoch 058 | train (price) MSE=220.757596 MAE=13.051278 RMSE=14.857914 | val (price) MSE=84.786257 MAE=7.867821 RMSE=9.207945
2025-08-26T12:24:20Z - INFO - [train_model] Epoch 059 | train (scaled) MSE: mean=0.086657 med=0.073448 std=0.075090 min=0.000000 max=0.276133 | val (scaled) MSE: mean=0.033282 med=0.013234 std=0.036510 min=0.000067 max=0.153783
2025-08-26T12:24:20Z - INFO - [train_model] Epoch 059 | train (price) MSE=220.757814 MAE=13.051278 RMSE=14.857921 | val (price) MSE=84.785837 MAE=7.867794 RMSE=9.207923
2025-08-26T12:24:21Z - INFO - [train_model] Epoch 060 | train (scaled) MSE: mean=0.086657 med=0.073448 std=0.075090 min=0.000000 max=0.276133 | val (scaled) MSE: mean=0.033282 med=0.013234 std=0.036510 min=0.000067 max=0.153783
2025-08-26T12:24:21Z - INFO - [train_model] Epoch 060 | train (price) MSE=220.757925 MAE=13.051278 RMSE=14.857925 | val (price) MSE=84.785777 MAE=7.867791 RMSE=9.207919
2025-08-26T12:24:21Z - INFO - [train_model] Epoch 061 | train (scaled) MSE: mean=0.086657 med=0.073448 std=0.075090 min=0.000000 max=0.276133 | val (scaled) MSE: mean=0.033282 med=0.013234 std=0.036510 min=0.000067 max=0.153783
2025-08-26T12:24:21Z - INFO - [train_model] Epoch 061 | train (price) MSE=220.757958 MAE=13.051279 RMSE=14.857926 | val (price) MSE=84.785837 MAE=7.867794 RMSE=9.207923
2025-08-26T12:24:22Z - INFO - [train_model] Epoch 062 | train (scaled) MSE: mean=0.086657 med=0.073448 std=0.075090 min=0.000000 max=0.276133 | val (scaled) MSE: mean=0.033282 med=0.013234 std=0.036510 min=0.000067 max=0.153783
2025-08-26T12:24:22Z - INFO - [train_model] Epoch 062 | train (price) MSE=220.757944 MAE=13.051279 RMSE=14.857925 | val (price) MSE=84.785837 MAE=7.867794 RMSE=9.207923
2025-08-26T12:24:23Z - INFO - [train_model] Epoch 063 | train (scaled) MSE: mean=0.086657 med=0.073448 std=0.075090 min=0.000000 max=0.276133 | val (scaled) MSE: mean=0.033282 med=0.013234 std=0.036510 min=0.000067 max=0.153783
2025-08-26T12:24:23Z - INFO - [train_model] Epoch 063 | train (price) MSE=220.757965 MAE=13.051280 RMSE=14.857926 | val (price) MSE=84.785897 MAE=7.867798 RMSE=9.207926
2025-08-26T12:24:24Z - INFO - [train_model] Epoch 064 | train (scaled) MSE: mean=0.086657 med=0.073448 std=0.075090 min=0.000000 max=0.276133 | val (scaled) MSE: mean=0.033282 med=0.013234 std=0.036510 min=0.000067 max=0.153783
2025-08-26T12:24:24Z - INFO - [train_model] Epoch 064 | train (price) MSE=220.757935 MAE=13.051279 RMSE=14.857925 | val (price) MSE=84.785837 MAE=7.867794 RMSE=9.207923
2025-08-26T12:24:24Z - INFO - [train_model] Epoch 065 | train (scaled) MSE: mean=0.086657 med=0.073448 std=0.075090 min=0.000000 max=0.276133 | val (scaled) MSE: mean=0.033282 med=0.013234 std=0.036510 min=0.000067 max=0.153783
2025-08-26T12:24:24Z - INFO - [train_model] Epoch 065 | train (price) MSE=220.757965 MAE=13.051280 RMSE=14.857926 | val (price) MSE=84.785897 MAE=7.867798 RMSE=9.207926
2025-08-26T12:24:25Z - INFO - [train_model] Epoch 066 | train (scaled) MSE: mean=0.086657 med=0.073448 std=0.075090 min=0.000000 max=0.276133 | val (scaled) MSE: mean=0.033282 med=0.013234 std=0.036510 min=0.000067 max=0.153783
2025-08-26T12:24:25Z - INFO - [train_model] Epoch 066 | train (price) MSE=220.757935 MAE=13.051279 RMSE=14.857925 | val (price) MSE=84.785837 MAE=7.867794 RMSE=9.207923
2025-08-26T12:24:25Z - INFO - [train_model] Early stopping at epoch 66 (best price val MSE=42.419975 @ epoch 26)
2025-08-26T12:24:26Z - INFO - [visualize_full_prediction] Saved full prediction plot for BMY to output/20250826-082333/plots/BMY_rnn_full_price_prediction.png
2025-08-26T12:24:26Z - INFO - [visualize_sentiment] Saved sentiment plot for BMY to output/20250826-082333/plots/BMY_sentiment.png
2025-08-26T12:24:26Z - INFO - [train] [BMY] Test (price) MSE=78.830681 | MAE=8.054285 | RMSE=8.878664 (scaled MSE=0.030945)
2025-08-26T12:24:26Z - INFO - [train] [BMY] Final (price) Train MSE=220.757935 | Val MSE=84.785837 (scaled Train MSE=0.086657 | Val MSE=0.033282)
2025-08-26T12:24:26Z - INFO - [train] [BMY] Best epoch=26 | Best (price) Train MSE=13.649161 | Best (price) Val MSE=42.419975 | Saved at=/home/tbfs/Projects/finBert/output/20250826-082333/saved_weights/BMY/BMY_best-epoch026.pt
2025-08-26T12:24:26Z - INFO - [train] Wrote evaluation summary → output/20250826-082333/evaluation.json
