2025-08-26T12:07:15Z - INFO - [Pipeline::__init__] Loaded news dataframe with columns=['title', 'date', 'stock'] shape=(1277896, 3).
2025-08-26T12:07:15Z - INFO - [SentimentGenerator::_load] Loaded precomputed sentiment from /home/tbfs/Projects/finBert/output/20250823-140342/sentiment_daily.csv
2025-08-26T12:07:15Z - INFO - [train] Training predictor for ticker: BMY
2025-08-26T12:07:15Z - INFO - [train] Loaded prices for BMY with columns=['date', 'open', 'high', 'low', 'close', 'adj close', 'volume'] shape=(2516, 7).
2025-08-26T12:07:15Z - INFO - [SequenceDataset::__init__] len(self.valid_indices)=741 out of len(df)=2515 samples are valid for lookback=60 with sentiment_col=SentimentScore
2025-08-26T12:07:15Z - INFO - [SequenceDataset::__init__] len(self.valid_indices)=83 out of len(df)=2515 samples are valid for lookback=60 with sentiment_col=SentimentScore
2025-08-26T12:07:15Z - INFO - [SequenceDataset::__init__] len(self.valid_indices)=92 out of len(df)=2515 samples are valid for lookback=60 with sentiment_col=SentimentScore
2025-08-26T12:07:16Z - INFO - [train_model] Epoch 001 | train (scaled) MSE: mean=0.002730 med=0.000777 std=0.006757 min=0.000000 max=0.083179 | val (scaled) MSE: mean=0.015614 med=0.015868 std=0.013227 min=0.000021 max=0.045523
2025-08-26T12:07:16Z - INFO - [train_model] Epoch 001 | train (price) MSE=6.954783 MAE=1.866330 RMSE=2.637192 | val (price) MSE=39.775103 MAE=5.363242 RMSE=6.306751
2025-08-26T12:07:16Z - INFO - [train_model] New best (price) val MSE=39.775103 at epoch 1; saved → /home/tbfs/Projects/finBert/output/20250826-080710/saved_weights/BMY/BMY_best-epoch001.pt
2025-08-26T12:07:17Z - INFO - [train_model] Epoch 002 | train (scaled) MSE: mean=0.003800 med=0.000674 std=0.009224 min=0.000000 max=0.084058 | val (scaled) MSE: mean=0.014428 med=0.013988 std=0.011963 min=0.000000 max=0.043317
2025-08-26T12:07:17Z - INFO - [train_model] Epoch 002 | train (price) MSE=9.679932 MAE=2.067062 RMSE=3.111259 | val (price) MSE=36.755508 MAE=5.227793 RMSE=6.062632
2025-08-26T12:07:17Z - INFO - [train_model] New best (price) val MSE=36.755508 at epoch 2; saved → /home/tbfs/Projects/finBert/output/20250826-080710/saved_weights/BMY/BMY_best-epoch002.pt
2025-08-26T12:07:18Z - INFO - [train_model] Epoch 003 | train (scaled) MSE: mean=0.003209 med=0.000673 std=0.007522 min=0.000000 max=0.079436 | val (scaled) MSE: mean=0.014565 med=0.014051 std=0.011976 min=0.000000 max=0.044434
2025-08-26T12:07:18Z - INFO - [train_model] Epoch 003 | train (price) MSE=8.174775 MAE=1.986988 RMSE=2.859156 | val (price) MSE=37.103476 MAE=5.263605 RMSE=6.091262
2025-08-26T12:07:19Z - INFO - [train_model] Epoch 004 | train (scaled) MSE: mean=0.003015 med=0.000709 std=0.007266 min=0.000000 max=0.073572 | val (scaled) MSE: mean=0.014934 med=0.014413 std=0.012224 min=0.000000 max=0.046275
2025-08-26T12:07:19Z - INFO - [train_model] Epoch 004 | train (price) MSE=7.681146 MAE=1.913714 RMSE=2.771488 | val (price) MSE=38.045019 MAE=5.328875 RMSE=6.168064
2025-08-26T12:07:20Z - INFO - [train_model] Epoch 005 | train (scaled) MSE: mean=0.003139 med=0.000750 std=0.006814 min=0.000000 max=0.062472 | val (scaled) MSE: mean=0.014831 med=0.014208 std=0.012093 min=0.000000 max=0.046009
2025-08-26T12:07:20Z - INFO - [train_model] Epoch 005 | train (price) MSE=7.996120 MAE=2.011379 RMSE=2.827741 | val (price) MSE=37.781233 MAE=5.317143 RMSE=6.146644
2025-08-26T12:07:21Z - INFO - [train_model] Epoch 006 | train (scaled) MSE: mean=0.003054 med=0.000720 std=0.006557 min=0.000000 max=0.058545 | val (scaled) MSE: mean=0.015139 med=0.014666 std=0.012342 min=0.000000 max=0.047397
2025-08-26T12:07:21Z - INFO - [train_model] Epoch 006 | train (price) MSE=7.780335 MAE=1.956626 RMSE=2.789325 | val (price) MSE=38.565511 MAE=5.363054 RMSE=6.210114
2025-08-26T12:07:22Z - INFO - [train_model] Epoch 007 | train (scaled) MSE: mean=0.003087 med=0.000722 std=0.006485 min=0.000000 max=0.058085 | val (scaled) MSE: mean=0.016303 med=0.016472 std=0.013346 min=0.000001 max=0.050943
2025-08-26T12:07:22Z - INFO - [train_model] Epoch 007 | train (price) MSE=7.863315 MAE=1.975036 RMSE=2.804160 | val (price) MSE=41.530438 MAE=5.520243 RMSE=6.444411
2025-08-26T12:07:23Z - INFO - [train_model] Epoch 008 | train (scaled) MSE: mean=0.003212 med=0.000712 std=0.006718 min=0.000000 max=0.060175 | val (scaled) MSE: mean=0.017261 med=0.017923 std=0.014149 min=0.000001 max=0.053596
2025-08-26T12:07:23Z - INFO - [train_model] Epoch 008 | train (price) MSE=8.182447 MAE=1.996530 RMSE=2.860498 | val (price) MSE=43.971840 MAE=5.650865 RMSE=6.631127
2025-08-26T12:07:24Z - INFO - [train_model] Epoch 009 | train (scaled) MSE: mean=0.003283 med=0.000603 std=0.007025 min=0.000000 max=0.063799 | val (scaled) MSE: mean=0.018353 med=0.019055 std=0.015034 min=0.000000 max=0.056514
2025-08-26T12:07:24Z - INFO - [train_model] Epoch 009 | train (price) MSE=8.362984 MAE=1.987767 RMSE=2.891882 | val (price) MSE=46.754440 MAE=5.810243 RMSE=6.837722
2025-08-26T12:07:25Z - INFO - [train_model] Epoch 010 | train (scaled) MSE: mean=0.003356 med=0.000594 std=0.007297 min=0.000000 max=0.066729 | val (scaled) MSE: mean=0.018635 med=0.019475 std=0.015251 min=0.000000 max=0.057328
2025-08-26T12:07:25Z - INFO - [train_model] Epoch 010 | train (price) MSE=8.549824 MAE=1.994076 RMSE=2.924008 | val (price) MSE=47.472378 MAE=5.857327 RMSE=6.890020
2025-08-26T12:07:26Z - INFO - [train_model] Epoch 011 | train (scaled) MSE: mean=0.003434 med=0.000593 std=0.007537 min=0.000000 max=0.069058 | val (scaled) MSE: mean=0.018868 med=0.019818 std=0.015428 min=0.000000 max=0.057994
2025-08-26T12:07:26Z - INFO - [train_model] Epoch 011 | train (price) MSE=8.749081 MAE=2.008104 RMSE=2.957885 | val (price) MSE=48.066783 MAE=5.897582 RMSE=6.933021
2025-08-26T12:07:27Z - INFO - [train_model] Epoch 012 | train (scaled) MSE: mean=0.003475 med=0.000559 std=0.007738 min=0.000000 max=0.071066 | val (scaled) MSE: mean=0.020301 med=0.021822 std=0.016520 min=0.000001 max=0.061572
2025-08-26T12:07:27Z - INFO - [train_model] Epoch 012 | train (price) MSE=8.851248 MAE=1.997070 RMSE=2.975105 | val (price) MSE=51.715725 MAE=6.140865 RMSE=7.191365
2025-08-26T12:07:28Z - INFO - [train_model] Epoch 013 | train (scaled) MSE: mean=0.003574 med=0.000543 std=0.008114 min=0.000000 max=0.073206 | val (scaled) MSE: mean=0.021318 med=0.023215 std=0.017268 min=0.000000 max=0.063926
2025-08-26T12:07:28Z - INFO - [train_model] Epoch 013 | train (price) MSE=9.104674 MAE=2.011280 RMSE=3.017395 | val (price) MSE=54.307796 MAE=6.313427 RMSE=7.369382
2025-08-26T12:07:29Z - INFO - [train_model] Epoch 014 | train (scaled) MSE: mean=0.003615 med=0.000582 std=0.008351 min=0.000000 max=0.074720 | val (scaled) MSE: mean=0.020277 med=0.021806 std=0.016491 min=0.000000 max=0.061443
2025-08-26T12:07:29Z - INFO - [train_model] Epoch 014 | train (price) MSE=9.209037 MAE=2.027986 RMSE=3.034639 | val (price) MSE=51.654785 MAE=6.139126 RMSE=7.187126
2025-08-26T12:07:30Z - INFO - [train_model] Epoch 015 | train (scaled) MSE: mean=0.003689 med=0.000557 std=0.008603 min=0.000000 max=0.075318 | val (scaled) MSE: mean=0.022036 med=0.024215 std=0.017769 min=0.000000 max=0.065504
2025-08-26T12:07:30Z - INFO - [train_model] Epoch 015 | train (price) MSE=9.398171 MAE=2.035098 RMSE=3.065644 | val (price) MSE=56.135191 MAE=6.442244 RMSE=7.492342
2025-08-26T12:07:30Z - INFO - [train_model] Epoch 016 | train (scaled) MSE: mean=0.003828 med=0.000611 std=0.008893 min=0.000000 max=0.075202 | val (scaled) MSE: mean=0.022036 med=0.024223 std=0.017762 min=0.000001 max=0.065297
2025-08-26T12:07:30Z - INFO - [train_model] Epoch 016 | train (price) MSE=9.752964 MAE=2.084144 RMSE=3.122974 | val (price) MSE=56.136858 MAE=6.446450 RMSE=7.492453
2025-08-26T12:07:31Z - INFO - [train_model] Epoch 017 | train (scaled) MSE: mean=0.003852 med=0.000586 std=0.009034 min=0.000000 max=0.074594 | val (scaled) MSE: mean=0.021648 med=0.023719 std=0.017476 min=0.000000 max=0.064268
2025-08-26T12:07:31Z - INFO - [train_model] Epoch 017 | train (price) MSE=9.811884 MAE=2.086374 RMSE=3.132393 | val (price) MSE=55.148686 MAE=6.380525 RMSE=7.426216
2025-08-26T12:07:32Z - INFO - [train_model] Epoch 018 | train (scaled) MSE: mean=0.003816 med=0.000636 std=0.009015 min=0.000000 max=0.074615 | val (scaled) MSE: mean=0.021332 med=0.023329 std=0.017237 min=0.000000 max=0.063592
2025-08-26T12:07:32Z - INFO - [train_model] Epoch 018 | train (price) MSE=9.720933 MAE=2.073175 RMSE=3.117841 | val (price) MSE=54.343113 MAE=6.327894 RMSE=7.371778
2025-08-26T12:07:33Z - INFO - [train_model] Epoch 019 | train (scaled) MSE: mean=0.003878 med=0.000611 std=0.009175 min=0.000000 max=0.072784 | val (scaled) MSE: mean=0.021505 med=0.023601 std=0.017345 min=0.000000 max=0.063932
2025-08-26T12:07:33Z - INFO - [train_model] Epoch 019 | train (price) MSE=9.879086 MAE=2.100633 RMSE=3.143101 | val (price) MSE=54.784647 MAE=6.365035 RMSE=7.401665
2025-08-26T12:07:34Z - INFO - [train_model] Epoch 020 | train (scaled) MSE: mean=0.003871 med=0.000633 std=0.009236 min=0.000000 max=0.071958 | val (scaled) MSE: mean=0.021381 med=0.023444 std=0.017238 min=0.000000 max=0.063664
2025-08-26T12:07:34Z - INFO - [train_model] Epoch 020 | train (price) MSE=9.862176 MAE=2.089373 RMSE=3.140410 | val (price) MSE=54.468940 MAE=6.349632 RMSE=7.380308
2025-08-26T12:07:35Z - INFO - [train_model] Epoch 021 | train (scaled) MSE: mean=0.003844 med=0.000617 std=0.009188 min=0.000000 max=0.070412 | val (scaled) MSE: mean=0.020839 med=0.022819 std=0.016827 min=0.000000 max=0.062213
2025-08-26T12:07:35Z - INFO - [train_model] Epoch 021 | train (price) MSE=9.792703 MAE=2.081311 RMSE=3.129330 | val (price) MSE=53.086381 MAE=6.263036 RMSE=7.286040
2025-08-26T12:07:36Z - INFO - [train_model] Epoch 022 | train (scaled) MSE: mean=0.003755 med=0.000607 std=0.009043 min=0.000000 max=0.070455 | val (scaled) MSE: mean=0.020414 med=0.022355 std=0.016500 min=0.000000 max=0.061082
2025-08-26T12:07:36Z - INFO - [train_model] Epoch 022 | train (price) MSE=9.564654 MAE=2.052994 RMSE=3.092677 | val (price) MSE=52.004942 MAE=6.198413 RMSE=7.211445
2025-08-26T12:07:37Z - INFO - [train_model] Epoch 023 | train (scaled) MSE: mean=0.003700 med=0.000562 std=0.008967 min=0.000000 max=0.068945 | val (scaled) MSE: mean=0.020010 med=0.021939 std=0.016182 min=0.000000 max=0.060002
2025-08-26T12:07:37Z - INFO - [train_model] Epoch 023 | train (price) MSE=9.425116 MAE=2.026293 RMSE=3.070035 | val (price) MSE=50.974368 MAE=6.139544 RMSE=7.139634
2025-08-26T12:07:38Z - INFO - [train_model] Epoch 024 | train (scaled) MSE: mean=0.003598 med=0.000505 std=0.008801 min=0.000000 max=0.069264 | val (scaled) MSE: mean=0.019502 med=0.021372 std=0.015788 min=0.000001 max=0.058912
2025-08-26T12:07:38Z - INFO - [train_model] Epoch 024 | train (price) MSE=9.165028 MAE=1.988693 RMSE=3.027380 | val (price) MSE=49.681192 MAE=6.060078 RMSE=7.048489
2025-08-26T12:07:39Z - INFO - [train_model] Epoch 025 | train (scaled) MSE: mean=0.003513 med=0.000508 std=0.008669 min=0.000000 max=0.067940 | val (scaled) MSE: mean=0.019081 med=0.021002 std=0.015454 min=0.000000 max=0.057719
2025-08-26T12:07:39Z - INFO - [train_model] Epoch 025 | train (price) MSE=8.948250 MAE=1.961735 RMSE=2.991363 | val (price) MSE=48.608823 MAE=6.003066 RMSE=6.972003
2025-08-26T12:07:40Z - INFO - [train_model] Epoch 026 | train (scaled) MSE: mean=0.003386 med=0.000482 std=0.008430 min=0.000000 max=0.069316 | val (scaled) MSE: mean=0.018518 med=0.020437 std=0.015007 min=0.000002 max=0.056606
2025-08-26T12:07:40Z - INFO - [train_model] Epoch 026 | train (price) MSE=8.625636 MAE=1.917020 RMSE=2.936943 | val (price) MSE=47.174719 MAE=5.916250 RMSE=6.868385
2025-08-26T12:07:41Z - INFO - [train_model] Epoch 027 | train (scaled) MSE: mean=0.003290 med=0.000466 std=0.008248 min=0.000000 max=0.068492 | val (scaled) MSE: mean=0.018311 med=0.020031 std=0.014814 min=0.000002 max=0.056273
2025-08-26T12:07:41Z - INFO - [train_model] Epoch 027 | train (price) MSE=8.380220 MAE=1.890156 RMSE=2.894861 | val (price) MSE=46.646325 MAE=5.894384 RMSE=6.829811
2025-08-26T12:07:42Z - INFO - [train_model] Epoch 028 | train (scaled) MSE: mean=0.003182 med=0.000446 std=0.008011 min=0.000000 max=0.068074 | val (scaled) MSE: mean=0.017820 med=0.019240 std=0.014417 min=0.000002 max=0.055179
2025-08-26T12:07:42Z - INFO - [train_model] Epoch 028 | train (price) MSE=8.104839 MAE=1.856904 RMSE=2.846900 | val (price) MSE=45.395600 MAE=5.824088 RMSE=6.737626
2025-08-26T12:07:43Z - INFO - [train_model] Epoch 029 | train (scaled) MSE: mean=0.003051 med=0.000438 std=0.007736 min=0.000000 max=0.068076 | val (scaled) MSE: mean=0.017187 med=0.018235 std=0.013915 min=0.000002 max=0.053738
2025-08-26T12:07:43Z - INFO - [train_model] Epoch 029 | train (price) MSE=7.772972 MAE=1.816266 RMSE=2.788005 | val (price) MSE=43.784152 MAE=5.729453 RMSE=6.616959
2025-08-26T12:07:43Z - INFO - [train_model] Epoch 030 | train (scaled) MSE: mean=0.002916 med=0.000431 std=0.007450 min=0.000000 max=0.068160 | val (scaled) MSE: mean=0.016497 med=0.017083 std=0.013361 min=0.000003 max=0.052277
2025-08-26T12:07:43Z - INFO - [train_model] Epoch 030 | train (price) MSE=7.428979 MAE=1.773557 RMSE=2.725615 | val (price) MSE=42.025336 MAE=5.625325 RMSE=6.482695
2025-08-26T12:07:44Z - INFO - [train_model] Epoch 031 | train (scaled) MSE: mean=0.002764 med=0.000392 std=0.007144 min=0.000000 max=0.068833 | val (scaled) MSE: mean=0.015881 med=0.015897 std=0.012843 min=0.000004 max=0.051323
2025-08-26T12:07:44Z - INFO - [train_model] Epoch 031 | train (price) MSE=7.040793 MAE=1.721796 RMSE=2.653449 | val (price) MSE=40.457197 MAE=5.536558 RMSE=6.360597
2025-08-26T12:07:45Z - INFO - [train_model] Epoch 032 | train (scaled) MSE: mean=0.002590 med=0.000381 std=0.006745 min=0.000000 max=0.068756 | val (scaled) MSE: mean=0.015011 med=0.015273 std=0.012147 min=0.000003 max=0.049651
2025-08-26T12:07:45Z - INFO - [train_model] Epoch 032 | train (price) MSE=6.598944 MAE=1.672087 RMSE=2.568841 | val (price) MSE=38.241057 MAE=5.400532 RMSE=6.183935
2025-08-26T12:07:46Z - INFO - [train_model] Epoch 033 | train (scaled) MSE: mean=0.002405 med=0.000358 std=0.006335 min=0.000000 max=0.068028 | val (scaled) MSE: mean=0.013853 med=0.013963 std=0.011249 min=0.000000 max=0.047282
2025-08-26T12:07:46Z - INFO - [train_model] Epoch 033 | train (price) MSE=6.127664 MAE=1.611445 RMSE=2.475412 | val (price) MSE=35.290047 MAE=5.205274 RMSE=5.940543
2025-08-26T12:07:46Z - INFO - [train_model] New best (price) val MSE=35.290047 at epoch 33; saved → /home/tbfs/Projects/finBert/output/20250826-080710/saved_weights/BMY/BMY_best-epoch033.pt
2025-08-26T12:07:47Z - INFO - [train_model] Epoch 034 | train (scaled) MSE: mean=0.002193 med=0.000345 std=0.005879 min=0.000000 max=0.069323 | val (scaled) MSE: mean=0.012564 med=0.011923 std=0.010262 min=0.000002 max=0.044691
2025-08-26T12:07:47Z - INFO - [train_model] Epoch 034 | train (price) MSE=5.586451 MAE=1.544164 RMSE=2.363567 | val (price) MSE=32.007111 MAE=4.977028 RMSE=5.657483
2025-08-26T12:07:47Z - INFO - [train_model] New best (price) val MSE=32.007111 at epoch 34; saved → /home/tbfs/Projects/finBert/output/20250826-080710/saved_weights/BMY/BMY_best-epoch034.pt
2025-08-26T12:07:48Z - INFO - [train_model] Epoch 035 | train (scaled) MSE: mean=0.001961 med=0.000339 std=0.005283 min=0.000000 max=0.066433 | val (scaled) MSE: mean=0.011971 med=0.011313 std=0.009792 min=0.000002 max=0.043935
2025-08-26T12:07:48Z - INFO - [train_model] Epoch 035 | train (price) MSE=4.995113 MAE=1.469653 RMSE=2.234975 | val (price) MSE=30.496623 MAE=4.879359 RMSE=5.522375
2025-08-26T12:07:48Z - INFO - [train_model] New best (price) val MSE=30.496623 at epoch 35; saved → /home/tbfs/Projects/finBert/output/20250826-080710/saved_weights/BMY/BMY_best-epoch035.pt
2025-08-26T12:07:49Z - INFO - [train_model] Epoch 036 | train (scaled) MSE: mean=0.001767 med=0.000329 std=0.004801 min=0.000000 max=0.064825 | val (scaled) MSE: mean=0.010978 med=0.010119 std=0.009053 min=0.000005 max=0.041904
2025-08-26T12:07:49Z - INFO - [train_model] Epoch 036 | train (price) MSE=4.502341 MAE=1.409598 RMSE=2.121872 | val (price) MSE=27.966136 MAE=4.690982 RMSE=5.288302
2025-08-26T12:07:49Z - INFO - [train_model] New best (price) val MSE=27.966136 at epoch 36; saved → /home/tbfs/Projects/finBert/output/20250826-080710/saved_weights/BMY/BMY_best-epoch036.pt
2025-08-26T12:07:50Z - INFO - [train_model] Epoch 037 | train (scaled) MSE: mean=0.001564 med=0.000285 std=0.004302 min=0.000000 max=0.062766 | val (scaled) MSE: mean=0.010137 med=0.009245 std=0.008434 min=0.000001 max=0.040063
2025-08-26T12:07:50Z - INFO - [train_model] Epoch 037 | train (price) MSE=3.985372 MAE=1.333573 RMSE=1.996340 | val (price) MSE=25.823186 MAE=4.522226 RMSE=5.081652
2025-08-26T12:07:50Z - INFO - [train_model] New best (price) val MSE=25.823186 at epoch 37; saved → /home/tbfs/Projects/finBert/output/20250826-080710/saved_weights/BMY/BMY_best-epoch037.pt
2025-08-26T12:07:51Z - INFO - [train_model] Epoch 038 | train (scaled) MSE: mean=0.001393 med=0.000276 std=0.003852 min=0.000000 max=0.060473 | val (scaled) MSE: mean=0.009584 med=0.008284 std=0.008023 min=0.000000 max=0.038797
2025-08-26T12:07:51Z - INFO - [train_model] Epoch 038 | train (price) MSE=3.548724 MAE=1.273361 RMSE=1.883806 | val (price) MSE=24.415034 MAE=4.407955 RMSE=4.941157
2025-08-26T12:07:51Z - INFO - [train_model] New best (price) val MSE=24.415034 at epoch 38; saved → /home/tbfs/Projects/finBert/output/20250826-080710/saved_weights/BMY/BMY_best-epoch038.pt
2025-08-26T12:07:52Z - INFO - [train_model] Epoch 039 | train (scaled) MSE: mean=0.001259 med=0.000259 std=0.003485 min=0.000000 max=0.058254 | val (scaled) MSE: mean=0.009301 med=0.007753 std=0.007807 min=0.000000 max=0.038128
2025-08-26T12:07:52Z - INFO - [train_model] Epoch 039 | train (price) MSE=3.206583 MAE=1.221909 RMSE=1.790693 | val (price) MSE=23.693584 MAE=4.349135 RMSE=4.867606
2025-08-26T12:07:52Z - INFO - [train_model] New best (price) val MSE=23.693584 at epoch 39; saved → /home/tbfs/Projects/finBert/output/20250826-080710/saved_weights/BMY/BMY_best-epoch039.pt
2025-08-26T12:07:53Z - INFO - [train_model] Epoch 040 | train (scaled) MSE: mean=0.001168 med=0.000272 std=0.003219 min=0.000000 max=0.056273 | val (scaled) MSE: mean=0.009204 med=0.008282 std=0.007734 min=0.000000 max=0.037836
2025-08-26T12:07:53Z - INFO - [train_model] Epoch 040 | train (price) MSE=2.974411 MAE=1.189488 RMSE=1.724648 | val (price) MSE=23.446052 MAE=4.329509 RMSE=4.842112
2025-08-26T12:07:53Z - INFO - [train_model] New best (price) val MSE=23.446052 at epoch 40; saved → /home/tbfs/Projects/finBert/output/20250826-080710/saved_weights/BMY/BMY_best-epoch040.pt
2025-08-26T12:07:54Z - INFO - [train_model] Epoch 041 | train (scaled) MSE: mean=0.001129 med=0.000272 std=0.003073 min=0.000000 max=0.054659 | val (scaled) MSE: mean=0.009084 med=0.007768 std=0.007700 min=0.000000 max=0.037496
2025-08-26T12:07:54Z - INFO - [train_model] Epoch 041 | train (price) MSE=2.876502 MAE=1.180646 RMSE=1.696025 | val (price) MSE=23.141787 MAE=4.294170 RMSE=4.810591
2025-08-26T12:07:54Z - INFO - [train_model] New best (price) val MSE=23.141787 at epoch 41; saved → /home/tbfs/Projects/finBert/output/20250826-080710/saved_weights/BMY/BMY_best-epoch041.pt
2025-08-26T12:07:55Z - INFO - [train_model] Epoch 042 | train (scaled) MSE: mean=0.001096 med=0.000260 std=0.002930 min=0.000000 max=0.053794 | val (scaled) MSE: mean=0.008835 med=0.007250 std=0.007545 min=0.000001 max=0.036353
2025-08-26T12:07:55Z - INFO - [train_model] Epoch 042 | train (price) MSE=2.790771 MAE=1.170309 RMSE=1.670560 | val (price) MSE=22.507488 MAE=4.222810 RMSE=4.744206
2025-08-26T12:07:55Z - INFO - [train_model] New best (price) val MSE=22.507488 at epoch 42; saved → /home/tbfs/Projects/finBert/output/20250826-080710/saved_weights/BMY/BMY_best-epoch042.pt
2025-08-26T12:07:56Z - INFO - [train_model] Epoch 043 | train (scaled) MSE: mean=0.001023 med=0.000259 std=0.002743 min=0.000000 max=0.052981 | val (scaled) MSE: mean=0.008639 med=0.006809 std=0.007361 min=0.000000 max=0.035251
2025-08-26T12:07:56Z - INFO - [train_model] Epoch 043 | train (price) MSE=2.606634 MAE=1.133182 RMSE=1.614507 | val (price) MSE=22.007407 MAE=4.171093 RMSE=4.691205
2025-08-26T12:07:56Z - INFO - [train_model] New best (price) val MSE=22.007407 at epoch 43; saved → /home/tbfs/Projects/finBert/output/20250826-080710/saved_weights/BMY/BMY_best-epoch043.pt
2025-08-26T12:07:57Z - INFO - [train_model] Epoch 044 | train (scaled) MSE: mean=0.000961 med=0.000249 std=0.002611 min=0.000000 max=0.052037 | val (scaled) MSE: mean=0.008466 med=0.006782 std=0.007175 min=0.000001 max=0.034264
2025-08-26T12:07:57Z - INFO - [train_model] Epoch 044 | train (price) MSE=2.447657 MAE=1.098066 RMSE=1.564499 | val (price) MSE=21.565753 MAE=4.133168 RMSE=4.643894
2025-08-26T12:07:57Z - INFO - [train_model] New best (price) val MSE=21.565753 at epoch 44; saved → /home/tbfs/Projects/finBert/output/20250826-080710/saved_weights/BMY/BMY_best-epoch044.pt
2025-08-26T12:07:58Z - INFO - [train_model] Epoch 045 | train (scaled) MSE: mean=0.000926 med=0.000234 std=0.002528 min=0.000000 max=0.051072 | val (scaled) MSE: mean=0.008253 med=0.006496 std=0.006974 min=0.000002 max=0.033210
2025-08-26T12:07:58Z - INFO - [train_model] Epoch 045 | train (price) MSE=2.359705 MAE=1.080394 RMSE=1.536133 | val (price) MSE=21.023266 MAE=4.081514 RMSE=4.585114
2025-08-26T12:07:58Z - INFO - [train_model] New best (price) val MSE=21.023266 at epoch 45; saved → /home/tbfs/Projects/finBert/output/20250826-080710/saved_weights/BMY/BMY_best-epoch045.pt
2025-08-26T12:07:59Z - INFO - [train_model] Epoch 046 | train (scaled) MSE: mean=0.000904 med=0.000228 std=0.002465 min=0.000000 max=0.050180 | val (scaled) MSE: mean=0.007987 med=0.006094 std=0.006743 min=0.000002 max=0.031995
2025-08-26T12:07:59Z - INFO - [train_model] Epoch 046 | train (price) MSE=2.303233 MAE=1.067817 RMSE=1.517641 | val (price) MSE=20.345588 MAE=4.013195 RMSE=4.510608
2025-08-26T12:07:59Z - INFO - [train_model] New best (price) val MSE=20.345588 at epoch 46; saved → /home/tbfs/Projects/finBert/output/20250826-080710/saved_weights/BMY/BMY_best-epoch046.pt
2025-08-26T12:07:59Z - INFO - [train_model] Epoch 047 | train (scaled) MSE: mean=0.000873 med=0.000208 std=0.002395 min=0.000000 max=0.049165 | val (scaled) MSE: mean=0.007711 med=0.005714 std=0.006495 min=0.000003 max=0.030718
2025-08-26T12:07:59Z - INFO - [train_model] Epoch 047 | train (price) MSE=2.223607 MAE=1.047270 RMSE=1.491176 | val (price) MSE=19.643740 MAE=3.942235 RMSE=4.432126
2025-08-26T12:07:59Z - INFO - [train_model] New best (price) val MSE=19.643740 at epoch 47; saved → /home/tbfs/Projects/finBert/output/20250826-080710/saved_weights/BMY/BMY_best-epoch047.pt
2025-08-26T12:08:00Z - INFO - [train_model] Epoch 048 | train (scaled) MSE: mean=0.000855 med=0.000214 std=0.002343 min=0.000000 max=0.048228 | val (scaled) MSE: mean=0.007421 med=0.005402 std=0.006236 min=0.000001 max=0.029393
2025-08-26T12:08:00Z - INFO - [train_model] Epoch 048 | train (price) MSE=2.177348 MAE=1.039176 RMSE=1.475584 | val (price) MSE=18.904743 MAE=3.866365 RMSE=4.347958
2025-08-26T12:08:00Z - INFO - [train_model] New best (price) val MSE=18.904743 at epoch 48; saved → /home/tbfs/Projects/finBert/output/20250826-080710/saved_weights/BMY/BMY_best-epoch048.pt
2025-08-26T12:08:01Z - INFO - [train_model] Epoch 049 | train (scaled) MSE: mean=0.000836 med=0.000199 std=0.002295 min=0.000000 max=0.047345 | val (scaled) MSE: mean=0.007156 med=0.005441 std=0.006003 min=0.000000 max=0.028166
2025-08-26T12:08:01Z - INFO - [train_model] Epoch 049 | train (price) MSE=2.129734 MAE=1.026263 RMSE=1.459361 | val (price) MSE=18.230580 MAE=3.795134 RMSE=4.269728
2025-08-26T12:08:01Z - INFO - [train_model] New best (price) val MSE=18.230580 at epoch 49; saved → /home/tbfs/Projects/finBert/output/20250826-080710/saved_weights/BMY/BMY_best-epoch049.pt
2025-08-26T12:08:02Z - INFO - [train_model] Epoch 050 | train (scaled) MSE: mean=0.000824 med=0.000194 std=0.002259 min=0.000000 max=0.046493 | val (scaled) MSE: mean=0.006871 med=0.005337 std=0.005760 min=0.000004 max=0.026862
2025-08-26T12:08:02Z - INFO - [train_model] Epoch 050 | train (price) MSE=2.099104 MAE=1.017789 RMSE=1.448829 | val (price) MSE=17.503666 MAE=3.717140 RMSE=4.183738
2025-08-26T12:08:02Z - INFO - [train_model] New best (price) val MSE=17.503666 at epoch 50; saved → /home/tbfs/Projects/finBert/output/20250826-080710/saved_weights/BMY/BMY_best-epoch050.pt
2025-08-26T12:08:03Z - INFO - [train_model] Epoch 051 | train (scaled) MSE: mean=0.000811 med=0.000199 std=0.002224 min=0.000000 max=0.045668 | val (scaled) MSE: mean=0.006586 med=0.005203 std=0.005516 min=0.000011 max=0.025567
2025-08-26T12:08:03Z - INFO - [train_model] Epoch 051 | train (price) MSE=2.066749 MAE=1.011449 RMSE=1.437619 | val (price) MSE=16.778423 MAE=3.638072 RMSE=4.096147
2025-08-26T12:08:03Z - INFO - [train_model] New best (price) val MSE=16.778423 at epoch 51; saved → /home/tbfs/Projects/finBert/output/20250826-080710/saved_weights/BMY/BMY_best-epoch051.pt
2025-08-26T12:08:04Z - INFO - [train_model] Epoch 052 | train (scaled) MSE: mean=0.000800 med=0.000196 std=0.002202 min=0.000000 max=0.045118 | val (scaled) MSE: mean=0.006367 med=0.005175 std=0.005334 min=0.000010 max=0.024575
2025-08-26T12:08:04Z - INFO - [train_model] Epoch 052 | train (price) MSE=2.037751 MAE=1.001690 RMSE=1.427498 | val (price) MSE=16.219353 MAE=3.574660 RMSE=4.027326
2025-08-26T12:08:04Z - INFO - [train_model] New best (price) val MSE=16.219353 at epoch 52; saved → /home/tbfs/Projects/finBert/output/20250826-080710/saved_weights/BMY/BMY_best-epoch052.pt
2025-08-26T12:08:05Z - INFO - [train_model] Epoch 053 | train (scaled) MSE: mean=0.000788 med=0.000184 std=0.002169 min=0.000000 max=0.044213 | val (scaled) MSE: mean=0.006096 med=0.005223 std=0.005102 min=0.000002 max=0.023312
2025-08-26T12:08:05Z - INFO - [train_model] Epoch 053 | train (price) MSE=2.008180 MAE=0.996284 RMSE=1.417103 | val (price) MSE=15.530411 MAE=3.497388 RMSE=3.940864
2025-08-26T12:08:05Z - INFO - [train_model] New best (price) val MSE=15.530411 at epoch 53; saved → /home/tbfs/Projects/finBert/output/20250826-080710/saved_weights/BMY/BMY_best-epoch053.pt
2025-08-26T12:08:06Z - INFO - [train_model] Epoch 054 | train (scaled) MSE: mean=0.000778 med=0.000183 std=0.002142 min=0.000000 max=0.043440 | val (scaled) MSE: mean=0.005849 med=0.005181 std=0.004896 min=0.000000 max=0.022178
2025-08-26T12:08:06Z - INFO - [train_model] Epoch 054 | train (price) MSE=1.981752 MAE=0.991264 RMSE=1.407747 | val (price) MSE=14.900431 MAE=3.424411 RMSE=3.860108
2025-08-26T12:08:06Z - INFO - [train_model] New best (price) val MSE=14.900431 at epoch 54; saved → /home/tbfs/Projects/finBert/output/20250826-080710/saved_weights/BMY/BMY_best-epoch054.pt
2025-08-26T12:08:07Z - INFO - [train_model] Epoch 055 | train (scaled) MSE: mean=0.000768 med=0.000184 std=0.002122 min=0.000000 max=0.042737 | val (scaled) MSE: mean=0.005589 med=0.004907 std=0.004681 min=0.000003 max=0.021062
2025-08-26T12:08:07Z - INFO - [train_model] Epoch 055 | train (price) MSE=1.957684 MAE=0.986259 RMSE=1.399173 | val (price) MSE=14.237804 MAE=3.348536 RMSE=3.773301
2025-08-26T12:08:07Z - INFO - [train_model] New best (price) val MSE=14.237804 at epoch 55; saved → /home/tbfs/Projects/finBert/output/20250826-080710/saved_weights/BMY/BMY_best-epoch055.pt
2025-08-26T12:08:08Z - INFO - [train_model] Epoch 056 | train (scaled) MSE: mean=0.000761 med=0.000187 std=0.002103 min=0.000000 max=0.042063 | val (scaled) MSE: mean=0.005416 med=0.004629 std=0.004540 min=0.000012 max=0.020188
2025-08-26T12:08:08Z - INFO - [train_model] Epoch 056 | train (price) MSE=1.938666 MAE=0.980877 RMSE=1.392360 | val (price) MSE=13.798141 MAE=3.295247 RMSE=3.714585
2025-08-26T12:08:08Z - INFO - [train_model] New best (price) val MSE=13.798141 at epoch 56; saved → /home/tbfs/Projects/finBert/output/20250826-080710/saved_weights/BMY/BMY_best-epoch056.pt
2025-08-26T12:08:09Z - INFO - [train_model] Epoch 057 | train (scaled) MSE: mean=0.000753 med=0.000189 std=0.002086 min=0.000000 max=0.041426 | val (scaled) MSE: mean=0.005223 med=0.004500 std=0.004387 min=0.000016 max=0.019281
2025-08-26T12:08:09Z - INFO - [train_model] Epoch 057 | train (price) MSE=1.917361 MAE=0.976356 RMSE=1.384688 | val (price) MSE=13.306453 MAE=3.234889 RMSE=3.647801
2025-08-26T12:08:09Z - INFO - [train_model] New best (price) val MSE=13.306453 at epoch 57; saved → /home/tbfs/Projects/finBert/output/20250826-080710/saved_weights/BMY/BMY_best-epoch057.pt
2025-08-26T12:08:10Z - INFO - [train_model] Epoch 058 | train (scaled) MSE: mean=0.000745 med=0.000186 std=0.002068 min=0.000000 max=0.040812 | val (scaled) MSE: mean=0.005037 med=0.004326 std=0.004242 min=0.000013 max=0.018404
2025-08-26T12:08:10Z - INFO - [train_model] Epoch 058 | train (price) MSE=1.897739 MAE=0.973337 RMSE=1.377584 | val (price) MSE=12.830517 MAE=3.174869 RMSE=3.581971
2025-08-26T12:08:10Z - INFO - [train_model] New best (price) val MSE=12.830517 at epoch 58; saved → /home/tbfs/Projects/finBert/output/20250826-080710/saved_weights/BMY/BMY_best-epoch058.pt
2025-08-26T12:08:11Z - INFO - [train_model] Epoch 059 | train (scaled) MSE: mean=0.000739 med=0.000183 std=0.002054 min=0.000000 max=0.040235 | val (scaled) MSE: mean=0.004862 med=0.004355 std=0.004108 min=0.000006 max=0.017592
2025-08-26T12:08:11Z - INFO - [train_model] Epoch 059 | train (price) MSE=1.883668 MAE=0.971930 RMSE=1.372468 | val (price) MSE=12.385733 MAE=3.117379 RMSE=3.519337
2025-08-26T12:08:11Z - INFO - [train_model] New best (price) val MSE=12.385733 at epoch 59; saved → /home/tbfs/Projects/finBert/output/20250826-080710/saved_weights/BMY/BMY_best-epoch059.pt
2025-08-26T12:08:12Z - INFO - [train_model] Epoch 060 | train (scaled) MSE: mean=0.000733 med=0.000177 std=0.002036 min=0.000000 max=0.039635 | val (scaled) MSE: mean=0.004707 med=0.004289 std=0.003992 min=0.000002 max=0.016822
2025-08-26T12:08:12Z - INFO - [train_model] Epoch 060 | train (price) MSE=1.866744 MAE=0.968217 RMSE=1.366288 | val (price) MSE=11.991352 MAE=3.064863 RMSE=3.462853
2025-08-26T12:08:12Z - INFO - [train_model] New best (price) val MSE=11.991352 at epoch 60; saved → /home/tbfs/Projects/finBert/output/20250826-080710/saved_weights/BMY/BMY_best-epoch060.pt
2025-08-26T12:08:13Z - INFO - [train_model] Epoch 061 | train (scaled) MSE: mean=0.000727 med=0.000176 std=0.002019 min=0.000000 max=0.039066 | val (scaled) MSE: mean=0.004561 med=0.004089 std=0.003885 min=0.000000 max=0.016096
2025-08-26T12:08:13Z - INFO - [train_model] Epoch 061 | train (price) MSE=1.852850 MAE=0.965785 RMSE=1.361194 | val (price) MSE=11.619260 MAE=3.013781 RMSE=3.408704
2025-08-26T12:08:13Z - INFO - [train_model] New best (price) val MSE=11.619260 at epoch 61; saved → /home/tbfs/Projects/finBert/output/20250826-080710/saved_weights/BMY/BMY_best-epoch061.pt
2025-08-26T12:08:13Z - INFO - [train_model] Epoch 062 | train (scaled) MSE: mean=0.000722 med=0.000180 std=0.002007 min=0.000000 max=0.038567 | val (scaled) MSE: mean=0.004415 med=0.003984 std=0.003778 min=0.000000 max=0.015411
2025-08-26T12:08:13Z - INFO - [train_model] Epoch 062 | train (price) MSE=1.839046 MAE=0.963260 RMSE=1.356114 | val (price) MSE=11.245983 MAE=2.962774 RMSE=3.353503
2025-08-26T12:08:13Z - INFO - [train_model] New best (price) val MSE=11.245983 at epoch 62; saved → /home/tbfs/Projects/finBert/output/20250826-080710/saved_weights/BMY/BMY_best-epoch062.pt
2025-08-26T12:08:14Z - INFO - [train_model] Epoch 063 | train (scaled) MSE: mean=0.000717 med=0.000188 std=0.001987 min=0.000000 max=0.038027 | val (scaled) MSE: mean=0.004284 med=0.003761 std=0.003689 min=0.000001 max=0.014748
2025-08-26T12:08:14Z - INFO - [train_model] Epoch 063 | train (price) MSE=1.826344 MAE=0.960335 RMSE=1.351423 | val (price) MSE=10.913808 MAE=2.915596 RMSE=3.303605
2025-08-26T12:08:14Z - INFO - [train_model] New best (price) val MSE=10.913808 at epoch 63; saved → /home/tbfs/Projects/finBert/output/20250826-080710/saved_weights/BMY/BMY_best-epoch063.pt
2025-08-26T12:08:15Z - INFO - [train_model] Epoch 064 | train (scaled) MSE: mean=0.000712 med=0.000180 std=0.001972 min=0.000000 max=0.037498 | val (scaled) MSE: mean=0.004156 med=0.003554 std=0.003601 min=0.000000 max=0.014119
2025-08-26T12:08:15Z - INFO - [train_model] Epoch 064 | train (price) MSE=1.812694 MAE=0.955764 RMSE=1.346363 | val (price) MSE=10.588325 MAE=2.868705 RMSE=3.253971
2025-08-26T12:08:15Z - INFO - [train_model] New best (price) val MSE=10.588325 at epoch 64; saved → /home/tbfs/Projects/finBert/output/20250826-080710/saved_weights/BMY/BMY_best-epoch064.pt
2025-08-26T12:08:16Z - INFO - [train_model] Epoch 065 | train (scaled) MSE: mean=0.000708 med=0.000182 std=0.001952 min=0.000000 max=0.036916 | val (scaled) MSE: mean=0.004030 med=0.003367 std=0.003520 min=0.000000 max=0.013465
2025-08-26T12:08:16Z - INFO - [train_model] Epoch 065 | train (price) MSE=1.804318 MAE=0.954485 RMSE=1.343249 | val (price) MSE=10.265927 MAE=2.821694 RMSE=3.204049
2025-08-26T12:08:16Z - INFO - [train_model] New best (price) val MSE=10.265927 at epoch 65; saved → /home/tbfs/Projects/finBert/output/20250826-080710/saved_weights/BMY/BMY_best-epoch065.pt
2025-08-26T12:08:17Z - INFO - [train_model] Epoch 066 | train (scaled) MSE: mean=0.000700 med=0.000177 std=0.001930 min=0.000000 max=0.036307 | val (scaled) MSE: mean=0.003917 med=0.003331 std=0.003444 min=0.000000 max=0.012892
2025-08-26T12:08:17Z - INFO - [train_model] Epoch 066 | train (price) MSE=1.782324 MAE=0.946458 RMSE=1.335037 | val (price) MSE=9.977953 MAE=2.780307 RMSE=3.158790
2025-08-26T12:08:17Z - INFO - [train_model] New best (price) val MSE=9.977953 at epoch 66; saved → /home/tbfs/Projects/finBert/output/20250826-080710/saved_weights/BMY/BMY_best-epoch066.pt
2025-08-26T12:08:18Z - INFO - [train_model] Epoch 067 | train (scaled) MSE: mean=0.000695 med=0.000171 std=0.001921 min=0.000000 max=0.035882 | val (scaled) MSE: mean=0.003786 med=0.003295 std=0.003358 min=0.000000 max=0.012282
2025-08-26T12:08:18Z - INFO - [train_model] Epoch 067 | train (price) MSE=1.770906 MAE=0.940815 RMSE=1.330754 | val (price) MSE=9.644847 MAE=2.731674 RMSE=3.105615
2025-08-26T12:08:18Z - INFO - [train_model] New best (price) val MSE=9.644847 at epoch 67; saved → /home/tbfs/Projects/finBert/output/20250826-080710/saved_weights/BMY/BMY_best-epoch067.pt
2025-08-26T12:08:19Z - INFO - [train_model] Epoch 068 | train (scaled) MSE: mean=0.000686 med=0.000175 std=0.001895 min=0.000000 max=0.035381 | val (scaled) MSE: mean=0.003686 med=0.003074 std=0.003297 min=0.000001 max=0.011975
2025-08-26T12:08:19Z - INFO - [train_model] Epoch 068 | train (price) MSE=1.747973 MAE=0.934432 RMSE=1.322109 | val (price) MSE=9.389172 MAE=2.692544 RMSE=3.064176
2025-08-26T12:08:19Z - INFO - [train_model] New best (price) val MSE=9.389172 at epoch 68; saved → /home/tbfs/Projects/finBert/output/20250826-080710/saved_weights/BMY/BMY_best-epoch068.pt
2025-08-26T12:08:20Z - INFO - [train_model] Epoch 069 | train (scaled) MSE: mean=0.000682 med=0.000170 std=0.001881 min=0.000000 max=0.034915 | val (scaled) MSE: mean=0.003571 med=0.002826 std=0.003221 min=0.000002 max=0.011851
2025-08-26T12:08:20Z - INFO - [train_model] Epoch 069 | train (price) MSE=1.737716 MAE=0.931976 RMSE=1.318224 | val (price) MSE=9.097623 MAE=2.648806 RMSE=3.016227
2025-08-26T12:08:20Z - INFO - [train_model] New best (price) val MSE=9.097623 at epoch 69; saved → /home/tbfs/Projects/finBert/output/20250826-080710/saved_weights/BMY/BMY_best-epoch069.pt
2025-08-26T12:08:21Z - INFO - [train_model] Epoch 070 | train (scaled) MSE: mean=0.000674 med=0.000167 std=0.001863 min=0.000000 max=0.034517 | val (scaled) MSE: mean=0.003471 med=0.002653 std=0.003153 min=0.000003 max=0.011745
2025-08-26T12:08:21Z - INFO - [train_model] Epoch 070 | train (price) MSE=1.716184 MAE=0.925854 RMSE=1.310032 | val (price) MSE=8.841355 MAE=2.609973 RMSE=2.973442
2025-08-26T12:08:21Z - INFO - [train_model] New best (price) val MSE=8.841355 at epoch 70; saved → /home/tbfs/Projects/finBert/output/20250826-080710/saved_weights/BMY/BMY_best-epoch070.pt
2025-08-26T12:08:22Z - INFO - [train_model] Epoch 071 | train (scaled) MSE: mean=0.000667 med=0.000169 std=0.001842 min=0.000000 max=0.034080 | val (scaled) MSE: mean=0.003378 med=0.002458 std=0.003098 min=0.000005 max=0.011592
2025-08-26T12:08:22Z - INFO - [train_model] Epoch 071 | train (price) MSE=1.699149 MAE=0.920238 RMSE=1.303514 | val (price) MSE=8.604725 MAE=2.571598 RMSE=2.933381
2025-08-26T12:08:22Z - INFO - [train_model] New best (price) val MSE=8.604725 at epoch 71; saved → /home/tbfs/Projects/finBert/output/20250826-080710/saved_weights/BMY/BMY_best-epoch071.pt
2025-08-26T12:08:23Z - INFO - [train_model] Epoch 072 | train (scaled) MSE: mean=0.000661 med=0.000159 std=0.001820 min=0.000000 max=0.033692 | val (scaled) MSE: mean=0.003294 med=0.002425 std=0.003052 min=0.000004 max=0.011421
2025-08-26T12:08:23Z - INFO - [train_model] Epoch 072 | train (price) MSE=1.682691 MAE=0.917646 RMSE=1.297186 | val (price) MSE=8.392641 MAE=2.535362 RMSE=2.897006
2025-08-26T12:08:23Z - INFO - [train_model] New best (price) val MSE=8.392641 at epoch 72; saved → /home/tbfs/Projects/finBert/output/20250826-080710/saved_weights/BMY/BMY_best-epoch072.pt
2025-08-26T12:08:24Z - INFO - [train_model] Epoch 073 | train (scaled) MSE: mean=0.000660 med=0.000166 std=0.001800 min=0.000000 max=0.033096 | val (scaled) MSE: mean=0.003205 med=0.002297 std=0.003004 min=0.000001 max=0.011240
2025-08-26T12:08:24Z - INFO - [train_model] Epoch 073 | train (price) MSE=1.680353 MAE=0.918744 RMSE=1.296284 | val (price) MSE=8.165483 MAE=2.495496 RMSE=2.857531
2025-08-26T12:08:24Z - INFO - [train_model] New best (price) val MSE=8.165483 at epoch 73; saved → /home/tbfs/Projects/finBert/output/20250826-080710/saved_weights/BMY/BMY_best-epoch073.pt
2025-08-26T12:08:25Z - INFO - [train_model] Epoch 074 | train (scaled) MSE: mean=0.000654 med=0.000170 std=0.001780 min=0.000000 max=0.032657 | val (scaled) MSE: mean=0.003107 med=0.002113 std=0.002947 min=0.000000 max=0.011114
2025-08-26T12:08:25Z - INFO - [train_model] Epoch 074 | train (price) MSE=1.667007 MAE=0.917974 RMSE=1.291126 | val (price) MSE=7.914413 MAE=2.452147 RMSE=2.813257
2025-08-26T12:08:25Z - INFO - [train_model] New best (price) val MSE=7.914413 at epoch 74; saved → /home/tbfs/Projects/finBert/output/20250826-080710/saved_weights/BMY/BMY_best-epoch074.pt
2025-08-26T12:08:26Z - INFO - [train_model] Epoch 075 | train (scaled) MSE: mean=0.000647 med=0.000162 std=0.001757 min=0.000000 max=0.032239 | val (scaled) MSE: mean=0.003028 med=0.001987 std=0.002904 min=0.000000 max=0.011000
2025-08-26T12:08:26Z - INFO - [train_model] Epoch 075 | train (price) MSE=1.649309 MAE=0.912798 RMSE=1.284254 | val (price) MSE=7.714436 MAE=2.416706 RMSE=2.777487
2025-08-26T12:08:26Z - INFO - [train_model] New best (price) val MSE=7.714436 at epoch 75; saved → /home/tbfs/Projects/finBert/output/20250826-080710/saved_weights/BMY/BMY_best-epoch075.pt
2025-08-26T12:08:27Z - INFO - [train_model] Epoch 076 | train (scaled) MSE: mean=0.000644 med=0.000161 std=0.001748 min=0.000000 max=0.031893 | val (scaled) MSE: mean=0.002948 med=0.001822 std=0.002854 min=0.000001 max=0.010925
2025-08-26T12:08:27Z - INFO - [train_model] Epoch 076 | train (price) MSE=1.641612 MAE=0.908014 RMSE=1.281254 | val (price) MSE=7.510864 MAE=2.381860 RMSE=2.740596
2025-08-26T12:08:27Z - INFO - [train_model] New best (price) val MSE=7.510864 at epoch 76; saved → /home/tbfs/Projects/finBert/output/20250826-080710/saved_weights/BMY/BMY_best-epoch076.pt
2025-08-26T12:08:27Z - INFO - [train_model] Epoch 077 | train (scaled) MSE: mean=0.000637 med=0.000152 std=0.001727 min=0.000000 max=0.031503 | val (scaled) MSE: mean=0.002869 med=0.001756 std=0.002808 min=0.000002 max=0.010841
2025-08-26T12:08:27Z - INFO - [train_model] Epoch 077 | train (price) MSE=1.623783 MAE=0.900737 RMSE=1.274277 | val (price) MSE=7.307996 MAE=2.345583 RMSE=2.703331
2025-08-26T12:08:27Z - INFO - [train_model] New best (price) val MSE=7.307996 at epoch 77; saved → /home/tbfs/Projects/finBert/output/20250826-080710/saved_weights/BMY/BMY_best-epoch077.pt
2025-08-26T12:08:28Z - INFO - [train_model] Epoch 078 | train (scaled) MSE: mean=0.000633 med=0.000145 std=0.001709 min=0.000000 max=0.031176 | val (scaled) MSE: mean=0.002802 med=0.001711 std=0.002770 min=0.000003 max=0.010757
2025-08-26T12:08:28Z - INFO - [train_model] Epoch 078 | train (price) MSE=1.613819 MAE=0.899006 RMSE=1.270362 | val (price) MSE=7.138064 MAE=2.314507 RMSE=2.671716
2025-08-26T12:08:28Z - INFO - [train_model] New best (price) val MSE=7.138064 at epoch 78; saved → /home/tbfs/Projects/finBert/output/20250826-080710/saved_weights/BMY/BMY_best-epoch078.pt
2025-08-26T12:08:29Z - INFO - [train_model] Epoch 079 | train (scaled) MSE: mean=0.000632 med=0.000150 std=0.001688 min=0.000000 max=0.030777 | val (scaled) MSE: mean=0.002735 med=0.001648 std=0.002732 min=0.000005 max=0.010695
2025-08-26T12:08:29Z - INFO - [train_model] Epoch 079 | train (price) MSE=1.608991 MAE=0.901151 RMSE=1.268460 | val (price) MSE=6.968446 MAE=2.282754 RMSE=2.639781
2025-08-26T12:08:29Z - INFO - [train_model] New best (price) val MSE=6.968446 at epoch 79; saved → /home/tbfs/Projects/finBert/output/20250826-080710/saved_weights/BMY/BMY_best-epoch079.pt
2025-08-26T12:08:30Z - INFO - [train_model] Epoch 080 | train (scaled) MSE: mean=0.000627 med=0.000145 std=0.001680 min=0.000000 max=0.030463 | val (scaled) MSE: mean=0.002685 med=0.001686 std=0.002693 min=0.000004 max=0.010730
2025-08-26T12:08:30Z - INFO - [train_model] Epoch 080 | train (price) MSE=1.596982 MAE=0.894541 RMSE=1.263717 | val (price) MSE=6.838957 MAE=2.261786 RMSE=2.615140
2025-08-26T12:08:30Z - INFO - [train_model] New best (price) val MSE=6.838957 at epoch 80; saved → /home/tbfs/Projects/finBert/output/20250826-080710/saved_weights/BMY/BMY_best-epoch080.pt
2025-08-26T12:08:31Z - INFO - [train_model] Epoch 081 | train (scaled) MSE: mean=0.000623 med=0.000143 std=0.001659 min=0.000000 max=0.030196 | val (scaled) MSE: mean=0.002641 med=0.001576 std=0.002669 min=0.000006 max=0.010639
2025-08-26T12:08:31Z - INFO - [train_model] Epoch 081 | train (price) MSE=1.586593 MAE=0.893049 RMSE=1.259600 | val (price) MSE=6.728315 MAE=2.239895 RMSE=2.593900
2025-08-26T12:08:31Z - INFO - [train_model] New best (price) val MSE=6.728315 at epoch 81; saved → /home/tbfs/Projects/finBert/output/20250826-080710/saved_weights/BMY/BMY_best-epoch081.pt
2025-08-26T12:08:32Z - INFO - [train_model] Epoch 082 | train (scaled) MSE: mean=0.000620 med=0.000140 std=0.001640 min=0.000000 max=0.029809 | val (scaled) MSE: mean=0.002573 med=0.001447 std=0.002632 min=0.000010 max=0.010500
2025-08-26T12:08:32Z - INFO - [train_model] Epoch 082 | train (price) MSE=1.579476 MAE=0.890504 RMSE=1.256772 | val (price) MSE=6.554340 MAE=2.205110 RMSE=2.560145
2025-08-26T12:08:32Z - INFO - [train_model] New best (price) val MSE=6.554340 at epoch 82; saved → /home/tbfs/Projects/finBert/output/20250826-080710/saved_weights/BMY/BMY_best-epoch082.pt
2025-08-26T12:08:33Z - INFO - [train_model] Epoch 083 | train (scaled) MSE: mean=0.000615 med=0.000136 std=0.001625 min=0.000000 max=0.029529 | val (scaled) MSE: mean=0.002523 med=0.001408 std=0.002600 min=0.000011 max=0.010445
2025-08-26T12:08:33Z - INFO - [train_model] Epoch 083 | train (price) MSE=1.567013 MAE=0.885608 RMSE=1.251804 | val (price) MSE=6.426264 MAE=2.180987 RMSE=2.535008
2025-08-26T12:08:33Z - INFO - [train_model] New best (price) val MSE=6.426264 at epoch 83; saved → /home/tbfs/Projects/finBert/output/20250826-080710/saved_weights/BMY/BMY_best-epoch083.pt
2025-08-26T12:08:34Z - INFO - [train_model] Epoch 084 | train (scaled) MSE: mean=0.000617 med=0.000144 std=0.001616 min=0.000000 max=0.029294 | val (scaled) MSE: mean=0.002422 med=0.001334 std=0.002542 min=0.000016 max=0.010340
2025-08-26T12:08:34Z - INFO - [train_model] Epoch 084 | train (price) MSE=1.571624 MAE=0.893167 RMSE=1.253644 | val (price) MSE=6.170773 MAE=2.130908 RMSE=2.484104
2025-08-26T12:08:34Z - INFO - [train_model] New best (price) val MSE=6.170773 at epoch 84; saved → /home/tbfs/Projects/finBert/output/20250826-080710/saved_weights/BMY/BMY_best-epoch084.pt
2025-08-26T12:08:35Z - INFO - [train_model] Epoch 085 | train (scaled) MSE: mean=0.000597 med=0.000127 std=0.001594 min=0.000000 max=0.029197 | val (scaled) MSE: mean=0.002404 med=0.001350 std=0.002532 min=0.000016 max=0.010286
2025-08-26T12:08:35Z - INFO - [train_model] Epoch 085 | train (price) MSE=1.521179 MAE=0.865416 RMSE=1.233361 | val (price) MSE=6.123392 MAE=2.119848 RMSE=2.474549
2025-08-26T12:08:35Z - INFO - [train_model] New best (price) val MSE=6.123392 at epoch 85; saved → /home/tbfs/Projects/finBert/output/20250826-080710/saved_weights/BMY/BMY_best-epoch085.pt
2025-08-26T12:08:36Z - INFO - [train_model] Epoch 086 | train (scaled) MSE: mean=0.000591 med=0.000124 std=0.001583 min=0.000000 max=0.028923 | val (scaled) MSE: mean=0.002371 med=0.001292 std=0.002506 min=0.000019 max=0.010249
2025-08-26T12:08:36Z - INFO - [train_model] Epoch 086 | train (price) MSE=1.504779 MAE=0.855906 RMSE=1.226695 | val (price) MSE=6.039504 MAE=2.104627 RMSE=2.457540
2025-08-26T12:08:36Z - INFO - [train_model] New best (price) val MSE=6.039504 at epoch 86; saved → /home/tbfs/Projects/finBert/output/20250826-080710/saved_weights/BMY/BMY_best-epoch086.pt
2025-08-26T12:08:37Z - INFO - [train_model] Epoch 087 | train (scaled) MSE: mean=0.000589 med=0.000125 std=0.001566 min=0.000000 max=0.028589 | val (scaled) MSE: mean=0.002340 med=0.001246 std=0.002485 min=0.000021 max=0.010154
2025-08-26T12:08:37Z - INFO - [train_model] Epoch 087 | train (price) MSE=1.499238 MAE=0.857006 RMSE=1.224434 | val (price) MSE=5.961512 MAE=2.088587 RMSE=2.441621
2025-08-26T12:08:37Z - INFO - [train_model] New best (price) val MSE=5.961512 at epoch 87; saved → /home/tbfs/Projects/finBert/output/20250826-080710/saved_weights/BMY/BMY_best-epoch087.pt
2025-08-26T12:08:38Z - INFO - [train_model] Epoch 088 | train (scaled) MSE: mean=0.000588 med=0.000131 std=0.001546 min=0.000000 max=0.028148 | val (scaled) MSE: mean=0.002301 med=0.001261 std=0.002464 min=0.000023 max=0.010022
2025-08-26T12:08:38Z - INFO - [train_model] Epoch 088 | train (price) MSE=1.497451 MAE=0.861513 RMSE=1.223704 | val (price) MSE=5.862250 MAE=2.065710 RMSE=2.421208
2025-08-26T12:08:38Z - INFO - [train_model] New best (price) val MSE=5.862250 at epoch 88; saved → /home/tbfs/Projects/finBert/output/20250826-080710/saved_weights/BMY/BMY_best-epoch088.pt
2025-08-26T12:08:39Z - INFO - [train_model] Epoch 089 | train (scaled) MSE: mean=0.000582 med=0.000126 std=0.001526 min=0.000000 max=0.027736 | val (scaled) MSE: mean=0.002263 med=0.001272 std=0.002442 min=0.000025 max=0.009926
2025-08-26T12:08:39Z - INFO - [train_model] Epoch 089 | train (price) MSE=1.483074 MAE=0.857834 RMSE=1.217815 | val (price) MSE=5.764066 MAE=2.043319 RMSE=2.400847
2025-08-26T12:08:39Z - INFO - [train_model] New best (price) val MSE=5.764066 at epoch 89; saved → /home/tbfs/Projects/finBert/output/20250826-080710/saved_weights/BMY/BMY_best-epoch089.pt
2025-08-26T12:08:40Z - INFO - [train_model] Epoch 090 | train (scaled) MSE: mean=0.000575 med=0.000132 std=0.001508 min=0.000000 max=0.027651 | val (scaled) MSE: mean=0.002275 med=0.001239 std=0.002464 min=0.000032 max=0.009962
2025-08-26T12:08:40Z - INFO - [train_model] Epoch 090 | train (price) MSE=1.464475 MAE=0.849467 RMSE=1.210155 | val (price) MSE=5.795743 MAE=2.042141 RMSE=2.407435
2025-08-26T12:08:41Z - INFO - [train_model] Epoch 091 | train (scaled) MSE: mean=0.000580 med=0.000118 std=0.001509 min=0.000000 max=0.026714 | val (scaled) MSE: mean=0.002162 med=0.001250 std=0.002394 min=0.000033 max=0.009901
2025-08-26T12:08:41Z - INFO - [train_model] Epoch 091 | train (price) MSE=1.476316 MAE=0.848940 RMSE=1.215037 | val (price) MSE=5.507623 MAE=1.982045 RMSE=2.346833
2025-08-26T12:08:41Z - INFO - [train_model] New best (price) val MSE=5.507623 at epoch 91; saved → /home/tbfs/Projects/finBert/output/20250826-080710/saved_weights/BMY/BMY_best-epoch091.pt
2025-08-26T12:08:41Z - INFO - [train_model] Epoch 092 | train (scaled) MSE: mean=0.000574 med=0.000119 std=0.001500 min=0.000000 max=0.026784 | val (scaled) MSE: mean=0.002144 med=0.001261 std=0.002374 min=0.000028 max=0.009795
2025-08-26T12:08:41Z - INFO - [train_model] Epoch 092 | train (price) MSE=1.462889 MAE=0.843156 RMSE=1.209499 | val (price) MSE=5.461262 MAE=1.976405 RMSE=2.336934
2025-08-26T12:08:41Z - INFO - [train_model] New best (price) val MSE=5.461262 at epoch 92; saved → /home/tbfs/Projects/finBert/output/20250826-080710/saved_weights/BMY/BMY_best-epoch092.pt
2025-08-26T12:08:42Z - INFO - [train_model] Epoch 093 | train (scaled) MSE: mean=0.000571 med=0.000124 std=0.001484 min=0.000000 max=0.026513 | val (scaled) MSE: mean=0.002093 med=0.001265 std=0.002343 min=0.000028 max=0.009759
2025-08-26T12:08:42Z - INFO - [train_model] Epoch 093 | train (price) MSE=1.455615 MAE=0.841515 RMSE=1.206489 | val (price) MSE=5.331737 MAE=1.946720 RMSE=2.309055
2025-08-26T12:08:42Z - INFO - [train_model] New best (price) val MSE=5.331737 at epoch 93; saved → /home/tbfs/Projects/finBert/output/20250826-080710/saved_weights/BMY/BMY_best-epoch093.pt
2025-08-26T12:08:43Z - INFO - [train_model] Epoch 094 | train (scaled) MSE: mean=0.000564 med=0.000117 std=0.001463 min=0.000000 max=0.026110 | val (scaled) MSE: mean=0.002047 med=0.001203 std=0.002318 min=0.000015 max=0.009721
2025-08-26T12:08:43Z - INFO - [train_model] Epoch 094 | train (price) MSE=1.437620 MAE=0.832893 RMSE=1.199008 | val (price) MSE=5.214346 MAE=1.919359 RMSE=2.283494
2025-08-26T12:08:43Z - INFO - [train_model] New best (price) val MSE=5.214346 at epoch 94; saved → /home/tbfs/Projects/finBert/output/20250826-080710/saved_weights/BMY/BMY_best-epoch094.pt
2025-08-26T12:08:44Z - INFO - [train_model] Epoch 095 | train (scaled) MSE: mean=0.000557 med=0.000115 std=0.001443 min=0.000000 max=0.025771 | val (scaled) MSE: mean=0.002006 med=0.001109 std=0.002292 min=0.000008 max=0.009644
2025-08-26T12:08:44Z - INFO - [train_model] Epoch 095 | train (price) MSE=1.419483 MAE=0.826877 RMSE=1.191421 | val (price) MSE=5.110837 MAE=1.895811 RMSE=2.260716
2025-08-26T12:08:44Z - INFO - [train_model] New best (price) val MSE=5.110837 at epoch 95; saved → /home/tbfs/Projects/finBert/output/20250826-080710/saved_weights/BMY/BMY_best-epoch095.pt
2025-08-26T12:08:45Z - INFO - [train_model] Epoch 096 | train (scaled) MSE: mean=0.000551 med=0.000114 std=0.001426 min=0.000000 max=0.025581 | val (scaled) MSE: mean=0.001999 med=0.001038 std=0.002291 min=0.000004 max=0.009679
2025-08-26T12:08:45Z - INFO - [train_model] Epoch 096 | train (price) MSE=1.404339 MAE=0.821145 RMSE=1.185048 | val (price) MSE=5.092028 MAE=1.887798 RMSE=2.256552
2025-08-26T12:08:45Z - INFO - [train_model] New best (price) val MSE=5.092028 at epoch 96; saved → /home/tbfs/Projects/finBert/output/20250826-080710/saved_weights/BMY/BMY_best-epoch096.pt
2025-08-26T12:08:46Z - INFO - [train_model] Epoch 097 | train (scaled) MSE: mean=0.000551 med=0.000118 std=0.001422 min=0.000000 max=0.025380 | val (scaled) MSE: mean=0.001980 med=0.000986 std=0.002277 min=0.000002 max=0.009602
2025-08-26T12:08:46Z - INFO - [train_model] Epoch 097 | train (price) MSE=1.404034 MAE=0.822067 RMSE=1.184919 | val (price) MSE=5.043336 MAE=1.879515 RMSE=2.245737
2025-08-26T12:08:46Z - INFO - [train_model] New best (price) val MSE=5.043336 at epoch 97; saved → /home/tbfs/Projects/finBert/output/20250826-080710/saved_weights/BMY/BMY_best-epoch097.pt
2025-08-26T12:08:47Z - INFO - [train_model] Epoch 098 | train (scaled) MSE: mean=0.000546 med=0.000115 std=0.001406 min=0.000000 max=0.025163 | val (scaled) MSE: mean=0.001966 med=0.000927 std=0.002269 min=0.000001 max=0.009607
2025-08-26T12:08:47Z - INFO - [train_model] Epoch 098 | train (price) MSE=1.391982 MAE=0.819317 RMSE=1.179823 | val (price) MSE=5.008172 MAE=1.870977 RMSE=2.237895
2025-08-26T12:08:47Z - INFO - [train_model] New best (price) val MSE=5.008172 at epoch 98; saved → /home/tbfs/Projects/finBert/output/20250826-080710/saved_weights/BMY/BMY_best-epoch098.pt
2025-08-26T12:08:48Z - INFO - [train_model] Epoch 099 | train (scaled) MSE: mean=0.000544 med=0.000114 std=0.001402 min=0.000000 max=0.025044 | val (scaled) MSE: mean=0.001946 med=0.000940 std=0.002254 min=0.000000 max=0.009621
2025-08-26T12:08:48Z - INFO - [train_model] Epoch 099 | train (price) MSE=1.386037 MAE=0.815948 RMSE=1.177301 | val (price) MSE=4.958192 MAE=1.861357 RMSE=2.226700
2025-08-26T12:08:48Z - INFO - [train_model] New best (price) val MSE=4.958192 at epoch 99; saved → /home/tbfs/Projects/finBert/output/20250826-080710/saved_weights/BMY/BMY_best-epoch099.pt
2025-08-26T12:08:49Z - INFO - [train_model] Epoch 100 | train (scaled) MSE: mean=0.000540 med=0.000117 std=0.001390 min=0.000000 max=0.024789 | val (scaled) MSE: mean=0.001926 med=0.000955 std=0.002242 min=0.000000 max=0.009583
2025-08-26T12:08:49Z - INFO - [train_model] Epoch 100 | train (price) MSE=1.376900 MAE=0.813553 RMSE=1.173414 | val (price) MSE=4.906854 MAE=1.849146 RMSE=2.215142
2025-08-26T12:08:49Z - INFO - [train_model] New best (price) val MSE=4.906854 at epoch 100; saved → /home/tbfs/Projects/finBert/output/20250826-080710/saved_weights/BMY/BMY_best-epoch100.pt
2025-08-26T12:08:50Z - INFO - [train_model] Epoch 101 | train (scaled) MSE: mean=0.000537 med=0.000111 std=0.001380 min=0.000000 max=0.024576 | val (scaled) MSE: mean=0.001910 med=0.000969 std=0.002231 min=0.000001 max=0.009576
2025-08-26T12:08:50Z - INFO - [train_model] Epoch 101 | train (price) MSE=1.367195 MAE=0.808014 RMSE=1.169271 | val (price) MSE=4.864848 MAE=1.840262 RMSE=2.205640
2025-08-26T12:08:50Z - INFO - [train_model] New best (price) val MSE=4.864848 at epoch 101; saved → /home/tbfs/Projects/finBert/output/20250826-080710/saved_weights/BMY/BMY_best-epoch101.pt
2025-08-26T12:08:51Z - INFO - [train_model] Epoch 102 | train (scaled) MSE: mean=0.000536 med=0.000111 std=0.001371 min=0.000000 max=0.024325 | val (scaled) MSE: mean=0.001888 med=0.000907 std=0.002217 min=0.000002 max=0.009566
2025-08-26T12:08:51Z - INFO - [train_model] Epoch 102 | train (price) MSE=1.365922 MAE=0.809934 RMSE=1.168727 | val (price) MSE=4.809083 MAE=1.828112 RMSE=2.192962
2025-08-26T12:08:51Z - INFO - [train_model] New best (price) val MSE=4.809083 at epoch 102; saved → /home/tbfs/Projects/finBert/output/20250826-080710/saved_weights/BMY/BMY_best-epoch102.pt
2025-08-26T12:08:52Z - INFO - [train_model] Epoch 103 | train (scaled) MSE: mean=0.000534 med=0.000109 std=0.001361 min=0.000000 max=0.024082 | val (scaled) MSE: mean=0.001864 med=0.000858 std=0.002204 min=0.000005 max=0.009579
2025-08-26T12:08:52Z - INFO - [train_model] Epoch 103 | train (price) MSE=1.359100 MAE=0.807066 RMSE=1.165805 | val (price) MSE=4.748792 MAE=1.813592 RMSE=2.179172
2025-08-26T12:08:52Z - INFO - [train_model] New best (price) val MSE=4.748792 at epoch 103; saved → /home/tbfs/Projects/finBert/output/20250826-080710/saved_weights/BMY/BMY_best-epoch103.pt
2025-08-26T12:08:53Z - INFO - [train_model] Epoch 104 | train (scaled) MSE: mean=0.000528 med=0.000107 std=0.001347 min=0.000000 max=0.023842 | val (scaled) MSE: mean=0.001847 med=0.000827 std=0.002194 min=0.000004 max=0.009612
2025-08-26T12:08:53Z - INFO - [train_model] Epoch 104 | train (price) MSE=1.346044 MAE=0.802242 RMSE=1.160191 | val (price) MSE=4.704907 MAE=1.803049 RMSE=2.169080
2025-08-26T12:08:53Z - INFO - [train_model] New best (price) val MSE=4.704907 at epoch 104; saved → /home/tbfs/Projects/finBert/output/20250826-080710/saved_weights/BMY/BMY_best-epoch104.pt
2025-08-26T12:08:54Z - INFO - [train_model] Epoch 105 | train (scaled) MSE: mean=0.000528 med=0.000100 std=0.001339 min=0.000000 max=0.023551 | val (scaled) MSE: mean=0.001828 med=0.000816 std=0.002182 min=0.000002 max=0.009641
2025-08-26T12:08:54Z - INFO - [train_model] Epoch 105 | train (price) MSE=1.345786 MAE=0.800786 RMSE=1.160080 | val (price) MSE=4.655673 MAE=1.790722 RMSE=2.157701
2025-08-26T12:08:54Z - INFO - [train_model] New best (price) val MSE=4.655673 at epoch 105; saved → /home/tbfs/Projects/finBert/output/20250826-080710/saved_weights/BMY/BMY_best-epoch105.pt
2025-08-26T12:08:54Z - INFO - [train_model] Epoch 106 | train (scaled) MSE: mean=0.000525 med=0.000102 std=0.001332 min=0.000000 max=0.023328 | val (scaled) MSE: mean=0.001802 med=0.000805 std=0.002169 min=0.000001 max=0.009663
2025-08-26T12:08:54Z - INFO - [train_model] Epoch 106 | train (price) MSE=1.337986 MAE=0.797249 RMSE=1.156713 | val (price) MSE=4.591182 MAE=1.774652 RMSE=2.142704
2025-08-26T12:08:54Z - INFO - [train_model] New best (price) val MSE=4.591182 at epoch 106; saved → /home/tbfs/Projects/finBert/output/20250826-080710/saved_weights/BMY/BMY_best-epoch106.pt
2025-08-26T12:08:55Z - INFO - [train_model] Epoch 107 | train (scaled) MSE: mean=0.000522 med=0.000101 std=0.001316 min=0.000000 max=0.023022 | val (scaled) MSE: mean=0.001785 med=0.000795 std=0.002160 min=0.000000 max=0.009688
2025-08-26T12:08:55Z - INFO - [train_model] Epoch 107 | train (price) MSE=1.328962 MAE=0.798336 RMSE=1.152806 | val (price) MSE=4.546972 MAE=1.763226 RMSE=2.132363
2025-08-26T12:08:55Z - INFO - [train_model] New best (price) val MSE=4.546972 at epoch 107; saved → /home/tbfs/Projects/finBert/output/20250826-080710/saved_weights/BMY/BMY_best-epoch107.pt
2025-08-26T12:08:56Z - INFO - [train_model] Epoch 108 | train (scaled) MSE: mean=0.000517 med=0.000101 std=0.001307 min=0.000000 max=0.022854 | val (scaled) MSE: mean=0.001761 med=0.000773 std=0.002148 min=0.000000 max=0.009743
2025-08-26T12:08:56Z - INFO - [train_model] Epoch 108 | train (price) MSE=1.317896 MAE=0.793869 RMSE=1.147997 | val (price) MSE=4.485340 MAE=1.749077 RMSE=2.117862
2025-08-26T12:08:56Z - INFO - [train_model] New best (price) val MSE=4.485340 at epoch 108; saved → /home/tbfs/Projects/finBert/output/20250826-080710/saved_weights/BMY/BMY_best-epoch108.pt
2025-08-26T12:08:57Z - INFO - [train_model] Epoch 109 | train (scaled) MSE: mean=0.000517 med=0.000112 std=0.001296 min=0.000000 max=0.022713 | val (scaled) MSE: mean=0.001771 med=0.000773 std=0.002151 min=0.000000 max=0.009747
2025-08-26T12:08:57Z - INFO - [train_model] Epoch 109 | train (price) MSE=1.316325 MAE=0.800277 RMSE=1.147312 | val (price) MSE=4.512725 MAE=1.757536 RMSE=2.124318
2025-08-26T12:08:58Z - INFO - [train_model] Epoch 110 | train (scaled) MSE: mean=0.000517 med=0.000110 std=0.001292 min=0.000000 max=0.022470 | val (scaled) MSE: mean=0.001758 med=0.000766 std=0.002141 min=0.000000 max=0.009766
2025-08-26T12:08:58Z - INFO - [train_model] Epoch 110 | train (price) MSE=1.316965 MAE=0.800728 RMSE=1.147591 | val (price) MSE=4.479426 MAE=1.750871 RMSE=2.116465
2025-08-26T12:08:58Z - INFO - [train_model] New best (price) val MSE=4.479426 at epoch 110; saved → /home/tbfs/Projects/finBert/output/20250826-080710/saved_weights/BMY/BMY_best-epoch110.pt
2025-08-26T12:08:59Z - INFO - [train_model] Epoch 111 | train (scaled) MSE: mean=0.000513 med=0.000108 std=0.001282 min=0.000000 max=0.022255 | val (scaled) MSE: mean=0.001745 med=0.000758 std=0.002131 min=0.000000 max=0.009808
2025-08-26T12:08:59Z - INFO - [train_model] Epoch 111 | train (price) MSE=1.308014 MAE=0.797562 RMSE=1.143684 | val (price) MSE=4.446447 MAE=1.742907 RMSE=2.108660
2025-08-26T12:08:59Z - INFO - [train_model] New best (price) val MSE=4.446447 at epoch 111; saved → /home/tbfs/Projects/finBert/output/20250826-080710/saved_weights/BMY/BMY_best-epoch111.pt
2025-08-26T12:09:00Z - INFO - [train_model] Epoch 112 | train (scaled) MSE: mean=0.000508 med=0.000101 std=0.001274 min=0.000000 max=0.021981 | val (scaled) MSE: mean=0.001728 med=0.000749 std=0.002120 min=0.000000 max=0.009847
2025-08-26T12:09:00Z - INFO - [train_model] Epoch 112 | train (price) MSE=1.294669 MAE=0.786744 RMSE=1.137835 | val (price) MSE=4.402337 MAE=1.731671 RMSE=2.098175
2025-08-26T12:09:00Z - INFO - [train_model] New best (price) val MSE=4.402337 at epoch 112; saved → /home/tbfs/Projects/finBert/output/20250826-080710/saved_weights/BMY/BMY_best-epoch112.pt
2025-08-26T12:09:01Z - INFO - [train_model] Epoch 113 | train (scaled) MSE: mean=0.000508 med=0.000101 std=0.001276 min=0.000000 max=0.021922 | val (scaled) MSE: mean=0.001707 med=0.000711 std=0.002107 min=0.000000 max=0.009872
2025-08-26T12:09:01Z - INFO - [train_model] Epoch 113 | train (price) MSE=1.292928 MAE=0.785517 RMSE=1.137070 | val (price) MSE=4.349675 MAE=1.719596 RMSE=2.085587
2025-08-26T12:09:01Z - INFO - [train_model] New best (price) val MSE=4.349675 at epoch 113; saved → /home/tbfs/Projects/finBert/output/20250826-080710/saved_weights/BMY/BMY_best-epoch113.pt
2025-08-26T12:09:02Z - INFO - [train_model] Epoch 114 | train (scaled) MSE: mean=0.000505 med=0.000103 std=0.001269 min=0.000000 max=0.021685 | val (scaled) MSE: mean=0.001681 med=0.000733 std=0.002091 min=0.000000 max=0.009936
2025-08-26T12:09:02Z - INFO - [train_model] Epoch 114 | train (price) MSE=1.287107 MAE=0.782057 RMSE=1.134507 | val (price) MSE=4.282950 MAE=1.702244 RMSE=2.069529
2025-08-26T12:09:02Z - INFO - [train_model] New best (price) val MSE=4.282950 at epoch 114; saved → /home/tbfs/Projects/finBert/output/20250826-080710/saved_weights/BMY/BMY_best-epoch114.pt
2025-08-26T12:09:03Z - INFO - [train_model] Epoch 115 | train (scaled) MSE: mean=0.000505 med=0.000107 std=0.001262 min=0.000000 max=0.021445 | val (scaled) MSE: mean=0.001652 med=0.000721 std=0.002074 min=0.000000 max=0.010008
2025-08-26T12:09:03Z - INFO - [train_model] Epoch 115 | train (price) MSE=1.285376 MAE=0.782807 RMSE=1.133744 | val (price) MSE=4.208849 MAE=1.682739 RMSE=2.051548
2025-08-26T12:09:03Z - INFO - [train_model] New best (price) val MSE=4.208849 at epoch 115; saved → /home/tbfs/Projects/finBert/output/20250826-080710/saved_weights/BMY/BMY_best-epoch115.pt
2025-08-26T12:09:04Z - INFO - [train_model] Epoch 116 | train (scaled) MSE: mean=0.000505 med=0.000106 std=0.001244 min=0.000000 max=0.020954 | val (scaled) MSE: mean=0.001630 med=0.000700 std=0.002065 min=0.000000 max=0.010110
2025-08-26T12:09:04Z - INFO - [train_model] Epoch 116 | train (price) MSE=1.285221 MAE=0.786092 RMSE=1.133676 | val (price) MSE=4.153062 MAE=1.664276 RMSE=2.037906
2025-08-26T12:09:04Z - INFO - [train_model] New best (price) val MSE=4.153062 at epoch 116; saved → /home/tbfs/Projects/finBert/output/20250826-080710/saved_weights/BMY/BMY_best-epoch116.pt
2025-08-26T12:09:05Z - INFO - [train_model] Epoch 117 | train (scaled) MSE: mean=0.000504 med=0.000104 std=0.001239 min=0.000000 max=0.020707 | val (scaled) MSE: mean=0.001600 med=0.000689 std=0.002051 min=0.000002 max=0.010162
2025-08-26T12:09:05Z - INFO - [train_model] Epoch 117 | train (price) MSE=1.284307 MAE=0.788020 RMSE=1.133273 | val (price) MSE=4.076207 MAE=1.642415 RMSE=2.018962
2025-08-26T12:09:05Z - INFO - [train_model] New best (price) val MSE=4.076207 at epoch 117; saved → /home/tbfs/Projects/finBert/output/20250826-080710/saved_weights/BMY/BMY_best-epoch117.pt
2025-08-26T12:09:06Z - INFO - [train_model] Epoch 118 | train (scaled) MSE: mean=0.000498 med=0.000107 std=0.001220 min=0.000000 max=0.020482 | val (scaled) MSE: mean=0.001587 med=0.000682 std=0.002051 min=0.000002 max=0.010207
2025-08-26T12:09:06Z - INFO - [train_model] Epoch 118 | train (price) MSE=1.268990 MAE=0.785558 RMSE=1.126495 | val (price) MSE=4.042845 MAE=1.631313 RMSE=2.010683
2025-08-26T12:09:06Z - INFO - [train_model] New best (price) val MSE=4.042845 at epoch 118; saved → /home/tbfs/Projects/finBert/output/20250826-080710/saved_weights/BMY/BMY_best-epoch118.pt
2025-08-26T12:09:07Z - INFO - [train_model] Epoch 119 | train (scaled) MSE: mean=0.000497 med=0.000107 std=0.001217 min=0.000000 max=0.020338 | val (scaled) MSE: mean=0.001572 med=0.000707 std=0.002047 min=0.000003 max=0.010232
2025-08-26T12:09:07Z - INFO - [train_model] Epoch 119 | train (price) MSE=1.265116 MAE=0.789331 RMSE=1.124774 | val (price) MSE=4.005378 MAE=1.622858 RMSE=2.001344
2025-08-26T12:09:07Z - INFO - [train_model] New best (price) val MSE=4.005378 at epoch 119; saved → /home/tbfs/Projects/finBert/output/20250826-080710/saved_weights/BMY/BMY_best-epoch119.pt
2025-08-26T12:09:07Z - INFO - [train_model] Epoch 120 | train (scaled) MSE: mean=0.000488 med=0.000098 std=0.001214 min=0.000000 max=0.020214 | val (scaled) MSE: mean=0.001546 med=0.000729 std=0.002039 min=0.000003 max=0.010285
2025-08-26T12:09:07Z - INFO - [train_model] Epoch 120 | train (price) MSE=1.244436 MAE=0.765920 RMSE=1.115543 | val (price) MSE=3.939381 MAE=1.606927 RMSE=1.984787
2025-08-26T12:09:07Z - INFO - [train_model] New best (price) val MSE=3.939381 at epoch 120; saved → /home/tbfs/Projects/finBert/output/20250826-080710/saved_weights/BMY/BMY_best-epoch120.pt
2025-08-26T12:09:08Z - INFO - [train_model] Epoch 121 | train (scaled) MSE: mean=0.000491 med=0.000111 std=0.001206 min=0.000000 max=0.020044 | val (scaled) MSE: mean=0.001535 med=0.000734 std=0.002033 min=0.000002 max=0.010343
2025-08-26T12:09:08Z - INFO - [train_model] Epoch 121 | train (price) MSE=1.250636 MAE=0.784998 RMSE=1.118318 | val (price) MSE=3.910507 MAE=1.599623 RMSE=1.977500
2025-08-26T12:09:08Z - INFO - [train_model] New best (price) val MSE=3.910507 at epoch 121; saved → /home/tbfs/Projects/finBert/output/20250826-080710/saved_weights/BMY/BMY_best-epoch121.pt
2025-08-26T12:09:09Z - INFO - [train_model] Epoch 122 | train (scaled) MSE: mean=0.000490 med=0.000107 std=0.001204 min=0.000000 max=0.020010 | val (scaled) MSE: mean=0.001521 med=0.000739 std=0.002027 min=0.000001 max=0.010399
2025-08-26T12:09:09Z - INFO - [train_model] Epoch 122 | train (price) MSE=1.247362 MAE=0.780908 RMSE=1.116853 | val (price) MSE=3.875606 MAE=1.590722 RMSE=1.968656
2025-08-26T12:09:09Z - INFO - [train_model] New best (price) val MSE=3.875606 at epoch 122; saved → /home/tbfs/Projects/finBert/output/20250826-080710/saved_weights/BMY/BMY_best-epoch122.pt
2025-08-26T12:09:10Z - INFO - [train_model] Epoch 123 | train (scaled) MSE: mean=0.000480 med=0.000100 std=0.001202 min=0.000000 max=0.019996 | val (scaled) MSE: mean=0.001514 med=0.000745 std=0.002022 min=0.000001 max=0.010490
2025-08-26T12:09:10Z - INFO - [train_model] Epoch 123 | train (price) MSE=1.223511 MAE=0.759376 RMSE=1.106125 | val (price) MSE=3.858072 MAE=1.588289 RMSE=1.964198
2025-08-26T12:09:10Z - INFO - [train_model] New best (price) val MSE=3.858072 at epoch 123; saved → /home/tbfs/Projects/finBert/output/20250826-080710/saved_weights/BMY/BMY_best-epoch123.pt
2025-08-26T12:09:11Z - INFO - [train_model] Epoch 124 | train (scaled) MSE: mean=0.000485 med=0.000103 std=0.001196 min=0.000000 max=0.019681 | val (scaled) MSE: mean=0.001498 med=0.000714 std=0.002008 min=0.000000 max=0.010583
2025-08-26T12:09:11Z - INFO - [train_model] Epoch 124 | train (price) MSE=1.235546 MAE=0.772323 RMSE=1.111551 | val (price) MSE=3.817310 MAE=1.576216 RMSE=1.953794
2025-08-26T12:09:11Z - INFO - [train_model] New best (price) val MSE=3.817310 at epoch 124; saved → /home/tbfs/Projects/finBert/output/20250826-080710/saved_weights/BMY/BMY_best-epoch124.pt
2025-08-26T12:09:12Z - INFO - [train_model] Epoch 125 | train (scaled) MSE: mean=0.000483 med=0.000099 std=0.001180 min=0.000000 max=0.019350 | val (scaled) MSE: mean=0.001483 med=0.000685 std=0.002000 min=0.000000 max=0.010664
2025-08-26T12:09:12Z - INFO - [train_model] Epoch 125 | train (price) MSE=1.230230 MAE=0.776980 RMSE=1.109158 | val (price) MSE=3.777469 MAE=1.563183 RMSE=1.943571
2025-08-26T12:09:12Z - INFO - [train_model] New best (price) val MSE=3.777469 at epoch 125; saved → /home/tbfs/Projects/finBert/output/20250826-080710/saved_weights/BMY/BMY_best-epoch125.pt
2025-08-26T12:09:13Z - INFO - [train_model] Epoch 126 | train (scaled) MSE: mean=0.000477 med=0.000100 std=0.001174 min=0.000000 max=0.019102 | val (scaled) MSE: mean=0.001462 med=0.000676 std=0.001993 min=0.000000 max=0.010732
2025-08-26T12:09:13Z - INFO - [train_model] Epoch 126 | train (price) MSE=1.216173 MAE=0.762327 RMSE=1.102802 | val (price) MSE=3.723278 MAE=1.547889 RMSE=1.929580
2025-08-26T12:09:13Z - INFO - [train_model] New best (price) val MSE=3.723278 at epoch 126; saved → /home/tbfs/Projects/finBert/output/20250826-080710/saved_weights/BMY/BMY_best-epoch126.pt
2025-08-26T12:09:14Z - INFO - [train_model] Epoch 127 | train (scaled) MSE: mean=0.000477 med=0.000090 std=0.001175 min=0.000000 max=0.018975 | val (scaled) MSE: mean=0.001440 med=0.000653 std=0.001981 min=0.000000 max=0.010833
2025-08-26T12:09:14Z - INFO - [train_model] Epoch 127 | train (price) MSE=1.213951 MAE=0.759087 RMSE=1.101794 | val (price) MSE=3.667258 MAE=1.533770 RMSE=1.915009
2025-08-26T12:09:14Z - INFO - [train_model] New best (price) val MSE=3.667258 at epoch 127; saved → /home/tbfs/Projects/finBert/output/20250826-080710/saved_weights/BMY/BMY_best-epoch127.pt
2025-08-26T12:09:15Z - INFO - [train_model] Epoch 128 | train (scaled) MSE: mean=0.000479 med=0.000094 std=0.001165 min=0.000000 max=0.018694 | val (scaled) MSE: mean=0.001417 med=0.000615 std=0.001968 min=0.000001 max=0.010949
2025-08-26T12:09:15Z - INFO - [train_model] Epoch 128 | train (price) MSE=1.219759 MAE=0.768218 RMSE=1.104427 | val (price) MSE=3.608586 MAE=1.517476 RMSE=1.899628
2025-08-26T12:09:15Z - INFO - [train_model] New best (price) val MSE=3.608586 at epoch 128; saved → /home/tbfs/Projects/finBert/output/20250826-080710/saved_weights/BMY/BMY_best-epoch128.pt
2025-08-26T12:09:16Z - INFO - [train_model] Epoch 129 | train (scaled) MSE: mean=0.000476 med=0.000089 std=0.001158 min=0.000000 max=0.018406 | val (scaled) MSE: mean=0.001398 med=0.000590 std=0.001961 min=0.000000 max=0.011046
2025-08-26T12:09:16Z - INFO - [train_model] Epoch 129 | train (price) MSE=1.213444 MAE=0.763427 RMSE=1.101564 | val (price) MSE=3.560370 MAE=1.504664 RMSE=1.886894
2025-08-26T12:09:16Z - INFO - [train_model] New best (price) val MSE=3.560370 at epoch 129; saved → /home/tbfs/Projects/finBert/output/20250826-080710/saved_weights/BMY/BMY_best-epoch129.pt
2025-08-26T12:09:17Z - INFO - [train_model] Epoch 130 | train (scaled) MSE: mean=0.000468 med=0.000087 std=0.001141 min=0.000000 max=0.018157 | val (scaled) MSE: mean=0.001400 med=0.000591 std=0.001973 min=0.000000 max=0.011129
2025-08-26T12:09:17Z - INFO - [train_model] Epoch 130 | train (price) MSE=1.193491 MAE=0.750595 RMSE=1.092470 | val (price) MSE=3.565268 MAE=1.500549 RMSE=1.888192
2025-08-26T12:09:18Z - INFO - [train_model] Epoch 131 | train (scaled) MSE: mean=0.000462 med=0.000085 std=0.001133 min=0.000000 max=0.017994 | val (scaled) MSE: mean=0.001374 med=0.000600 std=0.001970 min=0.000000 max=0.011186
2025-08-26T12:09:18Z - INFO - [train_model] Epoch 131 | train (price) MSE=1.177472 MAE=0.739860 RMSE=1.085114 | val (price) MSE=3.499537 MAE=1.480242 RMSE=1.870705
2025-08-26T12:09:18Z - INFO - [train_model] New best (price) val MSE=3.499537 at epoch 131; saved → /home/tbfs/Projects/finBert/output/20250826-080710/saved_weights/BMY/BMY_best-epoch131.pt
2025-08-26T12:09:19Z - INFO - [train_model] Epoch 132 | train (scaled) MSE: mean=0.000466 med=0.000086 std=0.001138 min=0.000000 max=0.017917 | val (scaled) MSE: mean=0.001343 med=0.000607 std=0.001959 min=0.000000 max=0.011270
2025-08-26T12:09:19Z - INFO - [train_model] Epoch 132 | train (price) MSE=1.187494 MAE=0.746120 RMSE=1.089722 | val (price) MSE=3.422033 MAE=1.457883 RMSE=1.849874
2025-08-26T12:09:19Z - INFO - [train_model] New best (price) val MSE=3.422033 at epoch 132; saved → /home/tbfs/Projects/finBert/output/20250826-080710/saved_weights/BMY/BMY_best-epoch132.pt
2025-08-26T12:09:19Z - INFO - [train_model] Epoch 133 | train (scaled) MSE: mean=0.000465 med=0.000088 std=0.001130 min=0.000000 max=0.017743 | val (scaled) MSE: mean=0.001316 med=0.000624 std=0.001951 min=0.000000 max=0.011346
2025-08-26T12:09:19Z - INFO - [train_model] Epoch 133 | train (price) MSE=1.183644 MAE=0.750967 RMSE=1.087954 | val (price) MSE=3.353666 MAE=1.437623 RMSE=1.831302
2025-08-26T12:09:19Z - INFO - [train_model] New best (price) val MSE=3.353666 at epoch 133; saved → /home/tbfs/Projects/finBert/output/20250826-080710/saved_weights/BMY/BMY_best-epoch133.pt
2025-08-26T12:09:20Z - INFO - [train_model] Epoch 134 | train (scaled) MSE: mean=0.000466 med=0.000100 std=0.001134 min=0.000000 max=0.018075 | val (scaled) MSE: mean=0.001312 med=0.000642 std=0.001951 min=0.000000 max=0.011448
2025-08-26T12:09:20Z - INFO - [train_model] Epoch 134 | train (price) MSE=1.186523 MAE=0.761550 RMSE=1.089276 | val (price) MSE=3.343470 MAE=1.435928 RMSE=1.828516
2025-08-26T12:09:20Z - INFO - [train_model] New best (price) val MSE=3.343470 at epoch 134; saved → /home/tbfs/Projects/finBert/output/20250826-080710/saved_weights/BMY/BMY_best-epoch134.pt
2025-08-26T12:09:21Z - INFO - [train_model] Epoch 135 | train (scaled) MSE: mean=0.000465 med=0.000090 std=0.001122 min=0.000000 max=0.017797 | val (scaled) MSE: mean=0.001294 med=0.000600 std=0.001944 min=0.000001 max=0.011572
2025-08-26T12:09:21Z - INFO - [train_model] Epoch 135 | train (price) MSE=1.184971 MAE=0.761424 RMSE=1.088564 | val (price) MSE=3.295229 MAE=1.421267 RMSE=1.815277
2025-08-26T12:09:21Z - INFO - [train_model] New best (price) val MSE=3.295229 at epoch 135; saved → /home/tbfs/Projects/finBert/output/20250826-080710/saved_weights/BMY/BMY_best-epoch135.pt
2025-08-26T12:09:22Z - INFO - [train_model] Epoch 136 | train (scaled) MSE: mean=0.000459 med=0.000085 std=0.001124 min=0.000000 max=0.017731 | val (scaled) MSE: mean=0.001273 med=0.000566 std=0.001936 min=0.000004 max=0.011656
2025-08-26T12:09:22Z - INFO - [train_model] Epoch 136 | train (price) MSE=1.169984 MAE=0.742929 RMSE=1.081658 | val (price) MSE=3.242401 MAE=1.406443 RMSE=1.800667
2025-08-26T12:09:22Z - INFO - [train_model] New best (price) val MSE=3.242401 at epoch 136; saved → /home/tbfs/Projects/finBert/output/20250826-080710/saved_weights/BMY/BMY_best-epoch136.pt
2025-08-26T12:09:23Z - INFO - [train_model] Epoch 137 | train (scaled) MSE: mean=0.000458 med=0.000075 std=0.001124 min=0.000000 max=0.017607 | val (scaled) MSE: mean=0.001258 med=0.000532 std=0.001933 min=0.000005 max=0.011830
2025-08-26T12:09:23Z - INFO - [train_model] Epoch 137 | train (price) MSE=1.167607 MAE=0.732712 RMSE=1.080559 | val (price) MSE=3.205324 MAE=1.394606 RMSE=1.790342
2025-08-26T12:09:23Z - INFO - [train_model] New best (price) val MSE=3.205324 at epoch 137; saved → /home/tbfs/Projects/finBert/output/20250826-080710/saved_weights/BMY/BMY_best-epoch137.pt
2025-08-26T12:09:24Z - INFO - [train_model] Epoch 138 | train (scaled) MSE: mean=0.000458 med=0.000084 std=0.001116 min=0.000000 max=0.017427 | val (scaled) MSE: mean=0.001241 med=0.000517 std=0.001928 min=0.000003 max=0.011959
2025-08-26T12:09:24Z - INFO - [train_model] Epoch 138 | train (price) MSE=1.167082 MAE=0.740492 RMSE=1.080315 | val (price) MSE=3.162401 MAE=1.381679 RMSE=1.778314
2025-08-26T12:09:24Z - INFO - [train_model] New best (price) val MSE=3.162401 at epoch 138; saved → /home/tbfs/Projects/finBert/output/20250826-080710/saved_weights/BMY/BMY_best-epoch138.pt
2025-08-26T12:09:25Z - INFO - [train_model] Epoch 139 | train (scaled) MSE: mean=0.000458 med=0.000096 std=0.001099 min=0.000000 max=0.017192 | val (scaled) MSE: mean=0.001233 med=0.000537 std=0.001927 min=0.000002 max=0.012049
2025-08-26T12:09:25Z - INFO - [train_model] Epoch 139 | train (price) MSE=1.166294 MAE=0.752993 RMSE=1.079951 | val (price) MSE=3.140171 MAE=1.372764 RMSE=1.772053
2025-08-26T12:09:25Z - INFO - [train_model] New best (price) val MSE=3.140171 at epoch 139; saved → /home/tbfs/Projects/finBert/output/20250826-080710/saved_weights/BMY/BMY_best-epoch139.pt
2025-08-26T12:09:26Z - INFO - [train_model] Epoch 140 | train (scaled) MSE: mean=0.000456 med=0.000091 std=0.001095 min=0.000000 max=0.016962 | val (scaled) MSE: mean=0.001212 med=0.000530 std=0.001918 min=0.000000 max=0.012079
2025-08-26T12:09:26Z - INFO - [train_model] Epoch 140 | train (price) MSE=1.162329 MAE=0.745172 RMSE=1.078114 | val (price) MSE=3.086886 MAE=1.355271 RMSE=1.756954
2025-08-26T12:09:26Z - INFO - [train_model] New best (price) val MSE=3.086886 at epoch 140; saved → /home/tbfs/Projects/finBert/output/20250826-080710/saved_weights/BMY/BMY_best-epoch140.pt
2025-08-26T12:09:27Z - INFO - [train_model] Epoch 141 | train (scaled) MSE: mean=0.000457 med=0.000089 std=0.001107 min=0.000000 max=0.017246 | val (scaled) MSE: mean=0.001200 med=0.000473 std=0.001910 min=0.000000 max=0.012093
2025-08-26T12:09:27Z - INFO - [train_model] Epoch 141 | train (price) MSE=1.164138 MAE=0.745032 RMSE=1.078952 | val (price) MSE=3.057228 MAE=1.350305 RMSE=1.748493
2025-08-26T12:09:27Z - INFO - [train_model] New best (price) val MSE=3.057228 at epoch 141; saved → /home/tbfs/Projects/finBert/output/20250826-080710/saved_weights/BMY/BMY_best-epoch141.pt
2025-08-26T12:09:28Z - INFO - [train_model] Epoch 142 | train (scaled) MSE: mean=0.000455 med=0.000081 std=0.001120 min=0.000000 max=0.017654 | val (scaled) MSE: mean=0.001206 med=0.000526 std=0.001914 min=0.000000 max=0.012184
2025-08-26T12:09:28Z - INFO - [train_model] Epoch 142 | train (price) MSE=1.157840 MAE=0.735843 RMSE=1.076030 | val (price) MSE=3.072260 MAE=1.357702 RMSE=1.752786
2025-08-26T12:09:29Z - INFO - [train_model] Epoch 143 | train (scaled) MSE: mean=0.000450 med=0.000081 std=0.001113 min=0.000000 max=0.017705 | val (scaled) MSE: mean=0.001214 med=0.000526 std=0.001919 min=0.000000 max=0.012319
2025-08-26T12:09:29Z - INFO - [train_model] Epoch 143 | train (price) MSE=1.146030 MAE=0.733247 RMSE=1.070528 | val (price) MSE=3.091572 MAE=1.364952 RMSE=1.758287
2025-08-26T12:09:30Z - INFO - [train_model] Epoch 144 | train (scaled) MSE: mean=0.000448 med=0.000085 std=0.001113 min=0.000000 max=0.017715 | val (scaled) MSE: mean=0.001216 med=0.000498 std=0.001923 min=0.000000 max=0.012429
2025-08-26T12:09:30Z - INFO - [train_model] Epoch 144 | train (price) MSE=1.140493 MAE=0.727317 RMSE=1.067939 | val (price) MSE=3.097459 MAE=1.369356 RMSE=1.759960
2025-08-26T12:09:31Z - INFO - [train_model] Epoch 145 | train (scaled) MSE: mean=0.000449 med=0.000071 std=0.001114 min=0.000000 max=0.017654 | val (scaled) MSE: mean=0.001216 med=0.000478 std=0.001917 min=0.000000 max=0.012555
2025-08-26T12:09:31Z - INFO - [train_model] Epoch 145 | train (price) MSE=1.143825 MAE=0.726803 RMSE=1.069498 | val (price) MSE=3.097480 MAE=1.374425 RMSE=1.759966
2025-08-26T12:09:31Z - INFO - [train_model] Epoch 146 | train (scaled) MSE: mean=0.000447 med=0.000081 std=0.001098 min=0.000000 max=0.017329 | val (scaled) MSE: mean=0.001214 med=0.000495 std=0.001923 min=0.000000 max=0.012747
2025-08-26T12:09:31Z - INFO - [train_model] Epoch 146 | train (price) MSE=1.138267 MAE=0.728551 RMSE=1.066896 | val (price) MSE=3.091944 MAE=1.370859 RMSE=1.758392
2025-08-26T12:09:32Z - INFO - [train_model] Epoch 147 | train (scaled) MSE: mean=0.000449 med=0.000088 std=0.001083 min=0.000000 max=0.016807 | val (scaled) MSE: mean=0.001200 med=0.000473 std=0.001912 min=0.000000 max=0.012874
2025-08-26T12:09:32Z - INFO - [train_model] Epoch 147 | train (price) MSE=1.143643 MAE=0.737553 RMSE=1.069413 | val (price) MSE=3.057554 MAE=1.359396 RMSE=1.748586
2025-08-26T12:09:33Z - INFO - [train_model] Epoch 148 | train (scaled) MSE: mean=0.000446 med=0.000085 std=0.001064 min=0.000000 max=0.016123 | val (scaled) MSE: mean=0.001183 med=0.000434 std=0.001910 min=0.000000 max=0.013034
2025-08-26T12:09:33Z - INFO - [train_model] Epoch 148 | train (price) MSE=1.136029 MAE=0.732391 RMSE=1.065847 | val (price) MSE=3.014825 MAE=1.338058 RMSE=1.736325
2025-08-26T12:09:33Z - INFO - [train_model] New best (price) val MSE=3.014825 at epoch 148; saved → /home/tbfs/Projects/finBert/output/20250826-080710/saved_weights/BMY/BMY_best-epoch148.pt
2025-08-26T12:09:34Z - INFO - [train_model] Epoch 149 | train (scaled) MSE: mean=0.000441 med=0.000076 std=0.001049 min=0.000000 max=0.015498 | val (scaled) MSE: mean=0.001163 med=0.000446 std=0.001915 min=0.000000 max=0.013151
2025-08-26T12:09:34Z - INFO - [train_model] Epoch 149 | train (price) MSE=1.124201 MAE=0.723777 RMSE=1.060284 | val (price) MSE=2.962994 MAE=1.316442 RMSE=1.721335
2025-08-26T12:09:34Z - INFO - [train_model] New best (price) val MSE=2.962994 at epoch 149; saved → /home/tbfs/Projects/finBert/output/20250826-080710/saved_weights/BMY/BMY_best-epoch149.pt
2025-08-26T12:09:35Z - INFO - [train_model] Epoch 150 | train (scaled) MSE: mean=0.000439 med=0.000081 std=0.001034 min=0.000000 max=0.015043 | val (scaled) MSE: mean=0.001142 med=0.000433 std=0.001901 min=0.000000 max=0.013139
2025-08-26T12:09:35Z - INFO - [train_model] Epoch 150 | train (price) MSE=1.119338 MAE=0.726190 RMSE=1.057988 | val (price) MSE=2.910106 MAE=1.306513 RMSE=1.705903
2025-08-26T12:09:35Z - INFO - [train_model] New best (price) val MSE=2.910106 at epoch 150; saved → /home/tbfs/Projects/finBert/output/20250826-080710/saved_weights/BMY/BMY_best-epoch150.pt
2025-08-26T12:09:36Z - INFO - [train_model] Epoch 151 | train (scaled) MSE: mean=0.000438 med=0.000085 std=0.001020 min=0.000000 max=0.014652 | val (scaled) MSE: mean=0.001102 med=0.000442 std=0.001878 min=0.000000 max=0.013174
2025-08-26T12:09:36Z - INFO - [train_model] Epoch 151 | train (price) MSE=1.115187 MAE=0.730436 RMSE=1.056024 | val (price) MSE=2.808043 MAE=1.295450 RMSE=1.675722
2025-08-26T12:09:36Z - INFO - [train_model] New best (price) val MSE=2.808043 at epoch 151; saved → /home/tbfs/Projects/finBert/output/20250826-080710/saved_weights/BMY/BMY_best-epoch151.pt
2025-08-26T12:09:37Z - INFO - [train_model] Epoch 152 | train (scaled) MSE: mean=0.000441 med=0.000082 std=0.001025 min=0.000000 max=0.014677 | val (scaled) MSE: mean=0.001104 med=0.000447 std=0.001876 min=0.000000 max=0.012932
2025-08-26T12:09:37Z - INFO - [train_model] Epoch 152 | train (price) MSE=1.122576 MAE=0.729844 RMSE=1.059517 | val (price) MSE=2.811289 MAE=1.294104 RMSE=1.676690
2025-08-26T12:09:38Z - INFO - [train_model] Epoch 153 | train (scaled) MSE: mean=0.000442 med=0.000070 std=0.001084 min=0.000000 max=0.016504 | val (scaled) MSE: mean=0.001130 med=0.000392 std=0.001876 min=0.000000 max=0.012480
2025-08-26T12:09:38Z - INFO - [train_model] Epoch 153 | train (price) MSE=1.126895 MAE=0.717878 RMSE=1.061553 | val (price) MSE=2.879208 MAE=1.306556 RMSE=1.696823
2025-08-26T12:09:39Z - INFO - [train_model] Epoch 154 | train (scaled) MSE: mean=0.000441 med=0.000064 std=0.001137 min=0.000000 max=0.018126 | val (scaled) MSE: mean=0.001179 med=0.000441 std=0.001879 min=0.000001 max=0.012261
2025-08-26T12:09:39Z - INFO - [train_model] Epoch 154 | train (price) MSE=1.123833 MAE=0.708857 RMSE=1.060110 | val (price) MSE=3.004115 MAE=1.354736 RMSE=1.733238
2025-08-26T12:09:40Z - INFO - [train_model] Epoch 155 | train (scaled) MSE: mean=0.000451 med=0.000078 std=0.001177 min=0.000000 max=0.019199 | val (scaled) MSE: mean=0.001219 med=0.000525 std=0.001877 min=0.000000 max=0.012185
2025-08-26T12:09:40Z - INFO - [train_model] Epoch 155 | train (price) MSE=1.148169 MAE=0.722423 RMSE=1.071527 | val (price) MSE=3.104663 MAE=1.392351 RMSE=1.762005
2025-08-26T12:09:41Z - INFO - [train_model] Epoch 156 | train (scaled) MSE: mean=0.000453 med=0.000077 std=0.001204 min=0.000000 max=0.019969 | val (scaled) MSE: mean=0.001250 med=0.000537 std=0.001878 min=0.000000 max=0.012227
2025-08-26T12:09:41Z - INFO - [train_model] Epoch 156 | train (price) MSE=1.154774 MAE=0.728087 RMSE=1.074604 | val (price) MSE=3.185596 MAE=1.422980 RMSE=1.784824
2025-08-26T12:09:41Z - INFO - [train_model] Epoch 157 | train (scaled) MSE: mean=0.000435 med=0.000078 std=0.001160 min=0.000000 max=0.019188 | val (scaled) MSE: mean=0.001244 med=0.000547 std=0.001871 min=0.000000 max=0.012453
2025-08-26T12:09:41Z - INFO - [train_model] Epoch 157 | train (price) MSE=1.107616 MAE=0.708725 RMSE=1.052433 | val (price) MSE=3.170152 MAE=1.420111 RMSE=1.780492
2025-08-26T12:09:42Z - INFO - [train_model] Epoch 158 | train (scaled) MSE: mean=0.000432 med=0.000080 std=0.001120 min=0.000000 max=0.017954 | val (scaled) MSE: mean=0.001226 med=0.000539 std=0.001871 min=0.000000 max=0.012705
2025-08-26T12:09:42Z - INFO - [train_model] Epoch 158 | train (price) MSE=1.101034 MAE=0.712485 RMSE=1.049302 | val (price) MSE=3.123462 MAE=1.400306 RMSE=1.767332
2025-08-26T12:09:43Z - INFO - [train_model] Epoch 159 | train (scaled) MSE: mean=0.000431 med=0.000091 std=0.001084 min=0.000000 max=0.016926 | val (scaled) MSE: mean=0.001210 med=0.000535 std=0.001877 min=0.000000 max=0.012941
2025-08-26T12:09:43Z - INFO - [train_model] Epoch 159 | train (price) MSE=1.098185 MAE=0.723642 RMSE=1.047943 | val (price) MSE=3.081843 MAE=1.379828 RMSE=1.755518
2025-08-26T12:09:44Z - INFO - [train_model] Epoch 160 | train (scaled) MSE: mean=0.000434 med=0.000091 std=0.001054 min=0.000000 max=0.015823 | val (scaled) MSE: mean=0.001185 med=0.000541 std=0.001879 min=0.000000 max=0.013142
2025-08-26T12:09:44Z - INFO - [train_model] Epoch 160 | train (price) MSE=1.106372 MAE=0.737754 RMSE=1.051842 | val (price) MSE=3.019710 MAE=1.359869 RMSE=1.737731
2025-08-26T12:09:45Z - INFO - [train_model] Epoch 161 | train (scaled) MSE: mean=0.000437 med=0.000097 std=0.001032 min=0.000000 max=0.014966 | val (scaled) MSE: mean=0.001179 med=0.000612 std=0.001886 min=0.000001 max=0.013356
2025-08-26T12:09:45Z - INFO - [train_model] Epoch 161 | train (price) MSE=1.113831 MAE=0.740400 RMSE=1.055382 | val (price) MSE=3.004534 MAE=1.349128 RMSE=1.733359
2025-08-26T12:09:46Z - INFO - [train_model] Epoch 162 | train (scaled) MSE: mean=0.000444 med=0.000093 std=0.001039 min=0.000000 max=0.014708 | val (scaled) MSE: mean=0.001197 med=0.000598 std=0.001892 min=0.000001 max=0.013358
2025-08-26T12:09:46Z - INFO - [train_model] Epoch 162 | train (price) MSE=1.132130 MAE=0.739786 RMSE=1.064016 | val (price) MSE=3.048148 MAE=1.361450 RMSE=1.745895
2025-08-26T12:09:47Z - INFO - [train_model] Epoch 163 | train (scaled) MSE: mean=0.000437 med=0.000075 std=0.001026 min=0.000000 max=0.014254 | val (scaled) MSE: mean=0.001222 med=0.000617 std=0.001904 min=0.000001 max=0.013412
2025-08-26T12:09:47Z - INFO - [train_model] Epoch 163 | train (price) MSE=1.113689 MAE=0.720610 RMSE=1.055315 | val (price) MSE=3.111905 MAE=1.386830 RMSE=1.764059
2025-08-26T12:09:48Z - INFO - [train_model] Epoch 164 | train (scaled) MSE: mean=0.000434 med=0.000076 std=0.001020 min=0.000000 max=0.013744 | val (scaled) MSE: mean=0.001228 med=0.000612 std=0.001896 min=0.000000 max=0.013341
2025-08-26T12:09:48Z - INFO - [train_model] Epoch 164 | train (price) MSE=1.104478 MAE=0.724012 RMSE=1.050942 | val (price) MSE=3.129536 MAE=1.410375 RMSE=1.769050
2025-08-26T12:09:49Z - INFO - [train_model] Epoch 165 | train (scaled) MSE: mean=0.000429 med=0.000072 std=0.001020 min=0.000000 max=0.013379 | val (scaled) MSE: mean=0.001171 med=0.000508 std=0.001859 min=0.000000 max=0.012943
2025-08-26T12:09:49Z - INFO - [train_model] Epoch 165 | train (price) MSE=1.092510 MAE=0.712573 RMSE=1.045232 | val (price) MSE=2.983152 MAE=1.384306 RMSE=1.727180
2025-08-26T12:09:50Z - INFO - [train_model] Epoch 166 | train (scaled) MSE: mean=0.000429 med=0.000068 std=0.001076 min=0.000000 max=0.015399 | val (scaled) MSE: mean=0.001143 med=0.000477 std=0.001869 min=0.000000 max=0.012386
2025-08-26T12:09:50Z - INFO - [train_model] Epoch 166 | train (price) MSE=1.093741 MAE=0.705105 RMSE=1.045821 | val (price) MSE=2.912308 MAE=1.326610 RMSE=1.706549
2025-08-26T12:09:51Z - INFO - [train_model] Epoch 167 | train (scaled) MSE: mean=0.000439 med=0.000078 std=0.001151 min=0.000000 max=0.018143 | val (scaled) MSE: mean=0.001204 med=0.000488 std=0.001909 min=0.000000 max=0.012168
2025-08-26T12:09:51Z - INFO - [train_model] Epoch 167 | train (price) MSE=1.117756 MAE=0.717311 RMSE=1.057240 | val (price) MSE=3.067389 MAE=1.365894 RMSE=1.751396
2025-08-26T12:09:51Z - INFO - [train_model] Epoch 168 | train (scaled) MSE: mean=0.000450 med=0.000081 std=0.001195 min=0.000000 max=0.019304 | val (scaled) MSE: mean=0.001287 med=0.000529 std=0.001906 min=0.000000 max=0.012222
2025-08-26T12:09:51Z - INFO - [train_model] Epoch 168 | train (price) MSE=1.145675 MAE=0.727860 RMSE=1.070362 | val (price) MSE=3.277468 MAE=1.440451 RMSE=1.810378
2025-08-26T12:09:52Z - INFO - [train_model] Epoch 169 | train (scaled) MSE: mean=0.000438 med=0.000072 std=0.001188 min=0.000000 max=0.019106 | val (scaled) MSE: mean=0.001305 med=0.000540 std=0.001900 min=0.000000 max=0.012417
2025-08-26T12:09:52Z - INFO - [train_model] Epoch 169 | train (price) MSE=1.115614 MAE=0.707359 RMSE=1.056226 | val (price) MSE=3.325026 MAE=1.458383 RMSE=1.823465
2025-08-26T12:09:53Z - INFO - [train_model] Epoch 170 | train (scaled) MSE: mean=0.000432 med=0.000082 std=0.001156 min=0.000000 max=0.018381 | val (scaled) MSE: mean=0.001259 med=0.000560 std=0.001890 min=0.000000 max=0.012651
2025-08-26T12:09:53Z - INFO - [train_model] Epoch 170 | train (price) MSE=1.100509 MAE=0.718217 RMSE=1.049052 | val (price) MSE=3.207013 MAE=1.421314 RMSE=1.790813
2025-08-26T12:09:54Z - INFO - [train_model] Epoch 171 | train (scaled) MSE: mean=0.000426 med=0.000070 std=0.001129 min=0.000000 max=0.017057 | val (scaled) MSE: mean=0.001217 med=0.000580 std=0.001881 min=0.000000 max=0.012809
2025-08-26T12:09:54Z - INFO - [train_model] Epoch 171 | train (price) MSE=1.085460 MAE=0.706674 RMSE=1.041854 | val (price) MSE=3.100152 MAE=1.387657 RMSE=1.760725
2025-08-26T12:09:55Z - INFO - [train_model] Epoch 172 | train (scaled) MSE: mean=0.000419 med=0.000070 std=0.001110 min=0.000000 max=0.016052 | val (scaled) MSE: mean=0.001180 med=0.000540 std=0.001875 min=0.000000 max=0.012933
2025-08-26T12:09:55Z - INFO - [train_model] Epoch 172 | train (price) MSE=1.066836 MAE=0.697709 RMSE=1.032878 | val (price) MSE=3.004895 MAE=1.353822 RMSE=1.733463
2025-08-26T12:09:56Z - INFO - [train_model] Epoch 173 | train (scaled) MSE: mean=0.000425 med=0.000092 std=0.001095 min=0.000000 max=0.015681 | val (scaled) MSE: mean=0.001166 med=0.000546 std=0.001873 min=0.000000 max=0.012979
2025-08-26T12:09:56Z - INFO - [train_model] Epoch 173 | train (price) MSE=1.083756 MAE=0.721341 RMSE=1.041036 | val (price) MSE=2.969503 MAE=1.341163 RMSE=1.723225
2025-08-26T12:09:57Z - INFO - [train_model] Epoch 174 | train (scaled) MSE: mean=0.000426 med=0.000095 std=0.001094 min=0.000000 max=0.015157 | val (scaled) MSE: mean=0.001164 med=0.000546 std=0.001886 min=0.000000 max=0.013085
2025-08-26T12:09:57Z - INFO - [train_model] Epoch 174 | train (price) MSE=1.084975 MAE=0.715428 RMSE=1.041621 | val (price) MSE=2.966166 MAE=1.337840 RMSE=1.722256
2025-08-26T12:09:58Z - INFO - [train_model] Epoch 175 | train (scaled) MSE: mean=0.000420 med=0.000078 std=0.001098 min=0.000000 max=0.015274 | val (scaled) MSE: mean=0.001157 med=0.000499 std=0.001888 min=0.000000 max=0.013054
2025-08-26T12:09:58Z - INFO - [train_model] Epoch 175 | train (price) MSE=1.071021 MAE=0.699768 RMSE=1.034901 | val (price) MSE=2.946632 MAE=1.331565 RMSE=1.716576
2025-08-26T12:09:59Z - INFO - [train_model] Epoch 176 | train (scaled) MSE: mean=0.000425 med=0.000091 std=0.001126 min=0.000000 max=0.016238 | val (scaled) MSE: mean=0.001175 med=0.000490 std=0.001894 min=0.000000 max=0.013027
2025-08-26T12:09:59Z - INFO - [train_model] Epoch 176 | train (price) MSE=1.083120 MAE=0.710540 RMSE=1.040730 | val (price) MSE=2.993333 MAE=1.343979 RMSE=1.730125
2025-08-26T12:10:00Z - INFO - [train_model] Epoch 177 | train (scaled) MSE: mean=0.000422 med=0.000069 std=0.001146 min=0.000000 max=0.016765 | val (scaled) MSE: mean=0.001206 med=0.000536 std=0.001906 min=0.000000 max=0.013072
2025-08-26T12:10:00Z - INFO - [train_model] Epoch 177 | train (price) MSE=1.074486 MAE=0.698261 RMSE=1.036574 | val (price) MSE=3.072860 MAE=1.368482 RMSE=1.752957
2025-08-26T12:10:01Z - INFO - [train_model] Epoch 178 | train (scaled) MSE: mean=0.000427 med=0.000075 std=0.001139 min=0.000000 max=0.016116 | val (scaled) MSE: mean=0.001196 med=0.000525 std=0.001906 min=0.000000 max=0.013115
2025-08-26T12:10:01Z - INFO - [train_model] Epoch 178 | train (price) MSE=1.088549 MAE=0.699455 RMSE=1.043335 | val (price) MSE=3.046914 MAE=1.358866 RMSE=1.745541
2025-08-26T12:10:02Z - INFO - [train_model] Epoch 179 | train (scaled) MSE: mean=0.000434 med=0.000069 std=0.001153 min=0.000000 max=0.016230 | val (scaled) MSE: mean=0.001201 med=0.000514 std=0.001905 min=0.000000 max=0.013067
2025-08-26T12:10:02Z - INFO - [train_model] Epoch 179 | train (price) MSE=1.104738 MAE=0.705618 RMSE=1.051065 | val (price) MSE=3.059994 MAE=1.363181 RMSE=1.749284
2025-08-26T12:10:03Z - INFO - [train_model] Epoch 180 | train (scaled) MSE: mean=0.000449 med=0.000084 std=0.001169 min=0.000000 max=0.016814 | val (scaled) MSE: mean=0.001212 med=0.000545 std=0.001918 min=0.000000 max=0.013138
2025-08-26T12:10:03Z - INFO - [train_model] Epoch 180 | train (price) MSE=1.143447 MAE=0.728982 RMSE=1.069321 | val (price) MSE=3.087178 MAE=1.369676 RMSE=1.757037
2025-08-26T12:10:03Z - INFO - [train_model] Epoch 181 | train (scaled) MSE: mean=0.000447 med=0.000091 std=0.001130 min=0.000000 max=0.015731 | val (scaled) MSE: mean=0.001220 med=0.000562 std=0.001952 min=0.000000 max=0.013403
2025-08-26T12:10:03Z - INFO - [train_model] Epoch 181 | train (price) MSE=1.139044 MAE=0.734080 RMSE=1.067260 | val (price) MSE=3.109148 MAE=1.369006 RMSE=1.763278
2025-08-26T12:10:04Z - INFO - [train_model] Epoch 182 | train (scaled) MSE: mean=0.000439 med=0.000091 std=0.001104 min=0.000000 max=0.014894 | val (scaled) MSE: mean=0.001221 med=0.000587 std=0.001945 min=0.000000 max=0.013366
2025-08-26T12:10:04Z - INFO - [train_model] Epoch 182 | train (price) MSE=1.118446 MAE=0.728698 RMSE=1.057566 | val (price) MSE=3.110802 MAE=1.372317 RMSE=1.763746
2025-08-26T12:10:05Z - INFO - [train_model] Epoch 183 | train (scaled) MSE: mean=0.000420 med=0.000075 std=0.001127 min=0.000000 max=0.015836 | val (scaled) MSE: mean=0.001227 med=0.000572 std=0.001971 min=0.000000 max=0.013586
2025-08-26T12:10:05Z - INFO - [train_model] Epoch 183 | train (price) MSE=1.070255 MAE=0.697599 RMSE=1.034531 | val (price) MSE=3.125004 MAE=1.374258 RMSE=1.767768
2025-08-26T12:10:06Z - INFO - [train_model] Epoch 184 | train (scaled) MSE: mean=0.000431 med=0.000098 std=0.001120 min=0.000000 max=0.015647 | val (scaled) MSE: mean=0.001239 med=0.000621 std=0.001964 min=0.000000 max=0.013566
2025-08-26T12:10:06Z - INFO - [train_model] Epoch 184 | train (price) MSE=1.096778 MAE=0.723984 RMSE=1.047272 | val (price) MSE=3.155398 MAE=1.384227 RMSE=1.776344
2025-08-26T12:10:07Z - INFO - [train_model] Epoch 185 | train (scaled) MSE: mean=0.000445 med=0.000091 std=0.001158 min=0.000000 max=0.016062 | val (scaled) MSE: mean=0.001244 med=0.000646 std=0.001973 min=0.000000 max=0.013567
2025-08-26T12:10:07Z - INFO - [train_model] Epoch 185 | train (price) MSE=1.132636 MAE=0.724441 RMSE=1.064254 | val (price) MSE=3.170293 MAE=1.384244 RMSE=1.780532
2025-08-26T12:10:08Z - INFO - [train_model] Epoch 186 | train (scaled) MSE: mean=0.000432 med=0.000083 std=0.001139 min=0.000000 max=0.015750 | val (scaled) MSE: mean=0.001256 med=0.000658 std=0.001990 min=0.000000 max=0.013734
2025-08-26T12:10:08Z - INFO - [train_model] Epoch 186 | train (price) MSE=1.099347 MAE=0.711783 RMSE=1.048497 | val (price) MSE=3.200348 MAE=1.388091 RMSE=1.788952
2025-08-26T12:10:09Z - INFO - [train_model] Epoch 187 | train (scaled) MSE: mean=0.000416 med=0.000068 std=0.001116 min=0.000000 max=0.015075 | val (scaled) MSE: mean=0.001263 med=0.000647 std=0.002017 min=0.000000 max=0.013911
2025-08-26T12:10:09Z - INFO - [train_model] Epoch 187 | train (price) MSE=1.060317 MAE=0.688751 RMSE=1.029717 | val (price) MSE=3.216748 MAE=1.394198 RMSE=1.793529
2025-08-26T12:10:10Z - INFO - [train_model] Epoch 188 | train (scaled) MSE: mean=0.000420 med=0.000069 std=0.001093 min=0.000000 max=0.014247 | val (scaled) MSE: mean=0.001270 med=0.000619 std=0.002054 min=0.000000 max=0.014027
2025-08-26T12:10:10Z - INFO - [train_model] Epoch 188 | train (price) MSE=1.070588 MAE=0.699949 RMSE=1.034692 | val (price) MSE=3.235495 MAE=1.403382 RMSE=1.798748
2025-08-26T12:10:11Z - INFO - [train_model] Epoch 189 | train (scaled) MSE: mean=0.000420 med=0.000076 std=0.001082 min=0.000000 max=0.014065 | val (scaled) MSE: mean=0.001269 med=0.000522 std=0.002075 min=0.000000 max=0.014094
2025-08-26T12:10:11Z - INFO - [train_model] Epoch 189 | train (price) MSE=1.069505 MAE=0.698633 RMSE=1.034169 | val (price) MSE=3.232443 MAE=1.400663 RMSE=1.797900
2025-08-26T12:10:12Z - INFO - [train_model] Epoch 190 | train (scaled) MSE: mean=0.000418 med=0.000072 std=0.001080 min=0.000000 max=0.014297 | val (scaled) MSE: mean=0.001264 med=0.000521 std=0.002097 min=0.000000 max=0.014240
2025-08-26T12:10:12Z - INFO - [train_model] Epoch 190 | train (price) MSE=1.065646 MAE=0.699654 RMSE=1.032302 | val (price) MSE=3.219183 MAE=1.391526 RMSE=1.794208
2025-08-26T12:10:13Z - INFO - [train_model] Epoch 191 | train (scaled) MSE: mean=0.000413 med=0.000063 std=0.001083 min=0.000000 max=0.014811 | val (scaled) MSE: mean=0.001277 med=0.000510 std=0.002141 min=0.000000 max=0.014511
2025-08-26T12:10:13Z - INFO - [train_model] Epoch 191 | train (price) MSE=1.053014 MAE=0.686870 RMSE=1.026165 | val (price) MSE=3.252350 MAE=1.396088 RMSE=1.803427
2025-08-26T12:10:13Z - INFO - [train_model] Early stopping at epoch 191 (best price val MSE=2.808043 @ epoch 151)
2025-08-26T12:10:13Z - INFO - [visualize_full_prediction] Saved full prediction plot for BMY to output/20250826-080710/plots/BMY_finbert-lstm_full_price_prediction.png
2025-08-26T12:10:13Z - INFO - [visualize_sentiment] Saved sentiment plot for BMY to output/20250826-080710/plots/BMY_sentiment.png
2025-08-26T12:10:13Z - INFO - [train] [BMY] Test (price) MSE=9.229061 | MAE=2.378759 | RMSE=3.037937 (scaled MSE=0.003623)
2025-08-26T12:10:13Z - INFO - [train] [BMY] Final (price) Train MSE=1.053014 | Val MSE=3.252350 (scaled Train MSE=0.000413 | Val MSE=0.001277)
2025-08-26T12:10:13Z - INFO - [train] [BMY] Best epoch=151 | Best (price) Train MSE=1.115187 | Best (price) Val MSE=2.808043 | Saved at=/home/tbfs/Projects/finBert/output/20250826-080710/saved_weights/BMY/BMY_best-epoch151.pt
2025-08-26T12:10:13Z - INFO - [train] Wrote evaluation summary → output/20250826-080710/evaluation.json
