2025-08-26T03:16:59Z - INFO - [Pipeline::__init__] Loaded news dataframe with columns=['title', 'date', 'stock'] shape=(1277896, 3).
2025-08-26T03:16:59Z - INFO - [SentimentGenerator::_load] Loaded precomputed sentiment from /home/tbfs/Projects/finBert/output/20250823-140342/sentiment_daily.csv
2025-08-26T03:16:59Z - INFO - [train] Training predictor for ticker: BMY
2025-08-26T03:16:59Z - INFO - [train] Loaded prices for BMY with columns=['date', 'open', 'high', 'low', 'close', 'adj close', 'volume'] shape=(2516, 7).
2025-08-26T03:16:59Z - INFO - [SequenceDataset::__init__] len(self.valid_indices)=741 out of len(df)=2515 samples are valid for lookback=60 with sentiment_col=SentimentScore
2025-08-26T03:16:59Z - INFO - [SequenceDataset::__init__] len(self.valid_indices)=83 out of len(df)=2515 samples are valid for lookback=60 with sentiment_col=SentimentScore
2025-08-26T03:16:59Z - INFO - [SequenceDataset::__init__] len(self.valid_indices)=92 out of len(df)=2515 samples are valid for lookback=60 with sentiment_col=SentimentScore
2025-08-26T03:17:00Z - INFO - [train_model] Epoch 001 | train (scaled) MSE: mean=0.070556 med=0.004176 std=0.158035 min=0.000000 max=0.732099 | val (scaled) MSE: mean=0.012033 med=0.003056 std=0.020315 min=0.000004 max=0.098327
2025-08-26T03:17:00Z - INFO - [train_model] Epoch 001 | train (price) MSE=0.002121 MAE=0.026809 RMSE=0.046053 | val (price) MSE=0.000362 MAE=0.013793 RMSE=0.019018
2025-08-26T03:17:00Z - INFO - [train_model] New best (price) val MSE=0.000362 at epoch 1; saved → /home/tbfs/Projects/finBert/output/20250825-231654/saved_weights/BMY/BMY_best-epoch001.pt
2025-08-26T03:17:01Z - INFO - [train_model] Epoch 002 | train (scaled) MSE: mean=0.012477 med=0.002747 std=0.032651 min=0.000000 max=0.445079 | val (scaled) MSE: mean=0.011803 med=0.002878 std=0.019829 min=0.000000 max=0.098994
2025-08-26T03:17:01Z - INFO - [train_model] Epoch 002 | train (price) MSE=0.000375 MAE=0.013198 RMSE=0.019366 | val (price) MSE=0.000355 MAE=0.013695 RMSE=0.018835
2025-08-26T03:17:01Z - INFO - [train_model] New best (price) val MSE=0.000355 at epoch 2; saved → /home/tbfs/Projects/finBert/output/20250825-231654/saved_weights/BMY/BMY_best-epoch002.pt
2025-08-26T03:17:02Z - INFO - [train_model] Epoch 003 | train (scaled) MSE: mean=0.010484 med=0.002647 std=0.026567 min=0.000000 max=0.461269 | val (scaled) MSE: mean=0.011439 med=0.002940 std=0.018351 min=0.000002 max=0.092709
2025-08-26T03:17:02Z - INFO - [train_model] Epoch 003 | train (price) MSE=0.000315 MAE=0.012439 RMSE=0.017752 | val (price) MSE=0.000344 MAE=0.013787 RMSE=0.018543
2025-08-26T03:17:02Z - INFO - [train_model] New best (price) val MSE=0.000344 at epoch 3; saved → /home/tbfs/Projects/finBert/output/20250825-231654/saved_weights/BMY/BMY_best-epoch003.pt
2025-08-26T03:17:03Z - INFO - [train_model] Epoch 004 | train (scaled) MSE: mean=0.009028 med=0.002436 std=0.022416 min=0.000000 max=0.432716 | val (scaled) MSE: mean=0.011225 med=0.003121 std=0.018583 min=0.000000 max=0.099775
2025-08-26T03:17:03Z - INFO - [train_model] Epoch 004 | train (price) MSE=0.000271 MAE=0.011782 RMSE=0.016474 | val (price) MSE=0.000337 MAE=0.013493 RMSE=0.018369
2025-08-26T03:17:03Z - INFO - [train_model] New best (price) val MSE=0.000337 at epoch 4; saved → /home/tbfs/Projects/finBert/output/20250825-231654/saved_weights/BMY/BMY_best-epoch004.pt
2025-08-26T03:17:04Z - INFO - [train_model] Epoch 005 | train (scaled) MSE: mean=0.008203 med=0.002106 std=0.021510 min=0.000000 max=0.449246 | val (scaled) MSE: mean=0.010987 med=0.003036 std=0.017936 min=0.000000 max=0.098743
2025-08-26T03:17:04Z - INFO - [train_model] Epoch 005 | train (price) MSE=0.000247 MAE=0.011225 RMSE=0.015703 | val (price) MSE=0.000330 MAE=0.013406 RMSE=0.018173
2025-08-26T03:17:04Z - INFO - [train_model] New best (price) val MSE=0.000330 at epoch 5; saved → /home/tbfs/Projects/finBert/output/20250825-231654/saved_weights/BMY/BMY_best-epoch005.pt
2025-08-26T03:17:05Z - INFO - [train_model] Epoch 006 | train (scaled) MSE: mean=0.007598 med=0.002090 std=0.020608 min=0.000000 max=0.440215 | val (scaled) MSE: mean=0.010813 med=0.003143 std=0.017537 min=0.000000 max=0.098742
2025-08-26T03:17:05Z - INFO - [train_model] Epoch 006 | train (price) MSE=0.000228 MAE=0.010819 RMSE=0.015112 | val (price) MSE=0.000325 MAE=0.013337 RMSE=0.018029
2025-08-26T03:17:05Z - INFO - [train_model] New best (price) val MSE=0.000325 at epoch 6; saved → /home/tbfs/Projects/finBert/output/20250825-231654/saved_weights/BMY/BMY_best-epoch006.pt
2025-08-26T03:17:06Z - INFO - [train_model] Epoch 007 | train (scaled) MSE: mean=0.007310 med=0.002033 std=0.020319 min=0.000000 max=0.435665 | val (scaled) MSE: mean=0.010701 med=0.003664 std=0.017145 min=0.000002 max=0.097643
2025-08-26T03:17:06Z - INFO - [train_model] Epoch 007 | train (price) MSE=0.000220 MAE=0.010593 RMSE=0.014823 | val (price) MSE=0.000322 MAE=0.013382 RMSE=0.017935
2025-08-26T03:17:06Z - INFO - [train_model] New best (price) val MSE=0.000322 at epoch 7; saved → /home/tbfs/Projects/finBert/output/20250825-231654/saved_weights/BMY/BMY_best-epoch007.pt
2025-08-26T03:17:07Z - INFO - [train_model] Epoch 008 | train (scaled) MSE: mean=0.007139 med=0.002067 std=0.020309 min=0.000000 max=0.435526 | val (scaled) MSE: mean=0.010582 med=0.003496 std=0.016986 min=0.000000 max=0.098946
2025-08-26T03:17:07Z - INFO - [train_model] Epoch 008 | train (price) MSE=0.000215 MAE=0.010452 RMSE=0.014649 | val (price) MSE=0.000318 MAE=0.013323 RMSE=0.017835
2025-08-26T03:17:07Z - INFO - [train_model] New best (price) val MSE=0.000318 at epoch 8; saved → /home/tbfs/Projects/finBert/output/20250825-231654/saved_weights/BMY/BMY_best-epoch008.pt
2025-08-26T03:17:08Z - INFO - [train_model] Epoch 009 | train (scaled) MSE: mean=0.006946 med=0.001909 std=0.019875 min=0.000000 max=0.420076 | val (scaled) MSE: mean=0.010557 med=0.003539 std=0.016771 min=0.000000 max=0.097702
2025-08-26T03:17:08Z - INFO - [train_model] Epoch 009 | train (price) MSE=0.000209 MAE=0.010284 RMSE=0.014450 | val (price) MSE=0.000317 MAE=0.013400 RMSE=0.017814
2025-08-26T03:17:08Z - INFO - [train_model] New best (price) val MSE=0.000317 at epoch 9; saved → /home/tbfs/Projects/finBert/output/20250825-231654/saved_weights/BMY/BMY_best-epoch009.pt
2025-08-26T03:17:09Z - INFO - [train_model] Epoch 010 | train (scaled) MSE: mean=0.006867 med=0.001953 std=0.020073 min=0.000000 max=0.428475 | val (scaled) MSE: mean=0.010521 med=0.003359 std=0.016736 min=0.000012 max=0.098263
2025-08-26T03:17:09Z - INFO - [train_model] Epoch 010 | train (price) MSE=0.000206 MAE=0.010203 RMSE=0.014367 | val (price) MSE=0.000316 MAE=0.013379 RMSE=0.017783
2025-08-26T03:17:09Z - INFO - [train_model] New best (price) val MSE=0.000316 at epoch 10; saved → /home/tbfs/Projects/finBert/output/20250825-231654/saved_weights/BMY/BMY_best-epoch010.pt
2025-08-26T03:17:10Z - INFO - [train_model] Epoch 011 | train (scaled) MSE: mean=0.006829 med=0.002001 std=0.020018 min=0.000000 max=0.428051 | val (scaled) MSE: mean=0.010526 med=0.003424 std=0.016674 min=0.000009 max=0.097635
2025-08-26T03:17:10Z - INFO - [train_model] Epoch 011 | train (price) MSE=0.000205 MAE=0.010172 RMSE=0.014328 | val (price) MSE=0.000316 MAE=0.013411 RMSE=0.017788
2025-08-26T03:17:11Z - INFO - [train_model] Epoch 012 | train (scaled) MSE: mean=0.006817 med=0.001846 std=0.020132 min=0.000000 max=0.429899 | val (scaled) MSE: mean=0.010518 med=0.003397 std=0.016667 min=0.000010 max=0.097784
2025-08-26T03:17:11Z - INFO - [train_model] Epoch 012 | train (price) MSE=0.000205 MAE=0.010127 RMSE=0.014314 | val (price) MSE=0.000316 MAE=0.013405 RMSE=0.017781
2025-08-26T03:17:11Z - INFO - [train_model] New best (price) val MSE=0.000316 at epoch 12; saved → /home/tbfs/Projects/finBert/output/20250825-231654/saved_weights/BMY/BMY_best-epoch012.pt
2025-08-26T03:17:12Z - INFO - [train_model] Epoch 013 | train (scaled) MSE: mean=0.006760 med=0.001900 std=0.019601 min=0.000000 max=0.415029 | val (scaled) MSE: mean=0.010477 med=0.003273 std=0.016755 min=0.000012 max=0.099510
2025-08-26T03:17:12Z - INFO - [train_model] Epoch 013 | train (price) MSE=0.000203 MAE=0.010118 RMSE=0.014255 | val (price) MSE=0.000315 MAE=0.013323 RMSE=0.017747
2025-08-26T03:17:12Z - INFO - [train_model] New best (price) val MSE=0.000315 at epoch 13; saved → /home/tbfs/Projects/finBert/output/20250825-231654/saved_weights/BMY/BMY_best-epoch013.pt
2025-08-26T03:17:13Z - INFO - [train_model] Epoch 014 | train (scaled) MSE: mean=0.006760 med=0.001895 std=0.019875 min=0.000000 max=0.423837 | val (scaled) MSE: mean=0.010484 med=0.003352 std=0.016718 min=0.000017 max=0.099053
2025-08-26T03:17:13Z - INFO - [train_model] Epoch 014 | train (price) MSE=0.000203 MAE=0.010107 RMSE=0.014255 | val (price) MSE=0.000315 MAE=0.013348 RMSE=0.017752
2025-08-26T03:17:14Z - INFO - [train_model] Epoch 015 | train (scaled) MSE: mean=0.006782 med=0.001878 std=0.019906 min=0.000000 max=0.423743 | val (scaled) MSE: mean=0.010504 med=0.003345 std=0.016674 min=0.000013 max=0.098193
2025-08-26T03:17:14Z - INFO - [train_model] Epoch 015 | train (price) MSE=0.000204 MAE=0.010132 RMSE=0.014278 | val (price) MSE=0.000316 MAE=0.013388 RMSE=0.017769
2025-08-26T03:17:15Z - INFO - [train_model] Epoch 016 | train (scaled) MSE: mean=0.006758 med=0.001809 std=0.019982 min=0.000000 max=0.426760 | val (scaled) MSE: mean=0.010489 med=0.003334 std=0.016728 min=0.000018 max=0.098967
2025-08-26T03:17:15Z - INFO - [train_model] Epoch 016 | train (price) MSE=0.000203 MAE=0.010083 RMSE=0.014253 | val (price) MSE=0.000315 MAE=0.013348 RMSE=0.017756
2025-08-26T03:17:16Z - INFO - [train_model] Epoch 017 | train (scaled) MSE: mean=0.006754 med=0.001842 std=0.019939 min=0.000000 max=0.425614 | val (scaled) MSE: mean=0.010492 med=0.003389 std=0.016702 min=0.000019 max=0.098706
2025-08-26T03:17:16Z - INFO - [train_model] Epoch 017 | train (price) MSE=0.000203 MAE=0.010086 RMSE=0.014248 | val (price) MSE=0.000315 MAE=0.013363 RMSE=0.017759
2025-08-26T03:17:17Z - INFO - [train_model] Epoch 018 | train (scaled) MSE: mean=0.006742 med=0.001910 std=0.019904 min=0.000000 max=0.425361 | val (scaled) MSE: mean=0.010480 med=0.003314 std=0.016737 min=0.000015 max=0.099291
2025-08-26T03:17:17Z - INFO - [train_model] Epoch 018 | train (price) MSE=0.000203 MAE=0.010083 RMSE=0.014236 | val (price) MSE=0.000315 MAE=0.013335 RMSE=0.017749
2025-08-26T03:17:18Z - INFO - [train_model] Epoch 019 | train (scaled) MSE: mean=0.006736 med=0.001809 std=0.019934 min=0.000000 max=0.425108 | val (scaled) MSE: mean=0.010485 med=0.003291 std=0.016750 min=0.000015 max=0.099231
2025-08-26T03:17:18Z - INFO - [train_model] Epoch 019 | train (price) MSE=0.000202 MAE=0.010068 RMSE=0.014230 | val (price) MSE=0.000315 MAE=0.013333 RMSE=0.017753
2025-08-26T03:17:19Z - INFO - [train_model] Epoch 020 | train (scaled) MSE: mean=0.006741 med=0.001836 std=0.019873 min=0.000000 max=0.423458 | val (scaled) MSE: mean=0.010464 med=0.003189 std=0.016799 min=0.000006 max=0.100255
2025-08-26T03:17:19Z - INFO - [train_model] Epoch 020 | train (price) MSE=0.000203 MAE=0.010088 RMSE=0.014235 | val (price) MSE=0.000315 MAE=0.013287 RMSE=0.017735
2025-08-26T03:17:19Z - INFO - [train_model] New best (price) val MSE=0.000315 at epoch 20; saved → /home/tbfs/Projects/finBert/output/20250825-231654/saved_weights/BMY/BMY_best-epoch020.pt
2025-08-26T03:17:20Z - INFO - [train_model] Epoch 021 | train (scaled) MSE: mean=0.006725 med=0.001803 std=0.019885 min=0.000000 max=0.423901 | val (scaled) MSE: mean=0.010456 med=0.003143 std=0.016838 min=0.000002 max=0.100833
2025-08-26T03:17:20Z - INFO - [train_model] Epoch 021 | train (price) MSE=0.000202 MAE=0.010069 RMSE=0.014217 | val (price) MSE=0.000314 MAE=0.013259 RMSE=0.017729
2025-08-26T03:17:20Z - INFO - [train_model] New best (price) val MSE=0.000314 at epoch 21; saved → /home/tbfs/Projects/finBert/output/20250825-231654/saved_weights/BMY/BMY_best-epoch021.pt
2025-08-26T03:17:21Z - INFO - [train_model] Epoch 022 | train (scaled) MSE: mean=0.006713 med=0.001808 std=0.019726 min=0.000000 max=0.417871 | val (scaled) MSE: mean=0.010448 med=0.003135 std=0.016849 min=0.000001 max=0.101186
2025-08-26T03:17:21Z - INFO - [train_model] Epoch 022 | train (price) MSE=0.000202 MAE=0.010058 RMSE=0.014205 | val (price) MSE=0.000314 MAE=0.013245 RMSE=0.017722
2025-08-26T03:17:21Z - INFO - [train_model] New best (price) val MSE=0.000314 at epoch 22; saved → /home/tbfs/Projects/finBert/output/20250825-231654/saved_weights/BMY/BMY_best-epoch022.pt
2025-08-26T03:17:22Z - INFO - [train_model] Epoch 023 | train (scaled) MSE: mean=0.006718 med=0.001803 std=0.019816 min=0.000000 max=0.421005 | val (scaled) MSE: mean=0.010446 med=0.003040 std=0.016902 min=0.000000 max=0.101745
2025-08-26T03:17:22Z - INFO - [train_model] Epoch 023 | train (price) MSE=0.000202 MAE=0.010064 RMSE=0.014210 | val (price) MSE=0.000314 MAE=0.013215 RMSE=0.017720
2025-08-26T03:17:22Z - INFO - [train_model] New best (price) val MSE=0.000314 at epoch 23; saved → /home/tbfs/Projects/finBert/output/20250825-231654/saved_weights/BMY/BMY_best-epoch023.pt
2025-08-26T03:17:22Z - INFO - [train_model] Epoch 024 | train (scaled) MSE: mean=0.006696 med=0.001864 std=0.019795 min=0.000000 max=0.421807 | val (scaled) MSE: mean=0.010444 med=0.003046 std=0.016898 min=0.000000 max=0.101788
2025-08-26T03:17:22Z - INFO - [train_model] Epoch 024 | train (price) MSE=0.000201 MAE=0.010054 RMSE=0.014188 | val (price) MSE=0.000314 MAE=0.013214 RMSE=0.017718
2025-08-26T03:17:22Z - INFO - [train_model] New best (price) val MSE=0.000314 at epoch 24; saved → /home/tbfs/Projects/finBert/output/20250825-231654/saved_weights/BMY/BMY_best-epoch024.pt
2025-08-26T03:17:23Z - INFO - [train_model] Epoch 025 | train (scaled) MSE: mean=0.006693 med=0.001811 std=0.019783 min=0.000000 max=0.421094 | val (scaled) MSE: mean=0.010443 med=0.003006 std=0.016921 min=0.000000 max=0.102051
2025-08-26T03:17:23Z - INFO - [train_model] Epoch 025 | train (price) MSE=0.000201 MAE=0.010047 RMSE=0.014184 | val (price) MSE=0.000314 MAE=0.013201 RMSE=0.017717
2025-08-26T03:17:23Z - INFO - [train_model] New best (price) val MSE=0.000314 at epoch 25; saved → /home/tbfs/Projects/finBert/output/20250825-231654/saved_weights/BMY/BMY_best-epoch025.pt
2025-08-26T03:17:24Z - INFO - [train_model] Epoch 026 | train (scaled) MSE: mean=0.006690 med=0.001836 std=0.019738 min=0.000000 max=0.418957 | val (scaled) MSE: mean=0.010442 med=0.003022 std=0.016952 min=0.000000 max=0.102359
2025-08-26T03:17:24Z - INFO - [train_model] Epoch 026 | train (price) MSE=0.000201 MAE=0.010046 RMSE=0.014181 | val (price) MSE=0.000314 MAE=0.013186 RMSE=0.017717
2025-08-26T03:17:24Z - INFO - [train_model] New best (price) val MSE=0.000314 at epoch 26; saved → /home/tbfs/Projects/finBert/output/20250825-231654/saved_weights/BMY/BMY_best-epoch026.pt
2025-08-26T03:17:25Z - INFO - [train_model] Epoch 027 | train (scaled) MSE: mean=0.006683 med=0.001777 std=0.019801 min=0.000000 max=0.421617 | val (scaled) MSE: mean=0.010442 med=0.003018 std=0.016946 min=0.000000 max=0.102329
2025-08-26T03:17:25Z - INFO - [train_model] Epoch 027 | train (price) MSE=0.000201 MAE=0.010035 RMSE=0.014173 | val (price) MSE=0.000314 MAE=0.013188 RMSE=0.017716
2025-08-26T03:17:25Z - INFO - [train_model] New best (price) val MSE=0.000314 at epoch 27; saved → /home/tbfs/Projects/finBert/output/20250825-231654/saved_weights/BMY/BMY_best-epoch027.pt
2025-08-26T03:17:26Z - INFO - [train_model] Epoch 028 | train (scaled) MSE: mean=0.006673 med=0.001816 std=0.019782 min=0.000000 max=0.421149 | val (scaled) MSE: mean=0.010439 med=0.003097 std=0.016980 min=0.000000 max=0.102771
2025-08-26T03:17:26Z - INFO - [train_model] Epoch 028 | train (price) MSE=0.000201 MAE=0.010032 RMSE=0.014162 | val (price) MSE=0.000314 MAE=0.013169 RMSE=0.017714
2025-08-26T03:17:26Z - INFO - [train_model] New best (price) val MSE=0.000314 at epoch 28; saved → /home/tbfs/Projects/finBert/output/20250825-231654/saved_weights/BMY/BMY_best-epoch028.pt
2025-08-26T03:17:27Z - INFO - [train_model] Epoch 029 | train (scaled) MSE: mean=0.006673 med=0.001763 std=0.019756 min=0.000000 max=0.419541 | val (scaled) MSE: mean=0.010437 med=0.003144 std=0.016998 min=0.000000 max=0.103022
2025-08-26T03:17:27Z - INFO - [train_model] Epoch 029 | train (price) MSE=0.000201 MAE=0.010027 RMSE=0.014163 | val (price) MSE=0.000314 MAE=0.013159 RMSE=0.017713
2025-08-26T03:17:27Z - INFO - [train_model] New best (price) val MSE=0.000314 at epoch 29; saved → /home/tbfs/Projects/finBert/output/20250825-231654/saved_weights/BMY/BMY_best-epoch029.pt
2025-08-26T03:17:28Z - INFO - [train_model] Epoch 030 | train (scaled) MSE: mean=0.006672 med=0.001773 std=0.019793 min=0.000000 max=0.421127 | val (scaled) MSE: mean=0.010436 med=0.003156 std=0.017000 min=0.000000 max=0.103087
2025-08-26T03:17:28Z - INFO - [train_model] Epoch 030 | train (price) MSE=0.000201 MAE=0.010024 RMSE=0.014162 | val (price) MSE=0.000314 MAE=0.013157 RMSE=0.017712
2025-08-26T03:17:28Z - INFO - [train_model] New best (price) val MSE=0.000314 at epoch 30; saved → /home/tbfs/Projects/finBert/output/20250825-231654/saved_weights/BMY/BMY_best-epoch030.pt
2025-08-26T03:17:29Z - INFO - [train_model] Epoch 031 | train (scaled) MSE: mean=0.006660 med=0.001782 std=0.019784 min=0.000000 max=0.421162 | val (scaled) MSE: mean=0.010439 med=0.003166 std=0.017015 min=0.000000 max=0.103156
2025-08-26T03:17:29Z - INFO - [train_model] Epoch 031 | train (price) MSE=0.000200 MAE=0.010017 RMSE=0.014149 | val (price) MSE=0.000314 MAE=0.013152 RMSE=0.017714
2025-08-26T03:17:30Z - INFO - [train_model] Epoch 032 | train (scaled) MSE: mean=0.006655 med=0.001776 std=0.019776 min=0.000000 max=0.420959 | val (scaled) MSE: mean=0.010437 med=0.003182 std=0.017016 min=0.000000 max=0.103233
2025-08-26T03:17:30Z - INFO - [train_model] Epoch 032 | train (price) MSE=0.000200 MAE=0.010013 RMSE=0.014144 | val (price) MSE=0.000314 MAE=0.013150 RMSE=0.017712
2025-08-26T03:17:31Z - INFO - [train_model] Epoch 033 | train (scaled) MSE: mean=0.006655 med=0.001761 std=0.019791 min=0.000000 max=0.421021 | val (scaled) MSE: mean=0.010437 med=0.003204 std=0.017029 min=0.000000 max=0.103360
2025-08-26T03:17:31Z - INFO - [train_model] Epoch 033 | train (price) MSE=0.000200 MAE=0.010012 RMSE=0.014144 | val (price) MSE=0.000314 MAE=0.013144 RMSE=0.017713
2025-08-26T03:17:32Z - INFO - [train_model] Epoch 034 | train (scaled) MSE: mean=0.006646 med=0.001748 std=0.019785 min=0.000000 max=0.421189 | val (scaled) MSE: mean=0.010437 med=0.003214 std=0.017033 min=0.000000 max=0.103413
2025-08-26T03:17:32Z - INFO - [train_model] Epoch 034 | train (price) MSE=0.000200 MAE=0.010006 RMSE=0.014134 | val (price) MSE=0.000314 MAE=0.013142 RMSE=0.017713
2025-08-26T03:17:33Z - INFO - [train_model] Epoch 035 | train (scaled) MSE: mean=0.006642 med=0.001753 std=0.019782 min=0.000000 max=0.421091 | val (scaled) MSE: mean=0.010437 med=0.003224 std=0.017039 min=0.000000 max=0.103472
2025-08-26T03:17:33Z - INFO - [train_model] Epoch 035 | train (price) MSE=0.000200 MAE=0.010002 RMSE=0.014130 | val (price) MSE=0.000314 MAE=0.013140 RMSE=0.017713
2025-08-26T03:17:34Z - INFO - [train_model] Epoch 036 | train (scaled) MSE: mean=0.006638 med=0.001761 std=0.019766 min=0.000000 max=0.420586 | val (scaled) MSE: mean=0.010438 med=0.003229 std=0.017042 min=0.000000 max=0.103500
2025-08-26T03:17:34Z - INFO - [train_model] Epoch 036 | train (price) MSE=0.000200 MAE=0.009999 RMSE=0.014125 | val (price) MSE=0.000314 MAE=0.013139 RMSE=0.017713
2025-08-26T03:17:35Z - INFO - [train_model] Epoch 037 | train (scaled) MSE: mean=0.006637 med=0.001735 std=0.019786 min=0.000000 max=0.421253 | val (scaled) MSE: mean=0.010437 med=0.003232 std=0.017043 min=0.000000 max=0.103516
2025-08-26T03:17:35Z - INFO - [train_model] Epoch 037 | train (price) MSE=0.000199 MAE=0.009999 RMSE=0.014124 | val (price) MSE=0.000314 MAE=0.013139 RMSE=0.017713
2025-08-26T03:17:36Z - INFO - [train_model] Epoch 038 | train (scaled) MSE: mean=0.006632 med=0.001742 std=0.019788 min=0.000000 max=0.421273 | val (scaled) MSE: mean=0.010437 med=0.003236 std=0.017045 min=0.000000 max=0.103534
2025-08-26T03:17:36Z - INFO - [train_model] Epoch 038 | train (price) MSE=0.000199 MAE=0.009993 RMSE=0.014119 | val (price) MSE=0.000314 MAE=0.013138 RMSE=0.017713
2025-08-26T03:17:37Z - INFO - [train_model] Epoch 039 | train (scaled) MSE: mean=0.006629 med=0.001746 std=0.019787 min=0.000000 max=0.421427 | val (scaled) MSE: mean=0.010438 med=0.003241 std=0.017048 min=0.000000 max=0.103564
2025-08-26T03:17:37Z - INFO - [train_model] Epoch 039 | train (price) MSE=0.000199 MAE=0.009992 RMSE=0.014116 | val (price) MSE=0.000314 MAE=0.013137 RMSE=0.017713
2025-08-26T03:17:38Z - INFO - [train_model] Epoch 040 | train (scaled) MSE: mean=0.006628 med=0.001747 std=0.019790 min=0.000000 max=0.421421 | val (scaled) MSE: mean=0.010438 med=0.003247 std=0.017052 min=0.000000 max=0.103600
2025-08-26T03:17:38Z - INFO - [train_model] Epoch 040 | train (price) MSE=0.000199 MAE=0.009991 RMSE=0.014114 | val (price) MSE=0.000314 MAE=0.013136 RMSE=0.017713
2025-08-26T03:17:39Z - INFO - [train_model] Epoch 041 | train (scaled) MSE: mean=0.006627 med=0.001752 std=0.019792 min=0.000000 max=0.421441 | val (scaled) MSE: mean=0.010438 med=0.003248 std=0.017052 min=0.000000 max=0.103604
2025-08-26T03:17:39Z - INFO - [train_model] Epoch 041 | train (price) MSE=0.000199 MAE=0.009990 RMSE=0.014114 | val (price) MSE=0.000314 MAE=0.013136 RMSE=0.017713
2025-08-26T03:17:40Z - INFO - [train_model] Epoch 042 | train (scaled) MSE: mean=0.006625 med=0.001750 std=0.019793 min=0.000000 max=0.421480 | val (scaled) MSE: mean=0.010438 med=0.003250 std=0.017053 min=0.000000 max=0.103613
2025-08-26T03:17:40Z - INFO - [train_model] Epoch 042 | train (price) MSE=0.000199 MAE=0.009989 RMSE=0.014112 | val (price) MSE=0.000314 MAE=0.013135 RMSE=0.017713
2025-08-26T03:17:41Z - INFO - [train_model] Epoch 043 | train (scaled) MSE: mean=0.006624 med=0.001750 std=0.019794 min=0.000000 max=0.421524 | val (scaled) MSE: mean=0.010438 med=0.003252 std=0.017055 min=0.000000 max=0.103626
2025-08-26T03:17:41Z - INFO - [train_model] Epoch 043 | train (price) MSE=0.000199 MAE=0.009987 RMSE=0.014111 | val (price) MSE=0.000314 MAE=0.013135 RMSE=0.017713
2025-08-26T03:17:42Z - INFO - [train_model] Epoch 044 | train (scaled) MSE: mean=0.006623 med=0.001751 std=0.019795 min=0.000000 max=0.421568 | val (scaled) MSE: mean=0.010438 med=0.003254 std=0.017055 min=0.000000 max=0.103635
2025-08-26T03:17:42Z - INFO - [train_model] Epoch 044 | train (price) MSE=0.000199 MAE=0.009986 RMSE=0.014110 | val (price) MSE=0.000314 MAE=0.013134 RMSE=0.017713
2025-08-26T03:17:43Z - INFO - [train_model] Epoch 045 | train (scaled) MSE: mean=0.006623 med=0.001750 std=0.019797 min=0.000000 max=0.421595 | val (scaled) MSE: mean=0.010438 med=0.003253 std=0.017055 min=0.000000 max=0.103632
2025-08-26T03:17:43Z - INFO - [train_model] Epoch 045 | train (price) MSE=0.000199 MAE=0.009986 RMSE=0.014110 | val (price) MSE=0.000314 MAE=0.013135 RMSE=0.017713
2025-08-26T03:17:44Z - INFO - [train_model] Epoch 046 | train (scaled) MSE: mean=0.006623 med=0.001751 std=0.019796 min=0.000000 max=0.421596 | val (scaled) MSE: mean=0.010438 med=0.003255 std=0.017056 min=0.000000 max=0.103643
2025-08-26T03:17:44Z - INFO - [train_model] Epoch 046 | train (price) MSE=0.000199 MAE=0.009986 RMSE=0.014109 | val (price) MSE=0.000314 MAE=0.013134 RMSE=0.017713
2025-08-26T03:17:45Z - INFO - [train_model] Epoch 047 | train (scaled) MSE: mean=0.006622 med=0.001746 std=0.019798 min=0.000000 max=0.421634 | val (scaled) MSE: mean=0.010438 med=0.003251 std=0.017054 min=0.000000 max=0.103622
2025-08-26T03:17:45Z - INFO - [train_model] Epoch 047 | train (price) MSE=0.000199 MAE=0.009985 RMSE=0.014109 | val (price) MSE=0.000314 MAE=0.013135 RMSE=0.017713
2025-08-26T03:17:46Z - INFO - [train_model] Epoch 048 | train (scaled) MSE: mean=0.006622 med=0.001746 std=0.019798 min=0.000000 max=0.421632 | val (scaled) MSE: mean=0.010438 med=0.003253 std=0.017055 min=0.000000 max=0.103631
2025-08-26T03:17:46Z - INFO - [train_model] Epoch 048 | train (price) MSE=0.000199 MAE=0.009985 RMSE=0.014109 | val (price) MSE=0.000314 MAE=0.013135 RMSE=0.017713
2025-08-26T03:17:47Z - INFO - [train_model] Epoch 049 | train (scaled) MSE: mean=0.006622 med=0.001747 std=0.019798 min=0.000000 max=0.421638 | val (scaled) MSE: mean=0.010438 med=0.003254 std=0.017056 min=0.000000 max=0.103636
2025-08-26T03:17:47Z - INFO - [train_model] Epoch 049 | train (price) MSE=0.000199 MAE=0.009985 RMSE=0.014109 | val (price) MSE=0.000314 MAE=0.013134 RMSE=0.017713
2025-08-26T03:17:48Z - INFO - [train_model] Epoch 050 | train (scaled) MSE: mean=0.006622 med=0.001742 std=0.019799 min=0.000000 max=0.421665 | val (scaled) MSE: mean=0.010438 med=0.003254 std=0.017056 min=0.000000 max=0.103639
2025-08-26T03:17:48Z - INFO - [train_model] Epoch 050 | train (price) MSE=0.000199 MAE=0.009985 RMSE=0.014108 | val (price) MSE=0.000314 MAE=0.013134 RMSE=0.017713
2025-08-26T03:17:49Z - INFO - [train_model] Epoch 051 | train (scaled) MSE: mean=0.006622 med=0.001741 std=0.019799 min=0.000000 max=0.421685 | val (scaled) MSE: mean=0.010438 med=0.003254 std=0.017056 min=0.000000 max=0.103638
2025-08-26T03:17:49Z - INFO - [train_model] Epoch 051 | train (price) MSE=0.000199 MAE=0.009984 RMSE=0.014108 | val (price) MSE=0.000314 MAE=0.013134 RMSE=0.017713
2025-08-26T03:17:50Z - INFO - [train_model] Epoch 052 | train (scaled) MSE: mean=0.006621 med=0.001739 std=0.019800 min=0.000000 max=0.421704 | val (scaled) MSE: mean=0.010438 med=0.003254 std=0.017056 min=0.000000 max=0.103636
2025-08-26T03:17:50Z - INFO - [train_model] Epoch 052 | train (price) MSE=0.000199 MAE=0.009984 RMSE=0.014108 | val (price) MSE=0.000314 MAE=0.013134 RMSE=0.017713
2025-08-26T03:17:51Z - INFO - [train_model] Epoch 053 | train (scaled) MSE: mean=0.006621 med=0.001738 std=0.019801 min=0.000000 max=0.421713 | val (scaled) MSE: mean=0.010438 med=0.003254 std=0.017056 min=0.000000 max=0.103636
2025-08-26T03:17:51Z - INFO - [train_model] Epoch 053 | train (price) MSE=0.000199 MAE=0.009984 RMSE=0.014108 | val (price) MSE=0.000314 MAE=0.013134 RMSE=0.017713
2025-08-26T03:17:52Z - INFO - [train_model] Epoch 054 | train (scaled) MSE: mean=0.006621 med=0.001742 std=0.019800 min=0.000000 max=0.421685 | val (scaled) MSE: mean=0.010438 med=0.003254 std=0.017056 min=0.000000 max=0.103639
2025-08-26T03:17:52Z - INFO - [train_model] Epoch 054 | train (price) MSE=0.000199 MAE=0.009984 RMSE=0.014108 | val (price) MSE=0.000314 MAE=0.013134 RMSE=0.017713
2025-08-26T03:17:52Z - INFO - [train_model] Epoch 055 | train (scaled) MSE: mean=0.006621 med=0.001737 std=0.019801 min=0.000000 max=0.421726 | val (scaled) MSE: mean=0.010438 med=0.003253 std=0.017055 min=0.000000 max=0.103634
2025-08-26T03:17:52Z - INFO - [train_model] Epoch 055 | train (price) MSE=0.000199 MAE=0.009984 RMSE=0.014108 | val (price) MSE=0.000314 MAE=0.013134 RMSE=0.017713
2025-08-26T03:17:53Z - INFO - [train_model] Epoch 056 | train (scaled) MSE: mean=0.006621 med=0.001734 std=0.019801 min=0.000000 max=0.421742 | val (scaled) MSE: mean=0.010438 med=0.003254 std=0.017056 min=0.000000 max=0.103638
2025-08-26T03:17:53Z - INFO - [train_model] Epoch 056 | train (price) MSE=0.000199 MAE=0.009984 RMSE=0.014107 | val (price) MSE=0.000314 MAE=0.013134 RMSE=0.017713
2025-08-26T03:17:54Z - INFO - [train_model] Epoch 057 | train (scaled) MSE: mean=0.006621 med=0.001734 std=0.019802 min=0.000000 max=0.421755 | val (scaled) MSE: mean=0.010438 med=0.003254 std=0.017055 min=0.000000 max=0.103635
2025-08-26T03:17:54Z - INFO - [train_model] Epoch 057 | train (price) MSE=0.000199 MAE=0.009983 RMSE=0.014107 | val (price) MSE=0.000314 MAE=0.013134 RMSE=0.017713
2025-08-26T03:17:55Z - INFO - [train_model] Epoch 058 | train (scaled) MSE: mean=0.006621 med=0.001734 std=0.019802 min=0.000000 max=0.421754 | val (scaled) MSE: mean=0.010438 med=0.003253 std=0.017055 min=0.000000 max=0.103634
2025-08-26T03:17:55Z - INFO - [train_model] Epoch 058 | train (price) MSE=0.000199 MAE=0.009983 RMSE=0.014107 | val (price) MSE=0.000314 MAE=0.013134 RMSE=0.017713
2025-08-26T03:17:56Z - INFO - [train_model] Epoch 059 | train (scaled) MSE: mean=0.006621 med=0.001735 std=0.019802 min=0.000000 max=0.421776 | val (scaled) MSE: mean=0.010438 med=0.003250 std=0.017053 min=0.000000 max=0.103613
2025-08-26T03:17:56Z - INFO - [train_model] Epoch 059 | train (price) MSE=0.000199 MAE=0.009983 RMSE=0.014107 | val (price) MSE=0.000314 MAE=0.013135 RMSE=0.017713
2025-08-26T03:17:57Z - INFO - [train_model] Epoch 060 | train (scaled) MSE: mean=0.006620 med=0.001733 std=0.019802 min=0.000000 max=0.421757 | val (scaled) MSE: mean=0.010438 med=0.003253 std=0.017055 min=0.000000 max=0.103629
2025-08-26T03:17:57Z - INFO - [train_model] Epoch 060 | train (price) MSE=0.000199 MAE=0.009983 RMSE=0.014107 | val (price) MSE=0.000314 MAE=0.013135 RMSE=0.017713
2025-08-26T03:17:58Z - INFO - [train_model] Epoch 061 | train (scaled) MSE: mean=0.006620 med=0.001734 std=0.019803 min=0.000000 max=0.421777 | val (scaled) MSE: mean=0.010438 med=0.003251 std=0.017054 min=0.000000 max=0.103623
2025-08-26T03:17:58Z - INFO - [train_model] Epoch 061 | train (price) MSE=0.000199 MAE=0.009983 RMSE=0.014107 | val (price) MSE=0.000314 MAE=0.013135 RMSE=0.017713
2025-08-26T03:17:59Z - INFO - [train_model] Epoch 062 | train (scaled) MSE: mean=0.006620 med=0.001733 std=0.019803 min=0.000000 max=0.421792 | val (scaled) MSE: mean=0.010438 med=0.003254 std=0.017055 min=0.000000 max=0.103635
2025-08-26T03:17:59Z - INFO - [train_model] Epoch 062 | train (price) MSE=0.000199 MAE=0.009983 RMSE=0.014107 | val (price) MSE=0.000314 MAE=0.013134 RMSE=0.017713
2025-08-26T03:18:00Z - INFO - [train_model] Epoch 063 | train (scaled) MSE: mean=0.006620 med=0.001732 std=0.019803 min=0.000000 max=0.421804 | val (scaled) MSE: mean=0.010438 med=0.003254 std=0.017056 min=0.000000 max=0.103638
2025-08-26T03:18:00Z - INFO - [train_model] Epoch 063 | train (price) MSE=0.000199 MAE=0.009982 RMSE=0.014106 | val (price) MSE=0.000314 MAE=0.013134 RMSE=0.017713
2025-08-26T03:18:01Z - INFO - [train_model] Epoch 064 | train (scaled) MSE: mean=0.006620 med=0.001733 std=0.019804 min=0.000000 max=0.421825 | val (scaled) MSE: mean=0.010438 med=0.003253 std=0.017055 min=0.000000 max=0.103633
2025-08-26T03:18:01Z - INFO - [train_model] Epoch 064 | train (price) MSE=0.000199 MAE=0.009982 RMSE=0.014106 | val (price) MSE=0.000314 MAE=0.013134 RMSE=0.017713
2025-08-26T03:18:02Z - INFO - [train_model] Epoch 065 | train (scaled) MSE: mean=0.006620 med=0.001732 std=0.019805 min=0.000000 max=0.421837 | val (scaled) MSE: mean=0.010438 med=0.003253 std=0.017055 min=0.000000 max=0.103630
2025-08-26T03:18:02Z - INFO - [train_model] Epoch 065 | train (price) MSE=0.000199 MAE=0.009982 RMSE=0.014106 | val (price) MSE=0.000314 MAE=0.013135 RMSE=0.017713
2025-08-26T03:18:03Z - INFO - [train_model] Epoch 066 | train (scaled) MSE: mean=0.006619 med=0.001733 std=0.019804 min=0.000000 max=0.421832 | val (scaled) MSE: mean=0.010438 med=0.003253 std=0.017055 min=0.000000 max=0.103634
2025-08-26T03:18:03Z - INFO - [train_model] Epoch 066 | train (price) MSE=0.000199 MAE=0.009982 RMSE=0.014106 | val (price) MSE=0.000314 MAE=0.013134 RMSE=0.017713
2025-08-26T03:18:04Z - INFO - [train_model] Epoch 067 | train (scaled) MSE: mean=0.006619 med=0.001732 std=0.019805 min=0.000000 max=0.421835 | val (scaled) MSE: mean=0.010438 med=0.003252 std=0.017055 min=0.000000 max=0.103627
2025-08-26T03:18:04Z - INFO - [train_model] Epoch 067 | train (price) MSE=0.000199 MAE=0.009982 RMSE=0.014106 | val (price) MSE=0.000314 MAE=0.013135 RMSE=0.017713
2025-08-26T03:18:05Z - INFO - [train_model] Epoch 068 | train (scaled) MSE: mean=0.006620 med=0.001734 std=0.019804 min=0.000000 max=0.421842 | val (scaled) MSE: mean=0.010438 med=0.003253 std=0.017055 min=0.000000 max=0.103632
2025-08-26T03:18:05Z - INFO - [train_model] Epoch 068 | train (price) MSE=0.000199 MAE=0.009982 RMSE=0.014106 | val (price) MSE=0.000314 MAE=0.013135 RMSE=0.017713
2025-08-26T03:18:06Z - INFO - [train_model] Epoch 069 | train (scaled) MSE: mean=0.006619 med=0.001732 std=0.019805 min=0.000000 max=0.421857 | val (scaled) MSE: mean=0.010438 med=0.003255 std=0.017056 min=0.000000 max=0.103642
2025-08-26T03:18:06Z - INFO - [train_model] Epoch 069 | train (price) MSE=0.000199 MAE=0.009982 RMSE=0.014105 | val (price) MSE=0.000314 MAE=0.013134 RMSE=0.017713
2025-08-26T03:18:07Z - INFO - [train_model] Epoch 070 | train (scaled) MSE: mean=0.006619 med=0.001733 std=0.019805 min=0.000000 max=0.421871 | val (scaled) MSE: mean=0.010438 med=0.003254 std=0.017056 min=0.000000 max=0.103639
2025-08-26T03:18:07Z - INFO - [train_model] Epoch 070 | train (price) MSE=0.000199 MAE=0.009981 RMSE=0.014105 | val (price) MSE=0.000314 MAE=0.013134 RMSE=0.017713
2025-08-26T03:18:07Z - INFO - [train_model] Early stopping at epoch 70 (best price val MSE=0.000314 @ epoch 30)
2025-08-26T03:18:08Z - INFO - [visualize_full_prediction] Saved full prediction plot for BMY to output/20250825-231654/plots/BMY_lstm_full_returns_prediction.png
2025-08-26T03:18:08Z - INFO - [visualize_sentiment] Saved sentiment plot for BMY to output/20250825-231654/plots/BMY_sentiment.png
2025-08-26T03:18:08Z - INFO - [train] [BMY] Test (price) MSE=0.000184 | MAE=0.010737 | RMSE=0.013554 (scaled MSE=0.006112)
2025-08-26T03:18:08Z - INFO - [train] [BMY] Final (price) Train MSE=0.000199 | Val MSE=0.000314 (scaled Train MSE=0.006619 | Val MSE=0.010438)
2025-08-26T03:18:08Z - INFO - [train] [BMY] Best epoch=30 | Best (price) Train MSE=0.000201 | Best (price) Val MSE=0.000314 | Saved at=/home/tbfs/Projects/finBert/output/20250825-231654/saved_weights/BMY/BMY_best-epoch030.pt
2025-08-26T03:18:08Z - INFO - [train] Wrote evaluation summary → output/20250825-231654/evaluation.json
